[2026-03-01T14:14:42.430+0530] {processor.py:186} INFO - Started process (PID=212691) to work on /home/jenny/.local/lib/python3.13/site-packages/airflow/example_dags/plugins/decreasing_priority_weight_strategy.py
[2026-03-01T14:14:42.431+0530] {processor.py:914} INFO - Processing file /home/jenny/.local/lib/python3.13/site-packages/airflow/example_dags/plugins/decreasing_priority_weight_strategy.py for tasks to queue
[2026-03-01T14:14:42.434+0530] {logging_mixin.py:190} INFO - [2026-03-01T14:14:42.434+0530] {dagbag.py:588} INFO - Filling up the DagBag from /home/jenny/.local/lib/python3.13/site-packages/airflow/example_dags/plugins/decreasing_priority_weight_strategy.py
[2026-03-01T14:14:42.437+0530] {processor.py:927} WARNING - No viable dags retrieved from /home/jenny/.local/lib/python3.13/site-packages/airflow/example_dags/plugins/decreasing_priority_weight_strategy.py
[2026-03-01T14:14:42.443+0530] {processor.py:208} INFO - Processing /home/jenny/.local/lib/python3.13/site-packages/airflow/example_dags/plugins/decreasing_priority_weight_strategy.py took 0.018 seconds
[2026-03-01T14:15:46.625+0530] {processor.py:186} INFO - Started process (PID=213364) to work on /home/jenny/.local/lib/python3.13/site-packages/airflow/example_dags/plugins/decreasing_priority_weight_strategy.py
[2026-03-01T14:15:46.626+0530] {processor.py:914} INFO - Processing file /home/jenny/.local/lib/python3.13/site-packages/airflow/example_dags/plugins/decreasing_priority_weight_strategy.py for tasks to queue
[2026-03-01T14:15:46.629+0530] {logging_mixin.py:190} INFO - [2026-03-01T14:15:46.628+0530] {dagbag.py:588} INFO - Filling up the DagBag from /home/jenny/.local/lib/python3.13/site-packages/airflow/example_dags/plugins/decreasing_priority_weight_strategy.py
[2026-03-01T14:15:46.631+0530] {processor.py:927} WARNING - No viable dags retrieved from /home/jenny/.local/lib/python3.13/site-packages/airflow/example_dags/plugins/decreasing_priority_weight_strategy.py
[2026-03-01T14:15:46.638+0530] {processor.py:208} INFO - Processing /home/jenny/.local/lib/python3.13/site-packages/airflow/example_dags/plugins/decreasing_priority_weight_strategy.py took 0.017 seconds
[2026-03-01T14:16:41.856+0530] {processor.py:186} INFO - Started process (PID=214118) to work on /home/jenny/.local/lib/python3.13/site-packages/airflow/example_dags/plugins/decreasing_priority_weight_strategy.py
[2026-03-01T14:16:41.857+0530] {processor.py:914} INFO - Processing file /home/jenny/.local/lib/python3.13/site-packages/airflow/example_dags/plugins/decreasing_priority_weight_strategy.py for tasks to queue
[2026-03-01T14:16:41.859+0530] {logging_mixin.py:190} INFO - [2026-03-01T14:16:41.858+0530] {dagbag.py:588} INFO - Filling up the DagBag from /home/jenny/.local/lib/python3.13/site-packages/airflow/example_dags/plugins/decreasing_priority_weight_strategy.py
[2026-03-01T14:16:41.861+0530] {processor.py:927} WARNING - No viable dags retrieved from /home/jenny/.local/lib/python3.13/site-packages/airflow/example_dags/plugins/decreasing_priority_weight_strategy.py
[2026-03-01T14:16:41.867+0530] {processor.py:208} INFO - Processing /home/jenny/.local/lib/python3.13/site-packages/airflow/example_dags/plugins/decreasing_priority_weight_strategy.py took 0.014 seconds
[2026-03-01T14:17:35.430+0530] {processor.py:186} INFO - Started process (PID=215162) to work on /home/jenny/.local/lib/python3.13/site-packages/airflow/example_dags/plugins/decreasing_priority_weight_strategy.py
[2026-03-01T14:17:35.431+0530] {processor.py:914} INFO - Processing file /home/jenny/.local/lib/python3.13/site-packages/airflow/example_dags/plugins/decreasing_priority_weight_strategy.py for tasks to queue
[2026-03-01T14:17:35.434+0530] {logging_mixin.py:190} INFO - [2026-03-01T14:17:35.434+0530] {dagbag.py:588} INFO - Filling up the DagBag from /home/jenny/.local/lib/python3.13/site-packages/airflow/example_dags/plugins/decreasing_priority_weight_strategy.py
[2026-03-01T14:17:35.436+0530] {processor.py:927} WARNING - No viable dags retrieved from /home/jenny/.local/lib/python3.13/site-packages/airflow/example_dags/plugins/decreasing_priority_weight_strategy.py
[2026-03-01T14:17:35.443+0530] {processor.py:208} INFO - Processing /home/jenny/.local/lib/python3.13/site-packages/airflow/example_dags/plugins/decreasing_priority_weight_strategy.py took 0.019 seconds
[2026-03-01T14:18:00.308+0530] {processor.py:186} INFO - Started process (PID=215562) to work on /home/jenny/.local/lib/python3.13/site-packages/airflow/example_dags/plugins/decreasing_priority_weight_strategy.py
[2026-03-01T14:18:00.309+0530] {processor.py:914} INFO - Processing file /home/jenny/.local/lib/python3.13/site-packages/airflow/example_dags/plugins/decreasing_priority_weight_strategy.py for tasks to queue
[2026-03-01T14:18:00.312+0530] {logging_mixin.py:190} INFO - [2026-03-01T14:18:00.312+0530] {dagbag.py:588} INFO - Filling up the DagBag from /home/jenny/.local/lib/python3.13/site-packages/airflow/example_dags/plugins/decreasing_priority_weight_strategy.py
[2026-03-01T14:18:00.315+0530] {processor.py:927} WARNING - No viable dags retrieved from /home/jenny/.local/lib/python3.13/site-packages/airflow/example_dags/plugins/decreasing_priority_weight_strategy.py
[2026-03-01T14:18:00.321+0530] {processor.py:208} INFO - Processing /home/jenny/.local/lib/python3.13/site-packages/airflow/example_dags/plugins/decreasing_priority_weight_strategy.py took 0.019 seconds
[2026-03-01T14:19:02.411+0530] {processor.py:186} INFO - Started process (PID=215971) to work on /home/jenny/.local/lib/python3.13/site-packages/airflow/example_dags/plugins/decreasing_priority_weight_strategy.py
[2026-03-01T14:19:02.411+0530] {processor.py:914} INFO - Processing file /home/jenny/.local/lib/python3.13/site-packages/airflow/example_dags/plugins/decreasing_priority_weight_strategy.py for tasks to queue
[2026-03-01T14:19:02.414+0530] {logging_mixin.py:190} INFO - [2026-03-01T14:19:02.413+0530] {dagbag.py:588} INFO - Filling up the DagBag from /home/jenny/.local/lib/python3.13/site-packages/airflow/example_dags/plugins/decreasing_priority_weight_strategy.py
[2026-03-01T14:19:02.416+0530] {processor.py:927} WARNING - No viable dags retrieved from /home/jenny/.local/lib/python3.13/site-packages/airflow/example_dags/plugins/decreasing_priority_weight_strategy.py
[2026-03-01T14:19:02.422+0530] {processor.py:208} INFO - Processing /home/jenny/.local/lib/python3.13/site-packages/airflow/example_dags/plugins/decreasing_priority_weight_strategy.py took 0.015 seconds
[2026-03-01T14:20:01.006+0530] {processor.py:186} INFO - Started process (PID=216626) to work on /home/jenny/.local/lib/python3.13/site-packages/airflow/example_dags/plugins/decreasing_priority_weight_strategy.py
[2026-03-01T14:20:01.007+0530] {processor.py:914} INFO - Processing file /home/jenny/.local/lib/python3.13/site-packages/airflow/example_dags/plugins/decreasing_priority_weight_strategy.py for tasks to queue
[2026-03-01T14:20:01.008+0530] {logging_mixin.py:190} INFO - [2026-03-01T14:20:01.008+0530] {dagbag.py:588} INFO - Filling up the DagBag from /home/jenny/.local/lib/python3.13/site-packages/airflow/example_dags/plugins/decreasing_priority_weight_strategy.py
[2026-03-01T14:20:01.010+0530] {processor.py:927} WARNING - No viable dags retrieved from /home/jenny/.local/lib/python3.13/site-packages/airflow/example_dags/plugins/decreasing_priority_weight_strategy.py
[2026-03-01T14:20:01.016+0530] {processor.py:208} INFO - Processing /home/jenny/.local/lib/python3.13/site-packages/airflow/example_dags/plugins/decreasing_priority_weight_strategy.py took 0.014 seconds
[2026-03-01T14:20:57.225+0530] {processor.py:186} INFO - Started process (PID=216803) to work on /home/jenny/.local/lib/python3.13/site-packages/airflow/example_dags/plugins/decreasing_priority_weight_strategy.py
[2026-03-01T14:20:57.225+0530] {processor.py:914} INFO - Processing file /home/jenny/.local/lib/python3.13/site-packages/airflow/example_dags/plugins/decreasing_priority_weight_strategy.py for tasks to queue
[2026-03-01T14:20:57.227+0530] {logging_mixin.py:190} INFO - [2026-03-01T14:20:57.227+0530] {dagbag.py:588} INFO - Filling up the DagBag from /home/jenny/.local/lib/python3.13/site-packages/airflow/example_dags/plugins/decreasing_priority_weight_strategy.py
[2026-03-01T14:20:57.229+0530] {processor.py:927} WARNING - No viable dags retrieved from /home/jenny/.local/lib/python3.13/site-packages/airflow/example_dags/plugins/decreasing_priority_weight_strategy.py
[2026-03-01T14:20:57.236+0530] {processor.py:208} INFO - Processing /home/jenny/.local/lib/python3.13/site-packages/airflow/example_dags/plugins/decreasing_priority_weight_strategy.py took 0.015 seconds
[2026-03-01T14:21:55.038+0530] {processor.py:186} INFO - Started process (PID=216950) to work on /home/jenny/.local/lib/python3.13/site-packages/airflow/example_dags/plugins/decreasing_priority_weight_strategy.py
[2026-03-01T14:21:55.040+0530] {processor.py:914} INFO - Processing file /home/jenny/.local/lib/python3.13/site-packages/airflow/example_dags/plugins/decreasing_priority_weight_strategy.py for tasks to queue
[2026-03-01T14:21:55.043+0530] {logging_mixin.py:190} INFO - [2026-03-01T14:21:55.042+0530] {dagbag.py:588} INFO - Filling up the DagBag from /home/jenny/.local/lib/python3.13/site-packages/airflow/example_dags/plugins/decreasing_priority_weight_strategy.py
[2026-03-01T14:21:55.045+0530] {processor.py:927} WARNING - No viable dags retrieved from /home/jenny/.local/lib/python3.13/site-packages/airflow/example_dags/plugins/decreasing_priority_weight_strategy.py
[2026-03-01T14:21:55.052+0530] {processor.py:208} INFO - Processing /home/jenny/.local/lib/python3.13/site-packages/airflow/example_dags/plugins/decreasing_priority_weight_strategy.py took 0.020 seconds
[2026-03-01T14:22:47.338+0530] {processor.py:186} INFO - Started process (PID=218772) to work on /home/jenny/.local/lib/python3.13/site-packages/airflow/example_dags/plugins/decreasing_priority_weight_strategy.py
[2026-03-01T14:22:47.339+0530] {processor.py:914} INFO - Processing file /home/jenny/.local/lib/python3.13/site-packages/airflow/example_dags/plugins/decreasing_priority_weight_strategy.py for tasks to queue
[2026-03-01T14:22:47.342+0530] {logging_mixin.py:190} INFO - [2026-03-01T14:22:47.341+0530] {dagbag.py:588} INFO - Filling up the DagBag from /home/jenny/.local/lib/python3.13/site-packages/airflow/example_dags/plugins/decreasing_priority_weight_strategy.py
[2026-03-01T14:22:47.344+0530] {processor.py:927} WARNING - No viable dags retrieved from /home/jenny/.local/lib/python3.13/site-packages/airflow/example_dags/plugins/decreasing_priority_weight_strategy.py
[2026-03-01T14:22:47.351+0530] {processor.py:208} INFO - Processing /home/jenny/.local/lib/python3.13/site-packages/airflow/example_dags/plugins/decreasing_priority_weight_strategy.py took 0.020 seconds
[2026-03-01T14:23:43.138+0530] {processor.py:186} INFO - Started process (PID=219940) to work on /home/jenny/.local/lib/python3.13/site-packages/airflow/example_dags/plugins/decreasing_priority_weight_strategy.py
[2026-03-01T14:23:43.139+0530] {processor.py:914} INFO - Processing file /home/jenny/.local/lib/python3.13/site-packages/airflow/example_dags/plugins/decreasing_priority_weight_strategy.py for tasks to queue
[2026-03-01T14:23:43.140+0530] {logging_mixin.py:190} INFO - [2026-03-01T14:23:43.140+0530] {dagbag.py:588} INFO - Filling up the DagBag from /home/jenny/.local/lib/python3.13/site-packages/airflow/example_dags/plugins/decreasing_priority_weight_strategy.py
[2026-03-01T14:23:43.142+0530] {processor.py:927} WARNING - No viable dags retrieved from /home/jenny/.local/lib/python3.13/site-packages/airflow/example_dags/plugins/decreasing_priority_weight_strategy.py
[2026-03-01T14:23:43.148+0530] {processor.py:208} INFO - Processing /home/jenny/.local/lib/python3.13/site-packages/airflow/example_dags/plugins/decreasing_priority_weight_strategy.py took 0.014 seconds
[2026-03-01T14:24:43.950+0530] {processor.py:186} INFO - Started process (PID=220747) to work on /home/jenny/.local/lib/python3.13/site-packages/airflow/example_dags/plugins/decreasing_priority_weight_strategy.py
[2026-03-01T14:24:43.951+0530] {processor.py:914} INFO - Processing file /home/jenny/.local/lib/python3.13/site-packages/airflow/example_dags/plugins/decreasing_priority_weight_strategy.py for tasks to queue
[2026-03-01T14:24:43.954+0530] {logging_mixin.py:190} INFO - [2026-03-01T14:24:43.953+0530] {dagbag.py:588} INFO - Filling up the DagBag from /home/jenny/.local/lib/python3.13/site-packages/airflow/example_dags/plugins/decreasing_priority_weight_strategy.py
[2026-03-01T14:24:43.956+0530] {processor.py:927} WARNING - No viable dags retrieved from /home/jenny/.local/lib/python3.13/site-packages/airflow/example_dags/plugins/decreasing_priority_weight_strategy.py
[2026-03-01T14:24:43.963+0530] {processor.py:208} INFO - Processing /home/jenny/.local/lib/python3.13/site-packages/airflow/example_dags/plugins/decreasing_priority_weight_strategy.py took 0.018 seconds
[2026-03-01T14:25:33.663+0530] {processor.py:186} INFO - Started process (PID=223735) to work on /home/jenny/.local/lib/python3.13/site-packages/airflow/example_dags/plugins/decreasing_priority_weight_strategy.py
[2026-03-01T14:25:33.664+0530] {processor.py:914} INFO - Processing file /home/jenny/.local/lib/python3.13/site-packages/airflow/example_dags/plugins/decreasing_priority_weight_strategy.py for tasks to queue
[2026-03-01T14:25:33.666+0530] {logging_mixin.py:190} INFO - [2026-03-01T14:25:33.666+0530] {dagbag.py:588} INFO - Filling up the DagBag from /home/jenny/.local/lib/python3.13/site-packages/airflow/example_dags/plugins/decreasing_priority_weight_strategy.py
[2026-03-01T14:25:33.668+0530] {processor.py:927} WARNING - No viable dags retrieved from /home/jenny/.local/lib/python3.13/site-packages/airflow/example_dags/plugins/decreasing_priority_weight_strategy.py
[2026-03-01T14:25:33.676+0530] {processor.py:208} INFO - Processing /home/jenny/.local/lib/python3.13/site-packages/airflow/example_dags/plugins/decreasing_priority_weight_strategy.py took 0.017 seconds
[2026-03-01T14:26:30.240+0530] {processor.py:186} INFO - Started process (PID=225680) to work on /home/jenny/.local/lib/python3.13/site-packages/airflow/example_dags/plugins/decreasing_priority_weight_strategy.py
[2026-03-01T14:26:30.241+0530] {processor.py:914} INFO - Processing file /home/jenny/.local/lib/python3.13/site-packages/airflow/example_dags/plugins/decreasing_priority_weight_strategy.py for tasks to queue
[2026-03-01T14:26:30.242+0530] {logging_mixin.py:190} INFO - [2026-03-01T14:26:30.242+0530] {dagbag.py:588} INFO - Filling up the DagBag from /home/jenny/.local/lib/python3.13/site-packages/airflow/example_dags/plugins/decreasing_priority_weight_strategy.py
[2026-03-01T14:26:30.244+0530] {processor.py:927} WARNING - No viable dags retrieved from /home/jenny/.local/lib/python3.13/site-packages/airflow/example_dags/plugins/decreasing_priority_weight_strategy.py
[2026-03-01T14:26:30.250+0530] {processor.py:208} INFO - Processing /home/jenny/.local/lib/python3.13/site-packages/airflow/example_dags/plugins/decreasing_priority_weight_strategy.py took 0.014 seconds
[2026-03-01T14:27:55.445+0530] {processor.py:186} INFO - Started process (PID=227651) to work on /home/jenny/.local/lib/python3.13/site-packages/airflow/example_dags/plugins/decreasing_priority_weight_strategy.py
[2026-03-01T14:27:55.446+0530] {processor.py:914} INFO - Processing file /home/jenny/.local/lib/python3.13/site-packages/airflow/example_dags/plugins/decreasing_priority_weight_strategy.py for tasks to queue
[2026-03-01T14:27:55.449+0530] {logging_mixin.py:190} INFO - [2026-03-01T14:27:55.449+0530] {dagbag.py:588} INFO - Filling up the DagBag from /home/jenny/.local/lib/python3.13/site-packages/airflow/example_dags/plugins/decreasing_priority_weight_strategy.py
[2026-03-01T14:27:55.451+0530] {processor.py:927} WARNING - No viable dags retrieved from /home/jenny/.local/lib/python3.13/site-packages/airflow/example_dags/plugins/decreasing_priority_weight_strategy.py
[2026-03-01T14:27:55.461+0530] {processor.py:208} INFO - Processing /home/jenny/.local/lib/python3.13/site-packages/airflow/example_dags/plugins/decreasing_priority_weight_strategy.py took 0.022 seconds
[2026-03-01T14:29:37.993+0530] {processor.py:186} INFO - Started process (PID=229770) to work on /home/jenny/.local/lib/python3.13/site-packages/airflow/example_dags/plugins/decreasing_priority_weight_strategy.py
[2026-03-01T14:29:37.994+0530] {processor.py:914} INFO - Processing file /home/jenny/.local/lib/python3.13/site-packages/airflow/example_dags/plugins/decreasing_priority_weight_strategy.py for tasks to queue
[2026-03-01T14:29:37.997+0530] {logging_mixin.py:190} INFO - [2026-03-01T14:29:37.997+0530] {dagbag.py:588} INFO - Filling up the DagBag from /home/jenny/.local/lib/python3.13/site-packages/airflow/example_dags/plugins/decreasing_priority_weight_strategy.py
[2026-03-01T14:29:38.000+0530] {processor.py:927} WARNING - No viable dags retrieved from /home/jenny/.local/lib/python3.13/site-packages/airflow/example_dags/plugins/decreasing_priority_weight_strategy.py
[2026-03-01T14:29:38.006+0530] {processor.py:208} INFO - Processing /home/jenny/.local/lib/python3.13/site-packages/airflow/example_dags/plugins/decreasing_priority_weight_strategy.py took 0.020 seconds
[2026-03-01T14:30:28.498+0530] {processor.py:186} INFO - Started process (PID=230159) to work on /home/jenny/.local/lib/python3.13/site-packages/airflow/example_dags/plugins/decreasing_priority_weight_strategy.py
[2026-03-01T14:30:28.499+0530] {processor.py:914} INFO - Processing file /home/jenny/.local/lib/python3.13/site-packages/airflow/example_dags/plugins/decreasing_priority_weight_strategy.py for tasks to queue
[2026-03-01T14:30:28.501+0530] {logging_mixin.py:190} INFO - [2026-03-01T14:30:28.501+0530] {dagbag.py:588} INFO - Filling up the DagBag from /home/jenny/.local/lib/python3.13/site-packages/airflow/example_dags/plugins/decreasing_priority_weight_strategy.py
[2026-03-01T14:30:28.502+0530] {processor.py:927} WARNING - No viable dags retrieved from /home/jenny/.local/lib/python3.13/site-packages/airflow/example_dags/plugins/decreasing_priority_weight_strategy.py
[2026-03-01T14:30:28.508+0530] {processor.py:208} INFO - Processing /home/jenny/.local/lib/python3.13/site-packages/airflow/example_dags/plugins/decreasing_priority_weight_strategy.py took 0.013 seconds
[2026-03-01T14:31:32.040+0530] {processor.py:186} INFO - Started process (PID=231593) to work on /home/jenny/.local/lib/python3.13/site-packages/airflow/example_dags/plugins/decreasing_priority_weight_strategy.py
[2026-03-01T14:31:32.041+0530] {processor.py:914} INFO - Processing file /home/jenny/.local/lib/python3.13/site-packages/airflow/example_dags/plugins/decreasing_priority_weight_strategy.py for tasks to queue
[2026-03-01T14:31:32.044+0530] {logging_mixin.py:190} INFO - [2026-03-01T14:31:32.043+0530] {dagbag.py:588} INFO - Filling up the DagBag from /home/jenny/.local/lib/python3.13/site-packages/airflow/example_dags/plugins/decreasing_priority_weight_strategy.py
[2026-03-01T14:31:32.046+0530] {processor.py:927} WARNING - No viable dags retrieved from /home/jenny/.local/lib/python3.13/site-packages/airflow/example_dags/plugins/decreasing_priority_weight_strategy.py
[2026-03-01T14:31:32.053+0530] {processor.py:208} INFO - Processing /home/jenny/.local/lib/python3.13/site-packages/airflow/example_dags/plugins/decreasing_priority_weight_strategy.py took 0.019 seconds
[2026-03-01T14:32:10.097+0530] {processor.py:186} INFO - Started process (PID=231751) to work on /home/jenny/.local/lib/python3.13/site-packages/airflow/example_dags/plugins/decreasing_priority_weight_strategy.py
[2026-03-01T14:32:10.098+0530] {processor.py:914} INFO - Processing file /home/jenny/.local/lib/python3.13/site-packages/airflow/example_dags/plugins/decreasing_priority_weight_strategy.py for tasks to queue
[2026-03-01T14:32:10.101+0530] {logging_mixin.py:190} INFO - [2026-03-01T14:32:10.100+0530] {dagbag.py:588} INFO - Filling up the DagBag from /home/jenny/.local/lib/python3.13/site-packages/airflow/example_dags/plugins/decreasing_priority_weight_strategy.py
[2026-03-01T14:32:10.103+0530] {processor.py:927} WARNING - No viable dags retrieved from /home/jenny/.local/lib/python3.13/site-packages/airflow/example_dags/plugins/decreasing_priority_weight_strategy.py
[2026-03-01T14:32:10.110+0530] {processor.py:208} INFO - Processing /home/jenny/.local/lib/python3.13/site-packages/airflow/example_dags/plugins/decreasing_priority_weight_strategy.py took 0.018 seconds
[2026-03-01T14:33:44.966+0530] {processor.py:186} INFO - Started process (PID=233285) to work on /home/jenny/.local/lib/python3.13/site-packages/airflow/example_dags/plugins/decreasing_priority_weight_strategy.py
[2026-03-01T14:33:44.967+0530] {processor.py:914} INFO - Processing file /home/jenny/.local/lib/python3.13/site-packages/airflow/example_dags/plugins/decreasing_priority_weight_strategy.py for tasks to queue
[2026-03-01T14:33:44.970+0530] {logging_mixin.py:190} INFO - [2026-03-01T14:33:44.969+0530] {dagbag.py:588} INFO - Filling up the DagBag from /home/jenny/.local/lib/python3.13/site-packages/airflow/example_dags/plugins/decreasing_priority_weight_strategy.py
[2026-03-01T14:33:44.972+0530] {processor.py:927} WARNING - No viable dags retrieved from /home/jenny/.local/lib/python3.13/site-packages/airflow/example_dags/plugins/decreasing_priority_weight_strategy.py
[2026-03-01T14:33:44.978+0530] {processor.py:208} INFO - Processing /home/jenny/.local/lib/python3.13/site-packages/airflow/example_dags/plugins/decreasing_priority_weight_strategy.py took 0.019 seconds
[2026-03-01T14:34:29.687+0530] {processor.py:186} INFO - Started process (PID=233421) to work on /home/jenny/.local/lib/python3.13/site-packages/airflow/example_dags/plugins/decreasing_priority_weight_strategy.py
[2026-03-01T14:34:29.688+0530] {processor.py:914} INFO - Processing file /home/jenny/.local/lib/python3.13/site-packages/airflow/example_dags/plugins/decreasing_priority_weight_strategy.py for tasks to queue
[2026-03-01T14:34:29.689+0530] {logging_mixin.py:190} INFO - [2026-03-01T14:34:29.689+0530] {dagbag.py:588} INFO - Filling up the DagBag from /home/jenny/.local/lib/python3.13/site-packages/airflow/example_dags/plugins/decreasing_priority_weight_strategy.py
[2026-03-01T14:34:29.691+0530] {processor.py:927} WARNING - No viable dags retrieved from /home/jenny/.local/lib/python3.13/site-packages/airflow/example_dags/plugins/decreasing_priority_weight_strategy.py
[2026-03-01T14:34:29.698+0530] {processor.py:208} INFO - Processing /home/jenny/.local/lib/python3.13/site-packages/airflow/example_dags/plugins/decreasing_priority_weight_strategy.py took 0.015 seconds
[2026-03-01T14:35:22.409+0530] {processor.py:186} INFO - Started process (PID=233898) to work on /home/jenny/.local/lib/python3.13/site-packages/airflow/example_dags/plugins/decreasing_priority_weight_strategy.py
[2026-03-01T14:35:22.410+0530] {processor.py:914} INFO - Processing file /home/jenny/.local/lib/python3.13/site-packages/airflow/example_dags/plugins/decreasing_priority_weight_strategy.py for tasks to queue
[2026-03-01T14:35:22.412+0530] {logging_mixin.py:190} INFO - [2026-03-01T14:35:22.411+0530] {dagbag.py:588} INFO - Filling up the DagBag from /home/jenny/.local/lib/python3.13/site-packages/airflow/example_dags/plugins/decreasing_priority_weight_strategy.py
[2026-03-01T14:35:22.413+0530] {processor.py:927} WARNING - No viable dags retrieved from /home/jenny/.local/lib/python3.13/site-packages/airflow/example_dags/plugins/decreasing_priority_weight_strategy.py
[2026-03-01T14:35:22.421+0530] {processor.py:208} INFO - Processing /home/jenny/.local/lib/python3.13/site-packages/airflow/example_dags/plugins/decreasing_priority_weight_strategy.py took 0.016 seconds
[2026-03-01T14:36:16.321+0530] {processor.py:186} INFO - Started process (PID=234066) to work on /home/jenny/.local/lib/python3.13/site-packages/airflow/example_dags/plugins/decreasing_priority_weight_strategy.py
[2026-03-01T14:36:16.322+0530] {processor.py:914} INFO - Processing file /home/jenny/.local/lib/python3.13/site-packages/airflow/example_dags/plugins/decreasing_priority_weight_strategy.py for tasks to queue
[2026-03-01T14:36:16.323+0530] {logging_mixin.py:190} INFO - [2026-03-01T14:36:16.323+0530] {dagbag.py:588} INFO - Filling up the DagBag from /home/jenny/.local/lib/python3.13/site-packages/airflow/example_dags/plugins/decreasing_priority_weight_strategy.py
[2026-03-01T14:36:16.325+0530] {processor.py:927} WARNING - No viable dags retrieved from /home/jenny/.local/lib/python3.13/site-packages/airflow/example_dags/plugins/decreasing_priority_weight_strategy.py
[2026-03-01T14:36:16.331+0530] {processor.py:208} INFO - Processing /home/jenny/.local/lib/python3.13/site-packages/airflow/example_dags/plugins/decreasing_priority_weight_strategy.py took 0.013 seconds
[2026-03-01T14:37:11.488+0530] {processor.py:186} INFO - Started process (PID=234250) to work on /home/jenny/.local/lib/python3.13/site-packages/airflow/example_dags/plugins/decreasing_priority_weight_strategy.py
[2026-03-01T14:37:11.489+0530] {processor.py:914} INFO - Processing file /home/jenny/.local/lib/python3.13/site-packages/airflow/example_dags/plugins/decreasing_priority_weight_strategy.py for tasks to queue
[2026-03-01T14:37:11.492+0530] {logging_mixin.py:190} INFO - [2026-03-01T14:37:11.492+0530] {dagbag.py:588} INFO - Filling up the DagBag from /home/jenny/.local/lib/python3.13/site-packages/airflow/example_dags/plugins/decreasing_priority_weight_strategy.py
[2026-03-01T14:37:11.494+0530] {processor.py:927} WARNING - No viable dags retrieved from /home/jenny/.local/lib/python3.13/site-packages/airflow/example_dags/plugins/decreasing_priority_weight_strategy.py
[2026-03-01T14:37:11.501+0530] {processor.py:208} INFO - Processing /home/jenny/.local/lib/python3.13/site-packages/airflow/example_dags/plugins/decreasing_priority_weight_strategy.py took 0.017 seconds
[2026-03-01T14:38:07.066+0530] {processor.py:186} INFO - Started process (PID=234499) to work on /home/jenny/.local/lib/python3.13/site-packages/airflow/example_dags/plugins/decreasing_priority_weight_strategy.py
[2026-03-01T14:38:07.067+0530] {processor.py:914} INFO - Processing file /home/jenny/.local/lib/python3.13/site-packages/airflow/example_dags/plugins/decreasing_priority_weight_strategy.py for tasks to queue
[2026-03-01T14:38:07.069+0530] {logging_mixin.py:190} INFO - [2026-03-01T14:38:07.069+0530] {dagbag.py:588} INFO - Filling up the DagBag from /home/jenny/.local/lib/python3.13/site-packages/airflow/example_dags/plugins/decreasing_priority_weight_strategy.py
[2026-03-01T14:38:07.071+0530] {processor.py:927} WARNING - No viable dags retrieved from /home/jenny/.local/lib/python3.13/site-packages/airflow/example_dags/plugins/decreasing_priority_weight_strategy.py
[2026-03-01T14:38:07.077+0530] {processor.py:208} INFO - Processing /home/jenny/.local/lib/python3.13/site-packages/airflow/example_dags/plugins/decreasing_priority_weight_strategy.py took 0.014 seconds
[2026-03-01T14:39:01.086+0530] {processor.py:186} INFO - Started process (PID=235062) to work on /home/jenny/.local/lib/python3.13/site-packages/airflow/example_dags/plugins/decreasing_priority_weight_strategy.py
[2026-03-01T14:39:01.087+0530] {processor.py:914} INFO - Processing file /home/jenny/.local/lib/python3.13/site-packages/airflow/example_dags/plugins/decreasing_priority_weight_strategy.py for tasks to queue
[2026-03-01T14:39:01.089+0530] {logging_mixin.py:190} INFO - [2026-03-01T14:39:01.089+0530] {dagbag.py:588} INFO - Filling up the DagBag from /home/jenny/.local/lib/python3.13/site-packages/airflow/example_dags/plugins/decreasing_priority_weight_strategy.py
[2026-03-01T14:39:01.091+0530] {processor.py:927} WARNING - No viable dags retrieved from /home/jenny/.local/lib/python3.13/site-packages/airflow/example_dags/plugins/decreasing_priority_weight_strategy.py
[2026-03-01T14:39:01.097+0530] {processor.py:208} INFO - Processing /home/jenny/.local/lib/python3.13/site-packages/airflow/example_dags/plugins/decreasing_priority_weight_strategy.py took 0.014 seconds
[2026-03-01T14:39:53.611+0530] {processor.py:186} INFO - Started process (PID=235216) to work on /home/jenny/.local/lib/python3.13/site-packages/airflow/example_dags/plugins/decreasing_priority_weight_strategy.py
[2026-03-01T14:39:53.612+0530] {processor.py:914} INFO - Processing file /home/jenny/.local/lib/python3.13/site-packages/airflow/example_dags/plugins/decreasing_priority_weight_strategy.py for tasks to queue
[2026-03-01T14:39:53.614+0530] {logging_mixin.py:190} INFO - [2026-03-01T14:39:53.614+0530] {dagbag.py:588} INFO - Filling up the DagBag from /home/jenny/.local/lib/python3.13/site-packages/airflow/example_dags/plugins/decreasing_priority_weight_strategy.py
[2026-03-01T14:39:53.616+0530] {processor.py:927} WARNING - No viable dags retrieved from /home/jenny/.local/lib/python3.13/site-packages/airflow/example_dags/plugins/decreasing_priority_weight_strategy.py
[2026-03-01T14:39:53.622+0530] {processor.py:208} INFO - Processing /home/jenny/.local/lib/python3.13/site-packages/airflow/example_dags/plugins/decreasing_priority_weight_strategy.py took 0.015 seconds
[2026-03-01T14:40:47.956+0530] {processor.py:186} INFO - Started process (PID=238085) to work on /home/jenny/.local/lib/python3.13/site-packages/airflow/example_dags/plugins/decreasing_priority_weight_strategy.py
[2026-03-01T14:40:47.956+0530] {processor.py:914} INFO - Processing file /home/jenny/.local/lib/python3.13/site-packages/airflow/example_dags/plugins/decreasing_priority_weight_strategy.py for tasks to queue
[2026-03-01T14:40:47.958+0530] {logging_mixin.py:190} INFO - [2026-03-01T14:40:47.958+0530] {dagbag.py:588} INFO - Filling up the DagBag from /home/jenny/.local/lib/python3.13/site-packages/airflow/example_dags/plugins/decreasing_priority_weight_strategy.py
[2026-03-01T14:40:47.960+0530] {processor.py:927} WARNING - No viable dags retrieved from /home/jenny/.local/lib/python3.13/site-packages/airflow/example_dags/plugins/decreasing_priority_weight_strategy.py
[2026-03-01T14:40:47.967+0530] {processor.py:208} INFO - Processing /home/jenny/.local/lib/python3.13/site-packages/airflow/example_dags/plugins/decreasing_priority_weight_strategy.py took 0.015 seconds
[2026-03-01T14:41:41.739+0530] {processor.py:186} INFO - Started process (PID=239517) to work on /home/jenny/.local/lib/python3.13/site-packages/airflow/example_dags/plugins/decreasing_priority_weight_strategy.py
[2026-03-01T14:41:41.740+0530] {processor.py:914} INFO - Processing file /home/jenny/.local/lib/python3.13/site-packages/airflow/example_dags/plugins/decreasing_priority_weight_strategy.py for tasks to queue
[2026-03-01T14:41:41.742+0530] {logging_mixin.py:190} INFO - [2026-03-01T14:41:41.741+0530] {dagbag.py:588} INFO - Filling up the DagBag from /home/jenny/.local/lib/python3.13/site-packages/airflow/example_dags/plugins/decreasing_priority_weight_strategy.py
[2026-03-01T14:41:41.744+0530] {processor.py:927} WARNING - No viable dags retrieved from /home/jenny/.local/lib/python3.13/site-packages/airflow/example_dags/plugins/decreasing_priority_weight_strategy.py
[2026-03-01T14:41:41.750+0530] {processor.py:208} INFO - Processing /home/jenny/.local/lib/python3.13/site-packages/airflow/example_dags/plugins/decreasing_priority_weight_strategy.py took 0.015 seconds
[2026-03-01T14:42:35.047+0530] {processor.py:186} INFO - Started process (PID=239659) to work on /home/jenny/.local/lib/python3.13/site-packages/airflow/example_dags/plugins/decreasing_priority_weight_strategy.py
[2026-03-01T14:42:35.048+0530] {processor.py:914} INFO - Processing file /home/jenny/.local/lib/python3.13/site-packages/airflow/example_dags/plugins/decreasing_priority_weight_strategy.py for tasks to queue
[2026-03-01T14:42:35.051+0530] {logging_mixin.py:190} INFO - [2026-03-01T14:42:35.050+0530] {dagbag.py:588} INFO - Filling up the DagBag from /home/jenny/.local/lib/python3.13/site-packages/airflow/example_dags/plugins/decreasing_priority_weight_strategy.py
[2026-03-01T14:42:35.053+0530] {processor.py:927} WARNING - No viable dags retrieved from /home/jenny/.local/lib/python3.13/site-packages/airflow/example_dags/plugins/decreasing_priority_weight_strategy.py
[2026-03-01T14:42:35.059+0530] {processor.py:208} INFO - Processing /home/jenny/.local/lib/python3.13/site-packages/airflow/example_dags/plugins/decreasing_priority_weight_strategy.py took 0.017 seconds
[2026-03-01T14:43:27.728+0530] {processor.py:186} INFO - Started process (PID=239821) to work on /home/jenny/.local/lib/python3.13/site-packages/airflow/example_dags/plugins/decreasing_priority_weight_strategy.py
[2026-03-01T14:43:27.729+0530] {processor.py:914} INFO - Processing file /home/jenny/.local/lib/python3.13/site-packages/airflow/example_dags/plugins/decreasing_priority_weight_strategy.py for tasks to queue
[2026-03-01T14:43:27.731+0530] {logging_mixin.py:190} INFO - [2026-03-01T14:43:27.731+0530] {dagbag.py:588} INFO - Filling up the DagBag from /home/jenny/.local/lib/python3.13/site-packages/airflow/example_dags/plugins/decreasing_priority_weight_strategy.py
[2026-03-01T14:43:27.733+0530] {processor.py:927} WARNING - No viable dags retrieved from /home/jenny/.local/lib/python3.13/site-packages/airflow/example_dags/plugins/decreasing_priority_weight_strategy.py
[2026-03-01T14:43:27.740+0530] {processor.py:208} INFO - Processing /home/jenny/.local/lib/python3.13/site-packages/airflow/example_dags/plugins/decreasing_priority_weight_strategy.py took 0.016 seconds
[2026-03-01T14:44:19.216+0530] {processor.py:186} INFO - Started process (PID=239963) to work on /home/jenny/.local/lib/python3.13/site-packages/airflow/example_dags/plugins/decreasing_priority_weight_strategy.py
[2026-03-01T14:44:19.217+0530] {processor.py:914} INFO - Processing file /home/jenny/.local/lib/python3.13/site-packages/airflow/example_dags/plugins/decreasing_priority_weight_strategy.py for tasks to queue
[2026-03-01T14:44:19.220+0530] {logging_mixin.py:190} INFO - [2026-03-01T14:44:19.220+0530] {dagbag.py:588} INFO - Filling up the DagBag from /home/jenny/.local/lib/python3.13/site-packages/airflow/example_dags/plugins/decreasing_priority_weight_strategy.py
[2026-03-01T14:44:19.223+0530] {processor.py:927} WARNING - No viable dags retrieved from /home/jenny/.local/lib/python3.13/site-packages/airflow/example_dags/plugins/decreasing_priority_weight_strategy.py
[2026-03-01T14:44:19.230+0530] {processor.py:208} INFO - Processing /home/jenny/.local/lib/python3.13/site-packages/airflow/example_dags/plugins/decreasing_priority_weight_strategy.py took 0.019 seconds
[2026-03-01T14:45:15.324+0530] {processor.py:186} INFO - Started process (PID=240179) to work on /home/jenny/.local/lib/python3.13/site-packages/airflow/example_dags/plugins/decreasing_priority_weight_strategy.py
[2026-03-01T14:45:15.325+0530] {processor.py:914} INFO - Processing file /home/jenny/.local/lib/python3.13/site-packages/airflow/example_dags/plugins/decreasing_priority_weight_strategy.py for tasks to queue
[2026-03-01T14:45:15.326+0530] {logging_mixin.py:190} INFO - [2026-03-01T14:45:15.326+0530] {dagbag.py:588} INFO - Filling up the DagBag from /home/jenny/.local/lib/python3.13/site-packages/airflow/example_dags/plugins/decreasing_priority_weight_strategy.py
[2026-03-01T14:45:15.328+0530] {processor.py:927} WARNING - No viable dags retrieved from /home/jenny/.local/lib/python3.13/site-packages/airflow/example_dags/plugins/decreasing_priority_weight_strategy.py
[2026-03-01T14:45:15.334+0530] {processor.py:208} INFO - Processing /home/jenny/.local/lib/python3.13/site-packages/airflow/example_dags/plugins/decreasing_priority_weight_strategy.py took 0.013 seconds
[2026-03-01T14:46:10.749+0530] {processor.py:186} INFO - Started process (PID=240323) to work on /home/jenny/.local/lib/python3.13/site-packages/airflow/example_dags/plugins/decreasing_priority_weight_strategy.py
[2026-03-01T14:46:10.750+0530] {processor.py:914} INFO - Processing file /home/jenny/.local/lib/python3.13/site-packages/airflow/example_dags/plugins/decreasing_priority_weight_strategy.py for tasks to queue
[2026-03-01T14:46:10.753+0530] {logging_mixin.py:190} INFO - [2026-03-01T14:46:10.752+0530] {dagbag.py:588} INFO - Filling up the DagBag from /home/jenny/.local/lib/python3.13/site-packages/airflow/example_dags/plugins/decreasing_priority_weight_strategy.py
[2026-03-01T14:46:10.755+0530] {processor.py:927} WARNING - No viable dags retrieved from /home/jenny/.local/lib/python3.13/site-packages/airflow/example_dags/plugins/decreasing_priority_weight_strategy.py
[2026-03-01T14:46:10.761+0530] {processor.py:208} INFO - Processing /home/jenny/.local/lib/python3.13/site-packages/airflow/example_dags/plugins/decreasing_priority_weight_strategy.py took 0.018 seconds
[2026-03-01T14:47:15.434+0530] {processor.py:186} INFO - Started process (PID=240530) to work on /home/jenny/.local/lib/python3.13/site-packages/airflow/example_dags/plugins/decreasing_priority_weight_strategy.py
[2026-03-01T14:47:15.435+0530] {processor.py:914} INFO - Processing file /home/jenny/.local/lib/python3.13/site-packages/airflow/example_dags/plugins/decreasing_priority_weight_strategy.py for tasks to queue
[2026-03-01T14:47:15.438+0530] {logging_mixin.py:190} INFO - [2026-03-01T14:47:15.438+0530] {dagbag.py:588} INFO - Filling up the DagBag from /home/jenny/.local/lib/python3.13/site-packages/airflow/example_dags/plugins/decreasing_priority_weight_strategy.py
[2026-03-01T14:47:15.440+0530] {processor.py:927} WARNING - No viable dags retrieved from /home/jenny/.local/lib/python3.13/site-packages/airflow/example_dags/plugins/decreasing_priority_weight_strategy.py
[2026-03-01T14:47:15.447+0530] {processor.py:208} INFO - Processing /home/jenny/.local/lib/python3.13/site-packages/airflow/example_dags/plugins/decreasing_priority_weight_strategy.py took 0.019 seconds
[2026-03-01T14:48:18.761+0530] {processor.py:186} INFO - Started process (PID=240710) to work on /home/jenny/.local/lib/python3.13/site-packages/airflow/example_dags/plugins/decreasing_priority_weight_strategy.py
[2026-03-01T14:48:18.762+0530] {processor.py:914} INFO - Processing file /home/jenny/.local/lib/python3.13/site-packages/airflow/example_dags/plugins/decreasing_priority_weight_strategy.py for tasks to queue
[2026-03-01T14:48:18.764+0530] {logging_mixin.py:190} INFO - [2026-03-01T14:48:18.764+0530] {dagbag.py:588} INFO - Filling up the DagBag from /home/jenny/.local/lib/python3.13/site-packages/airflow/example_dags/plugins/decreasing_priority_weight_strategy.py
[2026-03-01T14:48:18.766+0530] {processor.py:927} WARNING - No viable dags retrieved from /home/jenny/.local/lib/python3.13/site-packages/airflow/example_dags/plugins/decreasing_priority_weight_strategy.py
[2026-03-01T14:48:18.775+0530] {processor.py:208} INFO - Processing /home/jenny/.local/lib/python3.13/site-packages/airflow/example_dags/plugins/decreasing_priority_weight_strategy.py took 0.018 seconds
[2026-03-01T14:49:14.054+0530] {processor.py:186} INFO - Started process (PID=241057) to work on /home/jenny/.local/lib/python3.13/site-packages/airflow/example_dags/plugins/decreasing_priority_weight_strategy.py
[2026-03-01T14:49:14.056+0530] {processor.py:914} INFO - Processing file /home/jenny/.local/lib/python3.13/site-packages/airflow/example_dags/plugins/decreasing_priority_weight_strategy.py for tasks to queue
[2026-03-01T14:49:14.059+0530] {logging_mixin.py:190} INFO - [2026-03-01T14:49:14.058+0530] {dagbag.py:588} INFO - Filling up the DagBag from /home/jenny/.local/lib/python3.13/site-packages/airflow/example_dags/plugins/decreasing_priority_weight_strategy.py
[2026-03-01T14:49:14.061+0530] {processor.py:927} WARNING - No viable dags retrieved from /home/jenny/.local/lib/python3.13/site-packages/airflow/example_dags/plugins/decreasing_priority_weight_strategy.py
[2026-03-01T14:49:14.068+0530] {processor.py:208} INFO - Processing /home/jenny/.local/lib/python3.13/site-packages/airflow/example_dags/plugins/decreasing_priority_weight_strategy.py took 0.020 seconds
[2026-03-01T14:50:08.871+0530] {processor.py:186} INFO - Started process (PID=241271) to work on /home/jenny/.local/lib/python3.13/site-packages/airflow/example_dags/plugins/decreasing_priority_weight_strategy.py
[2026-03-01T14:50:08.873+0530] {processor.py:914} INFO - Processing file /home/jenny/.local/lib/python3.13/site-packages/airflow/example_dags/plugins/decreasing_priority_weight_strategy.py for tasks to queue
[2026-03-01T14:50:08.876+0530] {logging_mixin.py:190} INFO - [2026-03-01T14:50:08.876+0530] {dagbag.py:588} INFO - Filling up the DagBag from /home/jenny/.local/lib/python3.13/site-packages/airflow/example_dags/plugins/decreasing_priority_weight_strategy.py
[2026-03-01T14:50:08.878+0530] {processor.py:927} WARNING - No viable dags retrieved from /home/jenny/.local/lib/python3.13/site-packages/airflow/example_dags/plugins/decreasing_priority_weight_strategy.py
[2026-03-01T14:50:08.885+0530] {processor.py:208} INFO - Processing /home/jenny/.local/lib/python3.13/site-packages/airflow/example_dags/plugins/decreasing_priority_weight_strategy.py took 0.021 seconds
[2026-03-01T14:51:05.631+0530] {processor.py:186} INFO - Started process (PID=241759) to work on /home/jenny/.local/lib/python3.13/site-packages/airflow/example_dags/plugins/decreasing_priority_weight_strategy.py
[2026-03-01T14:51:05.632+0530] {processor.py:914} INFO - Processing file /home/jenny/.local/lib/python3.13/site-packages/airflow/example_dags/plugins/decreasing_priority_weight_strategy.py for tasks to queue
[2026-03-01T14:51:05.635+0530] {logging_mixin.py:190} INFO - [2026-03-01T14:51:05.634+0530] {dagbag.py:588} INFO - Filling up the DagBag from /home/jenny/.local/lib/python3.13/site-packages/airflow/example_dags/plugins/decreasing_priority_weight_strategy.py
[2026-03-01T14:51:05.637+0530] {processor.py:927} WARNING - No viable dags retrieved from /home/jenny/.local/lib/python3.13/site-packages/airflow/example_dags/plugins/decreasing_priority_weight_strategy.py
[2026-03-01T14:51:05.643+0530] {processor.py:208} INFO - Processing /home/jenny/.local/lib/python3.13/site-packages/airflow/example_dags/plugins/decreasing_priority_weight_strategy.py took 0.018 seconds
[2026-03-01T14:51:58.283+0530] {processor.py:186} INFO - Started process (PID=241927) to work on /home/jenny/.local/lib/python3.13/site-packages/airflow/example_dags/plugins/decreasing_priority_weight_strategy.py
[2026-03-01T14:51:58.284+0530] {processor.py:914} INFO - Processing file /home/jenny/.local/lib/python3.13/site-packages/airflow/example_dags/plugins/decreasing_priority_weight_strategy.py for tasks to queue
[2026-03-01T14:51:58.287+0530] {logging_mixin.py:190} INFO - [2026-03-01T14:51:58.286+0530] {dagbag.py:588} INFO - Filling up the DagBag from /home/jenny/.local/lib/python3.13/site-packages/airflow/example_dags/plugins/decreasing_priority_weight_strategy.py
[2026-03-01T14:51:58.289+0530] {processor.py:927} WARNING - No viable dags retrieved from /home/jenny/.local/lib/python3.13/site-packages/airflow/example_dags/plugins/decreasing_priority_weight_strategy.py
[2026-03-01T14:51:58.297+0530] {processor.py:208} INFO - Processing /home/jenny/.local/lib/python3.13/site-packages/airflow/example_dags/plugins/decreasing_priority_weight_strategy.py took 0.019 seconds
[2026-03-01T14:52:50.500+0530] {processor.py:186} INFO - Started process (PID=242063) to work on /home/jenny/.local/lib/python3.13/site-packages/airflow/example_dags/plugins/decreasing_priority_weight_strategy.py
[2026-03-01T14:52:50.501+0530] {processor.py:914} INFO - Processing file /home/jenny/.local/lib/python3.13/site-packages/airflow/example_dags/plugins/decreasing_priority_weight_strategy.py for tasks to queue
[2026-03-01T14:52:50.503+0530] {logging_mixin.py:190} INFO - [2026-03-01T14:52:50.503+0530] {dagbag.py:588} INFO - Filling up the DagBag from /home/jenny/.local/lib/python3.13/site-packages/airflow/example_dags/plugins/decreasing_priority_weight_strategy.py
[2026-03-01T14:52:50.505+0530] {processor.py:927} WARNING - No viable dags retrieved from /home/jenny/.local/lib/python3.13/site-packages/airflow/example_dags/plugins/decreasing_priority_weight_strategy.py
[2026-03-01T14:52:50.511+0530] {processor.py:208} INFO - Processing /home/jenny/.local/lib/python3.13/site-packages/airflow/example_dags/plugins/decreasing_priority_weight_strategy.py took 0.016 seconds
[2026-03-01T14:53:42.969+0530] {processor.py:186} INFO - Started process (PID=242226) to work on /home/jenny/.local/lib/python3.13/site-packages/airflow/example_dags/plugins/decreasing_priority_weight_strategy.py
[2026-03-01T14:53:42.971+0530] {processor.py:914} INFO - Processing file /home/jenny/.local/lib/python3.13/site-packages/airflow/example_dags/plugins/decreasing_priority_weight_strategy.py for tasks to queue
[2026-03-01T14:53:42.973+0530] {logging_mixin.py:190} INFO - [2026-03-01T14:53:42.973+0530] {dagbag.py:588} INFO - Filling up the DagBag from /home/jenny/.local/lib/python3.13/site-packages/airflow/example_dags/plugins/decreasing_priority_weight_strategy.py
[2026-03-01T14:53:42.975+0530] {processor.py:927} WARNING - No viable dags retrieved from /home/jenny/.local/lib/python3.13/site-packages/airflow/example_dags/plugins/decreasing_priority_weight_strategy.py
[2026-03-01T14:53:42.983+0530] {processor.py:208} INFO - Processing /home/jenny/.local/lib/python3.13/site-packages/airflow/example_dags/plugins/decreasing_priority_weight_strategy.py took 0.020 seconds
[2026-03-01T14:54:36.867+0530] {processor.py:186} INFO - Started process (PID=242371) to work on /home/jenny/.local/lib/python3.13/site-packages/airflow/example_dags/plugins/decreasing_priority_weight_strategy.py
[2026-03-01T14:54:36.867+0530] {processor.py:914} INFO - Processing file /home/jenny/.local/lib/python3.13/site-packages/airflow/example_dags/plugins/decreasing_priority_weight_strategy.py for tasks to queue
[2026-03-01T14:54:36.869+0530] {logging_mixin.py:190} INFO - [2026-03-01T14:54:36.869+0530] {dagbag.py:588} INFO - Filling up the DagBag from /home/jenny/.local/lib/python3.13/site-packages/airflow/example_dags/plugins/decreasing_priority_weight_strategy.py
[2026-03-01T14:54:36.871+0530] {processor.py:927} WARNING - No viable dags retrieved from /home/jenny/.local/lib/python3.13/site-packages/airflow/example_dags/plugins/decreasing_priority_weight_strategy.py
[2026-03-01T14:54:36.877+0530] {processor.py:208} INFO - Processing /home/jenny/.local/lib/python3.13/site-packages/airflow/example_dags/plugins/decreasing_priority_weight_strategy.py took 0.013 seconds
[2026-03-01T14:55:30.428+0530] {processor.py:186} INFO - Started process (PID=242580) to work on /home/jenny/.local/lib/python3.13/site-packages/airflow/example_dags/plugins/decreasing_priority_weight_strategy.py
[2026-03-01T14:55:30.429+0530] {processor.py:914} INFO - Processing file /home/jenny/.local/lib/python3.13/site-packages/airflow/example_dags/plugins/decreasing_priority_weight_strategy.py for tasks to queue
[2026-03-01T14:55:30.432+0530] {logging_mixin.py:190} INFO - [2026-03-01T14:55:30.432+0530] {dagbag.py:588} INFO - Filling up the DagBag from /home/jenny/.local/lib/python3.13/site-packages/airflow/example_dags/plugins/decreasing_priority_weight_strategy.py
[2026-03-01T14:55:30.434+0530] {processor.py:927} WARNING - No viable dags retrieved from /home/jenny/.local/lib/python3.13/site-packages/airflow/example_dags/plugins/decreasing_priority_weight_strategy.py
[2026-03-01T14:55:30.441+0530] {processor.py:208} INFO - Processing /home/jenny/.local/lib/python3.13/site-packages/airflow/example_dags/plugins/decreasing_priority_weight_strategy.py took 0.019 seconds
[2026-03-01T14:56:25.214+0530] {processor.py:186} INFO - Started process (PID=246647) to work on /home/jenny/.local/lib/python3.13/site-packages/airflow/example_dags/plugins/decreasing_priority_weight_strategy.py
[2026-03-01T14:56:25.215+0530] {processor.py:914} INFO - Processing file /home/jenny/.local/lib/python3.13/site-packages/airflow/example_dags/plugins/decreasing_priority_weight_strategy.py for tasks to queue
[2026-03-01T14:56:25.218+0530] {logging_mixin.py:190} INFO - [2026-03-01T14:56:25.217+0530] {dagbag.py:588} INFO - Filling up the DagBag from /home/jenny/.local/lib/python3.13/site-packages/airflow/example_dags/plugins/decreasing_priority_weight_strategy.py
[2026-03-01T14:56:25.220+0530] {processor.py:927} WARNING - No viable dags retrieved from /home/jenny/.local/lib/python3.13/site-packages/airflow/example_dags/plugins/decreasing_priority_weight_strategy.py
[2026-03-01T14:56:25.226+0530] {processor.py:208} INFO - Processing /home/jenny/.local/lib/python3.13/site-packages/airflow/example_dags/plugins/decreasing_priority_weight_strategy.py took 0.018 seconds
[2026-03-01T14:57:19.711+0530] {processor.py:186} INFO - Started process (PID=246811) to work on /home/jenny/.local/lib/python3.13/site-packages/airflow/example_dags/plugins/decreasing_priority_weight_strategy.py
[2026-03-01T14:57:19.712+0530] {processor.py:914} INFO - Processing file /home/jenny/.local/lib/python3.13/site-packages/airflow/example_dags/plugins/decreasing_priority_weight_strategy.py for tasks to queue
[2026-03-01T14:57:19.715+0530] {logging_mixin.py:190} INFO - [2026-03-01T14:57:19.715+0530] {dagbag.py:588} INFO - Filling up the DagBag from /home/jenny/.local/lib/python3.13/site-packages/airflow/example_dags/plugins/decreasing_priority_weight_strategy.py
[2026-03-01T14:57:19.717+0530] {processor.py:927} WARNING - No viable dags retrieved from /home/jenny/.local/lib/python3.13/site-packages/airflow/example_dags/plugins/decreasing_priority_weight_strategy.py
[2026-03-01T14:57:19.724+0530] {processor.py:208} INFO - Processing /home/jenny/.local/lib/python3.13/site-packages/airflow/example_dags/plugins/decreasing_priority_weight_strategy.py took 0.018 seconds
[2026-03-01T14:58:12.830+0530] {processor.py:186} INFO - Started process (PID=246978) to work on /home/jenny/.local/lib/python3.13/site-packages/airflow/example_dags/plugins/decreasing_priority_weight_strategy.py
[2026-03-01T14:58:12.831+0530] {processor.py:914} INFO - Processing file /home/jenny/.local/lib/python3.13/site-packages/airflow/example_dags/plugins/decreasing_priority_weight_strategy.py for tasks to queue
[2026-03-01T14:58:12.834+0530] {logging_mixin.py:190} INFO - [2026-03-01T14:58:12.834+0530] {dagbag.py:588} INFO - Filling up the DagBag from /home/jenny/.local/lib/python3.13/site-packages/airflow/example_dags/plugins/decreasing_priority_weight_strategy.py
[2026-03-01T14:58:12.836+0530] {processor.py:927} WARNING - No viable dags retrieved from /home/jenny/.local/lib/python3.13/site-packages/airflow/example_dags/plugins/decreasing_priority_weight_strategy.py
[2026-03-01T14:58:12.843+0530] {processor.py:208} INFO - Processing /home/jenny/.local/lib/python3.13/site-packages/airflow/example_dags/plugins/decreasing_priority_weight_strategy.py took 0.018 seconds
[2026-03-01T14:59:08.691+0530] {processor.py:186} INFO - Started process (PID=247334) to work on /home/jenny/.local/lib/python3.13/site-packages/airflow/example_dags/plugins/decreasing_priority_weight_strategy.py
[2026-03-01T14:59:08.692+0530] {processor.py:914} INFO - Processing file /home/jenny/.local/lib/python3.13/site-packages/airflow/example_dags/plugins/decreasing_priority_weight_strategy.py for tasks to queue
[2026-03-01T14:59:08.694+0530] {logging_mixin.py:190} INFO - [2026-03-01T14:59:08.693+0530] {dagbag.py:588} INFO - Filling up the DagBag from /home/jenny/.local/lib/python3.13/site-packages/airflow/example_dags/plugins/decreasing_priority_weight_strategy.py
[2026-03-01T14:59:08.696+0530] {processor.py:927} WARNING - No viable dags retrieved from /home/jenny/.local/lib/python3.13/site-packages/airflow/example_dags/plugins/decreasing_priority_weight_strategy.py
[2026-03-01T14:59:08.703+0530] {processor.py:208} INFO - Processing /home/jenny/.local/lib/python3.13/site-packages/airflow/example_dags/plugins/decreasing_priority_weight_strategy.py took 0.017 seconds
[2026-03-01T15:00:01.365+0530] {processor.py:186} INFO - Started process (PID=247811) to work on /home/jenny/.local/lib/python3.13/site-packages/airflow/example_dags/plugins/decreasing_priority_weight_strategy.py
[2026-03-01T15:00:01.366+0530] {processor.py:914} INFO - Processing file /home/jenny/.local/lib/python3.13/site-packages/airflow/example_dags/plugins/decreasing_priority_weight_strategy.py for tasks to queue
[2026-03-01T15:00:01.368+0530] {logging_mixin.py:190} INFO - [2026-03-01T15:00:01.368+0530] {dagbag.py:588} INFO - Filling up the DagBag from /home/jenny/.local/lib/python3.13/site-packages/airflow/example_dags/plugins/decreasing_priority_weight_strategy.py
[2026-03-01T15:00:01.369+0530] {processor.py:927} WARNING - No viable dags retrieved from /home/jenny/.local/lib/python3.13/site-packages/airflow/example_dags/plugins/decreasing_priority_weight_strategy.py
[2026-03-01T15:00:01.375+0530] {processor.py:208} INFO - Processing /home/jenny/.local/lib/python3.13/site-packages/airflow/example_dags/plugins/decreasing_priority_weight_strategy.py took 0.013 seconds
[2026-03-01T15:00:56.710+0530] {processor.py:186} INFO - Started process (PID=248086) to work on /home/jenny/.local/lib/python3.13/site-packages/airflow/example_dags/plugins/decreasing_priority_weight_strategy.py
[2026-03-01T15:00:56.711+0530] {processor.py:914} INFO - Processing file /home/jenny/.local/lib/python3.13/site-packages/airflow/example_dags/plugins/decreasing_priority_weight_strategy.py for tasks to queue
[2026-03-01T15:00:56.713+0530] {logging_mixin.py:190} INFO - [2026-03-01T15:00:56.712+0530] {dagbag.py:588} INFO - Filling up the DagBag from /home/jenny/.local/lib/python3.13/site-packages/airflow/example_dags/plugins/decreasing_priority_weight_strategy.py
[2026-03-01T15:00:56.715+0530] {processor.py:927} WARNING - No viable dags retrieved from /home/jenny/.local/lib/python3.13/site-packages/airflow/example_dags/plugins/decreasing_priority_weight_strategy.py
[2026-03-01T15:00:56.721+0530] {processor.py:208} INFO - Processing /home/jenny/.local/lib/python3.13/site-packages/airflow/example_dags/plugins/decreasing_priority_weight_strategy.py took 0.015 seconds
[2026-03-01T15:01:52.199+0530] {processor.py:186} INFO - Started process (PID=248259) to work on /home/jenny/.local/lib/python3.13/site-packages/airflow/example_dags/plugins/decreasing_priority_weight_strategy.py
[2026-03-01T15:01:52.200+0530] {processor.py:914} INFO - Processing file /home/jenny/.local/lib/python3.13/site-packages/airflow/example_dags/plugins/decreasing_priority_weight_strategy.py for tasks to queue
[2026-03-01T15:01:52.202+0530] {logging_mixin.py:190} INFO - [2026-03-01T15:01:52.202+0530] {dagbag.py:588} INFO - Filling up the DagBag from /home/jenny/.local/lib/python3.13/site-packages/airflow/example_dags/plugins/decreasing_priority_weight_strategy.py
[2026-03-01T15:01:52.203+0530] {processor.py:927} WARNING - No viable dags retrieved from /home/jenny/.local/lib/python3.13/site-packages/airflow/example_dags/plugins/decreasing_priority_weight_strategy.py
[2026-03-01T15:01:52.209+0530] {processor.py:208} INFO - Processing /home/jenny/.local/lib/python3.13/site-packages/airflow/example_dags/plugins/decreasing_priority_weight_strategy.py took 0.013 seconds
[2026-03-01T15:02:46.410+0530] {processor.py:186} INFO - Started process (PID=248485) to work on /home/jenny/.local/lib/python3.13/site-packages/airflow/example_dags/plugins/decreasing_priority_weight_strategy.py
[2026-03-01T15:02:46.411+0530] {processor.py:914} INFO - Processing file /home/jenny/.local/lib/python3.13/site-packages/airflow/example_dags/plugins/decreasing_priority_weight_strategy.py for tasks to queue
[2026-03-01T15:02:46.413+0530] {logging_mixin.py:190} INFO - [2026-03-01T15:02:46.412+0530] {dagbag.py:588} INFO - Filling up the DagBag from /home/jenny/.local/lib/python3.13/site-packages/airflow/example_dags/plugins/decreasing_priority_weight_strategy.py
[2026-03-01T15:02:46.415+0530] {processor.py:927} WARNING - No viable dags retrieved from /home/jenny/.local/lib/python3.13/site-packages/airflow/example_dags/plugins/decreasing_priority_weight_strategy.py
[2026-03-01T15:02:46.421+0530] {processor.py:208} INFO - Processing /home/jenny/.local/lib/python3.13/site-packages/airflow/example_dags/plugins/decreasing_priority_weight_strategy.py took 0.015 seconds
[2026-03-01T15:03:42.775+0530] {processor.py:186} INFO - Started process (PID=248808) to work on /home/jenny/.local/lib/python3.13/site-packages/airflow/example_dags/plugins/decreasing_priority_weight_strategy.py
[2026-03-01T15:03:42.776+0530] {processor.py:914} INFO - Processing file /home/jenny/.local/lib/python3.13/site-packages/airflow/example_dags/plugins/decreasing_priority_weight_strategy.py for tasks to queue
[2026-03-01T15:03:42.779+0530] {logging_mixin.py:190} INFO - [2026-03-01T15:03:42.779+0530] {dagbag.py:588} INFO - Filling up the DagBag from /home/jenny/.local/lib/python3.13/site-packages/airflow/example_dags/plugins/decreasing_priority_weight_strategy.py
[2026-03-01T15:03:42.781+0530] {processor.py:927} WARNING - No viable dags retrieved from /home/jenny/.local/lib/python3.13/site-packages/airflow/example_dags/plugins/decreasing_priority_weight_strategy.py
[2026-03-01T15:03:42.788+0530] {processor.py:208} INFO - Processing /home/jenny/.local/lib/python3.13/site-packages/airflow/example_dags/plugins/decreasing_priority_weight_strategy.py took 0.019 seconds
[2026-03-01T15:04:35.941+0530] {processor.py:186} INFO - Started process (PID=249159) to work on /home/jenny/.local/lib/python3.13/site-packages/airflow/example_dags/plugins/decreasing_priority_weight_strategy.py
[2026-03-01T15:04:35.942+0530] {processor.py:914} INFO - Processing file /home/jenny/.local/lib/python3.13/site-packages/airflow/example_dags/plugins/decreasing_priority_weight_strategy.py for tasks to queue
[2026-03-01T15:04:35.944+0530] {logging_mixin.py:190} INFO - [2026-03-01T15:04:35.944+0530] {dagbag.py:588} INFO - Filling up the DagBag from /home/jenny/.local/lib/python3.13/site-packages/airflow/example_dags/plugins/decreasing_priority_weight_strategy.py
[2026-03-01T15:04:35.946+0530] {processor.py:927} WARNING - No viable dags retrieved from /home/jenny/.local/lib/python3.13/site-packages/airflow/example_dags/plugins/decreasing_priority_weight_strategy.py
[2026-03-01T15:04:35.953+0530] {processor.py:208} INFO - Processing /home/jenny/.local/lib/python3.13/site-packages/airflow/example_dags/plugins/decreasing_priority_weight_strategy.py took 0.016 seconds
[2026-03-01T15:05:28.729+0530] {processor.py:186} INFO - Started process (PID=249543) to work on /home/jenny/.local/lib/python3.13/site-packages/airflow/example_dags/plugins/decreasing_priority_weight_strategy.py
[2026-03-01T15:05:28.730+0530] {processor.py:914} INFO - Processing file /home/jenny/.local/lib/python3.13/site-packages/airflow/example_dags/plugins/decreasing_priority_weight_strategy.py for tasks to queue
[2026-03-01T15:05:28.733+0530] {logging_mixin.py:190} INFO - [2026-03-01T15:05:28.732+0530] {dagbag.py:588} INFO - Filling up the DagBag from /home/jenny/.local/lib/python3.13/site-packages/airflow/example_dags/plugins/decreasing_priority_weight_strategy.py
[2026-03-01T15:05:28.735+0530] {processor.py:927} WARNING - No viable dags retrieved from /home/jenny/.local/lib/python3.13/site-packages/airflow/example_dags/plugins/decreasing_priority_weight_strategy.py
[2026-03-01T15:05:28.741+0530] {processor.py:208} INFO - Processing /home/jenny/.local/lib/python3.13/site-packages/airflow/example_dags/plugins/decreasing_priority_weight_strategy.py took 0.018 seconds
[2026-03-01T15:06:21.902+0530] {processor.py:186} INFO - Started process (PID=249703) to work on /home/jenny/.local/lib/python3.13/site-packages/airflow/example_dags/plugins/decreasing_priority_weight_strategy.py
[2026-03-01T15:06:21.903+0530] {processor.py:914} INFO - Processing file /home/jenny/.local/lib/python3.13/site-packages/airflow/example_dags/plugins/decreasing_priority_weight_strategy.py for tasks to queue
[2026-03-01T15:06:21.904+0530] {logging_mixin.py:190} INFO - [2026-03-01T15:06:21.904+0530] {dagbag.py:588} INFO - Filling up the DagBag from /home/jenny/.local/lib/python3.13/site-packages/airflow/example_dags/plugins/decreasing_priority_weight_strategy.py
[2026-03-01T15:06:21.906+0530] {processor.py:927} WARNING - No viable dags retrieved from /home/jenny/.local/lib/python3.13/site-packages/airflow/example_dags/plugins/decreasing_priority_weight_strategy.py
[2026-03-01T15:06:21.912+0530] {processor.py:208} INFO - Processing /home/jenny/.local/lib/python3.13/site-packages/airflow/example_dags/plugins/decreasing_priority_weight_strategy.py took 0.013 seconds
[2026-03-01T15:07:16.340+0530] {processor.py:186} INFO - Started process (PID=250107) to work on /home/jenny/.local/lib/python3.13/site-packages/airflow/example_dags/plugins/decreasing_priority_weight_strategy.py
[2026-03-01T15:07:16.341+0530] {processor.py:914} INFO - Processing file /home/jenny/.local/lib/python3.13/site-packages/airflow/example_dags/plugins/decreasing_priority_weight_strategy.py for tasks to queue
[2026-03-01T15:07:16.344+0530] {logging_mixin.py:190} INFO - [2026-03-01T15:07:16.344+0530] {dagbag.py:588} INFO - Filling up the DagBag from /home/jenny/.local/lib/python3.13/site-packages/airflow/example_dags/plugins/decreasing_priority_weight_strategy.py
[2026-03-01T15:07:16.346+0530] {processor.py:927} WARNING - No viable dags retrieved from /home/jenny/.local/lib/python3.13/site-packages/airflow/example_dags/plugins/decreasing_priority_weight_strategy.py
[2026-03-01T15:07:16.352+0530] {processor.py:208} INFO - Processing /home/jenny/.local/lib/python3.13/site-packages/airflow/example_dags/plugins/decreasing_priority_weight_strategy.py took 0.019 seconds
[2026-03-01T15:08:07.995+0530] {processor.py:186} INFO - Started process (PID=250389) to work on /home/jenny/.local/lib/python3.13/site-packages/airflow/example_dags/plugins/decreasing_priority_weight_strategy.py
[2026-03-01T15:08:07.996+0530] {processor.py:914} INFO - Processing file /home/jenny/.local/lib/python3.13/site-packages/airflow/example_dags/plugins/decreasing_priority_weight_strategy.py for tasks to queue
[2026-03-01T15:08:07.998+0530] {logging_mixin.py:190} INFO - [2026-03-01T15:08:07.997+0530] {dagbag.py:588} INFO - Filling up the DagBag from /home/jenny/.local/lib/python3.13/site-packages/airflow/example_dags/plugins/decreasing_priority_weight_strategy.py
[2026-03-01T15:08:07.999+0530] {processor.py:927} WARNING - No viable dags retrieved from /home/jenny/.local/lib/python3.13/site-packages/airflow/example_dags/plugins/decreasing_priority_weight_strategy.py
[2026-03-01T15:08:08.006+0530] {processor.py:208} INFO - Processing /home/jenny/.local/lib/python3.13/site-packages/airflow/example_dags/plugins/decreasing_priority_weight_strategy.py took 0.016 seconds
[2026-03-01T15:09:00.192+0530] {processor.py:186} INFO - Started process (PID=250659) to work on /home/jenny/.local/lib/python3.13/site-packages/airflow/example_dags/plugins/decreasing_priority_weight_strategy.py
[2026-03-01T15:09:00.193+0530] {processor.py:914} INFO - Processing file /home/jenny/.local/lib/python3.13/site-packages/airflow/example_dags/plugins/decreasing_priority_weight_strategy.py for tasks to queue
[2026-03-01T15:09:00.196+0530] {logging_mixin.py:190} INFO - [2026-03-01T15:09:00.195+0530] {dagbag.py:588} INFO - Filling up the DagBag from /home/jenny/.local/lib/python3.13/site-packages/airflow/example_dags/plugins/decreasing_priority_weight_strategy.py
[2026-03-01T15:09:00.198+0530] {processor.py:927} WARNING - No viable dags retrieved from /home/jenny/.local/lib/python3.13/site-packages/airflow/example_dags/plugins/decreasing_priority_weight_strategy.py
[2026-03-01T15:09:00.204+0530] {processor.py:208} INFO - Processing /home/jenny/.local/lib/python3.13/site-packages/airflow/example_dags/plugins/decreasing_priority_weight_strategy.py took 0.016 seconds
[2026-03-01T15:09:52.799+0530] {processor.py:186} INFO - Started process (PID=250905) to work on /home/jenny/.local/lib/python3.13/site-packages/airflow/example_dags/plugins/decreasing_priority_weight_strategy.py
[2026-03-01T15:09:52.800+0530] {processor.py:914} INFO - Processing file /home/jenny/.local/lib/python3.13/site-packages/airflow/example_dags/plugins/decreasing_priority_weight_strategy.py for tasks to queue
[2026-03-01T15:09:52.804+0530] {logging_mixin.py:190} INFO - [2026-03-01T15:09:52.803+0530] {dagbag.py:588} INFO - Filling up the DagBag from /home/jenny/.local/lib/python3.13/site-packages/airflow/example_dags/plugins/decreasing_priority_weight_strategy.py
[2026-03-01T15:09:52.807+0530] {processor.py:927} WARNING - No viable dags retrieved from /home/jenny/.local/lib/python3.13/site-packages/airflow/example_dags/plugins/decreasing_priority_weight_strategy.py
[2026-03-01T15:09:52.820+0530] {processor.py:208} INFO - Processing /home/jenny/.local/lib/python3.13/site-packages/airflow/example_dags/plugins/decreasing_priority_weight_strategy.py took 0.026 seconds
[2026-03-01T19:41:10.340+0530] {processor.py:186} INFO - Started process (PID=254782) to work on /home/jenny/.local/lib/python3.13/site-packages/airflow/example_dags/plugins/decreasing_priority_weight_strategy.py
[2026-03-01T19:41:10.341+0530] {processor.py:914} INFO - Processing file /home/jenny/.local/lib/python3.13/site-packages/airflow/example_dags/plugins/decreasing_priority_weight_strategy.py for tasks to queue
[2026-03-01T19:41:10.341+0530] {logging_mixin.py:190} INFO - [2026-03-01T19:41:10.341+0530] {dagbag.py:588} INFO - Filling up the DagBag from /home/jenny/.local/lib/python3.13/site-packages/airflow/example_dags/plugins/decreasing_priority_weight_strategy.py
[2026-03-01T19:41:10.343+0530] {processor.py:927} WARNING - No viable dags retrieved from /home/jenny/.local/lib/python3.13/site-packages/airflow/example_dags/plugins/decreasing_priority_weight_strategy.py
[2026-03-01T19:41:10.351+0530] {processor.py:208} INFO - Processing /home/jenny/.local/lib/python3.13/site-packages/airflow/example_dags/plugins/decreasing_priority_weight_strategy.py took 0.015 seconds
[2026-03-01T19:41:55.608+0530] {processor.py:186} INFO - Started process (PID=255683) to work on /home/jenny/.local/lib/python3.13/site-packages/airflow/example_dags/plugins/decreasing_priority_weight_strategy.py
[2026-03-01T19:41:55.610+0530] {processor.py:914} INFO - Processing file /home/jenny/.local/lib/python3.13/site-packages/airflow/example_dags/plugins/decreasing_priority_weight_strategy.py for tasks to queue
[2026-03-01T19:41:55.611+0530] {logging_mixin.py:190} INFO - [2026-03-01T19:41:55.611+0530] {dagbag.py:588} INFO - Filling up the DagBag from /home/jenny/.local/lib/python3.13/site-packages/airflow/example_dags/plugins/decreasing_priority_weight_strategy.py
[2026-03-01T19:41:55.614+0530] {processor.py:927} WARNING - No viable dags retrieved from /home/jenny/.local/lib/python3.13/site-packages/airflow/example_dags/plugins/decreasing_priority_weight_strategy.py
[2026-03-01T19:41:55.621+0530] {processor.py:208} INFO - Processing /home/jenny/.local/lib/python3.13/site-packages/airflow/example_dags/plugins/decreasing_priority_weight_strategy.py took 0.017 seconds
[2026-03-01T19:42:50.711+0530] {processor.py:186} INFO - Started process (PID=256066) to work on /home/jenny/.local/lib/python3.13/site-packages/airflow/example_dags/plugins/decreasing_priority_weight_strategy.py
[2026-03-01T19:42:50.713+0530] {processor.py:914} INFO - Processing file /home/jenny/.local/lib/python3.13/site-packages/airflow/example_dags/plugins/decreasing_priority_weight_strategy.py for tasks to queue
[2026-03-01T19:42:50.714+0530] {logging_mixin.py:190} INFO - [2026-03-01T19:42:50.714+0530] {dagbag.py:588} INFO - Filling up the DagBag from /home/jenny/.local/lib/python3.13/site-packages/airflow/example_dags/plugins/decreasing_priority_weight_strategy.py
[2026-03-01T19:42:50.716+0530] {processor.py:927} WARNING - No viable dags retrieved from /home/jenny/.local/lib/python3.13/site-packages/airflow/example_dags/plugins/decreasing_priority_weight_strategy.py
[2026-03-01T19:42:50.724+0530] {processor.py:208} INFO - Processing /home/jenny/.local/lib/python3.13/site-packages/airflow/example_dags/plugins/decreasing_priority_weight_strategy.py took 0.018 seconds
[2026-03-01T19:43:45.106+0530] {processor.py:186} INFO - Started process (PID=256225) to work on /home/jenny/.local/lib/python3.13/site-packages/airflow/example_dags/plugins/decreasing_priority_weight_strategy.py
[2026-03-01T19:43:45.107+0530] {processor.py:914} INFO - Processing file /home/jenny/.local/lib/python3.13/site-packages/airflow/example_dags/plugins/decreasing_priority_weight_strategy.py for tasks to queue
[2026-03-01T19:43:45.109+0530] {logging_mixin.py:190} INFO - [2026-03-01T19:43:45.108+0530] {dagbag.py:588} INFO - Filling up the DagBag from /home/jenny/.local/lib/python3.13/site-packages/airflow/example_dags/plugins/decreasing_priority_weight_strategy.py
[2026-03-01T19:43:45.112+0530] {processor.py:927} WARNING - No viable dags retrieved from /home/jenny/.local/lib/python3.13/site-packages/airflow/example_dags/plugins/decreasing_priority_weight_strategy.py
[2026-03-01T19:43:45.119+0530] {processor.py:208} INFO - Processing /home/jenny/.local/lib/python3.13/site-packages/airflow/example_dags/plugins/decreasing_priority_weight_strategy.py took 0.018 seconds
[2026-03-01T19:44:37.031+0530] {processor.py:186} INFO - Started process (PID=256389) to work on /home/jenny/.local/lib/python3.13/site-packages/airflow/example_dags/plugins/decreasing_priority_weight_strategy.py
[2026-03-01T19:44:37.032+0530] {processor.py:914} INFO - Processing file /home/jenny/.local/lib/python3.13/site-packages/airflow/example_dags/plugins/decreasing_priority_weight_strategy.py for tasks to queue
[2026-03-01T19:44:37.034+0530] {logging_mixin.py:190} INFO - [2026-03-01T19:44:37.033+0530] {dagbag.py:588} INFO - Filling up the DagBag from /home/jenny/.local/lib/python3.13/site-packages/airflow/example_dags/plugins/decreasing_priority_weight_strategy.py
[2026-03-01T19:44:37.036+0530] {processor.py:927} WARNING - No viable dags retrieved from /home/jenny/.local/lib/python3.13/site-packages/airflow/example_dags/plugins/decreasing_priority_weight_strategy.py
[2026-03-01T19:44:37.043+0530] {processor.py:208} INFO - Processing /home/jenny/.local/lib/python3.13/site-packages/airflow/example_dags/plugins/decreasing_priority_weight_strategy.py took 0.016 seconds
[2026-03-01T19:45:29.086+0530] {processor.py:186} INFO - Started process (PID=256935) to work on /home/jenny/.local/lib/python3.13/site-packages/airflow/example_dags/plugins/decreasing_priority_weight_strategy.py
[2026-03-01T19:45:29.087+0530] {processor.py:914} INFO - Processing file /home/jenny/.local/lib/python3.13/site-packages/airflow/example_dags/plugins/decreasing_priority_weight_strategy.py for tasks to queue
[2026-03-01T19:45:29.089+0530] {logging_mixin.py:190} INFO - [2026-03-01T19:45:29.088+0530] {dagbag.py:588} INFO - Filling up the DagBag from /home/jenny/.local/lib/python3.13/site-packages/airflow/example_dags/plugins/decreasing_priority_weight_strategy.py
[2026-03-01T19:45:29.091+0530] {processor.py:927} WARNING - No viable dags retrieved from /home/jenny/.local/lib/python3.13/site-packages/airflow/example_dags/plugins/decreasing_priority_weight_strategy.py
[2026-03-01T19:45:29.098+0530] {processor.py:208} INFO - Processing /home/jenny/.local/lib/python3.13/site-packages/airflow/example_dags/plugins/decreasing_priority_weight_strategy.py took 0.018 seconds
[2026-03-01T19:46:20.835+0530] {processor.py:186} INFO - Started process (PID=257548) to work on /home/jenny/.local/lib/python3.13/site-packages/airflow/example_dags/plugins/decreasing_priority_weight_strategy.py
[2026-03-01T19:46:20.837+0530] {processor.py:914} INFO - Processing file /home/jenny/.local/lib/python3.13/site-packages/airflow/example_dags/plugins/decreasing_priority_weight_strategy.py for tasks to queue
[2026-03-01T19:46:20.838+0530] {logging_mixin.py:190} INFO - [2026-03-01T19:46:20.838+0530] {dagbag.py:588} INFO - Filling up the DagBag from /home/jenny/.local/lib/python3.13/site-packages/airflow/example_dags/plugins/decreasing_priority_weight_strategy.py
[2026-03-01T19:46:20.841+0530] {processor.py:927} WARNING - No viable dags retrieved from /home/jenny/.local/lib/python3.13/site-packages/airflow/example_dags/plugins/decreasing_priority_weight_strategy.py
[2026-03-01T19:46:20.848+0530] {processor.py:208} INFO - Processing /home/jenny/.local/lib/python3.13/site-packages/airflow/example_dags/plugins/decreasing_priority_weight_strategy.py took 0.017 seconds
[2026-03-01T19:47:13.475+0530] {processor.py:186} INFO - Started process (PID=259029) to work on /home/jenny/.local/lib/python3.13/site-packages/airflow/example_dags/plugins/decreasing_priority_weight_strategy.py
[2026-03-01T19:47:13.476+0530] {processor.py:914} INFO - Processing file /home/jenny/.local/lib/python3.13/site-packages/airflow/example_dags/plugins/decreasing_priority_weight_strategy.py for tasks to queue
[2026-03-01T19:47:13.477+0530] {logging_mixin.py:190} INFO - [2026-03-01T19:47:13.477+0530] {dagbag.py:588} INFO - Filling up the DagBag from /home/jenny/.local/lib/python3.13/site-packages/airflow/example_dags/plugins/decreasing_priority_weight_strategy.py
[2026-03-01T19:47:13.480+0530] {processor.py:927} WARNING - No viable dags retrieved from /home/jenny/.local/lib/python3.13/site-packages/airflow/example_dags/plugins/decreasing_priority_weight_strategy.py
[2026-03-01T19:47:13.487+0530] {processor.py:208} INFO - Processing /home/jenny/.local/lib/python3.13/site-packages/airflow/example_dags/plugins/decreasing_priority_weight_strategy.py took 0.016 seconds
[2026-03-01T19:48:06.666+0530] {processor.py:186} INFO - Started process (PID=260157) to work on /home/jenny/.local/lib/python3.13/site-packages/airflow/example_dags/plugins/decreasing_priority_weight_strategy.py
[2026-03-01T19:48:06.667+0530] {processor.py:914} INFO - Processing file /home/jenny/.local/lib/python3.13/site-packages/airflow/example_dags/plugins/decreasing_priority_weight_strategy.py for tasks to queue
[2026-03-01T19:48:06.668+0530] {logging_mixin.py:190} INFO - [2026-03-01T19:48:06.667+0530] {dagbag.py:588} INFO - Filling up the DagBag from /home/jenny/.local/lib/python3.13/site-packages/airflow/example_dags/plugins/decreasing_priority_weight_strategy.py
[2026-03-01T19:48:06.670+0530] {processor.py:927} WARNING - No viable dags retrieved from /home/jenny/.local/lib/python3.13/site-packages/airflow/example_dags/plugins/decreasing_priority_weight_strategy.py
[2026-03-01T19:48:06.676+0530] {processor.py:208} INFO - Processing /home/jenny/.local/lib/python3.13/site-packages/airflow/example_dags/plugins/decreasing_priority_weight_strategy.py took 0.016 seconds
[2026-03-01T19:48:59.347+0530] {processor.py:186} INFO - Started process (PID=261139) to work on /home/jenny/.local/lib/python3.13/site-packages/airflow/example_dags/plugins/decreasing_priority_weight_strategy.py
[2026-03-01T19:48:59.348+0530] {processor.py:914} INFO - Processing file /home/jenny/.local/lib/python3.13/site-packages/airflow/example_dags/plugins/decreasing_priority_weight_strategy.py for tasks to queue
[2026-03-01T19:48:59.350+0530] {logging_mixin.py:190} INFO - [2026-03-01T19:48:59.349+0530] {dagbag.py:588} INFO - Filling up the DagBag from /home/jenny/.local/lib/python3.13/site-packages/airflow/example_dags/plugins/decreasing_priority_weight_strategy.py
[2026-03-01T19:48:59.352+0530] {processor.py:927} WARNING - No viable dags retrieved from /home/jenny/.local/lib/python3.13/site-packages/airflow/example_dags/plugins/decreasing_priority_weight_strategy.py
[2026-03-01T19:48:59.358+0530] {processor.py:208} INFO - Processing /home/jenny/.local/lib/python3.13/site-packages/airflow/example_dags/plugins/decreasing_priority_weight_strategy.py took 0.015 seconds
[2026-03-01T19:49:53.441+0530] {processor.py:186} INFO - Started process (PID=261582) to work on /home/jenny/.local/lib/python3.13/site-packages/airflow/example_dags/plugins/decreasing_priority_weight_strategy.py
[2026-03-01T19:49:53.442+0530] {processor.py:914} INFO - Processing file /home/jenny/.local/lib/python3.13/site-packages/airflow/example_dags/plugins/decreasing_priority_weight_strategy.py for tasks to queue
[2026-03-01T19:49:53.443+0530] {logging_mixin.py:190} INFO - [2026-03-01T19:49:53.443+0530] {dagbag.py:588} INFO - Filling up the DagBag from /home/jenny/.local/lib/python3.13/site-packages/airflow/example_dags/plugins/decreasing_priority_weight_strategy.py
[2026-03-01T19:49:53.445+0530] {processor.py:927} WARNING - No viable dags retrieved from /home/jenny/.local/lib/python3.13/site-packages/airflow/example_dags/plugins/decreasing_priority_weight_strategy.py
[2026-03-01T19:49:53.456+0530] {processor.py:208} INFO - Processing /home/jenny/.local/lib/python3.13/site-packages/airflow/example_dags/plugins/decreasing_priority_weight_strategy.py took 0.022 seconds
[2026-03-01T19:50:46.672+0530] {processor.py:186} INFO - Started process (PID=261990) to work on /home/jenny/.local/lib/python3.13/site-packages/airflow/example_dags/plugins/decreasing_priority_weight_strategy.py
[2026-03-01T19:50:46.673+0530] {processor.py:914} INFO - Processing file /home/jenny/.local/lib/python3.13/site-packages/airflow/example_dags/plugins/decreasing_priority_weight_strategy.py for tasks to queue
[2026-03-01T19:50:46.674+0530] {logging_mixin.py:190} INFO - [2026-03-01T19:50:46.673+0530] {dagbag.py:588} INFO - Filling up the DagBag from /home/jenny/.local/lib/python3.13/site-packages/airflow/example_dags/plugins/decreasing_priority_weight_strategy.py
[2026-03-01T19:50:46.675+0530] {processor.py:927} WARNING - No viable dags retrieved from /home/jenny/.local/lib/python3.13/site-packages/airflow/example_dags/plugins/decreasing_priority_weight_strategy.py
[2026-03-01T19:50:46.683+0530] {processor.py:208} INFO - Processing /home/jenny/.local/lib/python3.13/site-packages/airflow/example_dags/plugins/decreasing_priority_weight_strategy.py took 0.014 seconds
[2026-03-01T19:51:40.488+0530] {processor.py:186} INFO - Started process (PID=262461) to work on /home/jenny/.local/lib/python3.13/site-packages/airflow/example_dags/plugins/decreasing_priority_weight_strategy.py
[2026-03-01T19:51:40.489+0530] {processor.py:914} INFO - Processing file /home/jenny/.local/lib/python3.13/site-packages/airflow/example_dags/plugins/decreasing_priority_weight_strategy.py for tasks to queue
[2026-03-01T19:51:40.490+0530] {logging_mixin.py:190} INFO - [2026-03-01T19:51:40.490+0530] {dagbag.py:588} INFO - Filling up the DagBag from /home/jenny/.local/lib/python3.13/site-packages/airflow/example_dags/plugins/decreasing_priority_weight_strategy.py
[2026-03-01T19:51:40.492+0530] {processor.py:927} WARNING - No viable dags retrieved from /home/jenny/.local/lib/python3.13/site-packages/airflow/example_dags/plugins/decreasing_priority_weight_strategy.py
[2026-03-01T19:51:40.497+0530] {processor.py:208} INFO - Processing /home/jenny/.local/lib/python3.13/site-packages/airflow/example_dags/plugins/decreasing_priority_weight_strategy.py took 0.014 seconds
[2026-03-01T19:52:34.483+0530] {processor.py:186} INFO - Started process (PID=262628) to work on /home/jenny/.local/lib/python3.13/site-packages/airflow/example_dags/plugins/decreasing_priority_weight_strategy.py
[2026-03-01T19:52:34.484+0530] {processor.py:914} INFO - Processing file /home/jenny/.local/lib/python3.13/site-packages/airflow/example_dags/plugins/decreasing_priority_weight_strategy.py for tasks to queue
[2026-03-01T19:52:34.485+0530] {logging_mixin.py:190} INFO - [2026-03-01T19:52:34.485+0530] {dagbag.py:588} INFO - Filling up the DagBag from /home/jenny/.local/lib/python3.13/site-packages/airflow/example_dags/plugins/decreasing_priority_weight_strategy.py
[2026-03-01T19:52:34.487+0530] {processor.py:927} WARNING - No viable dags retrieved from /home/jenny/.local/lib/python3.13/site-packages/airflow/example_dags/plugins/decreasing_priority_weight_strategy.py
[2026-03-01T19:52:34.493+0530] {processor.py:208} INFO - Processing /home/jenny/.local/lib/python3.13/site-packages/airflow/example_dags/plugins/decreasing_priority_weight_strategy.py took 0.014 seconds
[2026-03-01T19:53:28.544+0530] {processor.py:186} INFO - Started process (PID=262798) to work on /home/jenny/.local/lib/python3.13/site-packages/airflow/example_dags/plugins/decreasing_priority_weight_strategy.py
[2026-03-01T19:53:28.545+0530] {processor.py:914} INFO - Processing file /home/jenny/.local/lib/python3.13/site-packages/airflow/example_dags/plugins/decreasing_priority_weight_strategy.py for tasks to queue
[2026-03-01T19:53:28.545+0530] {logging_mixin.py:190} INFO - [2026-03-01T19:53:28.545+0530] {dagbag.py:588} INFO - Filling up the DagBag from /home/jenny/.local/lib/python3.13/site-packages/airflow/example_dags/plugins/decreasing_priority_weight_strategy.py
[2026-03-01T19:53:28.547+0530] {processor.py:927} WARNING - No viable dags retrieved from /home/jenny/.local/lib/python3.13/site-packages/airflow/example_dags/plugins/decreasing_priority_weight_strategy.py
[2026-03-01T19:53:28.553+0530] {processor.py:208} INFO - Processing /home/jenny/.local/lib/python3.13/site-packages/airflow/example_dags/plugins/decreasing_priority_weight_strategy.py took 0.013 seconds
