[2026-03-01T14:14:40.127+0530] {processor.py:186} INFO - Started process (PID=212666) to work on /home/jenny/.local/lib/python3.13/site-packages/airflow/example_dags/plugins/listener_plugin.py
[2026-03-01T14:14:40.128+0530] {processor.py:914} INFO - Processing file /home/jenny/.local/lib/python3.13/site-packages/airflow/example_dags/plugins/listener_plugin.py for tasks to queue
[2026-03-01T14:14:40.130+0530] {logging_mixin.py:190} INFO - [2026-03-01T14:14:40.130+0530] {dagbag.py:588} INFO - Filling up the DagBag from /home/jenny/.local/lib/python3.13/site-packages/airflow/example_dags/plugins/listener_plugin.py
[2026-03-01T14:14:40.132+0530] {processor.py:927} WARNING - No viable dags retrieved from /home/jenny/.local/lib/python3.13/site-packages/airflow/example_dags/plugins/listener_plugin.py
[2026-03-01T14:14:40.138+0530] {processor.py:208} INFO - Processing /home/jenny/.local/lib/python3.13/site-packages/airflow/example_dags/plugins/listener_plugin.py took 0.015 seconds
[2026-03-01T14:15:44.334+0530] {processor.py:186} INFO - Started process (PID=213360) to work on /home/jenny/.local/lib/python3.13/site-packages/airflow/example_dags/plugins/listener_plugin.py
[2026-03-01T14:15:44.335+0530] {processor.py:914} INFO - Processing file /home/jenny/.local/lib/python3.13/site-packages/airflow/example_dags/plugins/listener_plugin.py for tasks to queue
[2026-03-01T14:15:44.338+0530] {logging_mixin.py:190} INFO - [2026-03-01T14:15:44.337+0530] {dagbag.py:588} INFO - Filling up the DagBag from /home/jenny/.local/lib/python3.13/site-packages/airflow/example_dags/plugins/listener_plugin.py
[2026-03-01T14:15:44.340+0530] {processor.py:927} WARNING - No viable dags retrieved from /home/jenny/.local/lib/python3.13/site-packages/airflow/example_dags/plugins/listener_plugin.py
[2026-03-01T14:15:44.346+0530] {processor.py:208} INFO - Processing /home/jenny/.local/lib/python3.13/site-packages/airflow/example_dags/plugins/listener_plugin.py took 0.016 seconds
[2026-03-01T14:16:39.547+0530] {processor.py:186} INFO - Started process (PID=214046) to work on /home/jenny/.local/lib/python3.13/site-packages/airflow/example_dags/plugins/listener_plugin.py
[2026-03-01T14:16:39.547+0530] {processor.py:914} INFO - Processing file /home/jenny/.local/lib/python3.13/site-packages/airflow/example_dags/plugins/listener_plugin.py for tasks to queue
[2026-03-01T14:16:39.549+0530] {logging_mixin.py:190} INFO - [2026-03-01T14:16:39.549+0530] {dagbag.py:588} INFO - Filling up the DagBag from /home/jenny/.local/lib/python3.13/site-packages/airflow/example_dags/plugins/listener_plugin.py
[2026-03-01T14:16:39.551+0530] {processor.py:927} WARNING - No viable dags retrieved from /home/jenny/.local/lib/python3.13/site-packages/airflow/example_dags/plugins/listener_plugin.py
[2026-03-01T14:16:39.557+0530] {processor.py:208} INFO - Processing /home/jenny/.local/lib/python3.13/site-packages/airflow/example_dags/plugins/listener_plugin.py took 0.014 seconds
[2026-03-01T14:17:33.729+0530] {processor.py:186} INFO - Started process (PID=215160) to work on /home/jenny/.local/lib/python3.13/site-packages/airflow/example_dags/plugins/listener_plugin.py
[2026-03-01T14:17:33.730+0530] {processor.py:914} INFO - Processing file /home/jenny/.local/lib/python3.13/site-packages/airflow/example_dags/plugins/listener_plugin.py for tasks to queue
[2026-03-01T14:17:33.733+0530] {logging_mixin.py:190} INFO - [2026-03-01T14:17:33.733+0530] {dagbag.py:588} INFO - Filling up the DagBag from /home/jenny/.local/lib/python3.13/site-packages/airflow/example_dags/plugins/listener_plugin.py
[2026-03-01T14:17:33.735+0530] {processor.py:927} WARNING - No viable dags retrieved from /home/jenny/.local/lib/python3.13/site-packages/airflow/example_dags/plugins/listener_plugin.py
[2026-03-01T14:17:33.742+0530] {processor.py:208} INFO - Processing /home/jenny/.local/lib/python3.13/site-packages/airflow/example_dags/plugins/listener_plugin.py took 0.018 seconds
[2026-03-01T14:17:58.006+0530] {processor.py:186} INFO - Started process (PID=215558) to work on /home/jenny/.local/lib/python3.13/site-packages/airflow/example_dags/plugins/listener_plugin.py
[2026-03-01T14:17:58.007+0530] {processor.py:914} INFO - Processing file /home/jenny/.local/lib/python3.13/site-packages/airflow/example_dags/plugins/listener_plugin.py for tasks to queue
[2026-03-01T14:17:58.010+0530] {logging_mixin.py:190} INFO - [2026-03-01T14:17:58.009+0530] {dagbag.py:588} INFO - Filling up the DagBag from /home/jenny/.local/lib/python3.13/site-packages/airflow/example_dags/plugins/listener_plugin.py
[2026-03-01T14:17:58.012+0530] {processor.py:927} WARNING - No viable dags retrieved from /home/jenny/.local/lib/python3.13/site-packages/airflow/example_dags/plugins/listener_plugin.py
[2026-03-01T14:17:58.018+0530] {processor.py:208} INFO - Processing /home/jenny/.local/lib/python3.13/site-packages/airflow/example_dags/plugins/listener_plugin.py took 0.018 seconds
[2026-03-01T14:19:00.113+0530] {processor.py:186} INFO - Started process (PID=215922) to work on /home/jenny/.local/lib/python3.13/site-packages/airflow/example_dags/plugins/listener_plugin.py
[2026-03-01T14:19:00.114+0530] {processor.py:914} INFO - Processing file /home/jenny/.local/lib/python3.13/site-packages/airflow/example_dags/plugins/listener_plugin.py for tasks to queue
[2026-03-01T14:19:00.116+0530] {logging_mixin.py:190} INFO - [2026-03-01T14:19:00.116+0530] {dagbag.py:588} INFO - Filling up the DagBag from /home/jenny/.local/lib/python3.13/site-packages/airflow/example_dags/plugins/listener_plugin.py
[2026-03-01T14:19:00.118+0530] {processor.py:927} WARNING - No viable dags retrieved from /home/jenny/.local/lib/python3.13/site-packages/airflow/example_dags/plugins/listener_plugin.py
[2026-03-01T14:19:00.125+0530] {processor.py:208} INFO - Processing /home/jenny/.local/lib/python3.13/site-packages/airflow/example_dags/plugins/listener_plugin.py took 0.015 seconds
[2026-03-01T14:19:58.706+0530] {processor.py:186} INFO - Started process (PID=216624) to work on /home/jenny/.local/lib/python3.13/site-packages/airflow/example_dags/plugins/listener_plugin.py
[2026-03-01T14:19:58.707+0530] {processor.py:914} INFO - Processing file /home/jenny/.local/lib/python3.13/site-packages/airflow/example_dags/plugins/listener_plugin.py for tasks to queue
[2026-03-01T14:19:58.709+0530] {logging_mixin.py:190} INFO - [2026-03-01T14:19:58.709+0530] {dagbag.py:588} INFO - Filling up the DagBag from /home/jenny/.local/lib/python3.13/site-packages/airflow/example_dags/plugins/listener_plugin.py
[2026-03-01T14:19:58.711+0530] {processor.py:927} WARNING - No viable dags retrieved from /home/jenny/.local/lib/python3.13/site-packages/airflow/example_dags/plugins/listener_plugin.py
[2026-03-01T14:19:58.719+0530] {processor.py:208} INFO - Processing /home/jenny/.local/lib/python3.13/site-packages/airflow/example_dags/plugins/listener_plugin.py took 0.018 seconds
[2026-03-01T14:20:55.892+0530] {processor.py:186} INFO - Started process (PID=216778) to work on /home/jenny/.local/lib/python3.13/site-packages/airflow/example_dags/plugins/listener_plugin.py
[2026-03-01T14:20:55.893+0530] {processor.py:914} INFO - Processing file /home/jenny/.local/lib/python3.13/site-packages/airflow/example_dags/plugins/listener_plugin.py for tasks to queue
[2026-03-01T14:20:55.896+0530] {logging_mixin.py:190} INFO - [2026-03-01T14:20:55.895+0530] {dagbag.py:588} INFO - Filling up the DagBag from /home/jenny/.local/lib/python3.13/site-packages/airflow/example_dags/plugins/listener_plugin.py
[2026-03-01T14:20:55.898+0530] {processor.py:927} WARNING - No viable dags retrieved from /home/jenny/.local/lib/python3.13/site-packages/airflow/example_dags/plugins/listener_plugin.py
[2026-03-01T14:20:55.904+0530] {processor.py:208} INFO - Processing /home/jenny/.local/lib/python3.13/site-packages/airflow/example_dags/plugins/listener_plugin.py took 0.018 seconds
[2026-03-01T14:21:52.713+0530] {processor.py:186} INFO - Started process (PID=216946) to work on /home/jenny/.local/lib/python3.13/site-packages/airflow/example_dags/plugins/listener_plugin.py
[2026-03-01T14:21:52.714+0530] {processor.py:914} INFO - Processing file /home/jenny/.local/lib/python3.13/site-packages/airflow/example_dags/plugins/listener_plugin.py for tasks to queue
[2026-03-01T14:21:52.717+0530] {logging_mixin.py:190} INFO - [2026-03-01T14:21:52.717+0530] {dagbag.py:588} INFO - Filling up the DagBag from /home/jenny/.local/lib/python3.13/site-packages/airflow/example_dags/plugins/listener_plugin.py
[2026-03-01T14:21:52.719+0530] {processor.py:927} WARNING - No viable dags retrieved from /home/jenny/.local/lib/python3.13/site-packages/airflow/example_dags/plugins/listener_plugin.py
[2026-03-01T14:21:52.726+0530] {processor.py:208} INFO - Processing /home/jenny/.local/lib/python3.13/site-packages/airflow/example_dags/plugins/listener_plugin.py took 0.019 seconds
[2026-03-01T14:22:45.760+0530] {processor.py:186} INFO - Started process (PID=218724) to work on /home/jenny/.local/lib/python3.13/site-packages/airflow/example_dags/plugins/listener_plugin.py
[2026-03-01T14:22:45.761+0530] {processor.py:914} INFO - Processing file /home/jenny/.local/lib/python3.13/site-packages/airflow/example_dags/plugins/listener_plugin.py for tasks to queue
[2026-03-01T14:22:45.764+0530] {logging_mixin.py:190} INFO - [2026-03-01T14:22:45.763+0530] {dagbag.py:588} INFO - Filling up the DagBag from /home/jenny/.local/lib/python3.13/site-packages/airflow/example_dags/plugins/listener_plugin.py
[2026-03-01T14:22:45.766+0530] {processor.py:927} WARNING - No viable dags retrieved from /home/jenny/.local/lib/python3.13/site-packages/airflow/example_dags/plugins/listener_plugin.py
[2026-03-01T14:22:45.772+0530] {processor.py:208} INFO - Processing /home/jenny/.local/lib/python3.13/site-packages/airflow/example_dags/plugins/listener_plugin.py took 0.018 seconds
[2026-03-01T14:23:40.748+0530] {processor.py:186} INFO - Started process (PID=219866) to work on /home/jenny/.local/lib/python3.13/site-packages/airflow/example_dags/plugins/listener_plugin.py
[2026-03-01T14:23:40.760+0530] {processor.py:914} INFO - Processing file /home/jenny/.local/lib/python3.13/site-packages/airflow/example_dags/plugins/listener_plugin.py for tasks to queue
[2026-03-01T14:23:40.763+0530] {logging_mixin.py:190} INFO - [2026-03-01T14:23:40.763+0530] {dagbag.py:588} INFO - Filling up the DagBag from /home/jenny/.local/lib/python3.13/site-packages/airflow/example_dags/plugins/listener_plugin.py
[2026-03-01T14:23:40.766+0530] {processor.py:927} WARNING - No viable dags retrieved from /home/jenny/.local/lib/python3.13/site-packages/airflow/example_dags/plugins/listener_plugin.py
[2026-03-01T14:23:40.773+0530] {processor.py:208} INFO - Processing /home/jenny/.local/lib/python3.13/site-packages/airflow/example_dags/plugins/listener_plugin.py took 0.029 seconds
[2026-03-01T14:24:41.827+0530] {processor.py:186} INFO - Started process (PID=220720) to work on /home/jenny/.local/lib/python3.13/site-packages/airflow/example_dags/plugins/listener_plugin.py
[2026-03-01T14:24:41.828+0530] {processor.py:914} INFO - Processing file /home/jenny/.local/lib/python3.13/site-packages/airflow/example_dags/plugins/listener_plugin.py for tasks to queue
[2026-03-01T14:24:41.831+0530] {logging_mixin.py:190} INFO - [2026-03-01T14:24:41.831+0530] {dagbag.py:588} INFO - Filling up the DagBag from /home/jenny/.local/lib/python3.13/site-packages/airflow/example_dags/plugins/listener_plugin.py
[2026-03-01T14:24:41.833+0530] {processor.py:927} WARNING - No viable dags retrieved from /home/jenny/.local/lib/python3.13/site-packages/airflow/example_dags/plugins/listener_plugin.py
[2026-03-01T14:24:41.840+0530] {processor.py:208} INFO - Processing /home/jenny/.local/lib/python3.13/site-packages/airflow/example_dags/plugins/listener_plugin.py took 0.019 seconds
[2026-03-01T14:25:31.361+0530] {processor.py:186} INFO - Started process (PID=222730) to work on /home/jenny/.local/lib/python3.13/site-packages/airflow/example_dags/plugins/listener_plugin.py
[2026-03-01T14:25:31.362+0530] {processor.py:914} INFO - Processing file /home/jenny/.local/lib/python3.13/site-packages/airflow/example_dags/plugins/listener_plugin.py for tasks to queue
[2026-03-01T14:25:31.364+0530] {logging_mixin.py:190} INFO - [2026-03-01T14:25:31.364+0530] {dagbag.py:588} INFO - Filling up the DagBag from /home/jenny/.local/lib/python3.13/site-packages/airflow/example_dags/plugins/listener_plugin.py
[2026-03-01T14:25:31.366+0530] {processor.py:927} WARNING - No viable dags retrieved from /home/jenny/.local/lib/python3.13/site-packages/airflow/example_dags/plugins/listener_plugin.py
[2026-03-01T14:25:31.377+0530] {processor.py:208} INFO - Processing /home/jenny/.local/lib/python3.13/site-packages/airflow/example_dags/plugins/listener_plugin.py took 0.019 seconds
[2026-03-01T14:26:27.918+0530] {processor.py:186} INFO - Started process (PID=225608) to work on /home/jenny/.local/lib/python3.13/site-packages/airflow/example_dags/plugins/listener_plugin.py
[2026-03-01T14:26:27.919+0530] {processor.py:914} INFO - Processing file /home/jenny/.local/lib/python3.13/site-packages/airflow/example_dags/plugins/listener_plugin.py for tasks to queue
[2026-03-01T14:26:27.922+0530] {logging_mixin.py:190} INFO - [2026-03-01T14:26:27.921+0530] {dagbag.py:588} INFO - Filling up the DagBag from /home/jenny/.local/lib/python3.13/site-packages/airflow/example_dags/plugins/listener_plugin.py
[2026-03-01T14:26:27.924+0530] {processor.py:927} WARNING - No viable dags retrieved from /home/jenny/.local/lib/python3.13/site-packages/airflow/example_dags/plugins/listener_plugin.py
[2026-03-01T14:26:27.930+0530] {processor.py:208} INFO - Processing /home/jenny/.local/lib/python3.13/site-packages/airflow/example_dags/plugins/listener_plugin.py took 0.017 seconds
[2026-03-01T14:27:53.101+0530] {processor.py:186} INFO - Started process (PID=227649) to work on /home/jenny/.local/lib/python3.13/site-packages/airflow/example_dags/plugins/listener_plugin.py
[2026-03-01T14:27:53.103+0530] {processor.py:914} INFO - Processing file /home/jenny/.local/lib/python3.13/site-packages/airflow/example_dags/plugins/listener_plugin.py for tasks to queue
[2026-03-01T14:27:53.105+0530] {logging_mixin.py:190} INFO - [2026-03-01T14:27:53.105+0530] {dagbag.py:588} INFO - Filling up the DagBag from /home/jenny/.local/lib/python3.13/site-packages/airflow/example_dags/plugins/listener_plugin.py
[2026-03-01T14:27:53.107+0530] {processor.py:927} WARNING - No viable dags retrieved from /home/jenny/.local/lib/python3.13/site-packages/airflow/example_dags/plugins/listener_plugin.py
[2026-03-01T14:27:53.116+0530] {processor.py:208} INFO - Processing /home/jenny/.local/lib/python3.13/site-packages/airflow/example_dags/plugins/listener_plugin.py took 0.020 seconds
[2026-03-01T14:29:36.495+0530] {processor.py:186} INFO - Started process (PID=229722) to work on /home/jenny/.local/lib/python3.13/site-packages/airflow/example_dags/plugins/listener_plugin.py
[2026-03-01T14:29:36.496+0530] {processor.py:914} INFO - Processing file /home/jenny/.local/lib/python3.13/site-packages/airflow/example_dags/plugins/listener_plugin.py for tasks to queue
[2026-03-01T14:29:36.499+0530] {logging_mixin.py:190} INFO - [2026-03-01T14:29:36.498+0530] {dagbag.py:588} INFO - Filling up the DagBag from /home/jenny/.local/lib/python3.13/site-packages/airflow/example_dags/plugins/listener_plugin.py
[2026-03-01T14:29:36.501+0530] {processor.py:927} WARNING - No viable dags retrieved from /home/jenny/.local/lib/python3.13/site-packages/airflow/example_dags/plugins/listener_plugin.py
[2026-03-01T14:29:36.511+0530] {processor.py:208} INFO - Processing /home/jenny/.local/lib/python3.13/site-packages/airflow/example_dags/plugins/listener_plugin.py took 0.021 seconds
[2026-03-01T14:30:26.979+0530] {processor.py:186} INFO - Started process (PID=230156) to work on /home/jenny/.local/lib/python3.13/site-packages/airflow/example_dags/plugins/listener_plugin.py
[2026-03-01T14:30:26.980+0530] {processor.py:914} INFO - Processing file /home/jenny/.local/lib/python3.13/site-packages/airflow/example_dags/plugins/listener_plugin.py for tasks to queue
[2026-03-01T14:30:26.982+0530] {logging_mixin.py:190} INFO - [2026-03-01T14:30:26.982+0530] {dagbag.py:588} INFO - Filling up the DagBag from /home/jenny/.local/lib/python3.13/site-packages/airflow/example_dags/plugins/listener_plugin.py
[2026-03-01T14:30:26.984+0530] {processor.py:927} WARNING - No viable dags retrieved from /home/jenny/.local/lib/python3.13/site-packages/airflow/example_dags/plugins/listener_plugin.py
[2026-03-01T14:30:26.990+0530] {processor.py:208} INFO - Processing /home/jenny/.local/lib/python3.13/site-packages/airflow/example_dags/plugins/listener_plugin.py took 0.016 seconds
[2026-03-01T14:31:29.702+0530] {processor.py:186} INFO - Started process (PID=231567) to work on /home/jenny/.local/lib/python3.13/site-packages/airflow/example_dags/plugins/listener_plugin.py
[2026-03-01T14:31:29.704+0530] {processor.py:914} INFO - Processing file /home/jenny/.local/lib/python3.13/site-packages/airflow/example_dags/plugins/listener_plugin.py for tasks to queue
[2026-03-01T14:31:29.707+0530] {logging_mixin.py:190} INFO - [2026-03-01T14:31:29.706+0530] {dagbag.py:588} INFO - Filling up the DagBag from /home/jenny/.local/lib/python3.13/site-packages/airflow/example_dags/plugins/listener_plugin.py
[2026-03-01T14:31:29.709+0530] {processor.py:927} WARNING - No viable dags retrieved from /home/jenny/.local/lib/python3.13/site-packages/airflow/example_dags/plugins/listener_plugin.py
[2026-03-01T14:31:29.716+0530] {processor.py:208} INFO - Processing /home/jenny/.local/lib/python3.13/site-packages/airflow/example_dags/plugins/listener_plugin.py took 0.019 seconds
[2026-03-01T14:32:09.600+0530] {processor.py:186} INFO - Started process (PID=231749) to work on /home/jenny/.local/lib/python3.13/site-packages/airflow/example_dags/plugins/listener_plugin.py
[2026-03-01T14:32:09.602+0530] {processor.py:914} INFO - Processing file /home/jenny/.local/lib/python3.13/site-packages/airflow/example_dags/plugins/listener_plugin.py for tasks to queue
[2026-03-01T14:32:09.604+0530] {logging_mixin.py:190} INFO - [2026-03-01T14:32:09.604+0530] {dagbag.py:588} INFO - Filling up the DagBag from /home/jenny/.local/lib/python3.13/site-packages/airflow/example_dags/plugins/listener_plugin.py
[2026-03-01T14:32:09.606+0530] {processor.py:927} WARNING - No viable dags retrieved from /home/jenny/.local/lib/python3.13/site-packages/airflow/example_dags/plugins/listener_plugin.py
[2026-03-01T14:32:09.613+0530] {processor.py:208} INFO - Processing /home/jenny/.local/lib/python3.13/site-packages/airflow/example_dags/plugins/listener_plugin.py took 0.017 seconds
[2026-03-01T14:33:44.426+0530] {processor.py:186} INFO - Started process (PID=233281) to work on /home/jenny/.local/lib/python3.13/site-packages/airflow/example_dags/plugins/listener_plugin.py
[2026-03-01T14:33:44.428+0530] {processor.py:914} INFO - Processing file /home/jenny/.local/lib/python3.13/site-packages/airflow/example_dags/plugins/listener_plugin.py for tasks to queue
[2026-03-01T14:33:44.431+0530] {logging_mixin.py:190} INFO - [2026-03-01T14:33:44.430+0530] {dagbag.py:588} INFO - Filling up the DagBag from /home/jenny/.local/lib/python3.13/site-packages/airflow/example_dags/plugins/listener_plugin.py
[2026-03-01T14:33:44.434+0530] {processor.py:927} WARNING - No viable dags retrieved from /home/jenny/.local/lib/python3.13/site-packages/airflow/example_dags/plugins/listener_plugin.py
[2026-03-01T14:33:44.441+0530] {processor.py:208} INFO - Processing /home/jenny/.local/lib/python3.13/site-packages/airflow/example_dags/plugins/listener_plugin.py took 0.021 seconds
[2026-03-01T14:34:27.411+0530] {processor.py:186} INFO - Started process (PID=233414) to work on /home/jenny/.local/lib/python3.13/site-packages/airflow/example_dags/plugins/listener_plugin.py
[2026-03-01T14:34:27.412+0530] {processor.py:914} INFO - Processing file /home/jenny/.local/lib/python3.13/site-packages/airflow/example_dags/plugins/listener_plugin.py for tasks to queue
[2026-03-01T14:34:27.413+0530] {logging_mixin.py:190} INFO - [2026-03-01T14:34:27.413+0530] {dagbag.py:588} INFO - Filling up the DagBag from /home/jenny/.local/lib/python3.13/site-packages/airflow/example_dags/plugins/listener_plugin.py
[2026-03-01T14:34:27.415+0530] {processor.py:927} WARNING - No viable dags retrieved from /home/jenny/.local/lib/python3.13/site-packages/airflow/example_dags/plugins/listener_plugin.py
[2026-03-01T14:34:27.422+0530] {processor.py:208} INFO - Processing /home/jenny/.local/lib/python3.13/site-packages/airflow/example_dags/plugins/listener_plugin.py took 0.016 seconds
[2026-03-01T14:35:20.110+0530] {processor.py:186} INFO - Started process (PID=233894) to work on /home/jenny/.local/lib/python3.13/site-packages/airflow/example_dags/plugins/listener_plugin.py
[2026-03-01T14:35:20.111+0530] {processor.py:914} INFO - Processing file /home/jenny/.local/lib/python3.13/site-packages/airflow/example_dags/plugins/listener_plugin.py for tasks to queue
[2026-03-01T14:35:20.114+0530] {logging_mixin.py:190} INFO - [2026-03-01T14:35:20.114+0530] {dagbag.py:588} INFO - Filling up the DagBag from /home/jenny/.local/lib/python3.13/site-packages/airflow/example_dags/plugins/listener_plugin.py
[2026-03-01T14:35:20.116+0530] {processor.py:927} WARNING - No viable dags retrieved from /home/jenny/.local/lib/python3.13/site-packages/airflow/example_dags/plugins/listener_plugin.py
[2026-03-01T14:35:20.123+0530] {processor.py:208} INFO - Processing /home/jenny/.local/lib/python3.13/site-packages/airflow/example_dags/plugins/listener_plugin.py took 0.019 seconds
[2026-03-01T14:36:14.485+0530] {processor.py:186} INFO - Started process (PID=234041) to work on /home/jenny/.local/lib/python3.13/site-packages/airflow/example_dags/plugins/listener_plugin.py
[2026-03-01T14:36:14.486+0530] {processor.py:914} INFO - Processing file /home/jenny/.local/lib/python3.13/site-packages/airflow/example_dags/plugins/listener_plugin.py for tasks to queue
[2026-03-01T14:36:14.489+0530] {logging_mixin.py:190} INFO - [2026-03-01T14:36:14.489+0530] {dagbag.py:588} INFO - Filling up the DagBag from /home/jenny/.local/lib/python3.13/site-packages/airflow/example_dags/plugins/listener_plugin.py
[2026-03-01T14:36:14.491+0530] {processor.py:927} WARNING - No viable dags retrieved from /home/jenny/.local/lib/python3.13/site-packages/airflow/example_dags/plugins/listener_plugin.py
[2026-03-01T14:36:14.498+0530] {processor.py:208} INFO - Processing /home/jenny/.local/lib/python3.13/site-packages/airflow/example_dags/plugins/listener_plugin.py took 0.019 seconds
[2026-03-01T14:37:09.802+0530] {processor.py:186} INFO - Started process (PID=234211) to work on /home/jenny/.local/lib/python3.13/site-packages/airflow/example_dags/plugins/listener_plugin.py
[2026-03-01T14:37:09.803+0530] {processor.py:914} INFO - Processing file /home/jenny/.local/lib/python3.13/site-packages/airflow/example_dags/plugins/listener_plugin.py for tasks to queue
[2026-03-01T14:37:09.805+0530] {logging_mixin.py:190} INFO - [2026-03-01T14:37:09.805+0530] {dagbag.py:588} INFO - Filling up the DagBag from /home/jenny/.local/lib/python3.13/site-packages/airflow/example_dags/plugins/listener_plugin.py
[2026-03-01T14:37:09.808+0530] {processor.py:927} WARNING - No viable dags retrieved from /home/jenny/.local/lib/python3.13/site-packages/airflow/example_dags/plugins/listener_plugin.py
[2026-03-01T14:37:09.814+0530] {processor.py:208} INFO - Processing /home/jenny/.local/lib/python3.13/site-packages/airflow/example_dags/plugins/listener_plugin.py took 0.018 seconds
[2026-03-01T14:38:04.773+0530] {processor.py:186} INFO - Started process (PID=234493) to work on /home/jenny/.local/lib/python3.13/site-packages/airflow/example_dags/plugins/listener_plugin.py
[2026-03-01T14:38:04.774+0530] {processor.py:914} INFO - Processing file /home/jenny/.local/lib/python3.13/site-packages/airflow/example_dags/plugins/listener_plugin.py for tasks to queue
[2026-03-01T14:38:04.776+0530] {logging_mixin.py:190} INFO - [2026-03-01T14:38:04.775+0530] {dagbag.py:588} INFO - Filling up the DagBag from /home/jenny/.local/lib/python3.13/site-packages/airflow/example_dags/plugins/listener_plugin.py
[2026-03-01T14:38:04.777+0530] {processor.py:927} WARNING - No viable dags retrieved from /home/jenny/.local/lib/python3.13/site-packages/airflow/example_dags/plugins/listener_plugin.py
[2026-03-01T14:38:04.785+0530] {processor.py:208} INFO - Processing /home/jenny/.local/lib/python3.13/site-packages/airflow/example_dags/plugins/listener_plugin.py took 0.017 seconds
[2026-03-01T14:38:59.459+0530] {processor.py:186} INFO - Started process (PID=235059) to work on /home/jenny/.local/lib/python3.13/site-packages/airflow/example_dags/plugins/listener_plugin.py
[2026-03-01T14:38:59.460+0530] {processor.py:914} INFO - Processing file /home/jenny/.local/lib/python3.13/site-packages/airflow/example_dags/plugins/listener_plugin.py for tasks to queue
[2026-03-01T14:38:59.463+0530] {logging_mixin.py:190} INFO - [2026-03-01T14:38:59.462+0530] {dagbag.py:588} INFO - Filling up the DagBag from /home/jenny/.local/lib/python3.13/site-packages/airflow/example_dags/plugins/listener_plugin.py
[2026-03-01T14:38:59.466+0530] {processor.py:927} WARNING - No viable dags retrieved from /home/jenny/.local/lib/python3.13/site-packages/airflow/example_dags/plugins/listener_plugin.py
[2026-03-01T14:38:59.477+0530] {processor.py:208} INFO - Processing /home/jenny/.local/lib/python3.13/site-packages/airflow/example_dags/plugins/listener_plugin.py took 0.024 seconds
[2026-03-01T14:39:51.302+0530] {processor.py:186} INFO - Started process (PID=235212) to work on /home/jenny/.local/lib/python3.13/site-packages/airflow/example_dags/plugins/listener_plugin.py
[2026-03-01T14:39:51.303+0530] {processor.py:914} INFO - Processing file /home/jenny/.local/lib/python3.13/site-packages/airflow/example_dags/plugins/listener_plugin.py for tasks to queue
[2026-03-01T14:39:51.306+0530] {logging_mixin.py:190} INFO - [2026-03-01T14:39:51.305+0530] {dagbag.py:588} INFO - Filling up the DagBag from /home/jenny/.local/lib/python3.13/site-packages/airflow/example_dags/plugins/listener_plugin.py
[2026-03-01T14:39:51.308+0530] {processor.py:927} WARNING - No viable dags retrieved from /home/jenny/.local/lib/python3.13/site-packages/airflow/example_dags/plugins/listener_plugin.py
[2026-03-01T14:39:51.314+0530] {processor.py:208} INFO - Processing /home/jenny/.local/lib/python3.13/site-packages/airflow/example_dags/plugins/listener_plugin.py took 0.017 seconds
[2026-03-01T14:40:45.815+0530] {processor.py:186} INFO - Started process (PID=237256) to work on /home/jenny/.local/lib/python3.13/site-packages/airflow/example_dags/plugins/listener_plugin.py
[2026-03-01T14:40:45.816+0530] {processor.py:914} INFO - Processing file /home/jenny/.local/lib/python3.13/site-packages/airflow/example_dags/plugins/listener_plugin.py for tasks to queue
[2026-03-01T14:40:45.818+0530] {logging_mixin.py:190} INFO - [2026-03-01T14:40:45.818+0530] {dagbag.py:588} INFO - Filling up the DagBag from /home/jenny/.local/lib/python3.13/site-packages/airflow/example_dags/plugins/listener_plugin.py
[2026-03-01T14:40:45.820+0530] {processor.py:927} WARNING - No viable dags retrieved from /home/jenny/.local/lib/python3.13/site-packages/airflow/example_dags/plugins/listener_plugin.py
[2026-03-01T14:40:45.827+0530] {processor.py:208} INFO - Processing /home/jenny/.local/lib/python3.13/site-packages/airflow/example_dags/plugins/listener_plugin.py took 0.016 seconds
[2026-03-01T14:41:39.426+0530] {processor.py:186} INFO - Started process (PID=239492) to work on /home/jenny/.local/lib/python3.13/site-packages/airflow/example_dags/plugins/listener_plugin.py
[2026-03-01T14:41:39.428+0530] {processor.py:914} INFO - Processing file /home/jenny/.local/lib/python3.13/site-packages/airflow/example_dags/plugins/listener_plugin.py for tasks to queue
[2026-03-01T14:41:39.430+0530] {logging_mixin.py:190} INFO - [2026-03-01T14:41:39.430+0530] {dagbag.py:588} INFO - Filling up the DagBag from /home/jenny/.local/lib/python3.13/site-packages/airflow/example_dags/plugins/listener_plugin.py
[2026-03-01T14:41:39.432+0530] {processor.py:927} WARNING - No viable dags retrieved from /home/jenny/.local/lib/python3.13/site-packages/airflow/example_dags/plugins/listener_plugin.py
[2026-03-01T14:41:39.439+0530] {processor.py:208} INFO - Processing /home/jenny/.local/lib/python3.13/site-packages/airflow/example_dags/plugins/listener_plugin.py took 0.018 seconds
[2026-03-01T14:42:33.284+0530] {processor.py:186} INFO - Started process (PID=239656) to work on /home/jenny/.local/lib/python3.13/site-packages/airflow/example_dags/plugins/listener_plugin.py
[2026-03-01T14:42:33.285+0530] {processor.py:914} INFO - Processing file /home/jenny/.local/lib/python3.13/site-packages/airflow/example_dags/plugins/listener_plugin.py for tasks to queue
[2026-03-01T14:42:33.287+0530] {logging_mixin.py:190} INFO - [2026-03-01T14:42:33.287+0530] {dagbag.py:588} INFO - Filling up the DagBag from /home/jenny/.local/lib/python3.13/site-packages/airflow/example_dags/plugins/listener_plugin.py
[2026-03-01T14:42:33.289+0530] {processor.py:927} WARNING - No viable dags retrieved from /home/jenny/.local/lib/python3.13/site-packages/airflow/example_dags/plugins/listener_plugin.py
[2026-03-01T14:42:33.295+0530] {processor.py:208} INFO - Processing /home/jenny/.local/lib/python3.13/site-packages/airflow/example_dags/plugins/listener_plugin.py took 0.016 seconds
[2026-03-01T14:43:26.045+0530] {processor.py:186} INFO - Started process (PID=239796) to work on /home/jenny/.local/lib/python3.13/site-packages/airflow/example_dags/plugins/listener_plugin.py
[2026-03-01T14:43:26.046+0530] {processor.py:914} INFO - Processing file /home/jenny/.local/lib/python3.13/site-packages/airflow/example_dags/plugins/listener_plugin.py for tasks to queue
[2026-03-01T14:43:26.049+0530] {logging_mixin.py:190} INFO - [2026-03-01T14:43:26.048+0530] {dagbag.py:588} INFO - Filling up the DagBag from /home/jenny/.local/lib/python3.13/site-packages/airflow/example_dags/plugins/listener_plugin.py
[2026-03-01T14:43:26.051+0530] {processor.py:927} WARNING - No viable dags retrieved from /home/jenny/.local/lib/python3.13/site-packages/airflow/example_dags/plugins/listener_plugin.py
[2026-03-01T14:43:26.057+0530] {processor.py:208} INFO - Processing /home/jenny/.local/lib/python3.13/site-packages/airflow/example_dags/plugins/listener_plugin.py took 0.017 seconds
[2026-03-01T14:44:17.511+0530] {processor.py:186} INFO - Started process (PID=239961) to work on /home/jenny/.local/lib/python3.13/site-packages/airflow/example_dags/plugins/listener_plugin.py
[2026-03-01T14:44:17.512+0530] {processor.py:914} INFO - Processing file /home/jenny/.local/lib/python3.13/site-packages/airflow/example_dags/plugins/listener_plugin.py for tasks to queue
[2026-03-01T14:44:17.513+0530] {logging_mixin.py:190} INFO - [2026-03-01T14:44:17.513+0530] {dagbag.py:588} INFO - Filling up the DagBag from /home/jenny/.local/lib/python3.13/site-packages/airflow/example_dags/plugins/listener_plugin.py
[2026-03-01T14:44:17.515+0530] {processor.py:927} WARNING - No viable dags retrieved from /home/jenny/.local/lib/python3.13/site-packages/airflow/example_dags/plugins/listener_plugin.py
[2026-03-01T14:44:17.521+0530] {processor.py:208} INFO - Processing /home/jenny/.local/lib/python3.13/site-packages/airflow/example_dags/plugins/listener_plugin.py took 0.016 seconds
[2026-03-01T14:45:13.025+0530] {processor.py:186} INFO - Started process (PID=240177) to work on /home/jenny/.local/lib/python3.13/site-packages/airflow/example_dags/plugins/listener_plugin.py
[2026-03-01T14:45:13.026+0530] {processor.py:914} INFO - Processing file /home/jenny/.local/lib/python3.13/site-packages/airflow/example_dags/plugins/listener_plugin.py for tasks to queue
[2026-03-01T14:45:13.029+0530] {logging_mixin.py:190} INFO - [2026-03-01T14:45:13.029+0530] {dagbag.py:588} INFO - Filling up the DagBag from /home/jenny/.local/lib/python3.13/site-packages/airflow/example_dags/plugins/listener_plugin.py
[2026-03-01T14:45:13.031+0530] {processor.py:927} WARNING - No viable dags retrieved from /home/jenny/.local/lib/python3.13/site-packages/airflow/example_dags/plugins/listener_plugin.py
[2026-03-01T14:45:13.037+0530] {processor.py:208} INFO - Processing /home/jenny/.local/lib/python3.13/site-packages/airflow/example_dags/plugins/listener_plugin.py took 0.018 seconds
[2026-03-01T14:46:09.318+0530] {processor.py:186} INFO - Started process (PID=240321) to work on /home/jenny/.local/lib/python3.13/site-packages/airflow/example_dags/plugins/listener_plugin.py
[2026-03-01T14:46:09.319+0530] {processor.py:914} INFO - Processing file /home/jenny/.local/lib/python3.13/site-packages/airflow/example_dags/plugins/listener_plugin.py for tasks to queue
[2026-03-01T14:46:09.322+0530] {logging_mixin.py:190} INFO - [2026-03-01T14:46:09.322+0530] {dagbag.py:588} INFO - Filling up the DagBag from /home/jenny/.local/lib/python3.13/site-packages/airflow/example_dags/plugins/listener_plugin.py
[2026-03-01T14:46:09.325+0530] {processor.py:927} WARNING - No viable dags retrieved from /home/jenny/.local/lib/python3.13/site-packages/airflow/example_dags/plugins/listener_plugin.py
[2026-03-01T14:46:09.331+0530] {processor.py:208} INFO - Processing /home/jenny/.local/lib/python3.13/site-packages/airflow/example_dags/plugins/listener_plugin.py took 0.019 seconds
[2026-03-01T14:47:13.142+0530] {processor.py:186} INFO - Started process (PID=240528) to work on /home/jenny/.local/lib/python3.13/site-packages/airflow/example_dags/plugins/listener_plugin.py
[2026-03-01T14:47:13.143+0530] {processor.py:914} INFO - Processing file /home/jenny/.local/lib/python3.13/site-packages/airflow/example_dags/plugins/listener_plugin.py for tasks to queue
[2026-03-01T14:47:13.145+0530] {logging_mixin.py:190} INFO - [2026-03-01T14:47:13.144+0530] {dagbag.py:588} INFO - Filling up the DagBag from /home/jenny/.local/lib/python3.13/site-packages/airflow/example_dags/plugins/listener_plugin.py
[2026-03-01T14:47:13.146+0530] {processor.py:927} WARNING - No viable dags retrieved from /home/jenny/.local/lib/python3.13/site-packages/airflow/example_dags/plugins/listener_plugin.py
[2026-03-01T14:47:13.152+0530] {processor.py:208} INFO - Processing /home/jenny/.local/lib/python3.13/site-packages/airflow/example_dags/plugins/listener_plugin.py took 0.013 seconds
[2026-03-01T14:48:16.559+0530] {processor.py:186} INFO - Started process (PID=240706) to work on /home/jenny/.local/lib/python3.13/site-packages/airflow/example_dags/plugins/listener_plugin.py
[2026-03-01T14:48:16.560+0530] {processor.py:914} INFO - Processing file /home/jenny/.local/lib/python3.13/site-packages/airflow/example_dags/plugins/listener_plugin.py for tasks to queue
[2026-03-01T14:48:16.562+0530] {logging_mixin.py:190} INFO - [2026-03-01T14:48:16.561+0530] {dagbag.py:588} INFO - Filling up the DagBag from /home/jenny/.local/lib/python3.13/site-packages/airflow/example_dags/plugins/listener_plugin.py
[2026-03-01T14:48:16.563+0530] {processor.py:927} WARNING - No viable dags retrieved from /home/jenny/.local/lib/python3.13/site-packages/airflow/example_dags/plugins/listener_plugin.py
[2026-03-01T14:48:16.570+0530] {processor.py:208} INFO - Processing /home/jenny/.local/lib/python3.13/site-packages/airflow/example_dags/plugins/listener_plugin.py took 0.015 seconds
[2026-03-01T14:49:12.551+0530] {processor.py:186} INFO - Started process (PID=241047) to work on /home/jenny/.local/lib/python3.13/site-packages/airflow/example_dags/plugins/listener_plugin.py
[2026-03-01T14:49:12.552+0530] {processor.py:914} INFO - Processing file /home/jenny/.local/lib/python3.13/site-packages/airflow/example_dags/plugins/listener_plugin.py for tasks to queue
[2026-03-01T14:49:12.555+0530] {logging_mixin.py:190} INFO - [2026-03-01T14:49:12.555+0530] {dagbag.py:588} INFO - Filling up the DagBag from /home/jenny/.local/lib/python3.13/site-packages/airflow/example_dags/plugins/listener_plugin.py
[2026-03-01T14:49:12.557+0530] {processor.py:927} WARNING - No viable dags retrieved from /home/jenny/.local/lib/python3.13/site-packages/airflow/example_dags/plugins/listener_plugin.py
[2026-03-01T14:49:12.565+0530] {processor.py:208} INFO - Processing /home/jenny/.local/lib/python3.13/site-packages/airflow/example_dags/plugins/listener_plugin.py took 0.023 seconds
[2026-03-01T14:50:06.524+0530] {processor.py:186} INFO - Started process (PID=241262) to work on /home/jenny/.local/lib/python3.13/site-packages/airflow/example_dags/plugins/listener_plugin.py
[2026-03-01T14:50:06.524+0530] {processor.py:914} INFO - Processing file /home/jenny/.local/lib/python3.13/site-packages/airflow/example_dags/plugins/listener_plugin.py for tasks to queue
[2026-03-01T14:50:06.526+0530] {logging_mixin.py:190} INFO - [2026-03-01T14:50:06.526+0530] {dagbag.py:588} INFO - Filling up the DagBag from /home/jenny/.local/lib/python3.13/site-packages/airflow/example_dags/plugins/listener_plugin.py
[2026-03-01T14:50:06.528+0530] {processor.py:927} WARNING - No viable dags retrieved from /home/jenny/.local/lib/python3.13/site-packages/airflow/example_dags/plugins/listener_plugin.py
[2026-03-01T14:50:06.534+0530] {processor.py:208} INFO - Processing /home/jenny/.local/lib/python3.13/site-packages/airflow/example_dags/plugins/listener_plugin.py took 0.013 seconds
[2026-03-01T14:51:03.325+0530] {processor.py:186} INFO - Started process (PID=241756) to work on /home/jenny/.local/lib/python3.13/site-packages/airflow/example_dags/plugins/listener_plugin.py
[2026-03-01T14:51:03.326+0530] {processor.py:914} INFO - Processing file /home/jenny/.local/lib/python3.13/site-packages/airflow/example_dags/plugins/listener_plugin.py for tasks to queue
[2026-03-01T14:51:03.328+0530] {logging_mixin.py:190} INFO - [2026-03-01T14:51:03.328+0530] {dagbag.py:588} INFO - Filling up the DagBag from /home/jenny/.local/lib/python3.13/site-packages/airflow/example_dags/plugins/listener_plugin.py
[2026-03-01T14:51:03.330+0530] {processor.py:927} WARNING - No viable dags retrieved from /home/jenny/.local/lib/python3.13/site-packages/airflow/example_dags/plugins/listener_plugin.py
[2026-03-01T14:51:03.337+0530] {processor.py:208} INFO - Processing /home/jenny/.local/lib/python3.13/site-packages/airflow/example_dags/plugins/listener_plugin.py took 0.016 seconds
[2026-03-01T14:51:56.961+0530] {processor.py:186} INFO - Started process (PID=241924) to work on /home/jenny/.local/lib/python3.13/site-packages/airflow/example_dags/plugins/listener_plugin.py
[2026-03-01T14:51:56.962+0530] {processor.py:914} INFO - Processing file /home/jenny/.local/lib/python3.13/site-packages/airflow/example_dags/plugins/listener_plugin.py for tasks to queue
[2026-03-01T14:51:56.965+0530] {logging_mixin.py:190} INFO - [2026-03-01T14:51:56.965+0530] {dagbag.py:588} INFO - Filling up the DagBag from /home/jenny/.local/lib/python3.13/site-packages/airflow/example_dags/plugins/listener_plugin.py
[2026-03-01T14:51:56.967+0530] {processor.py:927} WARNING - No viable dags retrieved from /home/jenny/.local/lib/python3.13/site-packages/airflow/example_dags/plugins/listener_plugin.py
[2026-03-01T14:51:56.973+0530] {processor.py:208} INFO - Processing /home/jenny/.local/lib/python3.13/site-packages/airflow/example_dags/plugins/listener_plugin.py took 0.019 seconds
[2026-03-01T14:52:48.213+0530] {processor.py:186} INFO - Started process (PID=242060) to work on /home/jenny/.local/lib/python3.13/site-packages/airflow/example_dags/plugins/listener_plugin.py
[2026-03-01T14:52:48.213+0530] {processor.py:914} INFO - Processing file /home/jenny/.local/lib/python3.13/site-packages/airflow/example_dags/plugins/listener_plugin.py for tasks to queue
[2026-03-01T14:52:48.215+0530] {logging_mixin.py:190} INFO - [2026-03-01T14:52:48.215+0530] {dagbag.py:588} INFO - Filling up the DagBag from /home/jenny/.local/lib/python3.13/site-packages/airflow/example_dags/plugins/listener_plugin.py
[2026-03-01T14:52:48.217+0530] {processor.py:927} WARNING - No viable dags retrieved from /home/jenny/.local/lib/python3.13/site-packages/airflow/example_dags/plugins/listener_plugin.py
[2026-03-01T14:52:48.223+0530] {processor.py:208} INFO - Processing /home/jenny/.local/lib/python3.13/site-packages/airflow/example_dags/plugins/listener_plugin.py took 0.014 seconds
[2026-03-01T14:53:41.277+0530] {processor.py:186} INFO - Started process (PID=242200) to work on /home/jenny/.local/lib/python3.13/site-packages/airflow/example_dags/plugins/listener_plugin.py
[2026-03-01T14:53:41.278+0530] {processor.py:914} INFO - Processing file /home/jenny/.local/lib/python3.13/site-packages/airflow/example_dags/plugins/listener_plugin.py for tasks to queue
[2026-03-01T14:53:41.281+0530] {logging_mixin.py:190} INFO - [2026-03-01T14:53:41.280+0530] {dagbag.py:588} INFO - Filling up the DagBag from /home/jenny/.local/lib/python3.13/site-packages/airflow/example_dags/plugins/listener_plugin.py
[2026-03-01T14:53:41.283+0530] {processor.py:927} WARNING - No viable dags retrieved from /home/jenny/.local/lib/python3.13/site-packages/airflow/example_dags/plugins/listener_plugin.py
[2026-03-01T14:53:41.289+0530] {processor.py:208} INFO - Processing /home/jenny/.local/lib/python3.13/site-packages/airflow/example_dags/plugins/listener_plugin.py took 0.016 seconds
[2026-03-01T14:54:34.569+0530] {processor.py:186} INFO - Started process (PID=242369) to work on /home/jenny/.local/lib/python3.13/site-packages/airflow/example_dags/plugins/listener_plugin.py
[2026-03-01T14:54:34.570+0530] {processor.py:914} INFO - Processing file /home/jenny/.local/lib/python3.13/site-packages/airflow/example_dags/plugins/listener_plugin.py for tasks to queue
[2026-03-01T14:54:34.572+0530] {logging_mixin.py:190} INFO - [2026-03-01T14:54:34.571+0530] {dagbag.py:588} INFO - Filling up the DagBag from /home/jenny/.local/lib/python3.13/site-packages/airflow/example_dags/plugins/listener_plugin.py
[2026-03-01T14:54:34.574+0530] {processor.py:927} WARNING - No viable dags retrieved from /home/jenny/.local/lib/python3.13/site-packages/airflow/example_dags/plugins/listener_plugin.py
[2026-03-01T14:54:34.579+0530] {processor.py:208} INFO - Processing /home/jenny/.local/lib/python3.13/site-packages/airflow/example_dags/plugins/listener_plugin.py took 0.014 seconds
[2026-03-01T14:55:28.951+0530] {processor.py:186} INFO - Started process (PID=242578) to work on /home/jenny/.local/lib/python3.13/site-packages/airflow/example_dags/plugins/listener_plugin.py
[2026-03-01T14:55:28.953+0530] {processor.py:914} INFO - Processing file /home/jenny/.local/lib/python3.13/site-packages/airflow/example_dags/plugins/listener_plugin.py for tasks to queue
[2026-03-01T14:55:28.955+0530] {logging_mixin.py:190} INFO - [2026-03-01T14:55:28.955+0530] {dagbag.py:588} INFO - Filling up the DagBag from /home/jenny/.local/lib/python3.13/site-packages/airflow/example_dags/plugins/listener_plugin.py
[2026-03-01T14:55:28.957+0530] {processor.py:927} WARNING - No viable dags retrieved from /home/jenny/.local/lib/python3.13/site-packages/airflow/example_dags/plugins/listener_plugin.py
[2026-03-01T14:55:28.963+0530] {processor.py:208} INFO - Processing /home/jenny/.local/lib/python3.13/site-packages/airflow/example_dags/plugins/listener_plugin.py took 0.018 seconds
[2026-03-01T14:56:22.873+0530] {processor.py:186} INFO - Started process (PID=246645) to work on /home/jenny/.local/lib/python3.13/site-packages/airflow/example_dags/plugins/listener_plugin.py
[2026-03-01T14:56:22.874+0530] {processor.py:914} INFO - Processing file /home/jenny/.local/lib/python3.13/site-packages/airflow/example_dags/plugins/listener_plugin.py for tasks to queue
[2026-03-01T14:56:22.877+0530] {logging_mixin.py:190} INFO - [2026-03-01T14:56:22.877+0530] {dagbag.py:588} INFO - Filling up the DagBag from /home/jenny/.local/lib/python3.13/site-packages/airflow/example_dags/plugins/listener_plugin.py
[2026-03-01T14:56:22.880+0530] {processor.py:927} WARNING - No viable dags retrieved from /home/jenny/.local/lib/python3.13/site-packages/airflow/example_dags/plugins/listener_plugin.py
[2026-03-01T14:56:22.886+0530] {processor.py:208} INFO - Processing /home/jenny/.local/lib/python3.13/site-packages/airflow/example_dags/plugins/listener_plugin.py took 0.019 seconds
[2026-03-01T14:57:17.410+0530] {processor.py:186} INFO - Started process (PID=246809) to work on /home/jenny/.local/lib/python3.13/site-packages/airflow/example_dags/plugins/listener_plugin.py
[2026-03-01T14:57:17.412+0530] {processor.py:914} INFO - Processing file /home/jenny/.local/lib/python3.13/site-packages/airflow/example_dags/plugins/listener_plugin.py for tasks to queue
[2026-03-01T14:57:17.415+0530] {logging_mixin.py:190} INFO - [2026-03-01T14:57:17.414+0530] {dagbag.py:588} INFO - Filling up the DagBag from /home/jenny/.local/lib/python3.13/site-packages/airflow/example_dags/plugins/listener_plugin.py
[2026-03-01T14:57:17.417+0530] {processor.py:927} WARNING - No viable dags retrieved from /home/jenny/.local/lib/python3.13/site-packages/airflow/example_dags/plugins/listener_plugin.py
[2026-03-01T14:57:17.423+0530] {processor.py:208} INFO - Processing /home/jenny/.local/lib/python3.13/site-packages/airflow/example_dags/plugins/listener_plugin.py took 0.019 seconds
[2026-03-01T14:58:11.318+0530] {processor.py:186} INFO - Started process (PID=246953) to work on /home/jenny/.local/lib/python3.13/site-packages/airflow/example_dags/plugins/listener_plugin.py
[2026-03-01T14:58:11.320+0530] {processor.py:914} INFO - Processing file /home/jenny/.local/lib/python3.13/site-packages/airflow/example_dags/plugins/listener_plugin.py for tasks to queue
[2026-03-01T14:58:11.324+0530] {logging_mixin.py:190} INFO - [2026-03-01T14:58:11.323+0530] {dagbag.py:588} INFO - Filling up the DagBag from /home/jenny/.local/lib/python3.13/site-packages/airflow/example_dags/plugins/listener_plugin.py
[2026-03-01T14:58:11.326+0530] {processor.py:927} WARNING - No viable dags retrieved from /home/jenny/.local/lib/python3.13/site-packages/airflow/example_dags/plugins/listener_plugin.py
[2026-03-01T14:58:11.334+0530] {processor.py:208} INFO - Processing /home/jenny/.local/lib/python3.13/site-packages/airflow/example_dags/plugins/listener_plugin.py took 0.021 seconds
[2026-03-01T14:59:06.955+0530] {processor.py:186} INFO - Started process (PID=247328) to work on /home/jenny/.local/lib/python3.13/site-packages/airflow/example_dags/plugins/listener_plugin.py
[2026-03-01T14:59:06.956+0530] {processor.py:914} INFO - Processing file /home/jenny/.local/lib/python3.13/site-packages/airflow/example_dags/plugins/listener_plugin.py for tasks to queue
[2026-03-01T14:59:06.960+0530] {logging_mixin.py:190} INFO - [2026-03-01T14:59:06.960+0530] {dagbag.py:588} INFO - Filling up the DagBag from /home/jenny/.local/lib/python3.13/site-packages/airflow/example_dags/plugins/listener_plugin.py
[2026-03-01T14:59:06.963+0530] {processor.py:927} WARNING - No viable dags retrieved from /home/jenny/.local/lib/python3.13/site-packages/airflow/example_dags/plugins/listener_plugin.py
[2026-03-01T14:59:06.973+0530] {processor.py:208} INFO - Processing /home/jenny/.local/lib/python3.13/site-packages/airflow/example_dags/plugins/listener_plugin.py took 0.025 seconds
[2026-03-01T14:59:59.068+0530] {processor.py:186} INFO - Started process (PID=247745) to work on /home/jenny/.local/lib/python3.13/site-packages/airflow/example_dags/plugins/listener_plugin.py
[2026-03-01T14:59:59.069+0530] {processor.py:914} INFO - Processing file /home/jenny/.local/lib/python3.13/site-packages/airflow/example_dags/plugins/listener_plugin.py for tasks to queue
[2026-03-01T14:59:59.071+0530] {logging_mixin.py:190} INFO - [2026-03-01T14:59:59.071+0530] {dagbag.py:588} INFO - Filling up the DagBag from /home/jenny/.local/lib/python3.13/site-packages/airflow/example_dags/plugins/listener_plugin.py
[2026-03-01T14:59:59.073+0530] {processor.py:927} WARNING - No viable dags retrieved from /home/jenny/.local/lib/python3.13/site-packages/airflow/example_dags/plugins/listener_plugin.py
[2026-03-01T14:59:59.080+0530] {processor.py:208} INFO - Processing /home/jenny/.local/lib/python3.13/site-packages/airflow/example_dags/plugins/listener_plugin.py took 0.017 seconds
[2026-03-01T15:00:54.815+0530] {processor.py:186} INFO - Started process (PID=248084) to work on /home/jenny/.local/lib/python3.13/site-packages/airflow/example_dags/plugins/listener_plugin.py
[2026-03-01T15:00:54.816+0530] {processor.py:914} INFO - Processing file /home/jenny/.local/lib/python3.13/site-packages/airflow/example_dags/plugins/listener_plugin.py for tasks to queue
[2026-03-01T15:00:54.818+0530] {logging_mixin.py:190} INFO - [2026-03-01T15:00:54.817+0530] {dagbag.py:588} INFO - Filling up the DagBag from /home/jenny/.local/lib/python3.13/site-packages/airflow/example_dags/plugins/listener_plugin.py
[2026-03-01T15:00:54.819+0530] {processor.py:927} WARNING - No viable dags retrieved from /home/jenny/.local/lib/python3.13/site-packages/airflow/example_dags/plugins/listener_plugin.py
[2026-03-01T15:00:54.825+0530] {processor.py:208} INFO - Processing /home/jenny/.local/lib/python3.13/site-packages/airflow/example_dags/plugins/listener_plugin.py took 0.014 seconds
[2026-03-01T15:01:50.398+0530] {processor.py:186} INFO - Started process (PID=248257) to work on /home/jenny/.local/lib/python3.13/site-packages/airflow/example_dags/plugins/listener_plugin.py
[2026-03-01T15:01:50.399+0530] {processor.py:914} INFO - Processing file /home/jenny/.local/lib/python3.13/site-packages/airflow/example_dags/plugins/listener_plugin.py for tasks to queue
[2026-03-01T15:01:50.400+0530] {logging_mixin.py:190} INFO - [2026-03-01T15:01:50.400+0530] {dagbag.py:588} INFO - Filling up the DagBag from /home/jenny/.local/lib/python3.13/site-packages/airflow/example_dags/plugins/listener_plugin.py
[2026-03-01T15:01:50.402+0530] {processor.py:927} WARNING - No viable dags retrieved from /home/jenny/.local/lib/python3.13/site-packages/airflow/example_dags/plugins/listener_plugin.py
[2026-03-01T15:01:50.407+0530] {processor.py:208} INFO - Processing /home/jenny/.local/lib/python3.13/site-packages/airflow/example_dags/plugins/listener_plugin.py took 0.012 seconds
[2026-03-01T15:02:44.829+0530] {processor.py:186} INFO - Started process (PID=248482) to work on /home/jenny/.local/lib/python3.13/site-packages/airflow/example_dags/plugins/listener_plugin.py
[2026-03-01T15:02:44.829+0530] {processor.py:914} INFO - Processing file /home/jenny/.local/lib/python3.13/site-packages/airflow/example_dags/plugins/listener_plugin.py for tasks to queue
[2026-03-01T15:02:44.831+0530] {logging_mixin.py:190} INFO - [2026-03-01T15:02:44.831+0530] {dagbag.py:588} INFO - Filling up the DagBag from /home/jenny/.local/lib/python3.13/site-packages/airflow/example_dags/plugins/listener_plugin.py
[2026-03-01T15:02:44.832+0530] {processor.py:927} WARNING - No viable dags retrieved from /home/jenny/.local/lib/python3.13/site-packages/airflow/example_dags/plugins/listener_plugin.py
[2026-03-01T15:02:44.838+0530] {processor.py:208} INFO - Processing /home/jenny/.local/lib/python3.13/site-packages/airflow/example_dags/plugins/listener_plugin.py took 0.013 seconds
[2026-03-01T15:03:40.460+0530] {processor.py:186} INFO - Started process (PID=248781) to work on /home/jenny/.local/lib/python3.13/site-packages/airflow/example_dags/plugins/listener_plugin.py
[2026-03-01T15:03:40.462+0530] {processor.py:914} INFO - Processing file /home/jenny/.local/lib/python3.13/site-packages/airflow/example_dags/plugins/listener_plugin.py for tasks to queue
[2026-03-01T15:03:40.464+0530] {logging_mixin.py:190} INFO - [2026-03-01T15:03:40.464+0530] {dagbag.py:588} INFO - Filling up the DagBag from /home/jenny/.local/lib/python3.13/site-packages/airflow/example_dags/plugins/listener_plugin.py
[2026-03-01T15:03:40.466+0530] {processor.py:927} WARNING - No viable dags retrieved from /home/jenny/.local/lib/python3.13/site-packages/airflow/example_dags/plugins/listener_plugin.py
[2026-03-01T15:03:40.473+0530] {processor.py:208} INFO - Processing /home/jenny/.local/lib/python3.13/site-packages/airflow/example_dags/plugins/listener_plugin.py took 0.019 seconds
[2026-03-01T15:04:34.329+0530] {processor.py:186} INFO - Started process (PID=249157) to work on /home/jenny/.local/lib/python3.13/site-packages/airflow/example_dags/plugins/listener_plugin.py
[2026-03-01T15:04:34.330+0530] {processor.py:914} INFO - Processing file /home/jenny/.local/lib/python3.13/site-packages/airflow/example_dags/plugins/listener_plugin.py for tasks to queue
[2026-03-01T15:04:34.333+0530] {logging_mixin.py:190} INFO - [2026-03-01T15:04:34.332+0530] {dagbag.py:588} INFO - Filling up the DagBag from /home/jenny/.local/lib/python3.13/site-packages/airflow/example_dags/plugins/listener_plugin.py
[2026-03-01T15:04:34.335+0530] {processor.py:927} WARNING - No viable dags retrieved from /home/jenny/.local/lib/python3.13/site-packages/airflow/example_dags/plugins/listener_plugin.py
[2026-03-01T15:04:34.341+0530] {processor.py:208} INFO - Processing /home/jenny/.local/lib/python3.13/site-packages/airflow/example_dags/plugins/listener_plugin.py took 0.016 seconds
[2026-03-01T15:05:27.034+0530] {processor.py:186} INFO - Started process (PID=249540) to work on /home/jenny/.local/lib/python3.13/site-packages/airflow/example_dags/plugins/listener_plugin.py
[2026-03-01T15:05:27.035+0530] {processor.py:914} INFO - Processing file /home/jenny/.local/lib/python3.13/site-packages/airflow/example_dags/plugins/listener_plugin.py for tasks to queue
[2026-03-01T15:05:27.038+0530] {logging_mixin.py:190} INFO - [2026-03-01T15:05:27.038+0530] {dagbag.py:588} INFO - Filling up the DagBag from /home/jenny/.local/lib/python3.13/site-packages/airflow/example_dags/plugins/listener_plugin.py
[2026-03-01T15:05:27.040+0530] {processor.py:927} WARNING - No viable dags retrieved from /home/jenny/.local/lib/python3.13/site-packages/airflow/example_dags/plugins/listener_plugin.py
[2026-03-01T15:05:27.047+0530] {processor.py:208} INFO - Processing /home/jenny/.local/lib/python3.13/site-packages/airflow/example_dags/plugins/listener_plugin.py took 0.020 seconds
[2026-03-01T15:06:20.326+0530] {processor.py:186} INFO - Started process (PID=249700) to work on /home/jenny/.local/lib/python3.13/site-packages/airflow/example_dags/plugins/listener_plugin.py
[2026-03-01T15:06:20.328+0530] {processor.py:914} INFO - Processing file /home/jenny/.local/lib/python3.13/site-packages/airflow/example_dags/plugins/listener_plugin.py for tasks to queue
[2026-03-01T15:06:20.331+0530] {logging_mixin.py:190} INFO - [2026-03-01T15:06:20.330+0530] {dagbag.py:588} INFO - Filling up the DagBag from /home/jenny/.local/lib/python3.13/site-packages/airflow/example_dags/plugins/listener_plugin.py
[2026-03-01T15:06:20.333+0530] {processor.py:927} WARNING - No viable dags retrieved from /home/jenny/.local/lib/python3.13/site-packages/airflow/example_dags/plugins/listener_plugin.py
[2026-03-01T15:06:20.340+0530] {processor.py:208} INFO - Processing /home/jenny/.local/lib/python3.13/site-packages/airflow/example_dags/plugins/listener_plugin.py took 0.020 seconds
[2026-03-01T15:07:14.033+0530] {processor.py:186} INFO - Started process (PID=250071) to work on /home/jenny/.local/lib/python3.13/site-packages/airflow/example_dags/plugins/listener_plugin.py
[2026-03-01T15:07:14.034+0530] {processor.py:914} INFO - Processing file /home/jenny/.local/lib/python3.13/site-packages/airflow/example_dags/plugins/listener_plugin.py for tasks to queue
[2026-03-01T15:07:14.036+0530] {logging_mixin.py:190} INFO - [2026-03-01T15:07:14.035+0530] {dagbag.py:588} INFO - Filling up the DagBag from /home/jenny/.local/lib/python3.13/site-packages/airflow/example_dags/plugins/listener_plugin.py
[2026-03-01T15:07:14.037+0530] {processor.py:927} WARNING - No viable dags retrieved from /home/jenny/.local/lib/python3.13/site-packages/airflow/example_dags/plugins/listener_plugin.py
[2026-03-01T15:07:14.044+0530] {processor.py:208} INFO - Processing /home/jenny/.local/lib/python3.13/site-packages/airflow/example_dags/plugins/listener_plugin.py took 0.014 seconds
[2026-03-01T15:08:06.690+0530] {processor.py:186} INFO - Started process (PID=250385) to work on /home/jenny/.local/lib/python3.13/site-packages/airflow/example_dags/plugins/listener_plugin.py
[2026-03-01T15:08:06.691+0530] {processor.py:914} INFO - Processing file /home/jenny/.local/lib/python3.13/site-packages/airflow/example_dags/plugins/listener_plugin.py for tasks to queue
[2026-03-01T15:08:06.693+0530] {logging_mixin.py:190} INFO - [2026-03-01T15:08:06.693+0530] {dagbag.py:588} INFO - Filling up the DagBag from /home/jenny/.local/lib/python3.13/site-packages/airflow/example_dags/plugins/listener_plugin.py
[2026-03-01T15:08:06.695+0530] {processor.py:927} WARNING - No viable dags retrieved from /home/jenny/.local/lib/python3.13/site-packages/airflow/example_dags/plugins/listener_plugin.py
[2026-03-01T15:08:06.701+0530] {processor.py:208} INFO - Processing /home/jenny/.local/lib/python3.13/site-packages/airflow/example_dags/plugins/listener_plugin.py took 0.015 seconds
[2026-03-01T15:08:58.488+0530] {processor.py:186} INFO - Started process (PID=250657) to work on /home/jenny/.local/lib/python3.13/site-packages/airflow/example_dags/plugins/listener_plugin.py
[2026-03-01T15:08:58.489+0530] {processor.py:914} INFO - Processing file /home/jenny/.local/lib/python3.13/site-packages/airflow/example_dags/plugins/listener_plugin.py for tasks to queue
[2026-03-01T15:08:58.492+0530] {logging_mixin.py:190} INFO - [2026-03-01T15:08:58.491+0530] {dagbag.py:588} INFO - Filling up the DagBag from /home/jenny/.local/lib/python3.13/site-packages/airflow/example_dags/plugins/listener_plugin.py
[2026-03-01T15:08:58.494+0530] {processor.py:927} WARNING - No viable dags retrieved from /home/jenny/.local/lib/python3.13/site-packages/airflow/example_dags/plugins/listener_plugin.py
[2026-03-01T15:08:58.505+0530] {processor.py:208} INFO - Processing /home/jenny/.local/lib/python3.13/site-packages/airflow/example_dags/plugins/listener_plugin.py took 0.021 seconds
[2026-03-01T15:09:51.374+0530] {processor.py:186} INFO - Started process (PID=250903) to work on /home/jenny/.local/lib/python3.13/site-packages/airflow/example_dags/plugins/listener_plugin.py
[2026-03-01T15:09:51.375+0530] {processor.py:914} INFO - Processing file /home/jenny/.local/lib/python3.13/site-packages/airflow/example_dags/plugins/listener_plugin.py for tasks to queue
[2026-03-01T15:09:51.376+0530] {logging_mixin.py:190} INFO - [2026-03-01T15:09:51.376+0530] {dagbag.py:588} INFO - Filling up the DagBag from /home/jenny/.local/lib/python3.13/site-packages/airflow/example_dags/plugins/listener_plugin.py
[2026-03-01T15:09:51.378+0530] {processor.py:927} WARNING - No viable dags retrieved from /home/jenny/.local/lib/python3.13/site-packages/airflow/example_dags/plugins/listener_plugin.py
[2026-03-01T15:09:51.384+0530] {processor.py:208} INFO - Processing /home/jenny/.local/lib/python3.13/site-packages/airflow/example_dags/plugins/listener_plugin.py took 0.014 seconds
[2026-03-01T19:41:08.601+0530] {processor.py:186} INFO - Started process (PID=254064) to work on /home/jenny/.local/lib/python3.13/site-packages/airflow/example_dags/plugins/listener_plugin.py
[2026-03-01T19:41:08.602+0530] {processor.py:914} INFO - Processing file /home/jenny/.local/lib/python3.13/site-packages/airflow/example_dags/plugins/listener_plugin.py for tasks to queue
[2026-03-01T19:41:08.603+0530] {logging_mixin.py:190} INFO - [2026-03-01T19:41:08.603+0530] {dagbag.py:588} INFO - Filling up the DagBag from /home/jenny/.local/lib/python3.13/site-packages/airflow/example_dags/plugins/listener_plugin.py
[2026-03-01T19:41:08.605+0530] {processor.py:927} WARNING - No viable dags retrieved from /home/jenny/.local/lib/python3.13/site-packages/airflow/example_dags/plugins/listener_plugin.py
[2026-03-01T19:41:08.612+0530] {processor.py:208} INFO - Processing /home/jenny/.local/lib/python3.13/site-packages/airflow/example_dags/plugins/listener_plugin.py took 0.016 seconds
[2026-03-01T19:41:53.566+0530] {processor.py:186} INFO - Started process (PID=255681) to work on /home/jenny/.local/lib/python3.13/site-packages/airflow/example_dags/plugins/listener_plugin.py
[2026-03-01T19:41:53.567+0530] {processor.py:914} INFO - Processing file /home/jenny/.local/lib/python3.13/site-packages/airflow/example_dags/plugins/listener_plugin.py for tasks to queue
[2026-03-01T19:41:53.569+0530] {logging_mixin.py:190} INFO - [2026-03-01T19:41:53.568+0530] {dagbag.py:588} INFO - Filling up the DagBag from /home/jenny/.local/lib/python3.13/site-packages/airflow/example_dags/plugins/listener_plugin.py
[2026-03-01T19:41:53.571+0530] {processor.py:927} WARNING - No viable dags retrieved from /home/jenny/.local/lib/python3.13/site-packages/airflow/example_dags/plugins/listener_plugin.py
[2026-03-01T19:41:53.579+0530] {processor.py:208} INFO - Processing /home/jenny/.local/lib/python3.13/site-packages/airflow/example_dags/plugins/listener_plugin.py took 0.018 seconds
[2026-03-01T19:42:48.422+0530] {processor.py:186} INFO - Started process (PID=256041) to work on /home/jenny/.local/lib/python3.13/site-packages/airflow/example_dags/plugins/listener_plugin.py
[2026-03-01T19:42:48.423+0530] {processor.py:914} INFO - Processing file /home/jenny/.local/lib/python3.13/site-packages/airflow/example_dags/plugins/listener_plugin.py for tasks to queue
[2026-03-01T19:42:48.424+0530] {logging_mixin.py:190} INFO - [2026-03-01T19:42:48.424+0530] {dagbag.py:588} INFO - Filling up the DagBag from /home/jenny/.local/lib/python3.13/site-packages/airflow/example_dags/plugins/listener_plugin.py
[2026-03-01T19:42:48.426+0530] {processor.py:927} WARNING - No viable dags retrieved from /home/jenny/.local/lib/python3.13/site-packages/airflow/example_dags/plugins/listener_plugin.py
[2026-03-01T19:42:48.433+0530] {processor.py:208} INFO - Processing /home/jenny/.local/lib/python3.13/site-packages/airflow/example_dags/plugins/listener_plugin.py took 0.014 seconds
[2026-03-01T19:43:43.459+0530] {processor.py:186} INFO - Started process (PID=256221) to work on /home/jenny/.local/lib/python3.13/site-packages/airflow/example_dags/plugins/listener_plugin.py
[2026-03-01T19:43:43.460+0530] {processor.py:914} INFO - Processing file /home/jenny/.local/lib/python3.13/site-packages/airflow/example_dags/plugins/listener_plugin.py for tasks to queue
[2026-03-01T19:43:43.462+0530] {logging_mixin.py:190} INFO - [2026-03-01T19:43:43.461+0530] {dagbag.py:588} INFO - Filling up the DagBag from /home/jenny/.local/lib/python3.13/site-packages/airflow/example_dags/plugins/listener_plugin.py
[2026-03-01T19:43:43.463+0530] {processor.py:927} WARNING - No viable dags retrieved from /home/jenny/.local/lib/python3.13/site-packages/airflow/example_dags/plugins/listener_plugin.py
[2026-03-01T19:43:43.470+0530] {processor.py:208} INFO - Processing /home/jenny/.local/lib/python3.13/site-packages/airflow/example_dags/plugins/listener_plugin.py took 0.015 seconds
[2026-03-01T19:44:35.456+0530] {processor.py:186} INFO - Started process (PID=256387) to work on /home/jenny/.local/lib/python3.13/site-packages/airflow/example_dags/plugins/listener_plugin.py
[2026-03-01T19:44:35.458+0530] {processor.py:914} INFO - Processing file /home/jenny/.local/lib/python3.13/site-packages/airflow/example_dags/plugins/listener_plugin.py for tasks to queue
[2026-03-01T19:44:35.459+0530] {logging_mixin.py:190} INFO - [2026-03-01T19:44:35.458+0530] {dagbag.py:588} INFO - Filling up the DagBag from /home/jenny/.local/lib/python3.13/site-packages/airflow/example_dags/plugins/listener_plugin.py
[2026-03-01T19:44:35.461+0530] {processor.py:927} WARNING - No viable dags retrieved from /home/jenny/.local/lib/python3.13/site-packages/airflow/example_dags/plugins/listener_plugin.py
[2026-03-01T19:44:35.467+0530] {processor.py:208} INFO - Processing /home/jenny/.local/lib/python3.13/site-packages/airflow/example_dags/plugins/listener_plugin.py took 0.016 seconds
[2026-03-01T19:45:26.769+0530] {processor.py:186} INFO - Started process (PID=256932) to work on /home/jenny/.local/lib/python3.13/site-packages/airflow/example_dags/plugins/listener_plugin.py
[2026-03-01T19:45:26.770+0530] {processor.py:914} INFO - Processing file /home/jenny/.local/lib/python3.13/site-packages/airflow/example_dags/plugins/listener_plugin.py for tasks to queue
[2026-03-01T19:45:26.771+0530] {logging_mixin.py:190} INFO - [2026-03-01T19:45:26.770+0530] {dagbag.py:588} INFO - Filling up the DagBag from /home/jenny/.local/lib/python3.13/site-packages/airflow/example_dags/plugins/listener_plugin.py
[2026-03-01T19:45:26.773+0530] {processor.py:927} WARNING - No viable dags retrieved from /home/jenny/.local/lib/python3.13/site-packages/airflow/example_dags/plugins/listener_plugin.py
[2026-03-01T19:45:26.779+0530] {processor.py:208} INFO - Processing /home/jenny/.local/lib/python3.13/site-packages/airflow/example_dags/plugins/listener_plugin.py took 0.014 seconds
[2026-03-01T19:46:19.470+0530] {processor.py:186} INFO - Started process (PID=257546) to work on /home/jenny/.local/lib/python3.13/site-packages/airflow/example_dags/plugins/listener_plugin.py
[2026-03-01T19:46:19.471+0530] {processor.py:914} INFO - Processing file /home/jenny/.local/lib/python3.13/site-packages/airflow/example_dags/plugins/listener_plugin.py for tasks to queue
[2026-03-01T19:46:19.472+0530] {logging_mixin.py:190} INFO - [2026-03-01T19:46:19.471+0530] {dagbag.py:588} INFO - Filling up the DagBag from /home/jenny/.local/lib/python3.13/site-packages/airflow/example_dags/plugins/listener_plugin.py
[2026-03-01T19:46:19.473+0530] {processor.py:927} WARNING - No viable dags retrieved from /home/jenny/.local/lib/python3.13/site-packages/airflow/example_dags/plugins/listener_plugin.py
[2026-03-01T19:46:19.480+0530] {processor.py:208} INFO - Processing /home/jenny/.local/lib/python3.13/site-packages/airflow/example_dags/plugins/listener_plugin.py took 0.015 seconds
[2026-03-01T19:47:11.179+0530] {processor.py:186} INFO - Started process (PID=258957) to work on /home/jenny/.local/lib/python3.13/site-packages/airflow/example_dags/plugins/listener_plugin.py
[2026-03-01T19:47:11.180+0530] {processor.py:914} INFO - Processing file /home/jenny/.local/lib/python3.13/site-packages/airflow/example_dags/plugins/listener_plugin.py for tasks to queue
[2026-03-01T19:47:11.182+0530] {logging_mixin.py:190} INFO - [2026-03-01T19:47:11.181+0530] {dagbag.py:588} INFO - Filling up the DagBag from /home/jenny/.local/lib/python3.13/site-packages/airflow/example_dags/plugins/listener_plugin.py
[2026-03-01T19:47:11.185+0530] {processor.py:927} WARNING - No viable dags retrieved from /home/jenny/.local/lib/python3.13/site-packages/airflow/example_dags/plugins/listener_plugin.py
[2026-03-01T19:47:11.194+0530] {processor.py:208} INFO - Processing /home/jenny/.local/lib/python3.13/site-packages/airflow/example_dags/plugins/listener_plugin.py took 0.021 seconds
[2026-03-01T19:48:04.375+0530] {processor.py:186} INFO - Started process (PID=260131) to work on /home/jenny/.local/lib/python3.13/site-packages/airflow/example_dags/plugins/listener_plugin.py
[2026-03-01T19:48:04.376+0530] {processor.py:914} INFO - Processing file /home/jenny/.local/lib/python3.13/site-packages/airflow/example_dags/plugins/listener_plugin.py for tasks to queue
[2026-03-01T19:48:04.378+0530] {logging_mixin.py:190} INFO - [2026-03-01T19:48:04.377+0530] {dagbag.py:588} INFO - Filling up the DagBag from /home/jenny/.local/lib/python3.13/site-packages/airflow/example_dags/plugins/listener_plugin.py
[2026-03-01T19:48:04.380+0530] {processor.py:927} WARNING - No viable dags retrieved from /home/jenny/.local/lib/python3.13/site-packages/airflow/example_dags/plugins/listener_plugin.py
[2026-03-01T19:48:04.387+0530] {processor.py:208} INFO - Processing /home/jenny/.local/lib/python3.13/site-packages/airflow/example_dags/plugins/listener_plugin.py took 0.018 seconds
[2026-03-01T19:48:57.567+0530] {processor.py:186} INFO - Started process (PID=261114) to work on /home/jenny/.local/lib/python3.13/site-packages/airflow/example_dags/plugins/listener_plugin.py
[2026-03-01T19:48:57.568+0530] {processor.py:914} INFO - Processing file /home/jenny/.local/lib/python3.13/site-packages/airflow/example_dags/plugins/listener_plugin.py for tasks to queue
[2026-03-01T19:48:57.569+0530] {logging_mixin.py:190} INFO - [2026-03-01T19:48:57.568+0530] {dagbag.py:588} INFO - Filling up the DagBag from /home/jenny/.local/lib/python3.13/site-packages/airflow/example_dags/plugins/listener_plugin.py
[2026-03-01T19:48:57.570+0530] {processor.py:927} WARNING - No viable dags retrieved from /home/jenny/.local/lib/python3.13/site-packages/airflow/example_dags/plugins/listener_plugin.py
[2026-03-01T19:48:57.579+0530] {processor.py:208} INFO - Processing /home/jenny/.local/lib/python3.13/site-packages/airflow/example_dags/plugins/listener_plugin.py took 0.015 seconds
[2026-03-01T19:49:51.148+0530] {processor.py:186} INFO - Started process (PID=261578) to work on /home/jenny/.local/lib/python3.13/site-packages/airflow/example_dags/plugins/listener_plugin.py
[2026-03-01T19:49:51.149+0530] {processor.py:914} INFO - Processing file /home/jenny/.local/lib/python3.13/site-packages/airflow/example_dags/plugins/listener_plugin.py for tasks to queue
[2026-03-01T19:49:51.150+0530] {logging_mixin.py:190} INFO - [2026-03-01T19:49:51.150+0530] {dagbag.py:588} INFO - Filling up the DagBag from /home/jenny/.local/lib/python3.13/site-packages/airflow/example_dags/plugins/listener_plugin.py
[2026-03-01T19:49:51.151+0530] {processor.py:927} WARNING - No viable dags retrieved from /home/jenny/.local/lib/python3.13/site-packages/airflow/example_dags/plugins/listener_plugin.py
[2026-03-01T19:49:51.157+0530] {processor.py:208} INFO - Processing /home/jenny/.local/lib/python3.13/site-packages/airflow/example_dags/plugins/listener_plugin.py took 0.012 seconds
[2026-03-01T19:50:44.977+0530] {processor.py:186} INFO - Started process (PID=261988) to work on /home/jenny/.local/lib/python3.13/site-packages/airflow/example_dags/plugins/listener_plugin.py
[2026-03-01T19:50:44.978+0530] {processor.py:914} INFO - Processing file /home/jenny/.local/lib/python3.13/site-packages/airflow/example_dags/plugins/listener_plugin.py for tasks to queue
[2026-03-01T19:50:44.979+0530] {logging_mixin.py:190} INFO - [2026-03-01T19:50:44.979+0530] {dagbag.py:588} INFO - Filling up the DagBag from /home/jenny/.local/lib/python3.13/site-packages/airflow/example_dags/plugins/listener_plugin.py
[2026-03-01T19:50:44.981+0530] {processor.py:927} WARNING - No viable dags retrieved from /home/jenny/.local/lib/python3.13/site-packages/airflow/example_dags/plugins/listener_plugin.py
[2026-03-01T19:50:44.990+0530] {processor.py:208} INFO - Processing /home/jenny/.local/lib/python3.13/site-packages/airflow/example_dags/plugins/listener_plugin.py took 0.017 seconds
[2026-03-01T19:51:38.179+0530] {processor.py:186} INFO - Started process (PID=262457) to work on /home/jenny/.local/lib/python3.13/site-packages/airflow/example_dags/plugins/listener_plugin.py
[2026-03-01T19:51:38.180+0530] {processor.py:914} INFO - Processing file /home/jenny/.local/lib/python3.13/site-packages/airflow/example_dags/plugins/listener_plugin.py for tasks to queue
[2026-03-01T19:51:38.182+0530] {logging_mixin.py:190} INFO - [2026-03-01T19:51:38.181+0530] {dagbag.py:588} INFO - Filling up the DagBag from /home/jenny/.local/lib/python3.13/site-packages/airflow/example_dags/plugins/listener_plugin.py
[2026-03-01T19:51:38.185+0530] {processor.py:927} WARNING - No viable dags retrieved from /home/jenny/.local/lib/python3.13/site-packages/airflow/example_dags/plugins/listener_plugin.py
[2026-03-01T19:51:38.192+0530] {processor.py:208} INFO - Processing /home/jenny/.local/lib/python3.13/site-packages/airflow/example_dags/plugins/listener_plugin.py took 0.018 seconds
[2026-03-01T19:52:32.184+0530] {processor.py:186} INFO - Started process (PID=262626) to work on /home/jenny/.local/lib/python3.13/site-packages/airflow/example_dags/plugins/listener_plugin.py
[2026-03-01T19:52:32.184+0530] {processor.py:914} INFO - Processing file /home/jenny/.local/lib/python3.13/site-packages/airflow/example_dags/plugins/listener_plugin.py for tasks to queue
[2026-03-01T19:52:32.185+0530] {logging_mixin.py:190} INFO - [2026-03-01T19:52:32.185+0530] {dagbag.py:588} INFO - Filling up the DagBag from /home/jenny/.local/lib/python3.13/site-packages/airflow/example_dags/plugins/listener_plugin.py
[2026-03-01T19:52:32.187+0530] {processor.py:927} WARNING - No viable dags retrieved from /home/jenny/.local/lib/python3.13/site-packages/airflow/example_dags/plugins/listener_plugin.py
[2026-03-01T19:52:32.192+0530] {processor.py:208} INFO - Processing /home/jenny/.local/lib/python3.13/site-packages/airflow/example_dags/plugins/listener_plugin.py took 0.012 seconds
[2026-03-01T19:53:26.233+0530] {processor.py:186} INFO - Started process (PID=262796) to work on /home/jenny/.local/lib/python3.13/site-packages/airflow/example_dags/plugins/listener_plugin.py
[2026-03-01T19:53:26.234+0530] {processor.py:914} INFO - Processing file /home/jenny/.local/lib/python3.13/site-packages/airflow/example_dags/plugins/listener_plugin.py for tasks to queue
[2026-03-01T19:53:26.235+0530] {logging_mixin.py:190} INFO - [2026-03-01T19:53:26.235+0530] {dagbag.py:588} INFO - Filling up the DagBag from /home/jenny/.local/lib/python3.13/site-packages/airflow/example_dags/plugins/listener_plugin.py
[2026-03-01T19:53:26.238+0530] {processor.py:927} WARNING - No viable dags retrieved from /home/jenny/.local/lib/python3.13/site-packages/airflow/example_dags/plugins/listener_plugin.py
[2026-03-01T19:53:26.244+0530] {processor.py:208} INFO - Processing /home/jenny/.local/lib/python3.13/site-packages/airflow/example_dags/plugins/listener_plugin.py took 0.015 seconds
