[2026-03-01T14:14:38.978+0530] {processor.py:186} INFO - Started process (PID=212664) to work on /home/jenny/.local/lib/python3.13/site-packages/airflow/example_dags/plugins/workday.py
[2026-03-01T14:14:38.979+0530] {processor.py:914} INFO - Processing file /home/jenny/.local/lib/python3.13/site-packages/airflow/example_dags/plugins/workday.py for tasks to queue
[2026-03-01T14:14:38.982+0530] {logging_mixin.py:190} INFO - [2026-03-01T14:14:38.982+0530] {dagbag.py:588} INFO - Filling up the DagBag from /home/jenny/.local/lib/python3.13/site-packages/airflow/example_dags/plugins/workday.py
[2026-03-01T14:14:38.985+0530] {processor.py:927} WARNING - No viable dags retrieved from /home/jenny/.local/lib/python3.13/site-packages/airflow/example_dags/plugins/workday.py
[2026-03-01T14:14:38.991+0530] {processor.py:208} INFO - Processing /home/jenny/.local/lib/python3.13/site-packages/airflow/example_dags/plugins/workday.py took 0.018 seconds
[2026-03-01T14:15:43.169+0530] {processor.py:186} INFO - Started process (PID=213358) to work on /home/jenny/.local/lib/python3.13/site-packages/airflow/example_dags/plugins/workday.py
[2026-03-01T14:15:43.169+0530] {processor.py:914} INFO - Processing file /home/jenny/.local/lib/python3.13/site-packages/airflow/example_dags/plugins/workday.py for tasks to queue
[2026-03-01T14:15:43.172+0530] {logging_mixin.py:190} INFO - [2026-03-01T14:15:43.171+0530] {dagbag.py:588} INFO - Filling up the DagBag from /home/jenny/.local/lib/python3.13/site-packages/airflow/example_dags/plugins/workday.py
[2026-03-01T14:15:43.174+0530] {processor.py:927} WARNING - No viable dags retrieved from /home/jenny/.local/lib/python3.13/site-packages/airflow/example_dags/plugins/workday.py
[2026-03-01T14:15:43.182+0530] {processor.py:208} INFO - Processing /home/jenny/.local/lib/python3.13/site-packages/airflow/example_dags/plugins/workday.py took 0.017 seconds
[2026-03-01T14:16:15.236+0530] {processor.py:186} INFO - Started process (PID=213499) to work on /home/jenny/.local/lib/python3.13/site-packages/airflow/example_dags/plugins/workday.py
[2026-03-01T14:16:15.237+0530] {processor.py:914} INFO - Processing file /home/jenny/.local/lib/python3.13/site-packages/airflow/example_dags/plugins/workday.py for tasks to queue
[2026-03-01T14:16:15.239+0530] {logging_mixin.py:190} INFO - [2026-03-01T14:16:15.239+0530] {dagbag.py:588} INFO - Filling up the DagBag from /home/jenny/.local/lib/python3.13/site-packages/airflow/example_dags/plugins/workday.py
[2026-03-01T14:16:15.241+0530] {processor.py:927} WARNING - No viable dags retrieved from /home/jenny/.local/lib/python3.13/site-packages/airflow/example_dags/plugins/workday.py
[2026-03-01T14:16:15.249+0530] {processor.py:208} INFO - Processing /home/jenny/.local/lib/python3.13/site-packages/airflow/example_dags/plugins/workday.py took 0.017 seconds
[2026-03-01T14:17:09.067+0530] {processor.py:186} INFO - Started process (PID=214964) to work on /home/jenny/.local/lib/python3.13/site-packages/airflow/example_dags/plugins/workday.py
[2026-03-01T14:17:09.067+0530] {processor.py:914} INFO - Processing file /home/jenny/.local/lib/python3.13/site-packages/airflow/example_dags/plugins/workday.py for tasks to queue
[2026-03-01T14:17:09.070+0530] {logging_mixin.py:190} INFO - [2026-03-01T14:17:09.069+0530] {dagbag.py:588} INFO - Filling up the DagBag from /home/jenny/.local/lib/python3.13/site-packages/airflow/example_dags/plugins/workday.py
[2026-03-01T14:17:09.072+0530] {processor.py:927} WARNING - No viable dags retrieved from /home/jenny/.local/lib/python3.13/site-packages/airflow/example_dags/plugins/workday.py
[2026-03-01T14:17:09.082+0530] {processor.py:208} INFO - Processing /home/jenny/.local/lib/python3.13/site-packages/airflow/example_dags/plugins/workday.py took 0.019 seconds
[2026-03-01T14:17:56.850+0530] {processor.py:186} INFO - Started process (PID=215534) to work on /home/jenny/.local/lib/python3.13/site-packages/airflow/example_dags/plugins/workday.py
[2026-03-01T14:17:56.851+0530] {processor.py:914} INFO - Processing file /home/jenny/.local/lib/python3.13/site-packages/airflow/example_dags/plugins/workday.py for tasks to queue
[2026-03-01T14:17:56.852+0530] {logging_mixin.py:190} INFO - [2026-03-01T14:17:56.852+0530] {dagbag.py:588} INFO - Filling up the DagBag from /home/jenny/.local/lib/python3.13/site-packages/airflow/example_dags/plugins/workday.py
[2026-03-01T14:17:56.854+0530] {processor.py:927} WARNING - No viable dags retrieved from /home/jenny/.local/lib/python3.13/site-packages/airflow/example_dags/plugins/workday.py
[2026-03-01T14:17:56.859+0530] {processor.py:208} INFO - Processing /home/jenny/.local/lib/python3.13/site-packages/airflow/example_dags/plugins/workday.py took 0.013 seconds
[2026-03-01T14:18:58.966+0530] {processor.py:186} INFO - Started process (PID=215897) to work on /home/jenny/.local/lib/python3.13/site-packages/airflow/example_dags/plugins/workday.py
[2026-03-01T14:18:58.967+0530] {processor.py:914} INFO - Processing file /home/jenny/.local/lib/python3.13/site-packages/airflow/example_dags/plugins/workday.py for tasks to queue
[2026-03-01T14:18:58.970+0530] {logging_mixin.py:190} INFO - [2026-03-01T14:18:58.970+0530] {dagbag.py:588} INFO - Filling up the DagBag from /home/jenny/.local/lib/python3.13/site-packages/airflow/example_dags/plugins/workday.py
[2026-03-01T14:18:58.973+0530] {processor.py:927} WARNING - No viable dags retrieved from /home/jenny/.local/lib/python3.13/site-packages/airflow/example_dags/plugins/workday.py
[2026-03-01T14:18:58.980+0530] {processor.py:208} INFO - Processing /home/jenny/.local/lib/python3.13/site-packages/airflow/example_dags/plugins/workday.py took 0.019 seconds
[2026-03-01T14:19:57.531+0530] {processor.py:186} INFO - Started process (PID=216623) to work on /home/jenny/.local/lib/python3.13/site-packages/airflow/example_dags/plugins/workday.py
[2026-03-01T14:19:57.532+0530] {processor.py:914} INFO - Processing file /home/jenny/.local/lib/python3.13/site-packages/airflow/example_dags/plugins/workday.py for tasks to queue
[2026-03-01T14:19:57.535+0530] {logging_mixin.py:190} INFO - [2026-03-01T14:19:57.535+0530] {dagbag.py:588} INFO - Filling up the DagBag from /home/jenny/.local/lib/python3.13/site-packages/airflow/example_dags/plugins/workday.py
[2026-03-01T14:19:57.537+0530] {processor.py:927} WARNING - No viable dags retrieved from /home/jenny/.local/lib/python3.13/site-packages/airflow/example_dags/plugins/workday.py
[2026-03-01T14:19:57.544+0530] {processor.py:208} INFO - Processing /home/jenny/.local/lib/python3.13/site-packages/airflow/example_dags/plugins/workday.py took 0.017 seconds
[2026-03-01T14:20:29.041+0530] {processor.py:186} INFO - Started process (PID=216720) to work on /home/jenny/.local/lib/python3.13/site-packages/airflow/example_dags/plugins/workday.py
[2026-03-01T14:20:29.041+0530] {processor.py:914} INFO - Processing file /home/jenny/.local/lib/python3.13/site-packages/airflow/example_dags/plugins/workday.py for tasks to queue
[2026-03-01T14:20:29.044+0530] {logging_mixin.py:190} INFO - [2026-03-01T14:20:29.044+0530] {dagbag.py:588} INFO - Filling up the DagBag from /home/jenny/.local/lib/python3.13/site-packages/airflow/example_dags/plugins/workday.py
[2026-03-01T14:20:29.046+0530] {processor.py:927} WARNING - No viable dags retrieved from /home/jenny/.local/lib/python3.13/site-packages/airflow/example_dags/plugins/workday.py
[2026-03-01T14:20:29.054+0530] {processor.py:208} INFO - Processing /home/jenny/.local/lib/python3.13/site-packages/airflow/example_dags/plugins/workday.py took 0.019 seconds
[2026-03-01T14:21:24.606+0530] {processor.py:186} INFO - Started process (PID=216864) to work on /home/jenny/.local/lib/python3.13/site-packages/airflow/example_dags/plugins/workday.py
[2026-03-01T14:21:24.607+0530] {processor.py:914} INFO - Processing file /home/jenny/.local/lib/python3.13/site-packages/airflow/example_dags/plugins/workday.py for tasks to queue
[2026-03-01T14:21:24.610+0530] {logging_mixin.py:190} INFO - [2026-03-01T14:21:24.609+0530] {dagbag.py:588} INFO - Filling up the DagBag from /home/jenny/.local/lib/python3.13/site-packages/airflow/example_dags/plugins/workday.py
[2026-03-01T14:21:24.612+0530] {processor.py:927} WARNING - No viable dags retrieved from /home/jenny/.local/lib/python3.13/site-packages/airflow/example_dags/plugins/workday.py
[2026-03-01T14:21:24.619+0530] {processor.py:208} INFO - Processing /home/jenny/.local/lib/python3.13/site-packages/airflow/example_dags/plugins/workday.py took 0.017 seconds
[2026-03-01T14:22:19.395+0530] {processor.py:186} INFO - Started process (PID=217794) to work on /home/jenny/.local/lib/python3.13/site-packages/airflow/example_dags/plugins/workday.py
[2026-03-01T14:22:19.396+0530] {processor.py:914} INFO - Processing file /home/jenny/.local/lib/python3.13/site-packages/airflow/example_dags/plugins/workday.py for tasks to queue
[2026-03-01T14:22:19.405+0530] {logging_mixin.py:190} INFO - [2026-03-01T14:22:19.405+0530] {dagbag.py:588} INFO - Filling up the DagBag from /home/jenny/.local/lib/python3.13/site-packages/airflow/example_dags/plugins/workday.py
[2026-03-01T14:22:19.407+0530] {processor.py:927} WARNING - No viable dags retrieved from /home/jenny/.local/lib/python3.13/site-packages/airflow/example_dags/plugins/workday.py
[2026-03-01T14:22:19.412+0530] {processor.py:208} INFO - Processing /home/jenny/.local/lib/python3.13/site-packages/airflow/example_dags/plugins/workday.py took 0.022 seconds
[2026-03-01T14:23:13.206+0530] {processor.py:186} INFO - Started process (PID=219371) to work on /home/jenny/.local/lib/python3.13/site-packages/airflow/example_dags/plugins/workday.py
[2026-03-01T14:23:13.207+0530] {processor.py:914} INFO - Processing file /home/jenny/.local/lib/python3.13/site-packages/airflow/example_dags/plugins/workday.py for tasks to queue
[2026-03-01T14:23:13.209+0530] {logging_mixin.py:190} INFO - [2026-03-01T14:23:13.209+0530] {dagbag.py:588} INFO - Filling up the DagBag from /home/jenny/.local/lib/python3.13/site-packages/airflow/example_dags/plugins/workday.py
[2026-03-01T14:23:13.212+0530] {processor.py:927} WARNING - No viable dags retrieved from /home/jenny/.local/lib/python3.13/site-packages/airflow/example_dags/plugins/workday.py
[2026-03-01T14:23:13.219+0530] {processor.py:208} INFO - Processing /home/jenny/.local/lib/python3.13/site-packages/airflow/example_dags/plugins/workday.py took 0.017 seconds
[2026-03-01T14:24:11.382+0530] {processor.py:186} INFO - Started process (PID=220139) to work on /home/jenny/.local/lib/python3.13/site-packages/airflow/example_dags/plugins/workday.py
[2026-03-01T14:24:11.383+0530] {processor.py:914} INFO - Processing file /home/jenny/.local/lib/python3.13/site-packages/airflow/example_dags/plugins/workday.py for tasks to queue
[2026-03-01T14:24:11.386+0530] {logging_mixin.py:190} INFO - [2026-03-01T14:24:11.386+0530] {dagbag.py:588} INFO - Filling up the DagBag from /home/jenny/.local/lib/python3.13/site-packages/airflow/example_dags/plugins/workday.py
[2026-03-01T14:24:11.389+0530] {processor.py:927} WARNING - No viable dags retrieved from /home/jenny/.local/lib/python3.13/site-packages/airflow/example_dags/plugins/workday.py
[2026-03-01T14:24:11.396+0530] {processor.py:208} INFO - Processing /home/jenny/.local/lib/python3.13/site-packages/airflow/example_dags/plugins/workday.py took 0.024 seconds
[2026-03-01T14:25:19.073+0530] {processor.py:186} INFO - Started process (PID=221227) to work on /home/jenny/.local/lib/python3.13/site-packages/airflow/example_dags/plugins/workday.py
[2026-03-01T14:25:19.074+0530] {processor.py:914} INFO - Processing file /home/jenny/.local/lib/python3.13/site-packages/airflow/example_dags/plugins/workday.py for tasks to queue
[2026-03-01T14:25:19.076+0530] {logging_mixin.py:190} INFO - [2026-03-01T14:25:19.076+0530] {dagbag.py:588} INFO - Filling up the DagBag from /home/jenny/.local/lib/python3.13/site-packages/airflow/example_dags/plugins/workday.py
[2026-03-01T14:25:19.078+0530] {processor.py:927} WARNING - No viable dags retrieved from /home/jenny/.local/lib/python3.13/site-packages/airflow/example_dags/plugins/workday.py
[2026-03-01T14:25:19.084+0530] {processor.py:208} INFO - Processing /home/jenny/.local/lib/python3.13/site-packages/airflow/example_dags/plugins/workday.py took 0.014 seconds
[2026-03-01T14:26:01.532+0530] {processor.py:186} INFO - Started process (PID=225521) to work on /home/jenny/.local/lib/python3.13/site-packages/airflow/example_dags/plugins/workday.py
[2026-03-01T14:26:01.533+0530] {processor.py:914} INFO - Processing file /home/jenny/.local/lib/python3.13/site-packages/airflow/example_dags/plugins/workday.py for tasks to queue
[2026-03-01T14:26:01.534+0530] {logging_mixin.py:190} INFO - [2026-03-01T14:26:01.534+0530] {dagbag.py:588} INFO - Filling up the DagBag from /home/jenny/.local/lib/python3.13/site-packages/airflow/example_dags/plugins/workday.py
[2026-03-01T14:26:01.536+0530] {processor.py:927} WARNING - No viable dags retrieved from /home/jenny/.local/lib/python3.13/site-packages/airflow/example_dags/plugins/workday.py
[2026-03-01T14:26:01.542+0530] {processor.py:208} INFO - Processing /home/jenny/.local/lib/python3.13/site-packages/airflow/example_dags/plugins/workday.py took 0.013 seconds
[2026-03-01T14:26:57.069+0530] {processor.py:186} INFO - Started process (PID=226488) to work on /home/jenny/.local/lib/python3.13/site-packages/airflow/example_dags/plugins/workday.py
[2026-03-01T14:26:57.070+0530] {processor.py:914} INFO - Processing file /home/jenny/.local/lib/python3.13/site-packages/airflow/example_dags/plugins/workday.py for tasks to queue
[2026-03-01T14:26:57.073+0530] {logging_mixin.py:190} INFO - [2026-03-01T14:26:57.072+0530] {dagbag.py:588} INFO - Filling up the DagBag from /home/jenny/.local/lib/python3.13/site-packages/airflow/example_dags/plugins/workday.py
[2026-03-01T14:26:57.075+0530] {processor.py:927} WARNING - No viable dags retrieved from /home/jenny/.local/lib/python3.13/site-packages/airflow/example_dags/plugins/workday.py
[2026-03-01T14:26:57.082+0530] {processor.py:208} INFO - Processing /home/jenny/.local/lib/python3.13/site-packages/airflow/example_dags/plugins/workday.py took 0.020 seconds
[2026-03-01T14:27:51.920+0530] {processor.py:186} INFO - Started process (PID=227646) to work on /home/jenny/.local/lib/python3.13/site-packages/airflow/example_dags/plugins/workday.py
[2026-03-01T14:27:51.921+0530] {processor.py:914} INFO - Processing file /home/jenny/.local/lib/python3.13/site-packages/airflow/example_dags/plugins/workday.py for tasks to queue
[2026-03-01T14:27:51.923+0530] {logging_mixin.py:190} INFO - [2026-03-01T14:27:51.923+0530] {dagbag.py:588} INFO - Filling up the DagBag from /home/jenny/.local/lib/python3.13/site-packages/airflow/example_dags/plugins/workday.py
[2026-03-01T14:27:51.926+0530] {processor.py:927} WARNING - No viable dags retrieved from /home/jenny/.local/lib/python3.13/site-packages/airflow/example_dags/plugins/workday.py
[2026-03-01T14:27:51.935+0530] {processor.py:208} INFO - Processing /home/jenny/.local/lib/python3.13/site-packages/airflow/example_dags/plugins/workday.py took 0.020 seconds
[2026-03-01T14:28:24.052+0530] {processor.py:186} INFO - Started process (PID=228431) to work on /home/jenny/.local/lib/python3.13/site-packages/airflow/example_dags/plugins/workday.py
[2026-03-01T14:28:24.053+0530] {processor.py:914} INFO - Processing file /home/jenny/.local/lib/python3.13/site-packages/airflow/example_dags/plugins/workday.py for tasks to queue
[2026-03-01T14:28:24.055+0530] {logging_mixin.py:190} INFO - [2026-03-01T14:28:24.055+0530] {dagbag.py:588} INFO - Filling up the DagBag from /home/jenny/.local/lib/python3.13/site-packages/airflow/example_dags/plugins/workday.py
[2026-03-01T14:28:24.058+0530] {processor.py:927} WARNING - No viable dags retrieved from /home/jenny/.local/lib/python3.13/site-packages/airflow/example_dags/plugins/workday.py
[2026-03-01T14:28:24.064+0530] {processor.py:208} INFO - Processing /home/jenny/.local/lib/python3.13/site-packages/airflow/example_dags/plugins/workday.py took 0.016 seconds
[2026-03-01T14:29:35.328+0530] {processor.py:186} INFO - Started process (PID=229720) to work on /home/jenny/.local/lib/python3.13/site-packages/airflow/example_dags/plugins/workday.py
[2026-03-01T14:29:35.329+0530] {processor.py:914} INFO - Processing file /home/jenny/.local/lib/python3.13/site-packages/airflow/example_dags/plugins/workday.py for tasks to queue
[2026-03-01T14:29:35.332+0530] {logging_mixin.py:190} INFO - [2026-03-01T14:29:35.331+0530] {dagbag.py:588} INFO - Filling up the DagBag from /home/jenny/.local/lib/python3.13/site-packages/airflow/example_dags/plugins/workday.py
[2026-03-01T14:29:35.335+0530] {processor.py:927} WARNING - No viable dags retrieved from /home/jenny/.local/lib/python3.13/site-packages/airflow/example_dags/plugins/workday.py
[2026-03-01T14:29:35.345+0530] {processor.py:208} INFO - Processing /home/jenny/.local/lib/python3.13/site-packages/airflow/example_dags/plugins/workday.py took 0.022 seconds
[2026-03-01T14:30:25.798+0530] {processor.py:186} INFO - Started process (PID=230155) to work on /home/jenny/.local/lib/python3.13/site-packages/airflow/example_dags/plugins/workday.py
[2026-03-01T14:30:25.799+0530] {processor.py:914} INFO - Processing file /home/jenny/.local/lib/python3.13/site-packages/airflow/example_dags/plugins/workday.py for tasks to queue
[2026-03-01T14:30:25.802+0530] {logging_mixin.py:190} INFO - [2026-03-01T14:30:25.801+0530] {dagbag.py:588} INFO - Filling up the DagBag from /home/jenny/.local/lib/python3.13/site-packages/airflow/example_dags/plugins/workday.py
[2026-03-01T14:30:25.805+0530] {processor.py:927} WARNING - No viable dags retrieved from /home/jenny/.local/lib/python3.13/site-packages/airflow/example_dags/plugins/workday.py
[2026-03-01T14:30:25.812+0530] {processor.py:208} INFO - Processing /home/jenny/.local/lib/python3.13/site-packages/airflow/example_dags/plugins/workday.py took 0.020 seconds
[2026-03-01T14:31:29.520+0530] {processor.py:186} INFO - Started process (PID=231566) to work on /home/jenny/.local/lib/python3.13/site-packages/airflow/example_dags/plugins/workday.py
[2026-03-01T14:31:29.521+0530] {processor.py:914} INFO - Processing file /home/jenny/.local/lib/python3.13/site-packages/airflow/example_dags/plugins/workday.py for tasks to queue
[2026-03-01T14:31:29.523+0530] {logging_mixin.py:190} INFO - [2026-03-01T14:31:29.523+0530] {dagbag.py:588} INFO - Filling up the DagBag from /home/jenny/.local/lib/python3.13/site-packages/airflow/example_dags/plugins/workday.py
[2026-03-01T14:31:29.525+0530] {processor.py:927} WARNING - No viable dags retrieved from /home/jenny/.local/lib/python3.13/site-packages/airflow/example_dags/plugins/workday.py
[2026-03-01T14:31:29.531+0530] {processor.py:208} INFO - Processing /home/jenny/.local/lib/python3.13/site-packages/airflow/example_dags/plugins/workday.py took 0.015 seconds
[2026-03-01T14:32:08.415+0530] {processor.py:186} INFO - Started process (PID=231748) to work on /home/jenny/.local/lib/python3.13/site-packages/airflow/example_dags/plugins/workday.py
[2026-03-01T14:32:08.416+0530] {processor.py:914} INFO - Processing file /home/jenny/.local/lib/python3.13/site-packages/airflow/example_dags/plugins/workday.py for tasks to queue
[2026-03-01T14:32:08.419+0530] {logging_mixin.py:190} INFO - [2026-03-01T14:32:08.418+0530] {dagbag.py:588} INFO - Filling up the DagBag from /home/jenny/.local/lib/python3.13/site-packages/airflow/example_dags/plugins/workday.py
[2026-03-01T14:32:08.421+0530] {processor.py:927} WARNING - No viable dags retrieved from /home/jenny/.local/lib/python3.13/site-packages/airflow/example_dags/plugins/workday.py
[2026-03-01T14:32:08.428+0530] {processor.py:208} INFO - Processing /home/jenny/.local/lib/python3.13/site-packages/airflow/example_dags/plugins/workday.py took 0.017 seconds
[2026-03-01T14:33:43.269+0530] {processor.py:186} INFO - Started process (PID=233279) to work on /home/jenny/.local/lib/python3.13/site-packages/airflow/example_dags/plugins/workday.py
[2026-03-01T14:33:43.270+0530] {processor.py:914} INFO - Processing file /home/jenny/.local/lib/python3.13/site-packages/airflow/example_dags/plugins/workday.py for tasks to queue
[2026-03-01T14:33:43.272+0530] {logging_mixin.py:190} INFO - [2026-03-01T14:33:43.271+0530] {dagbag.py:588} INFO - Filling up the DagBag from /home/jenny/.local/lib/python3.13/site-packages/airflow/example_dags/plugins/workday.py
[2026-03-01T14:33:43.273+0530] {processor.py:927} WARNING - No viable dags retrieved from /home/jenny/.local/lib/python3.13/site-packages/airflow/example_dags/plugins/workday.py
[2026-03-01T14:33:43.279+0530] {processor.py:208} INFO - Processing /home/jenny/.local/lib/python3.13/site-packages/airflow/example_dags/plugins/workday.py took 0.013 seconds
[2026-03-01T14:34:26.255+0530] {processor.py:186} INFO - Started process (PID=233411) to work on /home/jenny/.local/lib/python3.13/site-packages/airflow/example_dags/plugins/workday.py
[2026-03-01T14:34:26.256+0530] {processor.py:914} INFO - Processing file /home/jenny/.local/lib/python3.13/site-packages/airflow/example_dags/plugins/workday.py for tasks to queue
[2026-03-01T14:34:26.259+0530] {logging_mixin.py:190} INFO - [2026-03-01T14:34:26.259+0530] {dagbag.py:588} INFO - Filling up the DagBag from /home/jenny/.local/lib/python3.13/site-packages/airflow/example_dags/plugins/workday.py
[2026-03-01T14:34:26.262+0530] {processor.py:927} WARNING - No viable dags retrieved from /home/jenny/.local/lib/python3.13/site-packages/airflow/example_dags/plugins/workday.py
[2026-03-01T14:34:26.268+0530] {processor.py:208} INFO - Processing /home/jenny/.local/lib/python3.13/site-packages/airflow/example_dags/plugins/workday.py took 0.019 seconds
[2026-03-01T14:35:18.958+0530] {processor.py:186} INFO - Started process (PID=233893) to work on /home/jenny/.local/lib/python3.13/site-packages/airflow/example_dags/plugins/workday.py
[2026-03-01T14:35:18.960+0530] {processor.py:914} INFO - Processing file /home/jenny/.local/lib/python3.13/site-packages/airflow/example_dags/plugins/workday.py for tasks to queue
[2026-03-01T14:35:18.962+0530] {logging_mixin.py:190} INFO - [2026-03-01T14:35:18.962+0530] {dagbag.py:588} INFO - Filling up the DagBag from /home/jenny/.local/lib/python3.13/site-packages/airflow/example_dags/plugins/workday.py
[2026-03-01T14:35:18.965+0530] {processor.py:927} WARNING - No viable dags retrieved from /home/jenny/.local/lib/python3.13/site-packages/airflow/example_dags/plugins/workday.py
[2026-03-01T14:35:18.972+0530] {processor.py:208} INFO - Processing /home/jenny/.local/lib/python3.13/site-packages/airflow/example_dags/plugins/workday.py took 0.020 seconds
[2026-03-01T14:36:14.296+0530] {processor.py:186} INFO - Started process (PID=234040) to work on /home/jenny/.local/lib/python3.13/site-packages/airflow/example_dags/plugins/workday.py
[2026-03-01T14:36:14.297+0530] {processor.py:914} INFO - Processing file /home/jenny/.local/lib/python3.13/site-packages/airflow/example_dags/plugins/workday.py for tasks to queue
[2026-03-01T14:36:14.298+0530] {logging_mixin.py:190} INFO - [2026-03-01T14:36:14.298+0530] {dagbag.py:588} INFO - Filling up the DagBag from /home/jenny/.local/lib/python3.13/site-packages/airflow/example_dags/plugins/workday.py
[2026-03-01T14:36:14.300+0530] {processor.py:927} WARNING - No viable dags retrieved from /home/jenny/.local/lib/python3.13/site-packages/airflow/example_dags/plugins/workday.py
[2026-03-01T14:36:14.306+0530] {processor.py:208} INFO - Processing /home/jenny/.local/lib/python3.13/site-packages/airflow/example_dags/plugins/workday.py took 0.013 seconds
[2026-03-01T14:37:08.652+0530] {processor.py:186} INFO - Started process (PID=234205) to work on /home/jenny/.local/lib/python3.13/site-packages/airflow/example_dags/plugins/workday.py
[2026-03-01T14:37:08.653+0530] {processor.py:914} INFO - Processing file /home/jenny/.local/lib/python3.13/site-packages/airflow/example_dags/plugins/workday.py for tasks to queue
[2026-03-01T14:37:08.657+0530] {logging_mixin.py:190} INFO - [2026-03-01T14:37:08.656+0530] {dagbag.py:588} INFO - Filling up the DagBag from /home/jenny/.local/lib/python3.13/site-packages/airflow/example_dags/plugins/workday.py
[2026-03-01T14:37:08.661+0530] {processor.py:927} WARNING - No viable dags retrieved from /home/jenny/.local/lib/python3.13/site-packages/airflow/example_dags/plugins/workday.py
[2026-03-01T14:37:08.673+0530] {processor.py:208} INFO - Processing /home/jenny/.local/lib/python3.13/site-packages/airflow/example_dags/plugins/workday.py took 0.027 seconds
[2026-03-01T14:38:03.627+0530] {processor.py:186} INFO - Started process (PID=234490) to work on /home/jenny/.local/lib/python3.13/site-packages/airflow/example_dags/plugins/workday.py
[2026-03-01T14:38:03.628+0530] {processor.py:914} INFO - Processing file /home/jenny/.local/lib/python3.13/site-packages/airflow/example_dags/plugins/workday.py for tasks to queue
[2026-03-01T14:38:03.630+0530] {logging_mixin.py:190} INFO - [2026-03-01T14:38:03.629+0530] {dagbag.py:588} INFO - Filling up the DagBag from /home/jenny/.local/lib/python3.13/site-packages/airflow/example_dags/plugins/workday.py
[2026-03-01T14:38:03.631+0530] {processor.py:927} WARNING - No viable dags retrieved from /home/jenny/.local/lib/python3.13/site-packages/airflow/example_dags/plugins/workday.py
[2026-03-01T14:38:03.641+0530] {processor.py:208} INFO - Processing /home/jenny/.local/lib/python3.13/site-packages/airflow/example_dags/plugins/workday.py took 0.018 seconds
[2026-03-01T14:38:58.210+0530] {processor.py:186} INFO - Started process (PID=235052) to work on /home/jenny/.local/lib/python3.13/site-packages/airflow/example_dags/plugins/workday.py
[2026-03-01T14:38:58.369+0530] {processor.py:914} INFO - Processing file /home/jenny/.local/lib/python3.13/site-packages/airflow/example_dags/plugins/workday.py for tasks to queue
[2026-03-01T14:38:58.374+0530] {logging_mixin.py:190} INFO - [2026-03-01T14:38:58.373+0530] {dagbag.py:588} INFO - Filling up the DagBag from /home/jenny/.local/lib/python3.13/site-packages/airflow/example_dags/plugins/workday.py
[2026-03-01T14:38:58.378+0530] {processor.py:927} WARNING - No viable dags retrieved from /home/jenny/.local/lib/python3.13/site-packages/airflow/example_dags/plugins/workday.py
[2026-03-01T14:38:58.389+0530] {processor.py:208} INFO - Processing /home/jenny/.local/lib/python3.13/site-packages/airflow/example_dags/plugins/workday.py took 0.183 seconds
[2026-03-01T14:39:50.699+0530] {processor.py:186} INFO - Started process (PID=235209) to work on /home/jenny/.local/lib/python3.13/site-packages/airflow/example_dags/plugins/workday.py
[2026-03-01T14:39:50.701+0530] {processor.py:914} INFO - Processing file /home/jenny/.local/lib/python3.13/site-packages/airflow/example_dags/plugins/workday.py for tasks to queue
[2026-03-01T14:39:50.704+0530] {logging_mixin.py:190} INFO - [2026-03-01T14:39:50.703+0530] {dagbag.py:588} INFO - Filling up the DagBag from /home/jenny/.local/lib/python3.13/site-packages/airflow/example_dags/plugins/workday.py
[2026-03-01T14:39:50.707+0530] {processor.py:927} WARNING - No viable dags retrieved from /home/jenny/.local/lib/python3.13/site-packages/airflow/example_dags/plugins/workday.py
[2026-03-01T14:39:50.713+0530] {processor.py:208} INFO - Processing /home/jenny/.local/lib/python3.13/site-packages/airflow/example_dags/plugins/workday.py took 0.019 seconds
[2026-03-01T14:40:45.101+0530] {processor.py:186} INFO - Started process (PID=236930) to work on /home/jenny/.local/lib/python3.13/site-packages/airflow/example_dags/plugins/workday.py
[2026-03-01T14:40:45.102+0530] {processor.py:914} INFO - Processing file /home/jenny/.local/lib/python3.13/site-packages/airflow/example_dags/plugins/workday.py for tasks to queue
[2026-03-01T14:40:45.104+0530] {logging_mixin.py:190} INFO - [2026-03-01T14:40:45.104+0530] {dagbag.py:588} INFO - Filling up the DagBag from /home/jenny/.local/lib/python3.13/site-packages/airflow/example_dags/plugins/workday.py
[2026-03-01T14:40:45.106+0530] {processor.py:927} WARNING - No viable dags retrieved from /home/jenny/.local/lib/python3.13/site-packages/airflow/example_dags/plugins/workday.py
[2026-03-01T14:40:45.114+0530] {processor.py:208} INFO - Processing /home/jenny/.local/lib/python3.13/site-packages/airflow/example_dags/plugins/workday.py took 0.016 seconds
[2026-03-01T14:41:38.834+0530] {processor.py:186} INFO - Started process (PID=239491) to work on /home/jenny/.local/lib/python3.13/site-packages/airflow/example_dags/plugins/workday.py
[2026-03-01T14:41:38.835+0530] {processor.py:914} INFO - Processing file /home/jenny/.local/lib/python3.13/site-packages/airflow/example_dags/plugins/workday.py for tasks to queue
[2026-03-01T14:41:38.837+0530] {logging_mixin.py:190} INFO - [2026-03-01T14:41:38.837+0530] {dagbag.py:588} INFO - Filling up the DagBag from /home/jenny/.local/lib/python3.13/site-packages/airflow/example_dags/plugins/workday.py
[2026-03-01T14:41:38.839+0530] {processor.py:927} WARNING - No viable dags retrieved from /home/jenny/.local/lib/python3.13/site-packages/airflow/example_dags/plugins/workday.py
[2026-03-01T14:41:38.846+0530] {processor.py:208} INFO - Processing /home/jenny/.local/lib/python3.13/site-packages/airflow/example_dags/plugins/workday.py took 0.016 seconds
[2026-03-01T14:42:32.130+0530] {processor.py:186} INFO - Started process (PID=239655) to work on /home/jenny/.local/lib/python3.13/site-packages/airflow/example_dags/plugins/workday.py
[2026-03-01T14:42:32.131+0530] {processor.py:914} INFO - Processing file /home/jenny/.local/lib/python3.13/site-packages/airflow/example_dags/plugins/workday.py for tasks to queue
[2026-03-01T14:42:32.134+0530] {logging_mixin.py:190} INFO - [2026-03-01T14:42:32.133+0530] {dagbag.py:588} INFO - Filling up the DagBag from /home/jenny/.local/lib/python3.13/site-packages/airflow/example_dags/plugins/workday.py
[2026-03-01T14:42:32.136+0530] {processor.py:927} WARNING - No viable dags retrieved from /home/jenny/.local/lib/python3.13/site-packages/airflow/example_dags/plugins/workday.py
[2026-03-01T14:42:32.143+0530] {processor.py:208} INFO - Processing /home/jenny/.local/lib/python3.13/site-packages/airflow/example_dags/plugins/workday.py took 0.018 seconds
[2026-03-01T14:43:24.891+0530] {processor.py:186} INFO - Started process (PID=239795) to work on /home/jenny/.local/lib/python3.13/site-packages/airflow/example_dags/plugins/workday.py
[2026-03-01T14:43:24.892+0530] {processor.py:914} INFO - Processing file /home/jenny/.local/lib/python3.13/site-packages/airflow/example_dags/plugins/workday.py for tasks to queue
[2026-03-01T14:43:24.895+0530] {logging_mixin.py:190} INFO - [2026-03-01T14:43:24.894+0530] {dagbag.py:588} INFO - Filling up the DagBag from /home/jenny/.local/lib/python3.13/site-packages/airflow/example_dags/plugins/workday.py
[2026-03-01T14:43:24.897+0530] {processor.py:927} WARNING - No viable dags retrieved from /home/jenny/.local/lib/python3.13/site-packages/airflow/example_dags/plugins/workday.py
[2026-03-01T14:43:24.903+0530] {processor.py:208} INFO - Processing /home/jenny/.local/lib/python3.13/site-packages/airflow/example_dags/plugins/workday.py took 0.017 seconds
[2026-03-01T14:44:16.364+0530] {processor.py:186} INFO - Started process (PID=239960) to work on /home/jenny/.local/lib/python3.13/site-packages/airflow/example_dags/plugins/workday.py
[2026-03-01T14:44:16.365+0530] {processor.py:914} INFO - Processing file /home/jenny/.local/lib/python3.13/site-packages/airflow/example_dags/plugins/workday.py for tasks to queue
[2026-03-01T14:44:16.368+0530] {logging_mixin.py:190} INFO - [2026-03-01T14:44:16.367+0530] {dagbag.py:588} INFO - Filling up the DagBag from /home/jenny/.local/lib/python3.13/site-packages/airflow/example_dags/plugins/workday.py
[2026-03-01T14:44:16.370+0530] {processor.py:927} WARNING - No viable dags retrieved from /home/jenny/.local/lib/python3.13/site-packages/airflow/example_dags/plugins/workday.py
[2026-03-01T14:44:16.377+0530] {processor.py:208} INFO - Processing /home/jenny/.local/lib/python3.13/site-packages/airflow/example_dags/plugins/workday.py took 0.017 seconds
[2026-03-01T14:45:11.871+0530] {processor.py:186} INFO - Started process (PID=240176) to work on /home/jenny/.local/lib/python3.13/site-packages/airflow/example_dags/plugins/workday.py
[2026-03-01T14:45:11.871+0530] {processor.py:914} INFO - Processing file /home/jenny/.local/lib/python3.13/site-packages/airflow/example_dags/plugins/workday.py for tasks to queue
[2026-03-01T14:45:11.873+0530] {logging_mixin.py:190} INFO - [2026-03-01T14:45:11.873+0530] {dagbag.py:588} INFO - Filling up the DagBag from /home/jenny/.local/lib/python3.13/site-packages/airflow/example_dags/plugins/workday.py
[2026-03-01T14:45:11.876+0530] {processor.py:927} WARNING - No viable dags retrieved from /home/jenny/.local/lib/python3.13/site-packages/airflow/example_dags/plugins/workday.py
[2026-03-01T14:45:11.885+0530] {processor.py:208} INFO - Processing /home/jenny/.local/lib/python3.13/site-packages/airflow/example_dags/plugins/workday.py took 0.018 seconds
[2026-03-01T14:46:08.153+0530] {processor.py:186} INFO - Started process (PID=240319) to work on /home/jenny/.local/lib/python3.13/site-packages/airflow/example_dags/plugins/workday.py
[2026-03-01T14:46:08.155+0530] {processor.py:914} INFO - Processing file /home/jenny/.local/lib/python3.13/site-packages/airflow/example_dags/plugins/workday.py for tasks to queue
[2026-03-01T14:46:08.158+0530] {logging_mixin.py:190} INFO - [2026-03-01T14:46:08.157+0530] {dagbag.py:588} INFO - Filling up the DagBag from /home/jenny/.local/lib/python3.13/site-packages/airflow/example_dags/plugins/workday.py
[2026-03-01T14:46:08.161+0530] {processor.py:927} WARNING - No viable dags retrieved from /home/jenny/.local/lib/python3.13/site-packages/airflow/example_dags/plugins/workday.py
[2026-03-01T14:46:08.168+0530] {processor.py:208} INFO - Processing /home/jenny/.local/lib/python3.13/site-packages/airflow/example_dags/plugins/workday.py took 0.020 seconds
[2026-03-01T14:46:40.288+0530] {processor.py:186} INFO - Started process (PID=240404) to work on /home/jenny/.local/lib/python3.13/site-packages/airflow/example_dags/plugins/workday.py
[2026-03-01T14:46:40.290+0530] {processor.py:914} INFO - Processing file /home/jenny/.local/lib/python3.13/site-packages/airflow/example_dags/plugins/workday.py for tasks to queue
[2026-03-01T14:46:40.293+0530] {logging_mixin.py:190} INFO - [2026-03-01T14:46:40.292+0530] {dagbag.py:588} INFO - Filling up the DagBag from /home/jenny/.local/lib/python3.13/site-packages/airflow/example_dags/plugins/workday.py
[2026-03-01T14:46:40.295+0530] {processor.py:927} WARNING - No viable dags retrieved from /home/jenny/.local/lib/python3.13/site-packages/airflow/example_dags/plugins/workday.py
[2026-03-01T14:46:40.302+0530] {processor.py:208} INFO - Processing /home/jenny/.local/lib/python3.13/site-packages/airflow/example_dags/plugins/workday.py took 0.018 seconds
[2026-03-01T14:47:12.008+0530] {processor.py:186} INFO - Started process (PID=240527) to work on /home/jenny/.local/lib/python3.13/site-packages/airflow/example_dags/plugins/workday.py
[2026-03-01T14:47:12.010+0530] {processor.py:914} INFO - Processing file /home/jenny/.local/lib/python3.13/site-packages/airflow/example_dags/plugins/workday.py for tasks to queue
[2026-03-01T14:47:12.012+0530] {logging_mixin.py:190} INFO - [2026-03-01T14:47:12.012+0530] {dagbag.py:588} INFO - Filling up the DagBag from /home/jenny/.local/lib/python3.13/site-packages/airflow/example_dags/plugins/workday.py
[2026-03-01T14:47:12.015+0530] {processor.py:927} WARNING - No viable dags retrieved from /home/jenny/.local/lib/python3.13/site-packages/airflow/example_dags/plugins/workday.py
[2026-03-01T14:47:12.022+0530] {processor.py:208} INFO - Processing /home/jenny/.local/lib/python3.13/site-packages/airflow/example_dags/plugins/workday.py took 0.019 seconds
[2026-03-01T14:47:43.720+0530] {processor.py:186} INFO - Started process (PID=240610) to work on /home/jenny/.local/lib/python3.13/site-packages/airflow/example_dags/plugins/workday.py
[2026-03-01T14:47:43.721+0530] {processor.py:914} INFO - Processing file /home/jenny/.local/lib/python3.13/site-packages/airflow/example_dags/plugins/workday.py for tasks to queue
[2026-03-01T14:47:43.722+0530] {logging_mixin.py:190} INFO - [2026-03-01T14:47:43.722+0530] {dagbag.py:588} INFO - Filling up the DagBag from /home/jenny/.local/lib/python3.13/site-packages/airflow/example_dags/plugins/workday.py
[2026-03-01T14:47:43.725+0530] {processor.py:927} WARNING - No viable dags retrieved from /home/jenny/.local/lib/python3.13/site-packages/airflow/example_dags/plugins/workday.py
[2026-03-01T14:47:43.732+0530] {processor.py:208} INFO - Processing /home/jenny/.local/lib/python3.13/site-packages/airflow/example_dags/plugins/workday.py took 0.016 seconds
[2026-03-01T14:48:15.413+0530] {processor.py:186} INFO - Started process (PID=240705) to work on /home/jenny/.local/lib/python3.13/site-packages/airflow/example_dags/plugins/workday.py
[2026-03-01T14:48:15.414+0530] {processor.py:914} INFO - Processing file /home/jenny/.local/lib/python3.13/site-packages/airflow/example_dags/plugins/workday.py for tasks to queue
[2026-03-01T14:48:15.416+0530] {logging_mixin.py:190} INFO - [2026-03-01T14:48:15.416+0530] {dagbag.py:588} INFO - Filling up the DagBag from /home/jenny/.local/lib/python3.13/site-packages/airflow/example_dags/plugins/workday.py
[2026-03-01T14:48:15.419+0530] {processor.py:927} WARNING - No viable dags retrieved from /home/jenny/.local/lib/python3.13/site-packages/airflow/example_dags/plugins/workday.py
[2026-03-01T14:48:15.426+0530] {processor.py:208} INFO - Processing /home/jenny/.local/lib/python3.13/site-packages/airflow/example_dags/plugins/workday.py took 0.016 seconds
[2026-03-01T14:49:11.392+0530] {processor.py:186} INFO - Started process (PID=241019) to work on /home/jenny/.local/lib/python3.13/site-packages/airflow/example_dags/plugins/workday.py
[2026-03-01T14:49:11.393+0530] {processor.py:914} INFO - Processing file /home/jenny/.local/lib/python3.13/site-packages/airflow/example_dags/plugins/workday.py for tasks to queue
[2026-03-01T14:49:11.395+0530] {logging_mixin.py:190} INFO - [2026-03-01T14:49:11.394+0530] {dagbag.py:588} INFO - Filling up the DagBag from /home/jenny/.local/lib/python3.13/site-packages/airflow/example_dags/plugins/workday.py
[2026-03-01T14:49:11.397+0530] {processor.py:927} WARNING - No viable dags retrieved from /home/jenny/.local/lib/python3.13/site-packages/airflow/example_dags/plugins/workday.py
[2026-03-01T14:49:11.402+0530] {processor.py:208} INFO - Processing /home/jenny/.local/lib/python3.13/site-packages/airflow/example_dags/plugins/workday.py took 0.013 seconds
[2026-03-01T14:50:05.972+0530] {processor.py:186} INFO - Started process (PID=241261) to work on /home/jenny/.local/lib/python3.13/site-packages/airflow/example_dags/plugins/workday.py
[2026-03-01T14:50:05.974+0530] {processor.py:914} INFO - Processing file /home/jenny/.local/lib/python3.13/site-packages/airflow/example_dags/plugins/workday.py for tasks to queue
[2026-03-01T14:50:05.977+0530] {logging_mixin.py:190} INFO - [2026-03-01T14:50:05.976+0530] {dagbag.py:588} INFO - Filling up the DagBag from /home/jenny/.local/lib/python3.13/site-packages/airflow/example_dags/plugins/workday.py
[2026-03-01T14:50:05.979+0530] {processor.py:927} WARNING - No viable dags retrieved from /home/jenny/.local/lib/python3.13/site-packages/airflow/example_dags/plugins/workday.py
[2026-03-01T14:50:05.986+0530] {processor.py:208} INFO - Processing /home/jenny/.local/lib/python3.13/site-packages/airflow/example_dags/plugins/workday.py took 0.020 seconds
[2026-03-01T14:51:02.745+0530] {processor.py:186} INFO - Started process (PID=241725) to work on /home/jenny/.local/lib/python3.13/site-packages/airflow/example_dags/plugins/workday.py
[2026-03-01T14:51:02.745+0530] {processor.py:914} INFO - Processing file /home/jenny/.local/lib/python3.13/site-packages/airflow/example_dags/plugins/workday.py for tasks to queue
[2026-03-01T14:51:02.747+0530] {logging_mixin.py:190} INFO - [2026-03-01T14:51:02.747+0530] {dagbag.py:588} INFO - Filling up the DagBag from /home/jenny/.local/lib/python3.13/site-packages/airflow/example_dags/plugins/workday.py
[2026-03-01T14:51:02.749+0530] {processor.py:927} WARNING - No viable dags retrieved from /home/jenny/.local/lib/python3.13/site-packages/airflow/example_dags/plugins/workday.py
[2026-03-01T14:51:02.754+0530] {processor.py:208} INFO - Processing /home/jenny/.local/lib/python3.13/site-packages/airflow/example_dags/plugins/workday.py took 0.013 seconds
[2026-03-01T14:51:56.381+0530] {processor.py:186} INFO - Started process (PID=241900) to work on /home/jenny/.local/lib/python3.13/site-packages/airflow/example_dags/plugins/workday.py
[2026-03-01T14:51:56.382+0530] {processor.py:914} INFO - Processing file /home/jenny/.local/lib/python3.13/site-packages/airflow/example_dags/plugins/workday.py for tasks to queue
[2026-03-01T14:51:56.384+0530] {logging_mixin.py:190} INFO - [2026-03-01T14:51:56.384+0530] {dagbag.py:588} INFO - Filling up the DagBag from /home/jenny/.local/lib/python3.13/site-packages/airflow/example_dags/plugins/workday.py
[2026-03-01T14:51:56.386+0530] {processor.py:927} WARNING - No viable dags retrieved from /home/jenny/.local/lib/python3.13/site-packages/airflow/example_dags/plugins/workday.py
[2026-03-01T14:51:56.392+0530] {processor.py:208} INFO - Processing /home/jenny/.local/lib/python3.13/site-packages/airflow/example_dags/plugins/workday.py took 0.014 seconds
[2026-03-01T14:52:47.065+0530] {processor.py:186} INFO - Started process (PID=242058) to work on /home/jenny/.local/lib/python3.13/site-packages/airflow/example_dags/plugins/workday.py
[2026-03-01T14:52:47.066+0530] {processor.py:914} INFO - Processing file /home/jenny/.local/lib/python3.13/site-packages/airflow/example_dags/plugins/workday.py for tasks to queue
[2026-03-01T14:52:47.068+0530] {logging_mixin.py:190} INFO - [2026-03-01T14:52:47.067+0530] {dagbag.py:588} INFO - Filling up the DagBag from /home/jenny/.local/lib/python3.13/site-packages/airflow/example_dags/plugins/workday.py
[2026-03-01T14:52:47.070+0530] {processor.py:927} WARNING - No viable dags retrieved from /home/jenny/.local/lib/python3.13/site-packages/airflow/example_dags/plugins/workday.py
[2026-03-01T14:52:47.077+0530] {processor.py:208} INFO - Processing /home/jenny/.local/lib/python3.13/site-packages/airflow/example_dags/plugins/workday.py took 0.016 seconds
[2026-03-01T14:53:40.123+0530] {processor.py:186} INFO - Started process (PID=242199) to work on /home/jenny/.local/lib/python3.13/site-packages/airflow/example_dags/plugins/workday.py
[2026-03-01T14:53:40.124+0530] {processor.py:914} INFO - Processing file /home/jenny/.local/lib/python3.13/site-packages/airflow/example_dags/plugins/workday.py for tasks to queue
[2026-03-01T14:53:40.127+0530] {logging_mixin.py:190} INFO - [2026-03-01T14:53:40.127+0530] {dagbag.py:588} INFO - Filling up the DagBag from /home/jenny/.local/lib/python3.13/site-packages/airflow/example_dags/plugins/workday.py
[2026-03-01T14:53:40.130+0530] {processor.py:927} WARNING - No viable dags retrieved from /home/jenny/.local/lib/python3.13/site-packages/airflow/example_dags/plugins/workday.py
[2026-03-01T14:53:40.136+0530] {processor.py:208} INFO - Processing /home/jenny/.local/lib/python3.13/site-packages/airflow/example_dags/plugins/workday.py took 0.019 seconds
[2026-03-01T14:54:34.033+0530] {processor.py:186} INFO - Started process (PID=242368) to work on /home/jenny/.local/lib/python3.13/site-packages/airflow/example_dags/plugins/workday.py
[2026-03-01T14:54:34.035+0530] {processor.py:914} INFO - Processing file /home/jenny/.local/lib/python3.13/site-packages/airflow/example_dags/plugins/workday.py for tasks to queue
[2026-03-01T14:54:34.038+0530] {logging_mixin.py:190} INFO - [2026-03-01T14:54:34.037+0530] {dagbag.py:588} INFO - Filling up the DagBag from /home/jenny/.local/lib/python3.13/site-packages/airflow/example_dags/plugins/workday.py
[2026-03-01T14:54:34.041+0530] {processor.py:927} WARNING - No viable dags retrieved from /home/jenny/.local/lib/python3.13/site-packages/airflow/example_dags/plugins/workday.py
[2026-03-01T14:54:34.047+0530] {processor.py:208} INFO - Processing /home/jenny/.local/lib/python3.13/site-packages/airflow/example_dags/plugins/workday.py took 0.019 seconds
[2026-03-01T14:55:28.445+0530] {processor.py:186} INFO - Started process (PID=242576) to work on /home/jenny/.local/lib/python3.13/site-packages/airflow/example_dags/plugins/workday.py
[2026-03-01T14:55:28.446+0530] {processor.py:914} INFO - Processing file /home/jenny/.local/lib/python3.13/site-packages/airflow/example_dags/plugins/workday.py for tasks to queue
[2026-03-01T14:55:28.450+0530] {logging_mixin.py:190} INFO - [2026-03-01T14:55:28.449+0530] {dagbag.py:588} INFO - Filling up the DagBag from /home/jenny/.local/lib/python3.13/site-packages/airflow/example_dags/plugins/workday.py
[2026-03-01T14:55:28.452+0530] {processor.py:927} WARNING - No viable dags retrieved from /home/jenny/.local/lib/python3.13/site-packages/airflow/example_dags/plugins/workday.py
[2026-03-01T14:55:28.458+0530] {processor.py:208} INFO - Processing /home/jenny/.local/lib/python3.13/site-packages/airflow/example_dags/plugins/workday.py took 0.019 seconds
[2026-03-01T14:56:22.332+0530] {processor.py:186} INFO - Started process (PID=246643) to work on /home/jenny/.local/lib/python3.13/site-packages/airflow/example_dags/plugins/workday.py
[2026-03-01T14:56:22.333+0530] {processor.py:914} INFO - Processing file /home/jenny/.local/lib/python3.13/site-packages/airflow/example_dags/plugins/workday.py for tasks to queue
[2026-03-01T14:56:22.335+0530] {logging_mixin.py:190} INFO - [2026-03-01T14:56:22.334+0530] {dagbag.py:588} INFO - Filling up the DagBag from /home/jenny/.local/lib/python3.13/site-packages/airflow/example_dags/plugins/workday.py
[2026-03-01T14:56:22.336+0530] {processor.py:927} WARNING - No viable dags retrieved from /home/jenny/.local/lib/python3.13/site-packages/airflow/example_dags/plugins/workday.py
[2026-03-01T14:56:22.342+0530] {processor.py:208} INFO - Processing /home/jenny/.local/lib/python3.13/site-packages/airflow/example_dags/plugins/workday.py took 0.013 seconds
[2026-03-01T14:57:16.257+0530] {processor.py:186} INFO - Started process (PID=246808) to work on /home/jenny/.local/lib/python3.13/site-packages/airflow/example_dags/plugins/workday.py
[2026-03-01T14:57:16.258+0530] {processor.py:914} INFO - Processing file /home/jenny/.local/lib/python3.13/site-packages/airflow/example_dags/plugins/workday.py for tasks to queue
[2026-03-01T14:57:16.261+0530] {logging_mixin.py:190} INFO - [2026-03-01T14:57:16.261+0530] {dagbag.py:588} INFO - Filling up the DagBag from /home/jenny/.local/lib/python3.13/site-packages/airflow/example_dags/plugins/workday.py
[2026-03-01T14:57:16.264+0530] {processor.py:927} WARNING - No viable dags retrieved from /home/jenny/.local/lib/python3.13/site-packages/airflow/example_dags/plugins/workday.py
[2026-03-01T14:57:16.270+0530] {processor.py:208} INFO - Processing /home/jenny/.local/lib/python3.13/site-packages/airflow/example_dags/plugins/workday.py took 0.018 seconds
[2026-03-01T14:58:10.773+0530] {processor.py:186} INFO - Started process (PID=246951) to work on /home/jenny/.local/lib/python3.13/site-packages/airflow/example_dags/plugins/workday.py
[2026-03-01T14:58:10.775+0530] {processor.py:914} INFO - Processing file /home/jenny/.local/lib/python3.13/site-packages/airflow/example_dags/plugins/workday.py for tasks to queue
[2026-03-01T14:58:10.777+0530] {logging_mixin.py:190} INFO - [2026-03-01T14:58:10.777+0530] {dagbag.py:588} INFO - Filling up the DagBag from /home/jenny/.local/lib/python3.13/site-packages/airflow/example_dags/plugins/workday.py
[2026-03-01T14:58:10.781+0530] {processor.py:927} WARNING - No viable dags retrieved from /home/jenny/.local/lib/python3.13/site-packages/airflow/example_dags/plugins/workday.py
[2026-03-01T14:58:10.788+0530] {processor.py:208} INFO - Processing /home/jenny/.local/lib/python3.13/site-packages/airflow/example_dags/plugins/workday.py took 0.021 seconds
[2026-03-01T14:59:05.802+0530] {processor.py:186} INFO - Started process (PID=247327) to work on /home/jenny/.local/lib/python3.13/site-packages/airflow/example_dags/plugins/workday.py
[2026-03-01T14:59:05.803+0530] {processor.py:914} INFO - Processing file /home/jenny/.local/lib/python3.13/site-packages/airflow/example_dags/plugins/workday.py for tasks to queue
[2026-03-01T14:59:05.805+0530] {logging_mixin.py:190} INFO - [2026-03-01T14:59:05.804+0530] {dagbag.py:588} INFO - Filling up the DagBag from /home/jenny/.local/lib/python3.13/site-packages/airflow/example_dags/plugins/workday.py
[2026-03-01T14:59:05.806+0530] {processor.py:927} WARNING - No viable dags retrieved from /home/jenny/.local/lib/python3.13/site-packages/airflow/example_dags/plugins/workday.py
[2026-03-01T14:59:05.813+0530] {processor.py:208} INFO - Processing /home/jenny/.local/lib/python3.13/site-packages/airflow/example_dags/plugins/workday.py took 0.015 seconds
[2026-03-01T14:59:58.888+0530] {processor.py:186} INFO - Started process (PID=247744) to work on /home/jenny/.local/lib/python3.13/site-packages/airflow/example_dags/plugins/workday.py
[2026-03-01T14:59:58.889+0530] {processor.py:914} INFO - Processing file /home/jenny/.local/lib/python3.13/site-packages/airflow/example_dags/plugins/workday.py for tasks to queue
[2026-03-01T14:59:58.892+0530] {logging_mixin.py:190} INFO - [2026-03-01T14:59:58.891+0530] {dagbag.py:588} INFO - Filling up the DagBag from /home/jenny/.local/lib/python3.13/site-packages/airflow/example_dags/plugins/workday.py
[2026-03-01T14:59:58.895+0530] {processor.py:927} WARNING - No viable dags retrieved from /home/jenny/.local/lib/python3.13/site-packages/airflow/example_dags/plugins/workday.py
[2026-03-01T14:59:58.902+0530] {processor.py:208} INFO - Processing /home/jenny/.local/lib/python3.13/site-packages/airflow/example_dags/plugins/workday.py took 0.017 seconds
[2026-03-01T15:00:53.665+0530] {processor.py:186} INFO - Started process (PID=248083) to work on /home/jenny/.local/lib/python3.13/site-packages/airflow/example_dags/plugins/workday.py
[2026-03-01T15:00:53.666+0530] {processor.py:914} INFO - Processing file /home/jenny/.local/lib/python3.13/site-packages/airflow/example_dags/plugins/workday.py for tasks to queue
[2026-03-01T15:00:53.669+0530] {logging_mixin.py:190} INFO - [2026-03-01T15:00:53.669+0530] {dagbag.py:588} INFO - Filling up the DagBag from /home/jenny/.local/lib/python3.13/site-packages/airflow/example_dags/plugins/workday.py
[2026-03-01T15:00:53.672+0530] {processor.py:927} WARNING - No viable dags retrieved from /home/jenny/.local/lib/python3.13/site-packages/airflow/example_dags/plugins/workday.py
[2026-03-01T15:00:53.678+0530] {processor.py:208} INFO - Processing /home/jenny/.local/lib/python3.13/site-packages/airflow/example_dags/plugins/workday.py took 0.019 seconds
[2026-03-01T15:01:49.259+0530] {processor.py:186} INFO - Started process (PID=248256) to work on /home/jenny/.local/lib/python3.13/site-packages/airflow/example_dags/plugins/workday.py
[2026-03-01T15:01:49.260+0530] {processor.py:914} INFO - Processing file /home/jenny/.local/lib/python3.13/site-packages/airflow/example_dags/plugins/workday.py for tasks to queue
[2026-03-01T15:01:49.263+0530] {logging_mixin.py:190} INFO - [2026-03-01T15:01:49.262+0530] {dagbag.py:588} INFO - Filling up the DagBag from /home/jenny/.local/lib/python3.13/site-packages/airflow/example_dags/plugins/workday.py
[2026-03-01T15:01:49.265+0530] {processor.py:927} WARNING - No viable dags retrieved from /home/jenny/.local/lib/python3.13/site-packages/airflow/example_dags/plugins/workday.py
[2026-03-01T15:01:49.271+0530] {processor.py:208} INFO - Processing /home/jenny/.local/lib/python3.13/site-packages/airflow/example_dags/plugins/workday.py took 0.018 seconds
[2026-03-01T15:02:43.662+0530] {processor.py:186} INFO - Started process (PID=248481) to work on /home/jenny/.local/lib/python3.13/site-packages/airflow/example_dags/plugins/workday.py
[2026-03-01T15:02:43.663+0530] {processor.py:914} INFO - Processing file /home/jenny/.local/lib/python3.13/site-packages/airflow/example_dags/plugins/workday.py for tasks to queue
[2026-03-01T15:02:43.665+0530] {logging_mixin.py:190} INFO - [2026-03-01T15:02:43.665+0530] {dagbag.py:588} INFO - Filling up the DagBag from /home/jenny/.local/lib/python3.13/site-packages/airflow/example_dags/plugins/workday.py
[2026-03-01T15:02:43.668+0530] {processor.py:927} WARNING - No viable dags retrieved from /home/jenny/.local/lib/python3.13/site-packages/airflow/example_dags/plugins/workday.py
[2026-03-01T15:02:43.674+0530] {processor.py:208} INFO - Processing /home/jenny/.local/lib/python3.13/site-packages/airflow/example_dags/plugins/workday.py took 0.018 seconds
[2026-03-01T15:03:39.640+0530] {processor.py:186} INFO - Started process (PID=248780) to work on /home/jenny/.local/lib/python3.13/site-packages/airflow/example_dags/plugins/workday.py
[2026-03-01T15:03:39.641+0530] {processor.py:914} INFO - Processing file /home/jenny/.local/lib/python3.13/site-packages/airflow/example_dags/plugins/workday.py for tasks to queue
[2026-03-01T15:03:39.644+0530] {logging_mixin.py:190} INFO - [2026-03-01T15:03:39.643+0530] {dagbag.py:588} INFO - Filling up the DagBag from /home/jenny/.local/lib/python3.13/site-packages/airflow/example_dags/plugins/workday.py
[2026-03-01T15:03:39.646+0530] {processor.py:927} WARNING - No viable dags retrieved from /home/jenny/.local/lib/python3.13/site-packages/airflow/example_dags/plugins/workday.py
[2026-03-01T15:03:39.652+0530] {processor.py:208} INFO - Processing /home/jenny/.local/lib/python3.13/site-packages/airflow/example_dags/plugins/workday.py took 0.018 seconds
[2026-03-01T15:04:33.187+0530] {processor.py:186} INFO - Started process (PID=249156) to work on /home/jenny/.local/lib/python3.13/site-packages/airflow/example_dags/plugins/workday.py
[2026-03-01T15:04:33.188+0530] {processor.py:914} INFO - Processing file /home/jenny/.local/lib/python3.13/site-packages/airflow/example_dags/plugins/workday.py for tasks to queue
[2026-03-01T15:04:33.190+0530] {logging_mixin.py:190} INFO - [2026-03-01T15:04:33.190+0530] {dagbag.py:588} INFO - Filling up the DagBag from /home/jenny/.local/lib/python3.13/site-packages/airflow/example_dags/plugins/workday.py
[2026-03-01T15:04:33.193+0530] {processor.py:927} WARNING - No viable dags retrieved from /home/jenny/.local/lib/python3.13/site-packages/airflow/example_dags/plugins/workday.py
[2026-03-01T15:04:33.201+0530] {processor.py:208} INFO - Processing /home/jenny/.local/lib/python3.13/site-packages/airflow/example_dags/plugins/workday.py took 0.018 seconds
[2026-03-01T15:05:25.880+0530] {processor.py:186} INFO - Started process (PID=249515) to work on /home/jenny/.local/lib/python3.13/site-packages/airflow/example_dags/plugins/workday.py
[2026-03-01T15:05:25.881+0530] {processor.py:914} INFO - Processing file /home/jenny/.local/lib/python3.13/site-packages/airflow/example_dags/plugins/workday.py for tasks to queue
[2026-03-01T15:05:25.885+0530] {logging_mixin.py:190} INFO - [2026-03-01T15:05:25.884+0530] {dagbag.py:588} INFO - Filling up the DagBag from /home/jenny/.local/lib/python3.13/site-packages/airflow/example_dags/plugins/workday.py
[2026-03-01T15:05:25.887+0530] {processor.py:927} WARNING - No viable dags retrieved from /home/jenny/.local/lib/python3.13/site-packages/airflow/example_dags/plugins/workday.py
[2026-03-01T15:05:25.894+0530] {processor.py:208} INFO - Processing /home/jenny/.local/lib/python3.13/site-packages/airflow/example_dags/plugins/workday.py took 0.019 seconds
[2026-03-01T15:06:19.679+0530] {processor.py:186} INFO - Started process (PID=249699) to work on /home/jenny/.local/lib/python3.13/site-packages/airflow/example_dags/plugins/workday.py
[2026-03-01T15:06:19.680+0530] {processor.py:914} INFO - Processing file /home/jenny/.local/lib/python3.13/site-packages/airflow/example_dags/plugins/workday.py for tasks to queue
[2026-03-01T15:06:19.683+0530] {logging_mixin.py:190} INFO - [2026-03-01T15:06:19.682+0530] {dagbag.py:588} INFO - Filling up the DagBag from /home/jenny/.local/lib/python3.13/site-packages/airflow/example_dags/plugins/workday.py
[2026-03-01T15:06:19.686+0530] {processor.py:927} WARNING - No viable dags retrieved from /home/jenny/.local/lib/python3.13/site-packages/airflow/example_dags/plugins/workday.py
[2026-03-01T15:06:19.693+0530] {processor.py:208} INFO - Processing /home/jenny/.local/lib/python3.13/site-packages/airflow/example_dags/plugins/workday.py took 0.020 seconds
[2026-03-01T15:07:12.907+0530] {processor.py:186} INFO - Started process (PID=250066) to work on /home/jenny/.local/lib/python3.13/site-packages/airflow/example_dags/plugins/workday.py
[2026-03-01T15:07:12.908+0530] {processor.py:914} INFO - Processing file /home/jenny/.local/lib/python3.13/site-packages/airflow/example_dags/plugins/workday.py for tasks to queue
[2026-03-01T15:07:12.911+0530] {logging_mixin.py:190} INFO - [2026-03-01T15:07:12.910+0530] {dagbag.py:588} INFO - Filling up the DagBag from /home/jenny/.local/lib/python3.13/site-packages/airflow/example_dags/plugins/workday.py
[2026-03-01T15:07:12.913+0530] {processor.py:927} WARNING - No viable dags retrieved from /home/jenny/.local/lib/python3.13/site-packages/airflow/example_dags/plugins/workday.py
[2026-03-01T15:07:12.920+0530] {processor.py:208} INFO - Processing /home/jenny/.local/lib/python3.13/site-packages/airflow/example_dags/plugins/workday.py took 0.020 seconds
[2026-03-01T15:08:05.541+0530] {processor.py:186} INFO - Started process (PID=250383) to work on /home/jenny/.local/lib/python3.13/site-packages/airflow/example_dags/plugins/workday.py
[2026-03-01T15:08:05.542+0530] {processor.py:914} INFO - Processing file /home/jenny/.local/lib/python3.13/site-packages/airflow/example_dags/plugins/workday.py for tasks to queue
[2026-03-01T15:08:05.544+0530] {logging_mixin.py:190} INFO - [2026-03-01T15:08:05.543+0530] {dagbag.py:588} INFO - Filling up the DagBag from /home/jenny/.local/lib/python3.13/site-packages/airflow/example_dags/plugins/workday.py
[2026-03-01T15:08:05.546+0530] {processor.py:927} WARNING - No viable dags retrieved from /home/jenny/.local/lib/python3.13/site-packages/airflow/example_dags/plugins/workday.py
[2026-03-01T15:08:05.552+0530] {processor.py:208} INFO - Processing /home/jenny/.local/lib/python3.13/site-packages/airflow/example_dags/plugins/workday.py took 0.017 seconds
[2026-03-01T15:08:57.342+0530] {processor.py:186} INFO - Started process (PID=250656) to work on /home/jenny/.local/lib/python3.13/site-packages/airflow/example_dags/plugins/workday.py
[2026-03-01T15:08:57.343+0530] {processor.py:914} INFO - Processing file /home/jenny/.local/lib/python3.13/site-packages/airflow/example_dags/plugins/workday.py for tasks to queue
[2026-03-01T15:08:57.345+0530] {logging_mixin.py:190} INFO - [2026-03-01T15:08:57.345+0530] {dagbag.py:588} INFO - Filling up the DagBag from /home/jenny/.local/lib/python3.13/site-packages/airflow/example_dags/plugins/workday.py
[2026-03-01T15:08:57.348+0530] {processor.py:927} WARNING - No viable dags retrieved from /home/jenny/.local/lib/python3.13/site-packages/airflow/example_dags/plugins/workday.py
[2026-03-01T15:08:57.358+0530] {processor.py:208} INFO - Processing /home/jenny/.local/lib/python3.13/site-packages/airflow/example_dags/plugins/workday.py took 0.020 seconds
[2026-03-01T15:09:50.232+0530] {processor.py:186} INFO - Started process (PID=250902) to work on /home/jenny/.local/lib/python3.13/site-packages/airflow/example_dags/plugins/workday.py
[2026-03-01T15:09:50.233+0530] {processor.py:914} INFO - Processing file /home/jenny/.local/lib/python3.13/site-packages/airflow/example_dags/plugins/workday.py for tasks to queue
[2026-03-01T15:09:50.235+0530] {logging_mixin.py:190} INFO - [2026-03-01T15:09:50.234+0530] {dagbag.py:588} INFO - Filling up the DagBag from /home/jenny/.local/lib/python3.13/site-packages/airflow/example_dags/plugins/workday.py
[2026-03-01T15:09:50.237+0530] {processor.py:927} WARNING - No viable dags retrieved from /home/jenny/.local/lib/python3.13/site-packages/airflow/example_dags/plugins/workday.py
[2026-03-01T15:09:50.243+0530] {processor.py:208} INFO - Processing /home/jenny/.local/lib/python3.13/site-packages/airflow/example_dags/plugins/workday.py took 0.015 seconds
[2026-03-01T19:41:07.468+0530] {processor.py:186} INFO - Started process (PID=253592) to work on /home/jenny/.local/lib/python3.13/site-packages/airflow/example_dags/plugins/workday.py
[2026-03-01T19:41:07.469+0530] {processor.py:914} INFO - Processing file /home/jenny/.local/lib/python3.13/site-packages/airflow/example_dags/plugins/workday.py for tasks to queue
[2026-03-01T19:41:07.470+0530] {logging_mixin.py:190} INFO - [2026-03-01T19:41:07.470+0530] {dagbag.py:588} INFO - Filling up the DagBag from /home/jenny/.local/lib/python3.13/site-packages/airflow/example_dags/plugins/workday.py
[2026-03-01T19:41:07.472+0530] {processor.py:927} WARNING - No viable dags retrieved from /home/jenny/.local/lib/python3.13/site-packages/airflow/example_dags/plugins/workday.py
[2026-03-01T19:41:07.479+0530] {processor.py:208} INFO - Processing /home/jenny/.local/lib/python3.13/site-packages/airflow/example_dags/plugins/workday.py took 0.016 seconds
[2026-03-01T19:41:52.747+0530] {processor.py:186} INFO - Started process (PID=255678) to work on /home/jenny/.local/lib/python3.13/site-packages/airflow/example_dags/plugins/workday.py
[2026-03-01T19:41:52.748+0530] {processor.py:914} INFO - Processing file /home/jenny/.local/lib/python3.13/site-packages/airflow/example_dags/plugins/workday.py for tasks to queue
[2026-03-01T19:41:52.749+0530] {logging_mixin.py:190} INFO - [2026-03-01T19:41:52.749+0530] {dagbag.py:588} INFO - Filling up the DagBag from /home/jenny/.local/lib/python3.13/site-packages/airflow/example_dags/plugins/workday.py
[2026-03-01T19:41:52.751+0530] {processor.py:927} WARNING - No viable dags retrieved from /home/jenny/.local/lib/python3.13/site-packages/airflow/example_dags/plugins/workday.py
[2026-03-01T19:41:52.757+0530] {processor.py:208} INFO - Processing /home/jenny/.local/lib/python3.13/site-packages/airflow/example_dags/plugins/workday.py took 0.014 seconds
[2026-03-01T19:42:47.265+0530] {processor.py:186} INFO - Started process (PID=256040) to work on /home/jenny/.local/lib/python3.13/site-packages/airflow/example_dags/plugins/workday.py
[2026-03-01T19:42:47.266+0530] {processor.py:914} INFO - Processing file /home/jenny/.local/lib/python3.13/site-packages/airflow/example_dags/plugins/workday.py for tasks to queue
[2026-03-01T19:42:47.267+0530] {logging_mixin.py:190} INFO - [2026-03-01T19:42:47.267+0530] {dagbag.py:588} INFO - Filling up the DagBag from /home/jenny/.local/lib/python3.13/site-packages/airflow/example_dags/plugins/workday.py
[2026-03-01T19:42:47.270+0530] {processor.py:927} WARNING - No viable dags retrieved from /home/jenny/.local/lib/python3.13/site-packages/airflow/example_dags/plugins/workday.py
[2026-03-01T19:42:47.277+0530] {processor.py:208} INFO - Processing /home/jenny/.local/lib/python3.13/site-packages/airflow/example_dags/plugins/workday.py took 0.018 seconds
[2026-03-01T19:43:42.324+0530] {processor.py:186} INFO - Started process (PID=256220) to work on /home/jenny/.local/lib/python3.13/site-packages/airflow/example_dags/plugins/workday.py
[2026-03-01T19:43:42.325+0530] {processor.py:914} INFO - Processing file /home/jenny/.local/lib/python3.13/site-packages/airflow/example_dags/plugins/workday.py for tasks to queue
[2026-03-01T19:43:42.327+0530] {logging_mixin.py:190} INFO - [2026-03-01T19:43:42.326+0530] {dagbag.py:588} INFO - Filling up the DagBag from /home/jenny/.local/lib/python3.13/site-packages/airflow/example_dags/plugins/workday.py
[2026-03-01T19:43:42.330+0530] {processor.py:927} WARNING - No viable dags retrieved from /home/jenny/.local/lib/python3.13/site-packages/airflow/example_dags/plugins/workday.py
[2026-03-01T19:43:42.337+0530] {processor.py:208} INFO - Processing /home/jenny/.local/lib/python3.13/site-packages/airflow/example_dags/plugins/workday.py took 0.018 seconds
[2026-03-01T19:44:34.638+0530] {processor.py:186} INFO - Started process (PID=256386) to work on /home/jenny/.local/lib/python3.13/site-packages/airflow/example_dags/plugins/workday.py
[2026-03-01T19:44:34.639+0530] {processor.py:914} INFO - Processing file /home/jenny/.local/lib/python3.13/site-packages/airflow/example_dags/plugins/workday.py for tasks to queue
[2026-03-01T19:44:34.640+0530] {logging_mixin.py:190} INFO - [2026-03-01T19:44:34.640+0530] {dagbag.py:588} INFO - Filling up the DagBag from /home/jenny/.local/lib/python3.13/site-packages/airflow/example_dags/plugins/workday.py
[2026-03-01T19:44:34.643+0530] {processor.py:927} WARNING - No viable dags retrieved from /home/jenny/.local/lib/python3.13/site-packages/airflow/example_dags/plugins/workday.py
[2026-03-01T19:44:34.650+0530] {processor.py:208} INFO - Processing /home/jenny/.local/lib/python3.13/site-packages/airflow/example_dags/plugins/workday.py took 0.017 seconds
[2026-03-01T19:45:26.615+0530] {processor.py:186} INFO - Started process (PID=256927) to work on /home/jenny/.local/lib/python3.13/site-packages/airflow/example_dags/plugins/workday.py
[2026-03-01T19:45:26.616+0530] {processor.py:914} INFO - Processing file /home/jenny/.local/lib/python3.13/site-packages/airflow/example_dags/plugins/workday.py for tasks to queue
[2026-03-01T19:45:26.617+0530] {logging_mixin.py:190} INFO - [2026-03-01T19:45:26.617+0530] {dagbag.py:588} INFO - Filling up the DagBag from /home/jenny/.local/lib/python3.13/site-packages/airflow/example_dags/plugins/workday.py
[2026-03-01T19:45:26.619+0530] {processor.py:927} WARNING - No viable dags retrieved from /home/jenny/.local/lib/python3.13/site-packages/airflow/example_dags/plugins/workday.py
[2026-03-01T19:45:26.625+0530] {processor.py:208} INFO - Processing /home/jenny/.local/lib/python3.13/site-packages/airflow/example_dags/plugins/workday.py took 0.013 seconds
[2026-03-01T19:46:18.314+0530] {processor.py:186} INFO - Started process (PID=257545) to work on /home/jenny/.local/lib/python3.13/site-packages/airflow/example_dags/plugins/workday.py
[2026-03-01T19:46:18.315+0530] {processor.py:914} INFO - Processing file /home/jenny/.local/lib/python3.13/site-packages/airflow/example_dags/plugins/workday.py for tasks to queue
[2026-03-01T19:46:18.317+0530] {logging_mixin.py:190} INFO - [2026-03-01T19:46:18.317+0530] {dagbag.py:588} INFO - Filling up the DagBag from /home/jenny/.local/lib/python3.13/site-packages/airflow/example_dags/plugins/workday.py
[2026-03-01T19:46:18.320+0530] {processor.py:927} WARNING - No viable dags retrieved from /home/jenny/.local/lib/python3.13/site-packages/airflow/example_dags/plugins/workday.py
[2026-03-01T19:46:18.328+0530] {processor.py:208} INFO - Processing /home/jenny/.local/lib/python3.13/site-packages/airflow/example_dags/plugins/workday.py took 0.019 seconds
[2026-03-01T19:47:10.025+0530] {processor.py:186} INFO - Started process (PID=258931) to work on /home/jenny/.local/lib/python3.13/site-packages/airflow/example_dags/plugins/workday.py
[2026-03-01T19:47:10.026+0530] {processor.py:914} INFO - Processing file /home/jenny/.local/lib/python3.13/site-packages/airflow/example_dags/plugins/workday.py for tasks to queue
[2026-03-01T19:47:10.028+0530] {logging_mixin.py:190} INFO - [2026-03-01T19:47:10.028+0530] {dagbag.py:588} INFO - Filling up the DagBag from /home/jenny/.local/lib/python3.13/site-packages/airflow/example_dags/plugins/workday.py
[2026-03-01T19:47:10.031+0530] {processor.py:927} WARNING - No viable dags retrieved from /home/jenny/.local/lib/python3.13/site-packages/airflow/example_dags/plugins/workday.py
[2026-03-01T19:47:10.038+0530] {processor.py:208} INFO - Processing /home/jenny/.local/lib/python3.13/site-packages/airflow/example_dags/plugins/workday.py took 0.019 seconds
[2026-03-01T19:48:03.217+0530] {processor.py:186} INFO - Started process (PID=260129) to work on /home/jenny/.local/lib/python3.13/site-packages/airflow/example_dags/plugins/workday.py
[2026-03-01T19:48:03.218+0530] {processor.py:914} INFO - Processing file /home/jenny/.local/lib/python3.13/site-packages/airflow/example_dags/plugins/workday.py for tasks to queue
[2026-03-01T19:48:03.220+0530] {logging_mixin.py:190} INFO - [2026-03-01T19:48:03.220+0530] {dagbag.py:588} INFO - Filling up the DagBag from /home/jenny/.local/lib/python3.13/site-packages/airflow/example_dags/plugins/workday.py
[2026-03-01T19:48:03.223+0530] {processor.py:927} WARNING - No viable dags retrieved from /home/jenny/.local/lib/python3.13/site-packages/airflow/example_dags/plugins/workday.py
[2026-03-01T19:48:03.230+0530] {processor.py:208} INFO - Processing /home/jenny/.local/lib/python3.13/site-packages/airflow/example_dags/plugins/workday.py took 0.018 seconds
[2026-03-01T19:48:56.960+0530] {processor.py:186} INFO - Started process (PID=261110) to work on /home/jenny/.local/lib/python3.13/site-packages/airflow/example_dags/plugins/workday.py
[2026-03-01T19:48:56.961+0530] {processor.py:914} INFO - Processing file /home/jenny/.local/lib/python3.13/site-packages/airflow/example_dags/plugins/workday.py for tasks to queue
[2026-03-01T19:48:56.962+0530] {logging_mixin.py:190} INFO - [2026-03-01T19:48:56.962+0530] {dagbag.py:588} INFO - Filling up the DagBag from /home/jenny/.local/lib/python3.13/site-packages/airflow/example_dags/plugins/workday.py
[2026-03-01T19:48:56.964+0530] {processor.py:927} WARNING - No viable dags retrieved from /home/jenny/.local/lib/python3.13/site-packages/airflow/example_dags/plugins/workday.py
[2026-03-01T19:48:56.970+0530] {processor.py:208} INFO - Processing /home/jenny/.local/lib/python3.13/site-packages/airflow/example_dags/plugins/workday.py took 0.013 seconds
[2026-03-01T19:49:50.008+0530] {processor.py:186} INFO - Started process (PID=261577) to work on /home/jenny/.local/lib/python3.13/site-packages/airflow/example_dags/plugins/workday.py
[2026-03-01T19:49:50.009+0530] {processor.py:914} INFO - Processing file /home/jenny/.local/lib/python3.13/site-packages/airflow/example_dags/plugins/workday.py for tasks to queue
[2026-03-01T19:49:50.011+0530] {logging_mixin.py:190} INFO - [2026-03-01T19:49:50.010+0530] {dagbag.py:588} INFO - Filling up the DagBag from /home/jenny/.local/lib/python3.13/site-packages/airflow/example_dags/plugins/workday.py
[2026-03-01T19:49:50.014+0530] {processor.py:927} WARNING - No viable dags retrieved from /home/jenny/.local/lib/python3.13/site-packages/airflow/example_dags/plugins/workday.py
[2026-03-01T19:49:50.020+0530] {processor.py:208} INFO - Processing /home/jenny/.local/lib/python3.13/site-packages/airflow/example_dags/plugins/workday.py took 0.018 seconds
[2026-03-01T19:50:43.832+0530] {processor.py:186} INFO - Started process (PID=261963) to work on /home/jenny/.local/lib/python3.13/site-packages/airflow/example_dags/plugins/workday.py
[2026-03-01T19:50:43.833+0530] {processor.py:914} INFO - Processing file /home/jenny/.local/lib/python3.13/site-packages/airflow/example_dags/plugins/workday.py for tasks to queue
[2026-03-01T19:50:43.835+0530] {logging_mixin.py:190} INFO - [2026-03-01T19:50:43.835+0530] {dagbag.py:588} INFO - Filling up the DagBag from /home/jenny/.local/lib/python3.13/site-packages/airflow/example_dags/plugins/workday.py
[2026-03-01T19:50:43.838+0530] {processor.py:927} WARNING - No viable dags retrieved from /home/jenny/.local/lib/python3.13/site-packages/airflow/example_dags/plugins/workday.py
[2026-03-01T19:50:43.845+0530] {processor.py:208} INFO - Processing /home/jenny/.local/lib/python3.13/site-packages/airflow/example_dags/plugins/workday.py took 0.018 seconds
[2026-03-01T19:51:37.838+0530] {processor.py:186} INFO - Started process (PID=262456) to work on /home/jenny/.local/lib/python3.13/site-packages/airflow/example_dags/plugins/workday.py
[2026-03-01T19:51:37.839+0530] {processor.py:914} INFO - Processing file /home/jenny/.local/lib/python3.13/site-packages/airflow/example_dags/plugins/workday.py for tasks to queue
[2026-03-01T19:51:37.840+0530] {logging_mixin.py:190} INFO - [2026-03-01T19:51:37.839+0530] {dagbag.py:588} INFO - Filling up the DagBag from /home/jenny/.local/lib/python3.13/site-packages/airflow/example_dags/plugins/workday.py
[2026-03-01T19:51:37.842+0530] {processor.py:927} WARNING - No viable dags retrieved from /home/jenny/.local/lib/python3.13/site-packages/airflow/example_dags/plugins/workday.py
[2026-03-01T19:51:37.848+0530] {processor.py:208} INFO - Processing /home/jenny/.local/lib/python3.13/site-packages/airflow/example_dags/plugins/workday.py took 0.015 seconds
[2026-03-01T19:52:31.970+0530] {processor.py:186} INFO - Started process (PID=262625) to work on /home/jenny/.local/lib/python3.13/site-packages/airflow/example_dags/plugins/workday.py
[2026-03-01T19:52:31.971+0530] {processor.py:914} INFO - Processing file /home/jenny/.local/lib/python3.13/site-packages/airflow/example_dags/plugins/workday.py for tasks to queue
[2026-03-01T19:52:31.972+0530] {logging_mixin.py:190} INFO - [2026-03-01T19:52:31.971+0530] {dagbag.py:588} INFO - Filling up the DagBag from /home/jenny/.local/lib/python3.13/site-packages/airflow/example_dags/plugins/workday.py
[2026-03-01T19:52:31.973+0530] {processor.py:927} WARNING - No viable dags retrieved from /home/jenny/.local/lib/python3.13/site-packages/airflow/example_dags/plugins/workday.py
[2026-03-01T19:52:31.980+0530] {processor.py:208} INFO - Processing /home/jenny/.local/lib/python3.13/site-packages/airflow/example_dags/plugins/workday.py took 0.013 seconds
[2026-03-01T19:53:25.081+0530] {processor.py:186} INFO - Started process (PID=262795) to work on /home/jenny/.local/lib/python3.13/site-packages/airflow/example_dags/plugins/workday.py
[2026-03-01T19:53:25.081+0530] {processor.py:914} INFO - Processing file /home/jenny/.local/lib/python3.13/site-packages/airflow/example_dags/plugins/workday.py for tasks to queue
[2026-03-01T19:53:25.082+0530] {logging_mixin.py:190} INFO - [2026-03-01T19:53:25.082+0530] {dagbag.py:588} INFO - Filling up the DagBag from /home/jenny/.local/lib/python3.13/site-packages/airflow/example_dags/plugins/workday.py
[2026-03-01T19:53:25.084+0530] {processor.py:927} WARNING - No viable dags retrieved from /home/jenny/.local/lib/python3.13/site-packages/airflow/example_dags/plugins/workday.py
[2026-03-01T19:53:25.091+0530] {processor.py:208} INFO - Processing /home/jenny/.local/lib/python3.13/site-packages/airflow/example_dags/plugins/workday.py took 0.014 seconds
