[2026-03-01T14:28:42.190+0530] {local_task_job_runner.py:123} INFO - ::group::Pre task execution logs
[2026-03-01T14:28:42.197+0530] {taskinstance.py:2631} INFO - Dependencies all met for dep_context=non-requeueable deps ti=<TaskInstance: ecommerce_sales_pipeline.setup_db manual__2026-03-01T08:58:39.474854+00:00 [queued]>
[2026-03-01T14:28:42.200+0530] {taskinstance.py:2631} INFO - Dependencies all met for dep_context=requeueable deps ti=<TaskInstance: ecommerce_sales_pipeline.setup_db manual__2026-03-01T08:58:39.474854+00:00 [queued]>
[2026-03-01T14:28:42.201+0530] {taskinstance.py:2884} INFO - Starting attempt 1 of 2
[2026-03-01T14:28:42.212+0530] {taskinstance.py:2907} INFO - Executing <Task(PythonOperator): setup_db> on 2026-03-01 08:58:39.474854+00:00
[2026-03-01T14:28:42.218+0530] {logging_mixin.py:190} WARNING - /home/jenny/.local/lib/python3.13/site-packages/airflow/task/task_runner/standard_task_runner.py:70 DeprecationWarning: This process (pid=228680) is multi-threaded, use of fork() may lead to deadlocks in the child.
[2026-03-01T14:28:42.218+0530] {standard_task_runner.py:72} INFO - Started process 228716 to run task
[2026-03-01T14:28:42.218+0530] {standard_task_runner.py:104} INFO - Running: ['airflow', 'tasks', 'run', 'ecommerce_sales_pipeline', 'setup_db', 'manual__2026-03-01T08:58:39.474854+00:00', '--job-id', '12', '--raw', '--subdir', 'DAGS_FOLDER/ecommerce_pipeline_dag.py', '--cfg-path', '/tmp/tmpxltz81ry']
[2026-03-01T14:28:42.219+0530] {standard_task_runner.py:105} INFO - Job 12: Subtask setup_db
[2026-03-01T14:28:42.261+0530] {task_command.py:467} INFO - Running <TaskInstance: ecommerce_sales_pipeline.setup_db manual__2026-03-01T08:58:39.474854+00:00 [running]> on host fedora
[2026-03-01T14:28:42.329+0530] {taskinstance.py:3157} INFO - Exporting env vars: AIRFLOW_CTX_DAG_OWNER='data_engineering' AIRFLOW_CTX_DAG_ID='ecommerce_sales_pipeline' AIRFLOW_CTX_TASK_ID='setup_db' AIRFLOW_CTX_EXECUTION_DATE='2026-03-01T08:58:39.474854+00:00' AIRFLOW_CTX_TRY_NUMBER='1' AIRFLOW_CTX_DAG_RUN_ID='manual__2026-03-01T08:58:39.474854+00:00'
[2026-03-01T14:28:42.330+0530] {logging_mixin.py:190} INFO - Task instance is in running state
[2026-03-01T14:28:42.330+0530] {logging_mixin.py:190} INFO -  Previous state of the Task instance: queued
[2026-03-01T14:28:42.330+0530] {logging_mixin.py:190} INFO - Current task name:setup_db state:running start_date:2026-03-01 08:58:42.197960+00:00
[2026-03-01T14:28:42.330+0530] {logging_mixin.py:190} INFO - Dag name:ecommerce_sales_pipeline and current dag run status:running
[2026-03-01T14:28:42.330+0530] {taskinstance.py:740} INFO - ::endgroup::
[2026-03-01T14:28:42.338+0530] {logging_mixin.py:190} INFO - Creating star schema tables...
[2026-03-01T14:28:42.339+0530] {logging_mixin.py:190} INFO - Database setup complete.
[2026-03-01T14:28:42.339+0530] {python.py:240} INFO - Done. Returned value was: None
[2026-03-01T14:28:42.343+0530] {taskinstance.py:349} INFO - ::group::Post task execution logs
[2026-03-01T14:28:42.343+0530] {taskinstance.py:361} INFO - Marking task as SUCCESS. dag_id=ecommerce_sales_pipeline, task_id=setup_db, run_id=manual__2026-03-01T08:58:39.474854+00:00, execution_date=20260301T085839, start_date=20260301T085842, end_date=20260301T085842
[2026-03-01T14:28:42.401+0530] {logging_mixin.py:190} INFO - Task instance in success state
[2026-03-01T14:28:42.401+0530] {logging_mixin.py:190} INFO -  Previous state of the Task instance: running
[2026-03-01T14:28:42.402+0530] {logging_mixin.py:190} INFO - Dag name:ecommerce_sales_pipeline queued_at:2026-03-01 08:58:39.489305+00:00
[2026-03-01T14:28:42.402+0530] {logging_mixin.py:190} INFO - Task hostname:fedora operator:PythonOperator
[2026-03-01T14:28:42.431+0530] {local_task_job_runner.py:266} INFO - Task exited with return code 0
[2026-03-01T14:28:42.456+0530] {taskinstance.py:3924} INFO - 1 downstream tasks scheduled from follow-on schedule check
[2026-03-01T14:28:42.483+0530] {local_task_job_runner.py:245} INFO - ::endgroup::
