[2026-03-01T14:14:37.754+0530] {manager.py:483} INFO - Processing files using up to 1 processes at a time 
[2026-03-01T14:14:37.754+0530] {manager.py:484} INFO - Process each file at most once every 30 seconds
[2026-03-01T14:14:37.754+0530] {manager.py:485} INFO - Checking for new files in /home/jenny/Documents/2nd-sem/data-engineering/ecommerce-pipeline/airflow_home/dags every 300 seconds
[2026-03-01T14:14:37.754+0530] {manager.py:821} INFO - Searching for files in /home/jenny/Documents/2nd-sem/data-engineering/ecommerce-pipeline/airflow_home/dags
[2026-03-01T14:14:37.763+0530] {manager.py:824} INFO - There are 57 files in /home/jenny/Documents/2nd-sem/data-engineering/ecommerce-pipeline/airflow_home/dags
[2026-03-01T14:14:37.906+0530] {manager.py:997} INFO - 
================================================================================
DAG File Processing Stats

File Path                                                                                                                        PID    Runtime      # DAGs    # Errors  Last Runtime    Last Run               Last # of DB Queries
-------------------------------------------------------------------------------------------------------------------------------  -----  ---------  --------  ----------  --------------  -------------------  ----------------------
/home/jenny/.local/lib/python3.13/site-packages/airflow/example_dags/subdags/subdag.py                                                                    0           0  0.11s           2026-03-01T08:44:37                       3
/home/jenny/.local/lib/python3.13/site-packages/airflow/example_dags/example_bash_decorator.py                                                            0           0                                                            0
/home/jenny/.local/lib/python3.13/site-packages/airflow/example_dags/example_bash_operator.py                                                             0           0                                                            0
/home/jenny/.local/lib/python3.13/site-packages/airflow/example_dags/example_branch_datetime_operator.py                                                  0           0                                                            0
/home/jenny/.local/lib/python3.13/site-packages/airflow/example_dags/example_branch_day_of_week_operator.py                                               0           0                                                            0
/home/jenny/.local/lib/python3.13/site-packages/airflow/example_dags/example_branch_labels.py                                                             0           0                                                            0
/home/jenny/.local/lib/python3.13/site-packages/airflow/example_dags/example_branch_operator.py                                                           0           0                                                            0
/home/jenny/.local/lib/python3.13/site-packages/airflow/example_dags/example_branch_operator_decorator.py                                                 0           0                                                            0
/home/jenny/.local/lib/python3.13/site-packages/airflow/example_dags/example_branch_python_dop_operator_3.py                                              0           0                                                            0
/home/jenny/.local/lib/python3.13/site-packages/airflow/example_dags/example_complex.py                                                                   0           0                                                            0
/home/jenny/.local/lib/python3.13/site-packages/airflow/example_dags/example_dag_decorator.py                                                             0           0                                                            0
/home/jenny/.local/lib/python3.13/site-packages/airflow/example_dags/example_dataset_alias.py                                                             0           0                                                            0
/home/jenny/.local/lib/python3.13/site-packages/airflow/example_dags/example_dataset_alias_with_no_taskflow.py                                            0           0                                                            0
/home/jenny/.local/lib/python3.13/site-packages/airflow/example_dags/example_datasets.py                                                                  0           0                                                            0
/home/jenny/.local/lib/python3.13/site-packages/airflow/example_dags/example_display_name.py                                                              0           0                                                            0
/home/jenny/.local/lib/python3.13/site-packages/airflow/example_dags/example_dynamic_task_mapping.py                                                      0           0                                                            0
/home/jenny/.local/lib/python3.13/site-packages/airflow/example_dags/example_dynamic_task_mapping_with_no_taskflow_operators.py                           0           0                                                            0
/home/jenny/.local/lib/python3.13/site-packages/airflow/example_dags/example_external_task_marker_dag.py                                                  0           0                                                            0
/home/jenny/.local/lib/python3.13/site-packages/airflow/example_dags/example_inlet_event_extra.py                                                         0           0                                                            0
/home/jenny/.local/lib/python3.13/site-packages/airflow/example_dags/example_kubernetes_executor.py                                                       0           0                                                            0
/home/jenny/.local/lib/python3.13/site-packages/airflow/example_dags/example_latest_only.py                                                               0           0                                                            0
/home/jenny/.local/lib/python3.13/site-packages/airflow/example_dags/example_latest_only_with_trigger.py                                                  0           0                                                            0
/home/jenny/.local/lib/python3.13/site-packages/airflow/example_dags/example_local_kubernetes_executor.py                                                 0           0                                                            0
/home/jenny/.local/lib/python3.13/site-packages/airflow/example_dags/example_nested_branch_dag.py                                                         0           0                                                            0
/home/jenny/.local/lib/python3.13/site-packages/airflow/example_dags/example_outlet_event_extra.py                                                        0           0                                                            0
/home/jenny/.local/lib/python3.13/site-packages/airflow/example_dags/example_params_trigger_ui.py                                                         0           0                                                            0
/home/jenny/.local/lib/python3.13/site-packages/airflow/example_dags/example_params_ui_tutorial.py                                                        0           0                                                            0
/home/jenny/.local/lib/python3.13/site-packages/airflow/example_dags/example_passing_params_via_test_command.py                                           0           0                                                            0
/home/jenny/.local/lib/python3.13/site-packages/airflow/example_dags/example_python_decorator.py                                                          0           0                                                            0
/home/jenny/.local/lib/python3.13/site-packages/airflow/example_dags/example_python_operator.py                                                           0           0                                                            0
/home/jenny/.local/lib/python3.13/site-packages/airflow/example_dags/example_sensor_decorator.py                                                          0           0                                                            0
/home/jenny/.local/lib/python3.13/site-packages/airflow/example_dags/example_sensors.py                                                                   0           0                                                            0
/home/jenny/.local/lib/python3.13/site-packages/airflow/example_dags/example_setup_teardown.py                                                            0           0                                                            0
/home/jenny/.local/lib/python3.13/site-packages/airflow/example_dags/example_setup_teardown_taskflow.py                                                   0           0                                                            0
/home/jenny/.local/lib/python3.13/site-packages/airflow/example_dags/example_short_circuit_decorator.py                                                   0           0                                                            0
/home/jenny/.local/lib/python3.13/site-packages/airflow/example_dags/example_short_circuit_operator.py                                                    0           0                                                            0
/home/jenny/.local/lib/python3.13/site-packages/airflow/example_dags/example_skip_dag.py                                                                  0           0                                                            0
/home/jenny/.local/lib/python3.13/site-packages/airflow/example_dags/example_sla_dag.py                                                                   0           0                                                            0
/home/jenny/.local/lib/python3.13/site-packages/airflow/example_dags/example_subdag_operator.py                                                           0           0                                                            0
/home/jenny/.local/lib/python3.13/site-packages/airflow/example_dags/example_task_group.py                                                                0           0                                                            0
/home/jenny/.local/lib/python3.13/site-packages/airflow/example_dags/example_task_group_decorator.py                                                      0           0                                                            0
/home/jenny/.local/lib/python3.13/site-packages/airflow/example_dags/example_time_delta_sensor_async.py                                                   0           0                                                            0
/home/jenny/.local/lib/python3.13/site-packages/airflow/example_dags/example_trigger_controller_dag.py                                                    0           0                                                            0
/home/jenny/.local/lib/python3.13/site-packages/airflow/example_dags/example_trigger_target_dag.py                                                        0           0                                                            0
/home/jenny/.local/lib/python3.13/site-packages/airflow/example_dags/example_workday_timetable.py                                                         0           0                                                            0
/home/jenny/.local/lib/python3.13/site-packages/airflow/example_dags/example_xcom.py                                                                      0           0                                                            0
/home/jenny/.local/lib/python3.13/site-packages/airflow/example_dags/example_xcomargs.py                                                                  0           0                                                            0
/home/jenny/.local/lib/python3.13/site-packages/airflow/example_dags/tutorial.py                                                                          0           0                                                            0
/home/jenny/.local/lib/python3.13/site-packages/airflow/example_dags/tutorial_dag.py                                                                      0           0                                                            0
/home/jenny/.local/lib/python3.13/site-packages/airflow/example_dags/tutorial_objectstorage.py                                                            0           0                                                            0
/home/jenny/.local/lib/python3.13/site-packages/airflow/example_dags/tutorial_taskflow_api.py                                                             0           0                                                            0
/home/jenny/.local/lib/python3.13/site-packages/airflow/example_dags/tutorial_taskflow_api_virtualenv.py                                                  0           0                                                            0
/home/jenny/.local/lib/python3.13/site-packages/airflow/example_dags/tutorial_taskflow_templates.py                                                       0           0                                                            0
/home/jenny/.local/lib/python3.13/site-packages/airflow/example_dags/plugins/decreasing_priority_weight_strategy.py                                       0           0                                                            0
/home/jenny/.local/lib/python3.13/site-packages/airflow/example_dags/plugins/event_listener.py                                                            0           0                                                            0
/home/jenny/.local/lib/python3.13/site-packages/airflow/example_dags/plugins/listener_plugin.py                                                           0           0                                                            0
/home/jenny/.local/lib/python3.13/site-packages/airflow/example_dags/plugins/workday.py                                                                   0           0                                                            0
================================================================================
[2026-03-01T14:15:08.220+0530] {manager.py:997} INFO - 
================================================================================
DAG File Processing Stats

File Path                                                                                                                        PID    Runtime      # DAGs    # Errors  Last Runtime    Last Run               Last # of DB Queries
-------------------------------------------------------------------------------------------------------------------------------  -----  ---------  --------  ----------  --------------  -------------------  ----------------------
/home/jenny/.local/lib/python3.13/site-packages/airflow/example_dags/example_xcomargs.py                                                                  2           0  0.41s           2026-03-01T08:44:49                      79
/home/jenny/.local/lib/python3.13/site-packages/airflow/example_dags/example_task_group_decorator.py                                                      1           0  0.31s           2026-03-01T08:44:56                      43
/home/jenny/.local/lib/python3.13/site-packages/airflow/example_dags/example_subdag_operator.py                                                           3           0  0.31s           2026-03-01T08:44:58                      53
/home/jenny/.local/lib/python3.13/site-packages/airflow/example_dags/example_skip_dag.py                                                                  1           0  0.31s           2026-03-01T08:45:00                      45
/home/jenny/.local/lib/python3.13/site-packages/airflow/example_dags/example_setup_teardown.py                                                            1           0  0.31s           2026-03-01T08:45:05                      43
/home/jenny/.local/lib/python3.13/site-packages/airflow/example_dags/example_sla_dag.py                                                                   1           0  0.31s           2026-03-01T08:44:58                      45
/home/jenny/.local/lib/python3.13/site-packages/airflow/example_dags/example_short_circuit_decorator.py                                                   1           0  0.31s           2026-03-01T08:45:02                      43
/home/jenny/.local/lib/python3.13/site-packages/airflow/example_dags/example_workday_timetable.py                                                         1           0  0.31s           2026-03-01T08:44:52                      45
/home/jenny/.local/lib/python3.13/site-packages/airflow/example_dags/example_xcom.py                                                                      1           0  0.30s           2026-03-01T08:44:50                      45
/home/jenny/.local/lib/python3.13/site-packages/airflow/example_dags/tutorial_taskflow_templates.py                                                       1           0  0.22s           2026-03-01T08:44:42                      45
/home/jenny/.local/lib/python3.13/site-packages/airflow/example_dags/example_setup_teardown_taskflow.py                                                   1           0  0.21s           2026-03-01T08:45:04                      43
/home/jenny/.local/lib/python3.13/site-packages/airflow/example_dags/example_python_operator.py                                                           1           0  0.21s           2026-03-01T08:45:08                      43
/home/jenny/.local/lib/python3.13/site-packages/airflow/example_dags/tutorial.py                                                                          1           0  0.21s           2026-03-01T08:44:48                      45
/home/jenny/.local/lib/python3.13/site-packages/airflow/example_dags/example_short_circuit_operator.py                                                    1           0  0.21s           2026-03-01T08:45:01                      43
/home/jenny/.local/lib/python3.13/site-packages/airflow/example_dags/example_trigger_target_dag.py                                                        1           0  0.21s           2026-03-01T08:44:52                      43
/home/jenny/.local/lib/python3.13/site-packages/airflow/example_dags/tutorial_dag.py                                                                      1           0  0.21s           2026-03-01T08:44:47                      43
/home/jenny/.local/lib/python3.13/site-packages/airflow/example_dags/tutorial_taskflow_api.py                                                             1           0  0.21s           2026-03-01T08:44:45                      43
/home/jenny/.local/lib/python3.13/site-packages/airflow/example_dags/example_sensor_decorator.py                                                          1           0  0.21s           2026-03-01T08:45:07                      43
/home/jenny/.local/lib/python3.13/site-packages/airflow/example_dags/example_time_delta_sensor_async.py                                                   1           0  0.21s           2026-03-01T08:44:54                      43
/home/jenny/.local/lib/python3.13/site-packages/airflow/example_dags/example_sensors.py                                                                   1           0  0.21s           2026-03-01T08:45:06                      43
/home/jenny/.local/lib/python3.13/site-packages/airflow/example_dags/example_task_group.py                                                                1           0  0.21s           2026-03-01T08:44:57                      43
/home/jenny/.local/lib/python3.13/site-packages/airflow/example_dags/example_trigger_controller_dag.py                                                    1           0  0.21s           2026-03-01T08:44:53                      45
/home/jenny/.local/lib/python3.13/site-packages/airflow/example_dags/tutorial_objectstorage.py                                                            1           0  0.20s           2026-03-01T08:44:46                      43
/home/jenny/.local/lib/python3.13/site-packages/airflow/example_dags/plugins/event_listener.py                                                            0           0  0.11s           2026-03-01T08:44:41                       3
/home/jenny/.local/lib/python3.13/site-packages/airflow/example_dags/plugins/decreasing_priority_weight_strategy.py                                       0           0  0.11s           2026-03-01T08:44:42                       3
/home/jenny/.local/lib/python3.13/site-packages/airflow/example_dags/plugins/workday.py                                                                   0           0  0.11s           2026-03-01T08:44:39                       3
/home/jenny/.local/lib/python3.13/site-packages/airflow/example_dags/tutorial_taskflow_api_virtualenv.py                                                  0           0  0.11s           2026-03-01T08:44:44                       3
/home/jenny/.local/lib/python3.13/site-packages/airflow/example_dags/plugins/listener_plugin.py                                                           0           0  0.11s           2026-03-01T08:44:40                       3
/home/jenny/.local/lib/python3.13/site-packages/airflow/example_dags/subdags/subdag.py                                                                    0           0  0.11s           2026-03-01T08:44:37                       3
/home/jenny/.local/lib/python3.13/site-packages/airflow/example_dags/example_bash_decorator.py                                                            0           0                                                            0
/home/jenny/.local/lib/python3.13/site-packages/airflow/example_dags/example_bash_operator.py                                                             0           0                                                            0
/home/jenny/.local/lib/python3.13/site-packages/airflow/example_dags/example_branch_datetime_operator.py                                                  0           0                                                            0
/home/jenny/.local/lib/python3.13/site-packages/airflow/example_dags/example_branch_day_of_week_operator.py                                               0           0                                                            0
/home/jenny/.local/lib/python3.13/site-packages/airflow/example_dags/example_branch_labels.py                                                             0           0                                                            0
/home/jenny/.local/lib/python3.13/site-packages/airflow/example_dags/example_branch_operator.py                                                           0           0                                                            0
/home/jenny/.local/lib/python3.13/site-packages/airflow/example_dags/example_branch_operator_decorator.py                                                 0           0                                                            0
/home/jenny/.local/lib/python3.13/site-packages/airflow/example_dags/example_branch_python_dop_operator_3.py                                              0           0                                                            0
/home/jenny/.local/lib/python3.13/site-packages/airflow/example_dags/example_complex.py                                                                   0           0                                                            0
/home/jenny/.local/lib/python3.13/site-packages/airflow/example_dags/example_dag_decorator.py                                                             0           0                                                            0
/home/jenny/.local/lib/python3.13/site-packages/airflow/example_dags/example_dataset_alias.py                                                             0           0                                                            0
/home/jenny/.local/lib/python3.13/site-packages/airflow/example_dags/example_dataset_alias_with_no_taskflow.py                                            0           0                                                            0
/home/jenny/.local/lib/python3.13/site-packages/airflow/example_dags/example_datasets.py                                                                  0           0                                                            0
/home/jenny/.local/lib/python3.13/site-packages/airflow/example_dags/example_display_name.py                                                              0           0                                                            0
/home/jenny/.local/lib/python3.13/site-packages/airflow/example_dags/example_dynamic_task_mapping.py                                                      0           0                                                            0
/home/jenny/.local/lib/python3.13/site-packages/airflow/example_dags/example_dynamic_task_mapping_with_no_taskflow_operators.py                           0           0                                                            0
/home/jenny/.local/lib/python3.13/site-packages/airflow/example_dags/example_external_task_marker_dag.py                                                  0           0                                                            0
/home/jenny/.local/lib/python3.13/site-packages/airflow/example_dags/example_inlet_event_extra.py                                                         0           0                                                            0
/home/jenny/.local/lib/python3.13/site-packages/airflow/example_dags/example_kubernetes_executor.py                                                       0           0                                                            0
/home/jenny/.local/lib/python3.13/site-packages/airflow/example_dags/example_latest_only.py                                                               0           0                                                            0
/home/jenny/.local/lib/python3.13/site-packages/airflow/example_dags/example_latest_only_with_trigger.py                                                  0           0                                                            0
/home/jenny/.local/lib/python3.13/site-packages/airflow/example_dags/example_local_kubernetes_executor.py                                                 0           0                                                            0
/home/jenny/.local/lib/python3.13/site-packages/airflow/example_dags/example_nested_branch_dag.py                                                         0           0                                                            0
/home/jenny/.local/lib/python3.13/site-packages/airflow/example_dags/example_outlet_event_extra.py                                                        0           0                                                            0
/home/jenny/.local/lib/python3.13/site-packages/airflow/example_dags/example_params_trigger_ui.py                                                         0           0                                                            0
/home/jenny/.local/lib/python3.13/site-packages/airflow/example_dags/example_params_ui_tutorial.py                                                        0           0                                                            0
/home/jenny/.local/lib/python3.13/site-packages/airflow/example_dags/example_passing_params_via_test_command.py                                           0           0                                                            0
/home/jenny/.local/lib/python3.13/site-packages/airflow/example_dags/example_python_decorator.py                                                          0           0                                                            0
================================================================================
[2026-03-01T14:15:39.028+0530] {manager.py:997} INFO - 
================================================================================
DAG File Processing Stats

File Path                                                                                                                        PID    Runtime      # DAGs    # Errors  Last Runtime    Last Run               Last # of DB Queries
-------------------------------------------------------------------------------------------------------------------------------  -----  ---------  --------  ----------  --------------  -------------------  ----------------------
/home/jenny/.local/lib/python3.13/site-packages/airflow/example_dags/example_datasets.py                                                                 10           0  1.11s           2026-03-01T08:45:26                     379
/home/jenny/.local/lib/python3.13/site-packages/airflow/example_dags/example_dataset_alias.py                                                             4           0  0.81s           2026-03-01T08:45:29                     157
/home/jenny/.local/lib/python3.13/site-packages/airflow/example_dags/example_dag_decorator.py                                                             1           0  0.81s           2026-03-01T08:45:31                      43
/home/jenny/.local/lib/python3.13/site-packages/airflow/example_dags/example_dataset_alias_with_no_taskflow.py                                            4           0  0.51s           2026-03-01T08:45:27                     157
/home/jenny/.local/lib/python3.13/site-packages/airflow/example_dags/example_outlet_event_extra.py                                                        3           0  0.51s           2026-03-01T08:45:13                     118
/home/jenny/.local/lib/python3.13/site-packages/airflow/example_dags/example_branch_datetime_operator.py                                                  3           0  0.51s           2026-03-01T08:45:39                     117
/home/jenny/.local/lib/python3.13/site-packages/airflow/example_dags/example_inlet_event_extra.py                                                         2           0  0.41s           2026-03-01T08:45:20                      81
/home/jenny/.local/lib/python3.13/site-packages/airflow/example_dags/example_xcomargs.py                                                                  2           0  0.41s           2026-03-01T08:44:49                      79
/home/jenny/.local/lib/python3.13/site-packages/airflow/example_dags/example_branch_labels.py                                                             1           0  0.32s           2026-03-01T08:45:36                      45
/home/jenny/.local/lib/python3.13/site-packages/airflow/example_dags/example_task_group_decorator.py                                                      1           0  0.31s           2026-03-01T08:44:56                      43
/home/jenny/.local/lib/python3.13/site-packages/airflow/example_dags/example_subdag_operator.py                                                           3           0  0.31s           2026-03-01T08:44:58                      53
/home/jenny/.local/lib/python3.13/site-packages/airflow/example_dags/example_display_name.py                                                              1           0  0.31s           2026-03-01T08:45:24                      43
/home/jenny/.local/lib/python3.13/site-packages/airflow/example_dags/example_branch_python_dop_operator_3.py                                              1           0  0.31s           2026-03-01T08:45:34                      45
/home/jenny/.local/lib/python3.13/site-packages/airflow/example_dags/example_skip_dag.py                                                                  1           0  0.31s           2026-03-01T08:45:00                      45
/home/jenny/.local/lib/python3.13/site-packages/airflow/example_dags/example_setup_teardown.py                                                            1           0  0.31s           2026-03-01T08:45:05                      43
/home/jenny/.local/lib/python3.13/site-packages/airflow/example_dags/example_sla_dag.py                                                                   1           0  0.31s           2026-03-01T08:44:58                      45
/home/jenny/.local/lib/python3.13/site-packages/airflow/example_dags/example_short_circuit_decorator.py                                                   1           0  0.31s           2026-03-01T08:45:02                      43
/home/jenny/.local/lib/python3.13/site-packages/airflow/example_dags/example_external_task_marker_dag.py                                                  2           0  0.31s           2026-03-01T08:45:21                      79
/home/jenny/.local/lib/python3.13/site-packages/airflow/example_dags/example_workday_timetable.py                                                         1           0  0.31s           2026-03-01T08:44:52                      45
/home/jenny/.local/lib/python3.13/site-packages/airflow/example_dags/example_xcom.py                                                                      1           0  0.30s           2026-03-01T08:44:50                      45
/home/jenny/.local/lib/python3.13/site-packages/airflow/example_dags/example_nested_branch_dag.py                                                         1           0  0.30s           2026-03-01T08:45:14                      45
/home/jenny/.local/lib/python3.13/site-packages/airflow/example_dags/example_params_ui_tutorial.py                                                        1           0  0.30s           2026-03-01T08:45:10                      43
/home/jenny/.local/lib/python3.13/site-packages/airflow/example_dags/tutorial_taskflow_templates.py                                                       1           0  0.22s           2026-03-01T08:44:42                      45
/home/jenny/.local/lib/python3.13/site-packages/airflow/example_dags/example_setup_teardown_taskflow.py                                                   1           0  0.21s           2026-03-01T08:45:04                      43
/home/jenny/.local/lib/python3.13/site-packages/airflow/example_dags/example_branch_day_of_week_operator.py                                               1           0  0.21s           2026-03-01T08:45:37                      45
/home/jenny/.local/lib/python3.13/site-packages/airflow/example_dags/example_latest_only.py                                                               1           0  0.21s           2026-03-01T08:45:18                      45
/home/jenny/.local/lib/python3.13/site-packages/airflow/example_dags/example_dynamic_task_mapping.py                                                      1           0  0.21s           2026-03-01T08:45:23                      43
/home/jenny/.local/lib/python3.13/site-packages/airflow/example_dags/example_python_operator.py                                                           1           0  0.21s           2026-03-01T08:45:08                      43
/home/jenny/.local/lib/python3.13/site-packages/airflow/example_dags/tutorial.py                                                                          1           0  0.21s           2026-03-01T08:44:48                      45
/home/jenny/.local/lib/python3.13/site-packages/airflow/example_dags/example_short_circuit_operator.py                                                    1           0  0.21s           2026-03-01T08:45:01                      43
/home/jenny/.local/lib/python3.13/site-packages/airflow/example_dags/example_trigger_target_dag.py                                                        1           0  0.21s           2026-03-01T08:44:52                      43
/home/jenny/.local/lib/python3.13/site-packages/airflow/example_dags/tutorial_dag.py                                                                      1           0  0.21s           2026-03-01T08:44:47                      43
/home/jenny/.local/lib/python3.13/site-packages/airflow/example_dags/tutorial_taskflow_api.py                                                             1           0  0.21s           2026-03-01T08:44:45                      43
/home/jenny/.local/lib/python3.13/site-packages/airflow/example_dags/example_dynamic_task_mapping_with_no_taskflow_operators.py                           1           0  0.21s           2026-03-01T08:45:22                      43
/home/jenny/.local/lib/python3.13/site-packages/airflow/example_dags/example_sensor_decorator.py                                                          1           0  0.21s           2026-03-01T08:45:07                      43
/home/jenny/.local/lib/python3.13/site-packages/airflow/example_dags/example_time_delta_sensor_async.py                                                   1           0  0.21s           2026-03-01T08:44:54                      43
/home/jenny/.local/lib/python3.13/site-packages/airflow/example_dags/example_complex.py                                                                   1           0  0.21s           2026-03-01T08:45:32                      43
/home/jenny/.local/lib/python3.13/site-packages/airflow/example_dags/example_sensors.py                                                                   1           0  0.21s           2026-03-01T08:45:06                      43
/home/jenny/.local/lib/python3.13/site-packages/airflow/example_dags/example_latest_only_with_trigger.py                                                  1           0  0.21s           2026-03-01T08:45:16                      45
/home/jenny/.local/lib/python3.13/site-packages/airflow/example_dags/example_task_group.py                                                                1           0  0.21s           2026-03-01T08:44:57                      43
/home/jenny/.local/lib/python3.13/site-packages/airflow/example_dags/example_python_decorator.py                                                          1           0  0.21s           2026-03-01T08:45:08                      43
/home/jenny/.local/lib/python3.13/site-packages/airflow/example_dags/example_trigger_controller_dag.py                                                    1           0  0.21s           2026-03-01T08:44:53                      45
/home/jenny/.local/lib/python3.13/site-packages/airflow/example_dags/tutorial_objectstorage.py                                                            1           0  0.20s           2026-03-01T08:44:46                      43
/home/jenny/.local/lib/python3.13/site-packages/airflow/example_dags/example_passing_params_via_test_command.py                                           1           0  0.20s           2026-03-01T08:45:09                      45
/home/jenny/.local/lib/python3.13/site-packages/airflow/example_dags/example_params_trigger_ui.py                                                         1           0  0.20s           2026-03-01T08:45:11                      43
/home/jenny/.local/lib/python3.13/site-packages/airflow/example_dags/example_local_kubernetes_executor.py                                                 0           0  0.11s           2026-03-01T08:45:15                       3
/home/jenny/.local/lib/python3.13/site-packages/airflow/example_dags/plugins/event_listener.py                                                            0           0  0.11s           2026-03-01T08:44:41                       3
/home/jenny/.local/lib/python3.13/site-packages/airflow/example_dags/plugins/decreasing_priority_weight_strategy.py                                       0           0  0.11s           2026-03-01T08:44:42                       3
/home/jenny/.local/lib/python3.13/site-packages/airflow/example_dags/example_branch_operator_decorator.py                                                 0           0  0.11s           2026-03-01T08:45:35                       3
/home/jenny/.local/lib/python3.13/site-packages/airflow/example_dags/plugins/workday.py                                                                   0           0  0.11s           2026-03-01T08:44:39                       3
/home/jenny/.local/lib/python3.13/site-packages/airflow/example_dags/tutorial_taskflow_api_virtualenv.py                                                  0           0  0.11s           2026-03-01T08:44:44                       3
/home/jenny/.local/lib/python3.13/site-packages/airflow/example_dags/example_branch_operator.py                                                           0           0  0.11s           2026-03-01T08:45:36                       3
/home/jenny/.local/lib/python3.13/site-packages/airflow/example_dags/plugins/listener_plugin.py                                                           0           0  0.11s           2026-03-01T08:44:40                       3
/home/jenny/.local/lib/python3.13/site-packages/airflow/example_dags/subdags/subdag.py                                                                    0           0  0.11s           2026-03-01T08:44:37                       3
/home/jenny/.local/lib/python3.13/site-packages/airflow/example_dags/example_kubernetes_executor.py                                                       0           0  0.10s           2026-03-01T08:45:18                       3
/home/jenny/.local/lib/python3.13/site-packages/airflow/example_dags/example_bash_decorator.py                                                            0           0                                                            0
/home/jenny/.local/lib/python3.13/site-packages/airflow/example_dags/example_bash_operator.py                                                             0           0                                                            0
================================================================================
[2026-03-01T14:16:09.333+0530] {manager.py:997} INFO - 
================================================================================
DAG File Processing Stats

File Path                                                                                                                        PID    Runtime      # DAGs    # Errors  Last Runtime    Last Run               Last # of DB Queries
-------------------------------------------------------------------------------------------------------------------------------  -----  ---------  --------  ----------  --------------  -------------------  ----------------------
/home/jenny/.local/lib/python3.13/site-packages/airflow/example_dags/example_datasets.py                                                                 10           0  1.11s           2026-03-01T08:45:26                     379
/home/jenny/.local/lib/python3.13/site-packages/airflow/example_dags/example_dataset_alias.py                                                             4           0  0.81s           2026-03-01T08:45:29                     157
/home/jenny/.local/lib/python3.13/site-packages/airflow/example_dags/example_dag_decorator.py                                                             1           0  0.81s           2026-03-01T08:45:31                      43
/home/jenny/.local/lib/python3.13/site-packages/airflow/example_dags/example_dataset_alias_with_no_taskflow.py                                            4           0  0.51s           2026-03-01T08:45:27                     157
/home/jenny/.local/lib/python3.13/site-packages/airflow/example_dags/example_outlet_event_extra.py                                                        3           0  0.51s           2026-03-01T08:45:13                     118
/home/jenny/.local/lib/python3.13/site-packages/airflow/example_dags/example_branch_datetime_operator.py                                                  3           0  0.51s           2026-03-01T08:45:39                     117
/home/jenny/.local/lib/python3.13/site-packages/airflow/example_dags/example_inlet_event_extra.py                                                         2           0  0.41s           2026-03-01T08:45:20                      81
/home/jenny/.local/lib/python3.13/site-packages/airflow/example_dags/example_branch_labels.py                                                             1           0  0.32s           2026-03-01T08:45:36                      45
/home/jenny/.local/lib/python3.13/site-packages/airflow/example_dags/example_display_name.py                                                              1           0  0.31s           2026-03-01T08:45:24                      43
/home/jenny/.local/lib/python3.13/site-packages/airflow/example_dags/example_branch_python_dop_operator_3.py                                              1           0  0.31s           2026-03-01T08:45:34                      45
/home/jenny/.local/lib/python3.13/site-packages/airflow/example_dags/example_bash_decorator.py                                                            1           0  0.31s           2026-03-01T08:45:41                      43
/home/jenny/.local/lib/python3.13/site-packages/airflow/example_dags/example_bash_operator.py                                                             1           0  0.31s           2026-03-01T08:45:39                      45
/home/jenny/.local/lib/python3.13/site-packages/airflow/example_dags/example_external_task_marker_dag.py                                                  2           0  0.31s           2026-03-01T08:45:21                      79
/home/jenny/.local/lib/python3.13/site-packages/airflow/example_dags/example_nested_branch_dag.py                                                         1           0  0.30s           2026-03-01T08:45:14                      45
/home/jenny/.local/lib/python3.13/site-packages/airflow/example_dags/example_params_ui_tutorial.py                                                        1           0  0.30s           2026-03-01T08:45:10                      43
/home/jenny/.local/lib/python3.13/site-packages/airflow/example_dags/example_branch_day_of_week_operator.py                                               1           0  0.21s           2026-03-01T08:45:37                      45
/home/jenny/.local/lib/python3.13/site-packages/airflow/example_dags/example_latest_only.py                                                               1           0  0.21s           2026-03-01T08:45:18                      45
/home/jenny/.local/lib/python3.13/site-packages/airflow/example_dags/example_dynamic_task_mapping.py                                                      1           0  0.21s           2026-03-01T08:45:23                      43
/home/jenny/.local/lib/python3.13/site-packages/airflow/example_dags/example_dynamic_task_mapping_with_no_taskflow_operators.py                           1           0  0.21s           2026-03-01T08:45:22                      43
/home/jenny/.local/lib/python3.13/site-packages/airflow/example_dags/example_complex.py                                                                   1           0  0.21s           2026-03-01T08:45:32                      43
/home/jenny/.local/lib/python3.13/site-packages/airflow/example_dags/example_latest_only_with_trigger.py                                                  1           0  0.21s           2026-03-01T08:45:16                      45
/home/jenny/.local/lib/python3.13/site-packages/airflow/example_dags/example_python_decorator.py                                                          1           0  0.21s           2026-03-01T08:45:08                      43
/home/jenny/.local/lib/python3.13/site-packages/airflow/example_dags/example_passing_params_via_test_command.py                                           1           0  0.20s           2026-03-01T08:45:09                      45
/home/jenny/.local/lib/python3.13/site-packages/airflow/example_dags/example_params_trigger_ui.py                                                         1           0  0.20s           2026-03-01T08:45:11                      43
/home/jenny/.local/lib/python3.13/site-packages/airflow/example_dags/example_local_kubernetes_executor.py                                                 0           0  0.11s           2026-03-01T08:45:15                       3
/home/jenny/.local/lib/python3.13/site-packages/airflow/example_dags/example_time_delta_sensor_async.py                                                   1           0  0.11s           2026-03-01T08:45:58                      10
/home/jenny/.local/lib/python3.13/site-packages/airflow/example_dags/example_python_operator.py                                                           1           0  0.11s           2026-03-01T08:46:09                      10
/home/jenny/.local/lib/python3.13/site-packages/airflow/example_dags/tutorial_taskflow_api.py                                                             1           0  0.11s           2026-03-01T08:45:49                      10
/home/jenny/.local/lib/python3.13/site-packages/airflow/example_dags/example_sensor_decorator.py                                                          1           0  0.11s           2026-03-01T08:46:09                      10
/home/jenny/.local/lib/python3.13/site-packages/airflow/example_dags/example_sla_dag.py                                                                   1           0  0.11s           2026-03-01T08:46:02                      12
/home/jenny/.local/lib/python3.13/site-packages/airflow/example_dags/tutorial_taskflow_api_virtualenv.py                                                  0           0  0.11s           2026-03-01T08:45:48                       3
/home/jenny/.local/lib/python3.13/site-packages/airflow/example_dags/example_subdag_operator.py                                                           3           0  0.11s           2026-03-01T08:46:01                      20
/home/jenny/.local/lib/python3.13/site-packages/airflow/example_dags/example_setup_teardown.py                                                            1           0  0.11s           2026-03-01T08:46:07                      10
/home/jenny/.local/lib/python3.13/site-packages/airflow/example_dags/example_branch_operator_decorator.py                                                 0           0  0.11s           2026-03-01T08:45:35                       3
/home/jenny/.local/lib/python3.13/site-packages/airflow/example_dags/tutorial_dag.py                                                                      1           0  0.11s           2026-03-01T08:45:51                      10
/home/jenny/.local/lib/python3.13/site-packages/airflow/example_dags/example_task_group.py                                                                1           0  0.11s           2026-03-01T08:46:00                      10
/home/jenny/.local/lib/python3.13/site-packages/airflow/example_dags/example_skip_dag.py                                                                  1           0  0.11s           2026-03-01T08:46:02                      12
/home/jenny/.local/lib/python3.13/site-packages/airflow/example_dags/example_task_group_decorator.py                                                      1           0  0.11s           2026-03-01T08:45:59                      10
/home/jenny/.local/lib/python3.13/site-packages/airflow/example_dags/plugins/event_listener.py                                                            0           0  0.11s           2026-03-01T08:45:45                       3
/home/jenny/.local/lib/python3.13/site-packages/airflow/example_dags/plugins/listener_plugin.py                                                           0           0  0.11s           2026-03-01T08:45:44                       3
/home/jenny/.local/lib/python3.13/site-packages/airflow/example_dags/example_trigger_controller_dag.py                                                    1           0  0.11s           2026-03-01T08:45:57                      12
/home/jenny/.local/lib/python3.13/site-packages/airflow/example_dags/example_short_circuit_operator.py                                                    1           0  0.11s           2026-03-01T08:46:03                      10
/home/jenny/.local/lib/python3.13/site-packages/airflow/example_dags/tutorial.py                                                                          1           0  0.11s           2026-03-01T08:45:52                      12
/home/jenny/.local/lib/python3.13/site-packages/airflow/example_dags/plugins/decreasing_priority_weight_strategy.py                                       0           0  0.11s           2026-03-01T08:45:46                       3
/home/jenny/.local/lib/python3.13/site-packages/airflow/example_dags/example_xcom.py                                                                      1           0  0.11s           2026-03-01T08:45:54                      12
/home/jenny/.local/lib/python3.13/site-packages/airflow/example_dags/example_branch_operator.py                                                           0           0  0.11s           2026-03-01T08:45:36                       3
/home/jenny/.local/lib/python3.13/site-packages/airflow/example_dags/tutorial_objectstorage.py                                                            1           0  0.11s           2026-03-01T08:45:50                      10
/home/jenny/.local/lib/python3.13/site-packages/airflow/example_dags/example_sensors.py                                                                   1           0  0.11s           2026-03-01T08:46:07                      10
/home/jenny/.local/lib/python3.13/site-packages/airflow/example_dags/example_xcomargs.py                                                                  2           0  0.11s           2026-03-01T08:45:53                      13
/home/jenny/.local/lib/python3.13/site-packages/airflow/example_dags/example_setup_teardown_taskflow.py                                                   1           0  0.11s           2026-03-01T08:46:06                      10
/home/jenny/.local/lib/python3.13/site-packages/airflow/example_dags/example_short_circuit_decorator.py                                                   1           0  0.11s           2026-03-01T08:46:04                      10
/home/jenny/.local/lib/python3.13/site-packages/airflow/example_dags/example_trigger_target_dag.py                                                        1           0  0.11s           2026-03-01T08:45:56                      10
/home/jenny/.local/lib/python3.13/site-packages/airflow/example_dags/subdags/subdag.py                                                                    0           0  0.11s           2026-03-01T08:45:42                       3
/home/jenny/.local/lib/python3.13/site-packages/airflow/example_dags/plugins/workday.py                                                                   0           0  0.11s           2026-03-01T08:45:43                       3
/home/jenny/.local/lib/python3.13/site-packages/airflow/example_dags/tutorial_taskflow_templates.py                                                       1           0  0.11s           2026-03-01T08:45:47                      12
/home/jenny/.local/lib/python3.13/site-packages/airflow/example_dags/example_workday_timetable.py                                                         1           0  0.10s           2026-03-01T08:45:55                      12
/home/jenny/.local/lib/python3.13/site-packages/airflow/example_dags/example_kubernetes_executor.py                                                       0           0  0.10s           2026-03-01T08:45:18                       3
================================================================================
[2026-03-01T14:16:39.657+0530] {manager.py:997} INFO - 
================================================================================
DAG File Processing Stats

File Path                                                                                                                        PID    Runtime      # DAGs    # Errors  Last Runtime    Last Run               Last # of DB Queries
-------------------------------------------------------------------------------------------------------------------------------  -----  ---------  --------  ----------  --------------  -------------------  ----------------------
/home/jenny/.local/lib/python3.13/site-packages/airflow/example_dags/example_dag_decorator.py                                                             1           0  0.21s           2026-03-01T08:46:30                      32
/home/jenny/.local/lib/python3.13/site-packages/airflow/example_dags/example_latest_only_with_trigger.py                                                  1           0  0.11s           2026-03-01T08:46:19                      12
/home/jenny/.local/lib/python3.13/site-packages/airflow/example_dags/example_display_name.py                                                              1           0  0.11s           2026-03-01T08:46:26                      10
/home/jenny/.local/lib/python3.13/site-packages/airflow/example_dags/example_time_delta_sensor_async.py                                                   1           0  0.11s           2026-03-01T08:45:58                      10
/home/jenny/.local/lib/python3.13/site-packages/airflow/example_dags/subdags/subdag.py                                                                    0           0  0.11s           2026-03-01T08:46:14                       3
/home/jenny/.local/lib/python3.13/site-packages/airflow/example_dags/example_external_task_marker_dag.py                                                  2           0  0.11s           2026-03-01T08:46:23                      13
/home/jenny/.local/lib/python3.13/site-packages/airflow/example_dags/example_branch_operator_decorator.py                                                 0           0  0.11s           2026-03-01T08:46:33                       3
/home/jenny/.local/lib/python3.13/site-packages/airflow/example_dags/example_branch_operator.py                                                           0           0  0.11s           2026-03-01T08:46:34                       3
/home/jenny/.local/lib/python3.13/site-packages/airflow/example_dags/example_python_operator.py                                                           1           0  0.11s           2026-03-01T08:46:09                      10
/home/jenny/.local/lib/python3.13/site-packages/airflow/example_dags/example_branch_labels.py                                                             1           0  0.11s           2026-03-01T08:46:35                      12
/home/jenny/.local/lib/python3.13/site-packages/airflow/example_dags/example_dynamic_task_mapping_with_no_taskflow_operators.py                           1           0  0.11s           2026-03-01T08:46:24                      10
/home/jenny/.local/lib/python3.13/site-packages/airflow/example_dags/tutorial_taskflow_api.py                                                             1           0  0.11s           2026-03-01T08:45:49                      10
/home/jenny/.local/lib/python3.13/site-packages/airflow/example_dags/example_latest_only.py                                                               1           0  0.11s           2026-03-01T08:46:20                      12
/home/jenny/.local/lib/python3.13/site-packages/airflow/example_dags/example_local_kubernetes_executor.py                                                 0           0  0.11s           2026-03-01T08:46:18                       3
/home/jenny/.local/lib/python3.13/site-packages/airflow/example_dags/example_sensor_decorator.py                                                          1           0  0.11s           2026-03-01T08:46:09                      10
/home/jenny/.local/lib/python3.13/site-packages/airflow/example_dags/example_branch_python_dop_operator_3.py                                              1           0  0.11s           2026-03-01T08:46:33                      12
/home/jenny/.local/lib/python3.13/site-packages/airflow/example_dags/plugins/listener_plugin.py                                                           0           0  0.11s           2026-03-01T08:46:39                       3
/home/jenny/.local/lib/python3.13/site-packages/airflow/example_dags/example_branch_day_of_week_operator.py                                               1           0  0.11s           2026-03-01T08:46:37                      12
/home/jenny/.local/lib/python3.13/site-packages/airflow/example_dags/example_sla_dag.py                                                                   1           0  0.11s           2026-03-01T08:46:02                      12
/home/jenny/.local/lib/python3.13/site-packages/airflow/example_dags/tutorial_taskflow_api_virtualenv.py                                                  0           0  0.11s           2026-03-01T08:45:48                       3
/home/jenny/.local/lib/python3.13/site-packages/airflow/example_dags/example_subdag_operator.py                                                           3           0  0.11s           2026-03-01T08:46:01                      20
/home/jenny/.local/lib/python3.13/site-packages/airflow/example_dags/example_params_ui_tutorial.py                                                        1           0  0.11s           2026-03-01T08:46:12                      10
/home/jenny/.local/lib/python3.13/site-packages/airflow/example_dags/example_setup_teardown.py                                                            1           0  0.11s           2026-03-01T08:46:07                      10
/home/jenny/.local/lib/python3.13/site-packages/airflow/example_dags/tutorial_dag.py                                                                      1           0  0.11s           2026-03-01T08:45:51                      10
/home/jenny/.local/lib/python3.13/site-packages/airflow/example_dags/example_task_group.py                                                                1           0  0.11s           2026-03-01T08:46:00                      10
/home/jenny/.local/lib/python3.13/site-packages/airflow/example_dags/example_skip_dag.py                                                                  1           0  0.11s           2026-03-01T08:46:02                      12
/home/jenny/.local/lib/python3.13/site-packages/airflow/example_dags/example_task_group_decorator.py                                                      1           0  0.11s           2026-03-01T08:45:59                      10
/home/jenny/.local/lib/python3.13/site-packages/airflow/example_dags/plugins/event_listener.py                                                            0           0  0.11s           2026-03-01T08:45:45                       3
/home/jenny/.local/lib/python3.13/site-packages/airflow/example_dags/example_trigger_controller_dag.py                                                    1           0  0.11s           2026-03-01T08:45:57                      12
/home/jenny/.local/lib/python3.13/site-packages/airflow/example_dags/example_outlet_event_extra.py                                                        3           0  0.11s           2026-03-01T08:46:16                      19
/home/jenny/.local/lib/python3.13/site-packages/airflow/example_dags/example_short_circuit_operator.py                                                    1           0  0.11s           2026-03-01T08:46:03                      10
/home/jenny/.local/lib/python3.13/site-packages/airflow/example_dags/example_bash_operator.py                                                             1           0  0.11s           2026-03-01T08:46:38                      12
/home/jenny/.local/lib/python3.13/site-packages/airflow/example_dags/tutorial.py                                                                          1           0  0.11s           2026-03-01T08:45:52                      12
/home/jenny/.local/lib/python3.13/site-packages/airflow/example_dags/example_datasets.py                                                                 10           0  0.11s           2026-03-01T08:46:27                      49
/home/jenny/.local/lib/python3.13/site-packages/airflow/example_dags/plugins/decreasing_priority_weight_strategy.py                                       0           0  0.11s           2026-03-01T08:45:46                       3
/home/jenny/.local/lib/python3.13/site-packages/airflow/example_dags/example_xcom.py                                                                      1           0  0.11s           2026-03-01T08:45:54                      12
/home/jenny/.local/lib/python3.13/site-packages/airflow/example_dags/example_params_trigger_ui.py                                                         1           0  0.11s           2026-03-01T08:46:13                      10
/home/jenny/.local/lib/python3.13/site-packages/airflow/example_dags/example_dynamic_task_mapping.py                                                      1           0  0.11s           2026-03-01T08:46:25                      10
/home/jenny/.local/lib/python3.13/site-packages/airflow/example_dags/example_python_decorator.py                                                          1           0  0.11s           2026-03-01T08:46:10                      10
/home/jenny/.local/lib/python3.13/site-packages/airflow/example_dags/tutorial_objectstorage.py                                                            1           0  0.11s           2026-03-01T08:45:50                      10
/home/jenny/.local/lib/python3.13/site-packages/airflow/example_dags/example_sensors.py                                                                   1           0  0.11s           2026-03-01T08:46:07                      10
/home/jenny/.local/lib/python3.13/site-packages/airflow/example_dags/example_xcomargs.py                                                                  2           0  0.11s           2026-03-01T08:45:53                      13
/home/jenny/.local/lib/python3.13/site-packages/airflow/example_dags/example_branch_datetime_operator.py                                                  3           0  0.11s           2026-03-01T08:46:37                      18
/home/jenny/.local/lib/python3.13/site-packages/airflow/example_dags/example_dataset_alias_with_no_taskflow.py                                            4           0  0.11s           2026-03-01T08:46:28                      27
/home/jenny/.local/lib/python3.13/site-packages/airflow/example_dags/example_setup_teardown_taskflow.py                                                   1           0  0.11s           2026-03-01T08:46:06                      10
/home/jenny/.local/lib/python3.13/site-packages/airflow/example_dags/example_short_circuit_decorator.py                                                   1           0  0.11s           2026-03-01T08:46:04                      10
/home/jenny/.local/lib/python3.13/site-packages/airflow/example_dags/example_inlet_event_extra.py                                                         2           0  0.11s           2026-03-01T08:46:22                      15
/home/jenny/.local/lib/python3.13/site-packages/airflow/example_dags/example_trigger_target_dag.py                                                        1           0  0.11s           2026-03-01T08:45:56                      10
/home/jenny/.local/lib/python3.13/site-packages/airflow/example_dags/plugins/workday.py                                                                   0           0  0.11s           2026-03-01T08:46:15                       3
/home/jenny/.local/lib/python3.13/site-packages/airflow/example_dags/tutorial_taskflow_templates.py                                                       1           0  0.11s           2026-03-01T08:45:47                      12
/home/jenny/.local/lib/python3.13/site-packages/airflow/example_dags/example_passing_params_via_test_command.py                                           1           0  0.11s           2026-03-01T08:46:11                      12
/home/jenny/.local/lib/python3.13/site-packages/airflow/example_dags/example_bash_decorator.py                                                            1           0  0.10s           2026-03-01T08:46:38                      10
/home/jenny/.local/lib/python3.13/site-packages/airflow/example_dags/example_nested_branch_dag.py                                                         1           0  0.10s           2026-03-01T08:46:17                      12
/home/jenny/.local/lib/python3.13/site-packages/airflow/example_dags/example_workday_timetable.py                                                         1           0  0.10s           2026-03-01T08:45:55                      12
/home/jenny/.local/lib/python3.13/site-packages/airflow/example_dags/example_complex.py                                                                   1           0  0.10s           2026-03-01T08:46:31                      10
/home/jenny/.local/lib/python3.13/site-packages/airflow/example_dags/example_dataset_alias.py                                                             4           0  0.10s           2026-03-01T08:46:29                      27
/home/jenny/.local/lib/python3.13/site-packages/airflow/example_dags/example_kubernetes_executor.py                                                       0           0  0.10s           2026-03-01T08:46:21                       3
================================================================================
[2026-03-01T14:17:09.719+0530] {manager.py:997} INFO - 
================================================================================
DAG File Processing Stats

File Path                                                                                                                        PID    Runtime      # DAGs    # Errors  Last Runtime    Last Run               Last # of DB Queries
-------------------------------------------------------------------------------------------------------------------------------  -----  ---------  --------  ----------  --------------  -------------------  ----------------------
/home/jenny/.local/lib/python3.13/site-packages/airflow/example_dags/example_dag_decorator.py                                                             1           0  0.21s           2026-03-01T08:46:30                      32
/home/jenny/.local/lib/python3.13/site-packages/airflow/example_dags/example_workday_timetable.py                                                         1           0  0.11s           2026-03-01T08:46:50                      12
/home/jenny/.local/lib/python3.13/site-packages/airflow/example_dags/example_latest_only_with_trigger.py                                                  1           0  0.11s           2026-03-01T08:46:19                      12
/home/jenny/.local/lib/python3.13/site-packages/airflow/example_dags/plugins/workday.py                                                                   0           0  0.11s           2026-03-01T08:47:09                       3
/home/jenny/.local/lib/python3.13/site-packages/airflow/example_dags/example_display_name.py                                                              1           0  0.11s           2026-03-01T08:46:26                      10
/home/jenny/.local/lib/python3.13/site-packages/airflow/example_dags/example_external_task_marker_dag.py                                                  2           0  0.11s           2026-03-01T08:46:23                      13
/home/jenny/.local/lib/python3.13/site-packages/airflow/example_dags/example_branch_operator_decorator.py                                                 0           0  0.11s           2026-03-01T08:46:33                       3
/home/jenny/.local/lib/python3.13/site-packages/airflow/example_dags/example_branch_operator.py                                                           0           0  0.11s           2026-03-01T08:46:34                       3
/home/jenny/.local/lib/python3.13/site-packages/airflow/example_dags/example_branch_labels.py                                                             1           0  0.11s           2026-03-01T08:46:35                      12
/home/jenny/.local/lib/python3.13/site-packages/airflow/example_dags/example_sensor_decorator.py                                                          1           0  0.11s           2026-03-01T08:47:05                      10
/home/jenny/.local/lib/python3.13/site-packages/airflow/example_dags/example_dynamic_task_mapping_with_no_taskflow_operators.py                           1           0  0.11s           2026-03-01T08:46:24                      10
/home/jenny/.local/lib/python3.13/site-packages/airflow/example_dags/example_short_circuit_operator.py                                                    1           0  0.11s           2026-03-01T08:47:00                      10
/home/jenny/.local/lib/python3.13/site-packages/airflow/example_dags/example_latest_only.py                                                               1           0  0.11s           2026-03-01T08:46:20                      12
/home/jenny/.local/lib/python3.13/site-packages/airflow/example_dags/example_local_kubernetes_executor.py                                                 0           0  0.11s           2026-03-01T08:46:18                       3
/home/jenny/.local/lib/python3.13/site-packages/airflow/example_dags/example_skip_dag.py                                                                  1           0  0.11s           2026-03-01T08:46:59                      12
/home/jenny/.local/lib/python3.13/site-packages/airflow/example_dags/tutorial_dag.py                                                                      1           0  0.11s           2026-03-01T08:46:47                      10
/home/jenny/.local/lib/python3.13/site-packages/airflow/example_dags/example_setup_teardown_taskflow.py                                                   1           0  0.11s           2026-03-01T08:47:02                      10
/home/jenny/.local/lib/python3.13/site-packages/airflow/example_dags/example_time_delta_sensor_async.py                                                   1           0  0.11s           2026-03-01T08:46:54                      10
/home/jenny/.local/lib/python3.13/site-packages/airflow/example_dags/example_branch_python_dop_operator_3.py                                              1           0  0.11s           2026-03-01T08:46:33                      12
/home/jenny/.local/lib/python3.13/site-packages/airflow/example_dags/example_short_circuit_decorator.py                                                   1           0  0.11s           2026-03-01T08:47:01                      10
/home/jenny/.local/lib/python3.13/site-packages/airflow/example_dags/plugins/listener_plugin.py                                                           0           0  0.11s           2026-03-01T08:46:39                       3
/home/jenny/.local/lib/python3.13/site-packages/airflow/example_dags/example_branch_day_of_week_operator.py                                               1           0  0.11s           2026-03-01T08:46:37                      12
/home/jenny/.local/lib/python3.13/site-packages/airflow/example_dags/example_setup_teardown.py                                                            1           0  0.11s           2026-03-01T08:47:03                      10
/home/jenny/.local/lib/python3.13/site-packages/airflow/example_dags/tutorial_objectstorage.py                                                            1           0  0.11s           2026-03-01T08:46:46                      10
/home/jenny/.local/lib/python3.13/site-packages/airflow/example_dags/example_params_ui_tutorial.py                                                        1           0  0.11s           2026-03-01T08:46:12                      10
/home/jenny/.local/lib/python3.13/site-packages/airflow/example_dags/example_python_decorator.py                                                          1           0  0.11s           2026-03-01T08:47:09                      10
/home/jenny/.local/lib/python3.13/site-packages/airflow/example_dags/example_python_operator.py                                                           1           0  0.11s           2026-03-01T08:47:06                      10
/home/jenny/.local/lib/python3.13/site-packages/airflow/example_dags/example_outlet_event_extra.py                                                        3           0  0.11s           2026-03-01T08:46:16                      19
/home/jenny/.local/lib/python3.13/site-packages/airflow/example_dags/example_task_group.py                                                                1           0  0.11s           2026-03-01T08:46:55                      10
/home/jenny/.local/lib/python3.13/site-packages/airflow/example_dags/example_bash_operator.py                                                             1           0  0.11s           2026-03-01T08:46:38                      12
/home/jenny/.local/lib/python3.13/site-packages/airflow/example_dags/example_datasets.py                                                                 10           0  0.11s           2026-03-01T08:46:27                      49
/home/jenny/.local/lib/python3.13/site-packages/airflow/example_dags/example_xcom.py                                                                      1           0  0.11s           2026-03-01T08:46:50                      12
/home/jenny/.local/lib/python3.13/site-packages/airflow/example_dags/tutorial_taskflow_api_virtualenv.py                                                  0           0  0.11s           2026-03-01T08:46:43                       3
/home/jenny/.local/lib/python3.13/site-packages/airflow/example_dags/example_params_trigger_ui.py                                                         1           0  0.11s           2026-03-01T08:46:13                      10
/home/jenny/.local/lib/python3.13/site-packages/airflow/example_dags/example_trigger_target_dag.py                                                        1           0  0.11s           2026-03-01T08:46:52                      10
/home/jenny/.local/lib/python3.13/site-packages/airflow/example_dags/example_dynamic_task_mapping.py                                                      1           0  0.11s           2026-03-01T08:46:25                      10
/home/jenny/.local/lib/python3.13/site-packages/airflow/example_dags/example_sensors.py                                                                   1           0  0.11s           2026-03-01T08:47:04                      10
/home/jenny/.local/lib/python3.13/site-packages/airflow/example_dags/example_branch_datetime_operator.py                                                  3           0  0.11s           2026-03-01T08:46:37                      18
/home/jenny/.local/lib/python3.13/site-packages/airflow/example_dags/example_task_group_decorator.py                                                      1           0  0.11s           2026-03-01T08:46:54                      10
/home/jenny/.local/lib/python3.13/site-packages/airflow/example_dags/example_dataset_alias_with_no_taskflow.py                                            4           0  0.11s           2026-03-01T08:46:28                      27
/home/jenny/.local/lib/python3.13/site-packages/airflow/example_dags/plugins/event_listener.py                                                            0           0  0.11s           2026-03-01T08:46:40                       3
/home/jenny/.local/lib/python3.13/site-packages/airflow/example_dags/tutorial_taskflow_templates.py                                                       1           0  0.11s           2026-03-01T08:46:43                      12
/home/jenny/.local/lib/python3.13/site-packages/airflow/example_dags/example_inlet_event_extra.py                                                         2           0  0.11s           2026-03-01T08:46:22                      15
/home/jenny/.local/lib/python3.13/site-packages/airflow/example_dags/example_sla_dag.py                                                                   1           0  0.11s           2026-03-01T08:46:58                      12
/home/jenny/.local/lib/python3.13/site-packages/airflow/example_dags/subdags/subdag.py                                                                    0           0  0.11s           2026-03-01T08:47:08                       3
/home/jenny/.local/lib/python3.13/site-packages/airflow/example_dags/plugins/decreasing_priority_weight_strategy.py                                       0           0  0.11s           2026-03-01T08:46:41                       3
/home/jenny/.local/lib/python3.13/site-packages/airflow/example_dags/tutorial_taskflow_api.py                                                             1           0  0.11s           2026-03-01T08:46:45                      10
/home/jenny/.local/lib/python3.13/site-packages/airflow/example_dags/tutorial.py                                                                          1           0  0.11s           2026-03-01T08:46:48                      12
/home/jenny/.local/lib/python3.13/site-packages/airflow/example_dags/example_xcomargs.py                                                                  2           0  0.11s           2026-03-01T08:46:49                      13
/home/jenny/.local/lib/python3.13/site-packages/airflow/example_dags/example_passing_params_via_test_command.py                                           1           0  0.11s           2026-03-01T08:46:11                      12
/home/jenny/.local/lib/python3.13/site-packages/airflow/example_dags/example_bash_decorator.py                                                            1           0  0.10s           2026-03-01T08:46:38                      10
/home/jenny/.local/lib/python3.13/site-packages/airflow/example_dags/example_nested_branch_dag.py                                                         1           0  0.10s           2026-03-01T08:46:17                      12
/home/jenny/.local/lib/python3.13/site-packages/airflow/example_dags/example_trigger_controller_dag.py                                                    1           0  0.10s           2026-03-01T08:46:53                      12
/home/jenny/.local/lib/python3.13/site-packages/airflow/example_dags/example_complex.py                                                                   1           0  0.10s           2026-03-01T08:46:31                      10
/home/jenny/.local/lib/python3.13/site-packages/airflow/example_dags/example_dataset_alias.py                                                             4           0  0.10s           2026-03-01T08:46:29                      27
/home/jenny/.local/lib/python3.13/site-packages/airflow/example_dags/example_kubernetes_executor.py                                                       0           0  0.10s           2026-03-01T08:46:21                       3
/home/jenny/.local/lib/python3.13/site-packages/airflow/example_dags/example_subdag_operator.py                                                           3           0  0.10s           2026-03-01T08:46:57                      20
================================================================================
