[2026-03-01T14:32:54.054+0530] {local_task_job_runner.py:123} INFO - ::group::Pre task execution logs
[2026-03-01T14:32:54.066+0530] {taskinstance.py:2631} INFO - Dependencies all met for dep_context=non-requeueable deps ti=<TaskInstance: ecommerce_sales_pipeline.run_etl manual__2026-03-01T08:57:21.586643+00:00 [queued]>
[2026-03-01T14:32:54.070+0530] {taskinstance.py:2631} INFO - Dependencies all met for dep_context=requeueable deps ti=<TaskInstance: ecommerce_sales_pipeline.run_etl manual__2026-03-01T08:57:21.586643+00:00 [queued]>
[2026-03-01T14:32:54.071+0530] {taskinstance.py:2884} INFO - Starting attempt 2 of 2
[2026-03-01T14:32:54.083+0530] {taskinstance.py:2907} INFO - Executing <Task(BashOperator): run_etl> on 2026-03-01 08:57:21.586643+00:00
[2026-03-01T14:32:54.090+0530] {logging_mixin.py:190} WARNING - /home/jenny/.local/lib/python3.13/site-packages/airflow/task/task_runner/standard_task_runner.py:70 DeprecationWarning: This process (pid=232010) is multi-threaded, use of fork() may lead to deadlocks in the child.
[2026-03-01T14:32:54.091+0530] {standard_task_runner.py:104} INFO - Running: ['airflow', 'tasks', 'run', 'ecommerce_sales_pipeline', 'run_etl', 'manual__2026-03-01T08:57:21.586643+00:00', '--job-id', '16', '--raw', '--subdir', 'DAGS_FOLDER/ecommerce_pipeline_dag.py', '--cfg-path', '/tmp/tmpm7ibubvv']
[2026-03-01T14:32:54.091+0530] {standard_task_runner.py:72} INFO - Started process 232026 to run task
[2026-03-01T14:32:54.092+0530] {standard_task_runner.py:105} INFO - Job 16: Subtask run_etl
[2026-03-01T14:32:54.133+0530] {task_command.py:467} INFO - Running <TaskInstance: ecommerce_sales_pipeline.run_etl manual__2026-03-01T08:57:21.586643+00:00 [running]> on host fedora
[2026-03-01T14:32:54.181+0530] {taskinstance.py:3157} INFO - Exporting env vars: AIRFLOW_CTX_DAG_OWNER='data_engineering' AIRFLOW_CTX_DAG_ID='ecommerce_sales_pipeline' AIRFLOW_CTX_TASK_ID='run_etl' AIRFLOW_CTX_EXECUTION_DATE='2026-03-01T08:57:21.586643+00:00' AIRFLOW_CTX_TRY_NUMBER='2' AIRFLOW_CTX_DAG_RUN_ID='manual__2026-03-01T08:57:21.586643+00:00'
[2026-03-01T14:32:54.182+0530] {logging_mixin.py:190} INFO - Task instance is in running state
[2026-03-01T14:32:54.182+0530] {logging_mixin.py:190} INFO -  Previous state of the Task instance: queued
[2026-03-01T14:32:54.182+0530] {logging_mixin.py:190} INFO - Current task name:run_etl state:running start_date:2026-03-01 09:02:54.066671+00:00
[2026-03-01T14:32:54.182+0530] {logging_mixin.py:190} INFO - Dag name:ecommerce_sales_pipeline and current dag run status:running
[2026-03-01T14:32:54.182+0530] {taskinstance.py:740} INFO - ::endgroup::
[2026-03-01T14:32:54.183+0530] {subprocess.py:78} INFO - Tmp dir root location: /tmp
[2026-03-01T14:32:54.183+0530] {subprocess.py:88} INFO - Running command: ['/usr/bin/bash', '-c', 'spark-submit --jars /home/jenny/Documents/2nd-sem/data-engineering/ecommerce-pipeline/jars/postgresql-42.7.3.jar /home/jenny/Documents/2nd-sem/data-engineering/ecommerce-pipeline/scripts/etl_spark.py']
[2026-03-01T14:32:54.194+0530] {subprocess.py:99} INFO - Output:
[2026-03-01T14:32:55.667+0530] {subprocess.py:106} INFO - 26/03/01 14:32:55 WARN NativeCodeLoader: Unable to load native-hadoop library for your platform... using builtin-java classes where applicable
[2026-03-01T14:32:56.463+0530] {subprocess.py:106} INFO - 26/03/01 14:32:56 INFO SparkContext: Running Spark version 3.5.0
[2026-03-01T14:32:56.463+0530] {subprocess.py:106} INFO - 26/03/01 14:32:56 INFO SparkContext: OS info Linux, 6.13.11-200.fc41.x86_64, amd64
[2026-03-01T14:32:56.464+0530] {subprocess.py:106} INFO - 26/03/01 14:32:56 INFO SparkContext: Java version 21.0.8
[2026-03-01T14:32:56.486+0530] {subprocess.py:106} INFO - 26/03/01 14:32:56 INFO ResourceUtils: ==============================================================
[2026-03-01T14:32:56.487+0530] {subprocess.py:106} INFO - 26/03/01 14:32:56 INFO ResourceUtils: No custom resources configured for spark.driver.
[2026-03-01T14:32:56.487+0530] {subprocess.py:106} INFO - 26/03/01 14:32:56 INFO ResourceUtils: ==============================================================
[2026-03-01T14:32:56.487+0530] {subprocess.py:106} INFO - 26/03/01 14:32:56 INFO SparkContext: Submitted application: EcommercePipeline
[2026-03-01T14:32:56.504+0530] {subprocess.py:106} INFO - 26/03/01 14:32:56 INFO ResourceProfile: Default ResourceProfile created, executor resources: Map(cores -> name: cores, amount: 1, script: , vendor: , memory -> name: memory, amount: 1024, script: , vendor: , offHeap -> name: offHeap, amount: 0, script: , vendor: ), task resources: Map(cpus -> name: cpus, amount: 1.0)
[2026-03-01T14:32:56.512+0530] {subprocess.py:106} INFO - 26/03/01 14:32:56 INFO ResourceProfile: Limiting resource is cpu
[2026-03-01T14:32:56.512+0530] {subprocess.py:106} INFO - 26/03/01 14:32:56 INFO ResourceProfileManager: Added ResourceProfile id: 0
[2026-03-01T14:32:56.563+0530] {subprocess.py:106} INFO - 26/03/01 14:32:56 INFO SecurityManager: Changing view acls to: jenny
[2026-03-01T14:32:56.563+0530] {subprocess.py:106} INFO - 26/03/01 14:32:56 INFO SecurityManager: Changing modify acls to: jenny
[2026-03-01T14:32:56.564+0530] {subprocess.py:106} INFO - 26/03/01 14:32:56 INFO SecurityManager: Changing view acls groups to:
[2026-03-01T14:32:56.564+0530] {subprocess.py:106} INFO - 26/03/01 14:32:56 INFO SecurityManager: Changing modify acls groups to:
[2026-03-01T14:32:56.564+0530] {subprocess.py:106} INFO - 26/03/01 14:32:56 INFO SecurityManager: SecurityManager: authentication disabled; ui acls disabled; users with view permissions: jenny; groups with view permissions: EMPTY; users with modify permissions: jenny; groups with modify permissions: EMPTY
[2026-03-01T14:32:56.720+0530] {subprocess.py:106} INFO - 26/03/01 14:32:56 INFO Utils: Successfully started service 'sparkDriver' on port 44851.
[2026-03-01T14:32:56.740+0530] {subprocess.py:106} INFO - 26/03/01 14:32:56 INFO SparkEnv: Registering MapOutputTracker
[2026-03-01T14:32:56.768+0530] {subprocess.py:106} INFO - 26/03/01 14:32:56 INFO SparkEnv: Registering BlockManagerMaster
[2026-03-01T14:32:56.783+0530] {subprocess.py:106} INFO - 26/03/01 14:32:56 INFO BlockManagerMasterEndpoint: Using org.apache.spark.storage.DefaultTopologyMapper for getting topology information
[2026-03-01T14:32:56.784+0530] {subprocess.py:106} INFO - 26/03/01 14:32:56 INFO BlockManagerMasterEndpoint: BlockManagerMasterEndpoint up
[2026-03-01T14:32:56.787+0530] {subprocess.py:106} INFO - 26/03/01 14:32:56 INFO SparkEnv: Registering BlockManagerMasterHeartbeat
[2026-03-01T14:32:56.804+0530] {subprocess.py:106} INFO - 26/03/01 14:32:56 INFO DiskBlockManager: Created local directory at /tmp/blockmgr-1185ae66-de04-486d-800b-b5996a58c5ab
[2026-03-01T14:32:56.818+0530] {subprocess.py:106} INFO - 26/03/01 14:32:56 INFO MemoryStore: MemoryStore started with capacity 434.4 MiB
[2026-03-01T14:32:56.833+0530] {subprocess.py:106} INFO - 26/03/01 14:32:56 INFO SparkEnv: Registering OutputCommitCoordinator
[2026-03-01T14:32:56.967+0530] {subprocess.py:106} INFO - 26/03/01 14:32:56 INFO JettyUtils: Start Jetty 0.0.0.0:4040 for SparkUI
[2026-03-01T14:32:57.066+0530] {subprocess.py:106} INFO - 26/03/01 14:32:57 INFO Utils: Successfully started service 'SparkUI' on port 4040.
[2026-03-01T14:32:57.105+0530] {subprocess.py:106} INFO - 26/03/01 14:32:57 INFO SparkContext: Added JAR file:///home/jenny/Documents/2nd-sem/data-engineering/ecommerce-pipeline/jars/postgresql-42.7.3.jar at spark://fedora:44851/jars/postgresql-42.7.3.jar with timestamp 1772355776457
[2026-03-01T14:32:57.166+0530] {subprocess.py:106} INFO - 26/03/01 14:32:57 INFO Executor: Starting executor ID driver on host fedora
[2026-03-01T14:32:57.167+0530] {subprocess.py:106} INFO - 26/03/01 14:32:57 INFO Executor: OS info Linux, 6.13.11-200.fc41.x86_64, amd64
[2026-03-01T14:32:57.167+0530] {subprocess.py:106} INFO - 26/03/01 14:32:57 INFO Executor: Java version 21.0.8
[2026-03-01T14:32:57.173+0530] {subprocess.py:106} INFO - 26/03/01 14:32:57 INFO Executor: Starting executor with user classpath (userClassPathFirst = false): ''
[2026-03-01T14:32:57.173+0530] {subprocess.py:106} INFO - 26/03/01 14:32:57 INFO Executor: Created or updated repl class loader org.apache.spark.util.MutableURLClassLoader@3dfce6c9 for default.
[2026-03-01T14:32:57.184+0530] {subprocess.py:106} INFO - 26/03/01 14:32:57 INFO Executor: Fetching spark://fedora:44851/jars/postgresql-42.7.3.jar with timestamp 1772355776457
[2026-03-01T14:32:57.225+0530] {subprocess.py:106} INFO - 26/03/01 14:32:57 INFO TransportClientFactory: Successfully created connection to fedora/192.168.1.6:44851 after 20 ms (0 ms spent in bootstraps)
[2026-03-01T14:32:57.233+0530] {subprocess.py:106} INFO - 26/03/01 14:32:57 INFO Utils: Fetching spark://fedora:44851/jars/postgresql-42.7.3.jar to /tmp/spark-2ee6ebc7-ab8e-48c8-8401-04e8dc2c456f/userFiles-0684b60f-1e31-41be-a4ec-cff78806a8e7/fetchFileTemp4465805230579962724.tmp
[2026-03-01T14:32:57.263+0530] {subprocess.py:106} INFO - 26/03/01 14:32:57 INFO Executor: Adding file:/tmp/spark-2ee6ebc7-ab8e-48c8-8401-04e8dc2c456f/userFiles-0684b60f-1e31-41be-a4ec-cff78806a8e7/postgresql-42.7.3.jar to class loader default
[2026-03-01T14:32:57.270+0530] {subprocess.py:106} INFO - 26/03/01 14:32:57 INFO Utils: Successfully started service 'org.apache.spark.network.netty.NettyBlockTransferService' on port 39861.
[2026-03-01T14:32:57.270+0530] {subprocess.py:106} INFO - 26/03/01 14:32:57 INFO NettyBlockTransferService: Server created on fedora:39861
[2026-03-01T14:32:57.271+0530] {subprocess.py:106} INFO - 26/03/01 14:32:57 INFO BlockManager: Using org.apache.spark.storage.RandomBlockReplicationPolicy for block replication policy
[2026-03-01T14:32:57.276+0530] {subprocess.py:106} INFO - 26/03/01 14:32:57 INFO BlockManagerMaster: Registering BlockManager BlockManagerId(driver, fedora, 39861, None)
[2026-03-01T14:32:57.280+0530] {subprocess.py:106} INFO - 26/03/01 14:32:57 INFO BlockManagerMasterEndpoint: Registering block manager fedora:39861 with 434.4 MiB RAM, BlockManagerId(driver, fedora, 39861, None)
[2026-03-01T14:32:57.282+0530] {subprocess.py:106} INFO - 26/03/01 14:32:57 INFO BlockManagerMaster: Registered BlockManager BlockManagerId(driver, fedora, 39861, None)
[2026-03-01T14:32:57.283+0530] {subprocess.py:106} INFO - 26/03/01 14:32:57 INFO BlockManager: Initialized BlockManager: BlockManagerId(driver, fedora, 39861, None)
[2026-03-01T14:32:57.558+0530] {subprocess.py:106} INFO - === Reading bronze layer ===
[2026-03-01T14:33:00.377+0530] {subprocess.py:106} INFO - 
[2026-03-01T14:33:00.377+0530] {subprocess.py:106} INFO - === Silver layer: cleaning ===
[2026-03-01T14:33:04.357+0530] {subprocess.py:106} INFO - 26/03/01 14:33:04 WARN MemoryManager: Total allocation exceeds 95.00% (1,020,054,720 bytes) of heap memory
[2026-03-01T14:33:04.357+0530] {subprocess.py:106} INFO - Scaling row group sizes to 95.00% for 8 writers
[2026-03-01T14:33:05.701+0530] {subprocess.py:106} INFO -   Silver written: /home/jenny/Documents/2nd-sem/data-engineering/ecommerce-pipeline/data_lake/silver/customers  (99441 rows)
[2026-03-01T14:33:06.850+0530] {subprocess.py:106} INFO - 26/03/01 14:33:06 WARN MemoryManager: Total allocation exceeds 95.00% (1,020,054,720 bytes) of heap memory
[2026-03-01T14:33:06.851+0530] {subprocess.py:106} INFO - Scaling row group sizes to 95.00% for 8 writers
[2026-03-01T14:33:08.612+0530] {subprocess.py:106} INFO -   Silver written: /home/jenny/Documents/2nd-sem/data-engineering/ecommerce-pipeline/data_lake/silver/orders  (99441 rows)
[2026-03-01T14:33:09.575+0530] {subprocess.py:106} INFO - 26/03/01 14:33:09 WARN MemoryManager: Total allocation exceeds 95.00% (1,020,054,720 bytes) of heap memory
[2026-03-01T14:33:09.575+0530] {subprocess.py:106} INFO - Scaling row group sizes to 95.00% for 8 writers
[2026-03-01T14:33:10.464+0530] {subprocess.py:106} INFO -   Silver written: /home/jenny/Documents/2nd-sem/data-engineering/ecommerce-pipeline/data_lake/silver/order_items  (112650 rows)
[2026-03-01T14:33:11.721+0530] {subprocess.py:106} INFO -   Silver written: /home/jenny/Documents/2nd-sem/data-engineering/ecommerce-pipeline/data_lake/silver/payments  (103886 rows)
[2026-03-01T14:33:12.550+0530] {subprocess.py:106} INFO - 26/03/01 14:33:12 WARN MemoryManager: Total allocation exceeds 95.00% (1,020,054,720 bytes) of heap memory
[2026-03-01T14:33:12.550+0530] {subprocess.py:106} INFO - Scaling row group sizes to 95.00% for 8 writers
[2026-03-01T14:33:13.273+0530] {subprocess.py:106} INFO -   Silver written: /home/jenny/Documents/2nd-sem/data-engineering/ecommerce-pipeline/data_lake/silver/reviews  (98410 rows)
[2026-03-01T14:33:13.708+0530] {subprocess.py:106} INFO - 26/03/01 14:33:13 WARN GarbageCollectionMetrics: To enable non-built-in garbage collector(s) List(G1 Concurrent GC), users should configure it(them) to spark.eventLog.gcMetrics.youngGenerationGarbageCollectors or spark.eventLog.gcMetrics.oldGenerationGarbageCollectors
[2026-03-01T14:33:14.436+0530] {subprocess.py:106} INFO -   Silver written: /home/jenny/Documents/2nd-sem/data-engineering/ecommerce-pipeline/data_lake/silver/products  (32951 rows)
[2026-03-01T14:33:14.852+0530] {subprocess.py:106} INFO -   Silver written: /home/jenny/Documents/2nd-sem/data-engineering/ecommerce-pipeline/data_lake/silver/sellers  (3095 rows)
[2026-03-01T14:33:14.852+0530] {subprocess.py:106} INFO - 
[2026-03-01T14:33:14.853+0530] {subprocess.py:106} INFO - === Gold layer: loading dimensions ===
[2026-03-01T14:33:16.211+0530] {subprocess.py:106} INFO -   Dimension upserted: dim_date
[2026-03-01T14:33:18.775+0530] {subprocess.py:106} INFO -   Dimension upserted: dim_customer
[2026-03-01T14:33:19.773+0530] {subprocess.py:106} INFO -   Dimension upserted: dim_product
[2026-03-01T14:33:20.032+0530] {subprocess.py:106} INFO -   Dimension upserted: dim_seller
[2026-03-01T14:33:20.032+0530] {subprocess.py:106} INFO - 
[2026-03-01T14:33:20.033+0530] {subprocess.py:106} INFO - === Gold layer: loading fact table ===
[2026-03-01T14:33:28.459+0530] {subprocess.py:106} INFO -   Fact table loaded: fact_sales
[2026-03-01T14:33:28.974+0530] {subprocess.py:106} INFO - 
[2026-03-01T14:33:28.975+0530] {subprocess.py:106} INFO - ETL complete.
[2026-03-01T14:33:29.167+0530] {subprocess.py:110} INFO - Command exited with return code 0
[2026-03-01T14:33:29.185+0530] {taskinstance.py:349} INFO - ::group::Post task execution logs
[2026-03-01T14:33:29.186+0530] {taskinstance.py:361} INFO - Marking task as SUCCESS. dag_id=ecommerce_sales_pipeline, task_id=run_etl, run_id=manual__2026-03-01T08:57:21.586643+00:00, execution_date=20260301T085721, start_date=20260301T090254, end_date=20260301T090329
[2026-03-01T14:33:29.211+0530] {logging_mixin.py:190} INFO - Task instance in success state
[2026-03-01T14:33:29.212+0530] {logging_mixin.py:190} INFO -  Previous state of the Task instance: running
[2026-03-01T14:33:29.212+0530] {logging_mixin.py:190} INFO - Dag name:ecommerce_sales_pipeline queued_at:2026-03-01 08:57:21.596468+00:00
[2026-03-01T14:33:29.212+0530] {logging_mixin.py:190} INFO - Task hostname:fedora operator:BashOperator
[2026-03-01T14:33:29.249+0530] {local_task_job_runner.py:266} INFO - Task exited with return code 0
[2026-03-01T14:33:29.263+0530] {taskinstance.py:3924} INFO - 0 downstream tasks scheduled from follow-on schedule check
[2026-03-01T14:33:29.264+0530] {local_task_job_runner.py:245} INFO - ::endgroup::
