[2026-03-01T14:27:30.829+0530] {local_task_job_runner.py:123} INFO - ::group::Pre task execution logs
[2026-03-01T14:27:30.840+0530] {taskinstance.py:2631} INFO - Dependencies all met for dep_context=non-requeueable deps ti=<TaskInstance: ecommerce_sales_pipeline.run_etl manual__2026-03-01T08:57:21.586643+00:00 [queued]>
[2026-03-01T14:27:30.844+0530] {taskinstance.py:2631} INFO - Dependencies all met for dep_context=requeueable deps ti=<TaskInstance: ecommerce_sales_pipeline.run_etl manual__2026-03-01T08:57:21.586643+00:00 [queued]>
[2026-03-01T14:27:30.844+0530] {taskinstance.py:2884} INFO - Starting attempt 1 of 2
[2026-03-01T14:27:30.857+0530] {taskinstance.py:2907} INFO - Executing <Task(BashOperator): run_etl> on 2026-03-01 08:57:21.586643+00:00
[2026-03-01T14:27:30.862+0530] {logging_mixin.py:190} WARNING - /home/jenny/.local/lib/python3.13/site-packages/airflow/task/task_runner/standard_task_runner.py:70 DeprecationWarning: This process (pid=226894) is multi-threaded, use of fork() may lead to deadlocks in the child.
[2026-03-01T14:27:30.863+0530] {standard_task_runner.py:72} INFO - Started process 226906 to run task
[2026-03-01T14:27:30.863+0530] {standard_task_runner.py:104} INFO - Running: ['airflow', 'tasks', 'run', 'ecommerce_sales_pipeline', 'run_etl', 'manual__2026-03-01T08:57:21.586643+00:00', '--job-id', '11', '--raw', '--subdir', 'DAGS_FOLDER/ecommerce_pipeline_dag.py', '--cfg-path', '/tmp/tmpjh5__372']
[2026-03-01T14:27:30.863+0530] {standard_task_runner.py:105} INFO - Job 11: Subtask run_etl
[2026-03-01T14:27:30.886+0530] {task_command.py:467} INFO - Running <TaskInstance: ecommerce_sales_pipeline.run_etl manual__2026-03-01T08:57:21.586643+00:00 [running]> on host fedora
[2026-03-01T14:27:30.938+0530] {taskinstance.py:3157} INFO - Exporting env vars: AIRFLOW_CTX_DAG_OWNER='data_engineering' AIRFLOW_CTX_DAG_ID='ecommerce_sales_pipeline' AIRFLOW_CTX_TASK_ID='run_etl' AIRFLOW_CTX_EXECUTION_DATE='2026-03-01T08:57:21.586643+00:00' AIRFLOW_CTX_TRY_NUMBER='1' AIRFLOW_CTX_DAG_RUN_ID='manual__2026-03-01T08:57:21.586643+00:00'
[2026-03-01T14:27:30.939+0530] {logging_mixin.py:190} INFO - Task instance is in running state
[2026-03-01T14:27:30.939+0530] {logging_mixin.py:190} INFO -  Previous state of the Task instance: queued
[2026-03-01T14:27:30.939+0530] {logging_mixin.py:190} INFO - Current task name:run_etl state:running start_date:2026-03-01 08:57:30.840508+00:00
[2026-03-01T14:27:30.939+0530] {logging_mixin.py:190} INFO - Dag name:ecommerce_sales_pipeline and current dag run status:running
[2026-03-01T14:27:30.940+0530] {taskinstance.py:740} INFO - ::endgroup::
[2026-03-01T14:27:30.940+0530] {subprocess.py:78} INFO - Tmp dir root location: /tmp
[2026-03-01T14:27:30.941+0530] {subprocess.py:88} INFO - Running command: ['/usr/bin/bash', '-c', 'spark-submit --jars /home/jenny/Documents/2nd-sem/data-engineering/ecommerce-pipeline/jars/postgresql-42.7.3.jar /home/jenny/Documents/2nd-sem/data-engineering/ecommerce-pipeline/scripts/etl_spark.py']
[2026-03-01T14:27:30.953+0530] {subprocess.py:99} INFO - Output:
[2026-03-01T14:27:32.372+0530] {subprocess.py:106} INFO - 26/03/01 14:27:32 WARN NativeCodeLoader: Unable to load native-hadoop library for your platform... using builtin-java classes where applicable
[2026-03-01T14:27:33.109+0530] {subprocess.py:106} INFO - 26/03/01 14:27:33 INFO SparkContext: Running Spark version 3.5.0
[2026-03-01T14:27:33.110+0530] {subprocess.py:106} INFO - 26/03/01 14:27:33 INFO SparkContext: OS info Linux, 6.13.11-200.fc41.x86_64, amd64
[2026-03-01T14:27:33.110+0530] {subprocess.py:106} INFO - 26/03/01 14:27:33 INFO SparkContext: Java version 21.0.8
[2026-03-01T14:27:33.132+0530] {subprocess.py:106} INFO - 26/03/01 14:27:33 INFO ResourceUtils: ==============================================================
[2026-03-01T14:27:33.133+0530] {subprocess.py:106} INFO - 26/03/01 14:27:33 INFO ResourceUtils: No custom resources configured for spark.driver.
[2026-03-01T14:27:33.133+0530] {subprocess.py:106} INFO - 26/03/01 14:27:33 INFO ResourceUtils: ==============================================================
[2026-03-01T14:27:33.133+0530] {subprocess.py:106} INFO - 26/03/01 14:27:33 INFO SparkContext: Submitted application: EcommercePipeline
[2026-03-01T14:27:33.147+0530] {subprocess.py:106} INFO - 26/03/01 14:27:33 INFO ResourceProfile: Default ResourceProfile created, executor resources: Map(cores -> name: cores, amount: 1, script: , vendor: , memory -> name: memory, amount: 1024, script: , vendor: , offHeap -> name: offHeap, amount: 0, script: , vendor: ), task resources: Map(cpus -> name: cpus, amount: 1.0)
[2026-03-01T14:27:33.153+0530] {subprocess.py:106} INFO - 26/03/01 14:27:33 INFO ResourceProfile: Limiting resource is cpu
[2026-03-01T14:27:33.154+0530] {subprocess.py:106} INFO - 26/03/01 14:27:33 INFO ResourceProfileManager: Added ResourceProfile id: 0
[2026-03-01T14:27:33.191+0530] {subprocess.py:106} INFO - 26/03/01 14:27:33 INFO SecurityManager: Changing view acls to: jenny
[2026-03-01T14:27:33.192+0530] {subprocess.py:106} INFO - 26/03/01 14:27:33 INFO SecurityManager: Changing modify acls to: jenny
[2026-03-01T14:27:33.192+0530] {subprocess.py:106} INFO - 26/03/01 14:27:33 INFO SecurityManager: Changing view acls groups to:
[2026-03-01T14:27:33.192+0530] {subprocess.py:106} INFO - 26/03/01 14:27:33 INFO SecurityManager: Changing modify acls groups to:
[2026-03-01T14:27:33.192+0530] {subprocess.py:106} INFO - 26/03/01 14:27:33 INFO SecurityManager: SecurityManager: authentication disabled; ui acls disabled; users with view permissions: jenny; groups with view permissions: EMPTY; users with modify permissions: jenny; groups with modify permissions: EMPTY
[2026-03-01T14:27:33.374+0530] {subprocess.py:106} INFO - 26/03/01 14:27:33 INFO Utils: Successfully started service 'sparkDriver' on port 46599.
[2026-03-01T14:27:33.393+0530] {subprocess.py:106} INFO - 26/03/01 14:27:33 INFO SparkEnv: Registering MapOutputTracker
[2026-03-01T14:27:33.424+0530] {subprocess.py:106} INFO - 26/03/01 14:27:33 INFO SparkEnv: Registering BlockManagerMaster
[2026-03-01T14:27:33.442+0530] {subprocess.py:106} INFO - 26/03/01 14:27:33 INFO BlockManagerMasterEndpoint: Using org.apache.spark.storage.DefaultTopologyMapper for getting topology information
[2026-03-01T14:27:33.443+0530] {subprocess.py:106} INFO - 26/03/01 14:27:33 INFO BlockManagerMasterEndpoint: BlockManagerMasterEndpoint up
[2026-03-01T14:27:33.446+0530] {subprocess.py:106} INFO - 26/03/01 14:27:33 INFO SparkEnv: Registering BlockManagerMasterHeartbeat
[2026-03-01T14:27:33.463+0530] {subprocess.py:106} INFO - 26/03/01 14:27:33 INFO DiskBlockManager: Created local directory at /tmp/blockmgr-e8093b9e-a0f7-48e2-8293-db00dca26c50
[2026-03-01T14:27:33.476+0530] {subprocess.py:106} INFO - 26/03/01 14:27:33 INFO MemoryStore: MemoryStore started with capacity 434.4 MiB
[2026-03-01T14:27:33.491+0530] {subprocess.py:106} INFO - 26/03/01 14:27:33 INFO SparkEnv: Registering OutputCommitCoordinator
[2026-03-01T14:27:33.595+0530] {subprocess.py:106} INFO - 26/03/01 14:27:33 INFO JettyUtils: Start Jetty 0.0.0.0:4040 for SparkUI
[2026-03-01T14:27:33.674+0530] {subprocess.py:106} INFO - 26/03/01 14:27:33 INFO Utils: Successfully started service 'SparkUI' on port 4040.
[2026-03-01T14:27:33.706+0530] {subprocess.py:106} INFO - 26/03/01 14:27:33 INFO SparkContext: Added JAR file:///home/jenny/Documents/2nd-sem/data-engineering/ecommerce-pipeline/jars/postgresql-42.7.3.jar at spark://fedora:46599/jars/postgresql-42.7.3.jar with timestamp 1772355453103
[2026-03-01T14:27:33.749+0530] {subprocess.py:106} INFO - 26/03/01 14:27:33 INFO Executor: Starting executor ID driver on host fedora
[2026-03-01T14:27:33.749+0530] {subprocess.py:106} INFO - 26/03/01 14:27:33 INFO Executor: OS info Linux, 6.13.11-200.fc41.x86_64, amd64
[2026-03-01T14:27:33.749+0530] {subprocess.py:106} INFO - 26/03/01 14:27:33 INFO Executor: Java version 21.0.8
[2026-03-01T14:27:33.754+0530] {subprocess.py:106} INFO - 26/03/01 14:27:33 INFO Executor: Starting executor with user classpath (userClassPathFirst = false): ''
[2026-03-01T14:27:33.755+0530] {subprocess.py:106} INFO - 26/03/01 14:27:33 INFO Executor: Created or updated repl class loader org.apache.spark.util.MutableURLClassLoader@3dfce6c9 for default.
[2026-03-01T14:27:33.765+0530] {subprocess.py:106} INFO - 26/03/01 14:27:33 INFO Executor: Fetching spark://fedora:46599/jars/postgresql-42.7.3.jar with timestamp 1772355453103
[2026-03-01T14:27:33.805+0530] {subprocess.py:106} INFO - 26/03/01 14:27:33 INFO TransportClientFactory: Successfully created connection to fedora/192.168.1.6:46599 after 18 ms (0 ms spent in bootstraps)
[2026-03-01T14:27:33.810+0530] {subprocess.py:106} INFO - 26/03/01 14:27:33 INFO Utils: Fetching spark://fedora:46599/jars/postgresql-42.7.3.jar to /tmp/spark-a794f4ee-2155-45e6-aca7-7e8067eb1a6a/userFiles-7901b6a4-ba85-4b40-9219-c1fcb01b8b1a/fetchFileTemp8359445666916259079.tmp
[2026-03-01T14:27:33.842+0530] {subprocess.py:106} INFO - 26/03/01 14:27:33 INFO Executor: Adding file:/tmp/spark-a794f4ee-2155-45e6-aca7-7e8067eb1a6a/userFiles-7901b6a4-ba85-4b40-9219-c1fcb01b8b1a/postgresql-42.7.3.jar to class loader default
[2026-03-01T14:27:33.852+0530] {subprocess.py:106} INFO - 26/03/01 14:27:33 INFO Utils: Successfully started service 'org.apache.spark.network.netty.NettyBlockTransferService' on port 37553.
[2026-03-01T14:27:33.853+0530] {subprocess.py:106} INFO - 26/03/01 14:27:33 INFO NettyBlockTransferService: Server created on fedora:37553
[2026-03-01T14:27:33.855+0530] {subprocess.py:106} INFO - 26/03/01 14:27:33 INFO BlockManager: Using org.apache.spark.storage.RandomBlockReplicationPolicy for block replication policy
[2026-03-01T14:27:33.862+0530] {subprocess.py:106} INFO - 26/03/01 14:27:33 INFO BlockManagerMaster: Registering BlockManager BlockManagerId(driver, fedora, 37553, None)
[2026-03-01T14:27:33.866+0530] {subprocess.py:106} INFO - 26/03/01 14:27:33 INFO BlockManagerMasterEndpoint: Registering block manager fedora:37553 with 434.4 MiB RAM, BlockManagerId(driver, fedora, 37553, None)
[2026-03-01T14:27:33.868+0530] {subprocess.py:106} INFO - 26/03/01 14:27:33 INFO BlockManagerMaster: Registered BlockManager BlockManagerId(driver, fedora, 37553, None)
[2026-03-01T14:27:33.869+0530] {subprocess.py:106} INFO - 26/03/01 14:27:33 INFO BlockManager: Initialized BlockManager: BlockManagerId(driver, fedora, 37553, None)
[2026-03-01T14:27:34.147+0530] {subprocess.py:106} INFO - === Reading bronze layer ===
[2026-03-01T14:27:36.889+0530] {subprocess.py:106} INFO - 
[2026-03-01T14:27:36.889+0530] {subprocess.py:106} INFO - === Silver layer: cleaning ===
[2026-03-01T14:27:41.088+0530] {subprocess.py:106} INFO - 26/03/01 14:27:41 WARN MemoryManager: Total allocation exceeds 95.00% (1,020,054,720 bytes) of heap memory
[2026-03-01T14:27:41.088+0530] {subprocess.py:106} INFO - Scaling row group sizes to 95.00% for 8 writers
[2026-03-01T14:27:42.423+0530] {subprocess.py:106} INFO -   Silver written: /home/jenny/Documents/2nd-sem/data-engineering/ecommerce-pipeline/data_lake/silver/customers  (99441 rows)
[2026-03-01T14:27:43.642+0530] {subprocess.py:106} INFO - 26/03/01 14:27:43 WARN MemoryManager: Total allocation exceeds 95.00% (1,020,054,720 bytes) of heap memory
[2026-03-01T14:27:43.642+0530] {subprocess.py:106} INFO - Scaling row group sizes to 95.00% for 8 writers
[2026-03-01T14:27:45.418+0530] {subprocess.py:106} INFO -   Silver written: /home/jenny/Documents/2nd-sem/data-engineering/ecommerce-pipeline/data_lake/silver/orders  (99441 rows)
[2026-03-01T14:27:46.575+0530] {subprocess.py:106} INFO - 26/03/01 14:27:46 WARN MemoryManager: Total allocation exceeds 95.00% (1,020,054,720 bytes) of heap memory
[2026-03-01T14:27:46.576+0530] {subprocess.py:106} INFO - Scaling row group sizes to 95.00% for 8 writers
[2026-03-01T14:27:47.528+0530] {subprocess.py:106} INFO -   Silver written: /home/jenny/Documents/2nd-sem/data-engineering/ecommerce-pipeline/data_lake/silver/order_items  (112650 rows)
[2026-03-01T14:27:48.497+0530] {subprocess.py:106} INFO - 26/03/01 14:27:48 WARN GarbageCollectionMetrics: To enable non-built-in garbage collector(s) List(G1 Concurrent GC), users should configure it(them) to spark.eventLog.gcMetrics.youngGenerationGarbageCollectors or spark.eventLog.gcMetrics.oldGenerationGarbageCollectors
[2026-03-01T14:27:48.845+0530] {subprocess.py:106} INFO -   Silver written: /home/jenny/Documents/2nd-sem/data-engineering/ecommerce-pipeline/data_lake/silver/payments  (103886 rows)
[2026-03-01T14:27:49.839+0530] {subprocess.py:106} INFO - 26/03/01 14:27:49 WARN MemoryManager: Total allocation exceeds 95.00% (1,020,054,720 bytes) of heap memory
[2026-03-01T14:27:49.839+0530] {subprocess.py:106} INFO - Scaling row group sizes to 95.00% for 8 writers
[2026-03-01T14:27:50.548+0530] {subprocess.py:106} INFO -   Silver written: /home/jenny/Documents/2nd-sem/data-engineering/ecommerce-pipeline/data_lake/silver/reviews  (98410 rows)
[2026-03-01T14:27:51.117+0530] {subprocess.py:106} INFO - Traceback (most recent call last):
[2026-03-01T14:27:51.117+0530] {subprocess.py:106} INFO -   File "/home/jenny/Documents/2nd-sem/data-engineering/ecommerce-pipeline/scripts/etl_spark.py", line 381, in <module>
[2026-03-01T14:27:51.118+0530] {subprocess.py:106} INFO -     main()
[2026-03-01T14:27:51.118+0530] {subprocess.py:106} INFO -     ~~~~^^
[2026-03-01T14:27:51.118+0530] {subprocess.py:106} INFO -   File "/home/jenny/Documents/2nd-sem/data-engineering/ecommerce-pipeline/scripts/etl_spark.py", line 359, in main
[2026-03-01T14:27:51.118+0530] {subprocess.py:106} INFO -     write_silver(products,  silver_root, "products")
[2026-03-01T14:27:51.119+0530] {subprocess.py:106} INFO -     ~~~~~~~~~~~~^^^^^^^^^^^^^^^^^^^^^^^^^^^^^^^^^^^^
[2026-03-01T14:27:51.119+0530] {subprocess.py:106} INFO -   File "/home/jenny/Documents/2nd-sem/data-engineering/ecommerce-pipeline/scripts/etl_spark.py", line 144, in write_silver
[2026-03-01T14:27:51.119+0530] {subprocess.py:106} INFO -     df.write.mode("overwrite").parquet(path)
[2026-03-01T14:27:51.119+0530] {subprocess.py:106} INFO -     ~~~~~~~~~~~~~~~~~~~~~~~~~~~~~~~~~~^^^^^^
[2026-03-01T14:27:51.119+0530] {subprocess.py:106} INFO -   File "/home/jenny/.local/lib/python3.13/site-packages/pyspark/python/lib/pyspark.zip/pyspark/sql/readwriter.py", line 1721, in parquet
[2026-03-01T14:27:51.120+0530] {subprocess.py:106} INFO -     self._jwrite.parquet(path)
[2026-03-01T14:27:51.120+0530] {subprocess.py:106} INFO -     ~~~~~~~~~~~~~~~~~~~~^^^^^^
[2026-03-01T14:27:51.120+0530] {subprocess.py:106} INFO -   File "/home/jenny/.local/lib/python3.13/site-packages/pyspark/python/lib/py4j-0.10.9.7-src.zip/py4j/java_gateway.py", line 1322, in __call__
[2026-03-01T14:27:51.120+0530] {subprocess.py:106} INFO -     return_value = get_return_value(
[2026-03-01T14:27:51.120+0530] {subprocess.py:106} INFO -         answer, self.gateway_client, self.target_id, self.name)
[2026-03-01T14:27:51.120+0530] {subprocess.py:106} INFO -   File "/home/jenny/.local/lib/python3.13/site-packages/pyspark/python/lib/pyspark.zip/pyspark/errors/exceptions/captured.py", line 185, in deco
[2026-03-01T14:27:51.121+0530] {subprocess.py:106} INFO -     raise converted from None
[2026-03-01T14:27:51.121+0530] {subprocess.py:106} INFO - pyspark.errors.exceptions.captured.AnalysisException: [COLUMN_ALREADY_EXISTS] The column `_ingestion_date` already exists. Consider to choose another name or rename the existing column.
[2026-03-01T14:27:51.322+0530] {subprocess.py:110} INFO - Command exited with return code 1
[2026-03-01T14:27:51.328+0530] {taskinstance.py:3336} ERROR - Task failed with exception
Traceback (most recent call last):
  File "/home/jenny/.local/lib/python3.13/site-packages/airflow/models/taskinstance.py", line 776, in _execute_task
    result = _execute_callable(context=context, **execute_callable_kwargs)
  File "/home/jenny/.local/lib/python3.13/site-packages/airflow/models/taskinstance.py", line 742, in _execute_callable
    return ExecutionCallableRunner(
           ~~~~~~~~~~~~~~~~~~~~~~~~
    ...<2 lines>...
        logger=log,
        ~~~~~~~~~~~
    ).run(context=context, **execute_callable_kwargs)
    ~~~~~^^^^^^^^^^^^^^^^^^^^^^^^^^^^^^^^^^^^^^^^^^^^
  File "/home/jenny/.local/lib/python3.13/site-packages/airflow/utils/operator_helpers.py", line 252, in run
    return self.func(*args, **kwargs)
           ~~~~~~~~~^^^^^^^^^^^^^^^^^
  File "/home/jenny/.local/lib/python3.13/site-packages/airflow/models/baseoperator.py", line 425, in wrapper
    return func(self, *args, **kwargs)
  File "/home/jenny/.local/lib/python3.13/site-packages/airflow/operators/bash.py", line 276, in execute
    raise AirflowException(
        f"Bash command failed. The command returned a non-zero exit code {result.exit_code}."
    )
airflow.exceptions.AirflowException: Bash command failed. The command returned a non-zero exit code 1.
[2026-03-01T14:27:51.335+0530] {logging_mixin.py:190} INFO - Task instance in failure state
[2026-03-01T14:27:51.335+0530] {logging_mixin.py:190} INFO - Task start:2026-03-01 08:57:30.840508+00:00 end:2026-03-01 08:57:51.335144+00:00 duration:20.494636
[2026-03-01T14:27:51.336+0530] {logging_mixin.py:190} INFO - Task:<Task(BashOperator): run_etl> dag:<DAG: ecommerce_sales_pipeline> dagrun:<DagRun ecommerce_sales_pipeline @ 2026-03-01 08:57:21.586643+00:00: manual__2026-03-01T08:57:21.586643+00:00, state:running, queued_at: 2026-03-01 08:57:21.596468+00:00. externally triggered: True>
[2026-03-01T14:27:51.336+0530] {logging_mixin.py:190} INFO - Failure caused by Bash command failed. The command returned a non-zero exit code 1.
[2026-03-01T14:27:51.336+0530] {taskinstance.py:1242} INFO - Marking task as UP_FOR_RETRY. dag_id=ecommerce_sales_pipeline, task_id=run_etl, run_id=manual__2026-03-01T08:57:21.586643+00:00, execution_date=20260301T085721, start_date=20260301T085730, end_date=20260301T085751
[2026-03-01T14:27:51.360+0530] {taskinstance.py:349} INFO - ::group::Post task execution logs
[2026-03-01T14:27:51.361+0530] {standard_task_runner.py:124} ERROR - Failed to execute job 11 for task run_etl (Bash command failed. The command returned a non-zero exit code 1.; 226906)
Traceback (most recent call last):
  File "/home/jenny/.local/lib/python3.13/site-packages/airflow/task/task_runner/standard_task_runner.py", line 117, in _start_by_fork
    ret = args.func(args, dag=self.dag)
  File "/home/jenny/.local/lib/python3.13/site-packages/airflow/cli/cli_config.py", line 49, in command
    return func(*args, **kwargs)
  File "/home/jenny/.local/lib/python3.13/site-packages/airflow/utils/cli.py", line 116, in wrapper
    return f(*args, **kwargs)
  File "/home/jenny/.local/lib/python3.13/site-packages/airflow/cli/commands/task_command.py", line 483, in task_run
    task_return_code = _run_task_by_selected_method(args, _dag, ti)
  File "/home/jenny/.local/lib/python3.13/site-packages/airflow/cli/commands/task_command.py", line 256, in _run_task_by_selected_method
    return _run_raw_task(args, ti)
  File "/home/jenny/.local/lib/python3.13/site-packages/airflow/cli/commands/task_command.py", line 341, in _run_raw_task
    return ti._run_raw_task(
           ~~~~~~~~~~~~~~~~^
        mark_success=args.mark_success,
        ^^^^^^^^^^^^^^^^^^^^^^^^^^^^^^^
        job_id=args.job_id,
        ^^^^^^^^^^^^^^^^^^^
        pool=args.pool,
        ^^^^^^^^^^^^^^^
    )
    ^
  File "/home/jenny/.local/lib/python3.13/site-packages/airflow/utils/session.py", line 97, in wrapper
    return func(*args, session=session, **kwargs)
  File "/home/jenny/.local/lib/python3.13/site-packages/airflow/models/taskinstance.py", line 3029, in _run_raw_task
    return _run_raw_task(
        ti=self,
    ...<5 lines>...
        session=session,
    )
  File "/home/jenny/.local/lib/python3.13/site-packages/airflow/models/taskinstance.py", line 282, in _run_raw_task
    TaskInstance._execute_task_with_callbacks(
    ~~~~~~~~~~~~~~~~~~~~~~~~~~~~~~~~~~~~~~~~~^
        self=ti,  # type: ignore[arg-type]
        ^^^^^^^^^^^^^^^^^^^^^^^^^^^^^^^^^^
    ...<2 lines>...
        session=session,
        ^^^^^^^^^^^^^^^^
    )
    ^
  File "/home/jenny/.local/lib/python3.13/site-packages/airflow/models/taskinstance.py", line 3184, in _execute_task_with_callbacks
    result = self._execute_task(context, task_orig)
  File "/home/jenny/.local/lib/python3.13/site-packages/airflow/models/taskinstance.py", line 3208, in _execute_task
    return _execute_task(self, context, task_orig)
  File "/home/jenny/.local/lib/python3.13/site-packages/airflow/models/taskinstance.py", line 776, in _execute_task
    result = _execute_callable(context=context, **execute_callable_kwargs)
  File "/home/jenny/.local/lib/python3.13/site-packages/airflow/models/taskinstance.py", line 742, in _execute_callable
    return ExecutionCallableRunner(
           ~~~~~~~~~~~~~~~~~~~~~~~~
    ...<2 lines>...
        logger=log,
        ~~~~~~~~~~~
    ).run(context=context, **execute_callable_kwargs)
    ~~~~~^^^^^^^^^^^^^^^^^^^^^^^^^^^^^^^^^^^^^^^^^^^^
  File "/home/jenny/.local/lib/python3.13/site-packages/airflow/utils/operator_helpers.py", line 252, in run
    return self.func(*args, **kwargs)
           ~~~~~~~~~^^^^^^^^^^^^^^^^^
  File "/home/jenny/.local/lib/python3.13/site-packages/airflow/models/baseoperator.py", line 425, in wrapper
    return func(self, *args, **kwargs)
  File "/home/jenny/.local/lib/python3.13/site-packages/airflow/operators/bash.py", line 276, in execute
    raise AirflowException(
        f"Bash command failed. The command returned a non-zero exit code {result.exit_code}."
    )
airflow.exceptions.AirflowException: Bash command failed. The command returned a non-zero exit code 1.
[2026-03-01T14:27:51.378+0530] {local_task_job_runner.py:266} INFO - Task exited with return code 1
[2026-03-01T14:27:51.390+0530] {taskinstance.py:3924} INFO - 0 downstream tasks scheduled from follow-on schedule check
[2026-03-01T14:27:51.390+0530] {local_task_job_runner.py:245} INFO - ::endgroup::
