[2026-03-01T14:30:33.145+0530] {local_task_job_runner.py:123} INFO - ::group::Pre task execution logs
[2026-03-01T14:30:33.156+0530] {taskinstance.py:2631} INFO - Dependencies all met for dep_context=non-requeueable deps ti=<TaskInstance: ecommerce_sales_pipeline.run_etl manual__2026-03-01T08:55:11.368661+00:00 [queued]>
[2026-03-01T14:30:33.161+0530] {taskinstance.py:2631} INFO - Dependencies all met for dep_context=requeueable deps ti=<TaskInstance: ecommerce_sales_pipeline.run_etl manual__2026-03-01T08:55:11.368661+00:00 [queued]>
[2026-03-01T14:30:33.161+0530] {taskinstance.py:2884} INFO - Starting attempt 2 of 2
[2026-03-01T14:30:33.191+0530] {taskinstance.py:2907} INFO - Executing <Task(BashOperator): run_etl> on 2026-03-01 08:55:11.368661+00:00
[2026-03-01T14:30:33.199+0530] {logging_mixin.py:190} WARNING - /home/jenny/.local/lib/python3.13/site-packages/airflow/task/task_runner/standard_task_runner.py:70 DeprecationWarning: This process (pid=230165) is multi-threaded, use of fork() may lead to deadlocks in the child.
[2026-03-01T14:30:33.200+0530] {standard_task_runner.py:72} INFO - Started process 230181 to run task
[2026-03-01T14:30:33.199+0530] {standard_task_runner.py:104} INFO - Running: ['airflow', 'tasks', 'run', 'ecommerce_sales_pipeline', 'run_etl', 'manual__2026-03-01T08:55:11.368661+00:00', '--job-id', '15', '--raw', '--subdir', 'DAGS_FOLDER/ecommerce_pipeline_dag.py', '--cfg-path', '/tmp/tmp2wvj8irs']
[2026-03-01T14:30:33.200+0530] {standard_task_runner.py:105} INFO - Job 15: Subtask run_etl
[2026-03-01T14:30:33.249+0530] {task_command.py:467} INFO - Running <TaskInstance: ecommerce_sales_pipeline.run_etl manual__2026-03-01T08:55:11.368661+00:00 [running]> on host fedora
[2026-03-01T14:30:33.307+0530] {taskinstance.py:3157} INFO - Exporting env vars: AIRFLOW_CTX_DAG_OWNER='data_engineering' AIRFLOW_CTX_DAG_ID='ecommerce_sales_pipeline' AIRFLOW_CTX_TASK_ID='run_etl' AIRFLOW_CTX_EXECUTION_DATE='2026-03-01T08:55:11.368661+00:00' AIRFLOW_CTX_TRY_NUMBER='2' AIRFLOW_CTX_DAG_RUN_ID='manual__2026-03-01T08:55:11.368661+00:00'
[2026-03-01T14:30:33.308+0530] {logging_mixin.py:190} INFO - Task instance is in running state
[2026-03-01T14:30:33.308+0530] {logging_mixin.py:190} INFO -  Previous state of the Task instance: queued
[2026-03-01T14:30:33.308+0530] {logging_mixin.py:190} INFO - Current task name:run_etl state:running start_date:2026-03-01 09:00:33.156276+00:00
[2026-03-01T14:30:33.308+0530] {logging_mixin.py:190} INFO - Dag name:ecommerce_sales_pipeline and current dag run status:running
[2026-03-01T14:30:33.309+0530] {taskinstance.py:740} INFO - ::endgroup::
[2026-03-01T14:30:33.309+0530] {subprocess.py:78} INFO - Tmp dir root location: /tmp
[2026-03-01T14:30:33.310+0530] {subprocess.py:88} INFO - Running command: ['/usr/bin/bash', '-c', 'spark-submit --jars /home/jenny/Documents/2nd-sem/data-engineering/ecommerce-pipeline/jars/postgresql-42.7.3.jar /home/jenny/Documents/2nd-sem/data-engineering/ecommerce-pipeline/scripts/etl_spark.py']
[2026-03-01T14:30:33.320+0530] {subprocess.py:99} INFO - Output:
[2026-03-01T14:30:34.849+0530] {subprocess.py:106} INFO - 26/03/01 14:30:34 WARN NativeCodeLoader: Unable to load native-hadoop library for your platform... using builtin-java classes where applicable
[2026-03-01T14:30:35.678+0530] {subprocess.py:106} INFO - 26/03/01 14:30:35 INFO SparkContext: Running Spark version 3.5.0
[2026-03-01T14:30:35.679+0530] {subprocess.py:106} INFO - 26/03/01 14:30:35 INFO SparkContext: OS info Linux, 6.13.11-200.fc41.x86_64, amd64
[2026-03-01T14:30:35.679+0530] {subprocess.py:106} INFO - 26/03/01 14:30:35 INFO SparkContext: Java version 21.0.8
[2026-03-01T14:30:35.701+0530] {subprocess.py:106} INFO - 26/03/01 14:30:35 INFO ResourceUtils: ==============================================================
[2026-03-01T14:30:35.702+0530] {subprocess.py:106} INFO - 26/03/01 14:30:35 INFO ResourceUtils: No custom resources configured for spark.driver.
[2026-03-01T14:30:35.702+0530] {subprocess.py:106} INFO - 26/03/01 14:30:35 INFO ResourceUtils: ==============================================================
[2026-03-01T14:30:35.702+0530] {subprocess.py:106} INFO - 26/03/01 14:30:35 INFO SparkContext: Submitted application: EcommercePipeline
[2026-03-01T14:30:35.719+0530] {subprocess.py:106} INFO - 26/03/01 14:30:35 INFO ResourceProfile: Default ResourceProfile created, executor resources: Map(cores -> name: cores, amount: 1, script: , vendor: , memory -> name: memory, amount: 1024, script: , vendor: , offHeap -> name: offHeap, amount: 0, script: , vendor: ), task resources: Map(cpus -> name: cpus, amount: 1.0)
[2026-03-01T14:30:35.726+0530] {subprocess.py:106} INFO - 26/03/01 14:30:35 INFO ResourceProfile: Limiting resource is cpu
[2026-03-01T14:30:35.726+0530] {subprocess.py:106} INFO - 26/03/01 14:30:35 INFO ResourceProfileManager: Added ResourceProfile id: 0
[2026-03-01T14:30:35.763+0530] {subprocess.py:106} INFO - 26/03/01 14:30:35 INFO SecurityManager: Changing view acls to: jenny
[2026-03-01T14:30:35.764+0530] {subprocess.py:106} INFO - 26/03/01 14:30:35 INFO SecurityManager: Changing modify acls to: jenny
[2026-03-01T14:30:35.764+0530] {subprocess.py:106} INFO - 26/03/01 14:30:35 INFO SecurityManager: Changing view acls groups to:
[2026-03-01T14:30:35.764+0530] {subprocess.py:106} INFO - 26/03/01 14:30:35 INFO SecurityManager: Changing modify acls groups to:
[2026-03-01T14:30:35.764+0530] {subprocess.py:106} INFO - 26/03/01 14:30:35 INFO SecurityManager: SecurityManager: authentication disabled; ui acls disabled; users with view permissions: jenny; groups with view permissions: EMPTY; users with modify permissions: jenny; groups with modify permissions: EMPTY
[2026-03-01T14:30:35.908+0530] {subprocess.py:106} INFO - 26/03/01 14:30:35 INFO Utils: Successfully started service 'sparkDriver' on port 33049.
[2026-03-01T14:30:35.927+0530] {subprocess.py:106} INFO - 26/03/01 14:30:35 INFO SparkEnv: Registering MapOutputTracker
[2026-03-01T14:30:35.961+0530] {subprocess.py:106} INFO - 26/03/01 14:30:35 INFO SparkEnv: Registering BlockManagerMaster
[2026-03-01T14:30:35.977+0530] {subprocess.py:106} INFO - 26/03/01 14:30:35 INFO BlockManagerMasterEndpoint: Using org.apache.spark.storage.DefaultTopologyMapper for getting topology information
[2026-03-01T14:30:35.977+0530] {subprocess.py:106} INFO - 26/03/01 14:30:35 INFO BlockManagerMasterEndpoint: BlockManagerMasterEndpoint up
[2026-03-01T14:30:35.981+0530] {subprocess.py:106} INFO - 26/03/01 14:30:35 INFO SparkEnv: Registering BlockManagerMasterHeartbeat
[2026-03-01T14:30:35.997+0530] {subprocess.py:106} INFO - 26/03/01 14:30:35 INFO DiskBlockManager: Created local directory at /tmp/blockmgr-024a98a1-8a37-4216-acc3-f822395d479b
[2026-03-01T14:30:36.009+0530] {subprocess.py:106} INFO - 26/03/01 14:30:36 INFO MemoryStore: MemoryStore started with capacity 434.4 MiB
[2026-03-01T14:30:36.023+0530] {subprocess.py:106} INFO - 26/03/01 14:30:36 INFO SparkEnv: Registering OutputCommitCoordinator
[2026-03-01T14:30:36.125+0530] {subprocess.py:106} INFO - 26/03/01 14:30:36 INFO JettyUtils: Start Jetty 0.0.0.0:4040 for SparkUI
[2026-03-01T14:30:36.194+0530] {subprocess.py:106} INFO - 26/03/01 14:30:36 INFO Utils: Successfully started service 'SparkUI' on port 4040.
[2026-03-01T14:30:36.232+0530] {subprocess.py:106} INFO - 26/03/01 14:30:36 INFO SparkContext: Added JAR file:///home/jenny/Documents/2nd-sem/data-engineering/ecommerce-pipeline/jars/postgresql-42.7.3.jar at spark://fedora:33049/jars/postgresql-42.7.3.jar with timestamp 1772355635672
[2026-03-01T14:30:36.287+0530] {subprocess.py:106} INFO - 26/03/01 14:30:36 INFO Executor: Starting executor ID driver on host fedora
[2026-03-01T14:30:36.288+0530] {subprocess.py:106} INFO - 26/03/01 14:30:36 INFO Executor: OS info Linux, 6.13.11-200.fc41.x86_64, amd64
[2026-03-01T14:30:36.288+0530] {subprocess.py:106} INFO - 26/03/01 14:30:36 INFO Executor: Java version 21.0.8
[2026-03-01T14:30:36.294+0530] {subprocess.py:106} INFO - 26/03/01 14:30:36 INFO Executor: Starting executor with user classpath (userClassPathFirst = false): ''
[2026-03-01T14:30:36.295+0530] {subprocess.py:106} INFO - 26/03/01 14:30:36 INFO Executor: Created or updated repl class loader org.apache.spark.util.MutableURLClassLoader@4fa67b84 for default.
[2026-03-01T14:30:36.304+0530] {subprocess.py:106} INFO - 26/03/01 14:30:36 INFO Executor: Fetching spark://fedora:33049/jars/postgresql-42.7.3.jar with timestamp 1772355635672
[2026-03-01T14:30:36.353+0530] {subprocess.py:106} INFO - 26/03/01 14:30:36 INFO TransportClientFactory: Successfully created connection to fedora/192.168.1.6:33049 after 24 ms (0 ms spent in bootstraps)
[2026-03-01T14:30:36.360+0530] {subprocess.py:106} INFO - 26/03/01 14:30:36 INFO Utils: Fetching spark://fedora:33049/jars/postgresql-42.7.3.jar to /tmp/spark-8c5bbece-7b4e-4dc8-9f74-d71af61e2d91/userFiles-57c4f80a-0a8c-43a6-a74d-cd767c4926d9/fetchFileTemp424457545551785036.tmp
[2026-03-01T14:30:36.394+0530] {subprocess.py:106} INFO - 26/03/01 14:30:36 INFO Executor: Adding file:/tmp/spark-8c5bbece-7b4e-4dc8-9f74-d71af61e2d91/userFiles-57c4f80a-0a8c-43a6-a74d-cd767c4926d9/postgresql-42.7.3.jar to class loader default
[2026-03-01T14:30:36.402+0530] {subprocess.py:106} INFO - 26/03/01 14:30:36 INFO Utils: Successfully started service 'org.apache.spark.network.netty.NettyBlockTransferService' on port 42219.
[2026-03-01T14:30:36.403+0530] {subprocess.py:106} INFO - 26/03/01 14:30:36 INFO NettyBlockTransferService: Server created on fedora:42219
[2026-03-01T14:30:36.404+0530] {subprocess.py:106} INFO - 26/03/01 14:30:36 INFO BlockManager: Using org.apache.spark.storage.RandomBlockReplicationPolicy for block replication policy
[2026-03-01T14:30:36.411+0530] {subprocess.py:106} INFO - 26/03/01 14:30:36 INFO BlockManagerMaster: Registering BlockManager BlockManagerId(driver, fedora, 42219, None)
[2026-03-01T14:30:36.415+0530] {subprocess.py:106} INFO - 26/03/01 14:30:36 INFO BlockManagerMasterEndpoint: Registering block manager fedora:42219 with 434.4 MiB RAM, BlockManagerId(driver, fedora, 42219, None)
[2026-03-01T14:30:36.418+0530] {subprocess.py:106} INFO - 26/03/01 14:30:36 INFO BlockManagerMaster: Registered BlockManager BlockManagerId(driver, fedora, 42219, None)
[2026-03-01T14:30:36.419+0530] {subprocess.py:106} INFO - 26/03/01 14:30:36 INFO BlockManager: Initialized BlockManager: BlockManagerId(driver, fedora, 42219, None)
[2026-03-01T14:30:36.709+0530] {subprocess.py:106} INFO - === Reading bronze layer ===
[2026-03-01T14:30:39.642+0530] {subprocess.py:106} INFO - 
[2026-03-01T14:30:39.643+0530] {subprocess.py:106} INFO - === Silver layer: cleaning ===
[2026-03-01T14:30:43.901+0530] {subprocess.py:106} INFO - 26/03/01 14:30:43 WARN MemoryManager: Total allocation exceeds 95.00% (1,020,054,720 bytes) of heap memory
[2026-03-01T14:30:43.902+0530] {subprocess.py:106} INFO - Scaling row group sizes to 95.00% for 8 writers
[2026-03-01T14:30:45.309+0530] {subprocess.py:106} INFO -   Silver written: /home/jenny/Documents/2nd-sem/data-engineering/ecommerce-pipeline/data_lake/silver/customers  (99441 rows)
[2026-03-01T14:30:46.471+0530] {subprocess.py:106} INFO - 26/03/01 14:30:46 WARN MemoryManager: Total allocation exceeds 95.00% (1,020,054,720 bytes) of heap memory
[2026-03-01T14:30:46.471+0530] {subprocess.py:106} INFO - Scaling row group sizes to 95.00% for 8 writers
[2026-03-01T14:30:47.750+0530] {subprocess.py:106} INFO - 26/03/01 14:30:47 WARN GarbageCollectionMetrics: To enable non-built-in garbage collector(s) List(G1 Concurrent GC), users should configure it(them) to spark.eventLog.gcMetrics.youngGenerationGarbageCollectors or spark.eventLog.gcMetrics.oldGenerationGarbageCollectors
[2026-03-01T14:30:48.464+0530] {subprocess.py:106} INFO -   Silver written: /home/jenny/Documents/2nd-sem/data-engineering/ecommerce-pipeline/data_lake/silver/orders  (99441 rows)
[2026-03-01T14:30:49.516+0530] {subprocess.py:106} INFO - 26/03/01 14:30:49 WARN MemoryManager: Total allocation exceeds 95.00% (1,020,054,720 bytes) of heap memory
[2026-03-01T14:30:49.516+0530] {subprocess.py:106} INFO - Scaling row group sizes to 95.00% for 8 writers
[2026-03-01T14:30:50.443+0530] {subprocess.py:106} INFO -   Silver written: /home/jenny/Documents/2nd-sem/data-engineering/ecommerce-pipeline/data_lake/silver/order_items  (112650 rows)
[2026-03-01T14:30:51.680+0530] {subprocess.py:106} INFO -   Silver written: /home/jenny/Documents/2nd-sem/data-engineering/ecommerce-pipeline/data_lake/silver/payments  (103886 rows)
[2026-03-01T14:30:52.512+0530] {subprocess.py:106} INFO - 26/03/01 14:30:52 WARN MemoryManager: Total allocation exceeds 95.00% (1,020,054,720 bytes) of heap memory
[2026-03-01T14:30:52.512+0530] {subprocess.py:106} INFO - Scaling row group sizes to 95.00% for 8 writers
[2026-03-01T14:30:53.206+0530] {subprocess.py:106} INFO -   Silver written: /home/jenny/Documents/2nd-sem/data-engineering/ecommerce-pipeline/data_lake/silver/reviews  (98410 rows)
[2026-03-01T14:30:54.303+0530] {subprocess.py:106} INFO -   Silver written: /home/jenny/Documents/2nd-sem/data-engineering/ecommerce-pipeline/data_lake/silver/products  (32951 rows)
[2026-03-01T14:30:54.679+0530] {subprocess.py:106} INFO -   Silver written: /home/jenny/Documents/2nd-sem/data-engineering/ecommerce-pipeline/data_lake/silver/sellers  (3095 rows)
[2026-03-01T14:30:54.679+0530] {subprocess.py:106} INFO - 
[2026-03-01T14:30:54.680+0530] {subprocess.py:106} INFO - === Gold layer: loading dimensions ===
[2026-03-01T14:30:55.914+0530] {subprocess.py:106} INFO -   Dimension upserted: dim_date
[2026-03-01T14:30:58.637+0530] {subprocess.py:106} INFO -   Dimension upserted: dim_customer
[2026-03-01T14:30:59.531+0530] {subprocess.py:106} INFO -   Dimension upserted: dim_product
[2026-03-01T14:30:59.792+0530] {subprocess.py:106} INFO -   Dimension upserted: dim_seller
[2026-03-01T14:30:59.793+0530] {subprocess.py:106} INFO - 
[2026-03-01T14:30:59.793+0530] {subprocess.py:106} INFO - === Gold layer: loading fact table ===
[2026-03-01T14:31:08.437+0530] {subprocess.py:106} INFO -   Fact table loaded: fact_sales
[2026-03-01T14:31:08.599+0530] {subprocess.py:106} INFO - 
[2026-03-01T14:31:08.600+0530] {subprocess.py:106} INFO - ETL complete.
[2026-03-01T14:31:08.745+0530] {subprocess.py:110} INFO - Command exited with return code 0
[2026-03-01T14:31:08.762+0530] {taskinstance.py:349} INFO - ::group::Post task execution logs
[2026-03-01T14:31:08.763+0530] {taskinstance.py:361} INFO - Marking task as SUCCESS. dag_id=ecommerce_sales_pipeline, task_id=run_etl, run_id=manual__2026-03-01T08:55:11.368661+00:00, execution_date=20260301T085511, start_date=20260301T090033, end_date=20260301T090108
[2026-03-01T14:31:08.783+0530] {logging_mixin.py:190} INFO - Task instance in success state
[2026-03-01T14:31:08.783+0530] {logging_mixin.py:190} INFO -  Previous state of the Task instance: running
[2026-03-01T14:31:08.784+0530] {logging_mixin.py:190} INFO - Dag name:ecommerce_sales_pipeline queued_at:2026-03-01 08:55:11.373807+00:00
[2026-03-01T14:31:08.784+0530] {logging_mixin.py:190} INFO - Task hostname:fedora operator:BashOperator
[2026-03-01T14:31:08.827+0530] {local_task_job_runner.py:266} INFO - Task exited with return code 0
[2026-03-01T14:31:08.839+0530] {taskinstance.py:3924} INFO - 0 downstream tasks scheduled from follow-on schedule check
[2026-03-01T14:31:08.840+0530] {local_task_job_runner.py:245} INFO - ::endgroup::
