[2026-03-01T14:25:20.875+0530] {local_task_job_runner.py:123} INFO - ::group::Pre task execution logs
[2026-03-01T14:25:20.886+0530] {taskinstance.py:2631} INFO - Dependencies all met for dep_context=non-requeueable deps ti=<TaskInstance: ecommerce_sales_pipeline.run_etl manual__2026-03-01T08:55:11.368661+00:00 [queued]>
[2026-03-01T14:25:20.890+0530] {taskinstance.py:2631} INFO - Dependencies all met for dep_context=requeueable deps ti=<TaskInstance: ecommerce_sales_pipeline.run_etl manual__2026-03-01T08:55:11.368661+00:00 [queued]>
[2026-03-01T14:25:20.890+0530] {taskinstance.py:2884} INFO - Starting attempt 1 of 2
[2026-03-01T14:25:20.903+0530] {taskinstance.py:2907} INFO - Executing <Task(BashOperator): run_etl> on 2026-03-01 08:55:11.368661+00:00
[2026-03-01T14:25:20.909+0530] {logging_mixin.py:190} WARNING - /home/jenny/.local/lib/python3.13/site-packages/airflow/task/task_runner/standard_task_runner.py:70 DeprecationWarning: This process (pid=221228) is multi-threaded, use of fork() may lead to deadlocks in the child.
[2026-03-01T14:25:20.909+0530] {standard_task_runner.py:72} INFO - Started process 221239 to run task
[2026-03-01T14:25:20.909+0530] {standard_task_runner.py:104} INFO - Running: ['airflow', 'tasks', 'run', 'ecommerce_sales_pipeline', 'run_etl', 'manual__2026-03-01T08:55:11.368661+00:00', '--job-id', '8', '--raw', '--subdir', 'DAGS_FOLDER/ecommerce_pipeline_dag.py', '--cfg-path', '/tmp/tmp33c1r9_k']
[2026-03-01T14:25:20.910+0530] {standard_task_runner.py:105} INFO - Job 8: Subtask run_etl
[2026-03-01T14:25:20.935+0530] {task_command.py:467} INFO - Running <TaskInstance: ecommerce_sales_pipeline.run_etl manual__2026-03-01T08:55:11.368661+00:00 [running]> on host fedora
[2026-03-01T14:25:20.979+0530] {taskinstance.py:3157} INFO - Exporting env vars: AIRFLOW_CTX_DAG_OWNER='data_engineering' AIRFLOW_CTX_DAG_ID='ecommerce_sales_pipeline' AIRFLOW_CTX_TASK_ID='run_etl' AIRFLOW_CTX_EXECUTION_DATE='2026-03-01T08:55:11.368661+00:00' AIRFLOW_CTX_TRY_NUMBER='1' AIRFLOW_CTX_DAG_RUN_ID='manual__2026-03-01T08:55:11.368661+00:00'
[2026-03-01T14:25:20.979+0530] {logging_mixin.py:190} INFO - Task instance is in running state
[2026-03-01T14:25:20.979+0530] {logging_mixin.py:190} INFO -  Previous state of the Task instance: queued
[2026-03-01T14:25:20.979+0530] {logging_mixin.py:190} INFO - Current task name:run_etl state:running start_date:2026-03-01 08:55:20.886447+00:00
[2026-03-01T14:25:20.980+0530] {logging_mixin.py:190} INFO - Dag name:ecommerce_sales_pipeline and current dag run status:running
[2026-03-01T14:25:20.980+0530] {taskinstance.py:740} INFO - ::endgroup::
[2026-03-01T14:25:20.980+0530] {subprocess.py:78} INFO - Tmp dir root location: /tmp
[2026-03-01T14:25:20.980+0530] {subprocess.py:88} INFO - Running command: ['/usr/bin/bash', '-c', 'spark-submit --jars /home/jenny/Documents/2nd-sem/data-engineering/ecommerce-pipeline/jars/postgresql-42.7.3.jar /home/jenny/Documents/2nd-sem/data-engineering/ecommerce-pipeline/scripts/etl_spark.py']
[2026-03-01T14:25:20.990+0530] {subprocess.py:99} INFO - Output:
[2026-03-01T14:25:22.488+0530] {subprocess.py:106} INFO - 26/03/01 14:25:22 WARN NativeCodeLoader: Unable to load native-hadoop library for your platform... using builtin-java classes where applicable
[2026-03-01T14:25:23.271+0530] {subprocess.py:106} INFO - 26/03/01 14:25:23 INFO SparkContext: Running Spark version 3.5.0
[2026-03-01T14:25:23.272+0530] {subprocess.py:106} INFO - 26/03/01 14:25:23 INFO SparkContext: OS info Linux, 6.13.11-200.fc41.x86_64, amd64
[2026-03-01T14:25:23.272+0530] {subprocess.py:106} INFO - 26/03/01 14:25:23 INFO SparkContext: Java version 21.0.8
[2026-03-01T14:25:23.296+0530] {subprocess.py:106} INFO - 26/03/01 14:25:23 INFO ResourceUtils: ==============================================================
[2026-03-01T14:25:23.296+0530] {subprocess.py:106} INFO - 26/03/01 14:25:23 INFO ResourceUtils: No custom resources configured for spark.driver.
[2026-03-01T14:25:23.297+0530] {subprocess.py:106} INFO - 26/03/01 14:25:23 INFO ResourceUtils: ==============================================================
[2026-03-01T14:25:23.297+0530] {subprocess.py:106} INFO - 26/03/01 14:25:23 INFO SparkContext: Submitted application: EcommercePipeline
[2026-03-01T14:25:23.314+0530] {subprocess.py:106} INFO - 26/03/01 14:25:23 INFO ResourceProfile: Default ResourceProfile created, executor resources: Map(cores -> name: cores, amount: 1, script: , vendor: , memory -> name: memory, amount: 1024, script: , vendor: , offHeap -> name: offHeap, amount: 0, script: , vendor: ), task resources: Map(cpus -> name: cpus, amount: 1.0)
[2026-03-01T14:25:23.321+0530] {subprocess.py:106} INFO - 26/03/01 14:25:23 INFO ResourceProfile: Limiting resource is cpu
[2026-03-01T14:25:23.322+0530] {subprocess.py:106} INFO - 26/03/01 14:25:23 INFO ResourceProfileManager: Added ResourceProfile id: 0
[2026-03-01T14:25:23.365+0530] {subprocess.py:106} INFO - 26/03/01 14:25:23 INFO SecurityManager: Changing view acls to: jenny
[2026-03-01T14:25:23.365+0530] {subprocess.py:106} INFO - 26/03/01 14:25:23 INFO SecurityManager: Changing modify acls to: jenny
[2026-03-01T14:25:23.366+0530] {subprocess.py:106} INFO - 26/03/01 14:25:23 INFO SecurityManager: Changing view acls groups to:
[2026-03-01T14:25:23.366+0530] {subprocess.py:106} INFO - 26/03/01 14:25:23 INFO SecurityManager: Changing modify acls groups to:
[2026-03-01T14:25:23.367+0530] {subprocess.py:106} INFO - 26/03/01 14:25:23 INFO SecurityManager: SecurityManager: authentication disabled; ui acls disabled; users with view permissions: jenny; groups with view permissions: EMPTY; users with modify permissions: jenny; groups with modify permissions: EMPTY
[2026-03-01T14:25:23.526+0530] {subprocess.py:106} INFO - 26/03/01 14:25:23 INFO Utils: Successfully started service 'sparkDriver' on port 46317.
[2026-03-01T14:25:23.551+0530] {subprocess.py:106} INFO - 26/03/01 14:25:23 INFO SparkEnv: Registering MapOutputTracker
[2026-03-01T14:25:23.580+0530] {subprocess.py:106} INFO - 26/03/01 14:25:23 INFO SparkEnv: Registering BlockManagerMaster
[2026-03-01T14:25:23.596+0530] {subprocess.py:106} INFO - 26/03/01 14:25:23 INFO BlockManagerMasterEndpoint: Using org.apache.spark.storage.DefaultTopologyMapper for getting topology information
[2026-03-01T14:25:23.597+0530] {subprocess.py:106} INFO - 26/03/01 14:25:23 INFO BlockManagerMasterEndpoint: BlockManagerMasterEndpoint up
[2026-03-01T14:25:23.601+0530] {subprocess.py:106} INFO - 26/03/01 14:25:23 INFO SparkEnv: Registering BlockManagerMasterHeartbeat
[2026-03-01T14:25:23.626+0530] {subprocess.py:106} INFO - 26/03/01 14:25:23 INFO DiskBlockManager: Created local directory at /tmp/blockmgr-8604cc7b-87d7-4459-80e2-116b772ba071
[2026-03-01T14:25:23.643+0530] {subprocess.py:106} INFO - 26/03/01 14:25:23 INFO MemoryStore: MemoryStore started with capacity 434.4 MiB
[2026-03-01T14:25:23.658+0530] {subprocess.py:106} INFO - 26/03/01 14:25:23 INFO SparkEnv: Registering OutputCommitCoordinator
[2026-03-01T14:25:23.781+0530] {subprocess.py:106} INFO - 26/03/01 14:25:23 INFO JettyUtils: Start Jetty 0.0.0.0:4040 for SparkUI
[2026-03-01T14:25:23.868+0530] {subprocess.py:106} INFO - 26/03/01 14:25:23 INFO Utils: Successfully started service 'SparkUI' on port 4040.
[2026-03-01T14:25:23.907+0530] {subprocess.py:106} INFO - 26/03/01 14:25:23 INFO SparkContext: Added JAR file:///home/jenny/Documents/2nd-sem/data-engineering/ecommerce-pipeline/jars/postgresql-42.7.3.jar at spark://fedora:46317/jars/postgresql-42.7.3.jar with timestamp 1772355323264
[2026-03-01T14:25:23.960+0530] {subprocess.py:106} INFO - 26/03/01 14:25:23 INFO Executor: Starting executor ID driver on host fedora
[2026-03-01T14:25:23.960+0530] {subprocess.py:106} INFO - 26/03/01 14:25:23 INFO Executor: OS info Linux, 6.13.11-200.fc41.x86_64, amd64
[2026-03-01T14:25:23.960+0530] {subprocess.py:106} INFO - 26/03/01 14:25:23 INFO Executor: Java version 21.0.8
[2026-03-01T14:25:23.965+0530] {subprocess.py:106} INFO - 26/03/01 14:25:23 INFO Executor: Starting executor with user classpath (userClassPathFirst = false): ''
[2026-03-01T14:25:23.966+0530] {subprocess.py:106} INFO - 26/03/01 14:25:23 INFO Executor: Created or updated repl class loader org.apache.spark.util.MutableURLClassLoader@3dfce6c9 for default.
[2026-03-01T14:25:23.975+0530] {subprocess.py:106} INFO - 26/03/01 14:25:23 INFO Executor: Fetching spark://fedora:46317/jars/postgresql-42.7.3.jar with timestamp 1772355323264
[2026-03-01T14:25:24.014+0530] {subprocess.py:106} INFO - 26/03/01 14:25:24 INFO TransportClientFactory: Successfully created connection to fedora/192.168.1.6:46317 after 17 ms (0 ms spent in bootstraps)
[2026-03-01T14:25:24.020+0530] {subprocess.py:106} INFO - 26/03/01 14:25:24 INFO Utils: Fetching spark://fedora:46317/jars/postgresql-42.7.3.jar to /tmp/spark-e4029b47-1b57-4568-b90d-07470750293d/userFiles-e2f3acf6-5ea2-46f8-a52b-b7476837c0f3/fetchFileTemp11720206052026231998.tmp
[2026-03-01T14:25:24.053+0530] {subprocess.py:106} INFO - 26/03/01 14:25:24 INFO Executor: Adding file:/tmp/spark-e4029b47-1b57-4568-b90d-07470750293d/userFiles-e2f3acf6-5ea2-46f8-a52b-b7476837c0f3/postgresql-42.7.3.jar to class loader default
[2026-03-01T14:25:24.061+0530] {subprocess.py:106} INFO - 26/03/01 14:25:24 INFO Utils: Successfully started service 'org.apache.spark.network.netty.NettyBlockTransferService' on port 37873.
[2026-03-01T14:25:24.062+0530] {subprocess.py:106} INFO - 26/03/01 14:25:24 INFO NettyBlockTransferService: Server created on fedora:37873
[2026-03-01T14:25:24.063+0530] {subprocess.py:106} INFO - 26/03/01 14:25:24 INFO BlockManager: Using org.apache.spark.storage.RandomBlockReplicationPolicy for block replication policy
[2026-03-01T14:25:24.070+0530] {subprocess.py:106} INFO - 26/03/01 14:25:24 INFO BlockManagerMaster: Registering BlockManager BlockManagerId(driver, fedora, 37873, None)
[2026-03-01T14:25:24.073+0530] {subprocess.py:106} INFO - 26/03/01 14:25:24 INFO BlockManagerMasterEndpoint: Registering block manager fedora:37873 with 434.4 MiB RAM, BlockManagerId(driver, fedora, 37873, None)
[2026-03-01T14:25:24.075+0530] {subprocess.py:106} INFO - 26/03/01 14:25:24 INFO BlockManagerMaster: Registered BlockManager BlockManagerId(driver, fedora, 37873, None)
[2026-03-01T14:25:24.076+0530] {subprocess.py:106} INFO - 26/03/01 14:25:24 INFO BlockManager: Initialized BlockManager: BlockManagerId(driver, fedora, 37873, None)
[2026-03-01T14:25:24.432+0530] {subprocess.py:106} INFO - === Reading bronze layer ===
[2026-03-01T14:25:27.393+0530] {subprocess.py:106} INFO - 
[2026-03-01T14:25:27.394+0530] {subprocess.py:106} INFO - === Silver layer: cleaning ===
[2026-03-01T14:25:30.639+0530] {subprocess.py:106} INFO - Traceback (most recent call last):
[2026-03-01T14:25:30.640+0530] {subprocess.py:106} INFO -   File "/home/jenny/Documents/2nd-sem/data-engineering/ecommerce-pipeline/scripts/etl_spark.py", line 378, in <module>
[2026-03-01T14:25:30.640+0530] {subprocess.py:106} INFO -     main()
[2026-03-01T14:25:30.640+0530] {subprocess.py:106} INFO -     ~~~~^^
[2026-03-01T14:25:30.641+0530] {subprocess.py:106} INFO -   File "/home/jenny/Documents/2nd-sem/data-engineering/ecommerce-pipeline/scripts/etl_spark.py", line 348, in main
[2026-03-01T14:25:30.641+0530] {subprocess.py:106} INFO -     products  = clean_products(products_raw, translations)
[2026-03-01T14:25:30.641+0530] {subprocess.py:106} INFO -   File "/home/jenny/Documents/2nd-sem/data-engineering/ecommerce-pipeline/scripts/etl_spark.py", line 119, in clean_products
[2026-03-01T14:25:30.641+0530] {subprocess.py:106} INFO -     df = df.join(
[2026-03-01T14:25:30.641+0530] {subprocess.py:106} INFO -          ~~~~~~~^
[2026-03-01T14:25:30.641+0530] {subprocess.py:106} INFO -         translations.withColumnRenamed("product_category_name", "product_category_name_pt"),
[2026-03-01T14:25:30.642+0530] {subprocess.py:106} INFO -         ^^^^^^^^^^^^^^^^^^^^^^^^^^^^^^^^^^^^^^^^^^^^^^^^^^^^^^^^^^^^^^^^^^^^^^^^^^^^^^^^^^^^
[2026-03-01T14:25:30.642+0530] {subprocess.py:106} INFO -         df["product_category_name"] == translations["product_category_name"],
[2026-03-01T14:25:30.642+0530] {subprocess.py:106} INFO -         ^^^^^^^^^^^^^^^^^^^^^^^^^^^^^^^^^^^^^^^^^^^^^^^^^^^^^^^^^^^^^^^^^^^^^
[2026-03-01T14:25:30.642+0530] {subprocess.py:106} INFO -         "left",
[2026-03-01T14:25:30.642+0530] {subprocess.py:106} INFO -         ^^^^^^^
[2026-03-01T14:25:30.642+0530] {subprocess.py:106} INFO -     ).drop("product_category_name")
[2026-03-01T14:25:30.643+0530] {subprocess.py:106} INFO -     ^
[2026-03-01T14:25:30.643+0530] {subprocess.py:106} INFO -   File "/home/jenny/.local/lib/python3.13/site-packages/pyspark/python/lib/pyspark.zip/pyspark/sql/dataframe.py", line 2487, in join
[2026-03-01T14:25:30.643+0530] {subprocess.py:106} INFO -     jdf = self._jdf.join(other._jdf, on, how)
[2026-03-01T14:25:30.643+0530] {subprocess.py:106} INFO -   File "/home/jenny/.local/lib/python3.13/site-packages/pyspark/python/lib/py4j-0.10.9.7-src.zip/py4j/java_gateway.py", line 1322, in __call__
[2026-03-01T14:25:30.643+0530] {subprocess.py:106} INFO -     return_value = get_return_value(
[2026-03-01T14:25:30.644+0530] {subprocess.py:106} INFO -         answer, self.gateway_client, self.target_id, self.name)
[2026-03-01T14:25:30.644+0530] {subprocess.py:106} INFO -   File "/home/jenny/.local/lib/python3.13/site-packages/pyspark/python/lib/pyspark.zip/pyspark/errors/exceptions/captured.py", line 185, in deco
[2026-03-01T14:25:30.644+0530] {subprocess.py:106} INFO -     raise converted from None
[2026-03-01T14:25:30.644+0530] {subprocess.py:106} INFO - pyspark.errors.exceptions.captured.AnalysisException: [MISSING_ATTRIBUTES.RESOLVED_ATTRIBUTE_APPEAR_IN_OPERATION] Resolved attribute(s) "product_category_name" missing from "product_id", "product_category_name", "product_name_lenght", "product_description_lenght", "product_photos_qty", "product_weight_g", "product_length_cm", "product_height_cm", "product_width_cm", "_ingestion_date", "product_category_name_pt", "product_category_name_english", "_ingestion_date" in operator !Join LeftOuter, (product_category_name#75 = product_category_name#104). Attribute(s) with the same name appear in the operation: "product_category_name".
[2026-03-01T14:25:30.644+0530] {subprocess.py:106} INFO - Please check if the right attribute(s) are used.;
[2026-03-01T14:25:30.644+0530] {subprocess.py:106} INFO - !Join LeftOuter, (product_category_name#75 = product_category_name#104)
[2026-03-01T14:25:30.645+0530] {subprocess.py:106} INFO - :- Project [product_id#74, product_category_name#75, product_name_lenght#76, product_description_lenght#77, product_photos_qty#78, cast(product_weight_g#79 as double) AS product_weight_g#313, product_length_cm#80, product_height_cm#81, product_width_cm#82, _ingestion_date#83]
[2026-03-01T14:25:30.645+0530] {subprocess.py:106} INFO - :  +- Filter atleastnnonnulls(1, product_id#74)
[2026-03-01T14:25:30.645+0530] {subprocess.py:106} INFO - :     +- Deduplicate [product_id#74]
[2026-03-01T14:25:30.645+0530] {subprocess.py:106} INFO - :        +- Relation [product_id#74,product_category_name#75,product_name_lenght#76,product_description_lenght#77,product_photos_qty#78,product_weight_g#79,product_length_cm#80,product_height_cm#81,product_width_cm#82,_ingestion_date#83] parquet
[2026-03-01T14:25:30.645+0530] {subprocess.py:106} INFO - +- Project [product_category_name#104 AS product_category_name_pt#324, product_category_name_english#105, _ingestion_date#106]
[2026-03-01T14:25:30.645+0530] {subprocess.py:106} INFO -    +- Relation [product_category_name#104,product_category_name_english#105,_ingestion_date#106] parquet
[2026-03-01T14:25:30.646+0530] {subprocess.py:106} INFO - 
[2026-03-01T14:25:30.796+0530] {subprocess.py:110} INFO - Command exited with return code 1
[2026-03-01T14:25:30.804+0530] {taskinstance.py:3336} ERROR - Task failed with exception
Traceback (most recent call last):
  File "/home/jenny/.local/lib/python3.13/site-packages/airflow/models/taskinstance.py", line 776, in _execute_task
    result = _execute_callable(context=context, **execute_callable_kwargs)
  File "/home/jenny/.local/lib/python3.13/site-packages/airflow/models/taskinstance.py", line 742, in _execute_callable
    return ExecutionCallableRunner(
           ~~~~~~~~~~~~~~~~~~~~~~~~
    ...<2 lines>...
        logger=log,
        ~~~~~~~~~~~
    ).run(context=context, **execute_callable_kwargs)
    ~~~~~^^^^^^^^^^^^^^^^^^^^^^^^^^^^^^^^^^^^^^^^^^^^
  File "/home/jenny/.local/lib/python3.13/site-packages/airflow/utils/operator_helpers.py", line 252, in run
    return self.func(*args, **kwargs)
           ~~~~~~~~~^^^^^^^^^^^^^^^^^
  File "/home/jenny/.local/lib/python3.13/site-packages/airflow/models/baseoperator.py", line 425, in wrapper
    return func(self, *args, **kwargs)
  File "/home/jenny/.local/lib/python3.13/site-packages/airflow/operators/bash.py", line 276, in execute
    raise AirflowException(
        f"Bash command failed. The command returned a non-zero exit code {result.exit_code}."
    )
airflow.exceptions.AirflowException: Bash command failed. The command returned a non-zero exit code 1.
[2026-03-01T14:25:30.810+0530] {logging_mixin.py:190} INFO - Task instance in failure state
[2026-03-01T14:25:30.810+0530] {logging_mixin.py:190} INFO - Task start:2026-03-01 08:55:20.886447+00:00 end:2026-03-01 08:55:30.809913+00:00 duration:9.923466
[2026-03-01T14:25:30.810+0530] {logging_mixin.py:190} INFO - Task:<Task(BashOperator): run_etl> dag:<DAG: ecommerce_sales_pipeline> dagrun:<DagRun ecommerce_sales_pipeline @ 2026-03-01 08:55:11.368661+00:00: manual__2026-03-01T08:55:11.368661+00:00, state:running, queued_at: 2026-03-01 08:55:11.373807+00:00. externally triggered: True>
[2026-03-01T14:25:30.810+0530] {logging_mixin.py:190} INFO - Failure caused by Bash command failed. The command returned a non-zero exit code 1.
[2026-03-01T14:25:30.811+0530] {taskinstance.py:1242} INFO - Marking task as UP_FOR_RETRY. dag_id=ecommerce_sales_pipeline, task_id=run_etl, run_id=manual__2026-03-01T08:55:11.368661+00:00, execution_date=20260301T085511, start_date=20260301T085520, end_date=20260301T085530
[2026-03-01T14:25:30.836+0530] {taskinstance.py:349} INFO - ::group::Post task execution logs
[2026-03-01T14:25:30.837+0530] {standard_task_runner.py:124} ERROR - Failed to execute job 8 for task run_etl (Bash command failed. The command returned a non-zero exit code 1.; 221239)
Traceback (most recent call last):
  File "/home/jenny/.local/lib/python3.13/site-packages/airflow/task/task_runner/standard_task_runner.py", line 117, in _start_by_fork
    ret = args.func(args, dag=self.dag)
  File "/home/jenny/.local/lib/python3.13/site-packages/airflow/cli/cli_config.py", line 49, in command
    return func(*args, **kwargs)
  File "/home/jenny/.local/lib/python3.13/site-packages/airflow/utils/cli.py", line 116, in wrapper
    return f(*args, **kwargs)
  File "/home/jenny/.local/lib/python3.13/site-packages/airflow/cli/commands/task_command.py", line 483, in task_run
    task_return_code = _run_task_by_selected_method(args, _dag, ti)
  File "/home/jenny/.local/lib/python3.13/site-packages/airflow/cli/commands/task_command.py", line 256, in _run_task_by_selected_method
    return _run_raw_task(args, ti)
  File "/home/jenny/.local/lib/python3.13/site-packages/airflow/cli/commands/task_command.py", line 341, in _run_raw_task
    return ti._run_raw_task(
           ~~~~~~~~~~~~~~~~^
        mark_success=args.mark_success,
        ^^^^^^^^^^^^^^^^^^^^^^^^^^^^^^^
        job_id=args.job_id,
        ^^^^^^^^^^^^^^^^^^^
        pool=args.pool,
        ^^^^^^^^^^^^^^^
    )
    ^
  File "/home/jenny/.local/lib/python3.13/site-packages/airflow/utils/session.py", line 97, in wrapper
    return func(*args, session=session, **kwargs)
  File "/home/jenny/.local/lib/python3.13/site-packages/airflow/models/taskinstance.py", line 3029, in _run_raw_task
    return _run_raw_task(
        ti=self,
    ...<5 lines>...
        session=session,
    )
  File "/home/jenny/.local/lib/python3.13/site-packages/airflow/models/taskinstance.py", line 282, in _run_raw_task
    TaskInstance._execute_task_with_callbacks(
    ~~~~~~~~~~~~~~~~~~~~~~~~~~~~~~~~~~~~~~~~~^
        self=ti,  # type: ignore[arg-type]
        ^^^^^^^^^^^^^^^^^^^^^^^^^^^^^^^^^^
    ...<2 lines>...
        session=session,
        ^^^^^^^^^^^^^^^^
    )
    ^
  File "/home/jenny/.local/lib/python3.13/site-packages/airflow/models/taskinstance.py", line 3184, in _execute_task_with_callbacks
    result = self._execute_task(context, task_orig)
  File "/home/jenny/.local/lib/python3.13/site-packages/airflow/models/taskinstance.py", line 3208, in _execute_task
    return _execute_task(self, context, task_orig)
  File "/home/jenny/.local/lib/python3.13/site-packages/airflow/models/taskinstance.py", line 776, in _execute_task
    result = _execute_callable(context=context, **execute_callable_kwargs)
  File "/home/jenny/.local/lib/python3.13/site-packages/airflow/models/taskinstance.py", line 742, in _execute_callable
    return ExecutionCallableRunner(
           ~~~~~~~~~~~~~~~~~~~~~~~~
    ...<2 lines>...
        logger=log,
        ~~~~~~~~~~~
    ).run(context=context, **execute_callable_kwargs)
    ~~~~~^^^^^^^^^^^^^^^^^^^^^^^^^^^^^^^^^^^^^^^^^^^^
  File "/home/jenny/.local/lib/python3.13/site-packages/airflow/utils/operator_helpers.py", line 252, in run
    return self.func(*args, **kwargs)
           ~~~~~~~~~^^^^^^^^^^^^^^^^^
  File "/home/jenny/.local/lib/python3.13/site-packages/airflow/models/baseoperator.py", line 425, in wrapper
    return func(self, *args, **kwargs)
  File "/home/jenny/.local/lib/python3.13/site-packages/airflow/operators/bash.py", line 276, in execute
    raise AirflowException(
        f"Bash command failed. The command returned a non-zero exit code {result.exit_code}."
    )
airflow.exceptions.AirflowException: Bash command failed. The command returned a non-zero exit code 1.
[2026-03-01T14:25:30.859+0530] {local_task_job_runner.py:266} INFO - Task exited with return code 1
[2026-03-01T14:25:30.869+0530] {taskinstance.py:3924} INFO - 0 downstream tasks scheduled from follow-on schedule check
[2026-03-01T14:25:30.869+0530] {local_task_job_runner.py:245} INFO - ::endgroup::
