[2026-03-01T14:15:30.633+0530] {processor.py:186} INFO - Started process (PID=213307) to work on /home/jenny/.local/lib/python3.13/site-packages/airflow/example_dags/example_dag_decorator.py
[2026-03-01T14:15:30.633+0530] {processor.py:914} INFO - Processing file /home/jenny/.local/lib/python3.13/site-packages/airflow/example_dags/example_dag_decorator.py for tasks to queue
[2026-03-01T14:15:30.635+0530] {logging_mixin.py:190} INFO - [2026-03-01T14:15:30.635+0530] {dagbag.py:588} INFO - Filling up the DagBag from /home/jenny/.local/lib/python3.13/site-packages/airflow/example_dags/example_dag_decorator.py
[2026-03-01T14:15:30.665+0530] {processor.py:925} INFO - DAG(s) 'example_dag_decorator' retrieved from /home/jenny/.local/lib/python3.13/site-packages/airflow/example_dags/example_dag_decorator.py
[2026-03-01T14:15:30.979+0530] {logging_mixin.py:190} INFO - [2026-03-01T14:15:30.978+0530] {override.py:1932} INFO - Created Permission View: can read on DAG:example_dag_decorator
[2026-03-01T14:15:31.087+0530] {logging_mixin.py:190} INFO - [2026-03-01T14:15:31.087+0530] {override.py:1932} INFO - Created Permission View: can delete on DAG:example_dag_decorator
[2026-03-01T14:15:31.102+0530] {logging_mixin.py:190} INFO - [2026-03-01T14:15:31.102+0530] {override.py:1932} INFO - Created Permission View: can edit on DAG:example_dag_decorator
[2026-03-01T14:15:31.139+0530] {logging_mixin.py:190} INFO - [2026-03-01T14:15:31.139+0530] {override.py:1932} INFO - Created Permission View: can read on DAG Run:example_dag_decorator
[2026-03-01T14:15:31.170+0530] {logging_mixin.py:190} INFO - [2026-03-01T14:15:31.170+0530] {override.py:1932} INFO - Created Permission View: menu access on DAG Run:example_dag_decorator
[2026-03-01T14:15:31.294+0530] {logging_mixin.py:190} INFO - [2026-03-01T14:15:31.293+0530] {override.py:1932} INFO - Created Permission View: can create on DAG Run:example_dag_decorator
[2026-03-01T14:15:31.325+0530] {logging_mixin.py:190} INFO - [2026-03-01T14:15:31.324+0530] {override.py:1932} INFO - Created Permission View: can delete on DAG Run:example_dag_decorator
[2026-03-01T14:15:31.325+0530] {logging_mixin.py:190} INFO - [2026-03-01T14:15:31.325+0530] {dag.py:3239} INFO - Sync 1 DAGs
[2026-03-01T14:15:31.334+0530] {logging_mixin.py:190} INFO - [2026-03-01T14:15:31.334+0530] {dag.py:3262} INFO - Creating ORM DAG for example_dag_decorator
[2026-03-01T14:15:31.334+0530] {logging_mixin.py:190} INFO - [2026-03-01T14:15:31.334+0530] {dag.py:4180} INFO - Setting next_dagrun for example_dag_decorator to None, run_after=None
[2026-03-01T14:15:31.411+0530] {processor.py:208} INFO - Processing /home/jenny/.local/lib/python3.13/site-packages/airflow/example_dags/example_dag_decorator.py took 0.781 seconds
[2026-03-01T14:16:30.549+0530] {processor.py:186} INFO - Started process (PID=213931) to work on /home/jenny/.local/lib/python3.13/site-packages/airflow/example_dags/example_dag_decorator.py
[2026-03-01T14:16:30.550+0530] {processor.py:914} INFO - Processing file /home/jenny/.local/lib/python3.13/site-packages/airflow/example_dags/example_dag_decorator.py for tasks to queue
[2026-03-01T14:16:30.553+0530] {logging_mixin.py:190} INFO - [2026-03-01T14:16:30.553+0530] {dagbag.py:588} INFO - Filling up the DagBag from /home/jenny/.local/lib/python3.13/site-packages/airflow/example_dags/example_dag_decorator.py
[2026-03-01T14:16:30.577+0530] {processor.py:925} INFO - DAG(s) 'example_dag_decorator' retrieved from /home/jenny/.local/lib/python3.13/site-packages/airflow/example_dags/example_dag_decorator.py
[2026-03-01T14:16:30.640+0530] {logging_mixin.py:190} INFO - [2026-03-01T14:16:30.639+0530] {dag.py:3239} INFO - Sync 1 DAGs
[2026-03-01T14:16:30.646+0530] {logging_mixin.py:190} INFO - [2026-03-01T14:16:30.646+0530] {dag.py:4180} INFO - Setting next_dagrun for example_dag_decorator to None, run_after=None
[2026-03-01T14:16:30.663+0530] {processor.py:208} INFO - Processing /home/jenny/.local/lib/python3.13/site-packages/airflow/example_dags/example_dag_decorator.py took 0.120 seconds
[2026-03-01T14:17:25.012+0530] {processor.py:186} INFO - Started process (PID=215125) to work on /home/jenny/.local/lib/python3.13/site-packages/airflow/example_dags/example_dag_decorator.py
[2026-03-01T14:17:25.013+0530] {processor.py:914} INFO - Processing file /home/jenny/.local/lib/python3.13/site-packages/airflow/example_dags/example_dag_decorator.py for tasks to queue
[2026-03-01T14:17:25.016+0530] {logging_mixin.py:190} INFO - [2026-03-01T14:17:25.016+0530] {dagbag.py:588} INFO - Filling up the DagBag from /home/jenny/.local/lib/python3.13/site-packages/airflow/example_dags/example_dag_decorator.py
[2026-03-01T14:17:25.043+0530] {processor.py:925} INFO - DAG(s) 'example_dag_decorator' retrieved from /home/jenny/.local/lib/python3.13/site-packages/airflow/example_dags/example_dag_decorator.py
[2026-03-01T14:17:25.102+0530] {logging_mixin.py:190} INFO - [2026-03-01T14:17:25.101+0530] {dag.py:3239} INFO - Sync 1 DAGs
[2026-03-01T14:17:25.108+0530] {logging_mixin.py:190} INFO - [2026-03-01T14:17:25.108+0530] {dag.py:4180} INFO - Setting next_dagrun for example_dag_decorator to None, run_after=None
[2026-03-01T14:17:25.124+0530] {processor.py:208} INFO - Processing /home/jenny/.local/lib/python3.13/site-packages/airflow/example_dags/example_dag_decorator.py took 0.118 seconds
[2026-03-01T14:18:46.413+0530] {processor.py:186} INFO - Started process (PID=215699) to work on /home/jenny/.local/lib/python3.13/site-packages/airflow/example_dags/example_dag_decorator.py
[2026-03-01T14:18:46.415+0530] {processor.py:914} INFO - Processing file /home/jenny/.local/lib/python3.13/site-packages/airflow/example_dags/example_dag_decorator.py for tasks to queue
[2026-03-01T14:18:46.418+0530] {logging_mixin.py:190} INFO - [2026-03-01T14:18:46.417+0530] {dagbag.py:588} INFO - Filling up the DagBag from /home/jenny/.local/lib/python3.13/site-packages/airflow/example_dags/example_dag_decorator.py
[2026-03-01T14:18:46.441+0530] {processor.py:925} INFO - DAG(s) 'example_dag_decorator' retrieved from /home/jenny/.local/lib/python3.13/site-packages/airflow/example_dags/example_dag_decorator.py
[2026-03-01T14:18:46.506+0530] {logging_mixin.py:190} INFO - [2026-03-01T14:18:46.505+0530] {dag.py:3239} INFO - Sync 1 DAGs
[2026-03-01T14:18:46.512+0530] {logging_mixin.py:190} INFO - [2026-03-01T14:18:46.512+0530] {dag.py:4180} INFO - Setting next_dagrun for example_dag_decorator to None, run_after=None
[2026-03-01T14:18:46.527+0530] {processor.py:208} INFO - Processing /home/jenny/.local/lib/python3.13/site-packages/airflow/example_dags/example_dag_decorator.py took 0.119 seconds
[2026-03-01T14:19:47.260+0530] {processor.py:186} INFO - Started process (PID=216581) to work on /home/jenny/.local/lib/python3.13/site-packages/airflow/example_dags/example_dag_decorator.py
[2026-03-01T14:19:47.261+0530] {processor.py:914} INFO - Processing file /home/jenny/.local/lib/python3.13/site-packages/airflow/example_dags/example_dag_decorator.py for tasks to queue
[2026-03-01T14:19:47.263+0530] {logging_mixin.py:190} INFO - [2026-03-01T14:19:47.263+0530] {dagbag.py:588} INFO - Filling up the DagBag from /home/jenny/.local/lib/python3.13/site-packages/airflow/example_dags/example_dag_decorator.py
[2026-03-01T14:19:47.286+0530] {processor.py:925} INFO - DAG(s) 'example_dag_decorator' retrieved from /home/jenny/.local/lib/python3.13/site-packages/airflow/example_dags/example_dag_decorator.py
[2026-03-01T14:19:47.349+0530] {logging_mixin.py:190} INFO - [2026-03-01T14:19:47.349+0530] {dag.py:3239} INFO - Sync 1 DAGs
[2026-03-01T14:19:47.356+0530] {logging_mixin.py:190} INFO - [2026-03-01T14:19:47.355+0530] {dag.py:4180} INFO - Setting next_dagrun for example_dag_decorator to None, run_after=None
[2026-03-01T14:19:47.371+0530] {processor.py:208} INFO - Processing /home/jenny/.local/lib/python3.13/site-packages/airflow/example_dags/example_dag_decorator.py took 0.115 seconds
[2026-03-01T14:20:46.709+0530] {processor.py:186} INFO - Started process (PID=216765) to work on /home/jenny/.local/lib/python3.13/site-packages/airflow/example_dags/example_dag_decorator.py
[2026-03-01T14:20:46.710+0530] {processor.py:914} INFO - Processing file /home/jenny/.local/lib/python3.13/site-packages/airflow/example_dags/example_dag_decorator.py for tasks to queue
[2026-03-01T14:20:46.712+0530] {logging_mixin.py:190} INFO - [2026-03-01T14:20:46.711+0530] {dagbag.py:588} INFO - Filling up the DagBag from /home/jenny/.local/lib/python3.13/site-packages/airflow/example_dags/example_dag_decorator.py
[2026-03-01T14:20:46.741+0530] {processor.py:925} INFO - DAG(s) 'example_dag_decorator' retrieved from /home/jenny/.local/lib/python3.13/site-packages/airflow/example_dags/example_dag_decorator.py
[2026-03-01T14:20:46.808+0530] {logging_mixin.py:190} INFO - [2026-03-01T14:20:46.808+0530] {dag.py:3239} INFO - Sync 1 DAGs
[2026-03-01T14:20:46.815+0530] {logging_mixin.py:190} INFO - [2026-03-01T14:20:46.815+0530] {dag.py:4180} INFO - Setting next_dagrun for example_dag_decorator to None, run_after=None
[2026-03-01T14:20:46.832+0530] {processor.py:208} INFO - Processing /home/jenny/.local/lib/python3.13/site-packages/airflow/example_dags/example_dag_decorator.py took 0.126 seconds
[2026-03-01T14:21:43.520+0530] {processor.py:186} INFO - Started process (PID=216933) to work on /home/jenny/.local/lib/python3.13/site-packages/airflow/example_dags/example_dag_decorator.py
[2026-03-01T14:21:43.521+0530] {processor.py:914} INFO - Processing file /home/jenny/.local/lib/python3.13/site-packages/airflow/example_dags/example_dag_decorator.py for tasks to queue
[2026-03-01T14:21:43.524+0530] {logging_mixin.py:190} INFO - [2026-03-01T14:21:43.523+0530] {dagbag.py:588} INFO - Filling up the DagBag from /home/jenny/.local/lib/python3.13/site-packages/airflow/example_dags/example_dag_decorator.py
[2026-03-01T14:21:43.552+0530] {processor.py:925} INFO - DAG(s) 'example_dag_decorator' retrieved from /home/jenny/.local/lib/python3.13/site-packages/airflow/example_dags/example_dag_decorator.py
[2026-03-01T14:21:43.619+0530] {logging_mixin.py:190} INFO - [2026-03-01T14:21:43.619+0530] {dag.py:3239} INFO - Sync 1 DAGs
[2026-03-01T14:21:43.626+0530] {logging_mixin.py:190} INFO - [2026-03-01T14:21:43.625+0530] {dag.py:4180} INFO - Setting next_dagrun for example_dag_decorator to None, run_after=None
[2026-03-01T14:21:43.643+0530] {processor.py:208} INFO - Processing /home/jenny/.local/lib/python3.13/site-packages/airflow/example_dags/example_dag_decorator.py took 0.127 seconds
[2026-03-01T14:22:38.051+0530] {processor.py:186} INFO - Started process (PID=218409) to work on /home/jenny/.local/lib/python3.13/site-packages/airflow/example_dags/example_dag_decorator.py
[2026-03-01T14:22:38.052+0530] {processor.py:914} INFO - Processing file /home/jenny/.local/lib/python3.13/site-packages/airflow/example_dags/example_dag_decorator.py for tasks to queue
[2026-03-01T14:22:38.055+0530] {logging_mixin.py:190} INFO - [2026-03-01T14:22:38.054+0530] {dagbag.py:588} INFO - Filling up the DagBag from /home/jenny/.local/lib/python3.13/site-packages/airflow/example_dags/example_dag_decorator.py
[2026-03-01T14:22:38.077+0530] {processor.py:925} INFO - DAG(s) 'example_dag_decorator' retrieved from /home/jenny/.local/lib/python3.13/site-packages/airflow/example_dags/example_dag_decorator.py
[2026-03-01T14:22:38.139+0530] {logging_mixin.py:190} INFO - [2026-03-01T14:22:38.139+0530] {dag.py:3239} INFO - Sync 1 DAGs
[2026-03-01T14:22:38.146+0530] {logging_mixin.py:190} INFO - [2026-03-01T14:22:38.146+0530] {dag.py:4180} INFO - Setting next_dagrun for example_dag_decorator to None, run_after=None
[2026-03-01T14:22:38.162+0530] {processor.py:208} INFO - Processing /home/jenny/.local/lib/python3.13/site-packages/airflow/example_dags/example_dag_decorator.py took 0.116 seconds
[2026-03-01T14:23:35.096+0530] {processor.py:186} INFO - Started process (PID=219813) to work on /home/jenny/.local/lib/python3.13/site-packages/airflow/example_dags/example_dag_decorator.py
[2026-03-01T14:23:35.097+0530] {processor.py:914} INFO - Processing file /home/jenny/.local/lib/python3.13/site-packages/airflow/example_dags/example_dag_decorator.py for tasks to queue
[2026-03-01T14:23:35.098+0530] {logging_mixin.py:190} INFO - [2026-03-01T14:23:35.098+0530] {dagbag.py:588} INFO - Filling up the DagBag from /home/jenny/.local/lib/python3.13/site-packages/airflow/example_dags/example_dag_decorator.py
[2026-03-01T14:23:35.121+0530] {processor.py:925} INFO - DAG(s) 'example_dag_decorator' retrieved from /home/jenny/.local/lib/python3.13/site-packages/airflow/example_dags/example_dag_decorator.py
[2026-03-01T14:23:35.181+0530] {logging_mixin.py:190} INFO - [2026-03-01T14:23:35.180+0530] {dag.py:3239} INFO - Sync 1 DAGs
[2026-03-01T14:23:35.187+0530] {logging_mixin.py:190} INFO - [2026-03-01T14:23:35.187+0530] {dag.py:4180} INFO - Setting next_dagrun for example_dag_decorator to None, run_after=None
[2026-03-01T14:23:35.217+0530] {processor.py:208} INFO - Processing /home/jenny/.local/lib/python3.13/site-packages/airflow/example_dags/example_dag_decorator.py took 0.124 seconds
[2026-03-01T14:24:34.497+0530] {processor.py:186} INFO - Started process (PID=220409) to work on /home/jenny/.local/lib/python3.13/site-packages/airflow/example_dags/example_dag_decorator.py
[2026-03-01T14:24:34.498+0530] {processor.py:914} INFO - Processing file /home/jenny/.local/lib/python3.13/site-packages/airflow/example_dags/example_dag_decorator.py for tasks to queue
[2026-03-01T14:24:34.500+0530] {logging_mixin.py:190} INFO - [2026-03-01T14:24:34.499+0530] {dagbag.py:588} INFO - Filling up the DagBag from /home/jenny/.local/lib/python3.13/site-packages/airflow/example_dags/example_dag_decorator.py
[2026-03-01T14:24:34.524+0530] {processor.py:925} INFO - DAG(s) 'example_dag_decorator' retrieved from /home/jenny/.local/lib/python3.13/site-packages/airflow/example_dags/example_dag_decorator.py
[2026-03-01T14:24:34.536+0530] {logging_mixin.py:190} INFO - [2026-03-01T14:24:34.536+0530] {dag.py:3239} INFO - Sync 1 DAGs
[2026-03-01T14:24:34.544+0530] {logging_mixin.py:190} INFO - [2026-03-01T14:24:34.544+0530] {dag.py:4180} INFO - Setting next_dagrun for example_dag_decorator to None, run_after=None
[2026-03-01T14:24:34.560+0530] {processor.py:208} INFO - Processing /home/jenny/.local/lib/python3.13/site-packages/airflow/example_dags/example_dag_decorator.py took 0.067 seconds
[2026-03-01T14:25:54.039+0530] {processor.py:186} INFO - Started process (PID=225444) to work on /home/jenny/.local/lib/python3.13/site-packages/airflow/example_dags/example_dag_decorator.py
[2026-03-01T14:25:54.040+0530] {processor.py:914} INFO - Processing file /home/jenny/.local/lib/python3.13/site-packages/airflow/example_dags/example_dag_decorator.py for tasks to queue
[2026-03-01T14:25:54.043+0530] {logging_mixin.py:190} INFO - [2026-03-01T14:25:54.043+0530] {dagbag.py:588} INFO - Filling up the DagBag from /home/jenny/.local/lib/python3.13/site-packages/airflow/example_dags/example_dag_decorator.py
[2026-03-01T14:25:54.067+0530] {processor.py:925} INFO - DAG(s) 'example_dag_decorator' retrieved from /home/jenny/.local/lib/python3.13/site-packages/airflow/example_dags/example_dag_decorator.py
[2026-03-01T14:25:54.078+0530] {logging_mixin.py:190} INFO - [2026-03-01T14:25:54.078+0530] {dag.py:3239} INFO - Sync 1 DAGs
[2026-03-01T14:25:54.087+0530] {logging_mixin.py:190} INFO - [2026-03-01T14:25:54.086+0530] {dag.py:4180} INFO - Setting next_dagrun for example_dag_decorator to None, run_after=None
[2026-03-01T14:25:54.102+0530] {processor.py:208} INFO - Processing /home/jenny/.local/lib/python3.13/site-packages/airflow/example_dags/example_dag_decorator.py took 0.069 seconds
[2026-03-01T14:26:52.081+0530] {processor.py:186} INFO - Started process (PID=226366) to work on /home/jenny/.local/lib/python3.13/site-packages/airflow/example_dags/example_dag_decorator.py
[2026-03-01T14:26:52.082+0530] {processor.py:914} INFO - Processing file /home/jenny/.local/lib/python3.13/site-packages/airflow/example_dags/example_dag_decorator.py for tasks to queue
[2026-03-01T14:26:52.085+0530] {logging_mixin.py:190} INFO - [2026-03-01T14:26:52.085+0530] {dagbag.py:588} INFO - Filling up the DagBag from /home/jenny/.local/lib/python3.13/site-packages/airflow/example_dags/example_dag_decorator.py
[2026-03-01T14:26:52.108+0530] {processor.py:925} INFO - DAG(s) 'example_dag_decorator' retrieved from /home/jenny/.local/lib/python3.13/site-packages/airflow/example_dags/example_dag_decorator.py
[2026-03-01T14:26:52.119+0530] {logging_mixin.py:190} INFO - [2026-03-01T14:26:52.119+0530] {dag.py:3239} INFO - Sync 1 DAGs
[2026-03-01T14:26:52.127+0530] {logging_mixin.py:190} INFO - [2026-03-01T14:26:52.127+0530] {dag.py:4180} INFO - Setting next_dagrun for example_dag_decorator to None, run_after=None
[2026-03-01T14:26:52.143+0530] {processor.py:208} INFO - Processing /home/jenny/.local/lib/python3.13/site-packages/airflow/example_dags/example_dag_decorator.py took 0.067 seconds
[2026-03-01T14:28:17.659+0530] {processor.py:186} INFO - Started process (PID=228285) to work on /home/jenny/.local/lib/python3.13/site-packages/airflow/example_dags/example_dag_decorator.py
[2026-03-01T14:28:17.661+0530] {processor.py:914} INFO - Processing file /home/jenny/.local/lib/python3.13/site-packages/airflow/example_dags/example_dag_decorator.py for tasks to queue
[2026-03-01T14:28:17.663+0530] {logging_mixin.py:190} INFO - [2026-03-01T14:28:17.663+0530] {dagbag.py:588} INFO - Filling up the DagBag from /home/jenny/.local/lib/python3.13/site-packages/airflow/example_dags/example_dag_decorator.py
[2026-03-01T14:28:17.687+0530] {processor.py:925} INFO - DAG(s) 'example_dag_decorator' retrieved from /home/jenny/.local/lib/python3.13/site-packages/airflow/example_dags/example_dag_decorator.py
[2026-03-01T14:28:17.698+0530] {logging_mixin.py:190} INFO - [2026-03-01T14:28:17.698+0530] {dag.py:3239} INFO - Sync 1 DAGs
[2026-03-01T14:28:17.705+0530] {logging_mixin.py:190} INFO - [2026-03-01T14:28:17.705+0530] {dag.py:4180} INFO - Setting next_dagrun for example_dag_decorator to None, run_after=None
[2026-03-01T14:28:17.735+0530] {processor.py:208} INFO - Processing /home/jenny/.local/lib/python3.13/site-packages/airflow/example_dags/example_dag_decorator.py took 0.082 seconds
[2026-03-01T14:30:18.502+0530] {processor.py:186} INFO - Started process (PID=230099) to work on /home/jenny/.local/lib/python3.13/site-packages/airflow/example_dags/example_dag_decorator.py
[2026-03-01T14:30:18.503+0530] {processor.py:914} INFO - Processing file /home/jenny/.local/lib/python3.13/site-packages/airflow/example_dags/example_dag_decorator.py for tasks to queue
[2026-03-01T14:30:18.506+0530] {logging_mixin.py:190} INFO - [2026-03-01T14:30:18.505+0530] {dagbag.py:588} INFO - Filling up the DagBag from /home/jenny/.local/lib/python3.13/site-packages/airflow/example_dags/example_dag_decorator.py
[2026-03-01T14:30:18.532+0530] {processor.py:925} INFO - DAG(s) 'example_dag_decorator' retrieved from /home/jenny/.local/lib/python3.13/site-packages/airflow/example_dags/example_dag_decorator.py
[2026-03-01T14:30:18.601+0530] {logging_mixin.py:190} INFO - [2026-03-01T14:30:18.600+0530] {dag.py:3239} INFO - Sync 1 DAGs
[2026-03-01T14:30:18.607+0530] {logging_mixin.py:190} INFO - [2026-03-01T14:30:18.607+0530] {dag.py:4180} INFO - Setting next_dagrun for example_dag_decorator to None, run_after=None
[2026-03-01T14:30:18.624+0530] {processor.py:208} INFO - Processing /home/jenny/.local/lib/python3.13/site-packages/airflow/example_dags/example_dag_decorator.py took 0.125 seconds
[2026-03-01T14:32:00.702+0530] {processor.py:186} INFO - Started process (PID=231710) to work on /home/jenny/.local/lib/python3.13/site-packages/airflow/example_dags/example_dag_decorator.py
[2026-03-01T14:32:00.703+0530] {processor.py:914} INFO - Processing file /home/jenny/.local/lib/python3.13/site-packages/airflow/example_dags/example_dag_decorator.py for tasks to queue
[2026-03-01T14:32:00.706+0530] {logging_mixin.py:190} INFO - [2026-03-01T14:32:00.706+0530] {dagbag.py:588} INFO - Filling up the DagBag from /home/jenny/.local/lib/python3.13/site-packages/airflow/example_dags/example_dag_decorator.py
[2026-03-01T14:32:00.737+0530] {processor.py:925} INFO - DAG(s) 'example_dag_decorator' retrieved from /home/jenny/.local/lib/python3.13/site-packages/airflow/example_dags/example_dag_decorator.py
[2026-03-01T14:32:00.809+0530] {logging_mixin.py:190} INFO - [2026-03-01T14:32:00.809+0530] {dag.py:3239} INFO - Sync 1 DAGs
[2026-03-01T14:32:00.816+0530] {logging_mixin.py:190} INFO - [2026-03-01T14:32:00.816+0530] {dag.py:4180} INFO - Setting next_dagrun for example_dag_decorator to None, run_after=None
[2026-03-01T14:32:00.832+0530] {processor.py:208} INFO - Processing /home/jenny/.local/lib/python3.13/site-packages/airflow/example_dags/example_dag_decorator.py took 0.135 seconds
[2026-03-01T14:33:35.946+0530] {processor.py:186} INFO - Started process (PID=233178) to work on /home/jenny/.local/lib/python3.13/site-packages/airflow/example_dags/example_dag_decorator.py
[2026-03-01T14:33:35.948+0530] {processor.py:914} INFO - Processing file /home/jenny/.local/lib/python3.13/site-packages/airflow/example_dags/example_dag_decorator.py for tasks to queue
[2026-03-01T14:33:35.951+0530] {logging_mixin.py:190} INFO - [2026-03-01T14:33:35.950+0530] {dagbag.py:588} INFO - Filling up the DagBag from /home/jenny/.local/lib/python3.13/site-packages/airflow/example_dags/example_dag_decorator.py
[2026-03-01T14:33:35.974+0530] {processor.py:925} INFO - DAG(s) 'example_dag_decorator' retrieved from /home/jenny/.local/lib/python3.13/site-packages/airflow/example_dags/example_dag_decorator.py
[2026-03-01T14:33:36.035+0530] {logging_mixin.py:190} INFO - [2026-03-01T14:33:36.035+0530] {dag.py:3239} INFO - Sync 1 DAGs
[2026-03-01T14:33:36.041+0530] {logging_mixin.py:190} INFO - [2026-03-01T14:33:36.041+0530] {dag.py:4180} INFO - Setting next_dagrun for example_dag_decorator to None, run_after=None
[2026-03-01T14:33:36.060+0530] {processor.py:208} INFO - Processing /home/jenny/.local/lib/python3.13/site-packages/airflow/example_dags/example_dag_decorator.py took 0.119 seconds
[2026-03-01T14:34:46.587+0530] {processor.py:186} INFO - Started process (PID=233585) to work on /home/jenny/.local/lib/python3.13/site-packages/airflow/example_dags/example_dag_decorator.py
[2026-03-01T14:34:46.588+0530] {processor.py:914} INFO - Processing file /home/jenny/.local/lib/python3.13/site-packages/airflow/example_dags/example_dag_decorator.py for tasks to queue
[2026-03-01T14:34:46.591+0530] {logging_mixin.py:190} INFO - [2026-03-01T14:34:46.591+0530] {dagbag.py:588} INFO - Filling up the DagBag from /home/jenny/.local/lib/python3.13/site-packages/airflow/example_dags/example_dag_decorator.py
[2026-03-01T14:34:46.615+0530] {processor.py:925} INFO - DAG(s) 'example_dag_decorator' retrieved from /home/jenny/.local/lib/python3.13/site-packages/airflow/example_dags/example_dag_decorator.py
[2026-03-01T14:34:46.674+0530] {logging_mixin.py:190} INFO - [2026-03-01T14:34:46.674+0530] {dag.py:3239} INFO - Sync 1 DAGs
[2026-03-01T14:34:46.681+0530] {logging_mixin.py:190} INFO - [2026-03-01T14:34:46.680+0530] {dag.py:4180} INFO - Setting next_dagrun for example_dag_decorator to None, run_after=None
[2026-03-01T14:34:46.697+0530] {processor.py:208} INFO - Processing /home/jenny/.local/lib/python3.13/site-packages/airflow/example_dags/example_dag_decorator.py took 0.117 seconds
[2026-03-01T14:35:39.616+0530] {processor.py:186} INFO - Started process (PID=233944) to work on /home/jenny/.local/lib/python3.13/site-packages/airflow/example_dags/example_dag_decorator.py
[2026-03-01T14:35:39.617+0530] {processor.py:914} INFO - Processing file /home/jenny/.local/lib/python3.13/site-packages/airflow/example_dags/example_dag_decorator.py for tasks to queue
[2026-03-01T14:35:39.620+0530] {logging_mixin.py:190} INFO - [2026-03-01T14:35:39.620+0530] {dagbag.py:588} INFO - Filling up the DagBag from /home/jenny/.local/lib/python3.13/site-packages/airflow/example_dags/example_dag_decorator.py
[2026-03-01T14:35:39.644+0530] {processor.py:925} INFO - DAG(s) 'example_dag_decorator' retrieved from /home/jenny/.local/lib/python3.13/site-packages/airflow/example_dags/example_dag_decorator.py
[2026-03-01T14:35:39.655+0530] {logging_mixin.py:190} INFO - [2026-03-01T14:35:39.655+0530] {dag.py:3239} INFO - Sync 1 DAGs
[2026-03-01T14:35:39.663+0530] {logging_mixin.py:190} INFO - [2026-03-01T14:35:39.663+0530] {dag.py:4180} INFO - Setting next_dagrun for example_dag_decorator to None, run_after=None
[2026-03-01T14:35:39.679+0530] {processor.py:208} INFO - Processing /home/jenny/.local/lib/python3.13/site-packages/airflow/example_dags/example_dag_decorator.py took 0.070 seconds
[2026-03-01T14:36:34.579+0530] {processor.py:186} INFO - Started process (PID=234114) to work on /home/jenny/.local/lib/python3.13/site-packages/airflow/example_dags/example_dag_decorator.py
[2026-03-01T14:36:34.580+0530] {processor.py:914} INFO - Processing file /home/jenny/.local/lib/python3.13/site-packages/airflow/example_dags/example_dag_decorator.py for tasks to queue
[2026-03-01T14:36:34.583+0530] {logging_mixin.py:190} INFO - [2026-03-01T14:36:34.583+0530] {dagbag.py:588} INFO - Filling up the DagBag from /home/jenny/.local/lib/python3.13/site-packages/airflow/example_dags/example_dag_decorator.py
[2026-03-01T14:36:34.607+0530] {processor.py:925} INFO - DAG(s) 'example_dag_decorator' retrieved from /home/jenny/.local/lib/python3.13/site-packages/airflow/example_dags/example_dag_decorator.py
[2026-03-01T14:36:34.666+0530] {logging_mixin.py:190} INFO - [2026-03-01T14:36:34.666+0530] {dag.py:3239} INFO - Sync 1 DAGs
[2026-03-01T14:36:34.673+0530] {logging_mixin.py:190} INFO - [2026-03-01T14:36:34.673+0530] {dag.py:4180} INFO - Setting next_dagrun for example_dag_decorator to None, run_after=None
[2026-03-01T14:36:34.702+0530] {processor.py:208} INFO - Processing /home/jenny/.local/lib/python3.13/site-packages/airflow/example_dags/example_dag_decorator.py took 0.127 seconds
[2026-03-01T14:37:29.347+0530] {processor.py:186} INFO - Started process (PID=234294) to work on /home/jenny/.local/lib/python3.13/site-packages/airflow/example_dags/example_dag_decorator.py
[2026-03-01T14:37:29.348+0530] {processor.py:914} INFO - Processing file /home/jenny/.local/lib/python3.13/site-packages/airflow/example_dags/example_dag_decorator.py for tasks to queue
[2026-03-01T14:37:29.351+0530] {logging_mixin.py:190} INFO - [2026-03-01T14:37:29.351+0530] {dagbag.py:588} INFO - Filling up the DagBag from /home/jenny/.local/lib/python3.13/site-packages/airflow/example_dags/example_dag_decorator.py
[2026-03-01T14:37:29.375+0530] {processor.py:925} INFO - DAG(s) 'example_dag_decorator' retrieved from /home/jenny/.local/lib/python3.13/site-packages/airflow/example_dags/example_dag_decorator.py
[2026-03-01T14:37:29.386+0530] {logging_mixin.py:190} INFO - [2026-03-01T14:37:29.385+0530] {dag.py:3239} INFO - Sync 1 DAGs
[2026-03-01T14:37:29.393+0530] {logging_mixin.py:190} INFO - [2026-03-01T14:37:29.393+0530] {dag.py:4180} INFO - Setting next_dagrun for example_dag_decorator to None, run_after=None
[2026-03-01T14:37:29.425+0530] {processor.py:208} INFO - Processing /home/jenny/.local/lib/python3.13/site-packages/airflow/example_dags/example_dag_decorator.py took 0.083 seconds
[2026-03-01T14:38:26.126+0530] {processor.py:186} INFO - Started process (PID=234555) to work on /home/jenny/.local/lib/python3.13/site-packages/airflow/example_dags/example_dag_decorator.py
[2026-03-01T14:38:26.127+0530] {processor.py:914} INFO - Processing file /home/jenny/.local/lib/python3.13/site-packages/airflow/example_dags/example_dag_decorator.py for tasks to queue
[2026-03-01T14:38:26.128+0530] {logging_mixin.py:190} INFO - [2026-03-01T14:38:26.128+0530] {dagbag.py:588} INFO - Filling up the DagBag from /home/jenny/.local/lib/python3.13/site-packages/airflow/example_dags/example_dag_decorator.py
[2026-03-01T14:38:26.152+0530] {processor.py:925} INFO - DAG(s) 'example_dag_decorator' retrieved from /home/jenny/.local/lib/python3.13/site-packages/airflow/example_dags/example_dag_decorator.py
[2026-03-01T14:38:26.163+0530] {logging_mixin.py:190} INFO - [2026-03-01T14:38:26.162+0530] {dag.py:3239} INFO - Sync 1 DAGs
[2026-03-01T14:38:26.170+0530] {logging_mixin.py:190} INFO - [2026-03-01T14:38:26.170+0530] {dag.py:4180} INFO - Setting next_dagrun for example_dag_decorator to None, run_after=None
[2026-03-01T14:38:26.185+0530] {processor.py:208} INFO - Processing /home/jenny/.local/lib/python3.13/site-packages/airflow/example_dags/example_dag_decorator.py took 0.063 seconds
[2026-03-01T14:39:19.261+0530] {processor.py:186} INFO - Started process (PID=235111) to work on /home/jenny/.local/lib/python3.13/site-packages/airflow/example_dags/example_dag_decorator.py
[2026-03-01T14:39:19.261+0530] {processor.py:914} INFO - Processing file /home/jenny/.local/lib/python3.13/site-packages/airflow/example_dags/example_dag_decorator.py for tasks to queue
[2026-03-01T14:39:19.263+0530] {logging_mixin.py:190} INFO - [2026-03-01T14:39:19.262+0530] {dagbag.py:588} INFO - Filling up the DagBag from /home/jenny/.local/lib/python3.13/site-packages/airflow/example_dags/example_dag_decorator.py
[2026-03-01T14:39:19.289+0530] {processor.py:925} INFO - DAG(s) 'example_dag_decorator' retrieved from /home/jenny/.local/lib/python3.13/site-packages/airflow/example_dags/example_dag_decorator.py
[2026-03-01T14:39:19.301+0530] {logging_mixin.py:190} INFO - [2026-03-01T14:39:19.301+0530] {dag.py:3239} INFO - Sync 1 DAGs
[2026-03-01T14:39:19.309+0530] {logging_mixin.py:190} INFO - [2026-03-01T14:39:19.308+0530] {dag.py:4180} INFO - Setting next_dagrun for example_dag_decorator to None, run_after=None
[2026-03-01T14:39:19.324+0530] {processor.py:208} INFO - Processing /home/jenny/.local/lib/python3.13/site-packages/airflow/example_dags/example_dag_decorator.py took 0.067 seconds
[2026-03-01T14:40:11.940+0530] {processor.py:186} INFO - Started process (PID=235332) to work on /home/jenny/.local/lib/python3.13/site-packages/airflow/example_dags/example_dag_decorator.py
[2026-03-01T14:40:11.941+0530] {processor.py:914} INFO - Processing file /home/jenny/.local/lib/python3.13/site-packages/airflow/example_dags/example_dag_decorator.py for tasks to queue
[2026-03-01T14:40:11.943+0530] {logging_mixin.py:190} INFO - [2026-03-01T14:40:11.943+0530] {dagbag.py:588} INFO - Filling up the DagBag from /home/jenny/.local/lib/python3.13/site-packages/airflow/example_dags/example_dag_decorator.py
[2026-03-01T14:40:11.967+0530] {processor.py:925} INFO - DAG(s) 'example_dag_decorator' retrieved from /home/jenny/.local/lib/python3.13/site-packages/airflow/example_dags/example_dag_decorator.py
[2026-03-01T14:40:11.978+0530] {logging_mixin.py:190} INFO - [2026-03-01T14:40:11.978+0530] {dag.py:3239} INFO - Sync 1 DAGs
[2026-03-01T14:40:11.986+0530] {logging_mixin.py:190} INFO - [2026-03-01T14:40:11.986+0530] {dag.py:4180} INFO - Setting next_dagrun for example_dag_decorator to None, run_after=None
[2026-03-01T14:40:12.002+0530] {processor.py:208} INFO - Processing /home/jenny/.local/lib/python3.13/site-packages/airflow/example_dags/example_dag_decorator.py took 0.067 seconds
[2026-03-01T14:41:08.423+0530] {processor.py:186} INFO - Started process (PID=239397) to work on /home/jenny/.local/lib/python3.13/site-packages/airflow/example_dags/example_dag_decorator.py
[2026-03-01T14:41:08.424+0530] {processor.py:914} INFO - Processing file /home/jenny/.local/lib/python3.13/site-packages/airflow/example_dags/example_dag_decorator.py for tasks to queue
[2026-03-01T14:41:08.427+0530] {logging_mixin.py:190} INFO - [2026-03-01T14:41:08.427+0530] {dagbag.py:588} INFO - Filling up the DagBag from /home/jenny/.local/lib/python3.13/site-packages/airflow/example_dags/example_dag_decorator.py
[2026-03-01T14:41:08.451+0530] {processor.py:925} INFO - DAG(s) 'example_dag_decorator' retrieved from /home/jenny/.local/lib/python3.13/site-packages/airflow/example_dags/example_dag_decorator.py
[2026-03-01T14:41:08.462+0530] {logging_mixin.py:190} INFO - [2026-03-01T14:41:08.462+0530] {dag.py:3239} INFO - Sync 1 DAGs
[2026-03-01T14:41:08.470+0530] {logging_mixin.py:190} INFO - [2026-03-01T14:41:08.470+0530] {dag.py:4180} INFO - Setting next_dagrun for example_dag_decorator to None, run_after=None
[2026-03-01T14:41:08.486+0530] {processor.py:208} INFO - Processing /home/jenny/.local/lib/python3.13/site-packages/airflow/example_dags/example_dag_decorator.py took 0.069 seconds
[2026-03-01T14:42:25.656+0530] {processor.py:186} INFO - Started process (PID=239620) to work on /home/jenny/.local/lib/python3.13/site-packages/airflow/example_dags/example_dag_decorator.py
[2026-03-01T14:42:25.657+0530] {processor.py:914} INFO - Processing file /home/jenny/.local/lib/python3.13/site-packages/airflow/example_dags/example_dag_decorator.py for tasks to queue
[2026-03-01T14:42:25.659+0530] {logging_mixin.py:190} INFO - [2026-03-01T14:42:25.659+0530] {dagbag.py:588} INFO - Filling up the DagBag from /home/jenny/.local/lib/python3.13/site-packages/airflow/example_dags/example_dag_decorator.py
[2026-03-01T14:42:25.695+0530] {processor.py:925} INFO - DAG(s) 'example_dag_decorator' retrieved from /home/jenny/.local/lib/python3.13/site-packages/airflow/example_dags/example_dag_decorator.py
[2026-03-01T14:42:25.878+0530] {logging_mixin.py:190} INFO - [2026-03-01T14:42:25.878+0530] {dag.py:3239} INFO - Sync 1 DAGs
[2026-03-01T14:42:25.886+0530] {logging_mixin.py:190} INFO - [2026-03-01T14:42:25.885+0530] {dag.py:4180} INFO - Setting next_dagrun for example_dag_decorator to None, run_after=None
[2026-03-01T14:42:25.901+0530] {processor.py:208} INFO - Processing /home/jenny/.local/lib/python3.13/site-packages/airflow/example_dags/example_dag_decorator.py took 0.248 seconds
[2026-03-01T14:43:20.518+0530] {processor.py:186} INFO - Started process (PID=239789) to work on /home/jenny/.local/lib/python3.13/site-packages/airflow/example_dags/example_dag_decorator.py
[2026-03-01T14:43:20.519+0530] {processor.py:914} INFO - Processing file /home/jenny/.local/lib/python3.13/site-packages/airflow/example_dags/example_dag_decorator.py for tasks to queue
[2026-03-01T14:43:20.522+0530] {logging_mixin.py:190} INFO - [2026-03-01T14:43:20.522+0530] {dagbag.py:588} INFO - Filling up the DagBag from /home/jenny/.local/lib/python3.13/site-packages/airflow/example_dags/example_dag_decorator.py
[2026-03-01T14:43:20.546+0530] {processor.py:925} INFO - DAG(s) 'example_dag_decorator' retrieved from /home/jenny/.local/lib/python3.13/site-packages/airflow/example_dags/example_dag_decorator.py
[2026-03-01T14:43:20.557+0530] {logging_mixin.py:190} INFO - [2026-03-01T14:43:20.557+0530] {dag.py:3239} INFO - Sync 1 DAGs
[2026-03-01T14:43:20.566+0530] {logging_mixin.py:190} INFO - [2026-03-01T14:43:20.566+0530] {dag.py:4180} INFO - Setting next_dagrun for example_dag_decorator to None, run_after=None
[2026-03-01T14:43:20.581+0530] {processor.py:208} INFO - Processing /home/jenny/.local/lib/python3.13/site-packages/airflow/example_dags/example_dag_decorator.py took 0.069 seconds
[2026-03-01T14:44:38.792+0530] {processor.py:186} INFO - Started process (PID=240012) to work on /home/jenny/.local/lib/python3.13/site-packages/airflow/example_dags/example_dag_decorator.py
[2026-03-01T14:44:38.793+0530] {processor.py:914} INFO - Processing file /home/jenny/.local/lib/python3.13/site-packages/airflow/example_dags/example_dag_decorator.py for tasks to queue
[2026-03-01T14:44:38.796+0530] {logging_mixin.py:190} INFO - [2026-03-01T14:44:38.795+0530] {dagbag.py:588} INFO - Filling up the DagBag from /home/jenny/.local/lib/python3.13/site-packages/airflow/example_dags/example_dag_decorator.py
[2026-03-01T14:44:38.820+0530] {processor.py:925} INFO - DAG(s) 'example_dag_decorator' retrieved from /home/jenny/.local/lib/python3.13/site-packages/airflow/example_dags/example_dag_decorator.py
[2026-03-01T14:44:38.831+0530] {logging_mixin.py:190} INFO - [2026-03-01T14:44:38.831+0530] {dag.py:3239} INFO - Sync 1 DAGs
[2026-03-01T14:44:38.939+0530] {logging_mixin.py:190} INFO - [2026-03-01T14:44:38.938+0530] {dag.py:4180} INFO - Setting next_dagrun for example_dag_decorator to None, run_after=None
[2026-03-01T14:44:38.955+0530] {processor.py:208} INFO - Processing /home/jenny/.local/lib/python3.13/site-packages/airflow/example_dags/example_dag_decorator.py took 0.169 seconds
[2026-03-01T14:45:33.924+0530] {processor.py:186} INFO - Started process (PID=240226) to work on /home/jenny/.local/lib/python3.13/site-packages/airflow/example_dags/example_dag_decorator.py
[2026-03-01T14:45:33.925+0530] {processor.py:914} INFO - Processing file /home/jenny/.local/lib/python3.13/site-packages/airflow/example_dags/example_dag_decorator.py for tasks to queue
[2026-03-01T14:45:33.928+0530] {logging_mixin.py:190} INFO - [2026-03-01T14:45:33.928+0530] {dagbag.py:588} INFO - Filling up the DagBag from /home/jenny/.local/lib/python3.13/site-packages/airflow/example_dags/example_dag_decorator.py
[2026-03-01T14:45:33.951+0530] {processor.py:925} INFO - DAG(s) 'example_dag_decorator' retrieved from /home/jenny/.local/lib/python3.13/site-packages/airflow/example_dags/example_dag_decorator.py
[2026-03-01T14:45:34.107+0530] {logging_mixin.py:190} INFO - [2026-03-01T14:45:34.107+0530] {dag.py:3239} INFO - Sync 1 DAGs
[2026-03-01T14:45:34.113+0530] {logging_mixin.py:190} INFO - [2026-03-01T14:45:34.113+0530] {dag.py:4180} INFO - Setting next_dagrun for example_dag_decorator to None, run_after=None
[2026-03-01T14:45:34.151+0530] {processor.py:208} INFO - Processing /home/jenny/.local/lib/python3.13/site-packages/airflow/example_dags/example_dag_decorator.py took 0.234 seconds
[2026-03-01T14:46:31.679+0530] {processor.py:186} INFO - Started process (PID=240395) to work on /home/jenny/.local/lib/python3.13/site-packages/airflow/example_dags/example_dag_decorator.py
[2026-03-01T14:46:31.680+0530] {processor.py:914} INFO - Processing file /home/jenny/.local/lib/python3.13/site-packages/airflow/example_dags/example_dag_decorator.py for tasks to queue
[2026-03-01T14:46:31.683+0530] {logging_mixin.py:190} INFO - [2026-03-01T14:46:31.682+0530] {dagbag.py:588} INFO - Filling up the DagBag from /home/jenny/.local/lib/python3.13/site-packages/airflow/example_dags/example_dag_decorator.py
[2026-03-01T14:46:31.820+0530] {processor.py:925} INFO - DAG(s) 'example_dag_decorator' retrieved from /home/jenny/.local/lib/python3.13/site-packages/airflow/example_dags/example_dag_decorator.py
[2026-03-01T14:46:31.874+0530] {logging_mixin.py:190} INFO - [2026-03-01T14:46:31.874+0530] {dag.py:3239} INFO - Sync 1 DAGs
[2026-03-01T14:46:31.880+0530] {logging_mixin.py:190} INFO - [2026-03-01T14:46:31.880+0530] {dag.py:4180} INFO - Setting next_dagrun for example_dag_decorator to None, run_after=None
[2026-03-01T14:46:31.895+0530] {processor.py:208} INFO - Processing /home/jenny/.local/lib/python3.13/site-packages/airflow/example_dags/example_dag_decorator.py took 0.223 seconds
[2026-03-01T14:47:34.909+0530] {processor.py:186} INFO - Started process (PID=240577) to work on /home/jenny/.local/lib/python3.13/site-packages/airflow/example_dags/example_dag_decorator.py
[2026-03-01T14:47:34.911+0530] {processor.py:914} INFO - Processing file /home/jenny/.local/lib/python3.13/site-packages/airflow/example_dags/example_dag_decorator.py for tasks to queue
[2026-03-01T14:47:34.914+0530] {logging_mixin.py:190} INFO - [2026-03-01T14:47:34.913+0530] {dagbag.py:588} INFO - Filling up the DagBag from /home/jenny/.local/lib/python3.13/site-packages/airflow/example_dags/example_dag_decorator.py
[2026-03-01T14:47:35.037+0530] {processor.py:925} INFO - DAG(s) 'example_dag_decorator' retrieved from /home/jenny/.local/lib/python3.13/site-packages/airflow/example_dags/example_dag_decorator.py
[2026-03-01T14:47:35.091+0530] {logging_mixin.py:190} INFO - [2026-03-01T14:47:35.091+0530] {dag.py:3239} INFO - Sync 1 DAGs
[2026-03-01T14:47:35.097+0530] {logging_mixin.py:190} INFO - [2026-03-01T14:47:35.097+0530] {dag.py:4180} INFO - Setting next_dagrun for example_dag_decorator to None, run_after=None
[2026-03-01T14:47:35.112+0530] {processor.py:208} INFO - Processing /home/jenny/.local/lib/python3.13/site-packages/airflow/example_dags/example_dag_decorator.py took 0.208 seconds
[2026-03-01T14:48:36.869+0530] {processor.py:186} INFO - Started process (PID=240794) to work on /home/jenny/.local/lib/python3.13/site-packages/airflow/example_dags/example_dag_decorator.py
[2026-03-01T14:48:36.871+0530] {processor.py:914} INFO - Processing file /home/jenny/.local/lib/python3.13/site-packages/airflow/example_dags/example_dag_decorator.py for tasks to queue
[2026-03-01T14:48:36.874+0530] {logging_mixin.py:190} INFO - [2026-03-01T14:48:36.873+0530] {dagbag.py:588} INFO - Filling up the DagBag from /home/jenny/.local/lib/python3.13/site-packages/airflow/example_dags/example_dag_decorator.py
[2026-03-01T14:48:36.898+0530] {processor.py:925} INFO - DAG(s) 'example_dag_decorator' retrieved from /home/jenny/.local/lib/python3.13/site-packages/airflow/example_dags/example_dag_decorator.py
[2026-03-01T14:48:36.956+0530] {logging_mixin.py:190} INFO - [2026-03-01T14:48:36.956+0530] {dag.py:3239} INFO - Sync 1 DAGs
[2026-03-01T14:48:36.963+0530] {logging_mixin.py:190} INFO - [2026-03-01T14:48:36.963+0530] {dag.py:4180} INFO - Setting next_dagrun for example_dag_decorator to None, run_after=None
[2026-03-01T14:48:36.978+0530] {processor.py:208} INFO - Processing /home/jenny/.local/lib/python3.13/site-packages/airflow/example_dags/example_dag_decorator.py took 0.114 seconds
[2026-03-01T14:49:32.445+0530] {processor.py:186} INFO - Started process (PID=241153) to work on /home/jenny/.local/lib/python3.13/site-packages/airflow/example_dags/example_dag_decorator.py
[2026-03-01T14:49:32.447+0530] {processor.py:914} INFO - Processing file /home/jenny/.local/lib/python3.13/site-packages/airflow/example_dags/example_dag_decorator.py for tasks to queue
[2026-03-01T14:49:32.450+0530] {logging_mixin.py:190} INFO - [2026-03-01T14:49:32.449+0530] {dagbag.py:588} INFO - Filling up the DagBag from /home/jenny/.local/lib/python3.13/site-packages/airflow/example_dags/example_dag_decorator.py
[2026-03-01T14:49:32.474+0530] {processor.py:925} INFO - DAG(s) 'example_dag_decorator' retrieved from /home/jenny/.local/lib/python3.13/site-packages/airflow/example_dags/example_dag_decorator.py
[2026-03-01T14:49:32.486+0530] {logging_mixin.py:190} INFO - [2026-03-01T14:49:32.486+0530] {dag.py:3239} INFO - Sync 1 DAGs
[2026-03-01T14:49:32.494+0530] {logging_mixin.py:190} INFO - [2026-03-01T14:49:32.494+0530] {dag.py:4180} INFO - Setting next_dagrun for example_dag_decorator to None, run_after=None
[2026-03-01T14:49:32.510+0530] {processor.py:208} INFO - Processing /home/jenny/.local/lib/python3.13/site-packages/airflow/example_dags/example_dag_decorator.py took 0.070 seconds
[2026-03-01T14:50:28.479+0530] {processor.py:186} INFO - Started process (PID=241409) to work on /home/jenny/.local/lib/python3.13/site-packages/airflow/example_dags/example_dag_decorator.py
[2026-03-01T14:50:28.480+0530] {processor.py:914} INFO - Processing file /home/jenny/.local/lib/python3.13/site-packages/airflow/example_dags/example_dag_decorator.py for tasks to queue
[2026-03-01T14:50:28.482+0530] {logging_mixin.py:190} INFO - [2026-03-01T14:50:28.481+0530] {dagbag.py:588} INFO - Filling up the DagBag from /home/jenny/.local/lib/python3.13/site-packages/airflow/example_dags/example_dag_decorator.py
[2026-03-01T14:50:28.506+0530] {processor.py:925} INFO - DAG(s) 'example_dag_decorator' retrieved from /home/jenny/.local/lib/python3.13/site-packages/airflow/example_dags/example_dag_decorator.py
[2026-03-01T14:50:28.516+0530] {logging_mixin.py:190} INFO - [2026-03-01T14:50:28.516+0530] {dag.py:3239} INFO - Sync 1 DAGs
[2026-03-01T14:50:28.524+0530] {logging_mixin.py:190} INFO - [2026-03-01T14:50:28.524+0530] {dag.py:4180} INFO - Setting next_dagrun for example_dag_decorator to None, run_after=None
[2026-03-01T14:50:28.553+0530] {processor.py:208} INFO - Processing /home/jenny/.local/lib/python3.13/site-packages/airflow/example_dags/example_dag_decorator.py took 0.078 seconds
[2026-03-01T14:51:25.109+0530] {processor.py:186} INFO - Started process (PID=241808) to work on /home/jenny/.local/lib/python3.13/site-packages/airflow/example_dags/example_dag_decorator.py
[2026-03-01T14:51:25.110+0530] {processor.py:914} INFO - Processing file /home/jenny/.local/lib/python3.13/site-packages/airflow/example_dags/example_dag_decorator.py for tasks to queue
[2026-03-01T14:51:25.112+0530] {logging_mixin.py:190} INFO - [2026-03-01T14:51:25.112+0530] {dagbag.py:588} INFO - Filling up the DagBag from /home/jenny/.local/lib/python3.13/site-packages/airflow/example_dags/example_dag_decorator.py
[2026-03-01T14:51:25.153+0530] {processor.py:925} INFO - DAG(s) 'example_dag_decorator' retrieved from /home/jenny/.local/lib/python3.13/site-packages/airflow/example_dags/example_dag_decorator.py
[2026-03-01T14:51:25.168+0530] {logging_mixin.py:190} INFO - [2026-03-01T14:51:25.167+0530] {dag.py:3239} INFO - Sync 1 DAGs
[2026-03-01T14:51:25.178+0530] {logging_mixin.py:190} INFO - [2026-03-01T14:51:25.178+0530] {dag.py:4180} INFO - Setting next_dagrun for example_dag_decorator to None, run_after=None
[2026-03-01T14:51:25.197+0530] {processor.py:208} INFO - Processing /home/jenny/.local/lib/python3.13/site-packages/airflow/example_dags/example_dag_decorator.py took 0.094 seconds
[2026-03-01T14:52:16.630+0530] {processor.py:186} INFO - Started process (PID=241974) to work on /home/jenny/.local/lib/python3.13/site-packages/airflow/example_dags/example_dag_decorator.py
[2026-03-01T14:52:16.631+0530] {processor.py:914} INFO - Processing file /home/jenny/.local/lib/python3.13/site-packages/airflow/example_dags/example_dag_decorator.py for tasks to queue
[2026-03-01T14:52:16.633+0530] {logging_mixin.py:190} INFO - [2026-03-01T14:52:16.632+0530] {dagbag.py:588} INFO - Filling up the DagBag from /home/jenny/.local/lib/python3.13/site-packages/airflow/example_dags/example_dag_decorator.py
[2026-03-01T14:52:16.662+0530] {processor.py:925} INFO - DAG(s) 'example_dag_decorator' retrieved from /home/jenny/.local/lib/python3.13/site-packages/airflow/example_dags/example_dag_decorator.py
[2026-03-01T14:52:16.678+0530] {logging_mixin.py:190} INFO - [2026-03-01T14:52:16.677+0530] {dag.py:3239} INFO - Sync 1 DAGs
[2026-03-01T14:52:16.690+0530] {logging_mixin.py:190} INFO - [2026-03-01T14:52:16.690+0530] {dag.py:4180} INFO - Setting next_dagrun for example_dag_decorator to None, run_after=None
[2026-03-01T14:52:16.708+0530] {processor.py:208} INFO - Processing /home/jenny/.local/lib/python3.13/site-packages/airflow/example_dags/example_dag_decorator.py took 0.082 seconds
[2026-03-01T14:53:35.093+0530] {processor.py:186} INFO - Started process (PID=242194) to work on /home/jenny/.local/lib/python3.13/site-packages/airflow/example_dags/example_dag_decorator.py
[2026-03-01T14:53:35.094+0530] {processor.py:914} INFO - Processing file /home/jenny/.local/lib/python3.13/site-packages/airflow/example_dags/example_dag_decorator.py for tasks to queue
[2026-03-01T14:53:35.097+0530] {logging_mixin.py:190} INFO - [2026-03-01T14:53:35.097+0530] {dagbag.py:588} INFO - Filling up the DagBag from /home/jenny/.local/lib/python3.13/site-packages/airflow/example_dags/example_dag_decorator.py
[2026-03-01T14:53:35.121+0530] {processor.py:925} INFO - DAG(s) 'example_dag_decorator' retrieved from /home/jenny/.local/lib/python3.13/site-packages/airflow/example_dags/example_dag_decorator.py
[2026-03-01T14:53:35.132+0530] {logging_mixin.py:190} INFO - [2026-03-01T14:53:35.131+0530] {dag.py:3239} INFO - Sync 1 DAGs
[2026-03-01T14:53:35.139+0530] {logging_mixin.py:190} INFO - [2026-03-01T14:53:35.139+0530] {dag.py:4180} INFO - Setting next_dagrun for example_dag_decorator to None, run_after=None
[2026-03-01T14:53:35.154+0530] {processor.py:208} INFO - Processing /home/jenny/.local/lib/python3.13/site-packages/airflow/example_dags/example_dag_decorator.py took 0.067 seconds
[2026-03-01T14:54:55.211+0530] {processor.py:186} INFO - Started process (PID=242421) to work on /home/jenny/.local/lib/python3.13/site-packages/airflow/example_dags/example_dag_decorator.py
[2026-03-01T14:54:55.213+0530] {processor.py:914} INFO - Processing file /home/jenny/.local/lib/python3.13/site-packages/airflow/example_dags/example_dag_decorator.py for tasks to queue
[2026-03-01T14:54:55.216+0530] {logging_mixin.py:190} INFO - [2026-03-01T14:54:55.215+0530] {dagbag.py:588} INFO - Filling up the DagBag from /home/jenny/.local/lib/python3.13/site-packages/airflow/example_dags/example_dag_decorator.py
[2026-03-01T14:54:55.239+0530] {processor.py:925} INFO - DAG(s) 'example_dag_decorator' retrieved from /home/jenny/.local/lib/python3.13/site-packages/airflow/example_dags/example_dag_decorator.py
[2026-03-01T14:54:55.250+0530] {logging_mixin.py:190} INFO - [2026-03-01T14:54:55.250+0530] {dag.py:3239} INFO - Sync 1 DAGs
[2026-03-01T14:54:55.259+0530] {logging_mixin.py:190} INFO - [2026-03-01T14:54:55.258+0530] {dag.py:4180} INFO - Setting next_dagrun for example_dag_decorator to None, run_after=None
[2026-03-01T14:54:55.274+0530] {processor.py:208} INFO - Processing /home/jenny/.local/lib/python3.13/site-packages/airflow/example_dags/example_dag_decorator.py took 0.068 seconds
[2026-03-01T14:55:50.708+0530] {processor.py:186} INFO - Started process (PID=246553) to work on /home/jenny/.local/lib/python3.13/site-packages/airflow/example_dags/example_dag_decorator.py
[2026-03-01T14:55:50.709+0530] {processor.py:914} INFO - Processing file /home/jenny/.local/lib/python3.13/site-packages/airflow/example_dags/example_dag_decorator.py for tasks to queue
[2026-03-01T14:55:50.711+0530] {logging_mixin.py:190} INFO - [2026-03-01T14:55:50.711+0530] {dagbag.py:588} INFO - Filling up the DagBag from /home/jenny/.local/lib/python3.13/site-packages/airflow/example_dags/example_dag_decorator.py
[2026-03-01T14:55:50.735+0530] {processor.py:925} INFO - DAG(s) 'example_dag_decorator' retrieved from /home/jenny/.local/lib/python3.13/site-packages/airflow/example_dags/example_dag_decorator.py
[2026-03-01T14:55:50.746+0530] {logging_mixin.py:190} INFO - [2026-03-01T14:55:50.746+0530] {dag.py:3239} INFO - Sync 1 DAGs
[2026-03-01T14:55:50.754+0530] {logging_mixin.py:190} INFO - [2026-03-01T14:55:50.754+0530] {dag.py:4180} INFO - Setting next_dagrun for example_dag_decorator to None, run_after=None
[2026-03-01T14:55:50.770+0530] {processor.py:208} INFO - Processing /home/jenny/.local/lib/python3.13/site-packages/airflow/example_dags/example_dag_decorator.py took 0.066 seconds
[2026-03-01T14:56:44.675+0530] {processor.py:186} INFO - Started process (PID=246717) to work on /home/jenny/.local/lib/python3.13/site-packages/airflow/example_dags/example_dag_decorator.py
[2026-03-01T14:56:44.677+0530] {processor.py:914} INFO - Processing file /home/jenny/.local/lib/python3.13/site-packages/airflow/example_dags/example_dag_decorator.py for tasks to queue
[2026-03-01T14:56:44.680+0530] {logging_mixin.py:190} INFO - [2026-03-01T14:56:44.679+0530] {dagbag.py:588} INFO - Filling up the DagBag from /home/jenny/.local/lib/python3.13/site-packages/airflow/example_dags/example_dag_decorator.py
[2026-03-01T14:56:44.704+0530] {processor.py:925} INFO - DAG(s) 'example_dag_decorator' retrieved from /home/jenny/.local/lib/python3.13/site-packages/airflow/example_dags/example_dag_decorator.py
[2026-03-01T14:56:44.715+0530] {logging_mixin.py:190} INFO - [2026-03-01T14:56:44.715+0530] {dag.py:3239} INFO - Sync 1 DAGs
[2026-03-01T14:56:44.723+0530] {logging_mixin.py:190} INFO - [2026-03-01T14:56:44.722+0530] {dag.py:4180} INFO - Setting next_dagrun for example_dag_decorator to None, run_after=None
[2026-03-01T14:56:44.767+0530] {processor.py:208} INFO - Processing /home/jenny/.local/lib/python3.13/site-packages/airflow/example_dags/example_dag_decorator.py took 0.098 seconds
[2026-03-01T14:57:40.129+0530] {processor.py:186} INFO - Started process (PID=246860) to work on /home/jenny/.local/lib/python3.13/site-packages/airflow/example_dags/example_dag_decorator.py
[2026-03-01T14:57:40.130+0530] {processor.py:914} INFO - Processing file /home/jenny/.local/lib/python3.13/site-packages/airflow/example_dags/example_dag_decorator.py for tasks to queue
[2026-03-01T14:57:40.133+0530] {logging_mixin.py:190} INFO - [2026-03-01T14:57:40.133+0530] {dagbag.py:588} INFO - Filling up the DagBag from /home/jenny/.local/lib/python3.13/site-packages/airflow/example_dags/example_dag_decorator.py
[2026-03-01T14:57:40.157+0530] {processor.py:925} INFO - DAG(s) 'example_dag_decorator' retrieved from /home/jenny/.local/lib/python3.13/site-packages/airflow/example_dags/example_dag_decorator.py
[2026-03-01T14:57:40.168+0530] {logging_mixin.py:190} INFO - [2026-03-01T14:57:40.168+0530] {dag.py:3239} INFO - Sync 1 DAGs
[2026-03-01T14:57:40.175+0530] {logging_mixin.py:190} INFO - [2026-03-01T14:57:40.175+0530] {dag.py:4180} INFO - Setting next_dagrun for example_dag_decorator to None, run_after=None
[2026-03-01T14:57:40.191+0530] {processor.py:208} INFO - Processing /home/jenny/.local/lib/python3.13/site-packages/airflow/example_dags/example_dag_decorator.py took 0.068 seconds
[2026-03-01T14:58:59.667+0530] {processor.py:186} INFO - Started process (PID=247290) to work on /home/jenny/.local/lib/python3.13/site-packages/airflow/example_dags/example_dag_decorator.py
[2026-03-01T14:58:59.668+0530] {processor.py:914} INFO - Processing file /home/jenny/.local/lib/python3.13/site-packages/airflow/example_dags/example_dag_decorator.py for tasks to queue
[2026-03-01T14:58:59.671+0530] {logging_mixin.py:190} INFO - [2026-03-01T14:58:59.670+0530] {dagbag.py:588} INFO - Filling up the DagBag from /home/jenny/.local/lib/python3.13/site-packages/airflow/example_dags/example_dag_decorator.py
[2026-03-01T14:58:59.706+0530] {processor.py:925} INFO - DAG(s) 'example_dag_decorator' retrieved from /home/jenny/.local/lib/python3.13/site-packages/airflow/example_dags/example_dag_decorator.py
[2026-03-01T14:58:59.727+0530] {logging_mixin.py:190} INFO - [2026-03-01T14:58:59.727+0530] {dag.py:3239} INFO - Sync 1 DAGs
[2026-03-01T14:58:59.741+0530] {logging_mixin.py:190} INFO - [2026-03-01T14:58:59.741+0530] {dag.py:4180} INFO - Setting next_dagrun for example_dag_decorator to None, run_after=None
[2026-03-01T14:58:59.766+0530] {processor.py:208} INFO - Processing /home/jenny/.local/lib/python3.13/site-packages/airflow/example_dags/example_dag_decorator.py took 0.105 seconds
[2026-03-01T14:59:53.922+0530] {processor.py:186} INFO - Started process (PID=247650) to work on /home/jenny/.local/lib/python3.13/site-packages/airflow/example_dags/example_dag_decorator.py
[2026-03-01T14:59:53.923+0530] {processor.py:914} INFO - Processing file /home/jenny/.local/lib/python3.13/site-packages/airflow/example_dags/example_dag_decorator.py for tasks to queue
[2026-03-01T14:59:53.926+0530] {logging_mixin.py:190} INFO - [2026-03-01T14:59:53.926+0530] {dagbag.py:588} INFO - Filling up the DagBag from /home/jenny/.local/lib/python3.13/site-packages/airflow/example_dags/example_dag_decorator.py
[2026-03-01T14:59:53.955+0530] {processor.py:925} INFO - DAG(s) 'example_dag_decorator' retrieved from /home/jenny/.local/lib/python3.13/site-packages/airflow/example_dags/example_dag_decorator.py
[2026-03-01T14:59:53.966+0530] {logging_mixin.py:190} INFO - [2026-03-01T14:59:53.966+0530] {dag.py:3239} INFO - Sync 1 DAGs
[2026-03-01T14:59:53.974+0530] {logging_mixin.py:190} INFO - [2026-03-01T14:59:53.973+0530] {dag.py:4180} INFO - Setting next_dagrun for example_dag_decorator to None, run_after=None
[2026-03-01T14:59:53.990+0530] {processor.py:208} INFO - Processing /home/jenny/.local/lib/python3.13/site-packages/airflow/example_dags/example_dag_decorator.py took 0.074 seconds
[2026-03-01T15:00:48.623+0530] {processor.py:186} INFO - Started process (PID=248068) to work on /home/jenny/.local/lib/python3.13/site-packages/airflow/example_dags/example_dag_decorator.py
[2026-03-01T15:00:48.625+0530] {processor.py:914} INFO - Processing file /home/jenny/.local/lib/python3.13/site-packages/airflow/example_dags/example_dag_decorator.py for tasks to queue
[2026-03-01T15:00:48.628+0530] {logging_mixin.py:190} INFO - [2026-03-01T15:00:48.627+0530] {dagbag.py:588} INFO - Filling up the DagBag from /home/jenny/.local/lib/python3.13/site-packages/airflow/example_dags/example_dag_decorator.py
[2026-03-01T15:00:48.656+0530] {processor.py:925} INFO - DAG(s) 'example_dag_decorator' retrieved from /home/jenny/.local/lib/python3.13/site-packages/airflow/example_dags/example_dag_decorator.py
[2026-03-01T15:00:48.670+0530] {logging_mixin.py:190} INFO - [2026-03-01T15:00:48.669+0530] {dag.py:3239} INFO - Sync 1 DAGs
[2026-03-01T15:00:48.679+0530] {logging_mixin.py:190} INFO - [2026-03-01T15:00:48.679+0530] {dag.py:4180} INFO - Setting next_dagrun for example_dag_decorator to None, run_after=None
[2026-03-01T15:00:48.695+0530] {processor.py:208} INFO - Processing /home/jenny/.local/lib/python3.13/site-packages/airflow/example_dags/example_dag_decorator.py took 0.077 seconds
[2026-03-01T15:01:43.036+0530] {processor.py:186} INFO - Started process (PID=248248) to work on /home/jenny/.local/lib/python3.13/site-packages/airflow/example_dags/example_dag_decorator.py
[2026-03-01T15:01:43.037+0530] {processor.py:914} INFO - Processing file /home/jenny/.local/lib/python3.13/site-packages/airflow/example_dags/example_dag_decorator.py for tasks to queue
[2026-03-01T15:01:43.039+0530] {logging_mixin.py:190} INFO - [2026-03-01T15:01:43.039+0530] {dagbag.py:588} INFO - Filling up the DagBag from /home/jenny/.local/lib/python3.13/site-packages/airflow/example_dags/example_dag_decorator.py
[2026-03-01T15:01:43.066+0530] {processor.py:925} INFO - DAG(s) 'example_dag_decorator' retrieved from /home/jenny/.local/lib/python3.13/site-packages/airflow/example_dags/example_dag_decorator.py
[2026-03-01T15:01:43.078+0530] {logging_mixin.py:190} INFO - [2026-03-01T15:01:43.078+0530] {dag.py:3239} INFO - Sync 1 DAGs
[2026-03-01T15:01:43.086+0530] {logging_mixin.py:190} INFO - [2026-03-01T15:01:43.086+0530] {dag.py:4180} INFO - Setting next_dagrun for example_dag_decorator to None, run_after=None
[2026-03-01T15:01:43.101+0530] {processor.py:208} INFO - Processing /home/jenny/.local/lib/python3.13/site-packages/airflow/example_dags/example_dag_decorator.py took 0.070 seconds
[2026-03-01T15:02:37.409+0530] {processor.py:186} INFO - Started process (PID=248449) to work on /home/jenny/.local/lib/python3.13/site-packages/airflow/example_dags/example_dag_decorator.py
[2026-03-01T15:02:37.410+0530] {processor.py:914} INFO - Processing file /home/jenny/.local/lib/python3.13/site-packages/airflow/example_dags/example_dag_decorator.py for tasks to queue
[2026-03-01T15:02:37.413+0530] {logging_mixin.py:190} INFO - [2026-03-01T15:02:37.413+0530] {dagbag.py:588} INFO - Filling up the DagBag from /home/jenny/.local/lib/python3.13/site-packages/airflow/example_dags/example_dag_decorator.py
[2026-03-01T15:02:37.437+0530] {processor.py:925} INFO - DAG(s) 'example_dag_decorator' retrieved from /home/jenny/.local/lib/python3.13/site-packages/airflow/example_dags/example_dag_decorator.py
[2026-03-01T15:02:37.449+0530] {logging_mixin.py:190} INFO - [2026-03-01T15:02:37.449+0530] {dag.py:3239} INFO - Sync 1 DAGs
[2026-03-01T15:02:37.458+0530] {logging_mixin.py:190} INFO - [2026-03-01T15:02:37.458+0530] {dag.py:4180} INFO - Setting next_dagrun for example_dag_decorator to None, run_after=None
[2026-03-01T15:02:37.496+0530] {processor.py:208} INFO - Processing /home/jenny/.local/lib/python3.13/site-packages/airflow/example_dags/example_dag_decorator.py took 0.094 seconds
[2026-03-01T15:03:34.185+0530] {processor.py:186} INFO - Started process (PID=248773) to work on /home/jenny/.local/lib/python3.13/site-packages/airflow/example_dags/example_dag_decorator.py
[2026-03-01T15:03:34.185+0530] {processor.py:914} INFO - Processing file /home/jenny/.local/lib/python3.13/site-packages/airflow/example_dags/example_dag_decorator.py for tasks to queue
[2026-03-01T15:03:34.187+0530] {logging_mixin.py:190} INFO - [2026-03-01T15:03:34.187+0530] {dagbag.py:588} INFO - Filling up the DagBag from /home/jenny/.local/lib/python3.13/site-packages/airflow/example_dags/example_dag_decorator.py
[2026-03-01T15:03:34.216+0530] {processor.py:925} INFO - DAG(s) 'example_dag_decorator' retrieved from /home/jenny/.local/lib/python3.13/site-packages/airflow/example_dags/example_dag_decorator.py
[2026-03-01T15:03:34.230+0530] {logging_mixin.py:190} INFO - [2026-03-01T15:03:34.230+0530] {dag.py:3239} INFO - Sync 1 DAGs
[2026-03-01T15:03:34.241+0530] {logging_mixin.py:190} INFO - [2026-03-01T15:03:34.241+0530] {dag.py:4180} INFO - Setting next_dagrun for example_dag_decorator to None, run_after=None
[2026-03-01T15:03:34.264+0530] {processor.py:208} INFO - Processing /home/jenny/.local/lib/python3.13/site-packages/airflow/example_dags/example_dag_decorator.py took 0.083 seconds
[2026-03-01T15:04:28.034+0530] {processor.py:186} INFO - Started process (PID=249149) to work on /home/jenny/.local/lib/python3.13/site-packages/airflow/example_dags/example_dag_decorator.py
[2026-03-01T15:04:28.035+0530] {processor.py:914} INFO - Processing file /home/jenny/.local/lib/python3.13/site-packages/airflow/example_dags/example_dag_decorator.py for tasks to queue
[2026-03-01T15:04:28.037+0530] {logging_mixin.py:190} INFO - [2026-03-01T15:04:28.037+0530] {dagbag.py:588} INFO - Filling up the DagBag from /home/jenny/.local/lib/python3.13/site-packages/airflow/example_dags/example_dag_decorator.py
[2026-03-01T15:04:28.062+0530] {processor.py:925} INFO - DAG(s) 'example_dag_decorator' retrieved from /home/jenny/.local/lib/python3.13/site-packages/airflow/example_dags/example_dag_decorator.py
[2026-03-01T15:04:28.074+0530] {logging_mixin.py:190} INFO - [2026-03-01T15:04:28.074+0530] {dag.py:3239} INFO - Sync 1 DAGs
[2026-03-01T15:04:28.085+0530] {logging_mixin.py:190} INFO - [2026-03-01T15:04:28.085+0530] {dag.py:4180} INFO - Setting next_dagrun for example_dag_decorator to None, run_after=None
[2026-03-01T15:04:28.103+0530] {processor.py:208} INFO - Processing /home/jenny/.local/lib/python3.13/site-packages/airflow/example_dags/example_dag_decorator.py took 0.073 seconds
[2026-03-01T15:05:48.080+0530] {processor.py:186} INFO - Started process (PID=249599) to work on /home/jenny/.local/lib/python3.13/site-packages/airflow/example_dags/example_dag_decorator.py
[2026-03-01T15:05:48.082+0530] {processor.py:914} INFO - Processing file /home/jenny/.local/lib/python3.13/site-packages/airflow/example_dags/example_dag_decorator.py for tasks to queue
[2026-03-01T15:05:48.085+0530] {logging_mixin.py:190} INFO - [2026-03-01T15:05:48.084+0530] {dagbag.py:588} INFO - Filling up the DagBag from /home/jenny/.local/lib/python3.13/site-packages/airflow/example_dags/example_dag_decorator.py
[2026-03-01T15:05:48.109+0530] {processor.py:925} INFO - DAG(s) 'example_dag_decorator' retrieved from /home/jenny/.local/lib/python3.13/site-packages/airflow/example_dags/example_dag_decorator.py
[2026-03-01T15:05:48.121+0530] {logging_mixin.py:190} INFO - [2026-03-01T15:05:48.120+0530] {dag.py:3239} INFO - Sync 1 DAGs
[2026-03-01T15:05:48.129+0530] {logging_mixin.py:190} INFO - [2026-03-01T15:05:48.129+0530] {dag.py:4180} INFO - Setting next_dagrun for example_dag_decorator to None, run_after=None
[2026-03-01T15:05:48.146+0530] {processor.py:208} INFO - Processing /home/jenny/.local/lib/python3.13/site-packages/airflow/example_dags/example_dag_decorator.py took 0.071 seconds
[2026-03-01T15:06:41.994+0530] {processor.py:186} INFO - Started process (PID=249797) to work on /home/jenny/.local/lib/python3.13/site-packages/airflow/example_dags/example_dag_decorator.py
[2026-03-01T15:06:41.995+0530] {processor.py:914} INFO - Processing file /home/jenny/.local/lib/python3.13/site-packages/airflow/example_dags/example_dag_decorator.py for tasks to queue
[2026-03-01T15:06:41.998+0530] {logging_mixin.py:190} INFO - [2026-03-01T15:06:41.997+0530] {dagbag.py:588} INFO - Filling up the DagBag from /home/jenny/.local/lib/python3.13/site-packages/airflow/example_dags/example_dag_decorator.py
[2026-03-01T15:06:42.022+0530] {processor.py:925} INFO - DAG(s) 'example_dag_decorator' retrieved from /home/jenny/.local/lib/python3.13/site-packages/airflow/example_dags/example_dag_decorator.py
[2026-03-01T15:06:42.035+0530] {logging_mixin.py:190} INFO - [2026-03-01T15:06:42.035+0530] {dag.py:3239} INFO - Sync 1 DAGs
[2026-03-01T15:06:42.043+0530] {logging_mixin.py:190} INFO - [2026-03-01T15:06:42.043+0530] {dag.py:4180} INFO - Setting next_dagrun for example_dag_decorator to None, run_after=None
[2026-03-01T15:06:42.059+0530] {processor.py:208} INFO - Processing /home/jenny/.local/lib/python3.13/site-packages/airflow/example_dags/example_dag_decorator.py took 0.069 seconds
[2026-03-01T15:07:59.935+0530] {processor.py:186} INFO - Started process (PID=250360) to work on /home/jenny/.local/lib/python3.13/site-packages/airflow/example_dags/example_dag_decorator.py
[2026-03-01T15:07:59.936+0530] {processor.py:914} INFO - Processing file /home/jenny/.local/lib/python3.13/site-packages/airflow/example_dags/example_dag_decorator.py for tasks to queue
[2026-03-01T15:07:59.938+0530] {logging_mixin.py:190} INFO - [2026-03-01T15:07:59.938+0530] {dagbag.py:588} INFO - Filling up the DagBag from /home/jenny/.local/lib/python3.13/site-packages/airflow/example_dags/example_dag_decorator.py
[2026-03-01T15:07:59.985+0530] {processor.py:925} INFO - DAG(s) 'example_dag_decorator' retrieved from /home/jenny/.local/lib/python3.13/site-packages/airflow/example_dags/example_dag_decorator.py
[2026-03-01T15:08:00.004+0530] {logging_mixin.py:190} INFO - [2026-03-01T15:08:00.003+0530] {dag.py:3239} INFO - Sync 1 DAGs
[2026-03-01T15:08:00.015+0530] {logging_mixin.py:190} INFO - [2026-03-01T15:08:00.014+0530] {dag.py:4180} INFO - Setting next_dagrun for example_dag_decorator to None, run_after=None
[2026-03-01T15:08:00.034+0530] {processor.py:208} INFO - Processing /home/jenny/.local/lib/python3.13/site-packages/airflow/example_dags/example_dag_decorator.py took 0.106 seconds
[2026-03-01T15:08:53.379+0530] {processor.py:186} INFO - Started process (PID=250606) to work on /home/jenny/.local/lib/python3.13/site-packages/airflow/example_dags/example_dag_decorator.py
[2026-03-01T15:08:53.380+0530] {processor.py:914} INFO - Processing file /home/jenny/.local/lib/python3.13/site-packages/airflow/example_dags/example_dag_decorator.py for tasks to queue
[2026-03-01T15:08:53.383+0530] {logging_mixin.py:190} INFO - [2026-03-01T15:08:53.383+0530] {dagbag.py:588} INFO - Filling up the DagBag from /home/jenny/.local/lib/python3.13/site-packages/airflow/example_dags/example_dag_decorator.py
[2026-03-01T15:08:53.408+0530] {processor.py:925} INFO - DAG(s) 'example_dag_decorator' retrieved from /home/jenny/.local/lib/python3.13/site-packages/airflow/example_dags/example_dag_decorator.py
[2026-03-01T15:08:53.420+0530] {logging_mixin.py:190} INFO - [2026-03-01T15:08:53.420+0530] {dag.py:3239} INFO - Sync 1 DAGs
[2026-03-01T15:08:53.428+0530] {logging_mixin.py:190} INFO - [2026-03-01T15:08:53.428+0530] {dag.py:4180} INFO - Setting next_dagrun for example_dag_decorator to None, run_after=None
[2026-03-01T15:08:53.447+0530] {processor.py:208} INFO - Processing /home/jenny/.local/lib/python3.13/site-packages/airflow/example_dags/example_dag_decorator.py took 0.073 seconds
[2026-03-01T15:10:11.594+0530] {processor.py:186} INFO - Started process (PID=251133) to work on /home/jenny/.local/lib/python3.13/site-packages/airflow/example_dags/example_dag_decorator.py
[2026-03-01T15:10:11.594+0530] {processor.py:914} INFO - Processing file /home/jenny/.local/lib/python3.13/site-packages/airflow/example_dags/example_dag_decorator.py for tasks to queue
[2026-03-01T15:10:11.596+0530] {logging_mixin.py:190} INFO - [2026-03-01T15:10:11.596+0530] {dagbag.py:588} INFO - Filling up the DagBag from /home/jenny/.local/lib/python3.13/site-packages/airflow/example_dags/example_dag_decorator.py
[2026-03-01T15:10:11.629+0530] {processor.py:925} INFO - DAG(s) 'example_dag_decorator' retrieved from /home/jenny/.local/lib/python3.13/site-packages/airflow/example_dags/example_dag_decorator.py
[2026-03-01T15:10:11.647+0530] {logging_mixin.py:190} INFO - [2026-03-01T15:10:11.647+0530] {dag.py:3239} INFO - Sync 1 DAGs
[2026-03-01T15:10:11.659+0530] {logging_mixin.py:190} INFO - [2026-03-01T15:10:11.658+0530] {dag.py:4180} INFO - Setting next_dagrun for example_dag_decorator to None, run_after=None
[2026-03-01T15:10:11.682+0530] {processor.py:208} INFO - Processing /home/jenny/.local/lib/python3.13/site-packages/airflow/example_dags/example_dag_decorator.py took 0.093 seconds
[2026-03-01T19:41:44.355+0530] {processor.py:186} INFO - Started process (PID=255647) to work on /home/jenny/.local/lib/python3.13/site-packages/airflow/example_dags/example_dag_decorator.py
[2026-03-01T19:41:44.356+0530] {processor.py:914} INFO - Processing file /home/jenny/.local/lib/python3.13/site-packages/airflow/example_dags/example_dag_decorator.py for tasks to queue
[2026-03-01T19:41:44.358+0530] {logging_mixin.py:190} INFO - [2026-03-01T19:41:44.357+0530] {dagbag.py:588} INFO - Filling up the DagBag from /home/jenny/.local/lib/python3.13/site-packages/airflow/example_dags/example_dag_decorator.py
[2026-03-01T19:41:44.383+0530] {processor.py:925} INFO - DAG(s) 'example_dag_decorator' retrieved from /home/jenny/.local/lib/python3.13/site-packages/airflow/example_dags/example_dag_decorator.py
[2026-03-01T19:41:44.443+0530] {logging_mixin.py:190} INFO - [2026-03-01T19:41:44.443+0530] {dag.py:3239} INFO - Sync 1 DAGs
[2026-03-01T19:41:44.450+0530] {logging_mixin.py:190} INFO - [2026-03-01T19:41:44.450+0530] {dag.py:4180} INFO - Setting next_dagrun for example_dag_decorator to None, run_after=None
[2026-03-01T19:41:44.469+0530] {processor.py:208} INFO - Processing /home/jenny/.local/lib/python3.13/site-packages/airflow/example_dags/example_dag_decorator.py took 0.119 seconds
[2026-03-01T19:42:41.626+0530] {processor.py:186} INFO - Started process (PID=255909) to work on /home/jenny/.local/lib/python3.13/site-packages/airflow/example_dags/example_dag_decorator.py
[2026-03-01T19:42:41.627+0530] {processor.py:914} INFO - Processing file /home/jenny/.local/lib/python3.13/site-packages/airflow/example_dags/example_dag_decorator.py for tasks to queue
[2026-03-01T19:42:41.628+0530] {logging_mixin.py:190} INFO - [2026-03-01T19:42:41.628+0530] {dagbag.py:588} INFO - Filling up the DagBag from /home/jenny/.local/lib/python3.13/site-packages/airflow/example_dags/example_dag_decorator.py
[2026-03-01T19:42:41.678+0530] {processor.py:925} INFO - DAG(s) 'example_dag_decorator' retrieved from /home/jenny/.local/lib/python3.13/site-packages/airflow/example_dags/example_dag_decorator.py
[2026-03-01T19:42:41.697+0530] {logging_mixin.py:190} INFO - [2026-03-01T19:42:41.697+0530] {dag.py:3239} INFO - Sync 1 DAGs
[2026-03-01T19:42:41.710+0530] {logging_mixin.py:190} INFO - [2026-03-01T19:42:41.709+0530] {dag.py:4180} INFO - Setting next_dagrun for example_dag_decorator to None, run_after=None
[2026-03-01T19:42:41.737+0530] {processor.py:208} INFO - Processing /home/jenny/.local/lib/python3.13/site-packages/airflow/example_dags/example_dag_decorator.py took 0.114 seconds
[2026-03-01T19:43:34.853+0530] {processor.py:186} INFO - Started process (PID=256209) to work on /home/jenny/.local/lib/python3.13/site-packages/airflow/example_dags/example_dag_decorator.py
[2026-03-01T19:43:34.854+0530] {processor.py:914} INFO - Processing file /home/jenny/.local/lib/python3.13/site-packages/airflow/example_dags/example_dag_decorator.py for tasks to queue
[2026-03-01T19:43:34.855+0530] {logging_mixin.py:190} INFO - [2026-03-01T19:43:34.855+0530] {dagbag.py:588} INFO - Filling up the DagBag from /home/jenny/.local/lib/python3.13/site-packages/airflow/example_dags/example_dag_decorator.py
[2026-03-01T19:43:34.880+0530] {processor.py:925} INFO - DAG(s) 'example_dag_decorator' retrieved from /home/jenny/.local/lib/python3.13/site-packages/airflow/example_dags/example_dag_decorator.py
[2026-03-01T19:43:34.946+0530] {logging_mixin.py:190} INFO - [2026-03-01T19:43:34.946+0530] {dag.py:3239} INFO - Sync 1 DAGs
[2026-03-01T19:43:34.954+0530] {logging_mixin.py:190} INFO - [2026-03-01T19:43:34.954+0530] {dag.py:4180} INFO - Setting next_dagrun for example_dag_decorator to None, run_after=None
[2026-03-01T19:43:34.985+0530] {processor.py:208} INFO - Processing /home/jenny/.local/lib/python3.13/site-packages/airflow/example_dags/example_dag_decorator.py took 0.139 seconds
[2026-03-01T19:44:28.017+0530] {processor.py:186} INFO - Started process (PID=256354) to work on /home/jenny/.local/lib/python3.13/site-packages/airflow/example_dags/example_dag_decorator.py
[2026-03-01T19:44:28.018+0530] {processor.py:914} INFO - Processing file /home/jenny/.local/lib/python3.13/site-packages/airflow/example_dags/example_dag_decorator.py for tasks to queue
[2026-03-01T19:44:28.020+0530] {logging_mixin.py:190} INFO - [2026-03-01T19:44:28.019+0530] {dagbag.py:588} INFO - Filling up the DagBag from /home/jenny/.local/lib/python3.13/site-packages/airflow/example_dags/example_dag_decorator.py
[2026-03-01T19:44:28.045+0530] {processor.py:925} INFO - DAG(s) 'example_dag_decorator' retrieved from /home/jenny/.local/lib/python3.13/site-packages/airflow/example_dags/example_dag_decorator.py
[2026-03-01T19:44:28.056+0530] {logging_mixin.py:190} INFO - [2026-03-01T19:44:28.056+0530] {dag.py:3239} INFO - Sync 1 DAGs
[2026-03-01T19:44:28.065+0530] {logging_mixin.py:190} INFO - [2026-03-01T19:44:28.065+0530] {dag.py:4180} INFO - Setting next_dagrun for example_dag_decorator to None, run_after=None
[2026-03-01T19:44:28.087+0530] {processor.py:208} INFO - Processing /home/jenny/.local/lib/python3.13/site-packages/airflow/example_dags/example_dag_decorator.py took 0.074 seconds
[2026-03-01T19:45:21.625+0530] {processor.py:186} INFO - Started process (PID=256869) to work on /home/jenny/.local/lib/python3.13/site-packages/airflow/example_dags/example_dag_decorator.py
[2026-03-01T19:45:21.626+0530] {processor.py:914} INFO - Processing file /home/jenny/.local/lib/python3.13/site-packages/airflow/example_dags/example_dag_decorator.py for tasks to queue
[2026-03-01T19:45:21.628+0530] {logging_mixin.py:190} INFO - [2026-03-01T19:45:21.627+0530] {dagbag.py:588} INFO - Filling up the DagBag from /home/jenny/.local/lib/python3.13/site-packages/airflow/example_dags/example_dag_decorator.py
[2026-03-01T19:45:21.653+0530] {processor.py:925} INFO - DAG(s) 'example_dag_decorator' retrieved from /home/jenny/.local/lib/python3.13/site-packages/airflow/example_dags/example_dag_decorator.py
[2026-03-01T19:45:21.663+0530] {logging_mixin.py:190} INFO - [2026-03-01T19:45:21.663+0530] {dag.py:3239} INFO - Sync 1 DAGs
[2026-03-01T19:45:21.672+0530] {logging_mixin.py:190} INFO - [2026-03-01T19:45:21.672+0530] {dag.py:4180} INFO - Setting next_dagrun for example_dag_decorator to None, run_after=None
[2026-03-01T19:45:21.691+0530] {processor.py:208} INFO - Processing /home/jenny/.local/lib/python3.13/site-packages/airflow/example_dags/example_dag_decorator.py took 0.073 seconds
[2026-03-01T19:46:38.949+0530] {processor.py:186} INFO - Started process (PID=258052) to work on /home/jenny/.local/lib/python3.13/site-packages/airflow/example_dags/example_dag_decorator.py
[2026-03-01T19:46:38.950+0530] {processor.py:914} INFO - Processing file /home/jenny/.local/lib/python3.13/site-packages/airflow/example_dags/example_dag_decorator.py for tasks to queue
[2026-03-01T19:46:38.951+0530] {logging_mixin.py:190} INFO - [2026-03-01T19:46:38.951+0530] {dagbag.py:588} INFO - Filling up the DagBag from /home/jenny/.local/lib/python3.13/site-packages/airflow/example_dags/example_dag_decorator.py
[2026-03-01T19:46:38.975+0530] {processor.py:925} INFO - DAG(s) 'example_dag_decorator' retrieved from /home/jenny/.local/lib/python3.13/site-packages/airflow/example_dags/example_dag_decorator.py
[2026-03-01T19:46:39.039+0530] {logging_mixin.py:190} INFO - [2026-03-01T19:46:39.039+0530] {dag.py:3239} INFO - Sync 1 DAGs
[2026-03-01T19:46:39.046+0530] {logging_mixin.py:190} INFO - [2026-03-01T19:46:39.046+0530] {dag.py:4180} INFO - Setting next_dagrun for example_dag_decorator to None, run_after=None
[2026-03-01T19:46:39.063+0530] {processor.py:208} INFO - Processing /home/jenny/.local/lib/python3.13/site-packages/airflow/example_dags/example_dag_decorator.py took 0.118 seconds
[2026-03-01T19:47:57.311+0530] {processor.py:186} INFO - Started process (PID=260031) to work on /home/jenny/.local/lib/python3.13/site-packages/airflow/example_dags/example_dag_decorator.py
[2026-03-01T19:47:57.312+0530] {processor.py:914} INFO - Processing file /home/jenny/.local/lib/python3.13/site-packages/airflow/example_dags/example_dag_decorator.py for tasks to queue
[2026-03-01T19:47:57.313+0530] {logging_mixin.py:190} INFO - [2026-03-01T19:47:57.312+0530] {dagbag.py:588} INFO - Filling up the DagBag from /home/jenny/.local/lib/python3.13/site-packages/airflow/example_dags/example_dag_decorator.py
[2026-03-01T19:47:57.337+0530] {processor.py:925} INFO - DAG(s) 'example_dag_decorator' retrieved from /home/jenny/.local/lib/python3.13/site-packages/airflow/example_dags/example_dag_decorator.py
[2026-03-01T19:47:57.398+0530] {logging_mixin.py:190} INFO - [2026-03-01T19:47:57.398+0530] {dag.py:3239} INFO - Sync 1 DAGs
[2026-03-01T19:47:57.406+0530] {logging_mixin.py:190} INFO - [2026-03-01T19:47:57.405+0530] {dag.py:4180} INFO - Setting next_dagrun for example_dag_decorator to None, run_after=None
[2026-03-01T19:47:57.421+0530] {processor.py:208} INFO - Processing /home/jenny/.local/lib/python3.13/site-packages/airflow/example_dags/example_dag_decorator.py took 0.114 seconds
[2026-03-01T19:48:50.348+0530] {processor.py:186} INFO - Started process (PID=261038) to work on /home/jenny/.local/lib/python3.13/site-packages/airflow/example_dags/example_dag_decorator.py
[2026-03-01T19:48:50.349+0530] {processor.py:914} INFO - Processing file /home/jenny/.local/lib/python3.13/site-packages/airflow/example_dags/example_dag_decorator.py for tasks to queue
[2026-03-01T19:48:50.351+0530] {logging_mixin.py:190} INFO - [2026-03-01T19:48:50.351+0530] {dagbag.py:588} INFO - Filling up the DagBag from /home/jenny/.local/lib/python3.13/site-packages/airflow/example_dags/example_dag_decorator.py
[2026-03-01T19:48:50.377+0530] {processor.py:925} INFO - DAG(s) 'example_dag_decorator' retrieved from /home/jenny/.local/lib/python3.13/site-packages/airflow/example_dags/example_dag_decorator.py
[2026-03-01T19:48:50.388+0530] {logging_mixin.py:190} INFO - [2026-03-01T19:48:50.388+0530] {dag.py:3239} INFO - Sync 1 DAGs
[2026-03-01T19:48:50.397+0530] {logging_mixin.py:190} INFO - [2026-03-01T19:48:50.397+0530] {dag.py:4180} INFO - Setting next_dagrun for example_dag_decorator to None, run_after=None
[2026-03-01T19:48:50.486+0530] {processor.py:208} INFO - Processing /home/jenny/.local/lib/python3.13/site-packages/airflow/example_dags/example_dag_decorator.py took 0.142 seconds
[2026-03-01T19:49:44.515+0530] {processor.py:186} INFO - Started process (PID=261569) to work on /home/jenny/.local/lib/python3.13/site-packages/airflow/example_dags/example_dag_decorator.py
[2026-03-01T19:49:44.516+0530] {processor.py:914} INFO - Processing file /home/jenny/.local/lib/python3.13/site-packages/airflow/example_dags/example_dag_decorator.py for tasks to queue
[2026-03-01T19:49:44.518+0530] {logging_mixin.py:190} INFO - [2026-03-01T19:49:44.517+0530] {dagbag.py:588} INFO - Filling up the DagBag from /home/jenny/.local/lib/python3.13/site-packages/airflow/example_dags/example_dag_decorator.py
[2026-03-01T19:49:44.543+0530] {processor.py:925} INFO - DAG(s) 'example_dag_decorator' retrieved from /home/jenny/.local/lib/python3.13/site-packages/airflow/example_dags/example_dag_decorator.py
[2026-03-01T19:49:44.554+0530] {logging_mixin.py:190} INFO - [2026-03-01T19:49:44.554+0530] {dag.py:3239} INFO - Sync 1 DAGs
[2026-03-01T19:49:44.563+0530] {logging_mixin.py:190} INFO - [2026-03-01T19:49:44.563+0530] {dag.py:4180} INFO - Setting next_dagrun for example_dag_decorator to None, run_after=None
[2026-03-01T19:49:44.578+0530] {processor.py:208} INFO - Processing /home/jenny/.local/lib/python3.13/site-packages/airflow/example_dags/example_dag_decorator.py took 0.069 seconds
[2026-03-01T19:50:37.517+0530] {processor.py:186} INFO - Started process (PID=261895) to work on /home/jenny/.local/lib/python3.13/site-packages/airflow/example_dags/example_dag_decorator.py
[2026-03-01T19:50:37.518+0530] {processor.py:914} INFO - Processing file /home/jenny/.local/lib/python3.13/site-packages/airflow/example_dags/example_dag_decorator.py for tasks to queue
[2026-03-01T19:50:37.519+0530] {logging_mixin.py:190} INFO - [2026-03-01T19:50:37.519+0530] {dagbag.py:588} INFO - Filling up the DagBag from /home/jenny/.local/lib/python3.13/site-packages/airflow/example_dags/example_dag_decorator.py
[2026-03-01T19:50:37.543+0530] {processor.py:925} INFO - DAG(s) 'example_dag_decorator' retrieved from /home/jenny/.local/lib/python3.13/site-packages/airflow/example_dags/example_dag_decorator.py
[2026-03-01T19:50:37.554+0530] {logging_mixin.py:190} INFO - [2026-03-01T19:50:37.554+0530] {dag.py:3239} INFO - Sync 1 DAGs
[2026-03-01T19:50:37.564+0530] {logging_mixin.py:190} INFO - [2026-03-01T19:50:37.564+0530] {dag.py:4180} INFO - Setting next_dagrun for example_dag_decorator to None, run_after=None
[2026-03-01T19:50:37.579+0530] {processor.py:208} INFO - Processing /home/jenny/.local/lib/python3.13/site-packages/airflow/example_dags/example_dag_decorator.py took 0.066 seconds
[2026-03-01T19:51:31.315+0530] {processor.py:186} INFO - Started process (PID=262408) to work on /home/jenny/.local/lib/python3.13/site-packages/airflow/example_dags/example_dag_decorator.py
[2026-03-01T19:51:31.316+0530] {processor.py:914} INFO - Processing file /home/jenny/.local/lib/python3.13/site-packages/airflow/example_dags/example_dag_decorator.py for tasks to queue
[2026-03-01T19:51:31.317+0530] {logging_mixin.py:190} INFO - [2026-03-01T19:51:31.317+0530] {dagbag.py:588} INFO - Filling up the DagBag from /home/jenny/.local/lib/python3.13/site-packages/airflow/example_dags/example_dag_decorator.py
[2026-03-01T19:51:31.346+0530] {processor.py:925} INFO - DAG(s) 'example_dag_decorator' retrieved from /home/jenny/.local/lib/python3.13/site-packages/airflow/example_dags/example_dag_decorator.py
[2026-03-01T19:51:31.360+0530] {logging_mixin.py:190} INFO - [2026-03-01T19:51:31.360+0530] {dag.py:3239} INFO - Sync 1 DAGs
[2026-03-01T19:51:31.370+0530] {logging_mixin.py:190} INFO - [2026-03-01T19:51:31.370+0530] {dag.py:4180} INFO - Setting next_dagrun for example_dag_decorator to None, run_after=None
[2026-03-01T19:51:31.389+0530] {processor.py:208} INFO - Processing /home/jenny/.local/lib/python3.13/site-packages/airflow/example_dags/example_dag_decorator.py took 0.078 seconds
[2026-03-01T19:52:25.664+0530] {processor.py:186} INFO - Started process (PID=262593) to work on /home/jenny/.local/lib/python3.13/site-packages/airflow/example_dags/example_dag_decorator.py
[2026-03-01T19:52:25.665+0530] {processor.py:914} INFO - Processing file /home/jenny/.local/lib/python3.13/site-packages/airflow/example_dags/example_dag_decorator.py for tasks to queue
[2026-03-01T19:52:25.666+0530] {logging_mixin.py:190} INFO - [2026-03-01T19:52:25.666+0530] {dagbag.py:588} INFO - Filling up the DagBag from /home/jenny/.local/lib/python3.13/site-packages/airflow/example_dags/example_dag_decorator.py
[2026-03-01T19:52:25.692+0530] {processor.py:925} INFO - DAG(s) 'example_dag_decorator' retrieved from /home/jenny/.local/lib/python3.13/site-packages/airflow/example_dags/example_dag_decorator.py
[2026-03-01T19:52:25.703+0530] {logging_mixin.py:190} INFO - [2026-03-01T19:52:25.703+0530] {dag.py:3239} INFO - Sync 1 DAGs
[2026-03-01T19:52:25.712+0530] {logging_mixin.py:190} INFO - [2026-03-01T19:52:25.712+0530] {dag.py:4180} INFO - Setting next_dagrun for example_dag_decorator to None, run_after=None
[2026-03-01T19:52:25.731+0530] {processor.py:208} INFO - Processing /home/jenny/.local/lib/python3.13/site-packages/airflow/example_dags/example_dag_decorator.py took 0.072 seconds
[2026-03-01T19:53:20.533+0530] {processor.py:186} INFO - Started process (PID=262788) to work on /home/jenny/.local/lib/python3.13/site-packages/airflow/example_dags/example_dag_decorator.py
[2026-03-01T19:53:20.534+0530] {processor.py:914} INFO - Processing file /home/jenny/.local/lib/python3.13/site-packages/airflow/example_dags/example_dag_decorator.py for tasks to queue
[2026-03-01T19:53:20.536+0530] {logging_mixin.py:190} INFO - [2026-03-01T19:53:20.535+0530] {dagbag.py:588} INFO - Filling up the DagBag from /home/jenny/.local/lib/python3.13/site-packages/airflow/example_dags/example_dag_decorator.py
[2026-03-01T19:53:20.561+0530] {processor.py:925} INFO - DAG(s) 'example_dag_decorator' retrieved from /home/jenny/.local/lib/python3.13/site-packages/airflow/example_dags/example_dag_decorator.py
[2026-03-01T19:53:20.572+0530] {logging_mixin.py:190} INFO - [2026-03-01T19:53:20.572+0530] {dag.py:3239} INFO - Sync 1 DAGs
[2026-03-01T19:53:20.583+0530] {logging_mixin.py:190} INFO - [2026-03-01T19:53:20.583+0530] {dag.py:4180} INFO - Setting next_dagrun for example_dag_decorator to None, run_after=None
[2026-03-01T19:53:20.608+0530] {processor.py:208} INFO - Processing /home/jenny/.local/lib/python3.13/site-packages/airflow/example_dags/example_dag_decorator.py took 0.081 seconds
[2026-03-01T19:54:12.564+0530] {processor.py:186} INFO - Started process (PID=263675) to work on /home/jenny/.local/lib/python3.13/site-packages/airflow/example_dags/example_dag_decorator.py
[2026-03-01T19:54:12.564+0530] {processor.py:914} INFO - Processing file /home/jenny/.local/lib/python3.13/site-packages/airflow/example_dags/example_dag_decorator.py for tasks to queue
[2026-03-01T19:54:12.565+0530] {logging_mixin.py:190} INFO - [2026-03-01T19:54:12.565+0530] {dagbag.py:588} INFO - Filling up the DagBag from /home/jenny/.local/lib/python3.13/site-packages/airflow/example_dags/example_dag_decorator.py
[2026-03-01T19:54:12.594+0530] {processor.py:925} INFO - DAG(s) 'example_dag_decorator' retrieved from /home/jenny/.local/lib/python3.13/site-packages/airflow/example_dags/example_dag_decorator.py
[2026-03-01T19:54:12.608+0530] {logging_mixin.py:190} INFO - [2026-03-01T19:54:12.607+0530] {dag.py:3239} INFO - Sync 1 DAGs
[2026-03-01T19:54:12.620+0530] {logging_mixin.py:190} INFO - [2026-03-01T19:54:12.619+0530] {dag.py:4180} INFO - Setting next_dagrun for example_dag_decorator to None, run_after=None
[2026-03-01T19:54:12.649+0530] {processor.py:208} INFO - Processing /home/jenny/.local/lib/python3.13/site-packages/airflow/example_dags/example_dag_decorator.py took 0.089 seconds
