[2026-03-01T14:14:58.512+0530] {processor.py:186} INFO - Started process (PID=212928) to work on /home/jenny/.local/lib/python3.13/site-packages/airflow/example_dags/example_sla_dag.py
[2026-03-01T14:14:58.513+0530] {processor.py:914} INFO - Processing file /home/jenny/.local/lib/python3.13/site-packages/airflow/example_dags/example_sla_dag.py for tasks to queue
[2026-03-01T14:14:58.516+0530] {logging_mixin.py:190} INFO - [2026-03-01T14:14:58.515+0530] {dagbag.py:588} INFO - Filling up the DagBag from /home/jenny/.local/lib/python3.13/site-packages/airflow/example_dags/example_sla_dag.py
[2026-03-01T14:14:58.523+0530] {processor.py:925} INFO - DAG(s) 'example_sla_dag' retrieved from /home/jenny/.local/lib/python3.13/site-packages/airflow/example_dags/example_sla_dag.py
[2026-03-01T14:14:58.603+0530] {logging_mixin.py:190} INFO - [2026-03-01T14:14:58.602+0530] {override.py:1932} INFO - Created Permission View: can read on DAG:example_sla_dag
[2026-03-01T14:14:58.614+0530] {logging_mixin.py:190} INFO - [2026-03-01T14:14:58.614+0530] {override.py:1932} INFO - Created Permission View: can delete on DAG:example_sla_dag
[2026-03-01T14:14:58.625+0530] {logging_mixin.py:190} INFO - [2026-03-01T14:14:58.625+0530] {override.py:1932} INFO - Created Permission View: can edit on DAG:example_sla_dag
[2026-03-01T14:14:58.659+0530] {logging_mixin.py:190} INFO - [2026-03-01T14:14:58.658+0530] {override.py:1932} INFO - Created Permission View: can read on DAG Run:example_sla_dag
[2026-03-01T14:14:58.673+0530] {logging_mixin.py:190} INFO - [2026-03-01T14:14:58.672+0530] {override.py:1932} INFO - Created Permission View: menu access on DAG Run:example_sla_dag
[2026-03-01T14:14:58.686+0530] {logging_mixin.py:190} INFO - [2026-03-01T14:14:58.685+0530] {override.py:1932} INFO - Created Permission View: can create on DAG Run:example_sla_dag
[2026-03-01T14:14:58.700+0530] {logging_mixin.py:190} INFO - [2026-03-01T14:14:58.699+0530] {override.py:1932} INFO - Created Permission View: can delete on DAG Run:example_sla_dag
[2026-03-01T14:14:58.701+0530] {logging_mixin.py:190} INFO - [2026-03-01T14:14:58.700+0530] {dag.py:3239} INFO - Sync 1 DAGs
[2026-03-01T14:14:58.713+0530] {logging_mixin.py:190} INFO - [2026-03-01T14:14:58.713+0530] {dag.py:3262} INFO - Creating ORM DAG for example_sla_dag
[2026-03-01T14:14:58.719+0530] {logging_mixin.py:190} INFO - [2026-03-01T14:14:58.719+0530] {dag.py:4180} INFO - Setting next_dagrun for example_sla_dag to 2026-03-01 08:42:00+00:00, run_after=2026-03-01 08:44:00+00:00
[2026-03-01T14:14:58.733+0530] {processor.py:208} INFO - Processing /home/jenny/.local/lib/python3.13/site-packages/airflow/example_dags/example_sla_dag.py took 0.224 seconds
[2026-03-01T14:16:02.435+0530] {processor.py:186} INFO - Started process (PID=213409) to work on /home/jenny/.local/lib/python3.13/site-packages/airflow/example_dags/example_sla_dag.py
[2026-03-01T14:16:02.435+0530] {processor.py:914} INFO - Processing file /home/jenny/.local/lib/python3.13/site-packages/airflow/example_dags/example_sla_dag.py for tasks to queue
[2026-03-01T14:16:02.437+0530] {logging_mixin.py:190} INFO - [2026-03-01T14:16:02.436+0530] {dagbag.py:588} INFO - Filling up the DagBag from /home/jenny/.local/lib/python3.13/site-packages/airflow/example_dags/example_sla_dag.py
[2026-03-01T14:16:02.444+0530] {processor.py:925} INFO - DAG(s) 'example_sla_dag' retrieved from /home/jenny/.local/lib/python3.13/site-packages/airflow/example_dags/example_sla_dag.py
[2026-03-01T14:16:02.452+0530] {logging_mixin.py:190} INFO - [2026-03-01T14:16:02.452+0530] {dag.py:3239} INFO - Sync 1 DAGs
[2026-03-01T14:16:02.468+0530] {logging_mixin.py:190} INFO - [2026-03-01T14:16:02.468+0530] {dag.py:4180} INFO - Setting next_dagrun for example_sla_dag to 2026-03-01 08:44:00+00:00, run_after=2026-03-01 08:46:00+00:00
[2026-03-01T14:16:02.484+0530] {processor.py:208} INFO - Processing /home/jenny/.local/lib/python3.13/site-packages/airflow/example_dags/example_sla_dag.py took 0.053 seconds
[2026-03-01T14:16:58.131+0530] {processor.py:186} INFO - Started process (PID=214881) to work on /home/jenny/.local/lib/python3.13/site-packages/airflow/example_dags/example_sla_dag.py
[2026-03-01T14:16:58.132+0530] {processor.py:914} INFO - Processing file /home/jenny/.local/lib/python3.13/site-packages/airflow/example_dags/example_sla_dag.py for tasks to queue
[2026-03-01T14:16:58.134+0530] {logging_mixin.py:190} INFO - [2026-03-01T14:16:58.134+0530] {dagbag.py:588} INFO - Filling up the DagBag from /home/jenny/.local/lib/python3.13/site-packages/airflow/example_dags/example_sla_dag.py
[2026-03-01T14:16:58.140+0530] {processor.py:925} INFO - DAG(s) 'example_sla_dag' retrieved from /home/jenny/.local/lib/python3.13/site-packages/airflow/example_dags/example_sla_dag.py
[2026-03-01T14:16:58.148+0530] {logging_mixin.py:190} INFO - [2026-03-01T14:16:58.148+0530] {dag.py:3239} INFO - Sync 1 DAGs
[2026-03-01T14:16:58.164+0530] {logging_mixin.py:190} INFO - [2026-03-01T14:16:58.164+0530] {dag.py:4180} INFO - Setting next_dagrun for example_sla_dag to 2026-03-01 08:44:00+00:00, run_after=2026-03-01 08:46:00+00:00
[2026-03-01T14:16:58.179+0530] {processor.py:208} INFO - Processing /home/jenny/.local/lib/python3.13/site-packages/airflow/example_dags/example_sla_dag.py took 0.051 seconds
[2026-03-01T14:18:16.391+0530] {processor.py:186} INFO - Started process (PID=215607) to work on /home/jenny/.local/lib/python3.13/site-packages/airflow/example_dags/example_sla_dag.py
[2026-03-01T14:18:16.393+0530] {processor.py:914} INFO - Processing file /home/jenny/.local/lib/python3.13/site-packages/airflow/example_dags/example_sla_dag.py for tasks to queue
[2026-03-01T14:18:16.397+0530] {logging_mixin.py:190} INFO - [2026-03-01T14:18:16.397+0530] {dagbag.py:588} INFO - Filling up the DagBag from /home/jenny/.local/lib/python3.13/site-packages/airflow/example_dags/example_sla_dag.py
[2026-03-01T14:18:16.404+0530] {processor.py:925} INFO - DAG(s) 'example_sla_dag' retrieved from /home/jenny/.local/lib/python3.13/site-packages/airflow/example_dags/example_sla_dag.py
[2026-03-01T14:18:16.467+0530] {logging_mixin.py:190} INFO - [2026-03-01T14:18:16.467+0530] {dag.py:3239} INFO - Sync 1 DAGs
[2026-03-01T14:18:16.480+0530] {logging_mixin.py:190} INFO - [2026-03-01T14:18:16.480+0530] {dag.py:4180} INFO - Setting next_dagrun for example_sla_dag to 2026-03-01 08:46:00+00:00, run_after=2026-03-01 08:48:00+00:00
[2026-03-01T14:18:16.498+0530] {processor.py:208} INFO - Processing /home/jenny/.local/lib/python3.13/site-packages/airflow/example_dags/example_sla_dag.py took 0.113 seconds
[2026-03-01T14:19:16.747+0530] {processor.py:186} INFO - Started process (PID=216422) to work on /home/jenny/.local/lib/python3.13/site-packages/airflow/example_dags/example_sla_dag.py
[2026-03-01T14:19:16.748+0530] {processor.py:914} INFO - Processing file /home/jenny/.local/lib/python3.13/site-packages/airflow/example_dags/example_sla_dag.py for tasks to queue
[2026-03-01T14:19:16.753+0530] {logging_mixin.py:190} INFO - [2026-03-01T14:19:16.752+0530] {dagbag.py:588} INFO - Filling up the DagBag from /home/jenny/.local/lib/python3.13/site-packages/airflow/example_dags/example_sla_dag.py
[2026-03-01T14:19:16.760+0530] {processor.py:925} INFO - DAG(s) 'example_sla_dag' retrieved from /home/jenny/.local/lib/python3.13/site-packages/airflow/example_dags/example_sla_dag.py
[2026-03-01T14:19:16.768+0530] {logging_mixin.py:190} INFO - [2026-03-01T14:19:16.768+0530] {dag.py:3239} INFO - Sync 1 DAGs
[2026-03-01T14:19:16.783+0530] {logging_mixin.py:190} INFO - [2026-03-01T14:19:16.783+0530] {dag.py:4180} INFO - Setting next_dagrun for example_sla_dag to 2026-03-01 08:46:00+00:00, run_after=2026-03-01 08:48:00+00:00
[2026-03-01T14:19:16.800+0530] {processor.py:208} INFO - Processing /home/jenny/.local/lib/python3.13/site-packages/airflow/example_dags/example_sla_dag.py took 0.059 seconds
[2026-03-01T14:20:16.847+0530] {processor.py:186} INFO - Started process (PID=216680) to work on /home/jenny/.local/lib/python3.13/site-packages/airflow/example_dags/example_sla_dag.py
[2026-03-01T14:20:16.849+0530] {processor.py:914} INFO - Processing file /home/jenny/.local/lib/python3.13/site-packages/airflow/example_dags/example_sla_dag.py for tasks to queue
[2026-03-01T14:20:16.852+0530] {logging_mixin.py:190} INFO - [2026-03-01T14:20:16.852+0530] {dagbag.py:588} INFO - Filling up the DagBag from /home/jenny/.local/lib/python3.13/site-packages/airflow/example_dags/example_sla_dag.py
[2026-03-01T14:20:16.861+0530] {processor.py:925} INFO - DAG(s) 'example_sla_dag' retrieved from /home/jenny/.local/lib/python3.13/site-packages/airflow/example_dags/example_sla_dag.py
[2026-03-01T14:20:16.869+0530] {logging_mixin.py:190} INFO - [2026-03-01T14:20:16.869+0530] {dag.py:3239} INFO - Sync 1 DAGs
[2026-03-01T14:20:16.887+0530] {logging_mixin.py:190} INFO - [2026-03-01T14:20:16.887+0530] {dag.py:4180} INFO - Setting next_dagrun for example_sla_dag to 2026-03-01 08:48:00+00:00, run_after=2026-03-01 08:50:00+00:00
[2026-03-01T14:20:16.903+0530] {processor.py:208} INFO - Processing /home/jenny/.local/lib/python3.13/site-packages/airflow/example_dags/example_sla_dag.py took 0.063 seconds
[2026-03-01T14:21:13.737+0530] {processor.py:186} INFO - Started process (PID=216849) to work on /home/jenny/.local/lib/python3.13/site-packages/airflow/example_dags/example_sla_dag.py
[2026-03-01T14:21:13.738+0530] {processor.py:914} INFO - Processing file /home/jenny/.local/lib/python3.13/site-packages/airflow/example_dags/example_sla_dag.py for tasks to queue
[2026-03-01T14:21:13.740+0530] {logging_mixin.py:190} INFO - [2026-03-01T14:21:13.740+0530] {dagbag.py:588} INFO - Filling up the DagBag from /home/jenny/.local/lib/python3.13/site-packages/airflow/example_dags/example_sla_dag.py
[2026-03-01T14:21:13.750+0530] {processor.py:925} INFO - DAG(s) 'example_sla_dag' retrieved from /home/jenny/.local/lib/python3.13/site-packages/airflow/example_dags/example_sla_dag.py
[2026-03-01T14:21:13.762+0530] {logging_mixin.py:190} INFO - [2026-03-01T14:21:13.761+0530] {dag.py:3239} INFO - Sync 1 DAGs
[2026-03-01T14:21:13.779+0530] {logging_mixin.py:190} INFO - [2026-03-01T14:21:13.779+0530] {dag.py:4180} INFO - Setting next_dagrun for example_sla_dag to 2026-03-01 08:48:00+00:00, run_after=2026-03-01 08:50:00+00:00
[2026-03-01T14:21:13.796+0530] {processor.py:208} INFO - Processing /home/jenny/.local/lib/python3.13/site-packages/airflow/example_dags/example_sla_dag.py took 0.064 seconds
[2026-03-01T14:22:09.231+0530] {processor.py:186} INFO - Started process (PID=217411) to work on /home/jenny/.local/lib/python3.13/site-packages/airflow/example_dags/example_sla_dag.py
[2026-03-01T14:22:09.233+0530] {processor.py:914} INFO - Processing file /home/jenny/.local/lib/python3.13/site-packages/airflow/example_dags/example_sla_dag.py for tasks to queue
[2026-03-01T14:22:09.236+0530] {logging_mixin.py:190} INFO - [2026-03-01T14:22:09.235+0530] {dagbag.py:588} INFO - Filling up the DagBag from /home/jenny/.local/lib/python3.13/site-packages/airflow/example_dags/example_sla_dag.py
[2026-03-01T14:22:09.254+0530] {processor.py:925} INFO - DAG(s) 'example_sla_dag' retrieved from /home/jenny/.local/lib/python3.13/site-packages/airflow/example_dags/example_sla_dag.py
[2026-03-01T14:22:09.261+0530] {logging_mixin.py:190} INFO - [2026-03-01T14:22:09.261+0530] {dag.py:3239} INFO - Sync 1 DAGs
[2026-03-01T14:22:09.274+0530] {logging_mixin.py:190} INFO - [2026-03-01T14:22:09.274+0530] {dag.py:4180} INFO - Setting next_dagrun for example_sla_dag to 2026-03-01 08:50:00+00:00, run_after=2026-03-01 08:52:00+00:00
[2026-03-01T14:22:09.290+0530] {processor.py:208} INFO - Processing /home/jenny/.local/lib/python3.13/site-packages/airflow/example_dags/example_sla_dag.py took 0.064 seconds
[2026-03-01T14:23:02.789+0530] {processor.py:186} INFO - Started process (PID=219209) to work on /home/jenny/.local/lib/python3.13/site-packages/airflow/example_dags/example_sla_dag.py
[2026-03-01T14:23:02.790+0530] {processor.py:914} INFO - Processing file /home/jenny/.local/lib/python3.13/site-packages/airflow/example_dags/example_sla_dag.py for tasks to queue
[2026-03-01T14:23:02.792+0530] {logging_mixin.py:190} INFO - [2026-03-01T14:23:02.792+0530] {dagbag.py:588} INFO - Filling up the DagBag from /home/jenny/.local/lib/python3.13/site-packages/airflow/example_dags/example_sla_dag.py
[2026-03-01T14:23:02.801+0530] {processor.py:925} INFO - DAG(s) 'example_sla_dag' retrieved from /home/jenny/.local/lib/python3.13/site-packages/airflow/example_dags/example_sla_dag.py
[2026-03-01T14:23:02.812+0530] {logging_mixin.py:190} INFO - [2026-03-01T14:23:02.811+0530] {dag.py:3239} INFO - Sync 1 DAGs
[2026-03-01T14:23:02.829+0530] {logging_mixin.py:190} INFO - [2026-03-01T14:23:02.829+0530] {dag.py:4180} INFO - Setting next_dagrun for example_sla_dag to 2026-03-01 08:50:00+00:00, run_after=2026-03-01 08:52:00+00:00
[2026-03-01T14:23:02.862+0530] {processor.py:208} INFO - Processing /home/jenny/.local/lib/python3.13/site-packages/airflow/example_dags/example_sla_dag.py took 0.077 seconds
[2026-03-01T14:23:59.091+0530] {processor.py:186} INFO - Started process (PID=220055) to work on /home/jenny/.local/lib/python3.13/site-packages/airflow/example_dags/example_sla_dag.py
[2026-03-01T14:23:59.092+0530] {processor.py:914} INFO - Processing file /home/jenny/.local/lib/python3.13/site-packages/airflow/example_dags/example_sla_dag.py for tasks to queue
[2026-03-01T14:23:59.095+0530] {logging_mixin.py:190} INFO - [2026-03-01T14:23:59.095+0530] {dagbag.py:588} INFO - Filling up the DagBag from /home/jenny/.local/lib/python3.13/site-packages/airflow/example_dags/example_sla_dag.py
[2026-03-01T14:23:59.103+0530] {processor.py:925} INFO - DAG(s) 'example_sla_dag' retrieved from /home/jenny/.local/lib/python3.13/site-packages/airflow/example_dags/example_sla_dag.py
[2026-03-01T14:23:59.111+0530] {logging_mixin.py:190} INFO - [2026-03-01T14:23:59.111+0530] {dag.py:3239} INFO - Sync 1 DAGs
[2026-03-01T14:23:59.124+0530] {logging_mixin.py:190} INFO - [2026-03-01T14:23:59.124+0530] {dag.py:4180} INFO - Setting next_dagrun for example_sla_dag to 2026-03-01 08:50:00+00:00, run_after=2026-03-01 08:52:00+00:00
[2026-03-01T14:23:59.139+0530] {processor.py:208} INFO - Processing /home/jenny/.local/lib/python3.13/site-packages/airflow/example_dags/example_sla_dag.py took 0.054 seconds
[2026-03-01T14:25:02.294+0530] {processor.py:186} INFO - Started process (PID=221119) to work on /home/jenny/.local/lib/python3.13/site-packages/airflow/example_dags/example_sla_dag.py
[2026-03-01T14:25:02.295+0530] {processor.py:914} INFO - Processing file /home/jenny/.local/lib/python3.13/site-packages/airflow/example_dags/example_sla_dag.py for tasks to queue
[2026-03-01T14:25:02.298+0530] {logging_mixin.py:190} INFO - [2026-03-01T14:25:02.298+0530] {dagbag.py:588} INFO - Filling up the DagBag from /home/jenny/.local/lib/python3.13/site-packages/airflow/example_dags/example_sla_dag.py
[2026-03-01T14:25:02.310+0530] {processor.py:925} INFO - DAG(s) 'example_sla_dag' retrieved from /home/jenny/.local/lib/python3.13/site-packages/airflow/example_dags/example_sla_dag.py
[2026-03-01T14:25:02.321+0530] {logging_mixin.py:190} INFO - [2026-03-01T14:25:02.320+0530] {dag.py:3239} INFO - Sync 1 DAGs
[2026-03-01T14:25:02.335+0530] {logging_mixin.py:190} INFO - [2026-03-01T14:25:02.335+0530] {dag.py:4180} INFO - Setting next_dagrun for example_sla_dag to 2026-03-01 08:52:00+00:00, run_after=2026-03-01 08:54:00+00:00
[2026-03-01T14:25:02.352+0530] {processor.py:208} INFO - Processing /home/jenny/.local/lib/python3.13/site-packages/airflow/example_dags/example_sla_dag.py took 0.065 seconds
[2026-03-01T14:26:16.695+0530] {processor.py:186} INFO - Started process (PID=225572) to work on /home/jenny/.local/lib/python3.13/site-packages/airflow/example_dags/example_sla_dag.py
[2026-03-01T14:26:16.696+0530] {processor.py:914} INFO - Processing file /home/jenny/.local/lib/python3.13/site-packages/airflow/example_dags/example_sla_dag.py for tasks to queue
[2026-03-01T14:26:16.700+0530] {logging_mixin.py:190} INFO - [2026-03-01T14:26:16.699+0530] {dagbag.py:588} INFO - Filling up the DagBag from /home/jenny/.local/lib/python3.13/site-packages/airflow/example_dags/example_sla_dag.py
[2026-03-01T14:26:16.707+0530] {processor.py:925} INFO - DAG(s) 'example_sla_dag' retrieved from /home/jenny/.local/lib/python3.13/site-packages/airflow/example_dags/example_sla_dag.py
[2026-03-01T14:26:16.716+0530] {logging_mixin.py:190} INFO - [2026-03-01T14:26:16.716+0530] {dag.py:3239} INFO - Sync 1 DAGs
[2026-03-01T14:26:16.731+0530] {logging_mixin.py:190} INFO - [2026-03-01T14:26:16.730+0530] {dag.py:4180} INFO - Setting next_dagrun for example_sla_dag to 2026-03-01 08:54:00+00:00, run_after=2026-03-01 08:56:00+00:00
[2026-03-01T14:26:16.746+0530] {processor.py:208} INFO - Processing /home/jenny/.local/lib/python3.13/site-packages/airflow/example_dags/example_sla_dag.py took 0.057 seconds
[2026-03-01T14:27:12.832+0530] {processor.py:186} INFO - Started process (PID=226804) to work on /home/jenny/.local/lib/python3.13/site-packages/airflow/example_dags/example_sla_dag.py
[2026-03-01T14:27:12.834+0530] {processor.py:914} INFO - Processing file /home/jenny/.local/lib/python3.13/site-packages/airflow/example_dags/example_sla_dag.py for tasks to queue
[2026-03-01T14:27:12.837+0530] {logging_mixin.py:190} INFO - [2026-03-01T14:27:12.837+0530] {dagbag.py:588} INFO - Filling up the DagBag from /home/jenny/.local/lib/python3.13/site-packages/airflow/example_dags/example_sla_dag.py
[2026-03-01T14:27:12.845+0530] {processor.py:925} INFO - DAG(s) 'example_sla_dag' retrieved from /home/jenny/.local/lib/python3.13/site-packages/airflow/example_dags/example_sla_dag.py
[2026-03-01T14:27:12.854+0530] {logging_mixin.py:190} INFO - [2026-03-01T14:27:12.853+0530] {dag.py:3239} INFO - Sync 1 DAGs
[2026-03-01T14:27:12.866+0530] {logging_mixin.py:190} INFO - [2026-03-01T14:27:12.866+0530] {dag.py:4180} INFO - Setting next_dagrun for example_sla_dag to 2026-03-01 08:54:00+00:00, run_after=2026-03-01 08:56:00+00:00
[2026-03-01T14:27:12.881+0530] {processor.py:208} INFO - Processing /home/jenny/.local/lib/python3.13/site-packages/airflow/example_dags/example_sla_dag.py took 0.055 seconds
[2026-03-01T14:28:38.283+0530] {processor.py:186} INFO - Started process (PID=228676) to work on /home/jenny/.local/lib/python3.13/site-packages/airflow/example_dags/example_sla_dag.py
[2026-03-01T14:28:38.285+0530] {processor.py:914} INFO - Processing file /home/jenny/.local/lib/python3.13/site-packages/airflow/example_dags/example_sla_dag.py for tasks to queue
[2026-03-01T14:28:38.287+0530] {logging_mixin.py:190} INFO - [2026-03-01T14:28:38.287+0530] {dagbag.py:588} INFO - Filling up the DagBag from /home/jenny/.local/lib/python3.13/site-packages/airflow/example_dags/example_sla_dag.py
[2026-03-01T14:28:38.297+0530] {processor.py:925} INFO - DAG(s) 'example_sla_dag' retrieved from /home/jenny/.local/lib/python3.13/site-packages/airflow/example_dags/example_sla_dag.py
[2026-03-01T14:28:38.307+0530] {logging_mixin.py:190} INFO - [2026-03-01T14:28:38.307+0530] {dag.py:3239} INFO - Sync 1 DAGs
[2026-03-01T14:28:38.323+0530] {logging_mixin.py:190} INFO - [2026-03-01T14:28:38.323+0530] {dag.py:4180} INFO - Setting next_dagrun for example_sla_dag to 2026-03-01 08:56:00+00:00, run_after=2026-03-01 08:58:00+00:00
[2026-03-01T14:28:38.365+0530] {processor.py:208} INFO - Processing /home/jenny/.local/lib/python3.13/site-packages/airflow/example_dags/example_sla_dag.py took 0.087 seconds
[2026-03-01T14:29:52.981+0530] {processor.py:186} INFO - Started process (PID=229998) to work on /home/jenny/.local/lib/python3.13/site-packages/airflow/example_dags/example_sla_dag.py
[2026-03-01T14:29:52.982+0530] {processor.py:914} INFO - Processing file /home/jenny/.local/lib/python3.13/site-packages/airflow/example_dags/example_sla_dag.py for tasks to queue
[2026-03-01T14:29:52.984+0530] {logging_mixin.py:190} INFO - [2026-03-01T14:29:52.983+0530] {dagbag.py:588} INFO - Filling up the DagBag from /home/jenny/.local/lib/python3.13/site-packages/airflow/example_dags/example_sla_dag.py
[2026-03-01T14:29:52.990+0530] {processor.py:925} INFO - DAG(s) 'example_sla_dag' retrieved from /home/jenny/.local/lib/python3.13/site-packages/airflow/example_dags/example_sla_dag.py
[2026-03-01T14:29:52.999+0530] {logging_mixin.py:190} INFO - [2026-03-01T14:29:52.998+0530] {dag.py:3239} INFO - Sync 1 DAGs
[2026-03-01T14:29:53.012+0530] {logging_mixin.py:190} INFO - [2026-03-01T14:29:53.012+0530] {dag.py:4180} INFO - Setting next_dagrun for example_sla_dag to 2026-03-01 08:56:00+00:00, run_after=2026-03-01 08:58:00+00:00
[2026-03-01T14:29:53.027+0530] {processor.py:208} INFO - Processing /home/jenny/.local/lib/python3.13/site-packages/airflow/example_dags/example_sla_dag.py took 0.049 seconds
[2026-03-01T14:31:21.684+0530] {processor.py:186} INFO - Started process (PID=231481) to work on /home/jenny/.local/lib/python3.13/site-packages/airflow/example_dags/example_sla_dag.py
[2026-03-01T14:31:21.686+0530] {processor.py:914} INFO - Processing file /home/jenny/.local/lib/python3.13/site-packages/airflow/example_dags/example_sla_dag.py for tasks to queue
[2026-03-01T14:31:21.688+0530] {logging_mixin.py:190} INFO - [2026-03-01T14:31:21.688+0530] {dagbag.py:588} INFO - Filling up the DagBag from /home/jenny/.local/lib/python3.13/site-packages/airflow/example_dags/example_sla_dag.py
[2026-03-01T14:31:21.696+0530] {processor.py:925} INFO - DAG(s) 'example_sla_dag' retrieved from /home/jenny/.local/lib/python3.13/site-packages/airflow/example_dags/example_sla_dag.py
[2026-03-01T14:31:21.705+0530] {logging_mixin.py:190} INFO - [2026-03-01T14:31:21.705+0530] {dag.py:3239} INFO - Sync 1 DAGs
[2026-03-01T14:31:21.721+0530] {logging_mixin.py:190} INFO - [2026-03-01T14:31:21.720+0530] {dag.py:4180} INFO - Setting next_dagrun for example_sla_dag to 2026-03-01 08:58:00+00:00, run_after=2026-03-01 09:00:00+00:00
[2026-03-01T14:31:21.738+0530] {processor.py:208} INFO - Processing /home/jenny/.local/lib/python3.13/site-packages/airflow/example_dags/example_sla_dag.py took 0.059 seconds
[2026-03-01T14:32:27.826+0530] {processor.py:186} INFO - Started process (PID=231912) to work on /home/jenny/.local/lib/python3.13/site-packages/airflow/example_dags/example_sla_dag.py
[2026-03-01T14:32:27.828+0530] {processor.py:914} INFO - Processing file /home/jenny/.local/lib/python3.13/site-packages/airflow/example_dags/example_sla_dag.py for tasks to queue
[2026-03-01T14:32:27.830+0530] {logging_mixin.py:190} INFO - [2026-03-01T14:32:27.830+0530] {dagbag.py:588} INFO - Filling up the DagBag from /home/jenny/.local/lib/python3.13/site-packages/airflow/example_dags/example_sla_dag.py
[2026-03-01T14:32:27.838+0530] {processor.py:925} INFO - DAG(s) 'example_sla_dag' retrieved from /home/jenny/.local/lib/python3.13/site-packages/airflow/example_dags/example_sla_dag.py
[2026-03-01T14:32:27.846+0530] {logging_mixin.py:190} INFO - [2026-03-01T14:32:27.846+0530] {dag.py:3239} INFO - Sync 1 DAGs
[2026-03-01T14:32:27.859+0530] {logging_mixin.py:190} INFO - [2026-03-01T14:32:27.859+0530] {dag.py:4180} INFO - Setting next_dagrun for example_sla_dag to 2026-03-01 09:00:00+00:00, run_after=2026-03-01 09:02:00+00:00
[2026-03-01T14:32:27.876+0530] {processor.py:208} INFO - Processing /home/jenny/.local/lib/python3.13/site-packages/airflow/example_dags/example_sla_dag.py took 0.055 seconds
[2026-03-01T14:33:59.950+0530] {processor.py:186} INFO - Started process (PID=233331) to work on /home/jenny/.local/lib/python3.13/site-packages/airflow/example_dags/example_sla_dag.py
[2026-03-01T14:33:59.951+0530] {processor.py:914} INFO - Processing file /home/jenny/.local/lib/python3.13/site-packages/airflow/example_dags/example_sla_dag.py for tasks to queue
[2026-03-01T14:33:59.954+0530] {logging_mixin.py:190} INFO - [2026-03-01T14:33:59.954+0530] {dagbag.py:588} INFO - Filling up the DagBag from /home/jenny/.local/lib/python3.13/site-packages/airflow/example_dags/example_sla_dag.py
[2026-03-01T14:33:59.963+0530] {processor.py:925} INFO - DAG(s) 'example_sla_dag' retrieved from /home/jenny/.local/lib/python3.13/site-packages/airflow/example_dags/example_sla_dag.py
[2026-03-01T14:33:59.971+0530] {logging_mixin.py:190} INFO - [2026-03-01T14:33:59.971+0530] {dag.py:3239} INFO - Sync 1 DAGs
[2026-03-01T14:33:59.984+0530] {logging_mixin.py:190} INFO - [2026-03-01T14:33:59.984+0530] {dag.py:4180} INFO - Setting next_dagrun for example_sla_dag to 2026-03-01 09:00:00+00:00, run_after=2026-03-01 09:02:00+00:00
[2026-03-01T14:34:00.000+0530] {processor.py:208} INFO - Processing /home/jenny/.local/lib/python3.13/site-packages/airflow/example_dags/example_sla_dag.py took 0.056 seconds
[2026-03-01T14:34:56.600+0530] {processor.py:186} INFO - Started process (PID=233807) to work on /home/jenny/.local/lib/python3.13/site-packages/airflow/example_dags/example_sla_dag.py
[2026-03-01T14:34:56.601+0530] {processor.py:914} INFO - Processing file /home/jenny/.local/lib/python3.13/site-packages/airflow/example_dags/example_sla_dag.py for tasks to queue
[2026-03-01T14:34:56.604+0530] {logging_mixin.py:190} INFO - [2026-03-01T14:34:56.604+0530] {dagbag.py:588} INFO - Filling up the DagBag from /home/jenny/.local/lib/python3.13/site-packages/airflow/example_dags/example_sla_dag.py
[2026-03-01T14:34:56.613+0530] {processor.py:925} INFO - DAG(s) 'example_sla_dag' retrieved from /home/jenny/.local/lib/python3.13/site-packages/airflow/example_dags/example_sla_dag.py
[2026-03-01T14:34:56.621+0530] {logging_mixin.py:190} INFO - [2026-03-01T14:34:56.621+0530] {dag.py:3239} INFO - Sync 1 DAGs
[2026-03-01T14:34:56.634+0530] {logging_mixin.py:190} INFO - [2026-03-01T14:34:56.634+0530] {dag.py:4180} INFO - Setting next_dagrun for example_sla_dag to 2026-03-01 09:02:00+00:00, run_after=2026-03-01 09:04:00+00:00
[2026-03-01T14:34:56.649+0530] {processor.py:208} INFO - Processing /home/jenny/.local/lib/python3.13/site-packages/airflow/example_dags/example_sla_dag.py took 0.056 seconds
[2026-03-01T14:35:48.761+0530] {processor.py:186} INFO - Started process (PID=233981) to work on /home/jenny/.local/lib/python3.13/site-packages/airflow/example_dags/example_sla_dag.py
[2026-03-01T14:35:48.762+0530] {processor.py:914} INFO - Processing file /home/jenny/.local/lib/python3.13/site-packages/airflow/example_dags/example_sla_dag.py for tasks to queue
[2026-03-01T14:35:48.765+0530] {logging_mixin.py:190} INFO - [2026-03-01T14:35:48.765+0530] {dagbag.py:588} INFO - Filling up the DagBag from /home/jenny/.local/lib/python3.13/site-packages/airflow/example_dags/example_sla_dag.py
[2026-03-01T14:35:48.774+0530] {processor.py:925} INFO - DAG(s) 'example_sla_dag' retrieved from /home/jenny/.local/lib/python3.13/site-packages/airflow/example_dags/example_sla_dag.py
[2026-03-01T14:35:48.783+0530] {logging_mixin.py:190} INFO - [2026-03-01T14:35:48.782+0530] {dag.py:3239} INFO - Sync 1 DAGs
[2026-03-01T14:35:48.795+0530] {logging_mixin.py:190} INFO - [2026-03-01T14:35:48.795+0530] {dag.py:4180} INFO - Setting next_dagrun for example_sla_dag to 2026-03-01 09:02:00+00:00, run_after=2026-03-01 09:04:00+00:00
[2026-03-01T14:35:48.811+0530] {processor.py:208} INFO - Processing /home/jenny/.local/lib/python3.13/site-packages/airflow/example_dags/example_sla_dag.py took 0.054 seconds
[2026-03-01T14:36:44.833+0530] {processor.py:186} INFO - Started process (PID=234127) to work on /home/jenny/.local/lib/python3.13/site-packages/airflow/example_dags/example_sla_dag.py
[2026-03-01T14:36:44.835+0530] {processor.py:914} INFO - Processing file /home/jenny/.local/lib/python3.13/site-packages/airflow/example_dags/example_sla_dag.py for tasks to queue
[2026-03-01T14:36:44.838+0530] {logging_mixin.py:190} INFO - [2026-03-01T14:36:44.837+0530] {dagbag.py:588} INFO - Filling up the DagBag from /home/jenny/.local/lib/python3.13/site-packages/airflow/example_dags/example_sla_dag.py
[2026-03-01T14:36:44.847+0530] {processor.py:925} INFO - DAG(s) 'example_sla_dag' retrieved from /home/jenny/.local/lib/python3.13/site-packages/airflow/example_dags/example_sla_dag.py
[2026-03-01T14:36:44.855+0530] {logging_mixin.py:190} INFO - [2026-03-01T14:36:44.855+0530] {dag.py:3239} INFO - Sync 1 DAGs
[2026-03-01T14:36:44.867+0530] {logging_mixin.py:190} INFO - [2026-03-01T14:36:44.867+0530] {dag.py:4180} INFO - Setting next_dagrun for example_sla_dag to 2026-03-01 09:04:00+00:00, run_after=2026-03-01 09:06:00+00:00
[2026-03-01T14:36:44.897+0530] {processor.py:208} INFO - Processing /home/jenny/.local/lib/python3.13/site-packages/airflow/example_dags/example_sla_dag.py took 0.069 seconds
[2026-03-01T14:37:39.576+0530] {processor.py:186} INFO - Started process (PID=234333) to work on /home/jenny/.local/lib/python3.13/site-packages/airflow/example_dags/example_sla_dag.py
[2026-03-01T14:37:39.578+0530] {processor.py:914} INFO - Processing file /home/jenny/.local/lib/python3.13/site-packages/airflow/example_dags/example_sla_dag.py for tasks to queue
[2026-03-01T14:37:39.581+0530] {logging_mixin.py:190} INFO - [2026-03-01T14:37:39.580+0530] {dagbag.py:588} INFO - Filling up the DagBag from /home/jenny/.local/lib/python3.13/site-packages/airflow/example_dags/example_sla_dag.py
[2026-03-01T14:37:39.589+0530] {processor.py:925} INFO - DAG(s) 'example_sla_dag' retrieved from /home/jenny/.local/lib/python3.13/site-packages/airflow/example_dags/example_sla_dag.py
[2026-03-01T14:37:39.597+0530] {logging_mixin.py:190} INFO - [2026-03-01T14:37:39.597+0530] {dag.py:3239} INFO - Sync 1 DAGs
[2026-03-01T14:37:39.610+0530] {logging_mixin.py:190} INFO - [2026-03-01T14:37:39.609+0530] {dag.py:4180} INFO - Setting next_dagrun for example_sla_dag to 2026-03-01 09:04:00+00:00, run_after=2026-03-01 09:06:00+00:00
[2026-03-01T14:37:39.625+0530] {processor.py:208} INFO - Processing /home/jenny/.local/lib/python3.13/site-packages/airflow/example_dags/example_sla_dag.py took 0.054 seconds
[2026-03-01T14:38:34.156+0530] {processor.py:186} INFO - Started process (PID=234829) to work on /home/jenny/.local/lib/python3.13/site-packages/airflow/example_dags/example_sla_dag.py
[2026-03-01T14:38:34.157+0530] {processor.py:914} INFO - Processing file /home/jenny/.local/lib/python3.13/site-packages/airflow/example_dags/example_sla_dag.py for tasks to queue
[2026-03-01T14:38:34.158+0530] {logging_mixin.py:190} INFO - [2026-03-01T14:38:34.158+0530] {dagbag.py:588} INFO - Filling up the DagBag from /home/jenny/.local/lib/python3.13/site-packages/airflow/example_dags/example_sla_dag.py
[2026-03-01T14:38:34.166+0530] {processor.py:925} INFO - DAG(s) 'example_sla_dag' retrieved from /home/jenny/.local/lib/python3.13/site-packages/airflow/example_dags/example_sla_dag.py
[2026-03-01T14:38:34.174+0530] {logging_mixin.py:190} INFO - [2026-03-01T14:38:34.174+0530] {dag.py:3239} INFO - Sync 1 DAGs
[2026-03-01T14:38:34.186+0530] {logging_mixin.py:190} INFO - [2026-03-01T14:38:34.186+0530] {dag.py:4180} INFO - Setting next_dagrun for example_sla_dag to 2026-03-01 09:06:00+00:00, run_after=2026-03-01 09:08:00+00:00
[2026-03-01T14:38:34.202+0530] {processor.py:208} INFO - Processing /home/jenny/.local/lib/python3.13/site-packages/airflow/example_dags/example_sla_dag.py took 0.051 seconds
[2026-03-01T14:39:26.711+0530] {processor.py:186} INFO - Started process (PID=235142) to work on /home/jenny/.local/lib/python3.13/site-packages/airflow/example_dags/example_sla_dag.py
[2026-03-01T14:39:26.712+0530] {processor.py:914} INFO - Processing file /home/jenny/.local/lib/python3.13/site-packages/airflow/example_dags/example_sla_dag.py for tasks to queue
[2026-03-01T14:39:26.714+0530] {logging_mixin.py:190} INFO - [2026-03-01T14:39:26.713+0530] {dagbag.py:588} INFO - Filling up the DagBag from /home/jenny/.local/lib/python3.13/site-packages/airflow/example_dags/example_sla_dag.py
[2026-03-01T14:39:26.720+0530] {processor.py:925} INFO - DAG(s) 'example_sla_dag' retrieved from /home/jenny/.local/lib/python3.13/site-packages/airflow/example_dags/example_sla_dag.py
[2026-03-01T14:39:26.730+0530] {logging_mixin.py:190} INFO - [2026-03-01T14:39:26.730+0530] {dag.py:3239} INFO - Sync 1 DAGs
[2026-03-01T14:39:26.745+0530] {logging_mixin.py:190} INFO - [2026-03-01T14:39:26.744+0530] {dag.py:4180} INFO - Setting next_dagrun for example_sla_dag to 2026-03-01 09:06:00+00:00, run_after=2026-03-01 09:08:00+00:00
[2026-03-01T14:39:26.762+0530] {processor.py:208} INFO - Processing /home/jenny/.local/lib/python3.13/site-packages/airflow/example_dags/example_sla_dag.py took 0.055 seconds
[2026-03-01T14:40:19.859+0530] {processor.py:186} INFO - Started process (PID=235341) to work on /home/jenny/.local/lib/python3.13/site-packages/airflow/example_dags/example_sla_dag.py
[2026-03-01T14:40:19.861+0530] {processor.py:914} INFO - Processing file /home/jenny/.local/lib/python3.13/site-packages/airflow/example_dags/example_sla_dag.py for tasks to queue
[2026-03-01T14:40:19.864+0530] {logging_mixin.py:190} INFO - [2026-03-01T14:40:19.863+0530] {dagbag.py:588} INFO - Filling up the DagBag from /home/jenny/.local/lib/python3.13/site-packages/airflow/example_dags/example_sla_dag.py
[2026-03-01T14:40:19.873+0530] {processor.py:925} INFO - DAG(s) 'example_sla_dag' retrieved from /home/jenny/.local/lib/python3.13/site-packages/airflow/example_dags/example_sla_dag.py
[2026-03-01T14:40:19.881+0530] {logging_mixin.py:190} INFO - [2026-03-01T14:40:19.881+0530] {dag.py:3239} INFO - Sync 1 DAGs
[2026-03-01T14:40:19.894+0530] {logging_mixin.py:190} INFO - [2026-03-01T14:40:19.894+0530] {dag.py:4180} INFO - Setting next_dagrun for example_sla_dag to 2026-03-01 09:08:00+00:00, run_after=2026-03-01 09:10:00+00:00
[2026-03-01T14:40:19.909+0530] {processor.py:208} INFO - Processing /home/jenny/.local/lib/python3.13/site-packages/airflow/example_dags/example_sla_dag.py took 0.055 seconds
[2026-03-01T14:41:16.056+0530] {processor.py:186} INFO - Started process (PID=239432) to work on /home/jenny/.local/lib/python3.13/site-packages/airflow/example_dags/example_sla_dag.py
[2026-03-01T14:41:16.057+0530] {processor.py:914} INFO - Processing file /home/jenny/.local/lib/python3.13/site-packages/airflow/example_dags/example_sla_dag.py for tasks to queue
[2026-03-01T14:41:16.060+0530] {logging_mixin.py:190} INFO - [2026-03-01T14:41:16.060+0530] {dagbag.py:588} INFO - Filling up the DagBag from /home/jenny/.local/lib/python3.13/site-packages/airflow/example_dags/example_sla_dag.py
[2026-03-01T14:41:16.068+0530] {processor.py:925} INFO - DAG(s) 'example_sla_dag' retrieved from /home/jenny/.local/lib/python3.13/site-packages/airflow/example_dags/example_sla_dag.py
[2026-03-01T14:41:16.077+0530] {logging_mixin.py:190} INFO - [2026-03-01T14:41:16.077+0530] {dag.py:3239} INFO - Sync 1 DAGs
[2026-03-01T14:41:16.091+0530] {logging_mixin.py:190} INFO - [2026-03-01T14:41:16.091+0530] {dag.py:4180} INFO - Setting next_dagrun for example_sla_dag to 2026-03-01 09:08:00+00:00, run_after=2026-03-01 09:10:00+00:00
[2026-03-01T14:41:16.107+0530] {processor.py:208} INFO - Processing /home/jenny/.local/lib/python3.13/site-packages/airflow/example_dags/example_sla_dag.py took 0.055 seconds
[2026-03-01T14:42:06.979+0530] {processor.py:186} INFO - Started process (PID=239574) to work on /home/jenny/.local/lib/python3.13/site-packages/airflow/example_dags/example_sla_dag.py
[2026-03-01T14:42:06.980+0530] {processor.py:914} INFO - Processing file /home/jenny/.local/lib/python3.13/site-packages/airflow/example_dags/example_sla_dag.py for tasks to queue
[2026-03-01T14:42:06.983+0530] {logging_mixin.py:190} INFO - [2026-03-01T14:42:06.982+0530] {dagbag.py:588} INFO - Filling up the DagBag from /home/jenny/.local/lib/python3.13/site-packages/airflow/example_dags/example_sla_dag.py
[2026-03-01T14:42:06.991+0530] {processor.py:925} INFO - DAG(s) 'example_sla_dag' retrieved from /home/jenny/.local/lib/python3.13/site-packages/airflow/example_dags/example_sla_dag.py
[2026-03-01T14:42:07.000+0530] {logging_mixin.py:190} INFO - [2026-03-01T14:42:07.000+0530] {dag.py:3239} INFO - Sync 1 DAGs
[2026-03-01T14:42:07.013+0530] {logging_mixin.py:190} INFO - [2026-03-01T14:42:07.013+0530] {dag.py:4180} INFO - Setting next_dagrun for example_sla_dag to 2026-03-01 09:10:00+00:00, run_after=2026-03-01 09:12:00+00:00
[2026-03-01T14:42:07.029+0530] {processor.py:208} INFO - Processing /home/jenny/.local/lib/python3.13/site-packages/airflow/example_dags/example_sla_dag.py took 0.054 seconds
[2026-03-01T14:43:01.050+0530] {processor.py:186} INFO - Started process (PID=239738) to work on /home/jenny/.local/lib/python3.13/site-packages/airflow/example_dags/example_sla_dag.py
[2026-03-01T14:43:01.051+0530] {processor.py:914} INFO - Processing file /home/jenny/.local/lib/python3.13/site-packages/airflow/example_dags/example_sla_dag.py for tasks to queue
[2026-03-01T14:43:01.054+0530] {logging_mixin.py:190} INFO - [2026-03-01T14:43:01.054+0530] {dagbag.py:588} INFO - Filling up the DagBag from /home/jenny/.local/lib/python3.13/site-packages/airflow/example_dags/example_sla_dag.py
[2026-03-01T14:43:01.061+0530] {processor.py:925} INFO - DAG(s) 'example_sla_dag' retrieved from /home/jenny/.local/lib/python3.13/site-packages/airflow/example_dags/example_sla_dag.py
[2026-03-01T14:43:01.072+0530] {logging_mixin.py:190} INFO - [2026-03-01T14:43:01.072+0530] {dag.py:3239} INFO - Sync 1 DAGs
[2026-03-01T14:43:01.089+0530] {logging_mixin.py:190} INFO - [2026-03-01T14:43:01.088+0530] {dag.py:4180} INFO - Setting next_dagrun for example_sla_dag to 2026-03-01 09:10:00+00:00, run_after=2026-03-01 09:12:00+00:00
[2026-03-01T14:43:01.104+0530] {processor.py:208} INFO - Processing /home/jenny/.local/lib/python3.13/site-packages/airflow/example_dags/example_sla_dag.py took 0.060 seconds
[2026-03-01T14:43:53.430+0530] {processor.py:186} INFO - Started process (PID=239884) to work on /home/jenny/.local/lib/python3.13/site-packages/airflow/example_dags/example_sla_dag.py
[2026-03-01T14:43:53.431+0530] {processor.py:914} INFO - Processing file /home/jenny/.local/lib/python3.13/site-packages/airflow/example_dags/example_sla_dag.py for tasks to queue
[2026-03-01T14:43:53.434+0530] {logging_mixin.py:190} INFO - [2026-03-01T14:43:53.434+0530] {dagbag.py:588} INFO - Filling up the DagBag from /home/jenny/.local/lib/python3.13/site-packages/airflow/example_dags/example_sla_dag.py
[2026-03-01T14:43:53.443+0530] {processor.py:925} INFO - DAG(s) 'example_sla_dag' retrieved from /home/jenny/.local/lib/python3.13/site-packages/airflow/example_dags/example_sla_dag.py
[2026-03-01T14:43:53.452+0530] {logging_mixin.py:190} INFO - [2026-03-01T14:43:53.452+0530] {dag.py:3239} INFO - Sync 1 DAGs
[2026-03-01T14:43:53.466+0530] {logging_mixin.py:190} INFO - [2026-03-01T14:43:53.465+0530] {dag.py:4180} INFO - Setting next_dagrun for example_sla_dag to 2026-03-01 09:10:00+00:00, run_after=2026-03-01 09:12:00+00:00
[2026-03-01T14:43:53.480+0530] {processor.py:208} INFO - Processing /home/jenny/.local/lib/python3.13/site-packages/airflow/example_dags/example_sla_dag.py took 0.056 seconds
[2026-03-01T14:44:46.174+0530] {processor.py:186} INFO - Started process (PID=240045) to work on /home/jenny/.local/lib/python3.13/site-packages/airflow/example_dags/example_sla_dag.py
[2026-03-01T14:44:46.175+0530] {processor.py:914} INFO - Processing file /home/jenny/.local/lib/python3.13/site-packages/airflow/example_dags/example_sla_dag.py for tasks to queue
[2026-03-01T14:44:46.178+0530] {logging_mixin.py:190} INFO - [2026-03-01T14:44:46.178+0530] {dagbag.py:588} INFO - Filling up the DagBag from /home/jenny/.local/lib/python3.13/site-packages/airflow/example_dags/example_sla_dag.py
[2026-03-01T14:44:46.186+0530] {processor.py:925} INFO - DAG(s) 'example_sla_dag' retrieved from /home/jenny/.local/lib/python3.13/site-packages/airflow/example_dags/example_sla_dag.py
[2026-03-01T14:44:46.195+0530] {logging_mixin.py:190} INFO - [2026-03-01T14:44:46.195+0530] {dag.py:3239} INFO - Sync 1 DAGs
[2026-03-01T14:44:46.209+0530] {logging_mixin.py:190} INFO - [2026-03-01T14:44:46.208+0530] {dag.py:4180} INFO - Setting next_dagrun for example_sla_dag to 2026-03-01 09:12:00+00:00, run_after=2026-03-01 09:14:00+00:00
[2026-03-01T14:44:46.226+0530] {processor.py:208} INFO - Processing /home/jenny/.local/lib/python3.13/site-packages/airflow/example_dags/example_sla_dag.py took 0.059 seconds
[2026-03-01T14:45:41.929+0530] {processor.py:186} INFO - Started process (PID=240260) to work on /home/jenny/.local/lib/python3.13/site-packages/airflow/example_dags/example_sla_dag.py
[2026-03-01T14:45:41.930+0530] {processor.py:914} INFO - Processing file /home/jenny/.local/lib/python3.13/site-packages/airflow/example_dags/example_sla_dag.py for tasks to queue
[2026-03-01T14:45:41.933+0530] {logging_mixin.py:190} INFO - [2026-03-01T14:45:41.932+0530] {dagbag.py:588} INFO - Filling up the DagBag from /home/jenny/.local/lib/python3.13/site-packages/airflow/example_dags/example_sla_dag.py
[2026-03-01T14:45:41.942+0530] {processor.py:925} INFO - DAG(s) 'example_sla_dag' retrieved from /home/jenny/.local/lib/python3.13/site-packages/airflow/example_dags/example_sla_dag.py
[2026-03-01T14:45:41.949+0530] {logging_mixin.py:190} INFO - [2026-03-01T14:45:41.949+0530] {dag.py:3239} INFO - Sync 1 DAGs
[2026-03-01T14:45:41.963+0530] {logging_mixin.py:190} INFO - [2026-03-01T14:45:41.963+0530] {dag.py:4180} INFO - Setting next_dagrun for example_sla_dag to 2026-03-01 09:12:00+00:00, run_after=2026-03-01 09:14:00+00:00
[2026-03-01T14:45:42.120+0530] {processor.py:208} INFO - Processing /home/jenny/.local/lib/python3.13/site-packages/airflow/example_dags/example_sla_dag.py took 0.197 seconds
[2026-03-01T14:46:45.554+0530] {processor.py:186} INFO - Started process (PID=240434) to work on /home/jenny/.local/lib/python3.13/site-packages/airflow/example_dags/example_sla_dag.py
[2026-03-01T14:46:45.556+0530] {processor.py:914} INFO - Processing file /home/jenny/.local/lib/python3.13/site-packages/airflow/example_dags/example_sla_dag.py for tasks to queue
[2026-03-01T14:46:45.559+0530] {logging_mixin.py:190} INFO - [2026-03-01T14:46:45.558+0530] {dagbag.py:588} INFO - Filling up the DagBag from /home/jenny/.local/lib/python3.13/site-packages/airflow/example_dags/example_sla_dag.py
[2026-03-01T14:46:45.568+0530] {processor.py:925} INFO - DAG(s) 'example_sla_dag' retrieved from /home/jenny/.local/lib/python3.13/site-packages/airflow/example_dags/example_sla_dag.py
[2026-03-01T14:46:45.576+0530] {logging_mixin.py:190} INFO - [2026-03-01T14:46:45.576+0530] {dag.py:3239} INFO - Sync 1 DAGs
[2026-03-01T14:46:45.691+0530] {logging_mixin.py:190} INFO - [2026-03-01T14:46:45.691+0530] {dag.py:4180} INFO - Setting next_dagrun for example_sla_dag to 2026-03-01 09:14:00+00:00, run_after=2026-03-01 09:16:00+00:00
[2026-03-01T14:46:45.705+0530] {processor.py:208} INFO - Processing /home/jenny/.local/lib/python3.13/site-packages/airflow/example_dags/example_sla_dag.py took 0.156 seconds
[2026-03-01T14:47:49.086+0530] {processor.py:186} INFO - Started process (PID=240620) to work on /home/jenny/.local/lib/python3.13/site-packages/airflow/example_dags/example_sla_dag.py
[2026-03-01T14:47:49.088+0530] {processor.py:914} INFO - Processing file /home/jenny/.local/lib/python3.13/site-packages/airflow/example_dags/example_sla_dag.py for tasks to queue
[2026-03-01T14:47:49.091+0530] {logging_mixin.py:190} INFO - [2026-03-01T14:47:49.090+0530] {dagbag.py:588} INFO - Filling up the DagBag from /home/jenny/.local/lib/python3.13/site-packages/airflow/example_dags/example_sla_dag.py
[2026-03-01T14:47:49.204+0530] {processor.py:925} INFO - DAG(s) 'example_sla_dag' retrieved from /home/jenny/.local/lib/python3.13/site-packages/airflow/example_dags/example_sla_dag.py
[2026-03-01T14:47:49.210+0530] {logging_mixin.py:190} INFO - [2026-03-01T14:47:49.210+0530] {dag.py:3239} INFO - Sync 1 DAGs
[2026-03-01T14:47:49.222+0530] {logging_mixin.py:190} INFO - [2026-03-01T14:47:49.222+0530] {dag.py:4180} INFO - Setting next_dagrun for example_sla_dag to 2026-03-01 09:14:00+00:00, run_after=2026-03-01 09:16:00+00:00
[2026-03-01T14:47:49.236+0530] {processor.py:208} INFO - Processing /home/jenny/.local/lib/python3.13/site-packages/airflow/example_dags/example_sla_dag.py took 0.156 seconds
[2026-03-01T14:48:48.147+0530] {processor.py:186} INFO - Started process (PID=240934) to work on /home/jenny/.local/lib/python3.13/site-packages/airflow/example_dags/example_sla_dag.py
[2026-03-01T14:48:48.148+0530] {processor.py:914} INFO - Processing file /home/jenny/.local/lib/python3.13/site-packages/airflow/example_dags/example_sla_dag.py for tasks to queue
[2026-03-01T14:48:48.150+0530] {logging_mixin.py:190} INFO - [2026-03-01T14:48:48.150+0530] {dagbag.py:588} INFO - Filling up the DagBag from /home/jenny/.local/lib/python3.13/site-packages/airflow/example_dags/example_sla_dag.py
[2026-03-01T14:48:48.158+0530] {processor.py:925} INFO - DAG(s) 'example_sla_dag' retrieved from /home/jenny/.local/lib/python3.13/site-packages/airflow/example_dags/example_sla_dag.py
[2026-03-01T14:48:48.168+0530] {logging_mixin.py:190} INFO - [2026-03-01T14:48:48.168+0530] {dag.py:3239} INFO - Sync 1 DAGs
[2026-03-01T14:48:48.184+0530] {logging_mixin.py:190} INFO - [2026-03-01T14:48:48.184+0530] {dag.py:4180} INFO - Setting next_dagrun for example_sla_dag to 2026-03-01 09:16:00+00:00, run_after=2026-03-01 09:18:00+00:00
[2026-03-01T14:48:48.203+0530] {processor.py:208} INFO - Processing /home/jenny/.local/lib/python3.13/site-packages/airflow/example_dags/example_sla_dag.py took 0.059 seconds
[2026-03-01T14:49:40.553+0530] {processor.py:186} INFO - Started process (PID=241172) to work on /home/jenny/.local/lib/python3.13/site-packages/airflow/example_dags/example_sla_dag.py
[2026-03-01T14:49:40.553+0530] {processor.py:914} INFO - Processing file /home/jenny/.local/lib/python3.13/site-packages/airflow/example_dags/example_sla_dag.py for tasks to queue
[2026-03-01T14:49:40.556+0530] {logging_mixin.py:190} INFO - [2026-03-01T14:49:40.555+0530] {dagbag.py:588} INFO - Filling up the DagBag from /home/jenny/.local/lib/python3.13/site-packages/airflow/example_dags/example_sla_dag.py
[2026-03-01T14:49:40.563+0530] {processor.py:925} INFO - DAG(s) 'example_sla_dag' retrieved from /home/jenny/.local/lib/python3.13/site-packages/airflow/example_dags/example_sla_dag.py
[2026-03-01T14:49:40.573+0530] {logging_mixin.py:190} INFO - [2026-03-01T14:49:40.572+0530] {dag.py:3239} INFO - Sync 1 DAGs
[2026-03-01T14:49:40.586+0530] {logging_mixin.py:190} INFO - [2026-03-01T14:49:40.586+0530] {dag.py:4180} INFO - Setting next_dagrun for example_sla_dag to 2026-03-01 09:16:00+00:00, run_after=2026-03-01 09:18:00+00:00
[2026-03-01T14:49:40.601+0530] {processor.py:208} INFO - Processing /home/jenny/.local/lib/python3.13/site-packages/airflow/example_dags/example_sla_dag.py took 0.052 seconds
[2026-03-01T14:50:38.707+0530] {processor.py:186} INFO - Started process (PID=241427) to work on /home/jenny/.local/lib/python3.13/site-packages/airflow/example_dags/example_sla_dag.py
[2026-03-01T14:50:38.708+0530] {processor.py:914} INFO - Processing file /home/jenny/.local/lib/python3.13/site-packages/airflow/example_dags/example_sla_dag.py for tasks to queue
[2026-03-01T14:50:38.711+0530] {logging_mixin.py:190} INFO - [2026-03-01T14:50:38.711+0530] {dagbag.py:588} INFO - Filling up the DagBag from /home/jenny/.local/lib/python3.13/site-packages/airflow/example_dags/example_sla_dag.py
[2026-03-01T14:50:38.719+0530] {processor.py:925} INFO - DAG(s) 'example_sla_dag' retrieved from /home/jenny/.local/lib/python3.13/site-packages/airflow/example_dags/example_sla_dag.py
[2026-03-01T14:50:38.728+0530] {logging_mixin.py:190} INFO - [2026-03-01T14:50:38.727+0530] {dag.py:3239} INFO - Sync 1 DAGs
[2026-03-01T14:50:38.741+0530] {logging_mixin.py:190} INFO - [2026-03-01T14:50:38.741+0530] {dag.py:4180} INFO - Setting next_dagrun for example_sla_dag to 2026-03-01 09:18:00+00:00, run_after=2026-03-01 09:20:00+00:00
[2026-03-01T14:50:38.777+0530] {processor.py:208} INFO - Processing /home/jenny/.local/lib/python3.13/site-packages/airflow/example_dags/example_sla_dag.py took 0.076 seconds
[2026-03-01T14:51:32.393+0530] {processor.py:186} INFO - Started process (PID=241843) to work on /home/jenny/.local/lib/python3.13/site-packages/airflow/example_dags/example_sla_dag.py
[2026-03-01T14:51:32.395+0530] {processor.py:914} INFO - Processing file /home/jenny/.local/lib/python3.13/site-packages/airflow/example_dags/example_sla_dag.py for tasks to queue
[2026-03-01T14:51:32.398+0530] {logging_mixin.py:190} INFO - [2026-03-01T14:51:32.397+0530] {dagbag.py:588} INFO - Filling up the DagBag from /home/jenny/.local/lib/python3.13/site-packages/airflow/example_dags/example_sla_dag.py
[2026-03-01T14:51:32.406+0530] {processor.py:925} INFO - DAG(s) 'example_sla_dag' retrieved from /home/jenny/.local/lib/python3.13/site-packages/airflow/example_dags/example_sla_dag.py
[2026-03-01T14:51:32.414+0530] {logging_mixin.py:190} INFO - [2026-03-01T14:51:32.414+0530] {dag.py:3239} INFO - Sync 1 DAGs
[2026-03-01T14:51:32.427+0530] {logging_mixin.py:190} INFO - [2026-03-01T14:51:32.427+0530] {dag.py:4180} INFO - Setting next_dagrun for example_sla_dag to 2026-03-01 09:18:00+00:00, run_after=2026-03-01 09:20:00+00:00
[2026-03-01T14:51:32.443+0530] {processor.py:208} INFO - Processing /home/jenny/.local/lib/python3.13/site-packages/airflow/example_dags/example_sla_dag.py took 0.054 seconds
[2026-03-01T14:52:25.238+0530] {processor.py:186} INFO - Started process (PID=241983) to work on /home/jenny/.local/lib/python3.13/site-packages/airflow/example_dags/example_sla_dag.py
[2026-03-01T14:52:25.239+0530] {processor.py:914} INFO - Processing file /home/jenny/.local/lib/python3.13/site-packages/airflow/example_dags/example_sla_dag.py for tasks to queue
[2026-03-01T14:52:25.242+0530] {logging_mixin.py:190} INFO - [2026-03-01T14:52:25.242+0530] {dagbag.py:588} INFO - Filling up the DagBag from /home/jenny/.local/lib/python3.13/site-packages/airflow/example_dags/example_sla_dag.py
[2026-03-01T14:52:25.251+0530] {processor.py:925} INFO - DAG(s) 'example_sla_dag' retrieved from /home/jenny/.local/lib/python3.13/site-packages/airflow/example_dags/example_sla_dag.py
[2026-03-01T14:52:25.259+0530] {logging_mixin.py:190} INFO - [2026-03-01T14:52:25.259+0530] {dag.py:3239} INFO - Sync 1 DAGs
[2026-03-01T14:52:25.272+0530] {logging_mixin.py:190} INFO - [2026-03-01T14:52:25.272+0530] {dag.py:4180} INFO - Setting next_dagrun for example_sla_dag to 2026-03-01 09:20:00+00:00, run_after=2026-03-01 09:22:00+00:00
[2026-03-01T14:52:25.287+0530] {processor.py:208} INFO - Processing /home/jenny/.local/lib/python3.13/site-packages/airflow/example_dags/example_sla_dag.py took 0.054 seconds
[2026-03-01T14:53:17.304+0530] {processor.py:186} INFO - Started process (PID=242147) to work on /home/jenny/.local/lib/python3.13/site-packages/airflow/example_dags/example_sla_dag.py
[2026-03-01T14:53:17.305+0530] {processor.py:914} INFO - Processing file /home/jenny/.local/lib/python3.13/site-packages/airflow/example_dags/example_sla_dag.py for tasks to queue
[2026-03-01T14:53:17.308+0530] {logging_mixin.py:190} INFO - [2026-03-01T14:53:17.307+0530] {dagbag.py:588} INFO - Filling up the DagBag from /home/jenny/.local/lib/python3.13/site-packages/airflow/example_dags/example_sla_dag.py
[2026-03-01T14:53:17.316+0530] {processor.py:925} INFO - DAG(s) 'example_sla_dag' retrieved from /home/jenny/.local/lib/python3.13/site-packages/airflow/example_dags/example_sla_dag.py
[2026-03-01T14:53:17.325+0530] {logging_mixin.py:190} INFO - [2026-03-01T14:53:17.324+0530] {dag.py:3239} INFO - Sync 1 DAGs
[2026-03-01T14:53:17.337+0530] {logging_mixin.py:190} INFO - [2026-03-01T14:53:17.337+0530] {dag.py:4180} INFO - Setting next_dagrun for example_sla_dag to 2026-03-01 09:20:00+00:00, run_after=2026-03-01 09:22:00+00:00
[2026-03-01T14:53:17.353+0530] {processor.py:208} INFO - Processing /home/jenny/.local/lib/python3.13/site-packages/airflow/example_dags/example_sla_dag.py took 0.055 seconds
[2026-03-01T14:54:08.768+0530] {processor.py:186} INFO - Started process (PID=242291) to work on /home/jenny/.local/lib/python3.13/site-packages/airflow/example_dags/example_sla_dag.py
[2026-03-01T14:54:08.770+0530] {processor.py:914} INFO - Processing file /home/jenny/.local/lib/python3.13/site-packages/airflow/example_dags/example_sla_dag.py for tasks to queue
[2026-03-01T14:54:08.773+0530] {logging_mixin.py:190} INFO - [2026-03-01T14:54:08.772+0530] {dagbag.py:588} INFO - Filling up the DagBag from /home/jenny/.local/lib/python3.13/site-packages/airflow/example_dags/example_sla_dag.py
[2026-03-01T14:54:08.783+0530] {processor.py:925} INFO - DAG(s) 'example_sla_dag' retrieved from /home/jenny/.local/lib/python3.13/site-packages/airflow/example_dags/example_sla_dag.py
[2026-03-01T14:54:08.790+0530] {logging_mixin.py:190} INFO - [2026-03-01T14:54:08.790+0530] {dag.py:3239} INFO - Sync 1 DAGs
[2026-03-01T14:54:08.803+0530] {logging_mixin.py:190} INFO - [2026-03-01T14:54:08.803+0530] {dag.py:4180} INFO - Setting next_dagrun for example_sla_dag to 2026-03-01 09:22:00+00:00, run_after=2026-03-01 09:24:00+00:00
[2026-03-01T14:54:08.818+0530] {processor.py:208} INFO - Processing /home/jenny/.local/lib/python3.13/site-packages/airflow/example_dags/example_sla_dag.py took 0.056 seconds
[2026-03-01T14:55:03.795+0530] {processor.py:186} INFO - Started process (PID=242456) to work on /home/jenny/.local/lib/python3.13/site-packages/airflow/example_dags/example_sla_dag.py
[2026-03-01T14:55:03.796+0530] {processor.py:914} INFO - Processing file /home/jenny/.local/lib/python3.13/site-packages/airflow/example_dags/example_sla_dag.py for tasks to queue
[2026-03-01T14:55:03.798+0530] {logging_mixin.py:190} INFO - [2026-03-01T14:55:03.798+0530] {dagbag.py:588} INFO - Filling up the DagBag from /home/jenny/.local/lib/python3.13/site-packages/airflow/example_dags/example_sla_dag.py
[2026-03-01T14:55:03.807+0530] {processor.py:925} INFO - DAG(s) 'example_sla_dag' retrieved from /home/jenny/.local/lib/python3.13/site-packages/airflow/example_dags/example_sla_dag.py
[2026-03-01T14:55:03.816+0530] {logging_mixin.py:190} INFO - [2026-03-01T14:55:03.816+0530] {dag.py:3239} INFO - Sync 1 DAGs
[2026-03-01T14:55:03.830+0530] {logging_mixin.py:190} INFO - [2026-03-01T14:55:03.829+0530] {dag.py:4180} INFO - Setting next_dagrun for example_sla_dag to 2026-03-01 09:22:00+00:00, run_after=2026-03-01 09:24:00+00:00
[2026-03-01T14:55:03.845+0530] {processor.py:208} INFO - Processing /home/jenny/.local/lib/python3.13/site-packages/airflow/example_dags/example_sla_dag.py took 0.055 seconds
[2026-03-01T14:55:58.594+0530] {processor.py:186} INFO - Started process (PID=246588) to work on /home/jenny/.local/lib/python3.13/site-packages/airflow/example_dags/example_sla_dag.py
[2026-03-01T14:55:58.596+0530] {processor.py:914} INFO - Processing file /home/jenny/.local/lib/python3.13/site-packages/airflow/example_dags/example_sla_dag.py for tasks to queue
[2026-03-01T14:55:58.599+0530] {logging_mixin.py:190} INFO - [2026-03-01T14:55:58.598+0530] {dagbag.py:588} INFO - Filling up the DagBag from /home/jenny/.local/lib/python3.13/site-packages/airflow/example_dags/example_sla_dag.py
[2026-03-01T14:55:58.608+0530] {processor.py:925} INFO - DAG(s) 'example_sla_dag' retrieved from /home/jenny/.local/lib/python3.13/site-packages/airflow/example_dags/example_sla_dag.py
[2026-03-01T14:55:58.615+0530] {logging_mixin.py:190} INFO - [2026-03-01T14:55:58.615+0530] {dag.py:3239} INFO - Sync 1 DAGs
[2026-03-01T14:55:58.628+0530] {logging_mixin.py:190} INFO - [2026-03-01T14:55:58.628+0530] {dag.py:4180} INFO - Setting next_dagrun for example_sla_dag to 2026-03-01 09:22:00+00:00, run_after=2026-03-01 09:24:00+00:00
[2026-03-01T14:55:58.644+0530] {processor.py:208} INFO - Processing /home/jenny/.local/lib/python3.13/site-packages/airflow/example_dags/example_sla_dag.py took 0.055 seconds
[2026-03-01T14:56:51.634+0530] {processor.py:186} INFO - Started process (PID=246728) to work on /home/jenny/.local/lib/python3.13/site-packages/airflow/example_dags/example_sla_dag.py
[2026-03-01T14:56:51.636+0530] {processor.py:914} INFO - Processing file /home/jenny/.local/lib/python3.13/site-packages/airflow/example_dags/example_sla_dag.py for tasks to queue
[2026-03-01T14:56:51.639+0530] {logging_mixin.py:190} INFO - [2026-03-01T14:56:51.638+0530] {dagbag.py:588} INFO - Filling up the DagBag from /home/jenny/.local/lib/python3.13/site-packages/airflow/example_dags/example_sla_dag.py
[2026-03-01T14:56:51.647+0530] {processor.py:925} INFO - DAG(s) 'example_sla_dag' retrieved from /home/jenny/.local/lib/python3.13/site-packages/airflow/example_dags/example_sla_dag.py
[2026-03-01T14:56:51.655+0530] {logging_mixin.py:190} INFO - [2026-03-01T14:56:51.655+0530] {dag.py:3239} INFO - Sync 1 DAGs
[2026-03-01T14:56:51.668+0530] {logging_mixin.py:190} INFO - [2026-03-01T14:56:51.668+0530] {dag.py:4180} INFO - Setting next_dagrun for example_sla_dag to 2026-03-01 09:24:00+00:00, run_after=2026-03-01 09:26:00+00:00
[2026-03-01T14:56:51.684+0530] {processor.py:208} INFO - Processing /home/jenny/.local/lib/python3.13/site-packages/airflow/example_dags/example_sla_dag.py took 0.056 seconds
[2026-03-01T14:57:45.741+0530] {processor.py:186} INFO - Started process (PID=246891) to work on /home/jenny/.local/lib/python3.13/site-packages/airflow/example_dags/example_sla_dag.py
[2026-03-01T14:57:45.742+0530] {processor.py:914} INFO - Processing file /home/jenny/.local/lib/python3.13/site-packages/airflow/example_dags/example_sla_dag.py for tasks to queue
[2026-03-01T14:57:45.743+0530] {logging_mixin.py:190} INFO - [2026-03-01T14:57:45.743+0530] {dagbag.py:588} INFO - Filling up the DagBag from /home/jenny/.local/lib/python3.13/site-packages/airflow/example_dags/example_sla_dag.py
[2026-03-01T14:57:45.750+0530] {processor.py:925} INFO - DAG(s) 'example_sla_dag' retrieved from /home/jenny/.local/lib/python3.13/site-packages/airflow/example_dags/example_sla_dag.py
[2026-03-01T14:57:45.759+0530] {logging_mixin.py:190} INFO - [2026-03-01T14:57:45.758+0530] {dag.py:3239} INFO - Sync 1 DAGs
[2026-03-01T14:57:45.773+0530] {logging_mixin.py:190} INFO - [2026-03-01T14:57:45.773+0530] {dag.py:4180} INFO - Setting next_dagrun for example_sla_dag to 2026-03-01 09:24:00+00:00, run_after=2026-03-01 09:26:00+00:00
[2026-03-01T14:57:45.789+0530] {processor.py:208} INFO - Processing /home/jenny/.local/lib/python3.13/site-packages/airflow/example_dags/example_sla_dag.py took 0.052 seconds
[2026-03-01T14:58:40.346+0530] {processor.py:186} INFO - Started process (PID=247109) to work on /home/jenny/.local/lib/python3.13/site-packages/airflow/example_dags/example_sla_dag.py
[2026-03-01T14:58:40.347+0530] {processor.py:914} INFO - Processing file /home/jenny/.local/lib/python3.13/site-packages/airflow/example_dags/example_sla_dag.py for tasks to queue
[2026-03-01T14:58:40.349+0530] {logging_mixin.py:190} INFO - [2026-03-01T14:58:40.348+0530] {dagbag.py:588} INFO - Filling up the DagBag from /home/jenny/.local/lib/python3.13/site-packages/airflow/example_dags/example_sla_dag.py
[2026-03-01T14:58:40.359+0530] {processor.py:925} INFO - DAG(s) 'example_sla_dag' retrieved from /home/jenny/.local/lib/python3.13/site-packages/airflow/example_dags/example_sla_dag.py
[2026-03-01T14:58:40.372+0530] {logging_mixin.py:190} INFO - [2026-03-01T14:58:40.371+0530] {dag.py:3239} INFO - Sync 1 DAGs
[2026-03-01T14:58:40.393+0530] {logging_mixin.py:190} INFO - [2026-03-01T14:58:40.393+0530] {dag.py:4180} INFO - Setting next_dagrun for example_sla_dag to 2026-03-01 09:26:00+00:00, run_after=2026-03-01 09:28:00+00:00
[2026-03-01T14:58:40.415+0530] {processor.py:208} INFO - Processing /home/jenny/.local/lib/python3.13/site-packages/airflow/example_dags/example_sla_dag.py took 0.073 seconds
[2026-03-01T14:59:34.810+0530] {processor.py:186} INFO - Started process (PID=247418) to work on /home/jenny/.local/lib/python3.13/site-packages/airflow/example_dags/example_sla_dag.py
[2026-03-01T14:59:34.811+0530] {processor.py:914} INFO - Processing file /home/jenny/.local/lib/python3.13/site-packages/airflow/example_dags/example_sla_dag.py for tasks to queue
[2026-03-01T14:59:34.813+0530] {logging_mixin.py:190} INFO - [2026-03-01T14:59:34.813+0530] {dagbag.py:588} INFO - Filling up the DagBag from /home/jenny/.local/lib/python3.13/site-packages/airflow/example_dags/example_sla_dag.py
[2026-03-01T14:59:34.822+0530] {processor.py:925} INFO - DAG(s) 'example_sla_dag' retrieved from /home/jenny/.local/lib/python3.13/site-packages/airflow/example_dags/example_sla_dag.py
[2026-03-01T14:59:34.830+0530] {logging_mixin.py:190} INFO - [2026-03-01T14:59:34.830+0530] {dag.py:3239} INFO - Sync 1 DAGs
[2026-03-01T14:59:34.845+0530] {logging_mixin.py:190} INFO - [2026-03-01T14:59:34.844+0530] {dag.py:4180} INFO - Setting next_dagrun for example_sla_dag to 2026-03-01 09:26:00+00:00, run_after=2026-03-01 09:28:00+00:00
[2026-03-01T14:59:34.860+0530] {processor.py:208} INFO - Processing /home/jenny/.local/lib/python3.13/site-packages/airflow/example_dags/example_sla_dag.py took 0.055 seconds
[2026-03-01T15:00:29.750+0530] {processor.py:186} INFO - Started process (PID=248013) to work on /home/jenny/.local/lib/python3.13/site-packages/airflow/example_dags/example_sla_dag.py
[2026-03-01T15:00:29.751+0530] {processor.py:914} INFO - Processing file /home/jenny/.local/lib/python3.13/site-packages/airflow/example_dags/example_sla_dag.py for tasks to queue
[2026-03-01T15:00:29.753+0530] {logging_mixin.py:190} INFO - [2026-03-01T15:00:29.753+0530] {dagbag.py:588} INFO - Filling up the DagBag from /home/jenny/.local/lib/python3.13/site-packages/airflow/example_dags/example_sla_dag.py
[2026-03-01T15:00:29.764+0530] {processor.py:925} INFO - DAG(s) 'example_sla_dag' retrieved from /home/jenny/.local/lib/python3.13/site-packages/airflow/example_dags/example_sla_dag.py
[2026-03-01T15:00:29.779+0530] {logging_mixin.py:190} INFO - [2026-03-01T15:00:29.779+0530] {dag.py:3239} INFO - Sync 1 DAGs
[2026-03-01T15:00:29.803+0530] {logging_mixin.py:190} INFO - [2026-03-01T15:00:29.803+0530] {dag.py:4180} INFO - Setting next_dagrun for example_sla_dag to 2026-03-01 09:28:00+00:00, run_after=2026-03-01 09:30:00+00:00
[2026-03-01T15:00:29.834+0530] {processor.py:208} INFO - Processing /home/jenny/.local/lib/python3.13/site-packages/airflow/example_dags/example_sla_dag.py took 0.089 seconds
[2026-03-01T15:01:25.236+0530] {processor.py:186} INFO - Started process (PID=248177) to work on /home/jenny/.local/lib/python3.13/site-packages/airflow/example_dags/example_sla_dag.py
[2026-03-01T15:01:25.237+0530] {processor.py:914} INFO - Processing file /home/jenny/.local/lib/python3.13/site-packages/airflow/example_dags/example_sla_dag.py for tasks to queue
[2026-03-01T15:01:25.239+0530] {logging_mixin.py:190} INFO - [2026-03-01T15:01:25.239+0530] {dagbag.py:588} INFO - Filling up the DagBag from /home/jenny/.local/lib/python3.13/site-packages/airflow/example_dags/example_sla_dag.py
[2026-03-01T15:01:25.248+0530] {processor.py:925} INFO - DAG(s) 'example_sla_dag' retrieved from /home/jenny/.local/lib/python3.13/site-packages/airflow/example_dags/example_sla_dag.py
[2026-03-01T15:01:25.256+0530] {logging_mixin.py:190} INFO - [2026-03-01T15:01:25.256+0530] {dag.py:3239} INFO - Sync 1 DAGs
[2026-03-01T15:01:25.268+0530] {logging_mixin.py:190} INFO - [2026-03-01T15:01:25.268+0530] {dag.py:4180} INFO - Setting next_dagrun for example_sla_dag to 2026-03-01 09:28:00+00:00, run_after=2026-03-01 09:30:00+00:00
[2026-03-01T15:01:25.284+0530] {processor.py:208} INFO - Processing /home/jenny/.local/lib/python3.13/site-packages/airflow/example_dags/example_sla_dag.py took 0.051 seconds
[2026-03-01T15:02:18.407+0530] {processor.py:186} INFO - Started process (PID=248382) to work on /home/jenny/.local/lib/python3.13/site-packages/airflow/example_dags/example_sla_dag.py
[2026-03-01T15:02:18.407+0530] {processor.py:914} INFO - Processing file /home/jenny/.local/lib/python3.13/site-packages/airflow/example_dags/example_sla_dag.py for tasks to queue
[2026-03-01T15:02:18.409+0530] {logging_mixin.py:190} INFO - [2026-03-01T15:02:18.409+0530] {dagbag.py:588} INFO - Filling up the DagBag from /home/jenny/.local/lib/python3.13/site-packages/airflow/example_dags/example_sla_dag.py
[2026-03-01T15:02:18.422+0530] {processor.py:925} INFO - DAG(s) 'example_sla_dag' retrieved from /home/jenny/.local/lib/python3.13/site-packages/airflow/example_dags/example_sla_dag.py
[2026-03-01T15:02:18.437+0530] {logging_mixin.py:190} INFO - [2026-03-01T15:02:18.437+0530] {dag.py:3239} INFO - Sync 1 DAGs
[2026-03-01T15:02:18.461+0530] {logging_mixin.py:190} INFO - [2026-03-01T15:02:18.460+0530] {dag.py:4180} INFO - Setting next_dagrun for example_sla_dag to 2026-03-01 09:30:00+00:00, run_after=2026-03-01 09:32:00+00:00
[2026-03-01T15:02:18.494+0530] {processor.py:208} INFO - Processing /home/jenny/.local/lib/python3.13/site-packages/airflow/example_dags/example_sla_dag.py took 0.092 seconds
[2026-03-01T15:03:14.441+0530] {processor.py:186} INFO - Started process (PID=248585) to work on /home/jenny/.local/lib/python3.13/site-packages/airflow/example_dags/example_sla_dag.py
[2026-03-01T15:03:14.442+0530] {processor.py:914} INFO - Processing file /home/jenny/.local/lib/python3.13/site-packages/airflow/example_dags/example_sla_dag.py for tasks to queue
[2026-03-01T15:03:14.444+0530] {logging_mixin.py:190} INFO - [2026-03-01T15:03:14.443+0530] {dagbag.py:588} INFO - Filling up the DagBag from /home/jenny/.local/lib/python3.13/site-packages/airflow/example_dags/example_sla_dag.py
[2026-03-01T15:03:14.451+0530] {processor.py:925} INFO - DAG(s) 'example_sla_dag' retrieved from /home/jenny/.local/lib/python3.13/site-packages/airflow/example_dags/example_sla_dag.py
[2026-03-01T15:03:14.460+0530] {logging_mixin.py:190} INFO - [2026-03-01T15:03:14.460+0530] {dag.py:3239} INFO - Sync 1 DAGs
[2026-03-01T15:03:14.474+0530] {logging_mixin.py:190} INFO - [2026-03-01T15:03:14.474+0530] {dag.py:4180} INFO - Setting next_dagrun for example_sla_dag to 2026-03-01 09:30:00+00:00, run_after=2026-03-01 09:32:00+00:00
[2026-03-01T15:03:14.510+0530] {processor.py:208} INFO - Processing /home/jenny/.local/lib/python3.13/site-packages/airflow/example_dags/example_sla_dag.py took 0.073 seconds
[2026-03-01T15:04:10.092+0530] {processor.py:186} INFO - Started process (PID=249048) to work on /home/jenny/.local/lib/python3.13/site-packages/airflow/example_dags/example_sla_dag.py
[2026-03-01T15:04:10.093+0530] {processor.py:914} INFO - Processing file /home/jenny/.local/lib/python3.13/site-packages/airflow/example_dags/example_sla_dag.py for tasks to queue
[2026-03-01T15:04:10.096+0530] {logging_mixin.py:190} INFO - [2026-03-01T15:04:10.096+0530] {dagbag.py:588} INFO - Filling up the DagBag from /home/jenny/.local/lib/python3.13/site-packages/airflow/example_dags/example_sla_dag.py
[2026-03-01T15:04:10.105+0530] {processor.py:925} INFO - DAG(s) 'example_sla_dag' retrieved from /home/jenny/.local/lib/python3.13/site-packages/airflow/example_dags/example_sla_dag.py
[2026-03-01T15:04:10.113+0530] {logging_mixin.py:190} INFO - [2026-03-01T15:04:10.113+0530] {dag.py:3239} INFO - Sync 1 DAGs
[2026-03-01T15:04:10.126+0530] {logging_mixin.py:190} INFO - [2026-03-01T15:04:10.126+0530] {dag.py:4180} INFO - Setting next_dagrun for example_sla_dag to 2026-03-01 09:32:00+00:00, run_after=2026-03-01 09:34:00+00:00
[2026-03-01T15:04:10.145+0530] {processor.py:208} INFO - Processing /home/jenny/.local/lib/python3.13/site-packages/airflow/example_dags/example_sla_dag.py took 0.058 seconds
[2026-03-01T15:05:02.541+0530] {processor.py:186} INFO - Started process (PID=249384) to work on /home/jenny/.local/lib/python3.13/site-packages/airflow/example_dags/example_sla_dag.py
[2026-03-01T15:05:02.541+0530] {processor.py:914} INFO - Processing file /home/jenny/.local/lib/python3.13/site-packages/airflow/example_dags/example_sla_dag.py for tasks to queue
[2026-03-01T15:05:02.544+0530] {logging_mixin.py:190} INFO - [2026-03-01T15:05:02.544+0530] {dagbag.py:588} INFO - Filling up the DagBag from /home/jenny/.local/lib/python3.13/site-packages/airflow/example_dags/example_sla_dag.py
[2026-03-01T15:05:02.552+0530] {processor.py:925} INFO - DAG(s) 'example_sla_dag' retrieved from /home/jenny/.local/lib/python3.13/site-packages/airflow/example_dags/example_sla_dag.py
[2026-03-01T15:05:02.561+0530] {logging_mixin.py:190} INFO - [2026-03-01T15:05:02.561+0530] {dag.py:3239} INFO - Sync 1 DAGs
[2026-03-01T15:05:02.574+0530] {logging_mixin.py:190} INFO - [2026-03-01T15:05:02.574+0530] {dag.py:4180} INFO - Setting next_dagrun for example_sla_dag to 2026-03-01 09:32:00+00:00, run_after=2026-03-01 09:34:00+00:00
[2026-03-01T15:05:02.591+0530] {processor.py:208} INFO - Processing /home/jenny/.local/lib/python3.13/site-packages/airflow/example_dags/example_sla_dag.py took 0.054 seconds
[2026-03-01T15:05:55.696+0530] {processor.py:186} INFO - Started process (PID=249617) to work on /home/jenny/.local/lib/python3.13/site-packages/airflow/example_dags/example_sla_dag.py
[2026-03-01T15:05:55.697+0530] {processor.py:914} INFO - Processing file /home/jenny/.local/lib/python3.13/site-packages/airflow/example_dags/example_sla_dag.py for tasks to queue
[2026-03-01T15:05:55.699+0530] {logging_mixin.py:190} INFO - [2026-03-01T15:05:55.698+0530] {dagbag.py:588} INFO - Filling up the DagBag from /home/jenny/.local/lib/python3.13/site-packages/airflow/example_dags/example_sla_dag.py
[2026-03-01T15:05:55.707+0530] {processor.py:925} INFO - DAG(s) 'example_sla_dag' retrieved from /home/jenny/.local/lib/python3.13/site-packages/airflow/example_dags/example_sla_dag.py
[2026-03-01T15:05:55.716+0530] {logging_mixin.py:190} INFO - [2026-03-01T15:05:55.716+0530] {dag.py:3239} INFO - Sync 1 DAGs
[2026-03-01T15:05:55.730+0530] {logging_mixin.py:190} INFO - [2026-03-01T15:05:55.730+0530] {dag.py:4180} INFO - Setting next_dagrun for example_sla_dag to 2026-03-01 09:32:00+00:00, run_after=2026-03-01 09:34:00+00:00
[2026-03-01T15:05:55.746+0530] {processor.py:208} INFO - Processing /home/jenny/.local/lib/python3.13/site-packages/airflow/example_dags/example_sla_dag.py took 0.054 seconds
[2026-03-01T15:06:48.972+0530] {processor.py:186} INFO - Started process (PID=249923) to work on /home/jenny/.local/lib/python3.13/site-packages/airflow/example_dags/example_sla_dag.py
[2026-03-01T15:06:48.973+0530] {processor.py:914} INFO - Processing file /home/jenny/.local/lib/python3.13/site-packages/airflow/example_dags/example_sla_dag.py for tasks to queue
[2026-03-01T15:06:48.976+0530] {logging_mixin.py:190} INFO - [2026-03-01T15:06:48.975+0530] {dagbag.py:588} INFO - Filling up the DagBag from /home/jenny/.local/lib/python3.13/site-packages/airflow/example_dags/example_sla_dag.py
[2026-03-01T15:06:48.984+0530] {processor.py:925} INFO - DAG(s) 'example_sla_dag' retrieved from /home/jenny/.local/lib/python3.13/site-packages/airflow/example_dags/example_sla_dag.py
[2026-03-01T15:06:48.992+0530] {logging_mixin.py:190} INFO - [2026-03-01T15:06:48.992+0530] {dag.py:3239} INFO - Sync 1 DAGs
[2026-03-01T15:06:49.005+0530] {logging_mixin.py:190} INFO - [2026-03-01T15:06:49.005+0530] {dag.py:4180} INFO - Setting next_dagrun for example_sla_dag to 2026-03-01 09:34:00+00:00, run_after=2026-03-01 09:36:00+00:00
[2026-03-01T15:06:49.021+0530] {processor.py:208} INFO - Processing /home/jenny/.local/lib/python3.13/site-packages/airflow/example_dags/example_sla_dag.py took 0.056 seconds
[2026-03-01T15:07:41.935+0530] {processor.py:186} INFO - Started process (PID=250225) to work on /home/jenny/.local/lib/python3.13/site-packages/airflow/example_dags/example_sla_dag.py
[2026-03-01T15:07:41.937+0530] {processor.py:914} INFO - Processing file /home/jenny/.local/lib/python3.13/site-packages/airflow/example_dags/example_sla_dag.py for tasks to queue
[2026-03-01T15:07:41.940+0530] {logging_mixin.py:190} INFO - [2026-03-01T15:07:41.939+0530] {dagbag.py:588} INFO - Filling up the DagBag from /home/jenny/.local/lib/python3.13/site-packages/airflow/example_dags/example_sla_dag.py
[2026-03-01T15:07:41.949+0530] {processor.py:925} INFO - DAG(s) 'example_sla_dag' retrieved from /home/jenny/.local/lib/python3.13/site-packages/airflow/example_dags/example_sla_dag.py
[2026-03-01T15:07:41.957+0530] {logging_mixin.py:190} INFO - [2026-03-01T15:07:41.957+0530] {dag.py:3239} INFO - Sync 1 DAGs
[2026-03-01T15:07:41.971+0530] {logging_mixin.py:190} INFO - [2026-03-01T15:07:41.970+0530] {dag.py:4180} INFO - Setting next_dagrun for example_sla_dag to 2026-03-01 09:34:00+00:00, run_after=2026-03-01 09:36:00+00:00
[2026-03-01T15:07:41.986+0530] {processor.py:208} INFO - Processing /home/jenny/.local/lib/python3.13/site-packages/airflow/example_dags/example_sla_dag.py took 0.055 seconds
[2026-03-01T15:08:34.167+0530] {processor.py:186} INFO - Started process (PID=250480) to work on /home/jenny/.local/lib/python3.13/site-packages/airflow/example_dags/example_sla_dag.py
[2026-03-01T15:08:34.168+0530] {processor.py:914} INFO - Processing file /home/jenny/.local/lib/python3.13/site-packages/airflow/example_dags/example_sla_dag.py for tasks to queue
[2026-03-01T15:08:34.170+0530] {logging_mixin.py:190} INFO - [2026-03-01T15:08:34.170+0530] {dagbag.py:588} INFO - Filling up the DagBag from /home/jenny/.local/lib/python3.13/site-packages/airflow/example_dags/example_sla_dag.py
[2026-03-01T15:08:34.178+0530] {processor.py:925} INFO - DAG(s) 'example_sla_dag' retrieved from /home/jenny/.local/lib/python3.13/site-packages/airflow/example_dags/example_sla_dag.py
[2026-03-01T15:08:34.187+0530] {logging_mixin.py:190} INFO - [2026-03-01T15:08:34.187+0530] {dag.py:3239} INFO - Sync 1 DAGs
[2026-03-01T15:08:34.201+0530] {logging_mixin.py:190} INFO - [2026-03-01T15:08:34.201+0530] {dag.py:4180} INFO - Setting next_dagrun for example_sla_dag to 2026-03-01 09:36:00+00:00, run_after=2026-03-01 09:38:00+00:00
[2026-03-01T15:08:34.219+0530] {processor.py:208} INFO - Processing /home/jenny/.local/lib/python3.13/site-packages/airflow/example_dags/example_sla_dag.py took 0.056 seconds
[2026-03-01T15:09:25.952+0530] {processor.py:186} INFO - Started process (PID=250767) to work on /home/jenny/.local/lib/python3.13/site-packages/airflow/example_dags/example_sla_dag.py
[2026-03-01T15:09:25.953+0530] {processor.py:914} INFO - Processing file /home/jenny/.local/lib/python3.13/site-packages/airflow/example_dags/example_sla_dag.py for tasks to queue
[2026-03-01T15:09:25.956+0530] {logging_mixin.py:190} INFO - [2026-03-01T15:09:25.956+0530] {dagbag.py:588} INFO - Filling up the DagBag from /home/jenny/.local/lib/python3.13/site-packages/airflow/example_dags/example_sla_dag.py
[2026-03-01T15:09:25.970+0530] {processor.py:925} INFO - DAG(s) 'example_sla_dag' retrieved from /home/jenny/.local/lib/python3.13/site-packages/airflow/example_dags/example_sla_dag.py
[2026-03-01T15:09:25.988+0530] {logging_mixin.py:190} INFO - [2026-03-01T15:09:25.988+0530] {dag.py:3239} INFO - Sync 1 DAGs
[2026-03-01T15:09:26.010+0530] {logging_mixin.py:190} INFO - [2026-03-01T15:09:26.010+0530] {dag.py:4180} INFO - Setting next_dagrun for example_sla_dag to 2026-03-01 09:36:00+00:00, run_after=2026-03-01 09:38:00+00:00
[2026-03-01T15:09:26.056+0530] {processor.py:208} INFO - Processing /home/jenny/.local/lib/python3.13/site-packages/airflow/example_dags/example_sla_dag.py took 0.111 seconds
[2026-03-01T15:10:18.920+0530] {processor.py:186} INFO - Started process (PID=251223) to work on /home/jenny/.local/lib/python3.13/site-packages/airflow/example_dags/example_sla_dag.py
[2026-03-01T15:10:18.921+0530] {processor.py:914} INFO - Processing file /home/jenny/.local/lib/python3.13/site-packages/airflow/example_dags/example_sla_dag.py for tasks to queue
[2026-03-01T15:10:18.923+0530] {logging_mixin.py:190} INFO - [2026-03-01T15:10:18.923+0530] {dagbag.py:588} INFO - Filling up the DagBag from /home/jenny/.local/lib/python3.13/site-packages/airflow/example_dags/example_sla_dag.py
[2026-03-01T15:10:18.932+0530] {processor.py:925} INFO - DAG(s) 'example_sla_dag' retrieved from /home/jenny/.local/lib/python3.13/site-packages/airflow/example_dags/example_sla_dag.py
[2026-03-01T15:10:18.946+0530] {logging_mixin.py:190} INFO - [2026-03-01T15:10:18.945+0530] {dag.py:3239} INFO - Sync 1 DAGs
[2026-03-01T15:10:18.965+0530] {logging_mixin.py:190} INFO - [2026-03-01T15:10:18.965+0530] {dag.py:4180} INFO - Setting next_dagrun for example_sla_dag to 2026-03-01 09:38:00+00:00, run_after=2026-03-01 09:40:00+00:00
[2026-03-01T15:10:18.987+0530] {processor.py:208} INFO - Processing /home/jenny/.local/lib/python3.13/site-packages/airflow/example_dags/example_sla_dag.py took 0.072 seconds
[2026-03-01T19:41:25.815+0530] {processor.py:186} INFO - Started process (PID=255503) to work on /home/jenny/.local/lib/python3.13/site-packages/airflow/example_dags/example_sla_dag.py
[2026-03-01T19:41:25.816+0530] {processor.py:914} INFO - Processing file /home/jenny/.local/lib/python3.13/site-packages/airflow/example_dags/example_sla_dag.py for tasks to queue
[2026-03-01T19:41:25.818+0530] {logging_mixin.py:190} INFO - [2026-03-01T19:41:25.817+0530] {dagbag.py:588} INFO - Filling up the DagBag from /home/jenny/.local/lib/python3.13/site-packages/airflow/example_dags/example_sla_dag.py
[2026-03-01T19:41:25.828+0530] {processor.py:925} INFO - DAG(s) 'example_sla_dag' retrieved from /home/jenny/.local/lib/python3.13/site-packages/airflow/example_dags/example_sla_dag.py
[2026-03-01T19:41:25.836+0530] {logging_mixin.py:190} INFO - [2026-03-01T19:41:25.836+0530] {dag.py:3239} INFO - Sync 1 DAGs
[2026-03-01T19:41:25.850+0530] {logging_mixin.py:190} INFO - [2026-03-01T19:41:25.850+0530] {dag.py:4180} INFO - Setting next_dagrun for example_sla_dag to 2026-03-01 14:08:00+00:00, run_after=2026-03-01 14:10:00+00:00
[2026-03-01T19:41:25.866+0530] {processor.py:208} INFO - Processing /home/jenny/.local/lib/python3.13/site-packages/airflow/example_dags/example_sla_dag.py took 0.057 seconds
[2026-03-01T19:42:23.762+0530] {processor.py:186} INFO - Started process (PID=255767) to work on /home/jenny/.local/lib/python3.13/site-packages/airflow/example_dags/example_sla_dag.py
[2026-03-01T19:42:23.764+0530] {processor.py:914} INFO - Processing file /home/jenny/.local/lib/python3.13/site-packages/airflow/example_dags/example_sla_dag.py for tasks to queue
[2026-03-01T19:42:23.765+0530] {logging_mixin.py:190} INFO - [2026-03-01T19:42:23.765+0530] {dagbag.py:588} INFO - Filling up the DagBag from /home/jenny/.local/lib/python3.13/site-packages/airflow/example_dags/example_sla_dag.py
[2026-03-01T19:42:23.774+0530] {processor.py:925} INFO - DAG(s) 'example_sla_dag' retrieved from /home/jenny/.local/lib/python3.13/site-packages/airflow/example_dags/example_sla_dag.py
[2026-03-01T19:42:23.782+0530] {logging_mixin.py:190} INFO - [2026-03-01T19:42:23.782+0530] {dag.py:3239} INFO - Sync 1 DAGs
[2026-03-01T19:42:23.795+0530] {logging_mixin.py:190} INFO - [2026-03-01T19:42:23.795+0530] {dag.py:4180} INFO - Setting next_dagrun for example_sla_dag to 2026-03-01 14:10:00+00:00, run_after=2026-03-01 14:12:00+00:00
[2026-03-01T19:42:23.810+0530] {processor.py:208} INFO - Processing /home/jenny/.local/lib/python3.13/site-packages/airflow/example_dags/example_sla_dag.py took 0.054 seconds
[2026-03-01T19:43:17.695+0530] {processor.py:186} INFO - Started process (PID=256137) to work on /home/jenny/.local/lib/python3.13/site-packages/airflow/example_dags/example_sla_dag.py
[2026-03-01T19:43:17.696+0530] {processor.py:914} INFO - Processing file /home/jenny/.local/lib/python3.13/site-packages/airflow/example_dags/example_sla_dag.py for tasks to queue
[2026-03-01T19:43:17.697+0530] {logging_mixin.py:190} INFO - [2026-03-01T19:43:17.697+0530] {dagbag.py:588} INFO - Filling up the DagBag from /home/jenny/.local/lib/python3.13/site-packages/airflow/example_dags/example_sla_dag.py
[2026-03-01T19:43:17.707+0530] {processor.py:925} INFO - DAG(s) 'example_sla_dag' retrieved from /home/jenny/.local/lib/python3.13/site-packages/airflow/example_dags/example_sla_dag.py
[2026-03-01T19:43:17.715+0530] {logging_mixin.py:190} INFO - [2026-03-01T19:43:17.715+0530] {dag.py:3239} INFO - Sync 1 DAGs
[2026-03-01T19:43:17.729+0530] {logging_mixin.py:190} INFO - [2026-03-01T19:43:17.728+0530] {dag.py:4180} INFO - Setting next_dagrun for example_sla_dag to 2026-03-01 14:10:00+00:00, run_after=2026-03-01 14:12:00+00:00
[2026-03-01T19:43:17.766+0530] {processor.py:208} INFO - Processing /home/jenny/.local/lib/python3.13/site-packages/airflow/example_dags/example_sla_dag.py took 0.077 seconds
[2026-03-01T19:44:10.978+0530] {processor.py:186} INFO - Started process (PID=256308) to work on /home/jenny/.local/lib/python3.13/site-packages/airflow/example_dags/example_sla_dag.py
[2026-03-01T19:44:10.979+0530] {processor.py:914} INFO - Processing file /home/jenny/.local/lib/python3.13/site-packages/airflow/example_dags/example_sla_dag.py for tasks to queue
[2026-03-01T19:44:10.980+0530] {logging_mixin.py:190} INFO - [2026-03-01T19:44:10.980+0530] {dagbag.py:588} INFO - Filling up the DagBag from /home/jenny/.local/lib/python3.13/site-packages/airflow/example_dags/example_sla_dag.py
[2026-03-01T19:44:10.988+0530] {processor.py:925} INFO - DAG(s) 'example_sla_dag' retrieved from /home/jenny/.local/lib/python3.13/site-packages/airflow/example_dags/example_sla_dag.py
[2026-03-01T19:44:10.998+0530] {logging_mixin.py:190} INFO - [2026-03-01T19:44:10.998+0530] {dag.py:3239} INFO - Sync 1 DAGs
[2026-03-01T19:44:11.013+0530] {logging_mixin.py:190} INFO - [2026-03-01T19:44:11.013+0530] {dag.py:4180} INFO - Setting next_dagrun for example_sla_dag to 2026-03-01 14:12:00+00:00, run_after=2026-03-01 14:14:00+00:00
[2026-03-01T19:44:11.029+0530] {processor.py:208} INFO - Processing /home/jenny/.local/lib/python3.13/site-packages/airflow/example_dags/example_sla_dag.py took 0.056 seconds
[2026-03-01T19:45:03.779+0530] {processor.py:186} INFO - Started process (PID=256744) to work on /home/jenny/.local/lib/python3.13/site-packages/airflow/example_dags/example_sla_dag.py
[2026-03-01T19:45:03.780+0530] {processor.py:914} INFO - Processing file /home/jenny/.local/lib/python3.13/site-packages/airflow/example_dags/example_sla_dag.py for tasks to queue
[2026-03-01T19:45:03.780+0530] {logging_mixin.py:190} INFO - [2026-03-01T19:45:03.780+0530] {dagbag.py:588} INFO - Filling up the DagBag from /home/jenny/.local/lib/python3.13/site-packages/airflow/example_dags/example_sla_dag.py
[2026-03-01T19:45:03.787+0530] {processor.py:925} INFO - DAG(s) 'example_sla_dag' retrieved from /home/jenny/.local/lib/python3.13/site-packages/airflow/example_dags/example_sla_dag.py
[2026-03-01T19:45:03.795+0530] {logging_mixin.py:190} INFO - [2026-03-01T19:45:03.795+0530] {dag.py:3239} INFO - Sync 1 DAGs
[2026-03-01T19:45:03.809+0530] {logging_mixin.py:190} INFO - [2026-03-01T19:45:03.808+0530] {dag.py:4180} INFO - Setting next_dagrun for example_sla_dag to 2026-03-01 14:12:00+00:00, run_after=2026-03-01 14:14:00+00:00
[2026-03-01T19:45:03.823+0530] {processor.py:208} INFO - Processing /home/jenny/.local/lib/python3.13/site-packages/airflow/example_dags/example_sla_dag.py took 0.049 seconds
[2026-03-01T19:45:54.889+0530] {processor.py:186} INFO - Started process (PID=257046) to work on /home/jenny/.local/lib/python3.13/site-packages/airflow/example_dags/example_sla_dag.py
[2026-03-01T19:45:54.889+0530] {processor.py:914} INFO - Processing file /home/jenny/.local/lib/python3.13/site-packages/airflow/example_dags/example_sla_dag.py for tasks to queue
[2026-03-01T19:45:54.890+0530] {logging_mixin.py:190} INFO - [2026-03-01T19:45:54.890+0530] {dagbag.py:588} INFO - Filling up the DagBag from /home/jenny/.local/lib/python3.13/site-packages/airflow/example_dags/example_sla_dag.py
[2026-03-01T19:45:54.897+0530] {processor.py:925} INFO - DAG(s) 'example_sla_dag' retrieved from /home/jenny/.local/lib/python3.13/site-packages/airflow/example_dags/example_sla_dag.py
[2026-03-01T19:45:54.906+0530] {logging_mixin.py:190} INFO - [2026-03-01T19:45:54.906+0530] {dag.py:3239} INFO - Sync 1 DAGs
[2026-03-01T19:45:54.921+0530] {logging_mixin.py:190} INFO - [2026-03-01T19:45:54.921+0530] {dag.py:4180} INFO - Setting next_dagrun for example_sla_dag to 2026-03-01 14:12:00+00:00, run_after=2026-03-01 14:14:00+00:00
[2026-03-01T19:45:54.936+0530] {processor.py:208} INFO - Processing /home/jenny/.local/lib/python3.13/site-packages/airflow/example_dags/example_sla_dag.py took 0.051 seconds
[2026-03-01T19:46:47.464+0530] {processor.py:186} INFO - Started process (PID=258389) to work on /home/jenny/.local/lib/python3.13/site-packages/airflow/example_dags/example_sla_dag.py
[2026-03-01T19:46:47.465+0530] {processor.py:914} INFO - Processing file /home/jenny/.local/lib/python3.13/site-packages/airflow/example_dags/example_sla_dag.py for tasks to queue
[2026-03-01T19:46:47.466+0530] {logging_mixin.py:190} INFO - [2026-03-01T19:46:47.466+0530] {dagbag.py:588} INFO - Filling up the DagBag from /home/jenny/.local/lib/python3.13/site-packages/airflow/example_dags/example_sla_dag.py
[2026-03-01T19:46:47.475+0530] {processor.py:925} INFO - DAG(s) 'example_sla_dag' retrieved from /home/jenny/.local/lib/python3.13/site-packages/airflow/example_dags/example_sla_dag.py
[2026-03-01T19:46:47.484+0530] {logging_mixin.py:190} INFO - [2026-03-01T19:46:47.484+0530] {dag.py:3239} INFO - Sync 1 DAGs
[2026-03-01T19:46:47.497+0530] {logging_mixin.py:190} INFO - [2026-03-01T19:46:47.497+0530] {dag.py:4180} INFO - Setting next_dagrun for example_sla_dag to 2026-03-01 14:14:00+00:00, run_after=2026-03-01 14:16:00+00:00
[2026-03-01T19:46:47.515+0530] {processor.py:208} INFO - Processing /home/jenny/.local/lib/python3.13/site-packages/airflow/example_dags/example_sla_dag.py took 0.056 seconds
[2026-03-01T19:47:40.482+0530] {processor.py:186} INFO - Started process (PID=259696) to work on /home/jenny/.local/lib/python3.13/site-packages/airflow/example_dags/example_sla_dag.py
[2026-03-01T19:47:40.483+0530] {processor.py:914} INFO - Processing file /home/jenny/.local/lib/python3.13/site-packages/airflow/example_dags/example_sla_dag.py for tasks to queue
[2026-03-01T19:47:40.485+0530] {logging_mixin.py:190} INFO - [2026-03-01T19:47:40.484+0530] {dagbag.py:588} INFO - Filling up the DagBag from /home/jenny/.local/lib/python3.13/site-packages/airflow/example_dags/example_sla_dag.py
[2026-03-01T19:47:40.494+0530] {processor.py:925} INFO - DAG(s) 'example_sla_dag' retrieved from /home/jenny/.local/lib/python3.13/site-packages/airflow/example_dags/example_sla_dag.py
[2026-03-01T19:47:40.502+0530] {logging_mixin.py:190} INFO - [2026-03-01T19:47:40.502+0530] {dag.py:3239} INFO - Sync 1 DAGs
[2026-03-01T19:47:40.516+0530] {logging_mixin.py:190} INFO - [2026-03-01T19:47:40.516+0530] {dag.py:4180} INFO - Setting next_dagrun for example_sla_dag to 2026-03-01 14:14:00+00:00, run_after=2026-03-01 14:16:00+00:00
[2026-03-01T19:47:40.552+0530] {processor.py:208} INFO - Processing /home/jenny/.local/lib/python3.13/site-packages/airflow/example_dags/example_sla_dag.py took 0.077 seconds
