[2026-03-01T14:14:55.749+0530] {processor.py:186} INFO - Started process (PID=212793) to work on /home/jenny/.local/lib/python3.13/site-packages/airflow/example_dags/example_task_group_decorator.py
[2026-03-01T14:14:55.749+0530] {processor.py:914} INFO - Processing file /home/jenny/.local/lib/python3.13/site-packages/airflow/example_dags/example_task_group_decorator.py for tasks to queue
[2026-03-01T14:14:55.753+0530] {logging_mixin.py:190} INFO - [2026-03-01T14:14:55.753+0530] {dagbag.py:588} INFO - Filling up the DagBag from /home/jenny/.local/lib/python3.13/site-packages/airflow/example_dags/example_task_group_decorator.py
[2026-03-01T14:14:55.765+0530] {processor.py:925} INFO - DAG(s) 'example_task_group_decorator' retrieved from /home/jenny/.local/lib/python3.13/site-packages/airflow/example_dags/example_task_group_decorator.py
[2026-03-01T14:14:55.854+0530] {logging_mixin.py:190} INFO - [2026-03-01T14:14:55.853+0530] {override.py:1932} INFO - Created Permission View: can read on DAG:example_task_group_decorator
[2026-03-01T14:14:55.865+0530] {logging_mixin.py:190} INFO - [2026-03-01T14:14:55.865+0530] {override.py:1932} INFO - Created Permission View: can delete on DAG:example_task_group_decorator
[2026-03-01T14:14:55.875+0530] {logging_mixin.py:190} INFO - [2026-03-01T14:14:55.875+0530] {override.py:1932} INFO - Created Permission View: can edit on DAG:example_task_group_decorator
[2026-03-01T14:14:55.892+0530] {logging_mixin.py:190} INFO - [2026-03-01T14:14:55.892+0530] {override.py:1932} INFO - Created Permission View: can read on DAG Run:example_task_group_decorator
[2026-03-01T14:14:55.902+0530] {logging_mixin.py:190} INFO - [2026-03-01T14:14:55.901+0530] {override.py:1932} INFO - Created Permission View: menu access on DAG Run:example_task_group_decorator
[2026-03-01T14:14:55.911+0530] {logging_mixin.py:190} INFO - [2026-03-01T14:14:55.911+0530] {override.py:1932} INFO - Created Permission View: can create on DAG Run:example_task_group_decorator
[2026-03-01T14:14:55.922+0530] {logging_mixin.py:190} INFO - [2026-03-01T14:14:55.922+0530] {override.py:1932} INFO - Created Permission View: can delete on DAG Run:example_task_group_decorator
[2026-03-01T14:14:55.922+0530] {logging_mixin.py:190} INFO - [2026-03-01T14:14:55.922+0530] {dag.py:3239} INFO - Sync 1 DAGs
[2026-03-01T14:14:55.930+0530] {logging_mixin.py:190} INFO - [2026-03-01T14:14:55.930+0530] {dag.py:3262} INFO - Creating ORM DAG for example_task_group_decorator
[2026-03-01T14:14:55.931+0530] {logging_mixin.py:190} INFO - [2026-03-01T14:14:55.931+0530] {dag.py:4180} INFO - Setting next_dagrun for example_task_group_decorator to None, run_after=None
[2026-03-01T14:14:55.949+0530] {processor.py:208} INFO - Processing /home/jenny/.local/lib/python3.13/site-packages/airflow/example_dags/example_task_group_decorator.py took 0.205 seconds
[2026-03-01T14:15:59.747+0530] {processor.py:186} INFO - Started process (PID=213405) to work on /home/jenny/.local/lib/python3.13/site-packages/airflow/example_dags/example_task_group_decorator.py
[2026-03-01T14:15:59.748+0530] {processor.py:914} INFO - Processing file /home/jenny/.local/lib/python3.13/site-packages/airflow/example_dags/example_task_group_decorator.py for tasks to queue
[2026-03-01T14:15:59.751+0530] {logging_mixin.py:190} INFO - [2026-03-01T14:15:59.751+0530] {dagbag.py:588} INFO - Filling up the DagBag from /home/jenny/.local/lib/python3.13/site-packages/airflow/example_dags/example_task_group_decorator.py
[2026-03-01T14:15:59.763+0530] {processor.py:925} INFO - DAG(s) 'example_task_group_decorator' retrieved from /home/jenny/.local/lib/python3.13/site-packages/airflow/example_dags/example_task_group_decorator.py
[2026-03-01T14:15:59.775+0530] {logging_mixin.py:190} INFO - [2026-03-01T14:15:59.775+0530] {dag.py:3239} INFO - Sync 1 DAGs
[2026-03-01T14:15:59.784+0530] {logging_mixin.py:190} INFO - [2026-03-01T14:15:59.784+0530] {dag.py:4180} INFO - Setting next_dagrun for example_task_group_decorator to None, run_after=None
[2026-03-01T14:15:59.804+0530] {processor.py:208} INFO - Processing /home/jenny/.local/lib/python3.13/site-packages/airflow/example_dags/example_task_group_decorator.py took 0.062 seconds
[2026-03-01T14:16:54.714+0530] {processor.py:186} INFO - Started process (PID=214787) to work on /home/jenny/.local/lib/python3.13/site-packages/airflow/example_dags/example_task_group_decorator.py
[2026-03-01T14:16:54.715+0530] {processor.py:914} INFO - Processing file /home/jenny/.local/lib/python3.13/site-packages/airflow/example_dags/example_task_group_decorator.py for tasks to queue
[2026-03-01T14:16:54.718+0530] {logging_mixin.py:190} INFO - [2026-03-01T14:16:54.717+0530] {dagbag.py:588} INFO - Filling up the DagBag from /home/jenny/.local/lib/python3.13/site-packages/airflow/example_dags/example_task_group_decorator.py
[2026-03-01T14:16:54.729+0530] {processor.py:925} INFO - DAG(s) 'example_task_group_decorator' retrieved from /home/jenny/.local/lib/python3.13/site-packages/airflow/example_dags/example_task_group_decorator.py
[2026-03-01T14:16:54.740+0530] {logging_mixin.py:190} INFO - [2026-03-01T14:16:54.740+0530] {dag.py:3239} INFO - Sync 1 DAGs
[2026-03-01T14:16:54.752+0530] {logging_mixin.py:190} INFO - [2026-03-01T14:16:54.751+0530] {dag.py:4180} INFO - Setting next_dagrun for example_task_group_decorator to None, run_after=None
[2026-03-01T14:16:54.767+0530] {processor.py:208} INFO - Processing /home/jenny/.local/lib/python3.13/site-packages/airflow/example_dags/example_task_group_decorator.py took 0.057 seconds
[2026-03-01T14:18:13.632+0530] {processor.py:186} INFO - Started process (PID=215604) to work on /home/jenny/.local/lib/python3.13/site-packages/airflow/example_dags/example_task_group_decorator.py
[2026-03-01T14:18:13.632+0530] {processor.py:914} INFO - Processing file /home/jenny/.local/lib/python3.13/site-packages/airflow/example_dags/example_task_group_decorator.py for tasks to queue
[2026-03-01T14:18:13.636+0530] {logging_mixin.py:190} INFO - [2026-03-01T14:18:13.635+0530] {dagbag.py:588} INFO - Filling up the DagBag from /home/jenny/.local/lib/python3.13/site-packages/airflow/example_dags/example_task_group_decorator.py
[2026-03-01T14:18:13.647+0530] {processor.py:925} INFO - DAG(s) 'example_task_group_decorator' retrieved from /home/jenny/.local/lib/python3.13/site-packages/airflow/example_dags/example_task_group_decorator.py
[2026-03-01T14:18:13.718+0530] {logging_mixin.py:190} INFO - [2026-03-01T14:18:13.717+0530] {dag.py:3239} INFO - Sync 1 DAGs
[2026-03-01T14:18:13.724+0530] {logging_mixin.py:190} INFO - [2026-03-01T14:18:13.724+0530] {dag.py:4180} INFO - Setting next_dagrun for example_task_group_decorator to None, run_after=None
[2026-03-01T14:18:13.740+0530] {processor.py:208} INFO - Processing /home/jenny/.local/lib/python3.13/site-packages/airflow/example_dags/example_task_group_decorator.py took 0.113 seconds
[2026-03-01T14:19:13.282+0530] {processor.py:186} INFO - Started process (PID=216332) to work on /home/jenny/.local/lib/python3.13/site-packages/airflow/example_dags/example_task_group_decorator.py
[2026-03-01T14:19:13.283+0530] {processor.py:914} INFO - Processing file /home/jenny/.local/lib/python3.13/site-packages/airflow/example_dags/example_task_group_decorator.py for tasks to queue
[2026-03-01T14:19:13.285+0530] {logging_mixin.py:190} INFO - [2026-03-01T14:19:13.285+0530] {dagbag.py:588} INFO - Filling up the DagBag from /home/jenny/.local/lib/python3.13/site-packages/airflow/example_dags/example_task_group_decorator.py
[2026-03-01T14:19:13.301+0530] {processor.py:925} INFO - DAG(s) 'example_task_group_decorator' retrieved from /home/jenny/.local/lib/python3.13/site-packages/airflow/example_dags/example_task_group_decorator.py
[2026-03-01T14:19:13.314+0530] {logging_mixin.py:190} INFO - [2026-03-01T14:19:13.314+0530] {dag.py:3239} INFO - Sync 1 DAGs
[2026-03-01T14:19:13.321+0530] {logging_mixin.py:190} INFO - [2026-03-01T14:19:13.321+0530] {dag.py:4180} INFO - Setting next_dagrun for example_task_group_decorator to None, run_after=None
[2026-03-01T14:19:13.337+0530] {processor.py:208} INFO - Processing /home/jenny/.local/lib/python3.13/site-packages/airflow/example_dags/example_task_group_decorator.py took 0.059 seconds
