[2026-03-01T14:15:21.121+0530] {processor.py:186} INFO - Started process (PID=213170) to work on /home/jenny/.local/lib/python3.13/site-packages/airflow/example_dags/example_external_task_marker_dag.py
[2026-03-01T14:15:21.121+0530] {processor.py:914} INFO - Processing file /home/jenny/.local/lib/python3.13/site-packages/airflow/example_dags/example_external_task_marker_dag.py for tasks to queue
[2026-03-01T14:15:21.123+0530] {logging_mixin.py:190} INFO - [2026-03-01T14:15:21.123+0530] {dagbag.py:588} INFO - Filling up the DagBag from /home/jenny/.local/lib/python3.13/site-packages/airflow/example_dags/example_external_task_marker_dag.py
[2026-03-01T14:15:21.130+0530] {processor.py:925} INFO - DAG(s) 'example_external_task_marker_child', 'example_external_task_marker_parent' retrieved from /home/jenny/.local/lib/python3.13/site-packages/airflow/example_dags/example_external_task_marker_dag.py
[2026-03-01T14:15:21.200+0530] {logging_mixin.py:190} INFO - [2026-03-01T14:15:21.199+0530] {override.py:1932} INFO - Created Permission View: can read on DAG:example_external_task_marker_child
[2026-03-01T14:15:21.211+0530] {logging_mixin.py:190} INFO - [2026-03-01T14:15:21.210+0530] {override.py:1932} INFO - Created Permission View: can delete on DAG:example_external_task_marker_child
[2026-03-01T14:15:21.222+0530] {logging_mixin.py:190} INFO - [2026-03-01T14:15:21.221+0530] {override.py:1932} INFO - Created Permission View: can edit on DAG:example_external_task_marker_child
[2026-03-01T14:15:21.241+0530] {logging_mixin.py:190} INFO - [2026-03-01T14:15:21.240+0530] {override.py:1932} INFO - Created Permission View: can read on DAG Run:example_external_task_marker_child
[2026-03-01T14:15:21.252+0530] {logging_mixin.py:190} INFO - [2026-03-01T14:15:21.252+0530] {override.py:1932} INFO - Created Permission View: menu access on DAG Run:example_external_task_marker_child
[2026-03-01T14:15:21.263+0530] {logging_mixin.py:190} INFO - [2026-03-01T14:15:21.263+0530] {override.py:1932} INFO - Created Permission View: can create on DAG Run:example_external_task_marker_child
[2026-03-01T14:15:21.274+0530] {logging_mixin.py:190} INFO - [2026-03-01T14:15:21.274+0530] {override.py:1932} INFO - Created Permission View: can delete on DAG Run:example_external_task_marker_child
[2026-03-01T14:15:21.296+0530] {logging_mixin.py:190} INFO - [2026-03-01T14:15:21.295+0530] {override.py:1932} INFO - Created Permission View: can read on DAG:example_external_task_marker_parent
[2026-03-01T14:15:21.308+0530] {logging_mixin.py:190} INFO - [2026-03-01T14:15:21.308+0530] {override.py:1932} INFO - Created Permission View: can delete on DAG:example_external_task_marker_parent
[2026-03-01T14:15:21.319+0530] {logging_mixin.py:190} INFO - [2026-03-01T14:15:21.319+0530] {override.py:1932} INFO - Created Permission View: can edit on DAG:example_external_task_marker_parent
[2026-03-01T14:15:21.337+0530] {logging_mixin.py:190} INFO - [2026-03-01T14:15:21.336+0530] {override.py:1932} INFO - Created Permission View: can read on DAG Run:example_external_task_marker_parent
[2026-03-01T14:15:21.348+0530] {logging_mixin.py:190} INFO - [2026-03-01T14:15:21.347+0530] {override.py:1932} INFO - Created Permission View: menu access on DAG Run:example_external_task_marker_parent
[2026-03-01T14:15:21.358+0530] {logging_mixin.py:190} INFO - [2026-03-01T14:15:21.358+0530] {override.py:1932} INFO - Created Permission View: can create on DAG Run:example_external_task_marker_parent
[2026-03-01T14:15:21.369+0530] {logging_mixin.py:190} INFO - [2026-03-01T14:15:21.368+0530] {override.py:1932} INFO - Created Permission View: can delete on DAG Run:example_external_task_marker_parent
[2026-03-01T14:15:21.369+0530] {logging_mixin.py:190} INFO - [2026-03-01T14:15:21.369+0530] {dag.py:3239} INFO - Sync 2 DAGs
[2026-03-01T14:15:21.377+0530] {logging_mixin.py:190} INFO - [2026-03-01T14:15:21.377+0530] {dag.py:3262} INFO - Creating ORM DAG for example_external_task_marker_parent
[2026-03-01T14:15:21.378+0530] {logging_mixin.py:190} INFO - [2026-03-01T14:15:21.378+0530] {dag.py:3262} INFO - Creating ORM DAG for example_external_task_marker_child
[2026-03-01T14:15:21.378+0530] {logging_mixin.py:190} INFO - [2026-03-01T14:15:21.378+0530] {dag.py:4180} INFO - Setting next_dagrun for example_external_task_marker_child to None, run_after=None
[2026-03-01T14:15:21.378+0530] {logging_mixin.py:190} INFO - [2026-03-01T14:15:21.378+0530] {dag.py:4180} INFO - Setting next_dagrun for example_external_task_marker_parent to None, run_after=None
[2026-03-01T14:15:21.393+0530] {processor.py:208} INFO - Processing /home/jenny/.local/lib/python3.13/site-packages/airflow/example_dags/example_external_task_marker_dag.py took 0.275 seconds
[2026-03-01T14:16:23.257+0530] {processor.py:186} INFO - Started process (PID=213897) to work on /home/jenny/.local/lib/python3.13/site-packages/airflow/example_dags/example_external_task_marker_dag.py
[2026-03-01T14:16:23.258+0530] {processor.py:914} INFO - Processing file /home/jenny/.local/lib/python3.13/site-packages/airflow/example_dags/example_external_task_marker_dag.py for tasks to queue
[2026-03-01T14:16:23.261+0530] {logging_mixin.py:190} INFO - [2026-03-01T14:16:23.261+0530] {dagbag.py:588} INFO - Filling up the DagBag from /home/jenny/.local/lib/python3.13/site-packages/airflow/example_dags/example_external_task_marker_dag.py
[2026-03-01T14:16:23.268+0530] {processor.py:925} INFO - DAG(s) 'example_external_task_marker_parent', 'example_external_task_marker_child' retrieved from /home/jenny/.local/lib/python3.13/site-packages/airflow/example_dags/example_external_task_marker_dag.py
[2026-03-01T14:16:23.278+0530] {logging_mixin.py:190} INFO - [2026-03-01T14:16:23.278+0530] {dag.py:3239} INFO - Sync 2 DAGs
[2026-03-01T14:16:23.285+0530] {logging_mixin.py:190} INFO - [2026-03-01T14:16:23.285+0530] {dag.py:4180} INFO - Setting next_dagrun for example_external_task_marker_child to None, run_after=None
[2026-03-01T14:16:23.287+0530] {logging_mixin.py:190} INFO - [2026-03-01T14:16:23.287+0530] {dag.py:4180} INFO - Setting next_dagrun for example_external_task_marker_parent to None, run_after=None
[2026-03-01T14:16:23.301+0530] {processor.py:208} INFO - Processing /home/jenny/.local/lib/python3.13/site-packages/airflow/example_dags/example_external_task_marker_dag.py took 0.049 seconds
[2026-03-01T14:17:19.402+0530] {processor.py:186} INFO - Started process (PID=215118) to work on /home/jenny/.local/lib/python3.13/site-packages/airflow/example_dags/example_external_task_marker_dag.py
[2026-03-01T14:17:19.404+0530] {processor.py:914} INFO - Processing file /home/jenny/.local/lib/python3.13/site-packages/airflow/example_dags/example_external_task_marker_dag.py for tasks to queue
[2026-03-01T14:17:19.407+0530] {logging_mixin.py:190} INFO - [2026-03-01T14:17:19.406+0530] {dagbag.py:588} INFO - Filling up the DagBag from /home/jenny/.local/lib/python3.13/site-packages/airflow/example_dags/example_external_task_marker_dag.py
[2026-03-01T14:17:19.413+0530] {processor.py:925} INFO - DAG(s) 'example_external_task_marker_parent', 'example_external_task_marker_child' retrieved from /home/jenny/.local/lib/python3.13/site-packages/airflow/example_dags/example_external_task_marker_dag.py
[2026-03-01T14:17:19.423+0530] {logging_mixin.py:190} INFO - [2026-03-01T14:17:19.423+0530] {dag.py:3239} INFO - Sync 2 DAGs
[2026-03-01T14:17:19.434+0530] {logging_mixin.py:190} INFO - [2026-03-01T14:17:19.434+0530] {dag.py:4180} INFO - Setting next_dagrun for example_external_task_marker_child to None, run_after=None
[2026-03-01T14:17:19.436+0530] {logging_mixin.py:190} INFO - [2026-03-01T14:17:19.436+0530] {dag.py:4180} INFO - Setting next_dagrun for example_external_task_marker_parent to None, run_after=None
[2026-03-01T14:17:19.449+0530] {processor.py:208} INFO - Processing /home/jenny/.local/lib/python3.13/site-packages/airflow/example_dags/example_external_task_marker_dag.py took 0.054 seconds
[2026-03-01T14:18:39.314+0530] {processor.py:186} INFO - Started process (PID=215655) to work on /home/jenny/.local/lib/python3.13/site-packages/airflow/example_dags/example_external_task_marker_dag.py
[2026-03-01T14:18:39.315+0530] {processor.py:914} INFO - Processing file /home/jenny/.local/lib/python3.13/site-packages/airflow/example_dags/example_external_task_marker_dag.py for tasks to queue
[2026-03-01T14:18:39.317+0530] {logging_mixin.py:190} INFO - [2026-03-01T14:18:39.316+0530] {dagbag.py:588} INFO - Filling up the DagBag from /home/jenny/.local/lib/python3.13/site-packages/airflow/example_dags/example_external_task_marker_dag.py
[2026-03-01T14:18:39.322+0530] {processor.py:925} INFO - DAG(s) 'example_external_task_marker_parent', 'example_external_task_marker_child' retrieved from /home/jenny/.local/lib/python3.13/site-packages/airflow/example_dags/example_external_task_marker_dag.py
[2026-03-01T14:18:39.393+0530] {logging_mixin.py:190} INFO - [2026-03-01T14:18:39.393+0530] {dag.py:3239} INFO - Sync 2 DAGs
[2026-03-01T14:18:39.401+0530] {logging_mixin.py:190} INFO - [2026-03-01T14:18:39.401+0530] {dag.py:4180} INFO - Setting next_dagrun for example_external_task_marker_child to None, run_after=None
[2026-03-01T14:18:39.403+0530] {logging_mixin.py:190} INFO - [2026-03-01T14:18:39.402+0530] {dag.py:4180} INFO - Setting next_dagrun for example_external_task_marker_parent to None, run_after=None
[2026-03-01T14:18:39.417+0530] {processor.py:208} INFO - Processing /home/jenny/.local/lib/python3.13/site-packages/airflow/example_dags/example_external_task_marker_dag.py took 0.106 seconds
[2026-03-01T14:19:36.234+0530] {processor.py:186} INFO - Started process (PID=216474) to work on /home/jenny/.local/lib/python3.13/site-packages/airflow/example_dags/example_external_task_marker_dag.py
[2026-03-01T14:19:36.235+0530] {processor.py:914} INFO - Processing file /home/jenny/.local/lib/python3.13/site-packages/airflow/example_dags/example_external_task_marker_dag.py for tasks to queue
[2026-03-01T14:19:36.237+0530] {logging_mixin.py:190} INFO - [2026-03-01T14:19:36.237+0530] {dagbag.py:588} INFO - Filling up the DagBag from /home/jenny/.local/lib/python3.13/site-packages/airflow/example_dags/example_external_task_marker_dag.py
[2026-03-01T14:19:36.244+0530] {processor.py:925} INFO - DAG(s) 'example_external_task_marker_parent', 'example_external_task_marker_child' retrieved from /home/jenny/.local/lib/python3.13/site-packages/airflow/example_dags/example_external_task_marker_dag.py
[2026-03-01T14:19:36.255+0530] {logging_mixin.py:190} INFO - [2026-03-01T14:19:36.255+0530] {dag.py:3239} INFO - Sync 2 DAGs
[2026-03-01T14:19:36.263+0530] {logging_mixin.py:190} INFO - [2026-03-01T14:19:36.263+0530] {dag.py:4180} INFO - Setting next_dagrun for example_external_task_marker_child to None, run_after=None
[2026-03-01T14:19:36.265+0530] {logging_mixin.py:190} INFO - [2026-03-01T14:19:36.265+0530] {dag.py:4180} INFO - Setting next_dagrun for example_external_task_marker_parent to None, run_after=None
[2026-03-01T14:19:36.281+0530] {processor.py:208} INFO - Processing /home/jenny/.local/lib/python3.13/site-packages/airflow/example_dags/example_external_task_marker_dag.py took 0.050 seconds
[2026-03-01T14:20:39.226+0530] {processor.py:186} INFO - Started process (PID=216732) to work on /home/jenny/.local/lib/python3.13/site-packages/airflow/example_dags/example_external_task_marker_dag.py
[2026-03-01T14:20:39.228+0530] {processor.py:914} INFO - Processing file /home/jenny/.local/lib/python3.13/site-packages/airflow/example_dags/example_external_task_marker_dag.py for tasks to queue
[2026-03-01T14:20:39.230+0530] {logging_mixin.py:190} INFO - [2026-03-01T14:20:39.230+0530] {dagbag.py:588} INFO - Filling up the DagBag from /home/jenny/.local/lib/python3.13/site-packages/airflow/example_dags/example_external_task_marker_dag.py
[2026-03-01T14:20:39.236+0530] {processor.py:925} INFO - DAG(s) 'example_external_task_marker_parent', 'example_external_task_marker_child' retrieved from /home/jenny/.local/lib/python3.13/site-packages/airflow/example_dags/example_external_task_marker_dag.py
[2026-03-01T14:20:39.248+0530] {logging_mixin.py:190} INFO - [2026-03-01T14:20:39.248+0530] {dag.py:3239} INFO - Sync 2 DAGs
[2026-03-01T14:20:39.259+0530] {logging_mixin.py:190} INFO - [2026-03-01T14:20:39.259+0530] {dag.py:4180} INFO - Setting next_dagrun for example_external_task_marker_child to None, run_after=None
[2026-03-01T14:20:39.261+0530] {logging_mixin.py:190} INFO - [2026-03-01T14:20:39.261+0530] {dag.py:4180} INFO - Setting next_dagrun for example_external_task_marker_parent to None, run_after=None
[2026-03-01T14:20:39.276+0530] {processor.py:208} INFO - Processing /home/jenny/.local/lib/python3.13/site-packages/airflow/example_dags/example_external_task_marker_dag.py took 0.054 seconds
[2026-03-01T14:21:36.046+0530] {processor.py:186} INFO - Started process (PID=216901) to work on /home/jenny/.local/lib/python3.13/site-packages/airflow/example_dags/example_external_task_marker_dag.py
[2026-03-01T14:21:36.047+0530] {processor.py:914} INFO - Processing file /home/jenny/.local/lib/python3.13/site-packages/airflow/example_dags/example_external_task_marker_dag.py for tasks to queue
[2026-03-01T14:21:36.049+0530] {logging_mixin.py:190} INFO - [2026-03-01T14:21:36.049+0530] {dagbag.py:588} INFO - Filling up the DagBag from /home/jenny/.local/lib/python3.13/site-packages/airflow/example_dags/example_external_task_marker_dag.py
[2026-03-01T14:21:36.055+0530] {processor.py:925} INFO - DAG(s) 'example_external_task_marker_child', 'example_external_task_marker_parent' retrieved from /home/jenny/.local/lib/python3.13/site-packages/airflow/example_dags/example_external_task_marker_dag.py
[2026-03-01T14:21:36.069+0530] {logging_mixin.py:190} INFO - [2026-03-01T14:21:36.069+0530] {dag.py:3239} INFO - Sync 2 DAGs
[2026-03-01T14:21:36.077+0530] {logging_mixin.py:190} INFO - [2026-03-01T14:21:36.076+0530] {dag.py:4180} INFO - Setting next_dagrun for example_external_task_marker_child to None, run_after=None
[2026-03-01T14:21:36.080+0530] {logging_mixin.py:190} INFO - [2026-03-01T14:21:36.079+0530] {dag.py:4180} INFO - Setting next_dagrun for example_external_task_marker_parent to None, run_after=None
[2026-03-01T14:21:36.094+0530] {processor.py:208} INFO - Processing /home/jenny/.local/lib/python3.13/site-packages/airflow/example_dags/example_external_task_marker_dag.py took 0.054 seconds
[2026-03-01T14:22:31.706+0530] {processor.py:186} INFO - Started process (PID=218240) to work on /home/jenny/.local/lib/python3.13/site-packages/airflow/example_dags/example_external_task_marker_dag.py
[2026-03-01T14:22:31.707+0530] {processor.py:914} INFO - Processing file /home/jenny/.local/lib/python3.13/site-packages/airflow/example_dags/example_external_task_marker_dag.py for tasks to queue
[2026-03-01T14:22:31.709+0530] {logging_mixin.py:190} INFO - [2026-03-01T14:22:31.708+0530] {dagbag.py:588} INFO - Filling up the DagBag from /home/jenny/.local/lib/python3.13/site-packages/airflow/example_dags/example_external_task_marker_dag.py
[2026-03-01T14:22:31.715+0530] {processor.py:925} INFO - DAG(s) 'example_external_task_marker_parent', 'example_external_task_marker_child' retrieved from /home/jenny/.local/lib/python3.13/site-packages/airflow/example_dags/example_external_task_marker_dag.py
[2026-03-01T14:22:31.730+0530] {logging_mixin.py:190} INFO - [2026-03-01T14:22:31.729+0530] {dag.py:3239} INFO - Sync 2 DAGs
[2026-03-01T14:22:31.738+0530] {logging_mixin.py:190} INFO - [2026-03-01T14:22:31.738+0530] {dag.py:4180} INFO - Setting next_dagrun for example_external_task_marker_child to None, run_after=None
[2026-03-01T14:22:31.740+0530] {logging_mixin.py:190} INFO - [2026-03-01T14:22:31.740+0530] {dag.py:4180} INFO - Setting next_dagrun for example_external_task_marker_parent to None, run_after=None
[2026-03-01T14:22:31.755+0530] {processor.py:208} INFO - Processing /home/jenny/.local/lib/python3.13/site-packages/airflow/example_dags/example_external_task_marker_dag.py took 0.052 seconds
[2026-03-01T14:23:28.324+0530] {processor.py:186} INFO - Started process (PID=219701) to work on /home/jenny/.local/lib/python3.13/site-packages/airflow/example_dags/example_external_task_marker_dag.py
[2026-03-01T14:23:28.325+0530] {processor.py:914} INFO - Processing file /home/jenny/.local/lib/python3.13/site-packages/airflow/example_dags/example_external_task_marker_dag.py for tasks to queue
[2026-03-01T14:23:28.328+0530] {logging_mixin.py:190} INFO - [2026-03-01T14:23:28.328+0530] {dagbag.py:588} INFO - Filling up the DagBag from /home/jenny/.local/lib/python3.13/site-packages/airflow/example_dags/example_external_task_marker_dag.py
[2026-03-01T14:23:28.335+0530] {processor.py:925} INFO - DAG(s) 'example_external_task_marker_child', 'example_external_task_marker_parent' retrieved from /home/jenny/.local/lib/python3.13/site-packages/airflow/example_dags/example_external_task_marker_dag.py
[2026-03-01T14:23:28.345+0530] {logging_mixin.py:190} INFO - [2026-03-01T14:23:28.345+0530] {dag.py:3239} INFO - Sync 2 DAGs
[2026-03-01T14:23:28.352+0530] {logging_mixin.py:190} INFO - [2026-03-01T14:23:28.352+0530] {dag.py:4180} INFO - Setting next_dagrun for example_external_task_marker_child to None, run_after=None
[2026-03-01T14:23:28.354+0530] {logging_mixin.py:190} INFO - [2026-03-01T14:23:28.354+0530] {dag.py:4180} INFO - Setting next_dagrun for example_external_task_marker_parent to None, run_after=None
[2026-03-01T14:23:28.368+0530] {processor.py:208} INFO - Processing /home/jenny/.local/lib/python3.13/site-packages/airflow/example_dags/example_external_task_marker_dag.py took 0.050 seconds
[2026-03-01T14:24:27.476+0530] {processor.py:186} INFO - Started process (PID=220328) to work on /home/jenny/.local/lib/python3.13/site-packages/airflow/example_dags/example_external_task_marker_dag.py
[2026-03-01T14:24:27.477+0530] {processor.py:914} INFO - Processing file /home/jenny/.local/lib/python3.13/site-packages/airflow/example_dags/example_external_task_marker_dag.py for tasks to queue
[2026-03-01T14:24:27.480+0530] {logging_mixin.py:190} INFO - [2026-03-01T14:24:27.480+0530] {dagbag.py:588} INFO - Filling up the DagBag from /home/jenny/.local/lib/python3.13/site-packages/airflow/example_dags/example_external_task_marker_dag.py
[2026-03-01T14:24:27.486+0530] {processor.py:925} INFO - DAG(s) 'example_external_task_marker_parent', 'example_external_task_marker_child' retrieved from /home/jenny/.local/lib/python3.13/site-packages/airflow/example_dags/example_external_task_marker_dag.py
[2026-03-01T14:24:27.497+0530] {logging_mixin.py:190} INFO - [2026-03-01T14:24:27.497+0530] {dag.py:3239} INFO - Sync 2 DAGs
[2026-03-01T14:24:27.504+0530] {logging_mixin.py:190} INFO - [2026-03-01T14:24:27.504+0530] {dag.py:4180} INFO - Setting next_dagrun for example_external_task_marker_child to None, run_after=None
[2026-03-01T14:24:27.506+0530] {logging_mixin.py:190} INFO - [2026-03-01T14:24:27.506+0530] {dag.py:4180} INFO - Setting next_dagrun for example_external_task_marker_parent to None, run_after=None
[2026-03-01T14:24:27.519+0530] {processor.py:208} INFO - Processing /home/jenny/.local/lib/python3.13/site-packages/airflow/example_dags/example_external_task_marker_dag.py took 0.050 seconds
[2026-03-01T14:25:47.709+0530] {processor.py:186} INFO - Started process (PID=225433) to work on /home/jenny/.local/lib/python3.13/site-packages/airflow/example_dags/example_external_task_marker_dag.py
[2026-03-01T14:25:47.710+0530] {processor.py:914} INFO - Processing file /home/jenny/.local/lib/python3.13/site-packages/airflow/example_dags/example_external_task_marker_dag.py for tasks to queue
[2026-03-01T14:25:47.714+0530] {logging_mixin.py:190} INFO - [2026-03-01T14:25:47.713+0530] {dagbag.py:588} INFO - Filling up the DagBag from /home/jenny/.local/lib/python3.13/site-packages/airflow/example_dags/example_external_task_marker_dag.py
[2026-03-01T14:25:47.719+0530] {processor.py:925} INFO - DAG(s) 'example_external_task_marker_parent', 'example_external_task_marker_child' retrieved from /home/jenny/.local/lib/python3.13/site-packages/airflow/example_dags/example_external_task_marker_dag.py
[2026-03-01T14:25:47.730+0530] {logging_mixin.py:190} INFO - [2026-03-01T14:25:47.730+0530] {dag.py:3239} INFO - Sync 2 DAGs
[2026-03-01T14:25:47.738+0530] {logging_mixin.py:190} INFO - [2026-03-01T14:25:47.738+0530] {dag.py:4180} INFO - Setting next_dagrun for example_external_task_marker_child to None, run_after=None
[2026-03-01T14:25:47.740+0530] {logging_mixin.py:190} INFO - [2026-03-01T14:25:47.740+0530] {dag.py:4180} INFO - Setting next_dagrun for example_external_task_marker_parent to None, run_after=None
[2026-03-01T14:25:47.753+0530] {processor.py:208} INFO - Processing /home/jenny/.local/lib/python3.13/site-packages/airflow/example_dags/example_external_task_marker_dag.py took 0.049 seconds
[2026-03-01T14:26:44.608+0530] {processor.py:186} INFO - Started process (PID=226119) to work on /home/jenny/.local/lib/python3.13/site-packages/airflow/example_dags/example_external_task_marker_dag.py
[2026-03-01T14:26:44.609+0530] {processor.py:914} INFO - Processing file /home/jenny/.local/lib/python3.13/site-packages/airflow/example_dags/example_external_task_marker_dag.py for tasks to queue
[2026-03-01T14:26:44.612+0530] {logging_mixin.py:190} INFO - [2026-03-01T14:26:44.611+0530] {dagbag.py:588} INFO - Filling up the DagBag from /home/jenny/.local/lib/python3.13/site-packages/airflow/example_dags/example_external_task_marker_dag.py
[2026-03-01T14:26:44.619+0530] {processor.py:925} INFO - DAG(s) 'example_external_task_marker_child', 'example_external_task_marker_parent' retrieved from /home/jenny/.local/lib/python3.13/site-packages/airflow/example_dags/example_external_task_marker_dag.py
[2026-03-01T14:26:44.633+0530] {logging_mixin.py:190} INFO - [2026-03-01T14:26:44.633+0530] {dag.py:3239} INFO - Sync 2 DAGs
[2026-03-01T14:26:44.641+0530] {logging_mixin.py:190} INFO - [2026-03-01T14:26:44.641+0530] {dag.py:4180} INFO - Setting next_dagrun for example_external_task_marker_child to None, run_after=None
[2026-03-01T14:26:44.643+0530] {logging_mixin.py:190} INFO - [2026-03-01T14:26:44.643+0530] {dag.py:4180} INFO - Setting next_dagrun for example_external_task_marker_parent to None, run_after=None
[2026-03-01T14:26:44.658+0530] {processor.py:208} INFO - Processing /home/jenny/.local/lib/python3.13/site-packages/airflow/example_dags/example_external_task_marker_dag.py took 0.054 seconds
[2026-03-01T14:28:10.784+0530] {processor.py:186} INFO - Started process (PID=228114) to work on /home/jenny/.local/lib/python3.13/site-packages/airflow/example_dags/example_external_task_marker_dag.py
[2026-03-01T14:28:10.785+0530] {processor.py:914} INFO - Processing file /home/jenny/.local/lib/python3.13/site-packages/airflow/example_dags/example_external_task_marker_dag.py for tasks to queue
[2026-03-01T14:28:10.787+0530] {logging_mixin.py:190} INFO - [2026-03-01T14:28:10.786+0530] {dagbag.py:588} INFO - Filling up the DagBag from /home/jenny/.local/lib/python3.13/site-packages/airflow/example_dags/example_external_task_marker_dag.py
[2026-03-01T14:28:10.792+0530] {processor.py:925} INFO - DAG(s) 'example_external_task_marker_parent', 'example_external_task_marker_child' retrieved from /home/jenny/.local/lib/python3.13/site-packages/airflow/example_dags/example_external_task_marker_dag.py
[2026-03-01T14:28:10.803+0530] {logging_mixin.py:190} INFO - [2026-03-01T14:28:10.802+0530] {dag.py:3239} INFO - Sync 2 DAGs
[2026-03-01T14:28:10.810+0530] {logging_mixin.py:190} INFO - [2026-03-01T14:28:10.810+0530] {dag.py:4180} INFO - Setting next_dagrun for example_external_task_marker_child to None, run_after=None
[2026-03-01T14:28:10.812+0530] {logging_mixin.py:190} INFO - [2026-03-01T14:28:10.812+0530] {dag.py:4180} INFO - Setting next_dagrun for example_external_task_marker_parent to None, run_after=None
[2026-03-01T14:28:10.863+0530] {processor.py:208} INFO - Processing /home/jenny/.local/lib/python3.13/site-packages/airflow/example_dags/example_external_task_marker_dag.py took 0.082 seconds
