[2026-03-01T14:15:39.636+0530] {processor.py:186} INFO - Started process (PID=213327) to work on /home/jenny/.local/lib/python3.13/site-packages/airflow/example_dags/example_bash_operator.py
[2026-03-01T14:15:39.637+0530] {processor.py:914} INFO - Processing file /home/jenny/.local/lib/python3.13/site-packages/airflow/example_dags/example_bash_operator.py for tasks to queue
[2026-03-01T14:15:39.639+0530] {logging_mixin.py:190} INFO - [2026-03-01T14:15:39.639+0530] {dagbag.py:588} INFO - Filling up the DagBag from /home/jenny/.local/lib/python3.13/site-packages/airflow/example_dags/example_bash_operator.py
[2026-03-01T14:15:39.649+0530] {processor.py:925} INFO - DAG(s) 'example_bash_operator' retrieved from /home/jenny/.local/lib/python3.13/site-packages/airflow/example_dags/example_bash_operator.py
[2026-03-01T14:15:39.725+0530] {logging_mixin.py:190} INFO - [2026-03-01T14:15:39.724+0530] {override.py:1932} INFO - Created Permission View: can read on DAG:example_bash_operator
[2026-03-01T14:15:39.736+0530] {logging_mixin.py:190} INFO - [2026-03-01T14:15:39.735+0530] {override.py:1932} INFO - Created Permission View: can delete on DAG:example_bash_operator
[2026-03-01T14:15:39.747+0530] {logging_mixin.py:190} INFO - [2026-03-01T14:15:39.746+0530] {override.py:1932} INFO - Created Permission View: can edit on DAG:example_bash_operator
[2026-03-01T14:15:39.766+0530] {logging_mixin.py:190} INFO - [2026-03-01T14:15:39.765+0530] {override.py:1932} INFO - Created Permission View: can read on DAG Run:example_bash_operator
[2026-03-01T14:15:39.776+0530] {logging_mixin.py:190} INFO - [2026-03-01T14:15:39.776+0530] {override.py:1932} INFO - Created Permission View: menu access on DAG Run:example_bash_operator
[2026-03-01T14:15:39.787+0530] {logging_mixin.py:190} INFO - [2026-03-01T14:15:39.787+0530] {override.py:1932} INFO - Created Permission View: can create on DAG Run:example_bash_operator
[2026-03-01T14:15:39.798+0530] {logging_mixin.py:190} INFO - [2026-03-01T14:15:39.797+0530] {override.py:1932} INFO - Created Permission View: can delete on DAG Run:example_bash_operator
[2026-03-01T14:15:39.798+0530] {logging_mixin.py:190} INFO - [2026-03-01T14:15:39.798+0530] {dag.py:3239} INFO - Sync 1 DAGs
[2026-03-01T14:15:39.813+0530] {logging_mixin.py:190} INFO - [2026-03-01T14:15:39.813+0530] {dag.py:3262} INFO - Creating ORM DAG for example_bash_operator
[2026-03-01T14:15:39.820+0530] {logging_mixin.py:190} INFO - [2026-03-01T14:15:39.820+0530] {dag.py:4180} INFO - Setting next_dagrun for example_bash_operator to 2026-02-28 00:00:00+00:00, run_after=2026-03-01 00:00:00+00:00
[2026-03-01T14:15:39.835+0530] {processor.py:208} INFO - Processing /home/jenny/.local/lib/python3.13/site-packages/airflow/example_dags/example_bash_operator.py took 0.202 seconds
[2026-03-01T14:16:38.006+0530] {processor.py:186} INFO - Started process (PID=214012) to work on /home/jenny/.local/lib/python3.13/site-packages/airflow/example_dags/example_bash_operator.py
[2026-03-01T14:16:38.006+0530] {processor.py:914} INFO - Processing file /home/jenny/.local/lib/python3.13/site-packages/airflow/example_dags/example_bash_operator.py for tasks to queue
[2026-03-01T14:16:38.008+0530] {logging_mixin.py:190} INFO - [2026-03-01T14:16:38.008+0530] {dagbag.py:588} INFO - Filling up the DagBag from /home/jenny/.local/lib/python3.13/site-packages/airflow/example_dags/example_bash_operator.py
[2026-03-01T14:16:38.018+0530] {processor.py:925} INFO - DAG(s) 'example_bash_operator' retrieved from /home/jenny/.local/lib/python3.13/site-packages/airflow/example_dags/example_bash_operator.py
[2026-03-01T14:16:38.034+0530] {logging_mixin.py:190} INFO - [2026-03-01T14:16:38.034+0530] {dag.py:3239} INFO - Sync 1 DAGs
[2026-03-01T14:16:38.050+0530] {logging_mixin.py:190} INFO - [2026-03-01T14:16:38.050+0530] {dag.py:4180} INFO - Setting next_dagrun for example_bash_operator to 2026-02-28 00:00:00+00:00, run_after=2026-03-01 00:00:00+00:00
[2026-03-01T14:16:38.066+0530] {processor.py:208} INFO - Processing /home/jenny/.local/lib/python3.13/site-packages/airflow/example_dags/example_bash_operator.py took 0.065 seconds
