[2026-03-01T14:15:07.665+0530] {processor.py:186} INFO - Started process (PID=212944) to work on /home/jenny/.local/lib/python3.13/site-packages/airflow/example_dags/example_sensor_decorator.py
[2026-03-01T14:15:07.666+0530] {processor.py:914} INFO - Processing file /home/jenny/.local/lib/python3.13/site-packages/airflow/example_dags/example_sensor_decorator.py for tasks to queue
[2026-03-01T14:15:07.669+0530] {logging_mixin.py:190} INFO - [2026-03-01T14:15:07.669+0530] {dagbag.py:588} INFO - Filling up the DagBag from /home/jenny/.local/lib/python3.13/site-packages/airflow/example_dags/example_sensor_decorator.py
[2026-03-01T14:15:07.676+0530] {processor.py:925} INFO - DAG(s) 'example_sensor_decorator' retrieved from /home/jenny/.local/lib/python3.13/site-packages/airflow/example_dags/example_sensor_decorator.py
[2026-03-01T14:15:07.746+0530] {logging_mixin.py:190} INFO - [2026-03-01T14:15:07.745+0530] {override.py:1932} INFO - Created Permission View: can read on DAG:example_sensor_decorator
[2026-03-01T14:15:07.756+0530] {logging_mixin.py:190} INFO - [2026-03-01T14:15:07.756+0530] {override.py:1932} INFO - Created Permission View: can delete on DAG:example_sensor_decorator
[2026-03-01T14:15:07.764+0530] {logging_mixin.py:190} INFO - [2026-03-01T14:15:07.764+0530] {override.py:1932} INFO - Created Permission View: can edit on DAG:example_sensor_decorator
[2026-03-01T14:15:07.784+0530] {logging_mixin.py:190} INFO - [2026-03-01T14:15:07.784+0530] {override.py:1932} INFO - Created Permission View: can read on DAG Run:example_sensor_decorator
[2026-03-01T14:15:07.797+0530] {logging_mixin.py:190} INFO - [2026-03-01T14:15:07.797+0530] {override.py:1932} INFO - Created Permission View: menu access on DAG Run:example_sensor_decorator
[2026-03-01T14:15:07.808+0530] {logging_mixin.py:190} INFO - [2026-03-01T14:15:07.808+0530] {override.py:1932} INFO - Created Permission View: can create on DAG Run:example_sensor_decorator
[2026-03-01T14:15:07.820+0530] {logging_mixin.py:190} INFO - [2026-03-01T14:15:07.820+0530] {override.py:1932} INFO - Created Permission View: can delete on DAG Run:example_sensor_decorator
[2026-03-01T14:15:07.821+0530] {logging_mixin.py:190} INFO - [2026-03-01T14:15:07.820+0530] {dag.py:3239} INFO - Sync 1 DAGs
[2026-03-01T14:15:07.829+0530] {logging_mixin.py:190} INFO - [2026-03-01T14:15:07.829+0530] {dag.py:3262} INFO - Creating ORM DAG for example_sensor_decorator
[2026-03-01T14:15:07.830+0530] {logging_mixin.py:190} INFO - [2026-03-01T14:15:07.830+0530] {dag.py:4180} INFO - Setting next_dagrun for example_sensor_decorator to None, run_after=None
[2026-03-01T14:15:07.847+0530] {processor.py:208} INFO - Processing /home/jenny/.local/lib/python3.13/site-packages/airflow/example_dags/example_sensor_decorator.py took 0.188 seconds
[2026-03-01T14:16:08.932+0530] {processor.py:186} INFO - Started process (PID=213431) to work on /home/jenny/.local/lib/python3.13/site-packages/airflow/example_dags/example_sensor_decorator.py
[2026-03-01T14:16:08.933+0530] {processor.py:914} INFO - Processing file /home/jenny/.local/lib/python3.13/site-packages/airflow/example_dags/example_sensor_decorator.py for tasks to queue
[2026-03-01T14:16:08.936+0530] {logging_mixin.py:190} INFO - [2026-03-01T14:16:08.936+0530] {dagbag.py:588} INFO - Filling up the DagBag from /home/jenny/.local/lib/python3.13/site-packages/airflow/example_dags/example_sensor_decorator.py
[2026-03-01T14:16:08.943+0530] {processor.py:925} INFO - DAG(s) 'example_sensor_decorator' retrieved from /home/jenny/.local/lib/python3.13/site-packages/airflow/example_dags/example_sensor_decorator.py
[2026-03-01T14:16:08.951+0530] {logging_mixin.py:190} INFO - [2026-03-01T14:16:08.951+0530] {dag.py:3239} INFO - Sync 1 DAGs
[2026-03-01T14:16:08.958+0530] {logging_mixin.py:190} INFO - [2026-03-01T14:16:08.958+0530] {dag.py:4180} INFO - Setting next_dagrun for example_sensor_decorator to None, run_after=None
[2026-03-01T14:16:08.973+0530] {processor.py:208} INFO - Processing /home/jenny/.local/lib/python3.13/site-packages/airflow/example_dags/example_sensor_decorator.py took 0.047 seconds
[2026-03-01T14:17:05.612+0530] {processor.py:186} INFO - Started process (PID=214915) to work on /home/jenny/.local/lib/python3.13/site-packages/airflow/example_dags/example_sensor_decorator.py
[2026-03-01T14:17:05.613+0530] {processor.py:914} INFO - Processing file /home/jenny/.local/lib/python3.13/site-packages/airflow/example_dags/example_sensor_decorator.py for tasks to queue
[2026-03-01T14:17:05.616+0530] {logging_mixin.py:190} INFO - [2026-03-01T14:17:05.616+0530] {dagbag.py:588} INFO - Filling up the DagBag from /home/jenny/.local/lib/python3.13/site-packages/airflow/example_dags/example_sensor_decorator.py
[2026-03-01T14:17:05.623+0530] {processor.py:925} INFO - DAG(s) 'example_sensor_decorator' retrieved from /home/jenny/.local/lib/python3.13/site-packages/airflow/example_dags/example_sensor_decorator.py
[2026-03-01T14:17:05.631+0530] {logging_mixin.py:190} INFO - [2026-03-01T14:17:05.631+0530] {dag.py:3239} INFO - Sync 1 DAGs
[2026-03-01T14:17:05.641+0530] {logging_mixin.py:190} INFO - [2026-03-01T14:17:05.640+0530] {dag.py:4180} INFO - Setting next_dagrun for example_sensor_decorator to None, run_after=None
[2026-03-01T14:17:05.656+0530] {processor.py:208} INFO - Processing /home/jenny/.local/lib/python3.13/site-packages/airflow/example_dags/example_sensor_decorator.py took 0.050 seconds
[2026-03-01T14:18:25.152+0530] {processor.py:186} INFO - Started process (PID=215615) to work on /home/jenny/.local/lib/python3.13/site-packages/airflow/example_dags/example_sensor_decorator.py
[2026-03-01T14:18:25.153+0530] {processor.py:914} INFO - Processing file /home/jenny/.local/lib/python3.13/site-packages/airflow/example_dags/example_sensor_decorator.py for tasks to queue
[2026-03-01T14:18:25.156+0530] {logging_mixin.py:190} INFO - [2026-03-01T14:18:25.156+0530] {dagbag.py:588} INFO - Filling up the DagBag from /home/jenny/.local/lib/python3.13/site-packages/airflow/example_dags/example_sensor_decorator.py
[2026-03-01T14:18:25.163+0530] {processor.py:925} INFO - DAG(s) 'example_sensor_decorator' retrieved from /home/jenny/.local/lib/python3.13/site-packages/airflow/example_dags/example_sensor_decorator.py
[2026-03-01T14:18:25.224+0530] {logging_mixin.py:190} INFO - [2026-03-01T14:18:25.224+0530] {dag.py:3239} INFO - Sync 1 DAGs
[2026-03-01T14:18:25.231+0530] {logging_mixin.py:190} INFO - [2026-03-01T14:18:25.230+0530] {dag.py:4180} INFO - Setting next_dagrun for example_sensor_decorator to None, run_after=None
[2026-03-01T14:18:25.246+0530] {processor.py:208} INFO - Processing /home/jenny/.local/lib/python3.13/site-packages/airflow/example_dags/example_sensor_decorator.py took 0.100 seconds
[2026-03-01T14:19:23.059+0530] {processor.py:186} INFO - Started process (PID=216434) to work on /home/jenny/.local/lib/python3.13/site-packages/airflow/example_dags/example_sensor_decorator.py
[2026-03-01T14:19:23.060+0530] {processor.py:914} INFO - Processing file /home/jenny/.local/lib/python3.13/site-packages/airflow/example_dags/example_sensor_decorator.py for tasks to queue
[2026-03-01T14:19:23.063+0530] {logging_mixin.py:190} INFO - [2026-03-01T14:19:23.063+0530] {dagbag.py:588} INFO - Filling up the DagBag from /home/jenny/.local/lib/python3.13/site-packages/airflow/example_dags/example_sensor_decorator.py
[2026-03-01T14:19:23.070+0530] {processor.py:925} INFO - DAG(s) 'example_sensor_decorator' retrieved from /home/jenny/.local/lib/python3.13/site-packages/airflow/example_dags/example_sensor_decorator.py
[2026-03-01T14:19:23.079+0530] {logging_mixin.py:190} INFO - [2026-03-01T14:19:23.079+0530] {dag.py:3239} INFO - Sync 1 DAGs
[2026-03-01T14:19:23.088+0530] {logging_mixin.py:190} INFO - [2026-03-01T14:19:23.088+0530] {dag.py:4180} INFO - Setting next_dagrun for example_sensor_decorator to None, run_after=None
[2026-03-01T14:19:23.103+0530] {processor.py:208} INFO - Processing /home/jenny/.local/lib/python3.13/site-packages/airflow/example_dags/example_sensor_decorator.py took 0.049 seconds
[2026-03-01T14:20:22.692+0530] {processor.py:186} INFO - Started process (PID=216690) to work on /home/jenny/.local/lib/python3.13/site-packages/airflow/example_dags/example_sensor_decorator.py
[2026-03-01T14:20:22.692+0530] {processor.py:914} INFO - Processing file /home/jenny/.local/lib/python3.13/site-packages/airflow/example_dags/example_sensor_decorator.py for tasks to queue
[2026-03-01T14:20:22.694+0530] {logging_mixin.py:190} INFO - [2026-03-01T14:20:22.694+0530] {dagbag.py:588} INFO - Filling up the DagBag from /home/jenny/.local/lib/python3.13/site-packages/airflow/example_dags/example_sensor_decorator.py
[2026-03-01T14:20:22.701+0530] {processor.py:925} INFO - DAG(s) 'example_sensor_decorator' retrieved from /home/jenny/.local/lib/python3.13/site-packages/airflow/example_dags/example_sensor_decorator.py
[2026-03-01T14:20:22.710+0530] {logging_mixin.py:190} INFO - [2026-03-01T14:20:22.709+0530] {dag.py:3239} INFO - Sync 1 DAGs
[2026-03-01T14:20:22.720+0530] {logging_mixin.py:190} INFO - [2026-03-01T14:20:22.720+0530] {dag.py:4180} INFO - Setting next_dagrun for example_sensor_decorator to None, run_after=None
[2026-03-01T14:20:22.743+0530] {processor.py:208} INFO - Processing /home/jenny/.local/lib/python3.13/site-packages/airflow/example_dags/example_sensor_decorator.py took 0.055 seconds
[2026-03-01T14:21:20.606+0530] {processor.py:186} INFO - Started process (PID=216858) to work on /home/jenny/.local/lib/python3.13/site-packages/airflow/example_dags/example_sensor_decorator.py
[2026-03-01T14:21:20.607+0530] {processor.py:914} INFO - Processing file /home/jenny/.local/lib/python3.13/site-packages/airflow/example_dags/example_sensor_decorator.py for tasks to queue
[2026-03-01T14:21:20.611+0530] {logging_mixin.py:190} INFO - [2026-03-01T14:21:20.611+0530] {dagbag.py:588} INFO - Filling up the DagBag from /home/jenny/.local/lib/python3.13/site-packages/airflow/example_dags/example_sensor_decorator.py
[2026-03-01T14:21:20.617+0530] {processor.py:925} INFO - DAG(s) 'example_sensor_decorator' retrieved from /home/jenny/.local/lib/python3.13/site-packages/airflow/example_dags/example_sensor_decorator.py
[2026-03-01T14:21:20.625+0530] {logging_mixin.py:190} INFO - [2026-03-01T14:21:20.625+0530] {dag.py:3239} INFO - Sync 1 DAGs
[2026-03-01T14:21:20.635+0530] {logging_mixin.py:190} INFO - [2026-03-01T14:21:20.635+0530] {dag.py:4180} INFO - Setting next_dagrun for example_sensor_decorator to None, run_after=None
[2026-03-01T14:21:20.651+0530] {processor.py:208} INFO - Processing /home/jenny/.local/lib/python3.13/site-packages/airflow/example_dags/example_sensor_decorator.py took 0.050 seconds
[2026-03-01T14:22:16.193+0530] {processor.py:186} INFO - Started process (PID=217639) to work on /home/jenny/.local/lib/python3.13/site-packages/airflow/example_dags/example_sensor_decorator.py
[2026-03-01T14:22:16.195+0530] {processor.py:914} INFO - Processing file /home/jenny/.local/lib/python3.13/site-packages/airflow/example_dags/example_sensor_decorator.py for tasks to queue
[2026-03-01T14:22:16.197+0530] {logging_mixin.py:190} INFO - [2026-03-01T14:22:16.197+0530] {dagbag.py:588} INFO - Filling up the DagBag from /home/jenny/.local/lib/python3.13/site-packages/airflow/example_dags/example_sensor_decorator.py
[2026-03-01T14:22:16.206+0530] {processor.py:925} INFO - DAG(s) 'example_sensor_decorator' retrieved from /home/jenny/.local/lib/python3.13/site-packages/airflow/example_dags/example_sensor_decorator.py
[2026-03-01T14:22:16.214+0530] {logging_mixin.py:190} INFO - [2026-03-01T14:22:16.214+0530] {dag.py:3239} INFO - Sync 1 DAGs
[2026-03-01T14:22:16.222+0530] {logging_mixin.py:190} INFO - [2026-03-01T14:22:16.222+0530] {dag.py:4180} INFO - Setting next_dagrun for example_sensor_decorator to None, run_after=None
[2026-03-01T14:22:16.242+0530] {processor.py:208} INFO - Processing /home/jenny/.local/lib/python3.13/site-packages/airflow/example_dags/example_sensor_decorator.py took 0.054 seconds
[2026-03-01T14:23:15.566+0530] {processor.py:186} INFO - Started process (PID=219373) to work on /home/jenny/.local/lib/python3.13/site-packages/airflow/example_dags/example_sensor_decorator.py
[2026-03-01T14:23:15.566+0530] {processor.py:914} INFO - Processing file /home/jenny/.local/lib/python3.13/site-packages/airflow/example_dags/example_sensor_decorator.py for tasks to queue
[2026-03-01T14:23:15.570+0530] {logging_mixin.py:190} INFO - [2026-03-01T14:23:15.568+0530] {dagbag.py:588} INFO - Filling up the DagBag from /home/jenny/.local/lib/python3.13/site-packages/airflow/example_dags/example_sensor_decorator.py
[2026-03-01T14:23:15.576+0530] {processor.py:925} INFO - DAG(s) 'example_sensor_decorator' retrieved from /home/jenny/.local/lib/python3.13/site-packages/airflow/example_dags/example_sensor_decorator.py
[2026-03-01T14:23:15.584+0530] {logging_mixin.py:190} INFO - [2026-03-01T14:23:15.584+0530] {dag.py:3239} INFO - Sync 1 DAGs
[2026-03-01T14:23:15.592+0530] {logging_mixin.py:190} INFO - [2026-03-01T14:23:15.592+0530] {dag.py:4180} INFO - Setting next_dagrun for example_sensor_decorator to None, run_after=None
[2026-03-01T14:23:15.610+0530] {processor.py:208} INFO - Processing /home/jenny/.local/lib/python3.13/site-packages/airflow/example_dags/example_sensor_decorator.py took 0.048 seconds
[2026-03-01T14:24:14.768+0530] {processor.py:186} INFO - Started process (PID=220165) to work on /home/jenny/.local/lib/python3.13/site-packages/airflow/example_dags/example_sensor_decorator.py
[2026-03-01T14:24:14.769+0530] {processor.py:914} INFO - Processing file /home/jenny/.local/lib/python3.13/site-packages/airflow/example_dags/example_sensor_decorator.py for tasks to queue
[2026-03-01T14:24:14.772+0530] {logging_mixin.py:190} INFO - [2026-03-01T14:24:14.771+0530] {dagbag.py:588} INFO - Filling up the DagBag from /home/jenny/.local/lib/python3.13/site-packages/airflow/example_dags/example_sensor_decorator.py
[2026-03-01T14:24:14.779+0530] {processor.py:925} INFO - DAG(s) 'example_sensor_decorator' retrieved from /home/jenny/.local/lib/python3.13/site-packages/airflow/example_dags/example_sensor_decorator.py
[2026-03-01T14:24:14.786+0530] {logging_mixin.py:190} INFO - [2026-03-01T14:24:14.786+0530] {dag.py:3239} INFO - Sync 1 DAGs
[2026-03-01T14:24:14.794+0530] {logging_mixin.py:190} INFO - [2026-03-01T14:24:14.794+0530] {dag.py:4180} INFO - Setting next_dagrun for example_sensor_decorator to None, run_after=None
[2026-03-01T14:24:14.875+0530] {processor.py:208} INFO - Processing /home/jenny/.local/lib/python3.13/site-packages/airflow/example_dags/example_sensor_decorator.py took 0.112 seconds
[2026-03-01T14:25:35.965+0530] {processor.py:186} INFO - Started process (PID=224711) to work on /home/jenny/.local/lib/python3.13/site-packages/airflow/example_dags/example_sensor_decorator.py
[2026-03-01T14:25:35.966+0530] {processor.py:914} INFO - Processing file /home/jenny/.local/lib/python3.13/site-packages/airflow/example_dags/example_sensor_decorator.py for tasks to queue
[2026-03-01T14:25:35.968+0530] {logging_mixin.py:190} INFO - [2026-03-01T14:25:35.968+0530] {dagbag.py:588} INFO - Filling up the DagBag from /home/jenny/.local/lib/python3.13/site-packages/airflow/example_dags/example_sensor_decorator.py
[2026-03-01T14:25:35.976+0530] {processor.py:925} INFO - DAG(s) 'example_sensor_decorator' retrieved from /home/jenny/.local/lib/python3.13/site-packages/airflow/example_dags/example_sensor_decorator.py
[2026-03-01T14:25:35.987+0530] {logging_mixin.py:190} INFO - [2026-03-01T14:25:35.987+0530] {dag.py:3239} INFO - Sync 1 DAGs
[2026-03-01T14:25:35.997+0530] {logging_mixin.py:190} INFO - [2026-03-01T14:25:35.997+0530] {dag.py:4180} INFO - Setting next_dagrun for example_sensor_decorator to None, run_after=None
[2026-03-01T14:25:36.017+0530] {processor.py:208} INFO - Processing /home/jenny/.local/lib/python3.13/site-packages/airflow/example_dags/example_sensor_decorator.py took 0.057 seconds
[2026-03-01T14:26:31.856+0530] {processor.py:186} INFO - Started process (PID=225706) to work on /home/jenny/.local/lib/python3.13/site-packages/airflow/example_dags/example_sensor_decorator.py
[2026-03-01T14:26:31.857+0530] {processor.py:914} INFO - Processing file /home/jenny/.local/lib/python3.13/site-packages/airflow/example_dags/example_sensor_decorator.py for tasks to queue
[2026-03-01T14:26:31.859+0530] {logging_mixin.py:190} INFO - [2026-03-01T14:26:31.859+0530] {dagbag.py:588} INFO - Filling up the DagBag from /home/jenny/.local/lib/python3.13/site-packages/airflow/example_dags/example_sensor_decorator.py
[2026-03-01T14:26:31.865+0530] {processor.py:925} INFO - DAG(s) 'example_sensor_decorator' retrieved from /home/jenny/.local/lib/python3.13/site-packages/airflow/example_dags/example_sensor_decorator.py
[2026-03-01T14:26:31.873+0530] {logging_mixin.py:190} INFO - [2026-03-01T14:26:31.873+0530] {dag.py:3239} INFO - Sync 1 DAGs
[2026-03-01T14:26:31.881+0530] {logging_mixin.py:190} INFO - [2026-03-01T14:26:31.881+0530] {dag.py:4180} INFO - Setting next_dagrun for example_sensor_decorator to None, run_after=None
[2026-03-01T14:26:31.897+0530] {processor.py:208} INFO - Processing /home/jenny/.local/lib/python3.13/site-packages/airflow/example_dags/example_sensor_decorator.py took 0.044 seconds
[2026-03-01T14:27:57.235+0530] {processor.py:186} INFO - Started process (PID=227678) to work on /home/jenny/.local/lib/python3.13/site-packages/airflow/example_dags/example_sensor_decorator.py
[2026-03-01T14:27:57.237+0530] {processor.py:914} INFO - Processing file /home/jenny/.local/lib/python3.13/site-packages/airflow/example_dags/example_sensor_decorator.py for tasks to queue
[2026-03-01T14:27:57.240+0530] {logging_mixin.py:190} INFO - [2026-03-01T14:27:57.239+0530] {dagbag.py:588} INFO - Filling up the DagBag from /home/jenny/.local/lib/python3.13/site-packages/airflow/example_dags/example_sensor_decorator.py
[2026-03-01T14:27:57.247+0530] {processor.py:925} INFO - DAG(s) 'example_sensor_decorator' retrieved from /home/jenny/.local/lib/python3.13/site-packages/airflow/example_dags/example_sensor_decorator.py
[2026-03-01T14:27:57.260+0530] {logging_mixin.py:190} INFO - [2026-03-01T14:27:57.260+0530] {dag.py:3239} INFO - Sync 1 DAGs
[2026-03-01T14:27:57.271+0530] {logging_mixin.py:190} INFO - [2026-03-01T14:27:57.271+0530] {dag.py:4180} INFO - Setting next_dagrun for example_sensor_decorator to None, run_after=None
[2026-03-01T14:27:57.294+0530] {processor.py:208} INFO - Processing /home/jenny/.local/lib/python3.13/site-packages/airflow/example_dags/example_sensor_decorator.py took 0.064 seconds
[2026-03-01T14:29:58.159+0530] {processor.py:186} INFO - Started process (PID=230004) to work on /home/jenny/.local/lib/python3.13/site-packages/airflow/example_dags/example_sensor_decorator.py
[2026-03-01T14:29:58.160+0530] {processor.py:914} INFO - Processing file /home/jenny/.local/lib/python3.13/site-packages/airflow/example_dags/example_sensor_decorator.py for tasks to queue
[2026-03-01T14:29:58.163+0530] {logging_mixin.py:190} INFO - [2026-03-01T14:29:58.163+0530] {dagbag.py:588} INFO - Filling up the DagBag from /home/jenny/.local/lib/python3.13/site-packages/airflow/example_dags/example_sensor_decorator.py
[2026-03-01T14:29:58.170+0530] {processor.py:925} INFO - DAG(s) 'example_sensor_decorator' retrieved from /home/jenny/.local/lib/python3.13/site-packages/airflow/example_dags/example_sensor_decorator.py
[2026-03-01T14:29:58.178+0530] {logging_mixin.py:190} INFO - [2026-03-01T14:29:58.178+0530] {dag.py:3239} INFO - Sync 1 DAGs
[2026-03-01T14:29:58.185+0530] {logging_mixin.py:190} INFO - [2026-03-01T14:29:58.185+0530] {dag.py:4180} INFO - Setting next_dagrun for example_sensor_decorator to None, run_after=None
[2026-03-01T14:29:58.200+0530] {processor.py:208} INFO - Processing /home/jenny/.local/lib/python3.13/site-packages/airflow/example_dags/example_sensor_decorator.py took 0.049 seconds
[2026-03-01T14:31:40.050+0530] {processor.py:186} INFO - Started process (PID=231630) to work on /home/jenny/.local/lib/python3.13/site-packages/airflow/example_dags/example_sensor_decorator.py
[2026-03-01T14:31:40.052+0530] {processor.py:914} INFO - Processing file /home/jenny/.local/lib/python3.13/site-packages/airflow/example_dags/example_sensor_decorator.py for tasks to queue
[2026-03-01T14:31:40.055+0530] {logging_mixin.py:190} INFO - [2026-03-01T14:31:40.054+0530] {dagbag.py:588} INFO - Filling up the DagBag from /home/jenny/.local/lib/python3.13/site-packages/airflow/example_dags/example_sensor_decorator.py
[2026-03-01T14:31:40.064+0530] {processor.py:925} INFO - DAG(s) 'example_sensor_decorator' retrieved from /home/jenny/.local/lib/python3.13/site-packages/airflow/example_dags/example_sensor_decorator.py
[2026-03-01T14:31:40.073+0530] {logging_mixin.py:190} INFO - [2026-03-01T14:31:40.072+0530] {dag.py:3239} INFO - Sync 1 DAGs
[2026-03-01T14:31:40.080+0530] {logging_mixin.py:190} INFO - [2026-03-01T14:31:40.080+0530] {dag.py:4180} INFO - Setting next_dagrun for example_sensor_decorator to None, run_after=None
[2026-03-01T14:31:40.095+0530] {processor.py:208} INFO - Processing /home/jenny/.local/lib/python3.13/site-packages/airflow/example_dags/example_sensor_decorator.py took 0.052 seconds
[2026-03-01T14:32:39.407+0530] {processor.py:186} INFO - Started process (PID=231966) to work on /home/jenny/.local/lib/python3.13/site-packages/airflow/example_dags/example_sensor_decorator.py
[2026-03-01T14:32:39.408+0530] {processor.py:914} INFO - Processing file /home/jenny/.local/lib/python3.13/site-packages/airflow/example_dags/example_sensor_decorator.py for tasks to queue
[2026-03-01T14:32:39.411+0530] {logging_mixin.py:190} INFO - [2026-03-01T14:32:39.410+0530] {dagbag.py:588} INFO - Filling up the DagBag from /home/jenny/.local/lib/python3.13/site-packages/airflow/example_dags/example_sensor_decorator.py
[2026-03-01T14:32:39.418+0530] {processor.py:925} INFO - DAG(s) 'example_sensor_decorator' retrieved from /home/jenny/.local/lib/python3.13/site-packages/airflow/example_dags/example_sensor_decorator.py
[2026-03-01T14:32:39.426+0530] {logging_mixin.py:190} INFO - [2026-03-01T14:32:39.426+0530] {dag.py:3239} INFO - Sync 1 DAGs
[2026-03-01T14:32:39.433+0530] {logging_mixin.py:190} INFO - [2026-03-01T14:32:39.433+0530] {dag.py:4180} INFO - Setting next_dagrun for example_sensor_decorator to None, run_after=None
[2026-03-01T14:32:39.472+0530] {processor.py:208} INFO - Processing /home/jenny/.local/lib/python3.13/site-packages/airflow/example_dags/example_sensor_decorator.py took 0.072 seconds
[2026-03-01T14:34:05.620+0530] {processor.py:186} INFO - Started process (PID=233363) to work on /home/jenny/.local/lib/python3.13/site-packages/airflow/example_dags/example_sensor_decorator.py
[2026-03-01T14:34:05.621+0530] {processor.py:914} INFO - Processing file /home/jenny/.local/lib/python3.13/site-packages/airflow/example_dags/example_sensor_decorator.py for tasks to queue
[2026-03-01T14:34:05.622+0530] {logging_mixin.py:190} INFO - [2026-03-01T14:34:05.622+0530] {dagbag.py:588} INFO - Filling up the DagBag from /home/jenny/.local/lib/python3.13/site-packages/airflow/example_dags/example_sensor_decorator.py
[2026-03-01T14:34:05.630+0530] {processor.py:925} INFO - DAG(s) 'example_sensor_decorator' retrieved from /home/jenny/.local/lib/python3.13/site-packages/airflow/example_dags/example_sensor_decorator.py
[2026-03-01T14:34:05.638+0530] {logging_mixin.py:190} INFO - [2026-03-01T14:34:05.638+0530] {dag.py:3239} INFO - Sync 1 DAGs
[2026-03-01T14:34:05.644+0530] {logging_mixin.py:190} INFO - [2026-03-01T14:34:05.644+0530] {dag.py:4180} INFO - Setting next_dagrun for example_sensor_decorator to None, run_after=None
[2026-03-01T14:34:05.661+0530] {processor.py:208} INFO - Processing /home/jenny/.local/lib/python3.13/site-packages/airflow/example_dags/example_sensor_decorator.py took 0.045 seconds
[2026-03-01T14:35:02.304+0530] {processor.py:186} INFO - Started process (PID=233845) to work on /home/jenny/.local/lib/python3.13/site-packages/airflow/example_dags/example_sensor_decorator.py
[2026-03-01T14:35:02.305+0530] {processor.py:914} INFO - Processing file /home/jenny/.local/lib/python3.13/site-packages/airflow/example_dags/example_sensor_decorator.py for tasks to queue
[2026-03-01T14:35:02.307+0530] {logging_mixin.py:190} INFO - [2026-03-01T14:35:02.307+0530] {dagbag.py:588} INFO - Filling up the DagBag from /home/jenny/.local/lib/python3.13/site-packages/airflow/example_dags/example_sensor_decorator.py
[2026-03-01T14:35:02.314+0530] {processor.py:925} INFO - DAG(s) 'example_sensor_decorator' retrieved from /home/jenny/.local/lib/python3.13/site-packages/airflow/example_dags/example_sensor_decorator.py
[2026-03-01T14:35:02.323+0530] {logging_mixin.py:190} INFO - [2026-03-01T14:35:02.322+0530] {dag.py:3239} INFO - Sync 1 DAGs
[2026-03-01T14:35:02.330+0530] {logging_mixin.py:190} INFO - [2026-03-01T14:35:02.330+0530] {dag.py:4180} INFO - Setting next_dagrun for example_sensor_decorator to None, run_after=None
[2026-03-01T14:35:02.350+0530] {processor.py:208} INFO - Processing /home/jenny/.local/lib/python3.13/site-packages/airflow/example_dags/example_sensor_decorator.py took 0.051 seconds
[2026-03-01T14:35:56.236+0530] {processor.py:186} INFO - Started process (PID=233991) to work on /home/jenny/.local/lib/python3.13/site-packages/airflow/example_dags/example_sensor_decorator.py
[2026-03-01T14:35:56.237+0530] {processor.py:914} INFO - Processing file /home/jenny/.local/lib/python3.13/site-packages/airflow/example_dags/example_sensor_decorator.py for tasks to queue
[2026-03-01T14:35:56.240+0530] {logging_mixin.py:190} INFO - [2026-03-01T14:35:56.239+0530] {dagbag.py:588} INFO - Filling up the DagBag from /home/jenny/.local/lib/python3.13/site-packages/airflow/example_dags/example_sensor_decorator.py
[2026-03-01T14:35:56.247+0530] {processor.py:925} INFO - DAG(s) 'example_sensor_decorator' retrieved from /home/jenny/.local/lib/python3.13/site-packages/airflow/example_dags/example_sensor_decorator.py
[2026-03-01T14:35:56.255+0530] {logging_mixin.py:190} INFO - [2026-03-01T14:35:56.255+0530] {dag.py:3239} INFO - Sync 1 DAGs
[2026-03-01T14:35:56.262+0530] {logging_mixin.py:190} INFO - [2026-03-01T14:35:56.262+0530] {dag.py:4180} INFO - Setting next_dagrun for example_sensor_decorator to None, run_after=None
[2026-03-01T14:35:56.284+0530] {processor.py:208} INFO - Processing /home/jenny/.local/lib/python3.13/site-packages/airflow/example_dags/example_sensor_decorator.py took 0.054 seconds
[2026-03-01T14:36:51.999+0530] {processor.py:186} INFO - Started process (PID=234157) to work on /home/jenny/.local/lib/python3.13/site-packages/airflow/example_dags/example_sensor_decorator.py
[2026-03-01T14:36:52.001+0530] {processor.py:914} INFO - Processing file /home/jenny/.local/lib/python3.13/site-packages/airflow/example_dags/example_sensor_decorator.py for tasks to queue
[2026-03-01T14:36:52.004+0530] {logging_mixin.py:190} INFO - [2026-03-01T14:36:52.004+0530] {dagbag.py:588} INFO - Filling up the DagBag from /home/jenny/.local/lib/python3.13/site-packages/airflow/example_dags/example_sensor_decorator.py
[2026-03-01T14:36:52.013+0530] {processor.py:925} INFO - DAG(s) 'example_sensor_decorator' retrieved from /home/jenny/.local/lib/python3.13/site-packages/airflow/example_dags/example_sensor_decorator.py
[2026-03-01T14:36:52.021+0530] {logging_mixin.py:190} INFO - [2026-03-01T14:36:52.021+0530] {dag.py:3239} INFO - Sync 1 DAGs
[2026-03-01T14:36:52.028+0530] {logging_mixin.py:190} INFO - [2026-03-01T14:36:52.028+0530] {dag.py:4180} INFO - Setting next_dagrun for example_sensor_decorator to None, run_after=None
[2026-03-01T14:36:52.070+0530] {processor.py:208} INFO - Processing /home/jenny/.local/lib/python3.13/site-packages/airflow/example_dags/example_sensor_decorator.py took 0.076 seconds
[2026-03-01T14:37:46.759+0530] {processor.py:186} INFO - Started process (PID=234379) to work on /home/jenny/.local/lib/python3.13/site-packages/airflow/example_dags/example_sensor_decorator.py
[2026-03-01T14:37:46.760+0530] {processor.py:914} INFO - Processing file /home/jenny/.local/lib/python3.13/site-packages/airflow/example_dags/example_sensor_decorator.py for tasks to queue
[2026-03-01T14:37:46.763+0530] {logging_mixin.py:190} INFO - [2026-03-01T14:37:46.763+0530] {dagbag.py:588} INFO - Filling up the DagBag from /home/jenny/.local/lib/python3.13/site-packages/airflow/example_dags/example_sensor_decorator.py
[2026-03-01T14:37:46.772+0530] {processor.py:925} INFO - DAG(s) 'example_sensor_decorator' retrieved from /home/jenny/.local/lib/python3.13/site-packages/airflow/example_dags/example_sensor_decorator.py
[2026-03-01T14:37:46.781+0530] {logging_mixin.py:190} INFO - [2026-03-01T14:37:46.780+0530] {dag.py:3239} INFO - Sync 1 DAGs
[2026-03-01T14:37:46.788+0530] {logging_mixin.py:190} INFO - [2026-03-01T14:37:46.788+0530] {dag.py:4180} INFO - Setting next_dagrun for example_sensor_decorator to None, run_after=None
[2026-03-01T14:37:46.804+0530] {processor.py:208} INFO - Processing /home/jenny/.local/lib/python3.13/site-packages/airflow/example_dags/example_sensor_decorator.py took 0.049 seconds
[2026-03-01T14:38:41.598+0530] {processor.py:186} INFO - Started process (PID=234855) to work on /home/jenny/.local/lib/python3.13/site-packages/airflow/example_dags/example_sensor_decorator.py
[2026-03-01T14:38:41.599+0530] {processor.py:914} INFO - Processing file /home/jenny/.local/lib/python3.13/site-packages/airflow/example_dags/example_sensor_decorator.py for tasks to queue
[2026-03-01T14:38:41.601+0530] {logging_mixin.py:190} INFO - [2026-03-01T14:38:41.600+0530] {dagbag.py:588} INFO - Filling up the DagBag from /home/jenny/.local/lib/python3.13/site-packages/airflow/example_dags/example_sensor_decorator.py
[2026-03-01T14:38:41.608+0530] {processor.py:925} INFO - DAG(s) 'example_sensor_decorator' retrieved from /home/jenny/.local/lib/python3.13/site-packages/airflow/example_dags/example_sensor_decorator.py
[2026-03-01T14:38:41.619+0530] {logging_mixin.py:190} INFO - [2026-03-01T14:38:41.619+0530] {dag.py:3239} INFO - Sync 1 DAGs
[2026-03-01T14:38:41.630+0530] {logging_mixin.py:190} INFO - [2026-03-01T14:38:41.630+0530] {dag.py:4180} INFO - Setting next_dagrun for example_sensor_decorator to None, run_after=None
[2026-03-01T14:38:41.651+0530] {processor.py:208} INFO - Processing /home/jenny/.local/lib/python3.13/site-packages/airflow/example_dags/example_sensor_decorator.py took 0.057 seconds
[2026-03-01T14:39:33.029+0530] {processor.py:186} INFO - Started process (PID=235161) to work on /home/jenny/.local/lib/python3.13/site-packages/airflow/example_dags/example_sensor_decorator.py
[2026-03-01T14:39:33.030+0530] {processor.py:914} INFO - Processing file /home/jenny/.local/lib/python3.13/site-packages/airflow/example_dags/example_sensor_decorator.py for tasks to queue
[2026-03-01T14:39:33.034+0530] {logging_mixin.py:190} INFO - [2026-03-01T14:39:33.033+0530] {dagbag.py:588} INFO - Filling up the DagBag from /home/jenny/.local/lib/python3.13/site-packages/airflow/example_dags/example_sensor_decorator.py
[2026-03-01T14:39:33.042+0530] {processor.py:925} INFO - DAG(s) 'example_sensor_decorator' retrieved from /home/jenny/.local/lib/python3.13/site-packages/airflow/example_dags/example_sensor_decorator.py
[2026-03-01T14:39:33.053+0530] {logging_mixin.py:190} INFO - [2026-03-01T14:39:33.053+0530] {dag.py:3239} INFO - Sync 1 DAGs
[2026-03-01T14:39:33.065+0530] {logging_mixin.py:190} INFO - [2026-03-01T14:39:33.065+0530] {dag.py:4180} INFO - Setting next_dagrun for example_sensor_decorator to None, run_after=None
[2026-03-01T14:39:33.085+0530] {processor.py:208} INFO - Processing /home/jenny/.local/lib/python3.13/site-packages/airflow/example_dags/example_sensor_decorator.py took 0.067 seconds
[2026-03-01T14:40:27.324+0530] {processor.py:186} INFO - Started process (PID=235373) to work on /home/jenny/.local/lib/python3.13/site-packages/airflow/example_dags/example_sensor_decorator.py
[2026-03-01T14:40:27.325+0530] {processor.py:914} INFO - Processing file /home/jenny/.local/lib/python3.13/site-packages/airflow/example_dags/example_sensor_decorator.py for tasks to queue
[2026-03-01T14:40:27.328+0530] {logging_mixin.py:190} INFO - [2026-03-01T14:40:27.328+0530] {dagbag.py:588} INFO - Filling up the DagBag from /home/jenny/.local/lib/python3.13/site-packages/airflow/example_dags/example_sensor_decorator.py
[2026-03-01T14:40:27.335+0530] {processor.py:925} INFO - DAG(s) 'example_sensor_decorator' retrieved from /home/jenny/.local/lib/python3.13/site-packages/airflow/example_dags/example_sensor_decorator.py
[2026-03-01T14:40:27.343+0530] {logging_mixin.py:190} INFO - [2026-03-01T14:40:27.343+0530] {dag.py:3239} INFO - Sync 1 DAGs
[2026-03-01T14:40:27.351+0530] {logging_mixin.py:190} INFO - [2026-03-01T14:40:27.351+0530] {dag.py:4180} INFO - Setting next_dagrun for example_sensor_decorator to None, run_after=None
[2026-03-01T14:40:27.368+0530] {processor.py:208} INFO - Processing /home/jenny/.local/lib/python3.13/site-packages/airflow/example_dags/example_sensor_decorator.py took 0.048 seconds
[2026-03-01T14:41:21.615+0530] {processor.py:186} INFO - Started process (PID=239442) to work on /home/jenny/.local/lib/python3.13/site-packages/airflow/example_dags/example_sensor_decorator.py
[2026-03-01T14:41:21.616+0530] {processor.py:914} INFO - Processing file /home/jenny/.local/lib/python3.13/site-packages/airflow/example_dags/example_sensor_decorator.py for tasks to queue
[2026-03-01T14:41:21.619+0530] {logging_mixin.py:190} INFO - [2026-03-01T14:41:21.618+0530] {dagbag.py:588} INFO - Filling up the DagBag from /home/jenny/.local/lib/python3.13/site-packages/airflow/example_dags/example_sensor_decorator.py
[2026-03-01T14:41:21.626+0530] {processor.py:925} INFO - DAG(s) 'example_sensor_decorator' retrieved from /home/jenny/.local/lib/python3.13/site-packages/airflow/example_dags/example_sensor_decorator.py
[2026-03-01T14:41:21.634+0530] {logging_mixin.py:190} INFO - [2026-03-01T14:41:21.634+0530] {dag.py:3239} INFO - Sync 1 DAGs
[2026-03-01T14:41:21.644+0530] {logging_mixin.py:190} INFO - [2026-03-01T14:41:21.644+0530] {dag.py:4180} INFO - Setting next_dagrun for example_sensor_decorator to None, run_after=None
[2026-03-01T14:41:21.665+0530] {processor.py:208} INFO - Processing /home/jenny/.local/lib/python3.13/site-packages/airflow/example_dags/example_sensor_decorator.py took 0.056 seconds
[2026-03-01T14:42:14.782+0530] {processor.py:186} INFO - Started process (PID=239606) to work on /home/jenny/.local/lib/python3.13/site-packages/airflow/example_dags/example_sensor_decorator.py
[2026-03-01T14:42:14.783+0530] {processor.py:914} INFO - Processing file /home/jenny/.local/lib/python3.13/site-packages/airflow/example_dags/example_sensor_decorator.py for tasks to queue
[2026-03-01T14:42:14.784+0530] {logging_mixin.py:190} INFO - [2026-03-01T14:42:14.784+0530] {dagbag.py:588} INFO - Filling up the DagBag from /home/jenny/.local/lib/python3.13/site-packages/airflow/example_dags/example_sensor_decorator.py
[2026-03-01T14:42:14.791+0530] {processor.py:925} INFO - DAG(s) 'example_sensor_decorator' retrieved from /home/jenny/.local/lib/python3.13/site-packages/airflow/example_dags/example_sensor_decorator.py
[2026-03-01T14:42:14.799+0530] {logging_mixin.py:190} INFO - [2026-03-01T14:42:14.799+0530] {dag.py:3239} INFO - Sync 1 DAGs
[2026-03-01T14:42:14.807+0530] {logging_mixin.py:190} INFO - [2026-03-01T14:42:14.807+0530] {dag.py:4180} INFO - Setting next_dagrun for example_sensor_decorator to None, run_after=None
[2026-03-01T14:42:14.825+0530] {processor.py:208} INFO - Processing /home/jenny/.local/lib/python3.13/site-packages/airflow/example_dags/example_sensor_decorator.py took 0.046 seconds
[2026-03-01T14:43:07.741+0530] {processor.py:186} INFO - Started process (PID=239749) to work on /home/jenny/.local/lib/python3.13/site-packages/airflow/example_dags/example_sensor_decorator.py
[2026-03-01T14:43:07.741+0530] {processor.py:914} INFO - Processing file /home/jenny/.local/lib/python3.13/site-packages/airflow/example_dags/example_sensor_decorator.py for tasks to queue
[2026-03-01T14:43:07.743+0530] {logging_mixin.py:190} INFO - [2026-03-01T14:43:07.743+0530] {dagbag.py:588} INFO - Filling up the DagBag from /home/jenny/.local/lib/python3.13/site-packages/airflow/example_dags/example_sensor_decorator.py
[2026-03-01T14:43:07.750+0530] {processor.py:925} INFO - DAG(s) 'example_sensor_decorator' retrieved from /home/jenny/.local/lib/python3.13/site-packages/airflow/example_dags/example_sensor_decorator.py
[2026-03-01T14:43:07.758+0530] {logging_mixin.py:190} INFO - [2026-03-01T14:43:07.758+0530] {dag.py:3239} INFO - Sync 1 DAGs
[2026-03-01T14:43:07.766+0530] {logging_mixin.py:190} INFO - [2026-03-01T14:43:07.765+0530] {dag.py:4180} INFO - Setting next_dagrun for example_sensor_decorator to None, run_after=None
[2026-03-01T14:43:07.782+0530] {processor.py:208} INFO - Processing /home/jenny/.local/lib/python3.13/site-packages/airflow/example_dags/example_sensor_decorator.py took 0.045 seconds
[2026-03-01T14:43:59.752+0530] {processor.py:186} INFO - Started process (PID=239914) to work on /home/jenny/.local/lib/python3.13/site-packages/airflow/example_dags/example_sensor_decorator.py
[2026-03-01T14:43:59.754+0530] {processor.py:914} INFO - Processing file /home/jenny/.local/lib/python3.13/site-packages/airflow/example_dags/example_sensor_decorator.py for tasks to queue
[2026-03-01T14:43:59.758+0530] {logging_mixin.py:190} INFO - [2026-03-01T14:43:59.757+0530] {dagbag.py:588} INFO - Filling up the DagBag from /home/jenny/.local/lib/python3.13/site-packages/airflow/example_dags/example_sensor_decorator.py
[2026-03-01T14:43:59.767+0530] {processor.py:925} INFO - DAG(s) 'example_sensor_decorator' retrieved from /home/jenny/.local/lib/python3.13/site-packages/airflow/example_dags/example_sensor_decorator.py
[2026-03-01T14:43:59.781+0530] {logging_mixin.py:190} INFO - [2026-03-01T14:43:59.781+0530] {dag.py:3239} INFO - Sync 1 DAGs
[2026-03-01T14:43:59.793+0530] {logging_mixin.py:190} INFO - [2026-03-01T14:43:59.792+0530] {dag.py:4180} INFO - Setting next_dagrun for example_sensor_decorator to None, run_after=None
[2026-03-01T14:43:59.809+0530] {processor.py:208} INFO - Processing /home/jenny/.local/lib/python3.13/site-packages/airflow/example_dags/example_sensor_decorator.py took 0.061 seconds
[2026-03-01T14:44:52.795+0530] {processor.py:186} INFO - Started process (PID=240054) to work on /home/jenny/.local/lib/python3.13/site-packages/airflow/example_dags/example_sensor_decorator.py
[2026-03-01T14:44:52.796+0530] {processor.py:914} INFO - Processing file /home/jenny/.local/lib/python3.13/site-packages/airflow/example_dags/example_sensor_decorator.py for tasks to queue
[2026-03-01T14:44:52.799+0530] {logging_mixin.py:190} INFO - [2026-03-01T14:44:52.798+0530] {dagbag.py:588} INFO - Filling up the DagBag from /home/jenny/.local/lib/python3.13/site-packages/airflow/example_dags/example_sensor_decorator.py
[2026-03-01T14:44:52.806+0530] {processor.py:925} INFO - DAG(s) 'example_sensor_decorator' retrieved from /home/jenny/.local/lib/python3.13/site-packages/airflow/example_dags/example_sensor_decorator.py
[2026-03-01T14:44:52.814+0530] {logging_mixin.py:190} INFO - [2026-03-01T14:44:52.814+0530] {dag.py:3239} INFO - Sync 1 DAGs
[2026-03-01T14:44:52.821+0530] {logging_mixin.py:190} INFO - [2026-03-01T14:44:52.821+0530] {dag.py:4180} INFO - Setting next_dagrun for example_sensor_decorator to None, run_after=None
[2026-03-01T14:44:52.836+0530] {processor.py:208} INFO - Processing /home/jenny/.local/lib/python3.13/site-packages/airflow/example_dags/example_sensor_decorator.py took 0.048 seconds
[2026-03-01T14:45:49.699+0530] {processor.py:186} INFO - Started process (PID=240271) to work on /home/jenny/.local/lib/python3.13/site-packages/airflow/example_dags/example_sensor_decorator.py
[2026-03-01T14:45:49.700+0530] {processor.py:914} INFO - Processing file /home/jenny/.local/lib/python3.13/site-packages/airflow/example_dags/example_sensor_decorator.py for tasks to queue
[2026-03-01T14:45:49.703+0530] {logging_mixin.py:190} INFO - [2026-03-01T14:45:49.703+0530] {dagbag.py:588} INFO - Filling up the DagBag from /home/jenny/.local/lib/python3.13/site-packages/airflow/example_dags/example_sensor_decorator.py
[2026-03-01T14:45:49.711+0530] {processor.py:925} INFO - DAG(s) 'example_sensor_decorator' retrieved from /home/jenny/.local/lib/python3.13/site-packages/airflow/example_dags/example_sensor_decorator.py
[2026-03-01T14:45:49.719+0530] {logging_mixin.py:190} INFO - [2026-03-01T14:45:49.718+0530] {dag.py:3239} INFO - Sync 1 DAGs
[2026-03-01T14:45:49.726+0530] {logging_mixin.py:190} INFO - [2026-03-01T14:45:49.726+0530] {dag.py:4180} INFO - Setting next_dagrun for example_sensor_decorator to None, run_after=None
[2026-03-01T14:45:49.865+0530] {processor.py:208} INFO - Processing /home/jenny/.local/lib/python3.13/site-packages/airflow/example_dags/example_sensor_decorator.py took 0.171 seconds
[2026-03-01T14:46:53.384+0530] {processor.py:186} INFO - Started process (PID=240446) to work on /home/jenny/.local/lib/python3.13/site-packages/airflow/example_dags/example_sensor_decorator.py
[2026-03-01T14:46:53.386+0530] {processor.py:914} INFO - Processing file /home/jenny/.local/lib/python3.13/site-packages/airflow/example_dags/example_sensor_decorator.py for tasks to queue
[2026-03-01T14:46:53.388+0530] {logging_mixin.py:190} INFO - [2026-03-01T14:46:53.388+0530] {dagbag.py:588} INFO - Filling up the DagBag from /home/jenny/.local/lib/python3.13/site-packages/airflow/example_dags/example_sensor_decorator.py
[2026-03-01T14:46:53.395+0530] {processor.py:925} INFO - DAG(s) 'example_sensor_decorator' retrieved from /home/jenny/.local/lib/python3.13/site-packages/airflow/example_dags/example_sensor_decorator.py
[2026-03-01T14:46:53.403+0530] {logging_mixin.py:190} INFO - [2026-03-01T14:46:53.403+0530] {dag.py:3239} INFO - Sync 1 DAGs
[2026-03-01T14:46:53.509+0530] {logging_mixin.py:190} INFO - [2026-03-01T14:46:53.509+0530] {dag.py:4180} INFO - Setting next_dagrun for example_sensor_decorator to None, run_after=None
[2026-03-01T14:46:53.524+0530] {processor.py:208} INFO - Processing /home/jenny/.local/lib/python3.13/site-packages/airflow/example_dags/example_sensor_decorator.py took 0.147 seconds
[2026-03-01T14:47:56.853+0530] {processor.py:186} INFO - Started process (PID=240652) to work on /home/jenny/.local/lib/python3.13/site-packages/airflow/example_dags/example_sensor_decorator.py
[2026-03-01T14:47:56.855+0530] {processor.py:914} INFO - Processing file /home/jenny/.local/lib/python3.13/site-packages/airflow/example_dags/example_sensor_decorator.py for tasks to queue
[2026-03-01T14:47:56.857+0530] {logging_mixin.py:190} INFO - [2026-03-01T14:47:56.857+0530] {dagbag.py:588} INFO - Filling up the DagBag from /home/jenny/.local/lib/python3.13/site-packages/airflow/example_dags/example_sensor_decorator.py
[2026-03-01T14:47:56.966+0530] {processor.py:925} INFO - DAG(s) 'example_sensor_decorator' retrieved from /home/jenny/.local/lib/python3.13/site-packages/airflow/example_dags/example_sensor_decorator.py
[2026-03-01T14:47:56.971+0530] {logging_mixin.py:190} INFO - [2026-03-01T14:47:56.971+0530] {dag.py:3239} INFO - Sync 1 DAGs
[2026-03-01T14:47:56.978+0530] {logging_mixin.py:190} INFO - [2026-03-01T14:47:56.978+0530] {dag.py:4180} INFO - Setting next_dagrun for example_sensor_decorator to None, run_after=None
[2026-03-01T14:47:56.992+0530] {processor.py:208} INFO - Processing /home/jenny/.local/lib/python3.13/site-packages/airflow/example_dags/example_sensor_decorator.py took 0.145 seconds
[2026-03-01T14:48:53.746+0530] {processor.py:186} INFO - Started process (PID=240951) to work on /home/jenny/.local/lib/python3.13/site-packages/airflow/example_dags/example_sensor_decorator.py
[2026-03-01T14:48:53.747+0530] {processor.py:914} INFO - Processing file /home/jenny/.local/lib/python3.13/site-packages/airflow/example_dags/example_sensor_decorator.py for tasks to queue
[2026-03-01T14:48:53.750+0530] {logging_mixin.py:190} INFO - [2026-03-01T14:48:53.749+0530] {dagbag.py:588} INFO - Filling up the DagBag from /home/jenny/.local/lib/python3.13/site-packages/airflow/example_dags/example_sensor_decorator.py
[2026-03-01T14:48:53.756+0530] {processor.py:925} INFO - DAG(s) 'example_sensor_decorator' retrieved from /home/jenny/.local/lib/python3.13/site-packages/airflow/example_dags/example_sensor_decorator.py
[2026-03-01T14:48:53.764+0530] {logging_mixin.py:190} INFO - [2026-03-01T14:48:53.764+0530] {dag.py:3239} INFO - Sync 1 DAGs
[2026-03-01T14:48:53.771+0530] {logging_mixin.py:190} INFO - [2026-03-01T14:48:53.771+0530] {dag.py:4180} INFO - Setting next_dagrun for example_sensor_decorator to None, run_after=None
[2026-03-01T14:48:53.786+0530] {processor.py:208} INFO - Processing /home/jenny/.local/lib/python3.13/site-packages/airflow/example_dags/example_sensor_decorator.py took 0.047 seconds
[2026-03-01T14:49:47.990+0530] {processor.py:186} INFO - Started process (PID=241212) to work on /home/jenny/.local/lib/python3.13/site-packages/airflow/example_dags/example_sensor_decorator.py
[2026-03-01T14:49:47.990+0530] {processor.py:914} INFO - Processing file /home/jenny/.local/lib/python3.13/site-packages/airflow/example_dags/example_sensor_decorator.py for tasks to queue
[2026-03-01T14:49:47.992+0530] {logging_mixin.py:190} INFO - [2026-03-01T14:49:47.992+0530] {dagbag.py:588} INFO - Filling up the DagBag from /home/jenny/.local/lib/python3.13/site-packages/airflow/example_dags/example_sensor_decorator.py
[2026-03-01T14:49:47.999+0530] {processor.py:925} INFO - DAG(s) 'example_sensor_decorator' retrieved from /home/jenny/.local/lib/python3.13/site-packages/airflow/example_dags/example_sensor_decorator.py
[2026-03-01T14:49:48.007+0530] {logging_mixin.py:190} INFO - [2026-03-01T14:49:48.007+0530] {dag.py:3239} INFO - Sync 1 DAGs
[2026-03-01T14:49:48.015+0530] {logging_mixin.py:190} INFO - [2026-03-01T14:49:48.015+0530] {dag.py:4180} INFO - Setting next_dagrun for example_sensor_decorator to None, run_after=None
[2026-03-01T14:49:48.046+0530] {processor.py:208} INFO - Processing /home/jenny/.local/lib/python3.13/site-packages/airflow/example_dags/example_sensor_decorator.py took 0.062 seconds
[2026-03-01T14:50:45.024+0530] {processor.py:186} INFO - Started process (PID=241463) to work on /home/jenny/.local/lib/python3.13/site-packages/airflow/example_dags/example_sensor_decorator.py
[2026-03-01T14:50:45.025+0530] {processor.py:914} INFO - Processing file /home/jenny/.local/lib/python3.13/site-packages/airflow/example_dags/example_sensor_decorator.py for tasks to queue
[2026-03-01T14:50:45.028+0530] {logging_mixin.py:190} INFO - [2026-03-01T14:50:45.027+0530] {dagbag.py:588} INFO - Filling up the DagBag from /home/jenny/.local/lib/python3.13/site-packages/airflow/example_dags/example_sensor_decorator.py
[2026-03-01T14:50:45.035+0530] {processor.py:925} INFO - DAG(s) 'example_sensor_decorator' retrieved from /home/jenny/.local/lib/python3.13/site-packages/airflow/example_dags/example_sensor_decorator.py
[2026-03-01T14:50:45.043+0530] {logging_mixin.py:190} INFO - [2026-03-01T14:50:45.043+0530] {dag.py:3239} INFO - Sync 1 DAGs
[2026-03-01T14:50:45.052+0530] {logging_mixin.py:190} INFO - [2026-03-01T14:50:45.052+0530] {dag.py:4180} INFO - Setting next_dagrun for example_sensor_decorator to None, run_after=None
[2026-03-01T14:50:45.068+0530] {processor.py:208} INFO - Processing /home/jenny/.local/lib/python3.13/site-packages/airflow/example_dags/example_sensor_decorator.py took 0.049 seconds
[2026-03-01T14:51:38.388+0530] {processor.py:186} INFO - Started process (PID=241852) to work on /home/jenny/.local/lib/python3.13/site-packages/airflow/example_dags/example_sensor_decorator.py
[2026-03-01T14:51:38.389+0530] {processor.py:914} INFO - Processing file /home/jenny/.local/lib/python3.13/site-packages/airflow/example_dags/example_sensor_decorator.py for tasks to queue
[2026-03-01T14:51:38.392+0530] {logging_mixin.py:190} INFO - [2026-03-01T14:51:38.391+0530] {dagbag.py:588} INFO - Filling up the DagBag from /home/jenny/.local/lib/python3.13/site-packages/airflow/example_dags/example_sensor_decorator.py
[2026-03-01T14:51:38.398+0530] {processor.py:925} INFO - DAG(s) 'example_sensor_decorator' retrieved from /home/jenny/.local/lib/python3.13/site-packages/airflow/example_dags/example_sensor_decorator.py
[2026-03-01T14:51:38.406+0530] {logging_mixin.py:190} INFO - [2026-03-01T14:51:38.406+0530] {dag.py:3239} INFO - Sync 1 DAGs
[2026-03-01T14:51:38.414+0530] {logging_mixin.py:190} INFO - [2026-03-01T14:51:38.414+0530] {dag.py:4180} INFO - Setting next_dagrun for example_sensor_decorator to None, run_after=None
[2026-03-01T14:51:38.430+0530] {processor.py:208} INFO - Processing /home/jenny/.local/lib/python3.13/site-packages/airflow/example_dags/example_sensor_decorator.py took 0.047 seconds
[2026-03-01T14:52:30.946+0530] {processor.py:186} INFO - Started process (PID=242015) to work on /home/jenny/.local/lib/python3.13/site-packages/airflow/example_dags/example_sensor_decorator.py
[2026-03-01T14:52:30.946+0530] {processor.py:914} INFO - Processing file /home/jenny/.local/lib/python3.13/site-packages/airflow/example_dags/example_sensor_decorator.py for tasks to queue
[2026-03-01T14:52:30.948+0530] {logging_mixin.py:190} INFO - [2026-03-01T14:52:30.948+0530] {dagbag.py:588} INFO - Filling up the DagBag from /home/jenny/.local/lib/python3.13/site-packages/airflow/example_dags/example_sensor_decorator.py
[2026-03-01T14:52:30.955+0530] {processor.py:925} INFO - DAG(s) 'example_sensor_decorator' retrieved from /home/jenny/.local/lib/python3.13/site-packages/airflow/example_dags/example_sensor_decorator.py
[2026-03-01T14:52:30.966+0530] {logging_mixin.py:190} INFO - [2026-03-01T14:52:30.966+0530] {dag.py:3239} INFO - Sync 1 DAGs
[2026-03-01T14:52:30.975+0530] {logging_mixin.py:190} INFO - [2026-03-01T14:52:30.975+0530] {dag.py:4180} INFO - Setting next_dagrun for example_sensor_decorator to None, run_after=None
[2026-03-01T14:52:31.011+0530] {processor.py:208} INFO - Processing /home/jenny/.local/lib/python3.13/site-packages/airflow/example_dags/example_sensor_decorator.py took 0.069 seconds
[2026-03-01T14:53:23.632+0530] {processor.py:186} INFO - Started process (PID=242156) to work on /home/jenny/.local/lib/python3.13/site-packages/airflow/example_dags/example_sensor_decorator.py
[2026-03-01T14:53:23.633+0530] {processor.py:914} INFO - Processing file /home/jenny/.local/lib/python3.13/site-packages/airflow/example_dags/example_sensor_decorator.py for tasks to queue
[2026-03-01T14:53:23.636+0530] {logging_mixin.py:190} INFO - [2026-03-01T14:53:23.635+0530] {dagbag.py:588} INFO - Filling up the DagBag from /home/jenny/.local/lib/python3.13/site-packages/airflow/example_dags/example_sensor_decorator.py
[2026-03-01T14:53:23.643+0530] {processor.py:925} INFO - DAG(s) 'example_sensor_decorator' retrieved from /home/jenny/.local/lib/python3.13/site-packages/airflow/example_dags/example_sensor_decorator.py
[2026-03-01T14:53:23.651+0530] {logging_mixin.py:190} INFO - [2026-03-01T14:53:23.651+0530] {dag.py:3239} INFO - Sync 1 DAGs
[2026-03-01T14:53:23.658+0530] {logging_mixin.py:190} INFO - [2026-03-01T14:53:23.658+0530] {dag.py:4180} INFO - Setting next_dagrun for example_sensor_decorator to None, run_after=None
[2026-03-01T14:53:23.674+0530] {processor.py:208} INFO - Processing /home/jenny/.local/lib/python3.13/site-packages/airflow/example_dags/example_sensor_decorator.py took 0.048 seconds
[2026-03-01T14:54:16.254+0530] {processor.py:186} INFO - Started process (PID=242322) to work on /home/jenny/.local/lib/python3.13/site-packages/airflow/example_dags/example_sensor_decorator.py
[2026-03-01T14:54:16.255+0530] {processor.py:914} INFO - Processing file /home/jenny/.local/lib/python3.13/site-packages/airflow/example_dags/example_sensor_decorator.py for tasks to queue
[2026-03-01T14:54:16.258+0530] {logging_mixin.py:190} INFO - [2026-03-01T14:54:16.258+0530] {dagbag.py:588} INFO - Filling up the DagBag from /home/jenny/.local/lib/python3.13/site-packages/airflow/example_dags/example_sensor_decorator.py
[2026-03-01T14:54:16.266+0530] {processor.py:925} INFO - DAG(s) 'example_sensor_decorator' retrieved from /home/jenny/.local/lib/python3.13/site-packages/airflow/example_dags/example_sensor_decorator.py
[2026-03-01T14:54:16.274+0530] {logging_mixin.py:190} INFO - [2026-03-01T14:54:16.274+0530] {dag.py:3239} INFO - Sync 1 DAGs
[2026-03-01T14:54:16.282+0530] {logging_mixin.py:190} INFO - [2026-03-01T14:54:16.281+0530] {dag.py:4180} INFO - Setting next_dagrun for example_sensor_decorator to None, run_after=None
[2026-03-01T14:54:16.297+0530] {processor.py:208} INFO - Processing /home/jenny/.local/lib/python3.13/site-packages/airflow/example_dags/example_sensor_decorator.py took 0.049 seconds
[2026-03-01T14:55:10.680+0530] {processor.py:186} INFO - Started process (PID=242465) to work on /home/jenny/.local/lib/python3.13/site-packages/airflow/example_dags/example_sensor_decorator.py
[2026-03-01T14:55:10.680+0530] {processor.py:914} INFO - Processing file /home/jenny/.local/lib/python3.13/site-packages/airflow/example_dags/example_sensor_decorator.py for tasks to queue
[2026-03-01T14:55:10.682+0530] {logging_mixin.py:190} INFO - [2026-03-01T14:55:10.682+0530] {dagbag.py:588} INFO - Filling up the DagBag from /home/jenny/.local/lib/python3.13/site-packages/airflow/example_dags/example_sensor_decorator.py
[2026-03-01T14:55:10.689+0530] {processor.py:925} INFO - DAG(s) 'example_sensor_decorator' retrieved from /home/jenny/.local/lib/python3.13/site-packages/airflow/example_dags/example_sensor_decorator.py
[2026-03-01T14:55:10.697+0530] {logging_mixin.py:190} INFO - [2026-03-01T14:55:10.697+0530] {dag.py:3239} INFO - Sync 1 DAGs
[2026-03-01T14:55:10.705+0530] {logging_mixin.py:190} INFO - [2026-03-01T14:55:10.705+0530] {dag.py:4180} INFO - Setting next_dagrun for example_sensor_decorator to None, run_after=None
[2026-03-01T14:55:10.721+0530] {processor.py:208} INFO - Processing /home/jenny/.local/lib/python3.13/site-packages/airflow/example_dags/example_sensor_decorator.py took 0.044 seconds
[2026-03-01T14:56:04.510+0530] {processor.py:186} INFO - Started process (PID=246598) to work on /home/jenny/.local/lib/python3.13/site-packages/airflow/example_dags/example_sensor_decorator.py
[2026-03-01T14:56:04.511+0530] {processor.py:914} INFO - Processing file /home/jenny/.local/lib/python3.13/site-packages/airflow/example_dags/example_sensor_decorator.py for tasks to queue
[2026-03-01T14:56:04.512+0530] {logging_mixin.py:190} INFO - [2026-03-01T14:56:04.512+0530] {dagbag.py:588} INFO - Filling up the DagBag from /home/jenny/.local/lib/python3.13/site-packages/airflow/example_dags/example_sensor_decorator.py
[2026-03-01T14:56:04.518+0530] {processor.py:925} INFO - DAG(s) 'example_sensor_decorator' retrieved from /home/jenny/.local/lib/python3.13/site-packages/airflow/example_dags/example_sensor_decorator.py
[2026-03-01T14:56:04.527+0530] {logging_mixin.py:190} INFO - [2026-03-01T14:56:04.526+0530] {dag.py:3239} INFO - Sync 1 DAGs
[2026-03-01T14:56:04.535+0530] {logging_mixin.py:190} INFO - [2026-03-01T14:56:04.535+0530] {dag.py:4180} INFO - Setting next_dagrun for example_sensor_decorator to None, run_after=None
[2026-03-01T14:56:04.572+0530] {processor.py:208} INFO - Processing /home/jenny/.local/lib/python3.13/site-packages/airflow/example_dags/example_sensor_decorator.py took 0.065 seconds
[2026-03-01T14:56:58.796+0530] {processor.py:186} INFO - Started process (PID=246761) to work on /home/jenny/.local/lib/python3.13/site-packages/airflow/example_dags/example_sensor_decorator.py
[2026-03-01T14:56:58.797+0530] {processor.py:914} INFO - Processing file /home/jenny/.local/lib/python3.13/site-packages/airflow/example_dags/example_sensor_decorator.py for tasks to queue
[2026-03-01T14:56:58.800+0530] {logging_mixin.py:190} INFO - [2026-03-01T14:56:58.800+0530] {dagbag.py:588} INFO - Filling up the DagBag from /home/jenny/.local/lib/python3.13/site-packages/airflow/example_dags/example_sensor_decorator.py
[2026-03-01T14:56:58.808+0530] {processor.py:925} INFO - DAG(s) 'example_sensor_decorator' retrieved from /home/jenny/.local/lib/python3.13/site-packages/airflow/example_dags/example_sensor_decorator.py
[2026-03-01T14:56:58.816+0530] {logging_mixin.py:190} INFO - [2026-03-01T14:56:58.815+0530] {dag.py:3239} INFO - Sync 1 DAGs
[2026-03-01T14:56:58.823+0530] {logging_mixin.py:190} INFO - [2026-03-01T14:56:58.823+0530] {dag.py:4180} INFO - Setting next_dagrun for example_sensor_decorator to None, run_after=None
[2026-03-01T14:56:58.868+0530] {processor.py:208} INFO - Processing /home/jenny/.local/lib/python3.13/site-packages/airflow/example_dags/example_sensor_decorator.py took 0.079 seconds
[2026-03-01T14:57:52.528+0530] {processor.py:186} INFO - Started process (PID=246901) to work on /home/jenny/.local/lib/python3.13/site-packages/airflow/example_dags/example_sensor_decorator.py
[2026-03-01T14:57:52.529+0530] {processor.py:914} INFO - Processing file /home/jenny/.local/lib/python3.13/site-packages/airflow/example_dags/example_sensor_decorator.py for tasks to queue
[2026-03-01T14:57:52.532+0530] {logging_mixin.py:190} INFO - [2026-03-01T14:57:52.531+0530] {dagbag.py:588} INFO - Filling up the DagBag from /home/jenny/.local/lib/python3.13/site-packages/airflow/example_dags/example_sensor_decorator.py
[2026-03-01T14:57:52.539+0530] {processor.py:925} INFO - DAG(s) 'example_sensor_decorator' retrieved from /home/jenny/.local/lib/python3.13/site-packages/airflow/example_dags/example_sensor_decorator.py
[2026-03-01T14:57:52.548+0530] {logging_mixin.py:190} INFO - [2026-03-01T14:57:52.547+0530] {dag.py:3239} INFO - Sync 1 DAGs
[2026-03-01T14:57:52.555+0530] {logging_mixin.py:190} INFO - [2026-03-01T14:57:52.555+0530] {dag.py:4180} INFO - Setting next_dagrun for example_sensor_decorator to None, run_after=None
[2026-03-01T14:57:52.570+0530] {processor.py:208} INFO - Processing /home/jenny/.local/lib/python3.13/site-packages/airflow/example_dags/example_sensor_decorator.py took 0.048 seconds
[2026-03-01T14:58:47.223+0530] {processor.py:186} INFO - Started process (PID=247194) to work on /home/jenny/.local/lib/python3.13/site-packages/airflow/example_dags/example_sensor_decorator.py
[2026-03-01T14:58:47.223+0530] {processor.py:914} INFO - Processing file /home/jenny/.local/lib/python3.13/site-packages/airflow/example_dags/example_sensor_decorator.py for tasks to queue
[2026-03-01T14:58:47.225+0530] {logging_mixin.py:190} INFO - [2026-03-01T14:58:47.225+0530] {dagbag.py:588} INFO - Filling up the DagBag from /home/jenny/.local/lib/python3.13/site-packages/airflow/example_dags/example_sensor_decorator.py
[2026-03-01T14:58:47.233+0530] {processor.py:925} INFO - DAG(s) 'example_sensor_decorator' retrieved from /home/jenny/.local/lib/python3.13/site-packages/airflow/example_dags/example_sensor_decorator.py
[2026-03-01T14:58:47.243+0530] {logging_mixin.py:190} INFO - [2026-03-01T14:58:47.243+0530] {dag.py:3239} INFO - Sync 1 DAGs
[2026-03-01T14:58:47.254+0530] {logging_mixin.py:190} INFO - [2026-03-01T14:58:47.253+0530] {dag.py:4180} INFO - Setting next_dagrun for example_sensor_decorator to None, run_after=None
[2026-03-01T14:58:47.273+0530] {processor.py:208} INFO - Processing /home/jenny/.local/lib/python3.13/site-packages/airflow/example_dags/example_sensor_decorator.py took 0.055 seconds
[2026-03-01T14:59:41.990+0530] {processor.py:186} INFO - Started process (PID=247510) to work on /home/jenny/.local/lib/python3.13/site-packages/airflow/example_dags/example_sensor_decorator.py
[2026-03-01T14:59:41.991+0530] {processor.py:914} INFO - Processing file /home/jenny/.local/lib/python3.13/site-packages/airflow/example_dags/example_sensor_decorator.py for tasks to queue
[2026-03-01T14:59:41.993+0530] {logging_mixin.py:190} INFO - [2026-03-01T14:59:41.992+0530] {dagbag.py:588} INFO - Filling up the DagBag from /home/jenny/.local/lib/python3.13/site-packages/airflow/example_dags/example_sensor_decorator.py
[2026-03-01T14:59:42.001+0530] {processor.py:925} INFO - DAG(s) 'example_sensor_decorator' retrieved from /home/jenny/.local/lib/python3.13/site-packages/airflow/example_dags/example_sensor_decorator.py
[2026-03-01T14:59:42.012+0530] {logging_mixin.py:190} INFO - [2026-03-01T14:59:42.012+0530] {dag.py:3239} INFO - Sync 1 DAGs
[2026-03-01T14:59:42.023+0530] {logging_mixin.py:190} INFO - [2026-03-01T14:59:42.023+0530] {dag.py:4180} INFO - Setting next_dagrun for example_sensor_decorator to None, run_after=None
[2026-03-01T14:59:42.046+0530] {processor.py:208} INFO - Processing /home/jenny/.local/lib/python3.13/site-packages/airflow/example_dags/example_sensor_decorator.py took 0.062 seconds
[2026-03-01T15:00:36.054+0530] {processor.py:186} INFO - Started process (PID=248025) to work on /home/jenny/.local/lib/python3.13/site-packages/airflow/example_dags/example_sensor_decorator.py
[2026-03-01T15:00:36.055+0530] {processor.py:914} INFO - Processing file /home/jenny/.local/lib/python3.13/site-packages/airflow/example_dags/example_sensor_decorator.py for tasks to queue
[2026-03-01T15:00:36.057+0530] {logging_mixin.py:190} INFO - [2026-03-01T15:00:36.057+0530] {dagbag.py:588} INFO - Filling up the DagBag from /home/jenny/.local/lib/python3.13/site-packages/airflow/example_dags/example_sensor_decorator.py
[2026-03-01T15:00:36.064+0530] {processor.py:925} INFO - DAG(s) 'example_sensor_decorator' retrieved from /home/jenny/.local/lib/python3.13/site-packages/airflow/example_dags/example_sensor_decorator.py
[2026-03-01T15:00:36.072+0530] {logging_mixin.py:190} INFO - [2026-03-01T15:00:36.072+0530] {dag.py:3239} INFO - Sync 1 DAGs
[2026-03-01T15:00:36.080+0530] {logging_mixin.py:190} INFO - [2026-03-01T15:00:36.080+0530] {dag.py:4180} INFO - Setting next_dagrun for example_sensor_decorator to None, run_after=None
[2026-03-01T15:00:36.098+0530] {processor.py:208} INFO - Processing /home/jenny/.local/lib/python3.13/site-packages/airflow/example_dags/example_sensor_decorator.py took 0.047 seconds
[2026-03-01T15:01:32.715+0530] {processor.py:186} INFO - Started process (PID=248209) to work on /home/jenny/.local/lib/python3.13/site-packages/airflow/example_dags/example_sensor_decorator.py
[2026-03-01T15:01:32.715+0530] {processor.py:914} INFO - Processing file /home/jenny/.local/lib/python3.13/site-packages/airflow/example_dags/example_sensor_decorator.py for tasks to queue
[2026-03-01T15:01:32.718+0530] {logging_mixin.py:190} INFO - [2026-03-01T15:01:32.717+0530] {dagbag.py:588} INFO - Filling up the DagBag from /home/jenny/.local/lib/python3.13/site-packages/airflow/example_dags/example_sensor_decorator.py
[2026-03-01T15:01:32.727+0530] {processor.py:925} INFO - DAG(s) 'example_sensor_decorator' retrieved from /home/jenny/.local/lib/python3.13/site-packages/airflow/example_dags/example_sensor_decorator.py
[2026-03-01T15:01:32.740+0530] {logging_mixin.py:190} INFO - [2026-03-01T15:01:32.739+0530] {dag.py:3239} INFO - Sync 1 DAGs
[2026-03-01T15:01:32.750+0530] {logging_mixin.py:190} INFO - [2026-03-01T15:01:32.750+0530] {dag.py:4180} INFO - Setting next_dagrun for example_sensor_decorator to None, run_after=None
[2026-03-01T15:01:32.766+0530] {processor.py:208} INFO - Processing /home/jenny/.local/lib/python3.13/site-packages/airflow/example_dags/example_sensor_decorator.py took 0.055 seconds
[2026-03-01T15:02:26.112+0530] {processor.py:186} INFO - Started process (PID=248395) to work on /home/jenny/.local/lib/python3.13/site-packages/airflow/example_dags/example_sensor_decorator.py
[2026-03-01T15:02:26.113+0530] {processor.py:914} INFO - Processing file /home/jenny/.local/lib/python3.13/site-packages/airflow/example_dags/example_sensor_decorator.py for tasks to queue
[2026-03-01T15:02:26.115+0530] {logging_mixin.py:190} INFO - [2026-03-01T15:02:26.115+0530] {dagbag.py:588} INFO - Filling up the DagBag from /home/jenny/.local/lib/python3.13/site-packages/airflow/example_dags/example_sensor_decorator.py
[2026-03-01T15:02:26.122+0530] {processor.py:925} INFO - DAG(s) 'example_sensor_decorator' retrieved from /home/jenny/.local/lib/python3.13/site-packages/airflow/example_dags/example_sensor_decorator.py
[2026-03-01T15:02:26.130+0530] {logging_mixin.py:190} INFO - [2026-03-01T15:02:26.130+0530] {dag.py:3239} INFO - Sync 1 DAGs
[2026-03-01T15:02:26.138+0530] {logging_mixin.py:190} INFO - [2026-03-01T15:02:26.138+0530] {dag.py:4180} INFO - Setting next_dagrun for example_sensor_decorator to None, run_after=None
[2026-03-01T15:02:26.153+0530] {processor.py:208} INFO - Processing /home/jenny/.local/lib/python3.13/site-packages/airflow/example_dags/example_sensor_decorator.py took 0.045 seconds
[2026-03-01T15:03:22.097+0530] {processor.py:186} INFO - Started process (PID=248716) to work on /home/jenny/.local/lib/python3.13/site-packages/airflow/example_dags/example_sensor_decorator.py
[2026-03-01T15:03:22.098+0530] {processor.py:914} INFO - Processing file /home/jenny/.local/lib/python3.13/site-packages/airflow/example_dags/example_sensor_decorator.py for tasks to queue
[2026-03-01T15:03:22.100+0530] {logging_mixin.py:190} INFO - [2026-03-01T15:03:22.100+0530] {dagbag.py:588} INFO - Filling up the DagBag from /home/jenny/.local/lib/python3.13/site-packages/airflow/example_dags/example_sensor_decorator.py
[2026-03-01T15:03:22.107+0530] {processor.py:925} INFO - DAG(s) 'example_sensor_decorator' retrieved from /home/jenny/.local/lib/python3.13/site-packages/airflow/example_dags/example_sensor_decorator.py
[2026-03-01T15:03:22.116+0530] {logging_mixin.py:190} INFO - [2026-03-01T15:03:22.116+0530] {dag.py:3239} INFO - Sync 1 DAGs
[2026-03-01T15:03:22.125+0530] {logging_mixin.py:190} INFO - [2026-03-01T15:03:22.125+0530] {dag.py:4180} INFO - Setting next_dagrun for example_sensor_decorator to None, run_after=None
[2026-03-01T15:03:22.204+0530] {processor.py:208} INFO - Processing /home/jenny/.local/lib/python3.13/site-packages/airflow/example_dags/example_sensor_decorator.py took 0.112 seconds
[2026-03-01T15:04:16.569+0530] {processor.py:186} INFO - Started process (PID=249083) to work on /home/jenny/.local/lib/python3.13/site-packages/airflow/example_dags/example_sensor_decorator.py
[2026-03-01T15:04:16.570+0530] {processor.py:914} INFO - Processing file /home/jenny/.local/lib/python3.13/site-packages/airflow/example_dags/example_sensor_decorator.py for tasks to queue
[2026-03-01T15:04:16.572+0530] {logging_mixin.py:190} INFO - [2026-03-01T15:04:16.572+0530] {dagbag.py:588} INFO - Filling up the DagBag from /home/jenny/.local/lib/python3.13/site-packages/airflow/example_dags/example_sensor_decorator.py
[2026-03-01T15:04:16.578+0530] {processor.py:925} INFO - DAG(s) 'example_sensor_decorator' retrieved from /home/jenny/.local/lib/python3.13/site-packages/airflow/example_dags/example_sensor_decorator.py
[2026-03-01T15:04:16.589+0530] {logging_mixin.py:190} INFO - [2026-03-01T15:04:16.589+0530] {dag.py:3239} INFO - Sync 1 DAGs
[2026-03-01T15:04:16.598+0530] {logging_mixin.py:190} INFO - [2026-03-01T15:04:16.598+0530] {dag.py:4180} INFO - Setting next_dagrun for example_sensor_decorator to None, run_after=None
[2026-03-01T15:04:16.622+0530] {processor.py:208} INFO - Processing /home/jenny/.local/lib/python3.13/site-packages/airflow/example_dags/example_sensor_decorator.py took 0.058 seconds
[2026-03-01T15:05:08.253+0530] {processor.py:186} INFO - Started process (PID=249454) to work on /home/jenny/.local/lib/python3.13/site-packages/airflow/example_dags/example_sensor_decorator.py
[2026-03-01T15:05:08.254+0530] {processor.py:914} INFO - Processing file /home/jenny/.local/lib/python3.13/site-packages/airflow/example_dags/example_sensor_decorator.py for tasks to queue
[2026-03-01T15:05:08.256+0530] {logging_mixin.py:190} INFO - [2026-03-01T15:05:08.256+0530] {dagbag.py:588} INFO - Filling up the DagBag from /home/jenny/.local/lib/python3.13/site-packages/airflow/example_dags/example_sensor_decorator.py
[2026-03-01T15:05:08.264+0530] {processor.py:925} INFO - DAG(s) 'example_sensor_decorator' retrieved from /home/jenny/.local/lib/python3.13/site-packages/airflow/example_dags/example_sensor_decorator.py
[2026-03-01T15:05:08.274+0530] {logging_mixin.py:190} INFO - [2026-03-01T15:05:08.274+0530] {dag.py:3239} INFO - Sync 1 DAGs
[2026-03-01T15:05:08.285+0530] {logging_mixin.py:190} INFO - [2026-03-01T15:05:08.285+0530] {dag.py:4180} INFO - Setting next_dagrun for example_sensor_decorator to None, run_after=None
[2026-03-01T15:05:08.304+0530] {processor.py:208} INFO - Processing /home/jenny/.local/lib/python3.13/site-packages/airflow/example_dags/example_sensor_decorator.py took 0.054 seconds
[2026-03-01T15:06:02.006+0530] {processor.py:186} INFO - Started process (PID=249649) to work on /home/jenny/.local/lib/python3.13/site-packages/airflow/example_dags/example_sensor_decorator.py
[2026-03-01T15:06:02.007+0530] {processor.py:914} INFO - Processing file /home/jenny/.local/lib/python3.13/site-packages/airflow/example_dags/example_sensor_decorator.py for tasks to queue
[2026-03-01T15:06:02.010+0530] {logging_mixin.py:190} INFO - [2026-03-01T15:06:02.010+0530] {dagbag.py:588} INFO - Filling up the DagBag from /home/jenny/.local/lib/python3.13/site-packages/airflow/example_dags/example_sensor_decorator.py
[2026-03-01T15:06:02.017+0530] {processor.py:925} INFO - DAG(s) 'example_sensor_decorator' retrieved from /home/jenny/.local/lib/python3.13/site-packages/airflow/example_dags/example_sensor_decorator.py
[2026-03-01T15:06:02.025+0530] {logging_mixin.py:190} INFO - [2026-03-01T15:06:02.025+0530] {dag.py:3239} INFO - Sync 1 DAGs
[2026-03-01T15:06:02.033+0530] {logging_mixin.py:190} INFO - [2026-03-01T15:06:02.033+0530] {dag.py:4180} INFO - Setting next_dagrun for example_sensor_decorator to None, run_after=None
[2026-03-01T15:06:02.048+0530] {processor.py:208} INFO - Processing /home/jenny/.local/lib/python3.13/site-packages/airflow/example_dags/example_sensor_decorator.py took 0.048 seconds
[2026-03-01T15:06:55.851+0530] {processor.py:186} INFO - Started process (PID=249936) to work on /home/jenny/.local/lib/python3.13/site-packages/airflow/example_dags/example_sensor_decorator.py
[2026-03-01T15:06:55.852+0530] {processor.py:914} INFO - Processing file /home/jenny/.local/lib/python3.13/site-packages/airflow/example_dags/example_sensor_decorator.py for tasks to queue
[2026-03-01T15:06:55.854+0530] {logging_mixin.py:190} INFO - [2026-03-01T15:06:55.854+0530] {dagbag.py:588} INFO - Filling up the DagBag from /home/jenny/.local/lib/python3.13/site-packages/airflow/example_dags/example_sensor_decorator.py
[2026-03-01T15:06:55.861+0530] {processor.py:925} INFO - DAG(s) 'example_sensor_decorator' retrieved from /home/jenny/.local/lib/python3.13/site-packages/airflow/example_dags/example_sensor_decorator.py
[2026-03-01T15:06:55.870+0530] {logging_mixin.py:190} INFO - [2026-03-01T15:06:55.869+0530] {dag.py:3239} INFO - Sync 1 DAGs
[2026-03-01T15:06:55.877+0530] {logging_mixin.py:190} INFO - [2026-03-01T15:06:55.877+0530] {dag.py:4180} INFO - Setting next_dagrun for example_sensor_decorator to None, run_after=None
[2026-03-01T15:06:55.894+0530] {processor.py:208} INFO - Processing /home/jenny/.local/lib/python3.13/site-packages/airflow/example_dags/example_sensor_decorator.py took 0.046 seconds
[2026-03-01T15:07:48.977+0530] {processor.py:186} INFO - Started process (PID=250242) to work on /home/jenny/.local/lib/python3.13/site-packages/airflow/example_dags/example_sensor_decorator.py
[2026-03-01T15:07:48.978+0530] {processor.py:914} INFO - Processing file /home/jenny/.local/lib/python3.13/site-packages/airflow/example_dags/example_sensor_decorator.py for tasks to queue
[2026-03-01T15:07:48.979+0530] {logging_mixin.py:190} INFO - [2026-03-01T15:07:48.979+0530] {dagbag.py:588} INFO - Filling up the DagBag from /home/jenny/.local/lib/python3.13/site-packages/airflow/example_dags/example_sensor_decorator.py
[2026-03-01T15:07:48.986+0530] {processor.py:925} INFO - DAG(s) 'example_sensor_decorator' retrieved from /home/jenny/.local/lib/python3.13/site-packages/airflow/example_dags/example_sensor_decorator.py
[2026-03-01T15:07:48.996+0530] {logging_mixin.py:190} INFO - [2026-03-01T15:07:48.995+0530] {dag.py:3239} INFO - Sync 1 DAGs
[2026-03-01T15:07:49.004+0530] {logging_mixin.py:190} INFO - [2026-03-01T15:07:49.004+0530] {dag.py:4180} INFO - Setting next_dagrun for example_sensor_decorator to None, run_after=None
[2026-03-01T15:07:49.024+0530] {processor.py:208} INFO - Processing /home/jenny/.local/lib/python3.13/site-packages/airflow/example_dags/example_sensor_decorator.py took 0.050 seconds
[2026-03-01T15:08:40.607+0530] {processor.py:186} INFO - Started process (PID=250500) to work on /home/jenny/.local/lib/python3.13/site-packages/airflow/example_dags/example_sensor_decorator.py
[2026-03-01T15:08:40.608+0530] {processor.py:914} INFO - Processing file /home/jenny/.local/lib/python3.13/site-packages/airflow/example_dags/example_sensor_decorator.py for tasks to queue
[2026-03-01T15:08:40.610+0530] {logging_mixin.py:190} INFO - [2026-03-01T15:08:40.610+0530] {dagbag.py:588} INFO - Filling up the DagBag from /home/jenny/.local/lib/python3.13/site-packages/airflow/example_dags/example_sensor_decorator.py
[2026-03-01T15:08:40.617+0530] {processor.py:925} INFO - DAG(s) 'example_sensor_decorator' retrieved from /home/jenny/.local/lib/python3.13/site-packages/airflow/example_dags/example_sensor_decorator.py
[2026-03-01T15:08:40.627+0530] {logging_mixin.py:190} INFO - [2026-03-01T15:08:40.627+0530] {dag.py:3239} INFO - Sync 1 DAGs
[2026-03-01T15:08:40.635+0530] {logging_mixin.py:190} INFO - [2026-03-01T15:08:40.635+0530] {dag.py:4180} INFO - Setting next_dagrun for example_sensor_decorator to None, run_after=None
[2026-03-01T15:08:40.652+0530] {processor.py:208} INFO - Processing /home/jenny/.local/lib/python3.13/site-packages/airflow/example_dags/example_sensor_decorator.py took 0.049 seconds
[2026-03-01T15:09:33.525+0530] {processor.py:186} INFO - Started process (PID=250812) to work on /home/jenny/.local/lib/python3.13/site-packages/airflow/example_dags/example_sensor_decorator.py
[2026-03-01T15:09:33.526+0530] {processor.py:914} INFO - Processing file /home/jenny/.local/lib/python3.13/site-packages/airflow/example_dags/example_sensor_decorator.py for tasks to queue
[2026-03-01T15:09:33.529+0530] {logging_mixin.py:190} INFO - [2026-03-01T15:09:33.529+0530] {dagbag.py:588} INFO - Filling up the DagBag from /home/jenny/.local/lib/python3.13/site-packages/airflow/example_dags/example_sensor_decorator.py
[2026-03-01T15:09:33.537+0530] {processor.py:925} INFO - DAG(s) 'example_sensor_decorator' retrieved from /home/jenny/.local/lib/python3.13/site-packages/airflow/example_dags/example_sensor_decorator.py
[2026-03-01T15:09:33.550+0530] {logging_mixin.py:190} INFO - [2026-03-01T15:09:33.550+0530] {dag.py:3239} INFO - Sync 1 DAGs
[2026-03-01T15:09:33.563+0530] {logging_mixin.py:190} INFO - [2026-03-01T15:09:33.563+0530] {dag.py:4180} INFO - Setting next_dagrun for example_sensor_decorator to None, run_after=None
[2026-03-01T15:09:33.598+0530] {processor.py:208} INFO - Processing /home/jenny/.local/lib/python3.13/site-packages/airflow/example_dags/example_sensor_decorator.py took 0.079 seconds
[2026-03-01T15:10:25.390+0530] {processor.py:186} INFO - Started process (PID=251250) to work on /home/jenny/.local/lib/python3.13/site-packages/airflow/example_dags/example_sensor_decorator.py
[2026-03-01T15:10:25.391+0530] {processor.py:914} INFO - Processing file /home/jenny/.local/lib/python3.13/site-packages/airflow/example_dags/example_sensor_decorator.py for tasks to queue
[2026-03-01T15:10:25.394+0530] {logging_mixin.py:190} INFO - [2026-03-01T15:10:25.393+0530] {dagbag.py:588} INFO - Filling up the DagBag from /home/jenny/.local/lib/python3.13/site-packages/airflow/example_dags/example_sensor_decorator.py
[2026-03-01T15:10:25.401+0530] {processor.py:925} INFO - DAG(s) 'example_sensor_decorator' retrieved from /home/jenny/.local/lib/python3.13/site-packages/airflow/example_dags/example_sensor_decorator.py
[2026-03-01T15:10:25.410+0530] {logging_mixin.py:190} INFO - [2026-03-01T15:10:25.410+0530] {dag.py:3239} INFO - Sync 1 DAGs
[2026-03-01T15:10:25.419+0530] {logging_mixin.py:190} INFO - [2026-03-01T15:10:25.419+0530] {dag.py:4180} INFO - Setting next_dagrun for example_sensor_decorator to None, run_after=None
[2026-03-01T15:10:25.436+0530] {processor.py:208} INFO - Processing /home/jenny/.local/lib/python3.13/site-packages/airflow/example_dags/example_sensor_decorator.py took 0.050 seconds
[2026-03-01T19:41:33.260+0530] {processor.py:186} INFO - Started process (PID=255569) to work on /home/jenny/.local/lib/python3.13/site-packages/airflow/example_dags/example_sensor_decorator.py
[2026-03-01T19:41:33.261+0530] {processor.py:914} INFO - Processing file /home/jenny/.local/lib/python3.13/site-packages/airflow/example_dags/example_sensor_decorator.py for tasks to queue
[2026-03-01T19:41:33.262+0530] {logging_mixin.py:190} INFO - [2026-03-01T19:41:33.262+0530] {dagbag.py:588} INFO - Filling up the DagBag from /home/jenny/.local/lib/python3.13/site-packages/airflow/example_dags/example_sensor_decorator.py
[2026-03-01T19:41:33.269+0530] {processor.py:925} INFO - DAG(s) 'example_sensor_decorator' retrieved from /home/jenny/.local/lib/python3.13/site-packages/airflow/example_dags/example_sensor_decorator.py
[2026-03-01T19:41:33.277+0530] {logging_mixin.py:190} INFO - [2026-03-01T19:41:33.277+0530] {dag.py:3239} INFO - Sync 1 DAGs
[2026-03-01T19:41:33.285+0530] {logging_mixin.py:190} INFO - [2026-03-01T19:41:33.285+0530] {dag.py:4180} INFO - Setting next_dagrun for example_sensor_decorator to None, run_after=None
[2026-03-01T19:41:33.300+0530] {processor.py:208} INFO - Processing /home/jenny/.local/lib/python3.13/site-packages/airflow/example_dags/example_sensor_decorator.py took 0.043 seconds
[2026-03-01T19:42:29.954+0530] {processor.py:186} INFO - Started process (PID=255775) to work on /home/jenny/.local/lib/python3.13/site-packages/airflow/example_dags/example_sensor_decorator.py
[2026-03-01T19:42:29.955+0530] {processor.py:914} INFO - Processing file /home/jenny/.local/lib/python3.13/site-packages/airflow/example_dags/example_sensor_decorator.py for tasks to queue
[2026-03-01T19:42:29.956+0530] {logging_mixin.py:190} INFO - [2026-03-01T19:42:29.956+0530] {dagbag.py:588} INFO - Filling up the DagBag from /home/jenny/.local/lib/python3.13/site-packages/airflow/example_dags/example_sensor_decorator.py
[2026-03-01T19:42:29.964+0530] {processor.py:925} INFO - DAG(s) 'example_sensor_decorator' retrieved from /home/jenny/.local/lib/python3.13/site-packages/airflow/example_dags/example_sensor_decorator.py
[2026-03-01T19:42:29.972+0530] {logging_mixin.py:190} INFO - [2026-03-01T19:42:29.972+0530] {dag.py:3239} INFO - Sync 1 DAGs
[2026-03-01T19:42:29.980+0530] {logging_mixin.py:190} INFO - [2026-03-01T19:42:29.980+0530] {dag.py:4180} INFO - Setting next_dagrun for example_sensor_decorator to None, run_after=None
[2026-03-01T19:42:29.995+0530] {processor.py:208} INFO - Processing /home/jenny/.local/lib/python3.13/site-packages/airflow/example_dags/example_sensor_decorator.py took 0.047 seconds
[2026-03-01T19:43:24.524+0530] {processor.py:186} INFO - Started process (PID=256169) to work on /home/jenny/.local/lib/python3.13/site-packages/airflow/example_dags/example_sensor_decorator.py
[2026-03-01T19:43:24.525+0530] {processor.py:914} INFO - Processing file /home/jenny/.local/lib/python3.13/site-packages/airflow/example_dags/example_sensor_decorator.py for tasks to queue
[2026-03-01T19:43:24.527+0530] {logging_mixin.py:190} INFO - [2026-03-01T19:43:24.526+0530] {dagbag.py:588} INFO - Filling up the DagBag from /home/jenny/.local/lib/python3.13/site-packages/airflow/example_dags/example_sensor_decorator.py
[2026-03-01T19:43:24.534+0530] {processor.py:925} INFO - DAG(s) 'example_sensor_decorator' retrieved from /home/jenny/.local/lib/python3.13/site-packages/airflow/example_dags/example_sensor_decorator.py
[2026-03-01T19:43:24.544+0530] {logging_mixin.py:190} INFO - [2026-03-01T19:43:24.544+0530] {dag.py:3239} INFO - Sync 1 DAGs
[2026-03-01T19:43:24.557+0530] {logging_mixin.py:190} INFO - [2026-03-01T19:43:24.556+0530] {dag.py:4180} INFO - Setting next_dagrun for example_sensor_decorator to None, run_after=None
[2026-03-01T19:43:24.593+0530] {processor.py:208} INFO - Processing /home/jenny/.local/lib/python3.13/site-packages/airflow/example_dags/example_sensor_decorator.py took 0.075 seconds
[2026-03-01T19:44:17.183+0530] {processor.py:186} INFO - Started process (PID=256319) to work on /home/jenny/.local/lib/python3.13/site-packages/airflow/example_dags/example_sensor_decorator.py
[2026-03-01T19:44:17.185+0530] {processor.py:914} INFO - Processing file /home/jenny/.local/lib/python3.13/site-packages/airflow/example_dags/example_sensor_decorator.py for tasks to queue
[2026-03-01T19:44:17.186+0530] {logging_mixin.py:190} INFO - [2026-03-01T19:44:17.185+0530] {dagbag.py:588} INFO - Filling up the DagBag from /home/jenny/.local/lib/python3.13/site-packages/airflow/example_dags/example_sensor_decorator.py
[2026-03-01T19:44:17.193+0530] {processor.py:925} INFO - DAG(s) 'example_sensor_decorator' retrieved from /home/jenny/.local/lib/python3.13/site-packages/airflow/example_dags/example_sensor_decorator.py
[2026-03-01T19:44:17.202+0530] {logging_mixin.py:190} INFO - [2026-03-01T19:44:17.202+0530] {dag.py:3239} INFO - Sync 1 DAGs
[2026-03-01T19:44:17.210+0530] {logging_mixin.py:190} INFO - [2026-03-01T19:44:17.210+0530] {dag.py:4180} INFO - Setting next_dagrun for example_sensor_decorator to None, run_after=None
[2026-03-01T19:44:17.225+0530] {processor.py:208} INFO - Processing /home/jenny/.local/lib/python3.13/site-packages/airflow/example_dags/example_sensor_decorator.py took 0.047 seconds
[2026-03-01T19:45:10.894+0530] {processor.py:186} INFO - Started process (PID=256773) to work on /home/jenny/.local/lib/python3.13/site-packages/airflow/example_dags/example_sensor_decorator.py
[2026-03-01T19:45:10.895+0530] {processor.py:914} INFO - Processing file /home/jenny/.local/lib/python3.13/site-packages/airflow/example_dags/example_sensor_decorator.py for tasks to queue
[2026-03-01T19:45:10.897+0530] {logging_mixin.py:190} INFO - [2026-03-01T19:45:10.896+0530] {dagbag.py:588} INFO - Filling up the DagBag from /home/jenny/.local/lib/python3.13/site-packages/airflow/example_dags/example_sensor_decorator.py
[2026-03-01T19:45:10.904+0530] {processor.py:925} INFO - DAG(s) 'example_sensor_decorator' retrieved from /home/jenny/.local/lib/python3.13/site-packages/airflow/example_dags/example_sensor_decorator.py
[2026-03-01T19:45:10.913+0530] {logging_mixin.py:190} INFO - [2026-03-01T19:45:10.913+0530] {dag.py:3239} INFO - Sync 1 DAGs
[2026-03-01T19:45:10.921+0530] {logging_mixin.py:190} INFO - [2026-03-01T19:45:10.921+0530] {dag.py:4180} INFO - Setting next_dagrun for example_sensor_decorator to None, run_after=None
[2026-03-01T19:45:10.936+0530] {processor.py:208} INFO - Processing /home/jenny/.local/lib/python3.13/site-packages/airflow/example_dags/example_sensor_decorator.py took 0.048 seconds
[2026-03-01T19:46:02.016+0530] {processor.py:186} INFO - Started process (PID=257315) to work on /home/jenny/.local/lib/python3.13/site-packages/airflow/example_dags/example_sensor_decorator.py
[2026-03-01T19:46:02.017+0530] {processor.py:914} INFO - Processing file /home/jenny/.local/lib/python3.13/site-packages/airflow/example_dags/example_sensor_decorator.py for tasks to queue
[2026-03-01T19:46:02.018+0530] {logging_mixin.py:190} INFO - [2026-03-01T19:46:02.017+0530] {dagbag.py:588} INFO - Filling up the DagBag from /home/jenny/.local/lib/python3.13/site-packages/airflow/example_dags/example_sensor_decorator.py
[2026-03-01T19:46:02.024+0530] {processor.py:925} INFO - DAG(s) 'example_sensor_decorator' retrieved from /home/jenny/.local/lib/python3.13/site-packages/airflow/example_dags/example_sensor_decorator.py
[2026-03-01T19:46:02.035+0530] {logging_mixin.py:190} INFO - [2026-03-01T19:46:02.035+0530] {dag.py:3239} INFO - Sync 1 DAGs
[2026-03-01T19:46:02.046+0530] {logging_mixin.py:190} INFO - [2026-03-01T19:46:02.046+0530] {dag.py:4180} INFO - Setting next_dagrun for example_sensor_decorator to None, run_after=None
[2026-03-01T19:46:02.064+0530] {processor.py:208} INFO - Processing /home/jenny/.local/lib/python3.13/site-packages/airflow/example_dags/example_sensor_decorator.py took 0.052 seconds
[2026-03-01T19:46:54.532+0530] {processor.py:186} INFO - Started process (PID=258538) to work on /home/jenny/.local/lib/python3.13/site-packages/airflow/example_dags/example_sensor_decorator.py
[2026-03-01T19:46:54.533+0530] {processor.py:914} INFO - Processing file /home/jenny/.local/lib/python3.13/site-packages/airflow/example_dags/example_sensor_decorator.py for tasks to queue
[2026-03-01T19:46:54.535+0530] {logging_mixin.py:190} INFO - [2026-03-01T19:46:54.534+0530] {dagbag.py:588} INFO - Filling up the DagBag from /home/jenny/.local/lib/python3.13/site-packages/airflow/example_dags/example_sensor_decorator.py
[2026-03-01T19:46:54.542+0530] {processor.py:925} INFO - DAG(s) 'example_sensor_decorator' retrieved from /home/jenny/.local/lib/python3.13/site-packages/airflow/example_dags/example_sensor_decorator.py
[2026-03-01T19:46:54.552+0530] {logging_mixin.py:190} INFO - [2026-03-01T19:46:54.552+0530] {dag.py:3239} INFO - Sync 1 DAGs
[2026-03-01T19:46:54.560+0530] {logging_mixin.py:190} INFO - [2026-03-01T19:46:54.560+0530] {dag.py:4180} INFO - Setting next_dagrun for example_sensor_decorator to None, run_after=None
[2026-03-01T19:46:54.576+0530] {processor.py:208} INFO - Processing /home/jenny/.local/lib/python3.13/site-packages/airflow/example_dags/example_sensor_decorator.py took 0.050 seconds
[2026-03-01T19:47:47.349+0530] {processor.py:186} INFO - Started process (PID=259798) to work on /home/jenny/.local/lib/python3.13/site-packages/airflow/example_dags/example_sensor_decorator.py
[2026-03-01T19:47:47.350+0530] {processor.py:914} INFO - Processing file /home/jenny/.local/lib/python3.13/site-packages/airflow/example_dags/example_sensor_decorator.py for tasks to queue
[2026-03-01T19:47:47.351+0530] {logging_mixin.py:190} INFO - [2026-03-01T19:47:47.351+0530] {dagbag.py:588} INFO - Filling up the DagBag from /home/jenny/.local/lib/python3.13/site-packages/airflow/example_dags/example_sensor_decorator.py
[2026-03-01T19:47:47.357+0530] {processor.py:925} INFO - DAG(s) 'example_sensor_decorator' retrieved from /home/jenny/.local/lib/python3.13/site-packages/airflow/example_dags/example_sensor_decorator.py
[2026-03-01T19:47:47.366+0530] {logging_mixin.py:190} INFO - [2026-03-01T19:47:47.366+0530] {dag.py:3239} INFO - Sync 1 DAGs
[2026-03-01T19:47:47.374+0530] {logging_mixin.py:190} INFO - [2026-03-01T19:47:47.374+0530] {dag.py:4180} INFO - Setting next_dagrun for example_sensor_decorator to None, run_after=None
[2026-03-01T19:47:47.392+0530] {processor.py:208} INFO - Processing /home/jenny/.local/lib/python3.13/site-packages/airflow/example_dags/example_sensor_decorator.py took 0.047 seconds
[2026-03-01T19:48:40.206+0530] {processor.py:186} INFO - Started process (PID=260904) to work on /home/jenny/.local/lib/python3.13/site-packages/airflow/example_dags/example_sensor_decorator.py
[2026-03-01T19:48:40.208+0530] {processor.py:914} INFO - Processing file /home/jenny/.local/lib/python3.13/site-packages/airflow/example_dags/example_sensor_decorator.py for tasks to queue
[2026-03-01T19:48:40.209+0530] {logging_mixin.py:190} INFO - [2026-03-01T19:48:40.209+0530] {dagbag.py:588} INFO - Filling up the DagBag from /home/jenny/.local/lib/python3.13/site-packages/airflow/example_dags/example_sensor_decorator.py
[2026-03-01T19:48:40.218+0530] {processor.py:925} INFO - DAG(s) 'example_sensor_decorator' retrieved from /home/jenny/.local/lib/python3.13/site-packages/airflow/example_dags/example_sensor_decorator.py
[2026-03-01T19:48:40.228+0530] {logging_mixin.py:190} INFO - [2026-03-01T19:48:40.227+0530] {dag.py:3239} INFO - Sync 1 DAGs
[2026-03-01T19:48:40.236+0530] {logging_mixin.py:190} INFO - [2026-03-01T19:48:40.235+0530] {dag.py:4180} INFO - Setting next_dagrun for example_sensor_decorator to None, run_after=None
[2026-03-01T19:48:40.280+0530] {processor.py:208} INFO - Processing /home/jenny/.local/lib/python3.13/site-packages/airflow/example_dags/example_sensor_decorator.py took 0.079 seconds
[2026-03-01T19:49:33.227+0530] {processor.py:186} INFO - Started process (PID=261528) to work on /home/jenny/.local/lib/python3.13/site-packages/airflow/example_dags/example_sensor_decorator.py
[2026-03-01T19:49:33.228+0530] {processor.py:914} INFO - Processing file /home/jenny/.local/lib/python3.13/site-packages/airflow/example_dags/example_sensor_decorator.py for tasks to queue
[2026-03-01T19:49:33.229+0530] {logging_mixin.py:190} INFO - [2026-03-01T19:49:33.229+0530] {dagbag.py:588} INFO - Filling up the DagBag from /home/jenny/.local/lib/python3.13/site-packages/airflow/example_dags/example_sensor_decorator.py
[2026-03-01T19:49:33.235+0530] {processor.py:925} INFO - DAG(s) 'example_sensor_decorator' retrieved from /home/jenny/.local/lib/python3.13/site-packages/airflow/example_dags/example_sensor_decorator.py
[2026-03-01T19:49:33.247+0530] {logging_mixin.py:190} INFO - [2026-03-01T19:49:33.246+0530] {dag.py:3239} INFO - Sync 1 DAGs
[2026-03-01T19:49:33.259+0530] {logging_mixin.py:190} INFO - [2026-03-01T19:49:33.259+0530] {dag.py:4180} INFO - Setting next_dagrun for example_sensor_decorator to None, run_after=None
[2026-03-01T19:49:33.279+0530] {processor.py:208} INFO - Processing /home/jenny/.local/lib/python3.13/site-packages/airflow/example_dags/example_sensor_decorator.py took 0.058 seconds
[2026-03-01T19:50:26.062+0530] {processor.py:186} INFO - Started process (PID=261855) to work on /home/jenny/.local/lib/python3.13/site-packages/airflow/example_dags/example_sensor_decorator.py
[2026-03-01T19:50:26.064+0530] {processor.py:914} INFO - Processing file /home/jenny/.local/lib/python3.13/site-packages/airflow/example_dags/example_sensor_decorator.py for tasks to queue
[2026-03-01T19:50:26.065+0530] {logging_mixin.py:190} INFO - [2026-03-01T19:50:26.064+0530] {dagbag.py:588} INFO - Filling up the DagBag from /home/jenny/.local/lib/python3.13/site-packages/airflow/example_dags/example_sensor_decorator.py
[2026-03-01T19:50:26.072+0530] {processor.py:925} INFO - DAG(s) 'example_sensor_decorator' retrieved from /home/jenny/.local/lib/python3.13/site-packages/airflow/example_dags/example_sensor_decorator.py
[2026-03-01T19:50:26.081+0530] {logging_mixin.py:190} INFO - [2026-03-01T19:50:26.080+0530] {dag.py:3239} INFO - Sync 1 DAGs
[2026-03-01T19:50:26.088+0530] {logging_mixin.py:190} INFO - [2026-03-01T19:50:26.088+0530] {dag.py:4180} INFO - Setting next_dagrun for example_sensor_decorator to None, run_after=None
[2026-03-01T19:50:26.105+0530] {processor.py:208} INFO - Processing /home/jenny/.local/lib/python3.13/site-packages/airflow/example_dags/example_sensor_decorator.py took 0.049 seconds
[2026-03-01T19:51:19.753+0530] {processor.py:186} INFO - Started process (PID=262316) to work on /home/jenny/.local/lib/python3.13/site-packages/airflow/example_dags/example_sensor_decorator.py
[2026-03-01T19:51:19.754+0530] {processor.py:914} INFO - Processing file /home/jenny/.local/lib/python3.13/site-packages/airflow/example_dags/example_sensor_decorator.py for tasks to queue
[2026-03-01T19:51:19.756+0530] {logging_mixin.py:190} INFO - [2026-03-01T19:51:19.755+0530] {dagbag.py:588} INFO - Filling up the DagBag from /home/jenny/.local/lib/python3.13/site-packages/airflow/example_dags/example_sensor_decorator.py
[2026-03-01T19:51:19.763+0530] {processor.py:925} INFO - DAG(s) 'example_sensor_decorator' retrieved from /home/jenny/.local/lib/python3.13/site-packages/airflow/example_dags/example_sensor_decorator.py
[2026-03-01T19:51:19.771+0530] {logging_mixin.py:190} INFO - [2026-03-01T19:51:19.771+0530] {dag.py:3239} INFO - Sync 1 DAGs
[2026-03-01T19:51:19.780+0530] {logging_mixin.py:190} INFO - [2026-03-01T19:51:19.780+0530] {dag.py:4180} INFO - Setting next_dagrun for example_sensor_decorator to None, run_after=None
[2026-03-01T19:51:19.801+0530] {processor.py:208} INFO - Processing /home/jenny/.local/lib/python3.13/site-packages/airflow/example_dags/example_sensor_decorator.py took 0.053 seconds
[2026-03-01T19:52:15.360+0530] {processor.py:186} INFO - Started process (PID=262577) to work on /home/jenny/.local/lib/python3.13/site-packages/airflow/example_dags/example_sensor_decorator.py
[2026-03-01T19:52:15.360+0530] {processor.py:914} INFO - Processing file /home/jenny/.local/lib/python3.13/site-packages/airflow/example_dags/example_sensor_decorator.py for tasks to queue
[2026-03-01T19:52:15.361+0530] {logging_mixin.py:190} INFO - [2026-03-01T19:52:15.361+0530] {dagbag.py:588} INFO - Filling up the DagBag from /home/jenny/.local/lib/python3.13/site-packages/airflow/example_dags/example_sensor_decorator.py
[2026-03-01T19:52:15.368+0530] {processor.py:925} INFO - DAG(s) 'example_sensor_decorator' retrieved from /home/jenny/.local/lib/python3.13/site-packages/airflow/example_dags/example_sensor_decorator.py
[2026-03-01T19:52:15.377+0530] {logging_mixin.py:190} INFO - [2026-03-01T19:52:15.377+0530] {dag.py:3239} INFO - Sync 1 DAGs
[2026-03-01T19:52:15.389+0530] {logging_mixin.py:190} INFO - [2026-03-01T19:52:15.389+0530] {dag.py:4180} INFO - Setting next_dagrun for example_sensor_decorator to None, run_after=None
[2026-03-01T19:52:15.405+0530] {processor.py:208} INFO - Processing /home/jenny/.local/lib/python3.13/site-packages/airflow/example_dags/example_sensor_decorator.py took 0.049 seconds
[2026-03-01T19:53:07.608+0530] {processor.py:186} INFO - Started process (PID=262726) to work on /home/jenny/.local/lib/python3.13/site-packages/airflow/example_dags/example_sensor_decorator.py
[2026-03-01T19:53:07.609+0530] {processor.py:914} INFO - Processing file /home/jenny/.local/lib/python3.13/site-packages/airflow/example_dags/example_sensor_decorator.py for tasks to queue
[2026-03-01T19:53:07.610+0530] {logging_mixin.py:190} INFO - [2026-03-01T19:53:07.610+0530] {dagbag.py:588} INFO - Filling up the DagBag from /home/jenny/.local/lib/python3.13/site-packages/airflow/example_dags/example_sensor_decorator.py
[2026-03-01T19:53:07.617+0530] {processor.py:925} INFO - DAG(s) 'example_sensor_decorator' retrieved from /home/jenny/.local/lib/python3.13/site-packages/airflow/example_dags/example_sensor_decorator.py
[2026-03-01T19:53:07.630+0530] {logging_mixin.py:190} INFO - [2026-03-01T19:53:07.629+0530] {dag.py:3239} INFO - Sync 1 DAGs
[2026-03-01T19:53:07.638+0530] {logging_mixin.py:190} INFO - [2026-03-01T19:53:07.638+0530] {dag.py:4180} INFO - Setting next_dagrun for example_sensor_decorator to None, run_after=None
[2026-03-01T19:53:07.671+0530] {processor.py:208} INFO - Processing /home/jenny/.local/lib/python3.13/site-packages/airflow/example_dags/example_sensor_decorator.py took 0.066 seconds
[2026-03-01T19:54:01.713+0530] {processor.py:186} INFO - Started process (PID=263391) to work on /home/jenny/.local/lib/python3.13/site-packages/airflow/example_dags/example_sensor_decorator.py
[2026-03-01T19:54:01.714+0530] {processor.py:914} INFO - Processing file /home/jenny/.local/lib/python3.13/site-packages/airflow/example_dags/example_sensor_decorator.py for tasks to queue
[2026-03-01T19:54:01.715+0530] {logging_mixin.py:190} INFO - [2026-03-01T19:54:01.715+0530] {dagbag.py:588} INFO - Filling up the DagBag from /home/jenny/.local/lib/python3.13/site-packages/airflow/example_dags/example_sensor_decorator.py
[2026-03-01T19:54:01.722+0530] {processor.py:925} INFO - DAG(s) 'example_sensor_decorator' retrieved from /home/jenny/.local/lib/python3.13/site-packages/airflow/example_dags/example_sensor_decorator.py
[2026-03-01T19:54:01.735+0530] {logging_mixin.py:190} INFO - [2026-03-01T19:54:01.734+0530] {dag.py:3239} INFO - Sync 1 DAGs
[2026-03-01T19:54:01.744+0530] {logging_mixin.py:190} INFO - [2026-03-01T19:54:01.744+0530] {dag.py:4180} INFO - Setting next_dagrun for example_sensor_decorator to None, run_after=None
[2026-03-01T19:54:01.760+0530] {processor.py:208} INFO - Processing /home/jenny/.local/lib/python3.13/site-packages/airflow/example_dags/example_sensor_decorator.py took 0.051 seconds
