[2026-03-01T14:15:19.655+0530] {processor.py:186} INFO - Started process (PID=213169) to work on /home/jenny/.local/lib/python3.13/site-packages/airflow/example_dags/example_inlet_event_extra.py
[2026-03-01T14:15:19.656+0530] {processor.py:914} INFO - Processing file /home/jenny/.local/lib/python3.13/site-packages/airflow/example_dags/example_inlet_event_extra.py for tasks to queue
[2026-03-01T14:15:19.658+0530] {logging_mixin.py:190} INFO - [2026-03-01T14:15:19.658+0530] {dagbag.py:588} INFO - Filling up the DagBag from /home/jenny/.local/lib/python3.13/site-packages/airflow/example_dags/example_inlet_event_extra.py
[2026-03-01T14:15:19.672+0530] {processor.py:925} INFO - DAG(s) 'read_dataset_event_from_classic', 'read_dataset_event' retrieved from /home/jenny/.local/lib/python3.13/site-packages/airflow/example_dags/example_inlet_event_extra.py
[2026-03-01T14:15:19.764+0530] {logging_mixin.py:190} INFO - [2026-03-01T14:15:19.763+0530] {override.py:1932} INFO - Created Permission View: can read on DAG:read_dataset_event_from_classic
[2026-03-01T14:15:19.777+0530] {logging_mixin.py:190} INFO - [2026-03-01T14:15:19.776+0530] {override.py:1932} INFO - Created Permission View: can delete on DAG:read_dataset_event_from_classic
[2026-03-01T14:15:19.787+0530] {logging_mixin.py:190} INFO - [2026-03-01T14:15:19.786+0530] {override.py:1932} INFO - Created Permission View: can edit on DAG:read_dataset_event_from_classic
[2026-03-01T14:15:19.802+0530] {logging_mixin.py:190} INFO - [2026-03-01T14:15:19.802+0530] {override.py:1932} INFO - Created Permission View: can read on DAG Run:read_dataset_event_from_classic
[2026-03-01T14:15:19.811+0530] {logging_mixin.py:190} INFO - [2026-03-01T14:15:19.811+0530] {override.py:1932} INFO - Created Permission View: menu access on DAG Run:read_dataset_event_from_classic
[2026-03-01T14:15:19.821+0530] {logging_mixin.py:190} INFO - [2026-03-01T14:15:19.821+0530] {override.py:1932} INFO - Created Permission View: can create on DAG Run:read_dataset_event_from_classic
[2026-03-01T14:15:19.831+0530] {logging_mixin.py:190} INFO - [2026-03-01T14:15:19.830+0530] {override.py:1932} INFO - Created Permission View: can delete on DAG Run:read_dataset_event_from_classic
[2026-03-01T14:15:19.850+0530] {logging_mixin.py:190} INFO - [2026-03-01T14:15:19.849+0530] {override.py:1932} INFO - Created Permission View: can read on DAG:read_dataset_event
[2026-03-01T14:15:19.860+0530] {logging_mixin.py:190} INFO - [2026-03-01T14:15:19.860+0530] {override.py:1932} INFO - Created Permission View: can delete on DAG:read_dataset_event
[2026-03-01T14:15:19.870+0530] {logging_mixin.py:190} INFO - [2026-03-01T14:15:19.870+0530] {override.py:1932} INFO - Created Permission View: can edit on DAG:read_dataset_event
[2026-03-01T14:15:19.891+0530] {logging_mixin.py:190} INFO - [2026-03-01T14:15:19.890+0530] {override.py:1932} INFO - Created Permission View: can read on DAG Run:read_dataset_event
[2026-03-01T14:15:19.906+0530] {logging_mixin.py:190} INFO - [2026-03-01T14:15:19.905+0530] {override.py:1932} INFO - Created Permission View: menu access on DAG Run:read_dataset_event
[2026-03-01T14:15:19.920+0530] {logging_mixin.py:190} INFO - [2026-03-01T14:15:19.919+0530] {override.py:1932} INFO - Created Permission View: can create on DAG Run:read_dataset_event
[2026-03-01T14:15:19.931+0530] {logging_mixin.py:190} INFO - [2026-03-01T14:15:19.931+0530] {override.py:1932} INFO - Created Permission View: can delete on DAG Run:read_dataset_event
[2026-03-01T14:15:19.931+0530] {logging_mixin.py:190} INFO - [2026-03-01T14:15:19.931+0530] {dag.py:3239} INFO - Sync 2 DAGs
[2026-03-01T14:15:19.940+0530] {logging_mixin.py:190} INFO - [2026-03-01T14:15:19.940+0530] {dag.py:3262} INFO - Creating ORM DAG for read_dataset_event_from_classic
[2026-03-01T14:15:19.941+0530] {logging_mixin.py:190} INFO - [2026-03-01T14:15:19.941+0530] {dag.py:3262} INFO - Creating ORM DAG for read_dataset_event
[2026-03-01T14:15:19.946+0530] {logging_mixin.py:190} INFO - [2026-03-01T14:15:19.946+0530] {dag.py:4180} INFO - Setting next_dagrun for read_dataset_event to 2026-02-28 00:00:00+00:00, run_after=2026-03-01 00:00:00+00:00
[2026-03-01T14:15:19.947+0530] {logging_mixin.py:190} INFO - [2026-03-01T14:15:19.947+0530] {dag.py:4180} INFO - Setting next_dagrun for read_dataset_event_from_classic to 2026-02-28 00:00:00+00:00, run_after=2026-03-01 00:00:00+00:00
[2026-03-01T14:15:19.961+0530] {processor.py:208} INFO - Processing /home/jenny/.local/lib/python3.13/site-packages/airflow/example_dags/example_inlet_event_extra.py took 0.310 seconds
[2026-03-01T14:16:22.686+0530] {processor.py:186} INFO - Started process (PID=213896) to work on /home/jenny/.local/lib/python3.13/site-packages/airflow/example_dags/example_inlet_event_extra.py
[2026-03-01T14:16:22.687+0530] {processor.py:914} INFO - Processing file /home/jenny/.local/lib/python3.13/site-packages/airflow/example_dags/example_inlet_event_extra.py for tasks to queue
[2026-03-01T14:16:22.690+0530] {logging_mixin.py:190} INFO - [2026-03-01T14:16:22.689+0530] {dagbag.py:588} INFO - Filling up the DagBag from /home/jenny/.local/lib/python3.13/site-packages/airflow/example_dags/example_inlet_event_extra.py
[2026-03-01T14:16:22.699+0530] {processor.py:925} INFO - DAG(s) 'read_dataset_event_from_classic', 'read_dataset_event' retrieved from /home/jenny/.local/lib/python3.13/site-packages/airflow/example_dags/example_inlet_event_extra.py
[2026-03-01T14:16:22.709+0530] {logging_mixin.py:190} INFO - [2026-03-01T14:16:22.708+0530] {dag.py:3239} INFO - Sync 2 DAGs
[2026-03-01T14:16:22.721+0530] {logging_mixin.py:190} INFO - [2026-03-01T14:16:22.720+0530] {dag.py:4180} INFO - Setting next_dagrun for read_dataset_event to 2026-02-28 00:00:00+00:00, run_after=2026-03-01 00:00:00+00:00
[2026-03-01T14:16:22.723+0530] {logging_mixin.py:190} INFO - [2026-03-01T14:16:22.723+0530] {dag.py:4180} INFO - Setting next_dagrun for read_dataset_event_from_classic to 2026-02-28 00:00:00+00:00, run_after=2026-03-01 00:00:00+00:00
[2026-03-01T14:16:22.740+0530] {processor.py:208} INFO - Processing /home/jenny/.local/lib/python3.13/site-packages/airflow/example_dags/example_inlet_event_extra.py took 0.058 seconds
[2026-03-01T14:17:18.248+0530] {processor.py:186} INFO - Started process (PID=215117) to work on /home/jenny/.local/lib/python3.13/site-packages/airflow/example_dags/example_inlet_event_extra.py
[2026-03-01T14:17:18.250+0530] {processor.py:914} INFO - Processing file /home/jenny/.local/lib/python3.13/site-packages/airflow/example_dags/example_inlet_event_extra.py for tasks to queue
[2026-03-01T14:17:18.253+0530] {logging_mixin.py:190} INFO - [2026-03-01T14:17:18.252+0530] {dagbag.py:588} INFO - Filling up the DagBag from /home/jenny/.local/lib/python3.13/site-packages/airflow/example_dags/example_inlet_event_extra.py
[2026-03-01T14:17:18.262+0530] {processor.py:925} INFO - DAG(s) 'read_dataset_event', 'read_dataset_event_from_classic' retrieved from /home/jenny/.local/lib/python3.13/site-packages/airflow/example_dags/example_inlet_event_extra.py
[2026-03-01T14:17:18.272+0530] {logging_mixin.py:190} INFO - [2026-03-01T14:17:18.271+0530] {dag.py:3239} INFO - Sync 2 DAGs
[2026-03-01T14:17:18.287+0530] {logging_mixin.py:190} INFO - [2026-03-01T14:17:18.287+0530] {dag.py:4180} INFO - Setting next_dagrun for read_dataset_event to 2026-02-28 00:00:00+00:00, run_after=2026-03-01 00:00:00+00:00
[2026-03-01T14:17:18.290+0530] {logging_mixin.py:190} INFO - [2026-03-01T14:17:18.290+0530] {dag.py:4180} INFO - Setting next_dagrun for read_dataset_event_from_classic to 2026-02-28 00:00:00+00:00, run_after=2026-03-01 00:00:00+00:00
[2026-03-01T14:17:18.305+0530] {processor.py:208} INFO - Processing /home/jenny/.local/lib/python3.13/site-packages/airflow/example_dags/example_inlet_event_extra.py took 0.063 seconds
[2026-03-01T14:18:38.070+0530] {processor.py:186} INFO - Started process (PID=215654) to work on /home/jenny/.local/lib/python3.13/site-packages/airflow/example_dags/example_inlet_event_extra.py
[2026-03-01T14:18:38.072+0530] {processor.py:914} INFO - Processing file /home/jenny/.local/lib/python3.13/site-packages/airflow/example_dags/example_inlet_event_extra.py for tasks to queue
[2026-03-01T14:18:38.074+0530] {logging_mixin.py:190} INFO - [2026-03-01T14:18:38.074+0530] {dagbag.py:588} INFO - Filling up the DagBag from /home/jenny/.local/lib/python3.13/site-packages/airflow/example_dags/example_inlet_event_extra.py
[2026-03-01T14:18:38.084+0530] {processor.py:925} INFO - DAG(s) 'read_dataset_event', 'read_dataset_event_from_classic' retrieved from /home/jenny/.local/lib/python3.13/site-packages/airflow/example_dags/example_inlet_event_extra.py
[2026-03-01T14:18:38.161+0530] {logging_mixin.py:190} INFO - [2026-03-01T14:18:38.161+0530] {dag.py:3239} INFO - Sync 2 DAGs
[2026-03-01T14:18:38.174+0530] {logging_mixin.py:190} INFO - [2026-03-01T14:18:38.174+0530] {dag.py:4180} INFO - Setting next_dagrun for read_dataset_event to 2026-02-28 00:00:00+00:00, run_after=2026-03-01 00:00:00+00:00
[2026-03-01T14:18:38.177+0530] {logging_mixin.py:190} INFO - [2026-03-01T14:18:38.177+0530] {dag.py:4180} INFO - Setting next_dagrun for read_dataset_event_from_classic to 2026-02-28 00:00:00+00:00, run_after=2026-03-01 00:00:00+00:00
[2026-03-01T14:18:38.193+0530] {processor.py:208} INFO - Processing /home/jenny/.local/lib/python3.13/site-packages/airflow/example_dags/example_inlet_event_extra.py took 0.128 seconds
[2026-03-01T14:19:35.084+0530] {processor.py:186} INFO - Started process (PID=216473) to work on /home/jenny/.local/lib/python3.13/site-packages/airflow/example_dags/example_inlet_event_extra.py
[2026-03-01T14:19:35.086+0530] {processor.py:914} INFO - Processing file /home/jenny/.local/lib/python3.13/site-packages/airflow/example_dags/example_inlet_event_extra.py for tasks to queue
[2026-03-01T14:19:35.088+0530] {logging_mixin.py:190} INFO - [2026-03-01T14:19:35.088+0530] {dagbag.py:588} INFO - Filling up the DagBag from /home/jenny/.local/lib/python3.13/site-packages/airflow/example_dags/example_inlet_event_extra.py
[2026-03-01T14:19:35.097+0530] {processor.py:925} INFO - DAG(s) 'read_dataset_event_from_classic', 'read_dataset_event' retrieved from /home/jenny/.local/lib/python3.13/site-packages/airflow/example_dags/example_inlet_event_extra.py
[2026-03-01T14:19:35.107+0530] {logging_mixin.py:190} INFO - [2026-03-01T14:19:35.107+0530] {dag.py:3239} INFO - Sync 2 DAGs
[2026-03-01T14:19:35.120+0530] {logging_mixin.py:190} INFO - [2026-03-01T14:19:35.120+0530] {dag.py:4180} INFO - Setting next_dagrun for read_dataset_event to 2026-02-28 00:00:00+00:00, run_after=2026-03-01 00:00:00+00:00
[2026-03-01T14:19:35.123+0530] {logging_mixin.py:190} INFO - [2026-03-01T14:19:35.122+0530] {dag.py:4180} INFO - Setting next_dagrun for read_dataset_event_from_classic to 2026-02-28 00:00:00+00:00, run_after=2026-03-01 00:00:00+00:00
[2026-03-01T14:19:35.141+0530] {processor.py:208} INFO - Processing /home/jenny/.local/lib/python3.13/site-packages/airflow/example_dags/example_inlet_event_extra.py took 0.061 seconds
[2026-03-01T14:20:38.045+0530] {processor.py:186} INFO - Started process (PID=216731) to work on /home/jenny/.local/lib/python3.13/site-packages/airflow/example_dags/example_inlet_event_extra.py
[2026-03-01T14:20:38.046+0530] {processor.py:914} INFO - Processing file /home/jenny/.local/lib/python3.13/site-packages/airflow/example_dags/example_inlet_event_extra.py for tasks to queue
[2026-03-01T14:20:38.047+0530] {logging_mixin.py:190} INFO - [2026-03-01T14:20:38.047+0530] {dagbag.py:588} INFO - Filling up the DagBag from /home/jenny/.local/lib/python3.13/site-packages/airflow/example_dags/example_inlet_event_extra.py
[2026-03-01T14:20:38.056+0530] {processor.py:925} INFO - DAG(s) 'read_dataset_event', 'read_dataset_event_from_classic' retrieved from /home/jenny/.local/lib/python3.13/site-packages/airflow/example_dags/example_inlet_event_extra.py
[2026-03-01T14:20:38.066+0530] {logging_mixin.py:190} INFO - [2026-03-01T14:20:38.066+0530] {dag.py:3239} INFO - Sync 2 DAGs
[2026-03-01T14:20:38.084+0530] {logging_mixin.py:190} INFO - [2026-03-01T14:20:38.083+0530] {dag.py:4180} INFO - Setting next_dagrun for read_dataset_event to 2026-02-28 00:00:00+00:00, run_after=2026-03-01 00:00:00+00:00
[2026-03-01T14:20:38.087+0530] {logging_mixin.py:190} INFO - [2026-03-01T14:20:38.087+0530] {dag.py:4180} INFO - Setting next_dagrun for read_dataset_event_from_classic to 2026-02-28 00:00:00+00:00, run_after=2026-03-01 00:00:00+00:00
[2026-03-01T14:20:38.107+0530] {processor.py:208} INFO - Processing /home/jenny/.local/lib/python3.13/site-packages/airflow/example_dags/example_inlet_event_extra.py took 0.066 seconds
[2026-03-01T14:21:34.883+0530] {processor.py:186} INFO - Started process (PID=216900) to work on /home/jenny/.local/lib/python3.13/site-packages/airflow/example_dags/example_inlet_event_extra.py
[2026-03-01T14:21:34.884+0530] {processor.py:914} INFO - Processing file /home/jenny/.local/lib/python3.13/site-packages/airflow/example_dags/example_inlet_event_extra.py for tasks to queue
[2026-03-01T14:21:34.887+0530] {logging_mixin.py:190} INFO - [2026-03-01T14:21:34.886+0530] {dagbag.py:588} INFO - Filling up the DagBag from /home/jenny/.local/lib/python3.13/site-packages/airflow/example_dags/example_inlet_event_extra.py
[2026-03-01T14:21:34.896+0530] {processor.py:925} INFO - DAG(s) 'read_dataset_event', 'read_dataset_event_from_classic' retrieved from /home/jenny/.local/lib/python3.13/site-packages/airflow/example_dags/example_inlet_event_extra.py
[2026-03-01T14:21:34.909+0530] {logging_mixin.py:190} INFO - [2026-03-01T14:21:34.909+0530] {dag.py:3239} INFO - Sync 2 DAGs
[2026-03-01T14:21:34.927+0530] {logging_mixin.py:190} INFO - [2026-03-01T14:21:34.927+0530] {dag.py:4180} INFO - Setting next_dagrun for read_dataset_event to 2026-02-28 00:00:00+00:00, run_after=2026-03-01 00:00:00+00:00
[2026-03-01T14:21:34.932+0530] {logging_mixin.py:190} INFO - [2026-03-01T14:21:34.932+0530] {dag.py:4180} INFO - Setting next_dagrun for read_dataset_event_from_classic to 2026-02-28 00:00:00+00:00, run_after=2026-03-01 00:00:00+00:00
[2026-03-01T14:21:34.951+0530] {processor.py:208} INFO - Processing /home/jenny/.local/lib/python3.13/site-packages/airflow/example_dags/example_inlet_event_extra.py took 0.072 seconds
[2026-03-01T14:22:30.693+0530] {processor.py:186} INFO - Started process (PID=218215) to work on /home/jenny/.local/lib/python3.13/site-packages/airflow/example_dags/example_inlet_event_extra.py
[2026-03-01T14:22:30.694+0530] {processor.py:914} INFO - Processing file /home/jenny/.local/lib/python3.13/site-packages/airflow/example_dags/example_inlet_event_extra.py for tasks to queue
[2026-03-01T14:22:30.697+0530] {logging_mixin.py:190} INFO - [2026-03-01T14:22:30.696+0530] {dagbag.py:588} INFO - Filling up the DagBag from /home/jenny/.local/lib/python3.13/site-packages/airflow/example_dags/example_inlet_event_extra.py
[2026-03-01T14:22:30.707+0530] {processor.py:925} INFO - DAG(s) 'read_dataset_event_from_classic', 'read_dataset_event' retrieved from /home/jenny/.local/lib/python3.13/site-packages/airflow/example_dags/example_inlet_event_extra.py
[2026-03-01T14:22:30.716+0530] {logging_mixin.py:190} INFO - [2026-03-01T14:22:30.716+0530] {dag.py:3239} INFO - Sync 2 DAGs
[2026-03-01T14:22:30.729+0530] {logging_mixin.py:190} INFO - [2026-03-01T14:22:30.729+0530] {dag.py:4180} INFO - Setting next_dagrun for read_dataset_event to 2026-02-28 00:00:00+00:00, run_after=2026-03-01 00:00:00+00:00
[2026-03-01T14:22:30.732+0530] {logging_mixin.py:190} INFO - [2026-03-01T14:22:30.732+0530] {dag.py:4180} INFO - Setting next_dagrun for read_dataset_event_from_classic to 2026-02-28 00:00:00+00:00, run_after=2026-03-01 00:00:00+00:00
[2026-03-01T14:22:30.751+0530] {processor.py:208} INFO - Processing /home/jenny/.local/lib/python3.13/site-packages/airflow/example_dags/example_inlet_event_extra.py took 0.063 seconds
[2026-03-01T14:23:27.127+0530] {processor.py:186} INFO - Started process (PID=219694) to work on /home/jenny/.local/lib/python3.13/site-packages/airflow/example_dags/example_inlet_event_extra.py
[2026-03-01T14:23:27.128+0530] {processor.py:914} INFO - Processing file /home/jenny/.local/lib/python3.13/site-packages/airflow/example_dags/example_inlet_event_extra.py for tasks to queue
[2026-03-01T14:23:27.130+0530] {logging_mixin.py:190} INFO - [2026-03-01T14:23:27.130+0530] {dagbag.py:588} INFO - Filling up the DagBag from /home/jenny/.local/lib/python3.13/site-packages/airflow/example_dags/example_inlet_event_extra.py
[2026-03-01T14:23:27.138+0530] {processor.py:925} INFO - DAG(s) 'read_dataset_event_from_classic', 'read_dataset_event' retrieved from /home/jenny/.local/lib/python3.13/site-packages/airflow/example_dags/example_inlet_event_extra.py
[2026-03-01T14:23:27.148+0530] {logging_mixin.py:190} INFO - [2026-03-01T14:23:27.148+0530] {dag.py:3239} INFO - Sync 2 DAGs
[2026-03-01T14:23:27.160+0530] {logging_mixin.py:190} INFO - [2026-03-01T14:23:27.160+0530] {dag.py:4180} INFO - Setting next_dagrun for read_dataset_event to 2026-02-28 00:00:00+00:00, run_after=2026-03-01 00:00:00+00:00
[2026-03-01T14:23:27.163+0530] {logging_mixin.py:190} INFO - [2026-03-01T14:23:27.163+0530] {dag.py:4180} INFO - Setting next_dagrun for read_dataset_event_from_classic to 2026-02-28 00:00:00+00:00, run_after=2026-03-01 00:00:00+00:00
[2026-03-01T14:23:27.193+0530] {processor.py:208} INFO - Processing /home/jenny/.local/lib/python3.13/site-packages/airflow/example_dags/example_inlet_event_extra.py took 0.070 seconds
[2026-03-01T14:24:26.304+0530] {processor.py:186} INFO - Started process (PID=220296) to work on /home/jenny/.local/lib/python3.13/site-packages/airflow/example_dags/example_inlet_event_extra.py
[2026-03-01T14:24:26.305+0530] {processor.py:914} INFO - Processing file /home/jenny/.local/lib/python3.13/site-packages/airflow/example_dags/example_inlet_event_extra.py for tasks to queue
[2026-03-01T14:24:26.306+0530] {logging_mixin.py:190} INFO - [2026-03-01T14:24:26.306+0530] {dagbag.py:588} INFO - Filling up the DagBag from /home/jenny/.local/lib/python3.13/site-packages/airflow/example_dags/example_inlet_event_extra.py
[2026-03-01T14:24:26.314+0530] {processor.py:925} INFO - DAG(s) 'read_dataset_event_from_classic', 'read_dataset_event' retrieved from /home/jenny/.local/lib/python3.13/site-packages/airflow/example_dags/example_inlet_event_extra.py
[2026-03-01T14:24:26.328+0530] {logging_mixin.py:190} INFO - [2026-03-01T14:24:26.327+0530] {dag.py:3239} INFO - Sync 2 DAGs
[2026-03-01T14:24:26.343+0530] {logging_mixin.py:190} INFO - [2026-03-01T14:24:26.342+0530] {dag.py:4180} INFO - Setting next_dagrun for read_dataset_event to 2026-02-28 00:00:00+00:00, run_after=2026-03-01 00:00:00+00:00
[2026-03-01T14:24:26.348+0530] {logging_mixin.py:190} INFO - [2026-03-01T14:24:26.348+0530] {dag.py:4180} INFO - Setting next_dagrun for read_dataset_event_from_classic to 2026-02-28 00:00:00+00:00, run_after=2026-03-01 00:00:00+00:00
[2026-03-01T14:24:26.363+0530] {processor.py:208} INFO - Processing /home/jenny/.local/lib/python3.13/site-packages/airflow/example_dags/example_inlet_event_extra.py took 0.063 seconds
[2026-03-01T14:25:46.553+0530] {processor.py:186} INFO - Started process (PID=225432) to work on /home/jenny/.local/lib/python3.13/site-packages/airflow/example_dags/example_inlet_event_extra.py
[2026-03-01T14:25:46.555+0530] {processor.py:914} INFO - Processing file /home/jenny/.local/lib/python3.13/site-packages/airflow/example_dags/example_inlet_event_extra.py for tasks to queue
[2026-03-01T14:25:46.557+0530] {logging_mixin.py:190} INFO - [2026-03-01T14:25:46.557+0530] {dagbag.py:588} INFO - Filling up the DagBag from /home/jenny/.local/lib/python3.13/site-packages/airflow/example_dags/example_inlet_event_extra.py
[2026-03-01T14:25:46.567+0530] {processor.py:925} INFO - DAG(s) 'read_dataset_event', 'read_dataset_event_from_classic' retrieved from /home/jenny/.local/lib/python3.13/site-packages/airflow/example_dags/example_inlet_event_extra.py
[2026-03-01T14:25:46.576+0530] {logging_mixin.py:190} INFO - [2026-03-01T14:25:46.576+0530] {dag.py:3239} INFO - Sync 2 DAGs
[2026-03-01T14:25:46.594+0530] {logging_mixin.py:190} INFO - [2026-03-01T14:25:46.594+0530] {dag.py:4180} INFO - Setting next_dagrun for read_dataset_event to 2026-02-28 00:00:00+00:00, run_after=2026-03-01 00:00:00+00:00
[2026-03-01T14:25:46.599+0530] {logging_mixin.py:190} INFO - [2026-03-01T14:25:46.598+0530] {dag.py:4180} INFO - Setting next_dagrun for read_dataset_event_from_classic to 2026-02-28 00:00:00+00:00, run_after=2026-03-01 00:00:00+00:00
[2026-03-01T14:25:46.616+0530] {processor.py:208} INFO - Processing /home/jenny/.local/lib/python3.13/site-packages/airflow/example_dags/example_inlet_event_extra.py took 0.068 seconds
[2026-03-01T14:26:43.438+0530] {processor.py:186} INFO - Started process (PID=226089) to work on /home/jenny/.local/lib/python3.13/site-packages/airflow/example_dags/example_inlet_event_extra.py
[2026-03-01T14:26:43.439+0530] {processor.py:914} INFO - Processing file /home/jenny/.local/lib/python3.13/site-packages/airflow/example_dags/example_inlet_event_extra.py for tasks to queue
[2026-03-01T14:26:43.442+0530] {logging_mixin.py:190} INFO - [2026-03-01T14:26:43.441+0530] {dagbag.py:588} INFO - Filling up the DagBag from /home/jenny/.local/lib/python3.13/site-packages/airflow/example_dags/example_inlet_event_extra.py
[2026-03-01T14:26:43.451+0530] {processor.py:925} INFO - DAG(s) 'read_dataset_event_from_classic', 'read_dataset_event' retrieved from /home/jenny/.local/lib/python3.13/site-packages/airflow/example_dags/example_inlet_event_extra.py
[2026-03-01T14:26:43.462+0530] {logging_mixin.py:190} INFO - [2026-03-01T14:26:43.462+0530] {dag.py:3239} INFO - Sync 2 DAGs
[2026-03-01T14:26:43.476+0530] {logging_mixin.py:190} INFO - [2026-03-01T14:26:43.476+0530] {dag.py:4180} INFO - Setting next_dagrun for read_dataset_event to 2026-02-28 00:00:00+00:00, run_after=2026-03-01 00:00:00+00:00
[2026-03-01T14:26:43.479+0530] {logging_mixin.py:190} INFO - [2026-03-01T14:26:43.478+0530] {dag.py:4180} INFO - Setting next_dagrun for read_dataset_event_from_classic to 2026-02-28 00:00:00+00:00, run_after=2026-03-01 00:00:00+00:00
[2026-03-01T14:26:43.493+0530] {processor.py:208} INFO - Processing /home/jenny/.local/lib/python3.13/site-packages/airflow/example_dags/example_inlet_event_extra.py took 0.058 seconds
