[2026-03-01T14:15:18.509+0530] {processor.py:186} INFO - Started process (PID=213167) to work on /home/jenny/.local/lib/python3.13/site-packages/airflow/example_dags/example_kubernetes_executor.py
[2026-03-01T14:15:18.509+0530] {processor.py:914} INFO - Processing file /home/jenny/.local/lib/python3.13/site-packages/airflow/example_dags/example_kubernetes_executor.py for tasks to queue
[2026-03-01T14:15:18.511+0530] {logging_mixin.py:190} INFO - [2026-03-01T14:15:18.511+0530] {dagbag.py:588} INFO - Filling up the DagBag from /home/jenny/.local/lib/python3.13/site-packages/airflow/example_dags/example_kubernetes_executor.py
[2026-03-01T14:15:18.513+0530] {logging_mixin.py:190} INFO - [2026-03-01T14:15:18.513+0530] {example_kubernetes_executor.py:39} WARNING - The example_kubernetes_executor example DAG requires the kubernetes provider. Please install it with: pip install apache-airflow[cncf.kubernetes]
[2026-03-01T14:15:18.513+0530] {processor.py:927} WARNING - No viable dags retrieved from /home/jenny/.local/lib/python3.13/site-packages/airflow/example_dags/example_kubernetes_executor.py
[2026-03-01T14:15:18.519+0530] {processor.py:208} INFO - Processing /home/jenny/.local/lib/python3.13/site-packages/airflow/example_dags/example_kubernetes_executor.py took 0.013 seconds
[2026-03-01T14:16:21.537+0530] {processor.py:186} INFO - Started process (PID=213895) to work on /home/jenny/.local/lib/python3.13/site-packages/airflow/example_dags/example_kubernetes_executor.py
[2026-03-01T14:16:21.537+0530] {processor.py:914} INFO - Processing file /home/jenny/.local/lib/python3.13/site-packages/airflow/example_dags/example_kubernetes_executor.py for tasks to queue
[2026-03-01T14:16:21.539+0530] {logging_mixin.py:190} INFO - [2026-03-01T14:16:21.539+0530] {dagbag.py:588} INFO - Filling up the DagBag from /home/jenny/.local/lib/python3.13/site-packages/airflow/example_dags/example_kubernetes_executor.py
[2026-03-01T14:16:21.541+0530] {logging_mixin.py:190} INFO - [2026-03-01T14:16:21.541+0530] {example_kubernetes_executor.py:39} WARNING - The example_kubernetes_executor example DAG requires the kubernetes provider. Please install it with: pip install apache-airflow[cncf.kubernetes]
[2026-03-01T14:16:21.542+0530] {processor.py:927} WARNING - No viable dags retrieved from /home/jenny/.local/lib/python3.13/site-packages/airflow/example_dags/example_kubernetes_executor.py
[2026-03-01T14:16:21.549+0530] {processor.py:208} INFO - Processing /home/jenny/.local/lib/python3.13/site-packages/airflow/example_dags/example_kubernetes_executor.py took 0.016 seconds
[2026-03-01T14:17:17.098+0530] {processor.py:186} INFO - Started process (PID=215115) to work on /home/jenny/.local/lib/python3.13/site-packages/airflow/example_dags/example_kubernetes_executor.py
[2026-03-01T14:17:17.099+0530] {processor.py:914} INFO - Processing file /home/jenny/.local/lib/python3.13/site-packages/airflow/example_dags/example_kubernetes_executor.py for tasks to queue
[2026-03-01T14:17:17.102+0530] {logging_mixin.py:190} INFO - [2026-03-01T14:17:17.102+0530] {dagbag.py:588} INFO - Filling up the DagBag from /home/jenny/.local/lib/python3.13/site-packages/airflow/example_dags/example_kubernetes_executor.py
[2026-03-01T14:17:17.105+0530] {logging_mixin.py:190} INFO - [2026-03-01T14:17:17.105+0530] {example_kubernetes_executor.py:39} WARNING - The example_kubernetes_executor example DAG requires the kubernetes provider. Please install it with: pip install apache-airflow[cncf.kubernetes]
[2026-03-01T14:17:17.105+0530] {processor.py:927} WARNING - No viable dags retrieved from /home/jenny/.local/lib/python3.13/site-packages/airflow/example_dags/example_kubernetes_executor.py
[2026-03-01T14:17:17.115+0530] {processor.py:208} INFO - Processing /home/jenny/.local/lib/python3.13/site-packages/airflow/example_dags/example_kubernetes_executor.py took 0.025 seconds
[2026-03-01T14:18:36.919+0530] {processor.py:186} INFO - Started process (PID=215652) to work on /home/jenny/.local/lib/python3.13/site-packages/airflow/example_dags/example_kubernetes_executor.py
[2026-03-01T14:18:36.920+0530] {processor.py:914} INFO - Processing file /home/jenny/.local/lib/python3.13/site-packages/airflow/example_dags/example_kubernetes_executor.py for tasks to queue
[2026-03-01T14:18:36.922+0530] {logging_mixin.py:190} INFO - [2026-03-01T14:18:36.922+0530] {dagbag.py:588} INFO - Filling up the DagBag from /home/jenny/.local/lib/python3.13/site-packages/airflow/example_dags/example_kubernetes_executor.py
[2026-03-01T14:18:36.925+0530] {logging_mixin.py:190} INFO - [2026-03-01T14:18:36.924+0530] {example_kubernetes_executor.py:39} WARNING - The example_kubernetes_executor example DAG requires the kubernetes provider. Please install it with: pip install apache-airflow[cncf.kubernetes]
[2026-03-01T14:18:36.925+0530] {processor.py:927} WARNING - No viable dags retrieved from /home/jenny/.local/lib/python3.13/site-packages/airflow/example_dags/example_kubernetes_executor.py
[2026-03-01T14:18:36.932+0530] {processor.py:208} INFO - Processing /home/jenny/.local/lib/python3.13/site-packages/airflow/example_dags/example_kubernetes_executor.py took 0.017 seconds
[2026-03-01T14:19:33.918+0530] {processor.py:186} INFO - Started process (PID=216472) to work on /home/jenny/.local/lib/python3.13/site-packages/airflow/example_dags/example_kubernetes_executor.py
[2026-03-01T14:19:33.919+0530] {processor.py:914} INFO - Processing file /home/jenny/.local/lib/python3.13/site-packages/airflow/example_dags/example_kubernetes_executor.py for tasks to queue
[2026-03-01T14:19:33.921+0530] {logging_mixin.py:190} INFO - [2026-03-01T14:19:33.920+0530] {dagbag.py:588} INFO - Filling up the DagBag from /home/jenny/.local/lib/python3.13/site-packages/airflow/example_dags/example_kubernetes_executor.py
[2026-03-01T14:19:33.923+0530] {logging_mixin.py:190} INFO - [2026-03-01T14:19:33.923+0530] {example_kubernetes_executor.py:39} WARNING - The example_kubernetes_executor example DAG requires the kubernetes provider. Please install it with: pip install apache-airflow[cncf.kubernetes]
[2026-03-01T14:19:33.923+0530] {processor.py:927} WARNING - No viable dags retrieved from /home/jenny/.local/lib/python3.13/site-packages/airflow/example_dags/example_kubernetes_executor.py
[2026-03-01T14:19:33.929+0530] {processor.py:208} INFO - Processing /home/jenny/.local/lib/python3.13/site-packages/airflow/example_dags/example_kubernetes_executor.py took 0.015 seconds
[2026-03-01T14:20:37.800+0530] {processor.py:186} INFO - Started process (PID=216730) to work on /home/jenny/.local/lib/python3.13/site-packages/airflow/example_dags/example_kubernetes_executor.py
[2026-03-01T14:20:37.801+0530] {processor.py:914} INFO - Processing file /home/jenny/.local/lib/python3.13/site-packages/airflow/example_dags/example_kubernetes_executor.py for tasks to queue
[2026-03-01T14:20:37.804+0530] {logging_mixin.py:190} INFO - [2026-03-01T14:20:37.804+0530] {dagbag.py:588} INFO - Filling up the DagBag from /home/jenny/.local/lib/python3.13/site-packages/airflow/example_dags/example_kubernetes_executor.py
[2026-03-01T14:20:37.807+0530] {logging_mixin.py:190} INFO - [2026-03-01T14:20:37.807+0530] {example_kubernetes_executor.py:39} WARNING - The example_kubernetes_executor example DAG requires the kubernetes provider. Please install it with: pip install apache-airflow[cncf.kubernetes]
[2026-03-01T14:20:37.807+0530] {processor.py:927} WARNING - No viable dags retrieved from /home/jenny/.local/lib/python3.13/site-packages/airflow/example_dags/example_kubernetes_executor.py
[2026-03-01T14:20:37.813+0530] {processor.py:208} INFO - Processing /home/jenny/.local/lib/python3.13/site-packages/airflow/example_dags/example_kubernetes_executor.py took 0.017 seconds
[2026-03-01T14:21:33.720+0530] {processor.py:186} INFO - Started process (PID=216899) to work on /home/jenny/.local/lib/python3.13/site-packages/airflow/example_dags/example_kubernetes_executor.py
[2026-03-01T14:21:33.721+0530] {processor.py:914} INFO - Processing file /home/jenny/.local/lib/python3.13/site-packages/airflow/example_dags/example_kubernetes_executor.py for tasks to queue
[2026-03-01T14:21:33.723+0530] {logging_mixin.py:190} INFO - [2026-03-01T14:21:33.723+0530] {dagbag.py:588} INFO - Filling up the DagBag from /home/jenny/.local/lib/python3.13/site-packages/airflow/example_dags/example_kubernetes_executor.py
[2026-03-01T14:21:33.725+0530] {logging_mixin.py:190} INFO - [2026-03-01T14:21:33.725+0530] {example_kubernetes_executor.py:39} WARNING - The example_kubernetes_executor example DAG requires the kubernetes provider. Please install it with: pip install apache-airflow[cncf.kubernetes]
[2026-03-01T14:21:33.726+0530] {processor.py:927} WARNING - No viable dags retrieved from /home/jenny/.local/lib/python3.13/site-packages/airflow/example_dags/example_kubernetes_executor.py
[2026-03-01T14:21:33.732+0530] {processor.py:208} INFO - Processing /home/jenny/.local/lib/python3.13/site-packages/airflow/example_dags/example_kubernetes_executor.py took 0.015 seconds
[2026-03-01T14:22:29.536+0530] {processor.py:186} INFO - Started process (PID=218133) to work on /home/jenny/.local/lib/python3.13/site-packages/airflow/example_dags/example_kubernetes_executor.py
[2026-03-01T14:22:29.537+0530] {processor.py:914} INFO - Processing file /home/jenny/.local/lib/python3.13/site-packages/airflow/example_dags/example_kubernetes_executor.py for tasks to queue
[2026-03-01T14:22:29.538+0530] {logging_mixin.py:190} INFO - [2026-03-01T14:22:29.538+0530] {dagbag.py:588} INFO - Filling up the DagBag from /home/jenny/.local/lib/python3.13/site-packages/airflow/example_dags/example_kubernetes_executor.py
[2026-03-01T14:22:29.540+0530] {logging_mixin.py:190} INFO - [2026-03-01T14:22:29.540+0530] {example_kubernetes_executor.py:39} WARNING - The example_kubernetes_executor example DAG requires the kubernetes provider. Please install it with: pip install apache-airflow[cncf.kubernetes]
[2026-03-01T14:22:29.540+0530] {processor.py:927} WARNING - No viable dags retrieved from /home/jenny/.local/lib/python3.13/site-packages/airflow/example_dags/example_kubernetes_executor.py
[2026-03-01T14:22:29.545+0530] {processor.py:208} INFO - Processing /home/jenny/.local/lib/python3.13/site-packages/airflow/example_dags/example_kubernetes_executor.py took 0.013 seconds
[2026-03-01T14:23:25.966+0530] {processor.py:186} INFO - Started process (PID=219675) to work on /home/jenny/.local/lib/python3.13/site-packages/airflow/example_dags/example_kubernetes_executor.py
[2026-03-01T14:23:25.967+0530] {processor.py:914} INFO - Processing file /home/jenny/.local/lib/python3.13/site-packages/airflow/example_dags/example_kubernetes_executor.py for tasks to queue
[2026-03-01T14:23:25.969+0530] {logging_mixin.py:190} INFO - [2026-03-01T14:23:25.968+0530] {dagbag.py:588} INFO - Filling up the DagBag from /home/jenny/.local/lib/python3.13/site-packages/airflow/example_dags/example_kubernetes_executor.py
[2026-03-01T14:23:25.971+0530] {logging_mixin.py:190} INFO - [2026-03-01T14:23:25.971+0530] {example_kubernetes_executor.py:39} WARNING - The example_kubernetes_executor example DAG requires the kubernetes provider. Please install it with: pip install apache-airflow[cncf.kubernetes]
[2026-03-01T14:23:25.972+0530] {processor.py:927} WARNING - No viable dags retrieved from /home/jenny/.local/lib/python3.13/site-packages/airflow/example_dags/example_kubernetes_executor.py
[2026-03-01T14:23:25.978+0530] {processor.py:208} INFO - Processing /home/jenny/.local/lib/python3.13/site-packages/airflow/example_dags/example_kubernetes_executor.py took 0.015 seconds
[2026-03-01T14:24:25.987+0530] {processor.py:186} INFO - Started process (PID=220295) to work on /home/jenny/.local/lib/python3.13/site-packages/airflow/example_dags/example_kubernetes_executor.py
[2026-03-01T14:24:25.988+0530] {processor.py:914} INFO - Processing file /home/jenny/.local/lib/python3.13/site-packages/airflow/example_dags/example_kubernetes_executor.py for tasks to queue
[2026-03-01T14:24:25.991+0530] {logging_mixin.py:190} INFO - [2026-03-01T14:24:25.990+0530] {dagbag.py:588} INFO - Filling up the DagBag from /home/jenny/.local/lib/python3.13/site-packages/airflow/example_dags/example_kubernetes_executor.py
[2026-03-01T14:24:25.994+0530] {logging_mixin.py:190} INFO - [2026-03-01T14:24:25.994+0530] {example_kubernetes_executor.py:39} WARNING - The example_kubernetes_executor example DAG requires the kubernetes provider. Please install it with: pip install apache-airflow[cncf.kubernetes]
[2026-03-01T14:24:25.994+0530] {processor.py:927} WARNING - No viable dags retrieved from /home/jenny/.local/lib/python3.13/site-packages/airflow/example_dags/example_kubernetes_executor.py
[2026-03-01T14:24:26.001+0530] {processor.py:208} INFO - Processing /home/jenny/.local/lib/python3.13/site-packages/airflow/example_dags/example_kubernetes_executor.py took 0.017 seconds
[2026-03-01T14:25:46.367+0530] {processor.py:186} INFO - Started process (PID=225431) to work on /home/jenny/.local/lib/python3.13/site-packages/airflow/example_dags/example_kubernetes_executor.py
[2026-03-01T14:25:46.368+0530] {processor.py:914} INFO - Processing file /home/jenny/.local/lib/python3.13/site-packages/airflow/example_dags/example_kubernetes_executor.py for tasks to queue
[2026-03-01T14:25:46.370+0530] {logging_mixin.py:190} INFO - [2026-03-01T14:25:46.370+0530] {dagbag.py:588} INFO - Filling up the DagBag from /home/jenny/.local/lib/python3.13/site-packages/airflow/example_dags/example_kubernetes_executor.py
[2026-03-01T14:25:46.373+0530] {logging_mixin.py:190} INFO - [2026-03-01T14:25:46.373+0530] {example_kubernetes_executor.py:39} WARNING - The example_kubernetes_executor example DAG requires the kubernetes provider. Please install it with: pip install apache-airflow[cncf.kubernetes]
[2026-03-01T14:25:46.373+0530] {processor.py:927} WARNING - No viable dags retrieved from /home/jenny/.local/lib/python3.13/site-packages/airflow/example_dags/example_kubernetes_executor.py
[2026-03-01T14:25:46.379+0530] {processor.py:208} INFO - Processing /home/jenny/.local/lib/python3.13/site-packages/airflow/example_dags/example_kubernetes_executor.py took 0.015 seconds
[2026-03-01T14:26:42.323+0530] {processor.py:186} INFO - Started process (PID=226088) to work on /home/jenny/.local/lib/python3.13/site-packages/airflow/example_dags/example_kubernetes_executor.py
[2026-03-01T14:26:42.324+0530] {processor.py:914} INFO - Processing file /home/jenny/.local/lib/python3.13/site-packages/airflow/example_dags/example_kubernetes_executor.py for tasks to queue
[2026-03-01T14:26:42.327+0530] {logging_mixin.py:190} INFO - [2026-03-01T14:26:42.327+0530] {dagbag.py:588} INFO - Filling up the DagBag from /home/jenny/.local/lib/python3.13/site-packages/airflow/example_dags/example_kubernetes_executor.py
[2026-03-01T14:26:42.330+0530] {logging_mixin.py:190} INFO - [2026-03-01T14:26:42.330+0530] {example_kubernetes_executor.py:39} WARNING - The example_kubernetes_executor example DAG requires the kubernetes provider. Please install it with: pip install apache-airflow[cncf.kubernetes]
[2026-03-01T14:26:42.330+0530] {processor.py:927} WARNING - No viable dags retrieved from /home/jenny/.local/lib/python3.13/site-packages/airflow/example_dags/example_kubernetes_executor.py
[2026-03-01T14:26:42.337+0530] {processor.py:208} INFO - Processing /home/jenny/.local/lib/python3.13/site-packages/airflow/example_dags/example_kubernetes_executor.py took 0.018 seconds
[2026-03-01T14:28:08.459+0530] {processor.py:186} INFO - Started process (PID=228043) to work on /home/jenny/.local/lib/python3.13/site-packages/airflow/example_dags/example_kubernetes_executor.py
[2026-03-01T14:28:08.460+0530] {processor.py:914} INFO - Processing file /home/jenny/.local/lib/python3.13/site-packages/airflow/example_dags/example_kubernetes_executor.py for tasks to queue
[2026-03-01T14:28:08.462+0530] {logging_mixin.py:190} INFO - [2026-03-01T14:28:08.461+0530] {dagbag.py:588} INFO - Filling up the DagBag from /home/jenny/.local/lib/python3.13/site-packages/airflow/example_dags/example_kubernetes_executor.py
[2026-03-01T14:28:08.464+0530] {logging_mixin.py:190} INFO - [2026-03-01T14:28:08.464+0530] {example_kubernetes_executor.py:39} WARNING - The example_kubernetes_executor example DAG requires the kubernetes provider. Please install it with: pip install apache-airflow[cncf.kubernetes]
[2026-03-01T14:28:08.464+0530] {processor.py:927} WARNING - No viable dags retrieved from /home/jenny/.local/lib/python3.13/site-packages/airflow/example_dags/example_kubernetes_executor.py
[2026-03-01T14:28:08.471+0530] {processor.py:208} INFO - Processing /home/jenny/.local/lib/python3.13/site-packages/airflow/example_dags/example_kubernetes_executor.py took 0.016 seconds
[2026-03-01T14:30:09.048+0530] {processor.py:186} INFO - Started process (PID=230088) to work on /home/jenny/.local/lib/python3.13/site-packages/airflow/example_dags/example_kubernetes_executor.py
[2026-03-01T14:30:09.049+0530] {processor.py:914} INFO - Processing file /home/jenny/.local/lib/python3.13/site-packages/airflow/example_dags/example_kubernetes_executor.py for tasks to queue
[2026-03-01T14:30:09.052+0530] {logging_mixin.py:190} INFO - [2026-03-01T14:30:09.051+0530] {dagbag.py:588} INFO - Filling up the DagBag from /home/jenny/.local/lib/python3.13/site-packages/airflow/example_dags/example_kubernetes_executor.py
[2026-03-01T14:30:09.054+0530] {logging_mixin.py:190} INFO - [2026-03-01T14:30:09.054+0530] {example_kubernetes_executor.py:39} WARNING - The example_kubernetes_executor example DAG requires the kubernetes provider. Please install it with: pip install apache-airflow[cncf.kubernetes]
[2026-03-01T14:30:09.055+0530] {processor.py:927} WARNING - No viable dags retrieved from /home/jenny/.local/lib/python3.13/site-packages/airflow/example_dags/example_kubernetes_executor.py
[2026-03-01T14:30:09.060+0530] {processor.py:208} INFO - Processing /home/jenny/.local/lib/python3.13/site-packages/airflow/example_dags/example_kubernetes_executor.py took 0.016 seconds
[2026-03-01T14:31:51.544+0530] {processor.py:186} INFO - Started process (PID=231696) to work on /home/jenny/.local/lib/python3.13/site-packages/airflow/example_dags/example_kubernetes_executor.py
[2026-03-01T14:31:51.545+0530] {processor.py:914} INFO - Processing file /home/jenny/.local/lib/python3.13/site-packages/airflow/example_dags/example_kubernetes_executor.py for tasks to queue
[2026-03-01T14:31:51.547+0530] {logging_mixin.py:190} INFO - [2026-03-01T14:31:51.546+0530] {dagbag.py:588} INFO - Filling up the DagBag from /home/jenny/.local/lib/python3.13/site-packages/airflow/example_dags/example_kubernetes_executor.py
[2026-03-01T14:31:51.549+0530] {logging_mixin.py:190} INFO - [2026-03-01T14:31:51.549+0530] {example_kubernetes_executor.py:39} WARNING - The example_kubernetes_executor example DAG requires the kubernetes provider. Please install it with: pip install apache-airflow[cncf.kubernetes]
[2026-03-01T14:31:51.549+0530] {processor.py:927} WARNING - No viable dags retrieved from /home/jenny/.local/lib/python3.13/site-packages/airflow/example_dags/example_kubernetes_executor.py
[2026-03-01T14:31:51.556+0530] {processor.py:208} INFO - Processing /home/jenny/.local/lib/python3.13/site-packages/airflow/example_dags/example_kubernetes_executor.py took 0.015 seconds
[2026-03-01T14:32:49.819+0530] {processor.py:186} INFO - Started process (PID=232006) to work on /home/jenny/.local/lib/python3.13/site-packages/airflow/example_dags/example_kubernetes_executor.py
[2026-03-01T14:32:49.820+0530] {processor.py:914} INFO - Processing file /home/jenny/.local/lib/python3.13/site-packages/airflow/example_dags/example_kubernetes_executor.py for tasks to queue
[2026-03-01T14:32:49.822+0530] {logging_mixin.py:190} INFO - [2026-03-01T14:32:49.822+0530] {dagbag.py:588} INFO - Filling up the DagBag from /home/jenny/.local/lib/python3.13/site-packages/airflow/example_dags/example_kubernetes_executor.py
[2026-03-01T14:32:49.824+0530] {logging_mixin.py:190} INFO - [2026-03-01T14:32:49.824+0530] {example_kubernetes_executor.py:39} WARNING - The example_kubernetes_executor example DAG requires the kubernetes provider. Please install it with: pip install apache-airflow[cncf.kubernetes]
[2026-03-01T14:32:49.824+0530] {processor.py:927} WARNING - No viable dags retrieved from /home/jenny/.local/lib/python3.13/site-packages/airflow/example_dags/example_kubernetes_executor.py
[2026-03-01T14:32:49.831+0530] {processor.py:208} INFO - Processing /home/jenny/.local/lib/python3.13/site-packages/airflow/example_dags/example_kubernetes_executor.py took 0.015 seconds
[2026-03-01T14:34:17.099+0530] {processor.py:186} INFO - Started process (PID=233400) to work on /home/jenny/.local/lib/python3.13/site-packages/airflow/example_dags/example_kubernetes_executor.py
[2026-03-01T14:34:17.100+0530] {processor.py:914} INFO - Processing file /home/jenny/.local/lib/python3.13/site-packages/airflow/example_dags/example_kubernetes_executor.py for tasks to queue
[2026-03-01T14:34:17.101+0530] {logging_mixin.py:190} INFO - [2026-03-01T14:34:17.101+0530] {dagbag.py:588} INFO - Filling up the DagBag from /home/jenny/.local/lib/python3.13/site-packages/airflow/example_dags/example_kubernetes_executor.py
[2026-03-01T14:34:17.103+0530] {logging_mixin.py:190} INFO - [2026-03-01T14:34:17.103+0530] {example_kubernetes_executor.py:39} WARNING - The example_kubernetes_executor example DAG requires the kubernetes provider. Please install it with: pip install apache-airflow[cncf.kubernetes]
[2026-03-01T14:34:17.103+0530] {processor.py:927} WARNING - No viable dags retrieved from /home/jenny/.local/lib/python3.13/site-packages/airflow/example_dags/example_kubernetes_executor.py
[2026-03-01T14:34:17.109+0530] {processor.py:208} INFO - Processing /home/jenny/.local/lib/python3.13/site-packages/airflow/example_dags/example_kubernetes_executor.py took 0.013 seconds
[2026-03-01T14:35:12.621+0530] {processor.py:186} INFO - Started process (PID=233863) to work on /home/jenny/.local/lib/python3.13/site-packages/airflow/example_dags/example_kubernetes_executor.py
[2026-03-01T14:35:12.623+0530] {processor.py:914} INFO - Processing file /home/jenny/.local/lib/python3.13/site-packages/airflow/example_dags/example_kubernetes_executor.py for tasks to queue
[2026-03-01T14:35:12.626+0530] {logging_mixin.py:190} INFO - [2026-03-01T14:35:12.625+0530] {dagbag.py:588} INFO - Filling up the DagBag from /home/jenny/.local/lib/python3.13/site-packages/airflow/example_dags/example_kubernetes_executor.py
[2026-03-01T14:35:12.629+0530] {logging_mixin.py:190} INFO - [2026-03-01T14:35:12.629+0530] {example_kubernetes_executor.py:39} WARNING - The example_kubernetes_executor example DAG requires the kubernetes provider. Please install it with: pip install apache-airflow[cncf.kubernetes]
[2026-03-01T14:35:12.629+0530] {processor.py:927} WARNING - No viable dags retrieved from /home/jenny/.local/lib/python3.13/site-packages/airflow/example_dags/example_kubernetes_executor.py
[2026-03-01T14:35:12.635+0530] {processor.py:208} INFO - Processing /home/jenny/.local/lib/python3.13/site-packages/airflow/example_dags/example_kubernetes_executor.py took 0.019 seconds
[2026-03-01T14:36:07.620+0530] {processor.py:186} INFO - Started process (PID=234030) to work on /home/jenny/.local/lib/python3.13/site-packages/airflow/example_dags/example_kubernetes_executor.py
[2026-03-01T14:36:07.621+0530] {processor.py:914} INFO - Processing file /home/jenny/.local/lib/python3.13/site-packages/airflow/example_dags/example_kubernetes_executor.py for tasks to queue
[2026-03-01T14:36:07.624+0530] {logging_mixin.py:190} INFO - [2026-03-01T14:36:07.623+0530] {dagbag.py:588} INFO - Filling up the DagBag from /home/jenny/.local/lib/python3.13/site-packages/airflow/example_dags/example_kubernetes_executor.py
[2026-03-01T14:36:07.627+0530] {logging_mixin.py:190} INFO - [2026-03-01T14:36:07.627+0530] {example_kubernetes_executor.py:39} WARNING - The example_kubernetes_executor example DAG requires the kubernetes provider. Please install it with: pip install apache-airflow[cncf.kubernetes]
[2026-03-01T14:36:07.627+0530] {processor.py:927} WARNING - No viable dags retrieved from /home/jenny/.local/lib/python3.13/site-packages/airflow/example_dags/example_kubernetes_executor.py
[2026-03-01T14:36:07.634+0530] {processor.py:208} INFO - Processing /home/jenny/.local/lib/python3.13/site-packages/airflow/example_dags/example_kubernetes_executor.py took 0.019 seconds
[2026-03-01T14:37:02.854+0530] {processor.py:186} INFO - Started process (PID=234197) to work on /home/jenny/.local/lib/python3.13/site-packages/airflow/example_dags/example_kubernetes_executor.py
[2026-03-01T14:37:02.855+0530] {processor.py:914} INFO - Processing file /home/jenny/.local/lib/python3.13/site-packages/airflow/example_dags/example_kubernetes_executor.py for tasks to queue
[2026-03-01T14:37:02.858+0530] {logging_mixin.py:190} INFO - [2026-03-01T14:37:02.857+0530] {dagbag.py:588} INFO - Filling up the DagBag from /home/jenny/.local/lib/python3.13/site-packages/airflow/example_dags/example_kubernetes_executor.py
[2026-03-01T14:37:02.861+0530] {logging_mixin.py:190} INFO - [2026-03-01T14:37:02.860+0530] {example_kubernetes_executor.py:39} WARNING - The example_kubernetes_executor example DAG requires the kubernetes provider. Please install it with: pip install apache-airflow[cncf.kubernetes]
[2026-03-01T14:37:02.861+0530] {processor.py:927} WARNING - No viable dags retrieved from /home/jenny/.local/lib/python3.13/site-packages/airflow/example_dags/example_kubernetes_executor.py
[2026-03-01T14:37:02.867+0530] {processor.py:208} INFO - Processing /home/jenny/.local/lib/python3.13/site-packages/airflow/example_dags/example_kubernetes_executor.py took 0.018 seconds
[2026-03-01T14:37:57.003+0530] {processor.py:186} INFO - Started process (PID=234453) to work on /home/jenny/.local/lib/python3.13/site-packages/airflow/example_dags/example_kubernetes_executor.py
[2026-03-01T14:37:57.199+0530] {processor.py:914} INFO - Processing file /home/jenny/.local/lib/python3.13/site-packages/airflow/example_dags/example_kubernetes_executor.py for tasks to queue
[2026-03-01T14:37:57.203+0530] {logging_mixin.py:190} INFO - [2026-03-01T14:37:57.203+0530] {dagbag.py:588} INFO - Filling up the DagBag from /home/jenny/.local/lib/python3.13/site-packages/airflow/example_dags/example_kubernetes_executor.py
[2026-03-01T14:37:57.208+0530] {logging_mixin.py:190} INFO - [2026-03-01T14:37:57.208+0530] {example_kubernetes_executor.py:39} WARNING - The example_kubernetes_executor example DAG requires the kubernetes provider. Please install it with: pip install apache-airflow[cncf.kubernetes]
[2026-03-01T14:37:57.208+0530] {processor.py:927} WARNING - No viable dags retrieved from /home/jenny/.local/lib/python3.13/site-packages/airflow/example_dags/example_kubernetes_executor.py
[2026-03-01T14:37:57.217+0530] {processor.py:208} INFO - Processing /home/jenny/.local/lib/python3.13/site-packages/airflow/example_dags/example_kubernetes_executor.py took 0.218 seconds
[2026-03-01T14:38:51.927+0530] {processor.py:186} INFO - Started process (PID=235014) to work on /home/jenny/.local/lib/python3.13/site-packages/airflow/example_dags/example_kubernetes_executor.py
[2026-03-01T14:38:51.928+0530] {processor.py:914} INFO - Processing file /home/jenny/.local/lib/python3.13/site-packages/airflow/example_dags/example_kubernetes_executor.py for tasks to queue
[2026-03-01T14:38:51.930+0530] {logging_mixin.py:190} INFO - [2026-03-01T14:38:51.930+0530] {dagbag.py:588} INFO - Filling up the DagBag from /home/jenny/.local/lib/python3.13/site-packages/airflow/example_dags/example_kubernetes_executor.py
[2026-03-01T14:38:51.932+0530] {logging_mixin.py:190} INFO - [2026-03-01T14:38:51.932+0530] {example_kubernetes_executor.py:39} WARNING - The example_kubernetes_executor example DAG requires the kubernetes provider. Please install it with: pip install apache-airflow[cncf.kubernetes]
[2026-03-01T14:38:51.932+0530] {processor.py:927} WARNING - No viable dags retrieved from /home/jenny/.local/lib/python3.13/site-packages/airflow/example_dags/example_kubernetes_executor.py
[2026-03-01T14:38:51.938+0530] {processor.py:208} INFO - Processing /home/jenny/.local/lib/python3.13/site-packages/airflow/example_dags/example_kubernetes_executor.py took 0.015 seconds
[2026-03-01T14:39:43.349+0530] {processor.py:186} INFO - Started process (PID=235200) to work on /home/jenny/.local/lib/python3.13/site-packages/airflow/example_dags/example_kubernetes_executor.py
[2026-03-01T14:39:43.350+0530] {processor.py:914} INFO - Processing file /home/jenny/.local/lib/python3.13/site-packages/airflow/example_dags/example_kubernetes_executor.py for tasks to queue
[2026-03-01T14:39:43.352+0530] {logging_mixin.py:190} INFO - [2026-03-01T14:39:43.352+0530] {dagbag.py:588} INFO - Filling up the DagBag from /home/jenny/.local/lib/python3.13/site-packages/airflow/example_dags/example_kubernetes_executor.py
[2026-03-01T14:39:43.355+0530] {logging_mixin.py:190} INFO - [2026-03-01T14:39:43.354+0530] {example_kubernetes_executor.py:39} WARNING - The example_kubernetes_executor example DAG requires the kubernetes provider. Please install it with: pip install apache-airflow[cncf.kubernetes]
[2026-03-01T14:39:43.355+0530] {processor.py:927} WARNING - No viable dags retrieved from /home/jenny/.local/lib/python3.13/site-packages/airflow/example_dags/example_kubernetes_executor.py
[2026-03-01T14:39:43.361+0530] {processor.py:208} INFO - Processing /home/jenny/.local/lib/python3.13/site-packages/airflow/example_dags/example_kubernetes_executor.py took 0.015 seconds
[2026-03-01T14:40:37.653+0530] {processor.py:186} INFO - Started process (PID=235389) to work on /home/jenny/.local/lib/python3.13/site-packages/airflow/example_dags/example_kubernetes_executor.py
[2026-03-01T14:40:37.654+0530] {processor.py:914} INFO - Processing file /home/jenny/.local/lib/python3.13/site-packages/airflow/example_dags/example_kubernetes_executor.py for tasks to queue
[2026-03-01T14:40:37.657+0530] {logging_mixin.py:190} INFO - [2026-03-01T14:40:37.656+0530] {dagbag.py:588} INFO - Filling up the DagBag from /home/jenny/.local/lib/python3.13/site-packages/airflow/example_dags/example_kubernetes_executor.py
[2026-03-01T14:40:37.659+0530] {logging_mixin.py:190} INFO - [2026-03-01T14:40:37.659+0530] {example_kubernetes_executor.py:39} WARNING - The example_kubernetes_executor example DAG requires the kubernetes provider. Please install it with: pip install apache-airflow[cncf.kubernetes]
[2026-03-01T14:40:37.660+0530] {processor.py:927} WARNING - No viable dags retrieved from /home/jenny/.local/lib/python3.13/site-packages/airflow/example_dags/example_kubernetes_executor.py
[2026-03-01T14:40:37.666+0530] {processor.py:208} INFO - Processing /home/jenny/.local/lib/python3.13/site-packages/airflow/example_dags/example_kubernetes_executor.py took 0.018 seconds
[2026-03-01T14:41:31.958+0530] {processor.py:186} INFO - Started process (PID=239482) to work on /home/jenny/.local/lib/python3.13/site-packages/airflow/example_dags/example_kubernetes_executor.py
[2026-03-01T14:41:31.959+0530] {processor.py:914} INFO - Processing file /home/jenny/.local/lib/python3.13/site-packages/airflow/example_dags/example_kubernetes_executor.py for tasks to queue
[2026-03-01T14:41:31.961+0530] {logging_mixin.py:190} INFO - [2026-03-01T14:41:31.960+0530] {dagbag.py:588} INFO - Filling up the DagBag from /home/jenny/.local/lib/python3.13/site-packages/airflow/example_dags/example_kubernetes_executor.py
[2026-03-01T14:41:31.964+0530] {logging_mixin.py:190} INFO - [2026-03-01T14:41:31.963+0530] {example_kubernetes_executor.py:39} WARNING - The example_kubernetes_executor example DAG requires the kubernetes provider. Please install it with: pip install apache-airflow[cncf.kubernetes]
[2026-03-01T14:41:31.964+0530] {processor.py:927} WARNING - No viable dags retrieved from /home/jenny/.local/lib/python3.13/site-packages/airflow/example_dags/example_kubernetes_executor.py
[2026-03-01T14:41:31.971+0530] {processor.py:208} INFO - Processing /home/jenny/.local/lib/python3.13/site-packages/airflow/example_dags/example_kubernetes_executor.py took 0.018 seconds
[2026-03-01T14:42:25.092+0530] {processor.py:186} INFO - Started process (PID=239619) to work on /home/jenny/.local/lib/python3.13/site-packages/airflow/example_dags/example_kubernetes_executor.py
[2026-03-01T14:42:25.093+0530] {processor.py:914} INFO - Processing file /home/jenny/.local/lib/python3.13/site-packages/airflow/example_dags/example_kubernetes_executor.py for tasks to queue
[2026-03-01T14:42:25.096+0530] {logging_mixin.py:190} INFO - [2026-03-01T14:42:25.095+0530] {dagbag.py:588} INFO - Filling up the DagBag from /home/jenny/.local/lib/python3.13/site-packages/airflow/example_dags/example_kubernetes_executor.py
[2026-03-01T14:42:25.098+0530] {logging_mixin.py:190} INFO - [2026-03-01T14:42:25.098+0530] {example_kubernetes_executor.py:39} WARNING - The example_kubernetes_executor example DAG requires the kubernetes provider. Please install it with: pip install apache-airflow[cncf.kubernetes]
[2026-03-01T14:42:25.098+0530] {processor.py:927} WARNING - No viable dags retrieved from /home/jenny/.local/lib/python3.13/site-packages/airflow/example_dags/example_kubernetes_executor.py
[2026-03-01T14:42:25.104+0530] {processor.py:208} INFO - Processing /home/jenny/.local/lib/python3.13/site-packages/airflow/example_dags/example_kubernetes_executor.py took 0.016 seconds
[2026-03-01T14:43:19.050+0530] {processor.py:186} INFO - Started process (PID=239787) to work on /home/jenny/.local/lib/python3.13/site-packages/airflow/example_dags/example_kubernetes_executor.py
[2026-03-01T14:43:19.051+0530] {processor.py:914} INFO - Processing file /home/jenny/.local/lib/python3.13/site-packages/airflow/example_dags/example_kubernetes_executor.py for tasks to queue
[2026-03-01T14:43:19.054+0530] {logging_mixin.py:190} INFO - [2026-03-01T14:43:19.053+0530] {dagbag.py:588} INFO - Filling up the DagBag from /home/jenny/.local/lib/python3.13/site-packages/airflow/example_dags/example_kubernetes_executor.py
[2026-03-01T14:43:19.057+0530] {logging_mixin.py:190} INFO - [2026-03-01T14:43:19.057+0530] {example_kubernetes_executor.py:39} WARNING - The example_kubernetes_executor example DAG requires the kubernetes provider. Please install it with: pip install apache-airflow[cncf.kubernetes]
[2026-03-01T14:43:19.057+0530] {processor.py:927} WARNING - No viable dags retrieved from /home/jenny/.local/lib/python3.13/site-packages/airflow/example_dags/example_kubernetes_executor.py
[2026-03-01T14:43:19.064+0530] {processor.py:208} INFO - Processing /home/jenny/.local/lib/python3.13/site-packages/airflow/example_dags/example_kubernetes_executor.py took 0.018 seconds
[2026-03-01T14:44:10.073+0530] {processor.py:186} INFO - Started process (PID=239930) to work on /home/jenny/.local/lib/python3.13/site-packages/airflow/example_dags/example_kubernetes_executor.py
[2026-03-01T14:44:10.074+0530] {processor.py:914} INFO - Processing file /home/jenny/.local/lib/python3.13/site-packages/airflow/example_dags/example_kubernetes_executor.py for tasks to queue
[2026-03-01T14:44:10.076+0530] {logging_mixin.py:190} INFO - [2026-03-01T14:44:10.076+0530] {dagbag.py:588} INFO - Filling up the DagBag from /home/jenny/.local/lib/python3.13/site-packages/airflow/example_dags/example_kubernetes_executor.py
[2026-03-01T14:44:10.079+0530] {logging_mixin.py:190} INFO - [2026-03-01T14:44:10.079+0530] {example_kubernetes_executor.py:39} WARNING - The example_kubernetes_executor example DAG requires the kubernetes provider. Please install it with: pip install apache-airflow[cncf.kubernetes]
[2026-03-01T14:44:10.080+0530] {processor.py:927} WARNING - No viable dags retrieved from /home/jenny/.local/lib/python3.13/site-packages/airflow/example_dags/example_kubernetes_executor.py
[2026-03-01T14:44:10.086+0530] {processor.py:208} INFO - Processing /home/jenny/.local/lib/python3.13/site-packages/airflow/example_dags/example_kubernetes_executor.py took 0.017 seconds
[2026-03-01T14:45:04.114+0530] {processor.py:186} INFO - Started process (PID=240099) to work on /home/jenny/.local/lib/python3.13/site-packages/airflow/example_dags/example_kubernetes_executor.py
[2026-03-01T14:45:04.115+0530] {processor.py:914} INFO - Processing file /home/jenny/.local/lib/python3.13/site-packages/airflow/example_dags/example_kubernetes_executor.py for tasks to queue
[2026-03-01T14:45:04.118+0530] {logging_mixin.py:190} INFO - [2026-03-01T14:45:04.118+0530] {dagbag.py:588} INFO - Filling up the DagBag from /home/jenny/.local/lib/python3.13/site-packages/airflow/example_dags/example_kubernetes_executor.py
[2026-03-01T14:45:04.121+0530] {logging_mixin.py:190} INFO - [2026-03-01T14:45:04.121+0530] {example_kubernetes_executor.py:39} WARNING - The example_kubernetes_executor example DAG requires the kubernetes provider. Please install it with: pip install apache-airflow[cncf.kubernetes]
[2026-03-01T14:45:04.122+0530] {processor.py:927} WARNING - No viable dags retrieved from /home/jenny/.local/lib/python3.13/site-packages/airflow/example_dags/example_kubernetes_executor.py
[2026-03-01T14:45:04.128+0530] {processor.py:208} INFO - Processing /home/jenny/.local/lib/python3.13/site-packages/airflow/example_dags/example_kubernetes_executor.py took 0.020 seconds
[2026-03-01T14:46:00.591+0530] {processor.py:186} INFO - Started process (PID=240308) to work on /home/jenny/.local/lib/python3.13/site-packages/airflow/example_dags/example_kubernetes_executor.py
[2026-03-01T14:46:00.592+0530] {processor.py:914} INFO - Processing file /home/jenny/.local/lib/python3.13/site-packages/airflow/example_dags/example_kubernetes_executor.py for tasks to queue
[2026-03-01T14:46:00.595+0530] {logging_mixin.py:190} INFO - [2026-03-01T14:46:00.594+0530] {dagbag.py:588} INFO - Filling up the DagBag from /home/jenny/.local/lib/python3.13/site-packages/airflow/example_dags/example_kubernetes_executor.py
[2026-03-01T14:46:00.598+0530] {logging_mixin.py:190} INFO - [2026-03-01T14:46:00.597+0530] {example_kubernetes_executor.py:39} WARNING - The example_kubernetes_executor example DAG requires the kubernetes provider. Please install it with: pip install apache-airflow[cncf.kubernetes]
[2026-03-01T14:46:00.598+0530] {processor.py:927} WARNING - No viable dags retrieved from /home/jenny/.local/lib/python3.13/site-packages/airflow/example_dags/example_kubernetes_executor.py
[2026-03-01T14:46:00.604+0530] {processor.py:208} INFO - Processing /home/jenny/.local/lib/python3.13/site-packages/airflow/example_dags/example_kubernetes_executor.py took 0.018 seconds
[2026-03-01T14:47:05.090+0530] {processor.py:186} INFO - Started process (PID=240483) to work on /home/jenny/.local/lib/python3.13/site-packages/airflow/example_dags/example_kubernetes_executor.py
[2026-03-01T14:47:05.091+0530] {processor.py:914} INFO - Processing file /home/jenny/.local/lib/python3.13/site-packages/airflow/example_dags/example_kubernetes_executor.py for tasks to queue
[2026-03-01T14:47:05.093+0530] {logging_mixin.py:190} INFO - [2026-03-01T14:47:05.092+0530] {dagbag.py:588} INFO - Filling up the DagBag from /home/jenny/.local/lib/python3.13/site-packages/airflow/example_dags/example_kubernetes_executor.py
[2026-03-01T14:47:05.094+0530] {logging_mixin.py:190} INFO - [2026-03-01T14:47:05.094+0530] {example_kubernetes_executor.py:39} WARNING - The example_kubernetes_executor example DAG requires the kubernetes provider. Please install it with: pip install apache-airflow[cncf.kubernetes]
[2026-03-01T14:47:05.094+0530] {processor.py:927} WARNING - No viable dags retrieved from /home/jenny/.local/lib/python3.13/site-packages/airflow/example_dags/example_kubernetes_executor.py
[2026-03-01T14:47:05.100+0530] {processor.py:208} INFO - Processing /home/jenny/.local/lib/python3.13/site-packages/airflow/example_dags/example_kubernetes_executor.py took 0.014 seconds
[2026-03-01T14:48:08.452+0530] {processor.py:186} INFO - Started process (PID=240667) to work on /home/jenny/.local/lib/python3.13/site-packages/airflow/example_dags/example_kubernetes_executor.py
[2026-03-01T14:48:08.453+0530] {processor.py:914} INFO - Processing file /home/jenny/.local/lib/python3.13/site-packages/airflow/example_dags/example_kubernetes_executor.py for tasks to queue
[2026-03-01T14:48:08.457+0530] {logging_mixin.py:190} INFO - [2026-03-01T14:48:08.456+0530] {dagbag.py:588} INFO - Filling up the DagBag from /home/jenny/.local/lib/python3.13/site-packages/airflow/example_dags/example_kubernetes_executor.py
[2026-03-01T14:48:08.460+0530] {logging_mixin.py:190} INFO - [2026-03-01T14:48:08.459+0530] {example_kubernetes_executor.py:39} WARNING - The example_kubernetes_executor example DAG requires the kubernetes provider. Please install it with: pip install apache-airflow[cncf.kubernetes]
[2026-03-01T14:48:08.460+0530] {processor.py:927} WARNING - No viable dags retrieved from /home/jenny/.local/lib/python3.13/site-packages/airflow/example_dags/example_kubernetes_executor.py
[2026-03-01T14:48:08.466+0530] {processor.py:208} INFO - Processing /home/jenny/.local/lib/python3.13/site-packages/airflow/example_dags/example_kubernetes_executor.py took 0.019 seconds
[2026-03-01T14:49:03.882+0530] {processor.py:186} INFO - Started process (PID=241009) to work on /home/jenny/.local/lib/python3.13/site-packages/airflow/example_dags/example_kubernetes_executor.py
[2026-03-01T14:49:03.884+0530] {processor.py:914} INFO - Processing file /home/jenny/.local/lib/python3.13/site-packages/airflow/example_dags/example_kubernetes_executor.py for tasks to queue
[2026-03-01T14:49:03.887+0530] {logging_mixin.py:190} INFO - [2026-03-01T14:49:03.886+0530] {dagbag.py:588} INFO - Filling up the DagBag from /home/jenny/.local/lib/python3.13/site-packages/airflow/example_dags/example_kubernetes_executor.py
[2026-03-01T14:49:03.890+0530] {logging_mixin.py:190} INFO - [2026-03-01T14:49:03.890+0530] {example_kubernetes_executor.py:39} WARNING - The example_kubernetes_executor example DAG requires the kubernetes provider. Please install it with: pip install apache-airflow[cncf.kubernetes]
[2026-03-01T14:49:03.890+0530] {processor.py:927} WARNING - No viable dags retrieved from /home/jenny/.local/lib/python3.13/site-packages/airflow/example_dags/example_kubernetes_executor.py
[2026-03-01T14:49:03.897+0530] {processor.py:208} INFO - Processing /home/jenny/.local/lib/python3.13/site-packages/airflow/example_dags/example_kubernetes_executor.py took 0.019 seconds
[2026-03-01T14:49:58.132+0530] {processor.py:186} INFO - Started process (PID=241251) to work on /home/jenny/.local/lib/python3.13/site-packages/airflow/example_dags/example_kubernetes_executor.py
[2026-03-01T14:49:58.133+0530] {processor.py:914} INFO - Processing file /home/jenny/.local/lib/python3.13/site-packages/airflow/example_dags/example_kubernetes_executor.py for tasks to queue
[2026-03-01T14:49:58.135+0530] {logging_mixin.py:190} INFO - [2026-03-01T14:49:58.135+0530] {dagbag.py:588} INFO - Filling up the DagBag from /home/jenny/.local/lib/python3.13/site-packages/airflow/example_dags/example_kubernetes_executor.py
[2026-03-01T14:49:58.137+0530] {logging_mixin.py:190} INFO - [2026-03-01T14:49:58.136+0530] {example_kubernetes_executor.py:39} WARNING - The example_kubernetes_executor example DAG requires the kubernetes provider. Please install it with: pip install apache-airflow[cncf.kubernetes]
[2026-03-01T14:49:58.137+0530] {processor.py:927} WARNING - No viable dags retrieved from /home/jenny/.local/lib/python3.13/site-packages/airflow/example_dags/example_kubernetes_executor.py
[2026-03-01T14:49:58.142+0530] {processor.py:208} INFO - Processing /home/jenny/.local/lib/python3.13/site-packages/airflow/example_dags/example_kubernetes_executor.py took 0.013 seconds
[2026-03-01T14:50:55.314+0530] {processor.py:186} INFO - Started process (PID=241479) to work on /home/jenny/.local/lib/python3.13/site-packages/airflow/example_dags/example_kubernetes_executor.py
[2026-03-01T14:50:55.315+0530] {processor.py:914} INFO - Processing file /home/jenny/.local/lib/python3.13/site-packages/airflow/example_dags/example_kubernetes_executor.py for tasks to queue
[2026-03-01T14:50:55.317+0530] {logging_mixin.py:190} INFO - [2026-03-01T14:50:55.317+0530] {dagbag.py:588} INFO - Filling up the DagBag from /home/jenny/.local/lib/python3.13/site-packages/airflow/example_dags/example_kubernetes_executor.py
[2026-03-01T14:50:55.320+0530] {logging_mixin.py:190} INFO - [2026-03-01T14:50:55.320+0530] {example_kubernetes_executor.py:39} WARNING - The example_kubernetes_executor example DAG requires the kubernetes provider. Please install it with: pip install apache-airflow[cncf.kubernetes]
[2026-03-01T14:50:55.320+0530] {processor.py:927} WARNING - No viable dags retrieved from /home/jenny/.local/lib/python3.13/site-packages/airflow/example_dags/example_kubernetes_executor.py
[2026-03-01T14:50:55.326+0530] {processor.py:208} INFO - Processing /home/jenny/.local/lib/python3.13/site-packages/airflow/example_dags/example_kubernetes_executor.py took 0.017 seconds
[2026-03-01T14:51:48.520+0530] {processor.py:186} INFO - Started process (PID=241890) to work on /home/jenny/.local/lib/python3.13/site-packages/airflow/example_dags/example_kubernetes_executor.py
[2026-03-01T14:51:48.521+0530] {processor.py:914} INFO - Processing file /home/jenny/.local/lib/python3.13/site-packages/airflow/example_dags/example_kubernetes_executor.py for tasks to queue
[2026-03-01T14:51:48.523+0530] {logging_mixin.py:190} INFO - [2026-03-01T14:51:48.522+0530] {dagbag.py:588} INFO - Filling up the DagBag from /home/jenny/.local/lib/python3.13/site-packages/airflow/example_dags/example_kubernetes_executor.py
[2026-03-01T14:51:48.525+0530] {logging_mixin.py:190} INFO - [2026-03-01T14:51:48.524+0530] {example_kubernetes_executor.py:39} WARNING - The example_kubernetes_executor example DAG requires the kubernetes provider. Please install it with: pip install apache-airflow[cncf.kubernetes]
[2026-03-01T14:51:48.525+0530] {processor.py:927} WARNING - No viable dags retrieved from /home/jenny/.local/lib/python3.13/site-packages/airflow/example_dags/example_kubernetes_executor.py
[2026-03-01T14:51:48.531+0530] {processor.py:208} INFO - Processing /home/jenny/.local/lib/python3.13/site-packages/airflow/example_dags/example_kubernetes_executor.py took 0.014 seconds
[2026-03-01T14:52:42.399+0530] {processor.py:186} INFO - Started process (PID=242051) to work on /home/jenny/.local/lib/python3.13/site-packages/airflow/example_dags/example_kubernetes_executor.py
[2026-03-01T14:52:42.399+0530] {processor.py:914} INFO - Processing file /home/jenny/.local/lib/python3.13/site-packages/airflow/example_dags/example_kubernetes_executor.py for tasks to queue
[2026-03-01T14:52:42.401+0530] {logging_mixin.py:190} INFO - [2026-03-01T14:52:42.401+0530] {dagbag.py:588} INFO - Filling up the DagBag from /home/jenny/.local/lib/python3.13/site-packages/airflow/example_dags/example_kubernetes_executor.py
[2026-03-01T14:52:42.403+0530] {logging_mixin.py:190} INFO - [2026-03-01T14:52:42.403+0530] {example_kubernetes_executor.py:39} WARNING - The example_kubernetes_executor example DAG requires the kubernetes provider. Please install it with: pip install apache-airflow[cncf.kubernetes]
[2026-03-01T14:52:42.403+0530] {processor.py:927} WARNING - No viable dags retrieved from /home/jenny/.local/lib/python3.13/site-packages/airflow/example_dags/example_kubernetes_executor.py
[2026-03-01T14:52:42.411+0530] {processor.py:208} INFO - Processing /home/jenny/.local/lib/python3.13/site-packages/airflow/example_dags/example_kubernetes_executor.py took 0.016 seconds
[2026-03-01T14:53:33.937+0530] {processor.py:186} INFO - Started process (PID=242193) to work on /home/jenny/.local/lib/python3.13/site-packages/airflow/example_dags/example_kubernetes_executor.py
[2026-03-01T14:53:33.938+0530] {processor.py:914} INFO - Processing file /home/jenny/.local/lib/python3.13/site-packages/airflow/example_dags/example_kubernetes_executor.py for tasks to queue
[2026-03-01T14:53:33.940+0530] {logging_mixin.py:190} INFO - [2026-03-01T14:53:33.940+0530] {dagbag.py:588} INFO - Filling up the DagBag from /home/jenny/.local/lib/python3.13/site-packages/airflow/example_dags/example_kubernetes_executor.py
[2026-03-01T14:53:33.942+0530] {logging_mixin.py:190} INFO - [2026-03-01T14:53:33.942+0530] {example_kubernetes_executor.py:39} WARNING - The example_kubernetes_executor example DAG requires the kubernetes provider. Please install it with: pip install apache-airflow[cncf.kubernetes]
[2026-03-01T14:53:33.942+0530] {processor.py:927} WARNING - No viable dags retrieved from /home/jenny/.local/lib/python3.13/site-packages/airflow/example_dags/example_kubernetes_executor.py
[2026-03-01T14:53:33.948+0530] {processor.py:208} INFO - Processing /home/jenny/.local/lib/python3.13/site-packages/airflow/example_dags/example_kubernetes_executor.py took 0.014 seconds
[2026-03-01T14:54:27.712+0530] {processor.py:186} INFO - Started process (PID=242358) to work on /home/jenny/.local/lib/python3.13/site-packages/airflow/example_dags/example_kubernetes_executor.py
[2026-03-01T14:54:27.713+0530] {processor.py:914} INFO - Processing file /home/jenny/.local/lib/python3.13/site-packages/airflow/example_dags/example_kubernetes_executor.py for tasks to queue
[2026-03-01T14:54:27.716+0530] {logging_mixin.py:190} INFO - [2026-03-01T14:54:27.716+0530] {dagbag.py:588} INFO - Filling up the DagBag from /home/jenny/.local/lib/python3.13/site-packages/airflow/example_dags/example_kubernetes_executor.py
[2026-03-01T14:54:27.719+0530] {logging_mixin.py:190} INFO - [2026-03-01T14:54:27.719+0530] {example_kubernetes_executor.py:39} WARNING - The example_kubernetes_executor example DAG requires the kubernetes provider. Please install it with: pip install apache-airflow[cncf.kubernetes]
[2026-03-01T14:54:27.719+0530] {processor.py:927} WARNING - No viable dags retrieved from /home/jenny/.local/lib/python3.13/site-packages/airflow/example_dags/example_kubernetes_executor.py
[2026-03-01T14:54:27.726+0530] {processor.py:208} INFO - Processing /home/jenny/.local/lib/python3.13/site-packages/airflow/example_dags/example_kubernetes_executor.py took 0.018 seconds
[2026-03-01T14:55:22.133+0530] {processor.py:186} INFO - Started process (PID=242546) to work on /home/jenny/.local/lib/python3.13/site-packages/airflow/example_dags/example_kubernetes_executor.py
[2026-03-01T14:55:22.134+0530] {processor.py:914} INFO - Processing file /home/jenny/.local/lib/python3.13/site-packages/airflow/example_dags/example_kubernetes_executor.py for tasks to queue
[2026-03-01T14:55:22.136+0530] {logging_mixin.py:190} INFO - [2026-03-01T14:55:22.136+0530] {dagbag.py:588} INFO - Filling up the DagBag from /home/jenny/.local/lib/python3.13/site-packages/airflow/example_dags/example_kubernetes_executor.py
[2026-03-01T14:55:22.139+0530] {logging_mixin.py:190} INFO - [2026-03-01T14:55:22.139+0530] {example_kubernetes_executor.py:39} WARNING - The example_kubernetes_executor example DAG requires the kubernetes provider. Please install it with: pip install apache-airflow[cncf.kubernetes]
[2026-03-01T14:55:22.139+0530] {processor.py:927} WARNING - No viable dags retrieved from /home/jenny/.local/lib/python3.13/site-packages/airflow/example_dags/example_kubernetes_executor.py
[2026-03-01T14:55:22.145+0530] {processor.py:208} INFO - Processing /home/jenny/.local/lib/python3.13/site-packages/airflow/example_dags/example_kubernetes_executor.py took 0.016 seconds
[2026-03-01T14:56:14.358+0530] {processor.py:186} INFO - Started process (PID=246634) to work on /home/jenny/.local/lib/python3.13/site-packages/airflow/example_dags/example_kubernetes_executor.py
[2026-03-01T14:56:14.359+0530] {processor.py:914} INFO - Processing file /home/jenny/.local/lib/python3.13/site-packages/airflow/example_dags/example_kubernetes_executor.py for tasks to queue
[2026-03-01T14:56:14.363+0530] {logging_mixin.py:190} INFO - [2026-03-01T14:56:14.362+0530] {dagbag.py:588} INFO - Filling up the DagBag from /home/jenny/.local/lib/python3.13/site-packages/airflow/example_dags/example_kubernetes_executor.py
[2026-03-01T14:56:14.366+0530] {logging_mixin.py:190} INFO - [2026-03-01T14:56:14.365+0530] {example_kubernetes_executor.py:39} WARNING - The example_kubernetes_executor example DAG requires the kubernetes provider. Please install it with: pip install apache-airflow[cncf.kubernetes]
[2026-03-01T14:56:14.366+0530] {processor.py:927} WARNING - No viable dags retrieved from /home/jenny/.local/lib/python3.13/site-packages/airflow/example_dags/example_kubernetes_executor.py
[2026-03-01T14:56:14.372+0530] {processor.py:208} INFO - Processing /home/jenny/.local/lib/python3.13/site-packages/airflow/example_dags/example_kubernetes_executor.py took 0.019 seconds
[2026-03-01T14:57:09.142+0530] {processor.py:186} INFO - Started process (PID=246777) to work on /home/jenny/.local/lib/python3.13/site-packages/airflow/example_dags/example_kubernetes_executor.py
[2026-03-01T14:57:09.143+0530] {processor.py:914} INFO - Processing file /home/jenny/.local/lib/python3.13/site-packages/airflow/example_dags/example_kubernetes_executor.py for tasks to queue
[2026-03-01T14:57:09.146+0530] {logging_mixin.py:190} INFO - [2026-03-01T14:57:09.145+0530] {dagbag.py:588} INFO - Filling up the DagBag from /home/jenny/.local/lib/python3.13/site-packages/airflow/example_dags/example_kubernetes_executor.py
[2026-03-01T14:57:09.148+0530] {logging_mixin.py:190} INFO - [2026-03-01T14:57:09.148+0530] {example_kubernetes_executor.py:39} WARNING - The example_kubernetes_executor example DAG requires the kubernetes provider. Please install it with: pip install apache-airflow[cncf.kubernetes]
[2026-03-01T14:57:09.148+0530] {processor.py:927} WARNING - No viable dags retrieved from /home/jenny/.local/lib/python3.13/site-packages/airflow/example_dags/example_kubernetes_executor.py
[2026-03-01T14:57:09.155+0530] {processor.py:208} INFO - Processing /home/jenny/.local/lib/python3.13/site-packages/airflow/example_dags/example_kubernetes_executor.py took 0.018 seconds
[2026-03-01T14:58:02.686+0530] {processor.py:186} INFO - Started process (PID=246940) to work on /home/jenny/.local/lib/python3.13/site-packages/airflow/example_dags/example_kubernetes_executor.py
[2026-03-01T14:58:02.687+0530] {processor.py:914} INFO - Processing file /home/jenny/.local/lib/python3.13/site-packages/airflow/example_dags/example_kubernetes_executor.py for tasks to queue
[2026-03-01T14:58:02.690+0530] {logging_mixin.py:190} INFO - [2026-03-01T14:58:02.690+0530] {dagbag.py:588} INFO - Filling up the DagBag from /home/jenny/.local/lib/python3.13/site-packages/airflow/example_dags/example_kubernetes_executor.py
[2026-03-01T14:58:02.693+0530] {logging_mixin.py:190} INFO - [2026-03-01T14:58:02.693+0530] {example_kubernetes_executor.py:39} WARNING - The example_kubernetes_executor example DAG requires the kubernetes provider. Please install it with: pip install apache-airflow[cncf.kubernetes]
[2026-03-01T14:58:02.693+0530] {processor.py:927} WARNING - No viable dags retrieved from /home/jenny/.local/lib/python3.13/site-packages/airflow/example_dags/example_kubernetes_executor.py
[2026-03-01T14:58:02.699+0530] {processor.py:208} INFO - Processing /home/jenny/.local/lib/python3.13/site-packages/airflow/example_dags/example_kubernetes_executor.py took 0.019 seconds
[2026-03-01T14:58:58.527+0530] {processor.py:186} INFO - Started process (PID=247289) to work on /home/jenny/.local/lib/python3.13/site-packages/airflow/example_dags/example_kubernetes_executor.py
[2026-03-01T14:58:58.528+0530] {processor.py:914} INFO - Processing file /home/jenny/.local/lib/python3.13/site-packages/airflow/example_dags/example_kubernetes_executor.py for tasks to queue
[2026-03-01T14:58:58.530+0530] {logging_mixin.py:190} INFO - [2026-03-01T14:58:58.530+0530] {dagbag.py:588} INFO - Filling up the DagBag from /home/jenny/.local/lib/python3.13/site-packages/airflow/example_dags/example_kubernetes_executor.py
[2026-03-01T14:58:58.532+0530] {logging_mixin.py:190} INFO - [2026-03-01T14:58:58.532+0530] {example_kubernetes_executor.py:39} WARNING - The example_kubernetes_executor example DAG requires the kubernetes provider. Please install it with: pip install apache-airflow[cncf.kubernetes]
[2026-03-01T14:58:58.532+0530] {processor.py:927} WARNING - No viable dags retrieved from /home/jenny/.local/lib/python3.13/site-packages/airflow/example_dags/example_kubernetes_executor.py
[2026-03-01T14:58:58.540+0530] {processor.py:208} INFO - Processing /home/jenny/.local/lib/python3.13/site-packages/airflow/example_dags/example_kubernetes_executor.py took 0.017 seconds
[2026-03-01T14:59:53.009+0530] {processor.py:186} INFO - Started process (PID=247649) to work on /home/jenny/.local/lib/python3.13/site-packages/airflow/example_dags/example_kubernetes_executor.py
[2026-03-01T14:59:53.009+0530] {processor.py:914} INFO - Processing file /home/jenny/.local/lib/python3.13/site-packages/airflow/example_dags/example_kubernetes_executor.py for tasks to queue
[2026-03-01T14:59:53.011+0530] {logging_mixin.py:190} INFO - [2026-03-01T14:59:53.011+0530] {dagbag.py:588} INFO - Filling up the DagBag from /home/jenny/.local/lib/python3.13/site-packages/airflow/example_dags/example_kubernetes_executor.py
[2026-03-01T14:59:53.014+0530] {logging_mixin.py:190} INFO - [2026-03-01T14:59:53.013+0530] {example_kubernetes_executor.py:39} WARNING - The example_kubernetes_executor example DAG requires the kubernetes provider. Please install it with: pip install apache-airflow[cncf.kubernetes]
[2026-03-01T14:59:53.014+0530] {processor.py:927} WARNING - No viable dags retrieved from /home/jenny/.local/lib/python3.13/site-packages/airflow/example_dags/example_kubernetes_executor.py
[2026-03-01T14:59:53.019+0530] {processor.py:208} INFO - Processing /home/jenny/.local/lib/python3.13/site-packages/airflow/example_dags/example_kubernetes_executor.py took 0.014 seconds
[2026-03-01T15:00:47.456+0530] {processor.py:186} INFO - Started process (PID=248067) to work on /home/jenny/.local/lib/python3.13/site-packages/airflow/example_dags/example_kubernetes_executor.py
[2026-03-01T15:00:47.458+0530] {processor.py:914} INFO - Processing file /home/jenny/.local/lib/python3.13/site-packages/airflow/example_dags/example_kubernetes_executor.py for tasks to queue
[2026-03-01T15:00:47.461+0530] {logging_mixin.py:190} INFO - [2026-03-01T15:00:47.460+0530] {dagbag.py:588} INFO - Filling up the DagBag from /home/jenny/.local/lib/python3.13/site-packages/airflow/example_dags/example_kubernetes_executor.py
[2026-03-01T15:00:47.464+0530] {logging_mixin.py:190} INFO - [2026-03-01T15:00:47.463+0530] {example_kubernetes_executor.py:39} WARNING - The example_kubernetes_executor example DAG requires the kubernetes provider. Please install it with: pip install apache-airflow[cncf.kubernetes]
[2026-03-01T15:00:47.464+0530] {processor.py:927} WARNING - No viable dags retrieved from /home/jenny/.local/lib/python3.13/site-packages/airflow/example_dags/example_kubernetes_executor.py
[2026-03-01T15:00:47.470+0530] {processor.py:208} INFO - Processing /home/jenny/.local/lib/python3.13/site-packages/airflow/example_dags/example_kubernetes_executor.py took 0.019 seconds
[2026-03-01T15:01:41.878+0530] {processor.py:186} INFO - Started process (PID=248246) to work on /home/jenny/.local/lib/python3.13/site-packages/airflow/example_dags/example_kubernetes_executor.py
[2026-03-01T15:01:41.879+0530] {processor.py:914} INFO - Processing file /home/jenny/.local/lib/python3.13/site-packages/airflow/example_dags/example_kubernetes_executor.py for tasks to queue
[2026-03-01T15:01:41.882+0530] {logging_mixin.py:190} INFO - [2026-03-01T15:01:41.881+0530] {dagbag.py:588} INFO - Filling up the DagBag from /home/jenny/.local/lib/python3.13/site-packages/airflow/example_dags/example_kubernetes_executor.py
[2026-03-01T15:01:41.884+0530] {logging_mixin.py:190} INFO - [2026-03-01T15:01:41.884+0530] {example_kubernetes_executor.py:39} WARNING - The example_kubernetes_executor example DAG requires the kubernetes provider. Please install it with: pip install apache-airflow[cncf.kubernetes]
[2026-03-01T15:01:41.885+0530] {processor.py:927} WARNING - No viable dags retrieved from /home/jenny/.local/lib/python3.13/site-packages/airflow/example_dags/example_kubernetes_executor.py
[2026-03-01T15:01:41.891+0530] {processor.py:208} INFO - Processing /home/jenny/.local/lib/python3.13/site-packages/airflow/example_dags/example_kubernetes_executor.py took 0.018 seconds
[2026-03-01T15:02:36.256+0530] {processor.py:186} INFO - Started process (PID=248448) to work on /home/jenny/.local/lib/python3.13/site-packages/airflow/example_dags/example_kubernetes_executor.py
[2026-03-01T15:02:36.257+0530] {processor.py:914} INFO - Processing file /home/jenny/.local/lib/python3.13/site-packages/airflow/example_dags/example_kubernetes_executor.py for tasks to queue
[2026-03-01T15:02:36.258+0530] {logging_mixin.py:190} INFO - [2026-03-01T15:02:36.258+0530] {dagbag.py:588} INFO - Filling up the DagBag from /home/jenny/.local/lib/python3.13/site-packages/airflow/example_dags/example_kubernetes_executor.py
[2026-03-01T15:02:36.260+0530] {logging_mixin.py:190} INFO - [2026-03-01T15:02:36.260+0530] {example_kubernetes_executor.py:39} WARNING - The example_kubernetes_executor example DAG requires the kubernetes provider. Please install it with: pip install apache-airflow[cncf.kubernetes]
[2026-03-01T15:02:36.261+0530] {processor.py:927} WARNING - No viable dags retrieved from /home/jenny/.local/lib/python3.13/site-packages/airflow/example_dags/example_kubernetes_executor.py
[2026-03-01T15:02:36.268+0530] {processor.py:208} INFO - Processing /home/jenny/.local/lib/python3.13/site-packages/airflow/example_dags/example_kubernetes_executor.py took 0.016 seconds
[2026-03-01T15:03:34.027+0530] {processor.py:186} INFO - Started process (PID=248772) to work on /home/jenny/.local/lib/python3.13/site-packages/airflow/example_dags/example_kubernetes_executor.py
[2026-03-01T15:03:34.028+0530] {processor.py:914} INFO - Processing file /home/jenny/.local/lib/python3.13/site-packages/airflow/example_dags/example_kubernetes_executor.py for tasks to queue
[2026-03-01T15:03:34.031+0530] {logging_mixin.py:190} INFO - [2026-03-01T15:03:34.030+0530] {dagbag.py:588} INFO - Filling up the DagBag from /home/jenny/.local/lib/python3.13/site-packages/airflow/example_dags/example_kubernetes_executor.py
[2026-03-01T15:03:34.033+0530] {logging_mixin.py:190} INFO - [2026-03-01T15:03:34.033+0530] {example_kubernetes_executor.py:39} WARNING - The example_kubernetes_executor example DAG requires the kubernetes provider. Please install it with: pip install apache-airflow[cncf.kubernetes]
[2026-03-01T15:03:34.034+0530] {processor.py:927} WARNING - No viable dags retrieved from /home/jenny/.local/lib/python3.13/site-packages/airflow/example_dags/example_kubernetes_executor.py
[2026-03-01T15:03:34.040+0530] {processor.py:208} INFO - Processing /home/jenny/.local/lib/python3.13/site-packages/airflow/example_dags/example_kubernetes_executor.py took 0.019 seconds
[2026-03-01T15:04:26.868+0530] {processor.py:186} INFO - Started process (PID=249148) to work on /home/jenny/.local/lib/python3.13/site-packages/airflow/example_dags/example_kubernetes_executor.py
[2026-03-01T15:04:26.869+0530] {processor.py:914} INFO - Processing file /home/jenny/.local/lib/python3.13/site-packages/airflow/example_dags/example_kubernetes_executor.py for tasks to queue
[2026-03-01T15:04:26.871+0530] {logging_mixin.py:190} INFO - [2026-03-01T15:04:26.871+0530] {dagbag.py:588} INFO - Filling up the DagBag from /home/jenny/.local/lib/python3.13/site-packages/airflow/example_dags/example_kubernetes_executor.py
[2026-03-01T15:04:26.873+0530] {logging_mixin.py:190} INFO - [2026-03-01T15:04:26.873+0530] {example_kubernetes_executor.py:39} WARNING - The example_kubernetes_executor example DAG requires the kubernetes provider. Please install it with: pip install apache-airflow[cncf.kubernetes]
[2026-03-01T15:04:26.874+0530] {processor.py:927} WARNING - No viable dags retrieved from /home/jenny/.local/lib/python3.13/site-packages/airflow/example_dags/example_kubernetes_executor.py
[2026-03-01T15:04:26.879+0530] {processor.py:208} INFO - Processing /home/jenny/.local/lib/python3.13/site-packages/airflow/example_dags/example_kubernetes_executor.py took 0.015 seconds
[2026-03-01T15:05:19.724+0530] {processor.py:186} INFO - Started process (PID=249504) to work on /home/jenny/.local/lib/python3.13/site-packages/airflow/example_dags/example_kubernetes_executor.py
[2026-03-01T15:05:19.724+0530] {processor.py:914} INFO - Processing file /home/jenny/.local/lib/python3.13/site-packages/airflow/example_dags/example_kubernetes_executor.py for tasks to queue
[2026-03-01T15:05:19.726+0530] {logging_mixin.py:190} INFO - [2026-03-01T15:05:19.726+0530] {dagbag.py:588} INFO - Filling up the DagBag from /home/jenny/.local/lib/python3.13/site-packages/airflow/example_dags/example_kubernetes_executor.py
[2026-03-01T15:05:19.729+0530] {logging_mixin.py:190} INFO - [2026-03-01T15:05:19.728+0530] {example_kubernetes_executor.py:39} WARNING - The example_kubernetes_executor example DAG requires the kubernetes provider. Please install it with: pip install apache-airflow[cncf.kubernetes]
[2026-03-01T15:05:19.729+0530] {processor.py:927} WARNING - No viable dags retrieved from /home/jenny/.local/lib/python3.13/site-packages/airflow/example_dags/example_kubernetes_executor.py
[2026-03-01T15:05:19.735+0530] {processor.py:208} INFO - Processing /home/jenny/.local/lib/python3.13/site-packages/airflow/example_dags/example_kubernetes_executor.py took 0.015 seconds
[2026-03-01T15:06:12.320+0530] {processor.py:186} INFO - Started process (PID=249691) to work on /home/jenny/.local/lib/python3.13/site-packages/airflow/example_dags/example_kubernetes_executor.py
[2026-03-01T15:06:12.321+0530] {processor.py:914} INFO - Processing file /home/jenny/.local/lib/python3.13/site-packages/airflow/example_dags/example_kubernetes_executor.py for tasks to queue
[2026-03-01T15:06:12.324+0530] {logging_mixin.py:190} INFO - [2026-03-01T15:06:12.324+0530] {dagbag.py:588} INFO - Filling up the DagBag from /home/jenny/.local/lib/python3.13/site-packages/airflow/example_dags/example_kubernetes_executor.py
[2026-03-01T15:06:12.327+0530] {logging_mixin.py:190} INFO - [2026-03-01T15:06:12.327+0530] {example_kubernetes_executor.py:39} WARNING - The example_kubernetes_executor example DAG requires the kubernetes provider. Please install it with: pip install apache-airflow[cncf.kubernetes]
[2026-03-01T15:06:12.327+0530] {processor.py:927} WARNING - No viable dags retrieved from /home/jenny/.local/lib/python3.13/site-packages/airflow/example_dags/example_kubernetes_executor.py
[2026-03-01T15:06:12.333+0530] {processor.py:208} INFO - Processing /home/jenny/.local/lib/python3.13/site-packages/airflow/example_dags/example_kubernetes_executor.py took 0.018 seconds
[2026-03-01T15:07:06.227+0530] {processor.py:186} INFO - Started process (PID=250031) to work on /home/jenny/.local/lib/python3.13/site-packages/airflow/example_dags/example_kubernetes_executor.py
[2026-03-01T15:07:06.227+0530] {processor.py:914} INFO - Processing file /home/jenny/.local/lib/python3.13/site-packages/airflow/example_dags/example_kubernetes_executor.py for tasks to queue
[2026-03-01T15:07:06.229+0530] {logging_mixin.py:190} INFO - [2026-03-01T15:07:06.229+0530] {dagbag.py:588} INFO - Filling up the DagBag from /home/jenny/.local/lib/python3.13/site-packages/airflow/example_dags/example_kubernetes_executor.py
[2026-03-01T15:07:06.231+0530] {logging_mixin.py:190} INFO - [2026-03-01T15:07:06.231+0530] {example_kubernetes_executor.py:39} WARNING - The example_kubernetes_executor example DAG requires the kubernetes provider. Please install it with: pip install apache-airflow[cncf.kubernetes]
[2026-03-01T15:07:06.231+0530] {processor.py:927} WARNING - No viable dags retrieved from /home/jenny/.local/lib/python3.13/site-packages/airflow/example_dags/example_kubernetes_executor.py
[2026-03-01T15:07:06.237+0530] {processor.py:208} INFO - Processing /home/jenny/.local/lib/python3.13/site-packages/airflow/example_dags/example_kubernetes_executor.py took 0.014 seconds
[2026-03-01T15:07:59.485+0530] {processor.py:186} INFO - Started process (PID=250359) to work on /home/jenny/.local/lib/python3.13/site-packages/airflow/example_dags/example_kubernetes_executor.py
[2026-03-01T15:07:59.485+0530] {processor.py:914} INFO - Processing file /home/jenny/.local/lib/python3.13/site-packages/airflow/example_dags/example_kubernetes_executor.py for tasks to queue
[2026-03-01T15:07:59.487+0530] {logging_mixin.py:190} INFO - [2026-03-01T15:07:59.487+0530] {dagbag.py:588} INFO - Filling up the DagBag from /home/jenny/.local/lib/python3.13/site-packages/airflow/example_dags/example_kubernetes_executor.py
[2026-03-01T15:07:59.490+0530] {logging_mixin.py:190} INFO - [2026-03-01T15:07:59.490+0530] {example_kubernetes_executor.py:39} WARNING - The example_kubernetes_executor example DAG requires the kubernetes provider. Please install it with: pip install apache-airflow[cncf.kubernetes]
[2026-03-01T15:07:59.490+0530] {processor.py:927} WARNING - No viable dags retrieved from /home/jenny/.local/lib/python3.13/site-packages/airflow/example_dags/example_kubernetes_executor.py
[2026-03-01T15:07:59.498+0530] {processor.py:208} INFO - Processing /home/jenny/.local/lib/python3.13/site-packages/airflow/example_dags/example_kubernetes_executor.py took 0.017 seconds
[2026-03-01T15:08:51.897+0530] {processor.py:186} INFO - Started process (PID=250602) to work on /home/jenny/.local/lib/python3.13/site-packages/airflow/example_dags/example_kubernetes_executor.py
[2026-03-01T15:08:51.898+0530] {processor.py:914} INFO - Processing file /home/jenny/.local/lib/python3.13/site-packages/airflow/example_dags/example_kubernetes_executor.py for tasks to queue
[2026-03-01T15:08:51.901+0530] {logging_mixin.py:190} INFO - [2026-03-01T15:08:51.901+0530] {dagbag.py:588} INFO - Filling up the DagBag from /home/jenny/.local/lib/python3.13/site-packages/airflow/example_dags/example_kubernetes_executor.py
[2026-03-01T15:08:51.905+0530] {logging_mixin.py:190} INFO - [2026-03-01T15:08:51.904+0530] {example_kubernetes_executor.py:39} WARNING - The example_kubernetes_executor example DAG requires the kubernetes provider. Please install it with: pip install apache-airflow[cncf.kubernetes]
[2026-03-01T15:08:51.905+0530] {processor.py:927} WARNING - No viable dags retrieved from /home/jenny/.local/lib/python3.13/site-packages/airflow/example_dags/example_kubernetes_executor.py
[2026-03-01T15:08:51.916+0530] {processor.py:208} INFO - Processing /home/jenny/.local/lib/python3.13/site-packages/airflow/example_dags/example_kubernetes_executor.py took 0.024 seconds
[2026-03-01T15:09:42.798+0530] {processor.py:186} INFO - Started process (PID=250883) to work on /home/jenny/.local/lib/python3.13/site-packages/airflow/example_dags/example_kubernetes_executor.py
[2026-03-01T15:09:42.799+0530] {processor.py:914} INFO - Processing file /home/jenny/.local/lib/python3.13/site-packages/airflow/example_dags/example_kubernetes_executor.py for tasks to queue
[2026-03-01T15:09:42.801+0530] {logging_mixin.py:190} INFO - [2026-03-01T15:09:42.800+0530] {dagbag.py:588} INFO - Filling up the DagBag from /home/jenny/.local/lib/python3.13/site-packages/airflow/example_dags/example_kubernetes_executor.py
[2026-03-01T15:09:42.803+0530] {logging_mixin.py:190} INFO - [2026-03-01T15:09:42.803+0530] {example_kubernetes_executor.py:39} WARNING - The example_kubernetes_executor example DAG requires the kubernetes provider. Please install it with: pip install apache-airflow[cncf.kubernetes]
[2026-03-01T15:09:42.803+0530] {processor.py:927} WARNING - No viable dags retrieved from /home/jenny/.local/lib/python3.13/site-packages/airflow/example_dags/example_kubernetes_executor.py
[2026-03-01T15:09:42.810+0530] {processor.py:208} INFO - Processing /home/jenny/.local/lib/python3.13/site-packages/airflow/example_dags/example_kubernetes_executor.py took 0.016 seconds
[2026-03-01T19:41:00.039+0530] {processor.py:186} INFO - Started process (PID=251497) to work on /home/jenny/.local/lib/python3.13/site-packages/airflow/example_dags/example_kubernetes_executor.py
[2026-03-01T19:41:00.040+0530] {processor.py:914} INFO - Processing file /home/jenny/.local/lib/python3.13/site-packages/airflow/example_dags/example_kubernetes_executor.py for tasks to queue
[2026-03-01T19:41:00.041+0530] {logging_mixin.py:190} INFO - [2026-03-01T19:41:00.040+0530] {dagbag.py:588} INFO - Filling up the DagBag from /home/jenny/.local/lib/python3.13/site-packages/airflow/example_dags/example_kubernetes_executor.py
[2026-03-01T19:41:00.044+0530] {logging_mixin.py:190} INFO - [2026-03-01T19:41:00.044+0530] {example_kubernetes_executor.py:39} WARNING - The example_kubernetes_executor example DAG requires the kubernetes provider. Please install it with: pip install apache-airflow[cncf.kubernetes]
[2026-03-01T19:41:00.044+0530] {processor.py:927} WARNING - No viable dags retrieved from /home/jenny/.local/lib/python3.13/site-packages/airflow/example_dags/example_kubernetes_executor.py
[2026-03-01T19:41:00.052+0530] {processor.py:208} INFO - Processing /home/jenny/.local/lib/python3.13/site-packages/airflow/example_dags/example_kubernetes_executor.py took 0.018 seconds
[2026-03-01T19:42:13.867+0530] {processor.py:186} INFO - Started process (PID=255731) to work on /home/jenny/.local/lib/python3.13/site-packages/airflow/example_dags/example_kubernetes_executor.py
[2026-03-01T19:42:13.868+0530] {processor.py:914} INFO - Processing file /home/jenny/.local/lib/python3.13/site-packages/airflow/example_dags/example_kubernetes_executor.py for tasks to queue
[2026-03-01T19:42:13.870+0530] {logging_mixin.py:190} INFO - [2026-03-01T19:42:13.869+0530] {dagbag.py:588} INFO - Filling up the DagBag from /home/jenny/.local/lib/python3.13/site-packages/airflow/example_dags/example_kubernetes_executor.py
[2026-03-01T19:42:13.873+0530] {logging_mixin.py:190} INFO - [2026-03-01T19:42:13.873+0530] {example_kubernetes_executor.py:39} WARNING - The example_kubernetes_executor example DAG requires the kubernetes provider. Please install it with: pip install apache-airflow[cncf.kubernetes]
[2026-03-01T19:42:13.873+0530] {processor.py:927} WARNING - No viable dags retrieved from /home/jenny/.local/lib/python3.13/site-packages/airflow/example_dags/example_kubernetes_executor.py
[2026-03-01T19:42:13.880+0530] {processor.py:208} INFO - Processing /home/jenny/.local/lib/python3.13/site-packages/airflow/example_dags/example_kubernetes_executor.py took 0.017 seconds
[2026-03-01T19:43:09.041+0530] {processor.py:186} INFO - Started process (PID=256123) to work on /home/jenny/.local/lib/python3.13/site-packages/airflow/example_dags/example_kubernetes_executor.py
[2026-03-01T19:43:09.042+0530] {processor.py:914} INFO - Processing file /home/jenny/.local/lib/python3.13/site-packages/airflow/example_dags/example_kubernetes_executor.py for tasks to queue
[2026-03-01T19:43:09.044+0530] {logging_mixin.py:190} INFO - [2026-03-01T19:43:09.043+0530] {dagbag.py:588} INFO - Filling up the DagBag from /home/jenny/.local/lib/python3.13/site-packages/airflow/example_dags/example_kubernetes_executor.py
[2026-03-01T19:43:09.047+0530] {logging_mixin.py:190} INFO - [2026-03-01T19:43:09.047+0530] {example_kubernetes_executor.py:39} WARNING - The example_kubernetes_executor example DAG requires the kubernetes provider. Please install it with: pip install apache-airflow[cncf.kubernetes]
[2026-03-01T19:43:09.047+0530] {processor.py:927} WARNING - No viable dags retrieved from /home/jenny/.local/lib/python3.13/site-packages/airflow/example_dags/example_kubernetes_executor.py
[2026-03-01T19:43:09.054+0530] {processor.py:208} INFO - Processing /home/jenny/.local/lib/python3.13/site-packages/airflow/example_dags/example_kubernetes_executor.py took 0.018 seconds
[2026-03-01T19:44:03.174+0530] {processor.py:186} INFO - Started process (PID=256272) to work on /home/jenny/.local/lib/python3.13/site-packages/airflow/example_dags/example_kubernetes_executor.py
[2026-03-01T19:44:03.175+0530] {processor.py:914} INFO - Processing file /home/jenny/.local/lib/python3.13/site-packages/airflow/example_dags/example_kubernetes_executor.py for tasks to queue
[2026-03-01T19:44:03.177+0530] {logging_mixin.py:190} INFO - [2026-03-01T19:44:03.177+0530] {dagbag.py:588} INFO - Filling up the DagBag from /home/jenny/.local/lib/python3.13/site-packages/airflow/example_dags/example_kubernetes_executor.py
[2026-03-01T19:44:03.180+0530] {logging_mixin.py:190} INFO - [2026-03-01T19:44:03.180+0530] {example_kubernetes_executor.py:39} WARNING - The example_kubernetes_executor example DAG requires the kubernetes provider. Please install it with: pip install apache-airflow[cncf.kubernetes]
[2026-03-01T19:44:03.181+0530] {processor.py:927} WARNING - No viable dags retrieved from /home/jenny/.local/lib/python3.13/site-packages/airflow/example_dags/example_kubernetes_executor.py
[2026-03-01T19:44:03.187+0530] {processor.py:208} INFO - Processing /home/jenny/.local/lib/python3.13/site-packages/airflow/example_dags/example_kubernetes_executor.py took 0.018 seconds
[2026-03-01T19:44:55.955+0530] {processor.py:186} INFO - Started process (PID=256677) to work on /home/jenny/.local/lib/python3.13/site-packages/airflow/example_dags/example_kubernetes_executor.py
[2026-03-01T19:44:55.956+0530] {processor.py:914} INFO - Processing file /home/jenny/.local/lib/python3.13/site-packages/airflow/example_dags/example_kubernetes_executor.py for tasks to queue
[2026-03-01T19:44:55.957+0530] {logging_mixin.py:190} INFO - [2026-03-01T19:44:55.957+0530] {dagbag.py:588} INFO - Filling up the DagBag from /home/jenny/.local/lib/python3.13/site-packages/airflow/example_dags/example_kubernetes_executor.py
[2026-03-01T19:44:55.961+0530] {logging_mixin.py:190} INFO - [2026-03-01T19:44:55.960+0530] {example_kubernetes_executor.py:39} WARNING - The example_kubernetes_executor example DAG requires the kubernetes provider. Please install it with: pip install apache-airflow[cncf.kubernetes]
[2026-03-01T19:44:55.961+0530] {processor.py:927} WARNING - No viable dags retrieved from /home/jenny/.local/lib/python3.13/site-packages/airflow/example_dags/example_kubernetes_executor.py
[2026-03-01T19:44:55.968+0530] {processor.py:208} INFO - Processing /home/jenny/.local/lib/python3.13/site-packages/airflow/example_dags/example_kubernetes_executor.py took 0.017 seconds
[2026-03-01T19:45:46.863+0530] {processor.py:186} INFO - Started process (PID=257010) to work on /home/jenny/.local/lib/python3.13/site-packages/airflow/example_dags/example_kubernetes_executor.py
[2026-03-01T19:45:46.864+0530] {processor.py:914} INFO - Processing file /home/jenny/.local/lib/python3.13/site-packages/airflow/example_dags/example_kubernetes_executor.py for tasks to queue
[2026-03-01T19:45:46.865+0530] {logging_mixin.py:190} INFO - [2026-03-01T19:45:46.865+0530] {dagbag.py:588} INFO - Filling up the DagBag from /home/jenny/.local/lib/python3.13/site-packages/airflow/example_dags/example_kubernetes_executor.py
[2026-03-01T19:45:46.869+0530] {logging_mixin.py:190} INFO - [2026-03-01T19:45:46.868+0530] {example_kubernetes_executor.py:39} WARNING - The example_kubernetes_executor example DAG requires the kubernetes provider. Please install it with: pip install apache-airflow[cncf.kubernetes]
[2026-03-01T19:45:46.869+0530] {processor.py:927} WARNING - No viable dags retrieved from /home/jenny/.local/lib/python3.13/site-packages/airflow/example_dags/example_kubernetes_executor.py
[2026-03-01T19:45:46.876+0530] {processor.py:208} INFO - Processing /home/jenny/.local/lib/python3.13/site-packages/airflow/example_dags/example_kubernetes_executor.py took 0.016 seconds
[2026-03-01T19:46:37.457+0530] {processor.py:186} INFO - Started process (PID=257769) to work on /home/jenny/.local/lib/python3.13/site-packages/airflow/example_dags/example_kubernetes_executor.py
[2026-03-01T19:46:37.458+0530] {processor.py:914} INFO - Processing file /home/jenny/.local/lib/python3.13/site-packages/airflow/example_dags/example_kubernetes_executor.py for tasks to queue
[2026-03-01T19:46:37.460+0530] {logging_mixin.py:190} INFO - [2026-03-01T19:46:37.459+0530] {dagbag.py:588} INFO - Filling up the DagBag from /home/jenny/.local/lib/python3.13/site-packages/airflow/example_dags/example_kubernetes_executor.py
[2026-03-01T19:46:37.463+0530] {logging_mixin.py:190} INFO - [2026-03-01T19:46:37.462+0530] {example_kubernetes_executor.py:39} WARNING - The example_kubernetes_executor example DAG requires the kubernetes provider. Please install it with: pip install apache-airflow[cncf.kubernetes]
[2026-03-01T19:46:37.463+0530] {processor.py:927} WARNING - No viable dags retrieved from /home/jenny/.local/lib/python3.13/site-packages/airflow/example_dags/example_kubernetes_executor.py
[2026-03-01T19:46:37.469+0530] {processor.py:208} INFO - Processing /home/jenny/.local/lib/python3.13/site-packages/airflow/example_dags/example_kubernetes_executor.py took 0.017 seconds
[2026-03-01T19:47:30.658+0530] {processor.py:186} INFO - Started process (PID=259455) to work on /home/jenny/.local/lib/python3.13/site-packages/airflow/example_dags/example_kubernetes_executor.py
[2026-03-01T19:47:30.659+0530] {processor.py:914} INFO - Processing file /home/jenny/.local/lib/python3.13/site-packages/airflow/example_dags/example_kubernetes_executor.py for tasks to queue
[2026-03-01T19:47:30.660+0530] {logging_mixin.py:190} INFO - [2026-03-01T19:47:30.660+0530] {dagbag.py:588} INFO - Filling up the DagBag from /home/jenny/.local/lib/python3.13/site-packages/airflow/example_dags/example_kubernetes_executor.py
[2026-03-01T19:47:30.663+0530] {logging_mixin.py:190} INFO - [2026-03-01T19:47:30.663+0530] {example_kubernetes_executor.py:39} WARNING - The example_kubernetes_executor example DAG requires the kubernetes provider. Please install it with: pip install apache-airflow[cncf.kubernetes]
[2026-03-01T19:47:30.664+0530] {processor.py:927} WARNING - No viable dags retrieved from /home/jenny/.local/lib/python3.13/site-packages/airflow/example_dags/example_kubernetes_executor.py
[2026-03-01T19:47:30.670+0530] {processor.py:208} INFO - Processing /home/jenny/.local/lib/python3.13/site-packages/airflow/example_dags/example_kubernetes_executor.py took 0.017 seconds
[2026-03-01T19:48:24.690+0530] {processor.py:186} INFO - Started process (PID=260533) to work on /home/jenny/.local/lib/python3.13/site-packages/airflow/example_dags/example_kubernetes_executor.py
[2026-03-01T19:48:24.690+0530] {processor.py:914} INFO - Processing file /home/jenny/.local/lib/python3.13/site-packages/airflow/example_dags/example_kubernetes_executor.py for tasks to queue
[2026-03-01T19:48:24.691+0530] {logging_mixin.py:190} INFO - [2026-03-01T19:48:24.691+0530] {dagbag.py:588} INFO - Filling up the DagBag from /home/jenny/.local/lib/python3.13/site-packages/airflow/example_dags/example_kubernetes_executor.py
[2026-03-01T19:48:24.693+0530] {logging_mixin.py:190} INFO - [2026-03-01T19:48:24.693+0530] {example_kubernetes_executor.py:39} WARNING - The example_kubernetes_executor example DAG requires the kubernetes provider. Please install it with: pip install apache-airflow[cncf.kubernetes]
[2026-03-01T19:48:24.694+0530] {processor.py:927} WARNING - No viable dags retrieved from /home/jenny/.local/lib/python3.13/site-packages/airflow/example_dags/example_kubernetes_executor.py
[2026-03-01T19:48:24.699+0530] {processor.py:208} INFO - Processing /home/jenny/.local/lib/python3.13/site-packages/airflow/example_dags/example_kubernetes_executor.py took 0.015 seconds
[2026-03-01T19:49:18.649+0530] {processor.py:186} INFO - Started process (PID=261253) to work on /home/jenny/.local/lib/python3.13/site-packages/airflow/example_dags/example_kubernetes_executor.py
[2026-03-01T19:49:18.650+0530] {processor.py:914} INFO - Processing file /home/jenny/.local/lib/python3.13/site-packages/airflow/example_dags/example_kubernetes_executor.py for tasks to queue
[2026-03-01T19:49:18.652+0530] {logging_mixin.py:190} INFO - [2026-03-01T19:49:18.651+0530] {dagbag.py:588} INFO - Filling up the DagBag from /home/jenny/.local/lib/python3.13/site-packages/airflow/example_dags/example_kubernetes_executor.py
[2026-03-01T19:49:18.654+0530] {logging_mixin.py:190} INFO - [2026-03-01T19:49:18.654+0530] {example_kubernetes_executor.py:39} WARNING - The example_kubernetes_executor example DAG requires the kubernetes provider. Please install it with: pip install apache-airflow[cncf.kubernetes]
[2026-03-01T19:49:18.655+0530] {processor.py:927} WARNING - No viable dags retrieved from /home/jenny/.local/lib/python3.13/site-packages/airflow/example_dags/example_kubernetes_executor.py
[2026-03-01T19:49:18.660+0530] {processor.py:208} INFO - Processing /home/jenny/.local/lib/python3.13/site-packages/airflow/example_dags/example_kubernetes_executor.py took 0.015 seconds
[2026-03-01T19:50:11.751+0530] {processor.py:186} INFO - Started process (PID=261807) to work on /home/jenny/.local/lib/python3.13/site-packages/airflow/example_dags/example_kubernetes_executor.py
[2026-03-01T19:50:11.752+0530] {processor.py:914} INFO - Processing file /home/jenny/.local/lib/python3.13/site-packages/airflow/example_dags/example_kubernetes_executor.py for tasks to queue
[2026-03-01T19:50:11.754+0530] {logging_mixin.py:190} INFO - [2026-03-01T19:50:11.753+0530] {dagbag.py:588} INFO - Filling up the DagBag from /home/jenny/.local/lib/python3.13/site-packages/airflow/example_dags/example_kubernetes_executor.py
[2026-03-01T19:50:11.757+0530] {logging_mixin.py:190} INFO - [2026-03-01T19:50:11.756+0530] {example_kubernetes_executor.py:39} WARNING - The example_kubernetes_executor example DAG requires the kubernetes provider. Please install it with: pip install apache-airflow[cncf.kubernetes]
[2026-03-01T19:50:11.757+0530] {processor.py:927} WARNING - No viable dags retrieved from /home/jenny/.local/lib/python3.13/site-packages/airflow/example_dags/example_kubernetes_executor.py
[2026-03-01T19:50:11.763+0530] {processor.py:208} INFO - Processing /home/jenny/.local/lib/python3.13/site-packages/airflow/example_dags/example_kubernetes_executor.py took 0.017 seconds
[2026-03-01T19:51:06.386+0530] {processor.py:186} INFO - Started process (PID=262154) to work on /home/jenny/.local/lib/python3.13/site-packages/airflow/example_dags/example_kubernetes_executor.py
[2026-03-01T19:51:06.387+0530] {processor.py:914} INFO - Processing file /home/jenny/.local/lib/python3.13/site-packages/airflow/example_dags/example_kubernetes_executor.py for tasks to queue
[2026-03-01T19:51:06.389+0530] {logging_mixin.py:190} INFO - [2026-03-01T19:51:06.388+0530] {dagbag.py:588} INFO - Filling up the DagBag from /home/jenny/.local/lib/python3.13/site-packages/airflow/example_dags/example_kubernetes_executor.py
[2026-03-01T19:51:06.392+0530] {logging_mixin.py:190} INFO - [2026-03-01T19:51:06.392+0530] {example_kubernetes_executor.py:39} WARNING - The example_kubernetes_executor example DAG requires the kubernetes provider. Please install it with: pip install apache-airflow[cncf.kubernetes]
[2026-03-01T19:51:06.392+0530] {processor.py:927} WARNING - No viable dags retrieved from /home/jenny/.local/lib/python3.13/site-packages/airflow/example_dags/example_kubernetes_executor.py
[2026-03-01T19:51:06.401+0530] {processor.py:208} INFO - Processing /home/jenny/.local/lib/python3.13/site-packages/airflow/example_dags/example_kubernetes_executor.py took 0.020 seconds
[2026-03-01T19:51:59.937+0530] {processor.py:186} INFO - Started process (PID=262535) to work on /home/jenny/.local/lib/python3.13/site-packages/airflow/example_dags/example_kubernetes_executor.py
[2026-03-01T19:51:59.938+0530] {processor.py:914} INFO - Processing file /home/jenny/.local/lib/python3.13/site-packages/airflow/example_dags/example_kubernetes_executor.py for tasks to queue
[2026-03-01T19:51:59.939+0530] {logging_mixin.py:190} INFO - [2026-03-01T19:51:59.939+0530] {dagbag.py:588} INFO - Filling up the DagBag from /home/jenny/.local/lib/python3.13/site-packages/airflow/example_dags/example_kubernetes_executor.py
[2026-03-01T19:51:59.941+0530] {logging_mixin.py:190} INFO - [2026-03-01T19:51:59.941+0530] {example_kubernetes_executor.py:39} WARNING - The example_kubernetes_executor example DAG requires the kubernetes provider. Please install it with: pip install apache-airflow[cncf.kubernetes]
[2026-03-01T19:51:59.941+0530] {processor.py:927} WARNING - No viable dags retrieved from /home/jenny/.local/lib/python3.13/site-packages/airflow/example_dags/example_kubernetes_executor.py
[2026-03-01T19:51:59.948+0530] {processor.py:208} INFO - Processing /home/jenny/.local/lib/python3.13/site-packages/airflow/example_dags/example_kubernetes_executor.py took 0.015 seconds
[2026-03-01T19:52:52.452+0530] {processor.py:186} INFO - Started process (PID=262675) to work on /home/jenny/.local/lib/python3.13/site-packages/airflow/example_dags/example_kubernetes_executor.py
[2026-03-01T19:52:52.453+0530] {processor.py:914} INFO - Processing file /home/jenny/.local/lib/python3.13/site-packages/airflow/example_dags/example_kubernetes_executor.py for tasks to queue
[2026-03-01T19:52:52.455+0530] {logging_mixin.py:190} INFO - [2026-03-01T19:52:52.454+0530] {dagbag.py:588} INFO - Filling up the DagBag from /home/jenny/.local/lib/python3.13/site-packages/airflow/example_dags/example_kubernetes_executor.py
[2026-03-01T19:52:52.458+0530] {logging_mixin.py:190} INFO - [2026-03-01T19:52:52.458+0530] {example_kubernetes_executor.py:39} WARNING - The example_kubernetes_executor example DAG requires the kubernetes provider. Please install it with: pip install apache-airflow[cncf.kubernetes]
[2026-03-01T19:52:52.459+0530] {processor.py:927} WARNING - No viable dags retrieved from /home/jenny/.local/lib/python3.13/site-packages/airflow/example_dags/example_kubernetes_executor.py
[2026-03-01T19:52:52.465+0530] {processor.py:208} INFO - Processing /home/jenny/.local/lib/python3.13/site-packages/airflow/example_dags/example_kubernetes_executor.py took 0.019 seconds
[2026-03-01T19:53:45.358+0530] {processor.py:186} INFO - Started process (PID=263312) to work on /home/jenny/.local/lib/python3.13/site-packages/airflow/example_dags/example_kubernetes_executor.py
[2026-03-01T19:53:45.359+0530] {processor.py:914} INFO - Processing file /home/jenny/.local/lib/python3.13/site-packages/airflow/example_dags/example_kubernetes_executor.py for tasks to queue
[2026-03-01T19:53:45.360+0530] {logging_mixin.py:190} INFO - [2026-03-01T19:53:45.360+0530] {dagbag.py:588} INFO - Filling up the DagBag from /home/jenny/.local/lib/python3.13/site-packages/airflow/example_dags/example_kubernetes_executor.py
[2026-03-01T19:53:45.363+0530] {logging_mixin.py:190} INFO - [2026-03-01T19:53:45.363+0530] {example_kubernetes_executor.py:39} WARNING - The example_kubernetes_executor example DAG requires the kubernetes provider. Please install it with: pip install apache-airflow[cncf.kubernetes]
[2026-03-01T19:53:45.364+0530] {processor.py:927} WARNING - No viable dags retrieved from /home/jenny/.local/lib/python3.13/site-packages/airflow/example_dags/example_kubernetes_executor.py
[2026-03-01T19:53:45.370+0530] {processor.py:208} INFO - Processing /home/jenny/.local/lib/python3.13/site-packages/airflow/example_dags/example_kubernetes_executor.py took 0.015 seconds
