[2026-03-01T14:15:24.521+0530] {processor.py:186} INFO - Started process (PID=213232) to work on /home/jenny/.local/lib/python3.13/site-packages/airflow/example_dags/example_display_name.py
[2026-03-01T14:15:24.522+0530] {processor.py:914} INFO - Processing file /home/jenny/.local/lib/python3.13/site-packages/airflow/example_dags/example_display_name.py for tasks to queue
[2026-03-01T14:15:24.525+0530] {logging_mixin.py:190} INFO - [2026-03-01T14:15:24.525+0530] {dagbag.py:588} INFO - Filling up the DagBag from /home/jenny/.local/lib/python3.13/site-packages/airflow/example_dags/example_display_name.py
[2026-03-01T14:15:24.532+0530] {processor.py:925} INFO - DAG(s) 'example_display_name' retrieved from /home/jenny/.local/lib/python3.13/site-packages/airflow/example_dags/example_display_name.py
[2026-03-01T14:15:24.604+0530] {logging_mixin.py:190} INFO - [2026-03-01T14:15:24.604+0530] {override.py:1932} INFO - Created Permission View: can read on DAG:example_display_name
[2026-03-01T14:15:24.617+0530] {logging_mixin.py:190} INFO - [2026-03-01T14:15:24.616+0530] {override.py:1932} INFO - Created Permission View: can delete on DAG:example_display_name
[2026-03-01T14:15:24.626+0530] {logging_mixin.py:190} INFO - [2026-03-01T14:15:24.626+0530] {override.py:1932} INFO - Created Permission View: can edit on DAG:example_display_name
[2026-03-01T14:15:24.647+0530] {logging_mixin.py:190} INFO - [2026-03-01T14:15:24.647+0530] {override.py:1932} INFO - Created Permission View: can read on DAG Run:example_display_name
[2026-03-01T14:15:24.660+0530] {logging_mixin.py:190} INFO - [2026-03-01T14:15:24.660+0530] {override.py:1932} INFO - Created Permission View: menu access on DAG Run:example_display_name
[2026-03-01T14:15:24.673+0530] {logging_mixin.py:190} INFO - [2026-03-01T14:15:24.672+0530] {override.py:1932} INFO - Created Permission View: can create on DAG Run:example_display_name
[2026-03-01T14:15:24.686+0530] {logging_mixin.py:190} INFO - [2026-03-01T14:15:24.685+0530] {override.py:1932} INFO - Created Permission View: can delete on DAG Run:example_display_name
[2026-03-01T14:15:24.686+0530] {logging_mixin.py:190} INFO - [2026-03-01T14:15:24.686+0530] {dag.py:3239} INFO - Sync 1 DAGs
[2026-03-01T14:15:24.696+0530] {logging_mixin.py:190} INFO - [2026-03-01T14:15:24.696+0530] {dag.py:3262} INFO - Creating ORM DAG for example_display_name
[2026-03-01T14:15:24.696+0530] {logging_mixin.py:190} INFO - [2026-03-01T14:15:24.696+0530] {dag.py:4180} INFO - Setting next_dagrun for example_display_name to None, run_after=None
[2026-03-01T14:15:24.714+0530] {processor.py:208} INFO - Processing /home/jenny/.local/lib/python3.13/site-packages/airflow/example_dags/example_display_name.py took 0.199 seconds
[2026-03-01T14:16:26.700+0530] {processor.py:186} INFO - Started process (PID=213900) to work on /home/jenny/.local/lib/python3.13/site-packages/airflow/example_dags/example_display_name.py
[2026-03-01T14:16:26.701+0530] {processor.py:914} INFO - Processing file /home/jenny/.local/lib/python3.13/site-packages/airflow/example_dags/example_display_name.py for tasks to queue
[2026-03-01T14:16:26.703+0530] {logging_mixin.py:190} INFO - [2026-03-01T14:16:26.703+0530] {dagbag.py:588} INFO - Filling up the DagBag from /home/jenny/.local/lib/python3.13/site-packages/airflow/example_dags/example_display_name.py
[2026-03-01T14:16:26.710+0530] {processor.py:925} INFO - DAG(s) 'example_display_name' retrieved from /home/jenny/.local/lib/python3.13/site-packages/airflow/example_dags/example_display_name.py
[2026-03-01T14:16:26.723+0530] {logging_mixin.py:190} INFO - [2026-03-01T14:16:26.723+0530] {dag.py:3239} INFO - Sync 1 DAGs
[2026-03-01T14:16:26.735+0530] {logging_mixin.py:190} INFO - [2026-03-01T14:16:26.735+0530] {dag.py:4180} INFO - Setting next_dagrun for example_display_name to None, run_after=None
[2026-03-01T14:16:26.750+0530] {processor.py:208} INFO - Processing /home/jenny/.local/lib/python3.13/site-packages/airflow/example_dags/example_display_name.py took 0.054 seconds
[2026-03-01T14:17:21.307+0530] {processor.py:186} INFO - Started process (PID=215121) to work on /home/jenny/.local/lib/python3.13/site-packages/airflow/example_dags/example_display_name.py
[2026-03-01T14:17:21.308+0530] {processor.py:914} INFO - Processing file /home/jenny/.local/lib/python3.13/site-packages/airflow/example_dags/example_display_name.py for tasks to queue
[2026-03-01T14:17:21.311+0530] {logging_mixin.py:190} INFO - [2026-03-01T14:17:21.310+0530] {dagbag.py:588} INFO - Filling up the DagBag from /home/jenny/.local/lib/python3.13/site-packages/airflow/example_dags/example_display_name.py
[2026-03-01T14:17:21.316+0530] {processor.py:925} INFO - DAG(s) 'example_display_name' retrieved from /home/jenny/.local/lib/python3.13/site-packages/airflow/example_dags/example_display_name.py
[2026-03-01T14:17:21.325+0530] {logging_mixin.py:190} INFO - [2026-03-01T14:17:21.324+0530] {dag.py:3239} INFO - Sync 1 DAGs
[2026-03-01T14:17:21.334+0530] {logging_mixin.py:190} INFO - [2026-03-01T14:17:21.334+0530] {dag.py:4180} INFO - Setting next_dagrun for example_display_name to None, run_after=None
[2026-03-01T14:17:21.349+0530] {processor.py:208} INFO - Processing /home/jenny/.local/lib/python3.13/site-packages/airflow/example_dags/example_display_name.py took 0.049 seconds
[2026-03-01T14:18:42.070+0530] {processor.py:186} INFO - Started process (PID=215658) to work on /home/jenny/.local/lib/python3.13/site-packages/airflow/example_dags/example_display_name.py
[2026-03-01T14:18:42.071+0530] {processor.py:914} INFO - Processing file /home/jenny/.local/lib/python3.13/site-packages/airflow/example_dags/example_display_name.py for tasks to queue
[2026-03-01T14:18:42.072+0530] {logging_mixin.py:190} INFO - [2026-03-01T14:18:42.072+0530] {dagbag.py:588} INFO - Filling up the DagBag from /home/jenny/.local/lib/python3.13/site-packages/airflow/example_dags/example_display_name.py
[2026-03-01T14:18:42.079+0530] {processor.py:925} INFO - DAG(s) 'example_display_name' retrieved from /home/jenny/.local/lib/python3.13/site-packages/airflow/example_dags/example_display_name.py
[2026-03-01T14:18:42.145+0530] {logging_mixin.py:190} INFO - [2026-03-01T14:18:42.144+0530] {dag.py:3239} INFO - Sync 1 DAGs
[2026-03-01T14:18:42.151+0530] {logging_mixin.py:190} INFO - [2026-03-01T14:18:42.151+0530] {dag.py:4180} INFO - Setting next_dagrun for example_display_name to None, run_after=None
[2026-03-01T14:18:42.166+0530] {processor.py:208} INFO - Processing /home/jenny/.local/lib/python3.13/site-packages/airflow/example_dags/example_display_name.py took 0.101 seconds
[2026-03-01T14:19:39.083+0530] {processor.py:186} INFO - Started process (PID=216483) to work on /home/jenny/.local/lib/python3.13/site-packages/airflow/example_dags/example_display_name.py
[2026-03-01T14:19:39.085+0530] {processor.py:914} INFO - Processing file /home/jenny/.local/lib/python3.13/site-packages/airflow/example_dags/example_display_name.py for tasks to queue
[2026-03-01T14:19:39.087+0530] {logging_mixin.py:190} INFO - [2026-03-01T14:19:39.087+0530] {dagbag.py:588} INFO - Filling up the DagBag from /home/jenny/.local/lib/python3.13/site-packages/airflow/example_dags/example_display_name.py
[2026-03-01T14:19:39.094+0530] {processor.py:925} INFO - DAG(s) 'example_display_name' retrieved from /home/jenny/.local/lib/python3.13/site-packages/airflow/example_dags/example_display_name.py
[2026-03-01T14:19:39.102+0530] {logging_mixin.py:190} INFO - [2026-03-01T14:19:39.102+0530] {dag.py:3239} INFO - Sync 1 DAGs
[2026-03-01T14:19:39.109+0530] {logging_mixin.py:190} INFO - [2026-03-01T14:19:39.109+0530] {dag.py:4180} INFO - Setting next_dagrun for example_display_name to None, run_after=None
[2026-03-01T14:19:39.124+0530] {processor.py:208} INFO - Processing /home/jenny/.local/lib/python3.13/site-packages/airflow/example_dags/example_display_name.py took 0.045 seconds
[2026-03-01T14:20:42.688+0530] {processor.py:186} INFO - Started process (PID=216759) to work on /home/jenny/.local/lib/python3.13/site-packages/airflow/example_dags/example_display_name.py
[2026-03-01T14:20:42.689+0530] {processor.py:914} INFO - Processing file /home/jenny/.local/lib/python3.13/site-packages/airflow/example_dags/example_display_name.py for tasks to queue
[2026-03-01T14:20:42.691+0530] {logging_mixin.py:190} INFO - [2026-03-01T14:20:42.691+0530] {dagbag.py:588} INFO - Filling up the DagBag from /home/jenny/.local/lib/python3.13/site-packages/airflow/example_dags/example_display_name.py
[2026-03-01T14:20:42.697+0530] {processor.py:925} INFO - DAG(s) 'example_display_name' retrieved from /home/jenny/.local/lib/python3.13/site-packages/airflow/example_dags/example_display_name.py
[2026-03-01T14:20:42.706+0530] {logging_mixin.py:190} INFO - [2026-03-01T14:20:42.706+0530] {dag.py:3239} INFO - Sync 1 DAGs
[2026-03-01T14:20:42.716+0530] {logging_mixin.py:190} INFO - [2026-03-01T14:20:42.716+0530] {dag.py:4180} INFO - Setting next_dagrun for example_display_name to None, run_after=None
[2026-03-01T14:20:42.731+0530] {processor.py:208} INFO - Processing /home/jenny/.local/lib/python3.13/site-packages/airflow/example_dags/example_display_name.py took 0.049 seconds
[2026-03-01T14:21:38.887+0530] {processor.py:186} INFO - Started process (PID=216905) to work on /home/jenny/.local/lib/python3.13/site-packages/airflow/example_dags/example_display_name.py
[2026-03-01T14:21:38.888+0530] {processor.py:914} INFO - Processing file /home/jenny/.local/lib/python3.13/site-packages/airflow/example_dags/example_display_name.py for tasks to queue
[2026-03-01T14:21:38.890+0530] {logging_mixin.py:190} INFO - [2026-03-01T14:21:38.890+0530] {dagbag.py:588} INFO - Filling up the DagBag from /home/jenny/.local/lib/python3.13/site-packages/airflow/example_dags/example_display_name.py
[2026-03-01T14:21:38.896+0530] {processor.py:925} INFO - DAG(s) 'example_display_name' retrieved from /home/jenny/.local/lib/python3.13/site-packages/airflow/example_dags/example_display_name.py
[2026-03-01T14:21:38.907+0530] {logging_mixin.py:190} INFO - [2026-03-01T14:21:38.907+0530] {dag.py:3239} INFO - Sync 1 DAGs
[2026-03-01T14:21:38.915+0530] {logging_mixin.py:190} INFO - [2026-03-01T14:21:38.915+0530] {dag.py:4180} INFO - Setting next_dagrun for example_display_name to None, run_after=None
[2026-03-01T14:21:38.931+0530] {processor.py:208} INFO - Processing /home/jenny/.local/lib/python3.13/site-packages/airflow/example_dags/example_display_name.py took 0.048 seconds
[2026-03-01T14:22:34.390+0530] {processor.py:186} INFO - Started process (PID=218313) to work on /home/jenny/.local/lib/python3.13/site-packages/airflow/example_dags/example_display_name.py
[2026-03-01T14:22:34.391+0530] {processor.py:914} INFO - Processing file /home/jenny/.local/lib/python3.13/site-packages/airflow/example_dags/example_display_name.py for tasks to queue
[2026-03-01T14:22:34.394+0530] {logging_mixin.py:190} INFO - [2026-03-01T14:22:34.394+0530] {dagbag.py:588} INFO - Filling up the DagBag from /home/jenny/.local/lib/python3.13/site-packages/airflow/example_dags/example_display_name.py
[2026-03-01T14:22:34.400+0530] {processor.py:925} INFO - DAG(s) 'example_display_name' retrieved from /home/jenny/.local/lib/python3.13/site-packages/airflow/example_dags/example_display_name.py
[2026-03-01T14:22:34.409+0530] {logging_mixin.py:190} INFO - [2026-03-01T14:22:34.409+0530] {dag.py:3239} INFO - Sync 1 DAGs
[2026-03-01T14:22:34.417+0530] {logging_mixin.py:190} INFO - [2026-03-01T14:22:34.417+0530] {dag.py:4180} INFO - Setting next_dagrun for example_display_name to None, run_after=None
[2026-03-01T14:22:34.432+0530] {processor.py:208} INFO - Processing /home/jenny/.local/lib/python3.13/site-packages/airflow/example_dags/example_display_name.py took 0.048 seconds
