[2026-03-01T14:15:06.423+0530] {processor.py:186} INFO - Started process (PID=212938) to work on /home/jenny/.local/lib/python3.13/site-packages/airflow/example_dags/example_sensors.py
[2026-03-01T14:15:06.423+0530] {processor.py:914} INFO - Processing file /home/jenny/.local/lib/python3.13/site-packages/airflow/example_dags/example_sensors.py for tasks to queue
[2026-03-01T14:15:06.425+0530] {logging_mixin.py:190} INFO - [2026-03-01T14:15:06.425+0530] {dagbag.py:588} INFO - Filling up the DagBag from /home/jenny/.local/lib/python3.13/site-packages/airflow/example_dags/example_sensors.py
[2026-03-01T14:15:06.434+0530] {processor.py:925} INFO - DAG(s) 'example_sensors' retrieved from /home/jenny/.local/lib/python3.13/site-packages/airflow/example_dags/example_sensors.py
[2026-03-01T14:15:06.508+0530] {logging_mixin.py:190} INFO - [2026-03-01T14:15:06.507+0530] {override.py:1932} INFO - Created Permission View: can read on DAG:example_sensors
[2026-03-01T14:15:06.519+0530] {logging_mixin.py:190} INFO - [2026-03-01T14:15:06.518+0530] {override.py:1932} INFO - Created Permission View: can delete on DAG:example_sensors
[2026-03-01T14:15:06.531+0530] {logging_mixin.py:190} INFO - [2026-03-01T14:15:06.531+0530] {override.py:1932} INFO - Created Permission View: can edit on DAG:example_sensors
[2026-03-01T14:15:06.553+0530] {logging_mixin.py:190} INFO - [2026-03-01T14:15:06.553+0530] {override.py:1932} INFO - Created Permission View: can read on DAG Run:example_sensors
[2026-03-01T14:15:06.562+0530] {logging_mixin.py:190} INFO - [2026-03-01T14:15:06.562+0530] {override.py:1932} INFO - Created Permission View: menu access on DAG Run:example_sensors
[2026-03-01T14:15:06.572+0530] {logging_mixin.py:190} INFO - [2026-03-01T14:15:06.572+0530] {override.py:1932} INFO - Created Permission View: can create on DAG Run:example_sensors
[2026-03-01T14:15:06.582+0530] {logging_mixin.py:190} INFO - [2026-03-01T14:15:06.581+0530] {override.py:1932} INFO - Created Permission View: can delete on DAG Run:example_sensors
[2026-03-01T14:15:06.582+0530] {logging_mixin.py:190} INFO - [2026-03-01T14:15:06.582+0530] {dag.py:3239} INFO - Sync 1 DAGs
[2026-03-01T14:15:06.589+0530] {logging_mixin.py:190} INFO - [2026-03-01T14:15:06.589+0530] {dag.py:3262} INFO - Creating ORM DAG for example_sensors
[2026-03-01T14:15:06.589+0530] {logging_mixin.py:190} INFO - [2026-03-01T14:15:06.589+0530] {dag.py:4180} INFO - Setting next_dagrun for example_sensors to None, run_after=None
[2026-03-01T14:15:06.604+0530] {processor.py:208} INFO - Processing /home/jenny/.local/lib/python3.13/site-packages/airflow/example_dags/example_sensors.py took 0.184 seconds
[2026-03-01T14:16:07.763+0530] {processor.py:186} INFO - Started process (PID=213430) to work on /home/jenny/.local/lib/python3.13/site-packages/airflow/example_dags/example_sensors.py
[2026-03-01T14:16:07.764+0530] {processor.py:914} INFO - Processing file /home/jenny/.local/lib/python3.13/site-packages/airflow/example_dags/example_sensors.py for tasks to queue
[2026-03-01T14:16:07.767+0530] {logging_mixin.py:190} INFO - [2026-03-01T14:16:07.766+0530] {dagbag.py:588} INFO - Filling up the DagBag from /home/jenny/.local/lib/python3.13/site-packages/airflow/example_dags/example_sensors.py
[2026-03-01T14:16:07.775+0530] {processor.py:925} INFO - DAG(s) 'example_sensors' retrieved from /home/jenny/.local/lib/python3.13/site-packages/airflow/example_dags/example_sensors.py
[2026-03-01T14:16:07.787+0530] {logging_mixin.py:190} INFO - [2026-03-01T14:16:07.787+0530] {dag.py:3239} INFO - Sync 1 DAGs
[2026-03-01T14:16:07.794+0530] {logging_mixin.py:190} INFO - [2026-03-01T14:16:07.793+0530] {dag.py:4180} INFO - Setting next_dagrun for example_sensors to None, run_after=None
[2026-03-01T14:16:07.812+0530] {processor.py:208} INFO - Processing /home/jenny/.local/lib/python3.13/site-packages/airflow/example_dags/example_sensors.py took 0.053 seconds
[2026-03-01T14:17:04.444+0530] {processor.py:186} INFO - Started process (PID=214913) to work on /home/jenny/.local/lib/python3.13/site-packages/airflow/example_dags/example_sensors.py
[2026-03-01T14:17:04.444+0530] {processor.py:914} INFO - Processing file /home/jenny/.local/lib/python3.13/site-packages/airflow/example_dags/example_sensors.py for tasks to queue
[2026-03-01T14:17:04.447+0530] {logging_mixin.py:190} INFO - [2026-03-01T14:17:04.447+0530] {dagbag.py:588} INFO - Filling up the DagBag from /home/jenny/.local/lib/python3.13/site-packages/airflow/example_dags/example_sensors.py
[2026-03-01T14:17:04.456+0530] {processor.py:925} INFO - DAG(s) 'example_sensors' retrieved from /home/jenny/.local/lib/python3.13/site-packages/airflow/example_dags/example_sensors.py
[2026-03-01T14:17:04.467+0530] {logging_mixin.py:190} INFO - [2026-03-01T14:17:04.467+0530] {dag.py:3239} INFO - Sync 1 DAGs
[2026-03-01T14:17:04.477+0530] {logging_mixin.py:190} INFO - [2026-03-01T14:17:04.477+0530] {dag.py:4180} INFO - Setting next_dagrun for example_sensors to None, run_after=None
[2026-03-01T14:17:04.493+0530] {processor.py:208} INFO - Processing /home/jenny/.local/lib/python3.13/site-packages/airflow/example_dags/example_sensors.py took 0.054 seconds
[2026-03-01T14:18:23.908+0530] {processor.py:186} INFO - Started process (PID=215614) to work on /home/jenny/.local/lib/python3.13/site-packages/airflow/example_dags/example_sensors.py
[2026-03-01T14:18:23.909+0530] {processor.py:914} INFO - Processing file /home/jenny/.local/lib/python3.13/site-packages/airflow/example_dags/example_sensors.py for tasks to queue
[2026-03-01T14:18:23.912+0530] {logging_mixin.py:190} INFO - [2026-03-01T14:18:23.911+0530] {dagbag.py:588} INFO - Filling up the DagBag from /home/jenny/.local/lib/python3.13/site-packages/airflow/example_dags/example_sensors.py
[2026-03-01T14:18:23.921+0530] {processor.py:925} INFO - DAG(s) 'example_sensors' retrieved from /home/jenny/.local/lib/python3.13/site-packages/airflow/example_dags/example_sensors.py
[2026-03-01T14:18:23.987+0530] {logging_mixin.py:190} INFO - [2026-03-01T14:18:23.987+0530] {dag.py:3239} INFO - Sync 1 DAGs
[2026-03-01T14:18:23.993+0530] {logging_mixin.py:190} INFO - [2026-03-01T14:18:23.993+0530] {dag.py:4180} INFO - Setting next_dagrun for example_sensors to None, run_after=None
[2026-03-01T14:18:24.009+0530] {processor.py:208} INFO - Processing /home/jenny/.local/lib/python3.13/site-packages/airflow/example_dags/example_sensors.py took 0.105 seconds
[2026-03-01T14:19:21.912+0530] {processor.py:186} INFO - Started process (PID=216433) to work on /home/jenny/.local/lib/python3.13/site-packages/airflow/example_dags/example_sensors.py
[2026-03-01T14:19:21.913+0530] {processor.py:914} INFO - Processing file /home/jenny/.local/lib/python3.13/site-packages/airflow/example_dags/example_sensors.py for tasks to queue
[2026-03-01T14:19:21.916+0530] {logging_mixin.py:190} INFO - [2026-03-01T14:19:21.915+0530] {dagbag.py:588} INFO - Filling up the DagBag from /home/jenny/.local/lib/python3.13/site-packages/airflow/example_dags/example_sensors.py
[2026-03-01T14:19:21.926+0530] {processor.py:925} INFO - DAG(s) 'example_sensors' retrieved from /home/jenny/.local/lib/python3.13/site-packages/airflow/example_dags/example_sensors.py
[2026-03-01T14:19:21.953+0530] {logging_mixin.py:190} INFO - [2026-03-01T14:19:21.952+0530] {dag.py:3239} INFO - Sync 1 DAGs
[2026-03-01T14:19:21.967+0530] {logging_mixin.py:190} INFO - [2026-03-01T14:19:21.967+0530] {dag.py:4180} INFO - Setting next_dagrun for example_sensors to None, run_after=None
[2026-03-01T14:19:21.985+0530] {processor.py:208} INFO - Processing /home/jenny/.local/lib/python3.13/site-packages/airflow/example_dags/example_sensors.py took 0.077 seconds
[2026-03-01T14:20:22.517+0530] {processor.py:186} INFO - Started process (PID=216689) to work on /home/jenny/.local/lib/python3.13/site-packages/airflow/example_dags/example_sensors.py
[2026-03-01T14:20:22.517+0530] {processor.py:914} INFO - Processing file /home/jenny/.local/lib/python3.13/site-packages/airflow/example_dags/example_sensors.py for tasks to queue
[2026-03-01T14:20:22.519+0530] {logging_mixin.py:190} INFO - [2026-03-01T14:20:22.519+0530] {dagbag.py:588} INFO - Filling up the DagBag from /home/jenny/.local/lib/python3.13/site-packages/airflow/example_dags/example_sensors.py
[2026-03-01T14:20:22.527+0530] {processor.py:925} INFO - DAG(s) 'example_sensors' retrieved from /home/jenny/.local/lib/python3.13/site-packages/airflow/example_dags/example_sensors.py
[2026-03-01T14:20:22.539+0530] {logging_mixin.py:190} INFO - [2026-03-01T14:20:22.539+0530] {dag.py:3239} INFO - Sync 1 DAGs
[2026-03-01T14:20:22.549+0530] {logging_mixin.py:190} INFO - [2026-03-01T14:20:22.549+0530] {dag.py:4180} INFO - Setting next_dagrun for example_sensors to None, run_after=None
[2026-03-01T14:20:22.565+0530] {processor.py:208} INFO - Processing /home/jenny/.local/lib/python3.13/site-packages/airflow/example_dags/example_sensors.py took 0.052 seconds
[2026-03-01T14:21:19.428+0530] {processor.py:186} INFO - Started process (PID=216857) to work on /home/jenny/.local/lib/python3.13/site-packages/airflow/example_dags/example_sensors.py
[2026-03-01T14:21:19.429+0530] {processor.py:914} INFO - Processing file /home/jenny/.local/lib/python3.13/site-packages/airflow/example_dags/example_sensors.py for tasks to queue
[2026-03-01T14:21:19.433+0530] {logging_mixin.py:190} INFO - [2026-03-01T14:21:19.433+0530] {dagbag.py:588} INFO - Filling up the DagBag from /home/jenny/.local/lib/python3.13/site-packages/airflow/example_dags/example_sensors.py
[2026-03-01T14:21:19.447+0530] {processor.py:925} INFO - DAG(s) 'example_sensors' retrieved from /home/jenny/.local/lib/python3.13/site-packages/airflow/example_dags/example_sensors.py
[2026-03-01T14:21:19.462+0530] {logging_mixin.py:190} INFO - [2026-03-01T14:21:19.462+0530] {dag.py:3239} INFO - Sync 1 DAGs
[2026-03-01T14:21:19.470+0530] {logging_mixin.py:190} INFO - [2026-03-01T14:21:19.470+0530] {dag.py:4180} INFO - Setting next_dagrun for example_sensors to None, run_after=None
[2026-03-01T14:21:19.485+0530] {processor.py:208} INFO - Processing /home/jenny/.local/lib/python3.13/site-packages/airflow/example_dags/example_sensors.py took 0.063 seconds
[2026-03-01T14:22:15.662+0530] {processor.py:186} INFO - Started process (PID=217638) to work on /home/jenny/.local/lib/python3.13/site-packages/airflow/example_dags/example_sensors.py
[2026-03-01T14:22:15.663+0530] {processor.py:914} INFO - Processing file /home/jenny/.local/lib/python3.13/site-packages/airflow/example_dags/example_sensors.py for tasks to queue
[2026-03-01T14:22:15.666+0530] {logging_mixin.py:190} INFO - [2026-03-01T14:22:15.665+0530] {dagbag.py:588} INFO - Filling up the DagBag from /home/jenny/.local/lib/python3.13/site-packages/airflow/example_dags/example_sensors.py
[2026-03-01T14:22:15.678+0530] {processor.py:925} INFO - DAG(s) 'example_sensors' retrieved from /home/jenny/.local/lib/python3.13/site-packages/airflow/example_dags/example_sensors.py
[2026-03-01T14:22:15.689+0530] {logging_mixin.py:190} INFO - [2026-03-01T14:22:15.689+0530] {dag.py:3239} INFO - Sync 1 DAGs
[2026-03-01T14:22:15.696+0530] {logging_mixin.py:190} INFO - [2026-03-01T14:22:15.696+0530] {dag.py:4180} INFO - Setting next_dagrun for example_sensors to None, run_after=None
[2026-03-01T14:22:15.711+0530] {processor.py:208} INFO - Processing /home/jenny/.local/lib/python3.13/site-packages/airflow/example_dags/example_sensors.py took 0.054 seconds
[2026-03-01T14:23:14.389+0530] {processor.py:186} INFO - Started process (PID=219372) to work on /home/jenny/.local/lib/python3.13/site-packages/airflow/example_dags/example_sensors.py
[2026-03-01T14:23:14.390+0530] {processor.py:914} INFO - Processing file /home/jenny/.local/lib/python3.13/site-packages/airflow/example_dags/example_sensors.py for tasks to queue
[2026-03-01T14:23:14.392+0530] {logging_mixin.py:190} INFO - [2026-03-01T14:23:14.392+0530] {dagbag.py:588} INFO - Filling up the DagBag from /home/jenny/.local/lib/python3.13/site-packages/airflow/example_dags/example_sensors.py
[2026-03-01T14:23:14.401+0530] {processor.py:925} INFO - DAG(s) 'example_sensors' retrieved from /home/jenny/.local/lib/python3.13/site-packages/airflow/example_dags/example_sensors.py
[2026-03-01T14:23:14.415+0530] {logging_mixin.py:190} INFO - [2026-03-01T14:23:14.415+0530] {dag.py:3239} INFO - Sync 1 DAGs
[2026-03-01T14:23:14.425+0530] {logging_mixin.py:190} INFO - [2026-03-01T14:23:14.425+0530] {dag.py:4180} INFO - Setting next_dagrun for example_sensors to None, run_after=None
[2026-03-01T14:23:14.445+0530] {processor.py:208} INFO - Processing /home/jenny/.local/lib/python3.13/site-packages/airflow/example_dags/example_sensors.py took 0.058 seconds
[2026-03-01T14:24:13.510+0530] {processor.py:186} INFO - Started process (PID=220164) to work on /home/jenny/.local/lib/python3.13/site-packages/airflow/example_dags/example_sensors.py
[2026-03-01T14:24:13.510+0530] {processor.py:914} INFO - Processing file /home/jenny/.local/lib/python3.13/site-packages/airflow/example_dags/example_sensors.py for tasks to queue
[2026-03-01T14:24:13.513+0530] {logging_mixin.py:190} INFO - [2026-03-01T14:24:13.512+0530] {dagbag.py:588} INFO - Filling up the DagBag from /home/jenny/.local/lib/python3.13/site-packages/airflow/example_dags/example_sensors.py
[2026-03-01T14:24:13.522+0530] {processor.py:925} INFO - DAG(s) 'example_sensors' retrieved from /home/jenny/.local/lib/python3.13/site-packages/airflow/example_dags/example_sensors.py
[2026-03-01T14:24:13.534+0530] {logging_mixin.py:190} INFO - [2026-03-01T14:24:13.534+0530] {dag.py:3239} INFO - Sync 1 DAGs
[2026-03-01T14:24:13.542+0530] {logging_mixin.py:190} INFO - [2026-03-01T14:24:13.542+0530] {dag.py:4180} INFO - Setting next_dagrun for example_sensors to None, run_after=None
[2026-03-01T14:24:13.617+0530] {processor.py:208} INFO - Processing /home/jenny/.local/lib/python3.13/site-packages/airflow/example_dags/example_sensors.py took 0.114 seconds
[2026-03-01T14:25:34.812+0530] {processor.py:186} INFO - Started process (PID=224179) to work on /home/jenny/.local/lib/python3.13/site-packages/airflow/example_dags/example_sensors.py
[2026-03-01T14:25:34.813+0530] {processor.py:914} INFO - Processing file /home/jenny/.local/lib/python3.13/site-packages/airflow/example_dags/example_sensors.py for tasks to queue
[2026-03-01T14:25:34.815+0530] {logging_mixin.py:190} INFO - [2026-03-01T14:25:34.814+0530] {dagbag.py:588} INFO - Filling up the DagBag from /home/jenny/.local/lib/python3.13/site-packages/airflow/example_dags/example_sensors.py
[2026-03-01T14:25:34.824+0530] {processor.py:925} INFO - DAG(s) 'example_sensors' retrieved from /home/jenny/.local/lib/python3.13/site-packages/airflow/example_dags/example_sensors.py
[2026-03-01T14:25:34.841+0530] {logging_mixin.py:190} INFO - [2026-03-01T14:25:34.841+0530] {dag.py:3239} INFO - Sync 1 DAGs
[2026-03-01T14:25:34.851+0530] {logging_mixin.py:190} INFO - [2026-03-01T14:25:34.851+0530] {dag.py:4180} INFO - Setting next_dagrun for example_sensors to None, run_after=None
[2026-03-01T14:25:34.871+0530] {processor.py:208} INFO - Processing /home/jenny/.local/lib/python3.13/site-packages/airflow/example_dags/example_sensors.py took 0.063 seconds
[2026-03-01T14:26:31.401+0530] {processor.py:186} INFO - Started process (PID=225704) to work on /home/jenny/.local/lib/python3.13/site-packages/airflow/example_dags/example_sensors.py
[2026-03-01T14:26:31.403+0530] {processor.py:914} INFO - Processing file /home/jenny/.local/lib/python3.13/site-packages/airflow/example_dags/example_sensors.py for tasks to queue
[2026-03-01T14:26:31.405+0530] {logging_mixin.py:190} INFO - [2026-03-01T14:26:31.405+0530] {dagbag.py:588} INFO - Filling up the DagBag from /home/jenny/.local/lib/python3.13/site-packages/airflow/example_dags/example_sensors.py
[2026-03-01T14:26:31.414+0530] {processor.py:925} INFO - DAG(s) 'example_sensors' retrieved from /home/jenny/.local/lib/python3.13/site-packages/airflow/example_dags/example_sensors.py
[2026-03-01T14:26:31.426+0530] {logging_mixin.py:190} INFO - [2026-03-01T14:26:31.426+0530] {dag.py:3239} INFO - Sync 1 DAGs
[2026-03-01T14:26:31.433+0530] {logging_mixin.py:190} INFO - [2026-03-01T14:26:31.433+0530] {dag.py:4180} INFO - Setting next_dagrun for example_sensors to None, run_after=None
[2026-03-01T14:26:31.450+0530] {processor.py:208} INFO - Processing /home/jenny/.local/lib/python3.13/site-packages/airflow/example_dags/example_sensors.py took 0.053 seconds
[2026-03-01T14:27:56.942+0530] {processor.py:186} INFO - Started process (PID=227654) to work on /home/jenny/.local/lib/python3.13/site-packages/airflow/example_dags/example_sensors.py
[2026-03-01T14:27:56.943+0530] {processor.py:914} INFO - Processing file /home/jenny/.local/lib/python3.13/site-packages/airflow/example_dags/example_sensors.py for tasks to queue
[2026-03-01T14:27:56.945+0530] {logging_mixin.py:190} INFO - [2026-03-01T14:27:56.945+0530] {dagbag.py:588} INFO - Filling up the DagBag from /home/jenny/.local/lib/python3.13/site-packages/airflow/example_dags/example_sensors.py
[2026-03-01T14:27:56.955+0530] {processor.py:925} INFO - DAG(s) 'example_sensors' retrieved from /home/jenny/.local/lib/python3.13/site-packages/airflow/example_dags/example_sensors.py
[2026-03-01T14:27:56.974+0530] {logging_mixin.py:190} INFO - [2026-03-01T14:27:56.974+0530] {dag.py:3239} INFO - Sync 1 DAGs
[2026-03-01T14:27:56.986+0530] {logging_mixin.py:190} INFO - [2026-03-01T14:27:56.986+0530] {dag.py:4180} INFO - Setting next_dagrun for example_sensors to None, run_after=None
[2026-03-01T14:27:57.007+0530] {processor.py:208} INFO - Processing /home/jenny/.local/lib/python3.13/site-packages/airflow/example_dags/example_sensors.py took 0.070 seconds
[2026-03-01T14:29:57.535+0530] {processor.py:186} INFO - Started process (PID=230003) to work on /home/jenny/.local/lib/python3.13/site-packages/airflow/example_dags/example_sensors.py
[2026-03-01T14:29:57.536+0530] {processor.py:914} INFO - Processing file /home/jenny/.local/lib/python3.13/site-packages/airflow/example_dags/example_sensors.py for tasks to queue
[2026-03-01T14:29:57.538+0530] {logging_mixin.py:190} INFO - [2026-03-01T14:29:57.538+0530] {dagbag.py:588} INFO - Filling up the DagBag from /home/jenny/.local/lib/python3.13/site-packages/airflow/example_dags/example_sensors.py
[2026-03-01T14:29:57.547+0530] {processor.py:925} INFO - DAG(s) 'example_sensors' retrieved from /home/jenny/.local/lib/python3.13/site-packages/airflow/example_dags/example_sensors.py
[2026-03-01T14:29:57.559+0530] {logging_mixin.py:190} INFO - [2026-03-01T14:29:57.559+0530] {dag.py:3239} INFO - Sync 1 DAGs
[2026-03-01T14:29:57.567+0530] {logging_mixin.py:190} INFO - [2026-03-01T14:29:57.567+0530] {dag.py:4180} INFO - Setting next_dagrun for example_sensors to None, run_after=None
[2026-03-01T14:29:57.583+0530] {processor.py:208} INFO - Processing /home/jenny/.local/lib/python3.13/site-packages/airflow/example_dags/example_sensors.py took 0.052 seconds
[2026-03-01T14:31:39.520+0530] {processor.py:186} INFO - Started process (PID=231629) to work on /home/jenny/.local/lib/python3.13/site-packages/airflow/example_dags/example_sensors.py
[2026-03-01T14:31:39.521+0530] {processor.py:914} INFO - Processing file /home/jenny/.local/lib/python3.13/site-packages/airflow/example_dags/example_sensors.py for tasks to queue
[2026-03-01T14:31:39.524+0530] {logging_mixin.py:190} INFO - [2026-03-01T14:31:39.524+0530] {dagbag.py:588} INFO - Filling up the DagBag from /home/jenny/.local/lib/python3.13/site-packages/airflow/example_dags/example_sensors.py
[2026-03-01T14:31:39.533+0530] {processor.py:925} INFO - DAG(s) 'example_sensors' retrieved from /home/jenny/.local/lib/python3.13/site-packages/airflow/example_dags/example_sensors.py
[2026-03-01T14:31:39.546+0530] {logging_mixin.py:190} INFO - [2026-03-01T14:31:39.545+0530] {dag.py:3239} INFO - Sync 1 DAGs
[2026-03-01T14:31:39.553+0530] {logging_mixin.py:190} INFO - [2026-03-01T14:31:39.553+0530] {dag.py:4180} INFO - Setting next_dagrun for example_sensors to None, run_after=None
[2026-03-01T14:31:39.570+0530] {processor.py:208} INFO - Processing /home/jenny/.local/lib/python3.13/site-packages/airflow/example_dags/example_sensors.py took 0.055 seconds
[2026-03-01T14:32:38.246+0530] {processor.py:186} INFO - Started process (PID=231965) to work on /home/jenny/.local/lib/python3.13/site-packages/airflow/example_dags/example_sensors.py
[2026-03-01T14:32:38.248+0530] {processor.py:914} INFO - Processing file /home/jenny/.local/lib/python3.13/site-packages/airflow/example_dags/example_sensors.py for tasks to queue
[2026-03-01T14:32:38.250+0530] {logging_mixin.py:190} INFO - [2026-03-01T14:32:38.250+0530] {dagbag.py:588} INFO - Filling up the DagBag from /home/jenny/.local/lib/python3.13/site-packages/airflow/example_dags/example_sensors.py
[2026-03-01T14:32:38.259+0530] {processor.py:925} INFO - DAG(s) 'example_sensors' retrieved from /home/jenny/.local/lib/python3.13/site-packages/airflow/example_dags/example_sensors.py
[2026-03-01T14:32:38.272+0530] {logging_mixin.py:190} INFO - [2026-03-01T14:32:38.271+0530] {dag.py:3239} INFO - Sync 1 DAGs
[2026-03-01T14:32:38.279+0530] {logging_mixin.py:190} INFO - [2026-03-01T14:32:38.279+0530] {dag.py:4180} INFO - Setting next_dagrun for example_sensors to None, run_after=None
[2026-03-01T14:32:38.295+0530] {processor.py:208} INFO - Processing /home/jenny/.local/lib/python3.13/site-packages/airflow/example_dags/example_sensors.py took 0.053 seconds
[2026-03-01T14:34:05.073+0530] {processor.py:186} INFO - Started process (PID=233362) to work on /home/jenny/.local/lib/python3.13/site-packages/airflow/example_dags/example_sensors.py
[2026-03-01T14:34:05.074+0530] {processor.py:914} INFO - Processing file /home/jenny/.local/lib/python3.13/site-packages/airflow/example_dags/example_sensors.py for tasks to queue
[2026-03-01T14:34:05.077+0530] {logging_mixin.py:190} INFO - [2026-03-01T14:34:05.076+0530] {dagbag.py:588} INFO - Filling up the DagBag from /home/jenny/.local/lib/python3.13/site-packages/airflow/example_dags/example_sensors.py
[2026-03-01T14:34:05.087+0530] {processor.py:925} INFO - DAG(s) 'example_sensors' retrieved from /home/jenny/.local/lib/python3.13/site-packages/airflow/example_dags/example_sensors.py
[2026-03-01T14:34:05.099+0530] {logging_mixin.py:190} INFO - [2026-03-01T14:34:05.099+0530] {dag.py:3239} INFO - Sync 1 DAGs
[2026-03-01T14:34:05.106+0530] {logging_mixin.py:190} INFO - [2026-03-01T14:34:05.106+0530] {dag.py:4180} INFO - Setting next_dagrun for example_sensors to None, run_after=None
[2026-03-01T14:34:05.121+0530] {processor.py:208} INFO - Processing /home/jenny/.local/lib/python3.13/site-packages/airflow/example_dags/example_sensors.py took 0.054 seconds
[2026-03-01T14:35:02.153+0530] {processor.py:186} INFO - Started process (PID=233843) to work on /home/jenny/.local/lib/python3.13/site-packages/airflow/example_dags/example_sensors.py
[2026-03-01T14:35:02.155+0530] {processor.py:914} INFO - Processing file /home/jenny/.local/lib/python3.13/site-packages/airflow/example_dags/example_sensors.py for tasks to queue
[2026-03-01T14:35:02.158+0530] {logging_mixin.py:190} INFO - [2026-03-01T14:35:02.157+0530] {dagbag.py:588} INFO - Filling up the DagBag from /home/jenny/.local/lib/python3.13/site-packages/airflow/example_dags/example_sensors.py
[2026-03-01T14:35:02.168+0530] {processor.py:925} INFO - DAG(s) 'example_sensors' retrieved from /home/jenny/.local/lib/python3.13/site-packages/airflow/example_dags/example_sensors.py
[2026-03-01T14:35:02.182+0530] {logging_mixin.py:190} INFO - [2026-03-01T14:35:02.182+0530] {dag.py:3239} INFO - Sync 1 DAGs
[2026-03-01T14:35:02.190+0530] {logging_mixin.py:190} INFO - [2026-03-01T14:35:02.190+0530] {dag.py:4180} INFO - Setting next_dagrun for example_sensors to None, run_after=None
[2026-03-01T14:35:02.206+0530] {processor.py:208} INFO - Processing /home/jenny/.local/lib/python3.13/site-packages/airflow/example_dags/example_sensors.py took 0.058 seconds
[2026-03-01T14:35:55.084+0530] {processor.py:186} INFO - Started process (PID=233989) to work on /home/jenny/.local/lib/python3.13/site-packages/airflow/example_dags/example_sensors.py
[2026-03-01T14:35:55.085+0530] {processor.py:914} INFO - Processing file /home/jenny/.local/lib/python3.13/site-packages/airflow/example_dags/example_sensors.py for tasks to queue
[2026-03-01T14:35:55.088+0530] {logging_mixin.py:190} INFO - [2026-03-01T14:35:55.088+0530] {dagbag.py:588} INFO - Filling up the DagBag from /home/jenny/.local/lib/python3.13/site-packages/airflow/example_dags/example_sensors.py
[2026-03-01T14:35:55.097+0530] {processor.py:925} INFO - DAG(s) 'example_sensors' retrieved from /home/jenny/.local/lib/python3.13/site-packages/airflow/example_dags/example_sensors.py
[2026-03-01T14:35:55.109+0530] {logging_mixin.py:190} INFO - [2026-03-01T14:35:55.109+0530] {dag.py:3239} INFO - Sync 1 DAGs
[2026-03-01T14:35:55.116+0530] {logging_mixin.py:190} INFO - [2026-03-01T14:35:55.116+0530] {dag.py:4180} INFO - Setting next_dagrun for example_sensors to None, run_after=None
[2026-03-01T14:35:55.132+0530] {processor.py:208} INFO - Processing /home/jenny/.local/lib/python3.13/site-packages/airflow/example_dags/example_sensors.py took 0.054 seconds
[2026-03-01T14:36:50.814+0530] {processor.py:186} INFO - Started process (PID=234156) to work on /home/jenny/.local/lib/python3.13/site-packages/airflow/example_dags/example_sensors.py
[2026-03-01T14:36:50.815+0530] {processor.py:914} INFO - Processing file /home/jenny/.local/lib/python3.13/site-packages/airflow/example_dags/example_sensors.py for tasks to queue
[2026-03-01T14:36:50.816+0530] {logging_mixin.py:190} INFO - [2026-03-01T14:36:50.816+0530] {dagbag.py:588} INFO - Filling up the DagBag from /home/jenny/.local/lib/python3.13/site-packages/airflow/example_dags/example_sensors.py
[2026-03-01T14:36:50.824+0530] {processor.py:925} INFO - DAG(s) 'example_sensors' retrieved from /home/jenny/.local/lib/python3.13/site-packages/airflow/example_dags/example_sensors.py
[2026-03-01T14:36:50.837+0530] {logging_mixin.py:190} INFO - [2026-03-01T14:36:50.836+0530] {dag.py:3239} INFO - Sync 1 DAGs
[2026-03-01T14:36:50.844+0530] {logging_mixin.py:190} INFO - [2026-03-01T14:36:50.844+0530] {dag.py:4180} INFO - Setting next_dagrun for example_sensors to None, run_after=None
[2026-03-01T14:36:50.875+0530] {processor.py:208} INFO - Processing /home/jenny/.local/lib/python3.13/site-packages/airflow/example_dags/example_sensors.py took 0.064 seconds
[2026-03-01T14:37:45.611+0530] {processor.py:186} INFO - Started process (PID=234369) to work on /home/jenny/.local/lib/python3.13/site-packages/airflow/example_dags/example_sensors.py
[2026-03-01T14:37:45.613+0530] {processor.py:914} INFO - Processing file /home/jenny/.local/lib/python3.13/site-packages/airflow/example_dags/example_sensors.py for tasks to queue
[2026-03-01T14:37:45.616+0530] {logging_mixin.py:190} INFO - [2026-03-01T14:37:45.615+0530] {dagbag.py:588} INFO - Filling up the DagBag from /home/jenny/.local/lib/python3.13/site-packages/airflow/example_dags/example_sensors.py
[2026-03-01T14:37:45.626+0530] {processor.py:925} INFO - DAG(s) 'example_sensors' retrieved from /home/jenny/.local/lib/python3.13/site-packages/airflow/example_dags/example_sensors.py
[2026-03-01T14:37:45.638+0530] {logging_mixin.py:190} INFO - [2026-03-01T14:37:45.637+0530] {dag.py:3239} INFO - Sync 1 DAGs
[2026-03-01T14:37:45.645+0530] {logging_mixin.py:190} INFO - [2026-03-01T14:37:45.645+0530] {dag.py:4180} INFO - Setting next_dagrun for example_sensors to None, run_after=None
[2026-03-01T14:37:45.661+0530] {processor.py:208} INFO - Processing /home/jenny/.local/lib/python3.13/site-packages/airflow/example_dags/example_sensors.py took 0.055 seconds
[2026-03-01T14:38:40.466+0530] {processor.py:186} INFO - Started process (PID=234854) to work on /home/jenny/.local/lib/python3.13/site-packages/airflow/example_dags/example_sensors.py
[2026-03-01T14:38:40.467+0530] {processor.py:914} INFO - Processing file /home/jenny/.local/lib/python3.13/site-packages/airflow/example_dags/example_sensors.py for tasks to queue
[2026-03-01T14:38:40.469+0530] {logging_mixin.py:190} INFO - [2026-03-01T14:38:40.468+0530] {dagbag.py:588} INFO - Filling up the DagBag from /home/jenny/.local/lib/python3.13/site-packages/airflow/example_dags/example_sensors.py
[2026-03-01T14:38:40.478+0530] {processor.py:925} INFO - DAG(s) 'example_sensors' retrieved from /home/jenny/.local/lib/python3.13/site-packages/airflow/example_dags/example_sensors.py
[2026-03-01T14:38:40.493+0530] {logging_mixin.py:190} INFO - [2026-03-01T14:38:40.493+0530] {dag.py:3239} INFO - Sync 1 DAGs
[2026-03-01T14:38:40.503+0530] {logging_mixin.py:190} INFO - [2026-03-01T14:38:40.503+0530] {dag.py:4180} INFO - Setting next_dagrun for example_sensors to None, run_after=None
[2026-03-01T14:38:40.524+0530] {processor.py:208} INFO - Processing /home/jenny/.local/lib/python3.13/site-packages/airflow/example_dags/example_sensors.py took 0.061 seconds
[2026-03-01T14:39:31.876+0530] {processor.py:186} INFO - Started process (PID=235154) to work on /home/jenny/.local/lib/python3.13/site-packages/airflow/example_dags/example_sensors.py
[2026-03-01T14:39:31.877+0530] {processor.py:914} INFO - Processing file /home/jenny/.local/lib/python3.13/site-packages/airflow/example_dags/example_sensors.py for tasks to queue
[2026-03-01T14:39:31.879+0530] {logging_mixin.py:190} INFO - [2026-03-01T14:39:31.879+0530] {dagbag.py:588} INFO - Filling up the DagBag from /home/jenny/.local/lib/python3.13/site-packages/airflow/example_dags/example_sensors.py
[2026-03-01T14:39:31.888+0530] {processor.py:925} INFO - DAG(s) 'example_sensors' retrieved from /home/jenny/.local/lib/python3.13/site-packages/airflow/example_dags/example_sensors.py
[2026-03-01T14:39:31.905+0530] {logging_mixin.py:190} INFO - [2026-03-01T14:39:31.905+0530] {dag.py:3239} INFO - Sync 1 DAGs
[2026-03-01T14:39:31.914+0530] {logging_mixin.py:190} INFO - [2026-03-01T14:39:31.914+0530] {dag.py:4180} INFO - Setting next_dagrun for example_sensors to None, run_after=None
[2026-03-01T14:39:31.933+0530] {processor.py:208} INFO - Processing /home/jenny/.local/lib/python3.13/site-packages/airflow/example_dags/example_sensors.py took 0.061 seconds
[2026-03-01T14:40:26.674+0530] {processor.py:186} INFO - Started process (PID=235349) to work on /home/jenny/.local/lib/python3.13/site-packages/airflow/example_dags/example_sensors.py
[2026-03-01T14:40:26.674+0530] {processor.py:914} INFO - Processing file /home/jenny/.local/lib/python3.13/site-packages/airflow/example_dags/example_sensors.py for tasks to queue
[2026-03-01T14:40:26.676+0530] {logging_mixin.py:190} INFO - [2026-03-01T14:40:26.676+0530] {dagbag.py:588} INFO - Filling up the DagBag from /home/jenny/.local/lib/python3.13/site-packages/airflow/example_dags/example_sensors.py
[2026-03-01T14:40:26.686+0530] {processor.py:925} INFO - DAG(s) 'example_sensors' retrieved from /home/jenny/.local/lib/python3.13/site-packages/airflow/example_dags/example_sensors.py
[2026-03-01T14:40:26.702+0530] {logging_mixin.py:190} INFO - [2026-03-01T14:40:26.702+0530] {dag.py:3239} INFO - Sync 1 DAGs
[2026-03-01T14:40:26.710+0530] {logging_mixin.py:190} INFO - [2026-03-01T14:40:26.710+0530] {dag.py:4180} INFO - Setting next_dagrun for example_sensors to None, run_after=None
[2026-03-01T14:40:26.727+0530] {processor.py:208} INFO - Processing /home/jenny/.local/lib/python3.13/site-packages/airflow/example_dags/example_sensors.py took 0.057 seconds
[2026-03-01T14:41:20.469+0530] {processor.py:186} INFO - Started process (PID=239441) to work on /home/jenny/.local/lib/python3.13/site-packages/airflow/example_dags/example_sensors.py
[2026-03-01T14:41:20.470+0530] {processor.py:914} INFO - Processing file /home/jenny/.local/lib/python3.13/site-packages/airflow/example_dags/example_sensors.py for tasks to queue
[2026-03-01T14:41:20.472+0530] {logging_mixin.py:190} INFO - [2026-03-01T14:41:20.472+0530] {dagbag.py:588} INFO - Filling up the DagBag from /home/jenny/.local/lib/python3.13/site-packages/airflow/example_dags/example_sensors.py
[2026-03-01T14:41:20.481+0530] {processor.py:925} INFO - DAG(s) 'example_sensors' retrieved from /home/jenny/.local/lib/python3.13/site-packages/airflow/example_dags/example_sensors.py
[2026-03-01T14:41:20.493+0530] {logging_mixin.py:190} INFO - [2026-03-01T14:41:20.493+0530] {dag.py:3239} INFO - Sync 1 DAGs
[2026-03-01T14:41:20.501+0530] {logging_mixin.py:190} INFO - [2026-03-01T14:41:20.501+0530] {dag.py:4180} INFO - Setting next_dagrun for example_sensors to None, run_after=None
[2026-03-01T14:41:20.516+0530] {processor.py:208} INFO - Processing /home/jenny/.local/lib/python3.13/site-packages/airflow/example_dags/example_sensors.py took 0.051 seconds
[2026-03-01T14:42:13.639+0530] {processor.py:186} INFO - Started process (PID=239605) to work on /home/jenny/.local/lib/python3.13/site-packages/airflow/example_dags/example_sensors.py
[2026-03-01T14:42:13.640+0530] {processor.py:914} INFO - Processing file /home/jenny/.local/lib/python3.13/site-packages/airflow/example_dags/example_sensors.py for tasks to queue
[2026-03-01T14:42:13.642+0530] {logging_mixin.py:190} INFO - [2026-03-01T14:42:13.641+0530] {dagbag.py:588} INFO - Filling up the DagBag from /home/jenny/.local/lib/python3.13/site-packages/airflow/example_dags/example_sensors.py
[2026-03-01T14:42:13.650+0530] {processor.py:925} INFO - DAG(s) 'example_sensors' retrieved from /home/jenny/.local/lib/python3.13/site-packages/airflow/example_dags/example_sensors.py
[2026-03-01T14:42:13.667+0530] {logging_mixin.py:190} INFO - [2026-03-01T14:42:13.666+0530] {dag.py:3239} INFO - Sync 1 DAGs
[2026-03-01T14:42:13.677+0530] {logging_mixin.py:190} INFO - [2026-03-01T14:42:13.677+0530] {dag.py:4180} INFO - Setting next_dagrun for example_sensors to None, run_after=None
[2026-03-01T14:42:13.694+0530] {processor.py:208} INFO - Processing /home/jenny/.local/lib/python3.13/site-packages/airflow/example_dags/example_sensors.py took 0.059 seconds
[2026-03-01T14:43:07.103+0530] {processor.py:186} INFO - Started process (PID=239748) to work on /home/jenny/.local/lib/python3.13/site-packages/airflow/example_dags/example_sensors.py
[2026-03-01T14:43:07.104+0530] {processor.py:914} INFO - Processing file /home/jenny/.local/lib/python3.13/site-packages/airflow/example_dags/example_sensors.py for tasks to queue
[2026-03-01T14:43:07.107+0530] {logging_mixin.py:190} INFO - [2026-03-01T14:43:07.107+0530] {dagbag.py:588} INFO - Filling up the DagBag from /home/jenny/.local/lib/python3.13/site-packages/airflow/example_dags/example_sensors.py
[2026-03-01T14:43:07.116+0530] {processor.py:925} INFO - DAG(s) 'example_sensors' retrieved from /home/jenny/.local/lib/python3.13/site-packages/airflow/example_dags/example_sensors.py
[2026-03-01T14:43:07.128+0530] {logging_mixin.py:190} INFO - [2026-03-01T14:43:07.128+0530] {dag.py:3239} INFO - Sync 1 DAGs
[2026-03-01T14:43:07.136+0530] {logging_mixin.py:190} INFO - [2026-03-01T14:43:07.136+0530] {dag.py:4180} INFO - Setting next_dagrun for example_sensors to None, run_after=None
[2026-03-01T14:43:07.152+0530] {processor.py:208} INFO - Processing /home/jenny/.local/lib/python3.13/site-packages/airflow/example_dags/example_sensors.py took 0.054 seconds
[2026-03-01T14:43:58.583+0530] {processor.py:186} INFO - Started process (PID=239913) to work on /home/jenny/.local/lib/python3.13/site-packages/airflow/example_dags/example_sensors.py
[2026-03-01T14:43:58.584+0530] {processor.py:914} INFO - Processing file /home/jenny/.local/lib/python3.13/site-packages/airflow/example_dags/example_sensors.py for tasks to queue
[2026-03-01T14:43:58.585+0530] {logging_mixin.py:190} INFO - [2026-03-01T14:43:58.585+0530] {dagbag.py:588} INFO - Filling up the DagBag from /home/jenny/.local/lib/python3.13/site-packages/airflow/example_dags/example_sensors.py
[2026-03-01T14:43:58.593+0530] {processor.py:925} INFO - DAG(s) 'example_sensors' retrieved from /home/jenny/.local/lib/python3.13/site-packages/airflow/example_dags/example_sensors.py
[2026-03-01T14:43:58.605+0530] {logging_mixin.py:190} INFO - [2026-03-01T14:43:58.605+0530] {dag.py:3239} INFO - Sync 1 DAGs
[2026-03-01T14:43:58.613+0530] {logging_mixin.py:190} INFO - [2026-03-01T14:43:58.613+0530] {dag.py:4180} INFO - Setting next_dagrun for example_sensors to None, run_after=None
[2026-03-01T14:43:58.628+0530] {processor.py:208} INFO - Processing /home/jenny/.local/lib/python3.13/site-packages/airflow/example_dags/example_sensors.py took 0.048 seconds
[2026-03-01T14:44:51.644+0530] {processor.py:186} INFO - Started process (PID=240053) to work on /home/jenny/.local/lib/python3.13/site-packages/airflow/example_dags/example_sensors.py
[2026-03-01T14:44:51.644+0530] {processor.py:914} INFO - Processing file /home/jenny/.local/lib/python3.13/site-packages/airflow/example_dags/example_sensors.py for tasks to queue
[2026-03-01T14:44:51.646+0530] {logging_mixin.py:190} INFO - [2026-03-01T14:44:51.646+0530] {dagbag.py:588} INFO - Filling up the DagBag from /home/jenny/.local/lib/python3.13/site-packages/airflow/example_dags/example_sensors.py
[2026-03-01T14:44:51.655+0530] {processor.py:925} INFO - DAG(s) 'example_sensors' retrieved from /home/jenny/.local/lib/python3.13/site-packages/airflow/example_dags/example_sensors.py
[2026-03-01T14:44:51.669+0530] {logging_mixin.py:190} INFO - [2026-03-01T14:44:51.669+0530] {dag.py:3239} INFO - Sync 1 DAGs
[2026-03-01T14:44:51.678+0530] {logging_mixin.py:190} INFO - [2026-03-01T14:44:51.677+0530] {dag.py:4180} INFO - Setting next_dagrun for example_sensors to None, run_after=None
[2026-03-01T14:44:51.700+0530] {processor.py:208} INFO - Processing /home/jenny/.local/lib/python3.13/site-packages/airflow/example_dags/example_sensors.py took 0.061 seconds
[2026-03-01T14:45:48.458+0530] {processor.py:186} INFO - Started process (PID=240269) to work on /home/jenny/.local/lib/python3.13/site-packages/airflow/example_dags/example_sensors.py
[2026-03-01T14:45:48.459+0530] {processor.py:914} INFO - Processing file /home/jenny/.local/lib/python3.13/site-packages/airflow/example_dags/example_sensors.py for tasks to queue
[2026-03-01T14:45:48.462+0530] {logging_mixin.py:190} INFO - [2026-03-01T14:45:48.462+0530] {dagbag.py:588} INFO - Filling up the DagBag from /home/jenny/.local/lib/python3.13/site-packages/airflow/example_dags/example_sensors.py
[2026-03-01T14:45:48.472+0530] {processor.py:925} INFO - DAG(s) 'example_sensors' retrieved from /home/jenny/.local/lib/python3.13/site-packages/airflow/example_dags/example_sensors.py
[2026-03-01T14:45:48.484+0530] {logging_mixin.py:190} INFO - [2026-03-01T14:45:48.484+0530] {dag.py:3239} INFO - Sync 1 DAGs
[2026-03-01T14:45:48.590+0530] {logging_mixin.py:190} INFO - [2026-03-01T14:45:48.590+0530] {dag.py:4180} INFO - Setting next_dagrun for example_sensors to None, run_after=None
[2026-03-01T14:45:48.605+0530] {processor.py:208} INFO - Processing /home/jenny/.local/lib/python3.13/site-packages/airflow/example_dags/example_sensors.py took 0.152 seconds
[2026-03-01T14:46:52.861+0530] {processor.py:186} INFO - Started process (PID=240443) to work on /home/jenny/.local/lib/python3.13/site-packages/airflow/example_dags/example_sensors.py
[2026-03-01T14:46:52.862+0530] {processor.py:914} INFO - Processing file /home/jenny/.local/lib/python3.13/site-packages/airflow/example_dags/example_sensors.py for tasks to queue
[2026-03-01T14:46:52.866+0530] {logging_mixin.py:190} INFO - [2026-03-01T14:46:52.865+0530] {dagbag.py:588} INFO - Filling up the DagBag from /home/jenny/.local/lib/python3.13/site-packages/airflow/example_dags/example_sensors.py
[2026-03-01T14:46:52.881+0530] {processor.py:925} INFO - DAG(s) 'example_sensors' retrieved from /home/jenny/.local/lib/python3.13/site-packages/airflow/example_dags/example_sensors.py
[2026-03-01T14:46:53.001+0530] {logging_mixin.py:190} INFO - [2026-03-01T14:46:53.001+0530] {dag.py:3239} INFO - Sync 1 DAGs
[2026-03-01T14:46:53.007+0530] {logging_mixin.py:190} INFO - [2026-03-01T14:46:53.007+0530] {dag.py:4180} INFO - Setting next_dagrun for example_sensors to None, run_after=None
[2026-03-01T14:46:53.023+0530] {processor.py:208} INFO - Processing /home/jenny/.local/lib/python3.13/site-packages/airflow/example_dags/example_sensors.py took 0.165 seconds
[2026-03-01T14:47:55.656+0530] {processor.py:186} INFO - Started process (PID=240628) to work on /home/jenny/.local/lib/python3.13/site-packages/airflow/example_dags/example_sensors.py
[2026-03-01T14:47:55.657+0530] {processor.py:914} INFO - Processing file /home/jenny/.local/lib/python3.13/site-packages/airflow/example_dags/example_sensors.py for tasks to queue
[2026-03-01T14:47:55.660+0530] {logging_mixin.py:190} INFO - [2026-03-01T14:47:55.659+0530] {dagbag.py:588} INFO - Filling up the DagBag from /home/jenny/.local/lib/python3.13/site-packages/airflow/example_dags/example_sensors.py
[2026-03-01T14:47:55.770+0530] {processor.py:925} INFO - DAG(s) 'example_sensors' retrieved from /home/jenny/.local/lib/python3.13/site-packages/airflow/example_dags/example_sensors.py
[2026-03-01T14:47:55.780+0530] {logging_mixin.py:190} INFO - [2026-03-01T14:47:55.780+0530] {dag.py:3239} INFO - Sync 1 DAGs
[2026-03-01T14:47:55.786+0530] {logging_mixin.py:190} INFO - [2026-03-01T14:47:55.786+0530] {dag.py:4180} INFO - Setting next_dagrun for example_sensors to None, run_after=None
[2026-03-01T14:47:55.800+0530] {processor.py:208} INFO - Processing /home/jenny/.local/lib/python3.13/site-packages/airflow/example_dags/example_sensors.py took 0.149 seconds
[2026-03-01T14:48:53.568+0530] {processor.py:186} INFO - Started process (PID=240950) to work on /home/jenny/.local/lib/python3.13/site-packages/airflow/example_dags/example_sensors.py
[2026-03-01T14:48:53.569+0530] {processor.py:914} INFO - Processing file /home/jenny/.local/lib/python3.13/site-packages/airflow/example_dags/example_sensors.py for tasks to queue
[2026-03-01T14:48:53.572+0530] {logging_mixin.py:190} INFO - [2026-03-01T14:48:53.572+0530] {dagbag.py:588} INFO - Filling up the DagBag from /home/jenny/.local/lib/python3.13/site-packages/airflow/example_dags/example_sensors.py
[2026-03-01T14:48:53.581+0530] {processor.py:925} INFO - DAG(s) 'example_sensors' retrieved from /home/jenny/.local/lib/python3.13/site-packages/airflow/example_dags/example_sensors.py
[2026-03-01T14:48:53.593+0530] {logging_mixin.py:190} INFO - [2026-03-01T14:48:53.592+0530] {dag.py:3239} INFO - Sync 1 DAGs
[2026-03-01T14:48:53.600+0530] {logging_mixin.py:190} INFO - [2026-03-01T14:48:53.600+0530] {dag.py:4180} INFO - Setting next_dagrun for example_sensors to None, run_after=None
[2026-03-01T14:48:53.617+0530] {processor.py:208} INFO - Processing /home/jenny/.local/lib/python3.13/site-packages/airflow/example_dags/example_sensors.py took 0.054 seconds
[2026-03-01T14:49:46.846+0530] {processor.py:186} INFO - Started process (PID=241207) to work on /home/jenny/.local/lib/python3.13/site-packages/airflow/example_dags/example_sensors.py
[2026-03-01T14:49:46.847+0530] {processor.py:914} INFO - Processing file /home/jenny/.local/lib/python3.13/site-packages/airflow/example_dags/example_sensors.py for tasks to queue
[2026-03-01T14:49:46.850+0530] {logging_mixin.py:190} INFO - [2026-03-01T14:49:46.850+0530] {dagbag.py:588} INFO - Filling up the DagBag from /home/jenny/.local/lib/python3.13/site-packages/airflow/example_dags/example_sensors.py
[2026-03-01T14:49:46.860+0530] {processor.py:925} INFO - DAG(s) 'example_sensors' retrieved from /home/jenny/.local/lib/python3.13/site-packages/airflow/example_dags/example_sensors.py
[2026-03-01T14:49:46.872+0530] {logging_mixin.py:190} INFO - [2026-03-01T14:49:46.871+0530] {dag.py:3239} INFO - Sync 1 DAGs
[2026-03-01T14:49:46.879+0530] {logging_mixin.py:190} INFO - [2026-03-01T14:49:46.878+0530] {dag.py:4180} INFO - Setting next_dagrun for example_sensors to None, run_after=None
[2026-03-01T14:49:46.894+0530] {processor.py:208} INFO - Processing /home/jenny/.local/lib/python3.13/site-packages/airflow/example_dags/example_sensors.py took 0.054 seconds
[2026-03-01T14:50:43.872+0530] {processor.py:186} INFO - Started process (PID=241461) to work on /home/jenny/.local/lib/python3.13/site-packages/airflow/example_dags/example_sensors.py
[2026-03-01T14:50:43.873+0530] {processor.py:914} INFO - Processing file /home/jenny/.local/lib/python3.13/site-packages/airflow/example_dags/example_sensors.py for tasks to queue
[2026-03-01T14:50:43.876+0530] {logging_mixin.py:190} INFO - [2026-03-01T14:50:43.875+0530] {dagbag.py:588} INFO - Filling up the DagBag from /home/jenny/.local/lib/python3.13/site-packages/airflow/example_dags/example_sensors.py
[2026-03-01T14:50:43.885+0530] {processor.py:925} INFO - DAG(s) 'example_sensors' retrieved from /home/jenny/.local/lib/python3.13/site-packages/airflow/example_dags/example_sensors.py
[2026-03-01T14:50:43.898+0530] {logging_mixin.py:190} INFO - [2026-03-01T14:50:43.898+0530] {dag.py:3239} INFO - Sync 1 DAGs
[2026-03-01T14:50:43.906+0530] {logging_mixin.py:190} INFO - [2026-03-01T14:50:43.905+0530] {dag.py:4180} INFO - Setting next_dagrun for example_sensors to None, run_after=None
[2026-03-01T14:50:43.922+0530] {processor.py:208} INFO - Processing /home/jenny/.local/lib/python3.13/site-packages/airflow/example_dags/example_sensors.py took 0.055 seconds
[2026-03-01T14:51:37.240+0530] {processor.py:186} INFO - Started process (PID=241850) to work on /home/jenny/.local/lib/python3.13/site-packages/airflow/example_dags/example_sensors.py
[2026-03-01T14:51:37.241+0530] {processor.py:914} INFO - Processing file /home/jenny/.local/lib/python3.13/site-packages/airflow/example_dags/example_sensors.py for tasks to queue
[2026-03-01T14:51:37.243+0530] {logging_mixin.py:190} INFO - [2026-03-01T14:51:37.242+0530] {dagbag.py:588} INFO - Filling up the DagBag from /home/jenny/.local/lib/python3.13/site-packages/airflow/example_dags/example_sensors.py
[2026-03-01T14:51:37.253+0530] {processor.py:925} INFO - DAG(s) 'example_sensors' retrieved from /home/jenny/.local/lib/python3.13/site-packages/airflow/example_dags/example_sensors.py
[2026-03-01T14:51:37.269+0530] {logging_mixin.py:190} INFO - [2026-03-01T14:51:37.268+0530] {dag.py:3239} INFO - Sync 1 DAGs
[2026-03-01T14:51:37.277+0530] {logging_mixin.py:190} INFO - [2026-03-01T14:51:37.277+0530] {dag.py:4180} INFO - Setting next_dagrun for example_sensors to None, run_after=None
[2026-03-01T14:51:37.294+0530] {processor.py:208} INFO - Processing /home/jenny/.local/lib/python3.13/site-packages/airflow/example_dags/example_sensors.py took 0.057 seconds
[2026-03-01T14:52:30.707+0530] {processor.py:186} INFO - Started process (PID=242014) to work on /home/jenny/.local/lib/python3.13/site-packages/airflow/example_dags/example_sensors.py
[2026-03-01T14:52:30.707+0530] {processor.py:914} INFO - Processing file /home/jenny/.local/lib/python3.13/site-packages/airflow/example_dags/example_sensors.py for tasks to queue
[2026-03-01T14:52:30.709+0530] {logging_mixin.py:190} INFO - [2026-03-01T14:52:30.709+0530] {dagbag.py:588} INFO - Filling up the DagBag from /home/jenny/.local/lib/python3.13/site-packages/airflow/example_dags/example_sensors.py
[2026-03-01T14:52:30.721+0530] {processor.py:925} INFO - DAG(s) 'example_sensors' retrieved from /home/jenny/.local/lib/python3.13/site-packages/airflow/example_dags/example_sensors.py
[2026-03-01T14:52:30.736+0530] {logging_mixin.py:190} INFO - [2026-03-01T14:52:30.735+0530] {dag.py:3239} INFO - Sync 1 DAGs
[2026-03-01T14:52:30.744+0530] {logging_mixin.py:190} INFO - [2026-03-01T14:52:30.744+0530] {dag.py:4180} INFO - Setting next_dagrun for example_sensors to None, run_after=None
[2026-03-01T14:52:30.760+0530] {processor.py:208} INFO - Processing /home/jenny/.local/lib/python3.13/site-packages/airflow/example_dags/example_sensors.py took 0.058 seconds
[2026-03-01T14:53:22.466+0530] {processor.py:186} INFO - Started process (PID=242154) to work on /home/jenny/.local/lib/python3.13/site-packages/airflow/example_dags/example_sensors.py
[2026-03-01T14:53:22.468+0530] {processor.py:914} INFO - Processing file /home/jenny/.local/lib/python3.13/site-packages/airflow/example_dags/example_sensors.py for tasks to queue
[2026-03-01T14:53:22.470+0530] {logging_mixin.py:190} INFO - [2026-03-01T14:53:22.470+0530] {dagbag.py:588} INFO - Filling up the DagBag from /home/jenny/.local/lib/python3.13/site-packages/airflow/example_dags/example_sensors.py
[2026-03-01T14:53:22.480+0530] {processor.py:925} INFO - DAG(s) 'example_sensors' retrieved from /home/jenny/.local/lib/python3.13/site-packages/airflow/example_dags/example_sensors.py
[2026-03-01T14:53:22.491+0530] {logging_mixin.py:190} INFO - [2026-03-01T14:53:22.491+0530] {dag.py:3239} INFO - Sync 1 DAGs
[2026-03-01T14:53:22.499+0530] {logging_mixin.py:190} INFO - [2026-03-01T14:53:22.498+0530] {dag.py:4180} INFO - Setting next_dagrun for example_sensors to None, run_after=None
[2026-03-01T14:53:22.514+0530] {processor.py:208} INFO - Processing /home/jenny/.local/lib/python3.13/site-packages/airflow/example_dags/example_sensors.py took 0.052 seconds
[2026-03-01T14:54:15.100+0530] {processor.py:186} INFO - Started process (PID=242321) to work on /home/jenny/.local/lib/python3.13/site-packages/airflow/example_dags/example_sensors.py
[2026-03-01T14:54:15.101+0530] {processor.py:914} INFO - Processing file /home/jenny/.local/lib/python3.13/site-packages/airflow/example_dags/example_sensors.py for tasks to queue
[2026-03-01T14:54:15.104+0530] {logging_mixin.py:190} INFO - [2026-03-01T14:54:15.103+0530] {dagbag.py:588} INFO - Filling up the DagBag from /home/jenny/.local/lib/python3.13/site-packages/airflow/example_dags/example_sensors.py
[2026-03-01T14:54:15.113+0530] {processor.py:925} INFO - DAG(s) 'example_sensors' retrieved from /home/jenny/.local/lib/python3.13/site-packages/airflow/example_dags/example_sensors.py
[2026-03-01T14:54:15.125+0530] {logging_mixin.py:190} INFO - [2026-03-01T14:54:15.125+0530] {dag.py:3239} INFO - Sync 1 DAGs
[2026-03-01T14:54:15.132+0530] {logging_mixin.py:190} INFO - [2026-03-01T14:54:15.132+0530] {dag.py:4180} INFO - Setting next_dagrun for example_sensors to None, run_after=None
[2026-03-01T14:54:15.147+0530] {processor.py:208} INFO - Processing /home/jenny/.local/lib/python3.13/site-packages/airflow/example_dags/example_sensors.py took 0.052 seconds
[2026-03-01T14:55:10.116+0530] {processor.py:186} INFO - Started process (PID=242464) to work on /home/jenny/.local/lib/python3.13/site-packages/airflow/example_dags/example_sensors.py
[2026-03-01T14:55:10.116+0530] {processor.py:914} INFO - Processing file /home/jenny/.local/lib/python3.13/site-packages/airflow/example_dags/example_sensors.py for tasks to queue
[2026-03-01T14:55:10.118+0530] {logging_mixin.py:190} INFO - [2026-03-01T14:55:10.118+0530] {dagbag.py:588} INFO - Filling up the DagBag from /home/jenny/.local/lib/python3.13/site-packages/airflow/example_dags/example_sensors.py
[2026-03-01T14:55:10.128+0530] {processor.py:925} INFO - DAG(s) 'example_sensors' retrieved from /home/jenny/.local/lib/python3.13/site-packages/airflow/example_dags/example_sensors.py
[2026-03-01T14:55:10.141+0530] {logging_mixin.py:190} INFO - [2026-03-01T14:55:10.141+0530] {dag.py:3239} INFO - Sync 1 DAGs
[2026-03-01T14:55:10.149+0530] {logging_mixin.py:190} INFO - [2026-03-01T14:55:10.149+0530] {dag.py:4180} INFO - Setting next_dagrun for example_sensors to None, run_after=None
[2026-03-01T14:55:10.164+0530] {processor.py:208} INFO - Processing /home/jenny/.local/lib/python3.13/site-packages/airflow/example_dags/example_sensors.py took 0.053 seconds
[2026-03-01T14:56:03.368+0530] {processor.py:186} INFO - Started process (PID=246597) to work on /home/jenny/.local/lib/python3.13/site-packages/airflow/example_dags/example_sensors.py
[2026-03-01T14:56:03.369+0530] {processor.py:914} INFO - Processing file /home/jenny/.local/lib/python3.13/site-packages/airflow/example_dags/example_sensors.py for tasks to queue
[2026-03-01T14:56:03.372+0530] {logging_mixin.py:190} INFO - [2026-03-01T14:56:03.372+0530] {dagbag.py:588} INFO - Filling up the DagBag from /home/jenny/.local/lib/python3.13/site-packages/airflow/example_dags/example_sensors.py
[2026-03-01T14:56:03.381+0530] {processor.py:925} INFO - DAG(s) 'example_sensors' retrieved from /home/jenny/.local/lib/python3.13/site-packages/airflow/example_dags/example_sensors.py
[2026-03-01T14:56:03.393+0530] {logging_mixin.py:190} INFO - [2026-03-01T14:56:03.392+0530] {dag.py:3239} INFO - Sync 1 DAGs
[2026-03-01T14:56:03.401+0530] {logging_mixin.py:190} INFO - [2026-03-01T14:56:03.400+0530] {dag.py:4180} INFO - Setting next_dagrun for example_sensors to None, run_after=None
[2026-03-01T14:56:03.416+0530] {processor.py:208} INFO - Processing /home/jenny/.local/lib/python3.13/site-packages/airflow/example_dags/example_sensors.py took 0.054 seconds
[2026-03-01T14:56:57.643+0530] {processor.py:186} INFO - Started process (PID=246760) to work on /home/jenny/.local/lib/python3.13/site-packages/airflow/example_dags/example_sensors.py
[2026-03-01T14:56:57.644+0530] {processor.py:914} INFO - Processing file /home/jenny/.local/lib/python3.13/site-packages/airflow/example_dags/example_sensors.py for tasks to queue
[2026-03-01T14:56:57.647+0530] {logging_mixin.py:190} INFO - [2026-03-01T14:56:57.647+0530] {dagbag.py:588} INFO - Filling up the DagBag from /home/jenny/.local/lib/python3.13/site-packages/airflow/example_dags/example_sensors.py
[2026-03-01T14:56:57.657+0530] {processor.py:925} INFO - DAG(s) 'example_sensors' retrieved from /home/jenny/.local/lib/python3.13/site-packages/airflow/example_dags/example_sensors.py
[2026-03-01T14:56:57.668+0530] {logging_mixin.py:190} INFO - [2026-03-01T14:56:57.668+0530] {dag.py:3239} INFO - Sync 1 DAGs
[2026-03-01T14:56:57.676+0530] {logging_mixin.py:190} INFO - [2026-03-01T14:56:57.676+0530] {dag.py:4180} INFO - Setting next_dagrun for example_sensors to None, run_after=None
[2026-03-01T14:56:57.691+0530] {processor.py:208} INFO - Processing /home/jenny/.local/lib/python3.13/site-packages/airflow/example_dags/example_sensors.py took 0.053 seconds
[2026-03-01T14:57:51.375+0530] {processor.py:186} INFO - Started process (PID=246900) to work on /home/jenny/.local/lib/python3.13/site-packages/airflow/example_dags/example_sensors.py
[2026-03-01T14:57:51.376+0530] {processor.py:914} INFO - Processing file /home/jenny/.local/lib/python3.13/site-packages/airflow/example_dags/example_sensors.py for tasks to queue
[2026-03-01T14:57:51.379+0530] {logging_mixin.py:190} INFO - [2026-03-01T14:57:51.378+0530] {dagbag.py:588} INFO - Filling up the DagBag from /home/jenny/.local/lib/python3.13/site-packages/airflow/example_dags/example_sensors.py
[2026-03-01T14:57:51.388+0530] {processor.py:925} INFO - DAG(s) 'example_sensors' retrieved from /home/jenny/.local/lib/python3.13/site-packages/airflow/example_dags/example_sensors.py
[2026-03-01T14:57:51.400+0530] {logging_mixin.py:190} INFO - [2026-03-01T14:57:51.400+0530] {dag.py:3239} INFO - Sync 1 DAGs
[2026-03-01T14:57:51.407+0530] {logging_mixin.py:190} INFO - [2026-03-01T14:57:51.407+0530] {dag.py:4180} INFO - Setting next_dagrun for example_sensors to None, run_after=None
[2026-03-01T14:57:51.422+0530] {processor.py:208} INFO - Processing /home/jenny/.local/lib/python3.13/site-packages/airflow/example_dags/example_sensors.py took 0.052 seconds
[2026-03-01T14:58:46.135+0530] {processor.py:186} INFO - Started process (PID=247177) to work on /home/jenny/.local/lib/python3.13/site-packages/airflow/example_dags/example_sensors.py
[2026-03-01T14:58:46.136+0530] {processor.py:914} INFO - Processing file /home/jenny/.local/lib/python3.13/site-packages/airflow/example_dags/example_sensors.py for tasks to queue
[2026-03-01T14:58:46.138+0530] {logging_mixin.py:190} INFO - [2026-03-01T14:58:46.138+0530] {dagbag.py:588} INFO - Filling up the DagBag from /home/jenny/.local/lib/python3.13/site-packages/airflow/example_dags/example_sensors.py
[2026-03-01T14:58:46.149+0530] {processor.py:925} INFO - DAG(s) 'example_sensors' retrieved from /home/jenny/.local/lib/python3.13/site-packages/airflow/example_dags/example_sensors.py
[2026-03-01T14:58:46.166+0530] {logging_mixin.py:190} INFO - [2026-03-01T14:58:46.165+0530] {dag.py:3239} INFO - Sync 1 DAGs
[2026-03-01T14:58:46.178+0530] {logging_mixin.py:190} INFO - [2026-03-01T14:58:46.178+0530] {dag.py:4180} INFO - Setting next_dagrun for example_sensors to None, run_after=None
[2026-03-01T14:58:46.198+0530] {processor.py:208} INFO - Processing /home/jenny/.local/lib/python3.13/site-packages/airflow/example_dags/example_sensors.py took 0.067 seconds
[2026-03-01T14:59:40.760+0530] {processor.py:186} INFO - Started process (PID=247475) to work on /home/jenny/.local/lib/python3.13/site-packages/airflow/example_dags/example_sensors.py
[2026-03-01T14:59:40.762+0530] {processor.py:914} INFO - Processing file /home/jenny/.local/lib/python3.13/site-packages/airflow/example_dags/example_sensors.py for tasks to queue
[2026-03-01T14:59:40.765+0530] {logging_mixin.py:190} INFO - [2026-03-01T14:59:40.765+0530] {dagbag.py:588} INFO - Filling up the DagBag from /home/jenny/.local/lib/python3.13/site-packages/airflow/example_dags/example_sensors.py
[2026-03-01T14:59:40.785+0530] {processor.py:925} INFO - DAG(s) 'example_sensors' retrieved from /home/jenny/.local/lib/python3.13/site-packages/airflow/example_dags/example_sensors.py
[2026-03-01T14:59:40.812+0530] {logging_mixin.py:190} INFO - [2026-03-01T14:59:40.811+0530] {dag.py:3239} INFO - Sync 1 DAGs
[2026-03-01T14:59:40.828+0530] {logging_mixin.py:190} INFO - [2026-03-01T14:59:40.828+0530] {dag.py:4180} INFO - Setting next_dagrun for example_sensors to None, run_after=None
[2026-03-01T14:59:40.850+0530] {processor.py:208} INFO - Processing /home/jenny/.local/lib/python3.13/site-packages/airflow/example_dags/example_sensors.py took 0.099 seconds
[2026-03-01T15:00:34.904+0530] {processor.py:186} INFO - Started process (PID=248024) to work on /home/jenny/.local/lib/python3.13/site-packages/airflow/example_dags/example_sensors.py
[2026-03-01T15:00:34.905+0530] {processor.py:914} INFO - Processing file /home/jenny/.local/lib/python3.13/site-packages/airflow/example_dags/example_sensors.py for tasks to queue
[2026-03-01T15:00:34.906+0530] {logging_mixin.py:190} INFO - [2026-03-01T15:00:34.906+0530] {dagbag.py:588} INFO - Filling up the DagBag from /home/jenny/.local/lib/python3.13/site-packages/airflow/example_dags/example_sensors.py
[2026-03-01T15:00:34.915+0530] {processor.py:925} INFO - DAG(s) 'example_sensors' retrieved from /home/jenny/.local/lib/python3.13/site-packages/airflow/example_dags/example_sensors.py
[2026-03-01T15:00:34.931+0530] {logging_mixin.py:190} INFO - [2026-03-01T15:00:34.931+0530] {dag.py:3239} INFO - Sync 1 DAGs
[2026-03-01T15:00:34.939+0530] {logging_mixin.py:190} INFO - [2026-03-01T15:00:34.939+0530] {dag.py:4180} INFO - Setting next_dagrun for example_sensors to None, run_after=None
[2026-03-01T15:00:34.957+0530] {processor.py:208} INFO - Processing /home/jenny/.local/lib/python3.13/site-packages/airflow/example_dags/example_sensors.py took 0.059 seconds
[2026-03-01T15:01:31.547+0530] {processor.py:186} INFO - Started process (PID=248208) to work on /home/jenny/.local/lib/python3.13/site-packages/airflow/example_dags/example_sensors.py
[2026-03-01T15:01:31.548+0530] {processor.py:914} INFO - Processing file /home/jenny/.local/lib/python3.13/site-packages/airflow/example_dags/example_sensors.py for tasks to queue
[2026-03-01T15:01:31.551+0530] {logging_mixin.py:190} INFO - [2026-03-01T15:01:31.551+0530] {dagbag.py:588} INFO - Filling up the DagBag from /home/jenny/.local/lib/python3.13/site-packages/airflow/example_dags/example_sensors.py
[2026-03-01T15:01:31.561+0530] {processor.py:925} INFO - DAG(s) 'example_sensors' retrieved from /home/jenny/.local/lib/python3.13/site-packages/airflow/example_dags/example_sensors.py
[2026-03-01T15:01:31.573+0530] {logging_mixin.py:190} INFO - [2026-03-01T15:01:31.573+0530] {dag.py:3239} INFO - Sync 1 DAGs
[2026-03-01T15:01:31.580+0530] {logging_mixin.py:190} INFO - [2026-03-01T15:01:31.580+0530] {dag.py:4180} INFO - Setting next_dagrun for example_sensors to None, run_after=None
[2026-03-01T15:01:31.595+0530] {processor.py:208} INFO - Processing /home/jenny/.local/lib/python3.13/site-packages/airflow/example_dags/example_sensors.py took 0.052 seconds
[2026-03-01T15:02:24.966+0530] {processor.py:186} INFO - Started process (PID=248394) to work on /home/jenny/.local/lib/python3.13/site-packages/airflow/example_dags/example_sensors.py
[2026-03-01T15:02:24.967+0530] {processor.py:914} INFO - Processing file /home/jenny/.local/lib/python3.13/site-packages/airflow/example_dags/example_sensors.py for tasks to queue
[2026-03-01T15:02:24.969+0530] {logging_mixin.py:190} INFO - [2026-03-01T15:02:24.969+0530] {dagbag.py:588} INFO - Filling up the DagBag from /home/jenny/.local/lib/python3.13/site-packages/airflow/example_dags/example_sensors.py
[2026-03-01T15:02:24.979+0530] {processor.py:925} INFO - DAG(s) 'example_sensors' retrieved from /home/jenny/.local/lib/python3.13/site-packages/airflow/example_dags/example_sensors.py
[2026-03-01T15:02:24.995+0530] {logging_mixin.py:190} INFO - [2026-03-01T15:02:24.995+0530] {dag.py:3239} INFO - Sync 1 DAGs
[2026-03-01T15:02:25.003+0530] {logging_mixin.py:190} INFO - [2026-03-01T15:02:25.003+0530] {dag.py:4180} INFO - Setting next_dagrun for example_sensors to None, run_after=None
[2026-03-01T15:02:25.034+0530] {processor.py:208} INFO - Processing /home/jenny/.local/lib/python3.13/site-packages/airflow/example_dags/example_sensors.py took 0.072 seconds
[2026-03-01T15:03:20.852+0530] {processor.py:186} INFO - Started process (PID=248715) to work on /home/jenny/.local/lib/python3.13/site-packages/airflow/example_dags/example_sensors.py
[2026-03-01T15:03:20.853+0530] {processor.py:914} INFO - Processing file /home/jenny/.local/lib/python3.13/site-packages/airflow/example_dags/example_sensors.py for tasks to queue
[2026-03-01T15:03:20.855+0530] {logging_mixin.py:190} INFO - [2026-03-01T15:03:20.854+0530] {dagbag.py:588} INFO - Filling up the DagBag from /home/jenny/.local/lib/python3.13/site-packages/airflow/example_dags/example_sensors.py
[2026-03-01T15:03:20.865+0530] {processor.py:925} INFO - DAG(s) 'example_sensors' retrieved from /home/jenny/.local/lib/python3.13/site-packages/airflow/example_dags/example_sensors.py
[2026-03-01T15:03:20.884+0530] {logging_mixin.py:190} INFO - [2026-03-01T15:03:20.884+0530] {dag.py:3239} INFO - Sync 1 DAGs
[2026-03-01T15:03:20.895+0530] {logging_mixin.py:190} INFO - [2026-03-01T15:03:20.895+0530] {dag.py:4180} INFO - Setting next_dagrun for example_sensors to None, run_after=None
[2026-03-01T15:03:20.985+0530] {processor.py:208} INFO - Processing /home/jenny/.local/lib/python3.13/site-packages/airflow/example_dags/example_sensors.py took 0.137 seconds
[2026-03-01T15:04:16.011+0530] {processor.py:186} INFO - Started process (PID=249082) to work on /home/jenny/.local/lib/python3.13/site-packages/airflow/example_dags/example_sensors.py
[2026-03-01T15:04:16.012+0530] {processor.py:914} INFO - Processing file /home/jenny/.local/lib/python3.13/site-packages/airflow/example_dags/example_sensors.py for tasks to queue
[2026-03-01T15:04:16.014+0530] {logging_mixin.py:190} INFO - [2026-03-01T15:04:16.014+0530] {dagbag.py:588} INFO - Filling up the DagBag from /home/jenny/.local/lib/python3.13/site-packages/airflow/example_dags/example_sensors.py
[2026-03-01T15:04:16.024+0530] {processor.py:925} INFO - DAG(s) 'example_sensors' retrieved from /home/jenny/.local/lib/python3.13/site-packages/airflow/example_dags/example_sensors.py
[2026-03-01T15:04:16.036+0530] {logging_mixin.py:190} INFO - [2026-03-01T15:04:16.036+0530] {dag.py:3239} INFO - Sync 1 DAGs
[2026-03-01T15:04:16.044+0530] {logging_mixin.py:190} INFO - [2026-03-01T15:04:16.043+0530] {dag.py:4180} INFO - Setting next_dagrun for example_sensors to None, run_after=None
[2026-03-01T15:04:16.060+0530] {processor.py:208} INFO - Processing /home/jenny/.local/lib/python3.13/site-packages/airflow/example_dags/example_sensors.py took 0.052 seconds
[2026-03-01T15:05:07.476+0530] {processor.py:186} INFO - Started process (PID=249452) to work on /home/jenny/.local/lib/python3.13/site-packages/airflow/example_dags/example_sensors.py
[2026-03-01T15:05:07.477+0530] {processor.py:914} INFO - Processing file /home/jenny/.local/lib/python3.13/site-packages/airflow/example_dags/example_sensors.py for tasks to queue
[2026-03-01T15:05:07.479+0530] {logging_mixin.py:190} INFO - [2026-03-01T15:05:07.479+0530] {dagbag.py:588} INFO - Filling up the DagBag from /home/jenny/.local/lib/python3.13/site-packages/airflow/example_dags/example_sensors.py
[2026-03-01T15:05:07.489+0530] {processor.py:925} INFO - DAG(s) 'example_sensors' retrieved from /home/jenny/.local/lib/python3.13/site-packages/airflow/example_dags/example_sensors.py
[2026-03-01T15:05:07.506+0530] {logging_mixin.py:190} INFO - [2026-03-01T15:05:07.506+0530] {dag.py:3239} INFO - Sync 1 DAGs
[2026-03-01T15:05:07.517+0530] {logging_mixin.py:190} INFO - [2026-03-01T15:05:07.516+0530] {dag.py:4180} INFO - Setting next_dagrun for example_sensors to None, run_after=None
[2026-03-01T15:05:07.549+0530] {processor.py:208} INFO - Processing /home/jenny/.local/lib/python3.13/site-packages/airflow/example_dags/example_sensors.py took 0.077 seconds
[2026-03-01T15:06:00.857+0530] {processor.py:186} INFO - Started process (PID=249648) to work on /home/jenny/.local/lib/python3.13/site-packages/airflow/example_dags/example_sensors.py
[2026-03-01T15:06:00.858+0530] {processor.py:914} INFO - Processing file /home/jenny/.local/lib/python3.13/site-packages/airflow/example_dags/example_sensors.py for tasks to queue
[2026-03-01T15:06:00.860+0530] {logging_mixin.py:190} INFO - [2026-03-01T15:06:00.860+0530] {dagbag.py:588} INFO - Filling up the DagBag from /home/jenny/.local/lib/python3.13/site-packages/airflow/example_dags/example_sensors.py
[2026-03-01T15:06:00.869+0530] {processor.py:925} INFO - DAG(s) 'example_sensors' retrieved from /home/jenny/.local/lib/python3.13/site-packages/airflow/example_dags/example_sensors.py
[2026-03-01T15:06:00.882+0530] {logging_mixin.py:190} INFO - [2026-03-01T15:06:00.882+0530] {dag.py:3239} INFO - Sync 1 DAGs
[2026-03-01T15:06:00.891+0530] {logging_mixin.py:190} INFO - [2026-03-01T15:06:00.890+0530] {dag.py:4180} INFO - Setting next_dagrun for example_sensors to None, run_after=None
[2026-03-01T15:06:00.907+0530] {processor.py:208} INFO - Processing /home/jenny/.local/lib/python3.13/site-packages/airflow/example_dags/example_sensors.py took 0.055 seconds
[2026-03-01T15:06:54.701+0530] {processor.py:186} INFO - Started process (PID=249935) to work on /home/jenny/.local/lib/python3.13/site-packages/airflow/example_dags/example_sensors.py
[2026-03-01T15:06:54.702+0530] {processor.py:914} INFO - Processing file /home/jenny/.local/lib/python3.13/site-packages/airflow/example_dags/example_sensors.py for tasks to queue
[2026-03-01T15:06:54.704+0530] {logging_mixin.py:190} INFO - [2026-03-01T15:06:54.703+0530] {dagbag.py:588} INFO - Filling up the DagBag from /home/jenny/.local/lib/python3.13/site-packages/airflow/example_dags/example_sensors.py
[2026-03-01T15:06:54.711+0530] {processor.py:925} INFO - DAG(s) 'example_sensors' retrieved from /home/jenny/.local/lib/python3.13/site-packages/airflow/example_dags/example_sensors.py
[2026-03-01T15:06:54.724+0530] {logging_mixin.py:190} INFO - [2026-03-01T15:06:54.724+0530] {dag.py:3239} INFO - Sync 1 DAGs
[2026-03-01T15:06:54.732+0530] {logging_mixin.py:190} INFO - [2026-03-01T15:06:54.732+0530] {dag.py:4180} INFO - Setting next_dagrun for example_sensors to None, run_after=None
[2026-03-01T15:06:54.748+0530] {processor.py:208} INFO - Processing /home/jenny/.local/lib/python3.13/site-packages/airflow/example_dags/example_sensors.py took 0.050 seconds
[2026-03-01T15:07:47.822+0530] {processor.py:186} INFO - Started process (PID=250240) to work on /home/jenny/.local/lib/python3.13/site-packages/airflow/example_dags/example_sensors.py
[2026-03-01T15:07:47.823+0530] {processor.py:914} INFO - Processing file /home/jenny/.local/lib/python3.13/site-packages/airflow/example_dags/example_sensors.py for tasks to queue
[2026-03-01T15:07:47.826+0530] {logging_mixin.py:190} INFO - [2026-03-01T15:07:47.825+0530] {dagbag.py:588} INFO - Filling up the DagBag from /home/jenny/.local/lib/python3.13/site-packages/airflow/example_dags/example_sensors.py
[2026-03-01T15:07:47.837+0530] {processor.py:925} INFO - DAG(s) 'example_sensors' retrieved from /home/jenny/.local/lib/python3.13/site-packages/airflow/example_dags/example_sensors.py
[2026-03-01T15:07:47.863+0530] {logging_mixin.py:190} INFO - [2026-03-01T15:07:47.863+0530] {dag.py:3239} INFO - Sync 1 DAGs
[2026-03-01T15:07:47.877+0530] {logging_mixin.py:190} INFO - [2026-03-01T15:07:47.877+0530] {dag.py:4180} INFO - Setting next_dagrun for example_sensors to None, run_after=None
[2026-03-01T15:07:47.898+0530] {processor.py:208} INFO - Processing /home/jenny/.local/lib/python3.13/site-packages/airflow/example_dags/example_sensors.py took 0.080 seconds
[2026-03-01T15:08:40.474+0530] {processor.py:186} INFO - Started process (PID=250499) to work on /home/jenny/.local/lib/python3.13/site-packages/airflow/example_dags/example_sensors.py
[2026-03-01T15:08:40.475+0530] {processor.py:914} INFO - Processing file /home/jenny/.local/lib/python3.13/site-packages/airflow/example_dags/example_sensors.py for tasks to queue
[2026-03-01T15:08:40.477+0530] {logging_mixin.py:190} INFO - [2026-03-01T15:08:40.476+0530] {dagbag.py:588} INFO - Filling up the DagBag from /home/jenny/.local/lib/python3.13/site-packages/airflow/example_dags/example_sensors.py
[2026-03-01T15:08:40.486+0530] {processor.py:925} INFO - DAG(s) 'example_sensors' retrieved from /home/jenny/.local/lib/python3.13/site-packages/airflow/example_dags/example_sensors.py
[2026-03-01T15:08:40.502+0530] {logging_mixin.py:190} INFO - [2026-03-01T15:08:40.502+0530] {dag.py:3239} INFO - Sync 1 DAGs
[2026-03-01T15:08:40.512+0530] {logging_mixin.py:190} INFO - [2026-03-01T15:08:40.512+0530] {dag.py:4180} INFO - Setting next_dagrun for example_sensors to None, run_after=None
[2026-03-01T15:08:40.532+0530] {processor.py:208} INFO - Processing /home/jenny/.local/lib/python3.13/site-packages/airflow/example_dags/example_sensors.py took 0.062 seconds
[2026-03-01T15:09:32.377+0530] {processor.py:186} INFO - Started process (PID=250810) to work on /home/jenny/.local/lib/python3.13/site-packages/airflow/example_dags/example_sensors.py
[2026-03-01T15:09:32.378+0530] {processor.py:914} INFO - Processing file /home/jenny/.local/lib/python3.13/site-packages/airflow/example_dags/example_sensors.py for tasks to queue
[2026-03-01T15:09:32.380+0530] {logging_mixin.py:190} INFO - [2026-03-01T15:09:32.380+0530] {dagbag.py:588} INFO - Filling up the DagBag from /home/jenny/.local/lib/python3.13/site-packages/airflow/example_dags/example_sensors.py
[2026-03-01T15:09:32.390+0530] {processor.py:925} INFO - DAG(s) 'example_sensors' retrieved from /home/jenny/.local/lib/python3.13/site-packages/airflow/example_dags/example_sensors.py
[2026-03-01T15:09:32.404+0530] {logging_mixin.py:190} INFO - [2026-03-01T15:09:32.404+0530] {dag.py:3239} INFO - Sync 1 DAGs
[2026-03-01T15:09:32.412+0530] {logging_mixin.py:190} INFO - [2026-03-01T15:09:32.412+0530] {dag.py:4180} INFO - Setting next_dagrun for example_sensors to None, run_after=None
[2026-03-01T15:09:32.452+0530] {processor.py:208} INFO - Processing /home/jenny/.local/lib/python3.13/site-packages/airflow/example_dags/example_sensors.py took 0.080 seconds
[2026-03-01T15:10:24.252+0530] {processor.py:186} INFO - Started process (PID=251249) to work on /home/jenny/.local/lib/python3.13/site-packages/airflow/example_dags/example_sensors.py
[2026-03-01T15:10:24.253+0530] {processor.py:914} INFO - Processing file /home/jenny/.local/lib/python3.13/site-packages/airflow/example_dags/example_sensors.py for tasks to queue
[2026-03-01T15:10:24.255+0530] {logging_mixin.py:190} INFO - [2026-03-01T15:10:24.255+0530] {dagbag.py:588} INFO - Filling up the DagBag from /home/jenny/.local/lib/python3.13/site-packages/airflow/example_dags/example_sensors.py
[2026-03-01T15:10:24.271+0530] {processor.py:925} INFO - DAG(s) 'example_sensors' retrieved from /home/jenny/.local/lib/python3.13/site-packages/airflow/example_dags/example_sensors.py
[2026-03-01T15:10:24.293+0530] {logging_mixin.py:190} INFO - [2026-03-01T15:10:24.292+0530] {dag.py:3239} INFO - Sync 1 DAGs
[2026-03-01T15:10:24.305+0530] {logging_mixin.py:190} INFO - [2026-03-01T15:10:24.305+0530] {dag.py:4180} INFO - Setting next_dagrun for example_sensors to None, run_after=None
[2026-03-01T15:10:24.327+0530] {processor.py:208} INFO - Processing /home/jenny/.local/lib/python3.13/site-packages/airflow/example_dags/example_sensors.py took 0.081 seconds
[2026-03-01T19:41:32.113+0530] {processor.py:186} INFO - Started process (PID=255521) to work on /home/jenny/.local/lib/python3.13/site-packages/airflow/example_dags/example_sensors.py
[2026-03-01T19:41:32.114+0530] {processor.py:914} INFO - Processing file /home/jenny/.local/lib/python3.13/site-packages/airflow/example_dags/example_sensors.py for tasks to queue
[2026-03-01T19:41:32.116+0530] {logging_mixin.py:190} INFO - [2026-03-01T19:41:32.115+0530] {dagbag.py:588} INFO - Filling up the DagBag from /home/jenny/.local/lib/python3.13/site-packages/airflow/example_dags/example_sensors.py
[2026-03-01T19:41:32.126+0530] {processor.py:925} INFO - DAG(s) 'example_sensors' retrieved from /home/jenny/.local/lib/python3.13/site-packages/airflow/example_dags/example_sensors.py
[2026-03-01T19:41:32.140+0530] {logging_mixin.py:190} INFO - [2026-03-01T19:41:32.140+0530] {dag.py:3239} INFO - Sync 1 DAGs
[2026-03-01T19:41:32.148+0530] {logging_mixin.py:190} INFO - [2026-03-01T19:41:32.148+0530] {dag.py:4180} INFO - Setting next_dagrun for example_sensors to None, run_after=None
[2026-03-01T19:41:32.163+0530] {processor.py:208} INFO - Processing /home/jenny/.local/lib/python3.13/site-packages/airflow/example_dags/example_sensors.py took 0.055 seconds
[2026-03-01T19:42:28.922+0530] {processor.py:186} INFO - Started process (PID=255773) to work on /home/jenny/.local/lib/python3.13/site-packages/airflow/example_dags/example_sensors.py
[2026-03-01T19:42:28.923+0530] {processor.py:914} INFO - Processing file /home/jenny/.local/lib/python3.13/site-packages/airflow/example_dags/example_sensors.py for tasks to queue
[2026-03-01T19:42:28.924+0530] {logging_mixin.py:190} INFO - [2026-03-01T19:42:28.924+0530] {dagbag.py:588} INFO - Filling up the DagBag from /home/jenny/.local/lib/python3.13/site-packages/airflow/example_dags/example_sensors.py
[2026-03-01T19:42:28.934+0530] {processor.py:925} INFO - DAG(s) 'example_sensors' retrieved from /home/jenny/.local/lib/python3.13/site-packages/airflow/example_dags/example_sensors.py
[2026-03-01T19:42:28.946+0530] {logging_mixin.py:190} INFO - [2026-03-01T19:42:28.946+0530] {dag.py:3239} INFO - Sync 1 DAGs
[2026-03-01T19:42:28.954+0530] {logging_mixin.py:190} INFO - [2026-03-01T19:42:28.953+0530] {dag.py:4180} INFO - Setting next_dagrun for example_sensors to None, run_after=None
[2026-03-01T19:42:28.970+0530] {processor.py:208} INFO - Processing /home/jenny/.local/lib/python3.13/site-packages/airflow/example_dags/example_sensors.py took 0.052 seconds
[2026-03-01T19:43:23.373+0530] {processor.py:186} INFO - Started process (PID=256166) to work on /home/jenny/.local/lib/python3.13/site-packages/airflow/example_dags/example_sensors.py
[2026-03-01T19:43:23.374+0530] {processor.py:914} INFO - Processing file /home/jenny/.local/lib/python3.13/site-packages/airflow/example_dags/example_sensors.py for tasks to queue
[2026-03-01T19:43:23.376+0530] {logging_mixin.py:190} INFO - [2026-03-01T19:43:23.375+0530] {dagbag.py:588} INFO - Filling up the DagBag from /home/jenny/.local/lib/python3.13/site-packages/airflow/example_dags/example_sensors.py
[2026-03-01T19:43:23.386+0530] {processor.py:925} INFO - DAG(s) 'example_sensors' retrieved from /home/jenny/.local/lib/python3.13/site-packages/airflow/example_dags/example_sensors.py
[2026-03-01T19:43:23.404+0530] {logging_mixin.py:190} INFO - [2026-03-01T19:43:23.403+0530] {dag.py:3239} INFO - Sync 1 DAGs
[2026-03-01T19:43:23.413+0530] {logging_mixin.py:190} INFO - [2026-03-01T19:43:23.413+0530] {dag.py:4180} INFO - Setting next_dagrun for example_sensors to None, run_after=None
[2026-03-01T19:43:23.449+0530] {processor.py:208} INFO - Processing /home/jenny/.local/lib/python3.13/site-packages/airflow/example_dags/example_sensors.py took 0.081 seconds
[2026-03-01T19:44:16.021+0530] {processor.py:186} INFO - Started process (PID=256317) to work on /home/jenny/.local/lib/python3.13/site-packages/airflow/example_dags/example_sensors.py
[2026-03-01T19:44:16.022+0530] {processor.py:914} INFO - Processing file /home/jenny/.local/lib/python3.13/site-packages/airflow/example_dags/example_sensors.py for tasks to queue
[2026-03-01T19:44:16.024+0530] {logging_mixin.py:190} INFO - [2026-03-01T19:44:16.023+0530] {dagbag.py:588} INFO - Filling up the DagBag from /home/jenny/.local/lib/python3.13/site-packages/airflow/example_dags/example_sensors.py
[2026-03-01T19:44:16.032+0530] {processor.py:925} INFO - DAG(s) 'example_sensors' retrieved from /home/jenny/.local/lib/python3.13/site-packages/airflow/example_dags/example_sensors.py
[2026-03-01T19:44:16.047+0530] {logging_mixin.py:190} INFO - [2026-03-01T19:44:16.047+0530] {dag.py:3239} INFO - Sync 1 DAGs
[2026-03-01T19:44:16.055+0530] {logging_mixin.py:190} INFO - [2026-03-01T19:44:16.055+0530] {dag.py:4180} INFO - Setting next_dagrun for example_sensors to None, run_after=None
[2026-03-01T19:44:16.073+0530] {processor.py:208} INFO - Processing /home/jenny/.local/lib/python3.13/site-packages/airflow/example_dags/example_sensors.py took 0.057 seconds
[2026-03-01T19:45:09.753+0530] {processor.py:186} INFO - Started process (PID=256770) to work on /home/jenny/.local/lib/python3.13/site-packages/airflow/example_dags/example_sensors.py
[2026-03-01T19:45:09.754+0530] {processor.py:914} INFO - Processing file /home/jenny/.local/lib/python3.13/site-packages/airflow/example_dags/example_sensors.py for tasks to queue
[2026-03-01T19:45:09.756+0530] {logging_mixin.py:190} INFO - [2026-03-01T19:45:09.755+0530] {dagbag.py:588} INFO - Filling up the DagBag from /home/jenny/.local/lib/python3.13/site-packages/airflow/example_dags/example_sensors.py
[2026-03-01T19:45:09.765+0530] {processor.py:925} INFO - DAG(s) 'example_sensors' retrieved from /home/jenny/.local/lib/python3.13/site-packages/airflow/example_dags/example_sensors.py
[2026-03-01T19:45:09.777+0530] {logging_mixin.py:190} INFO - [2026-03-01T19:45:09.777+0530] {dag.py:3239} INFO - Sync 1 DAGs
[2026-03-01T19:45:09.784+0530] {logging_mixin.py:190} INFO - [2026-03-01T19:45:09.784+0530] {dag.py:4180} INFO - Setting next_dagrun for example_sensors to None, run_after=None
[2026-03-01T19:45:09.800+0530] {processor.py:208} INFO - Processing /home/jenny/.local/lib/python3.13/site-packages/airflow/example_dags/example_sensors.py took 0.052 seconds
[2026-03-01T19:46:01.190+0530] {processor.py:186} INFO - Started process (PID=257294) to work on /home/jenny/.local/lib/python3.13/site-packages/airflow/example_dags/example_sensors.py
[2026-03-01T19:46:01.192+0530] {processor.py:914} INFO - Processing file /home/jenny/.local/lib/python3.13/site-packages/airflow/example_dags/example_sensors.py for tasks to queue
[2026-03-01T19:46:01.193+0530] {logging_mixin.py:190} INFO - [2026-03-01T19:46:01.193+0530] {dagbag.py:588} INFO - Filling up the DagBag from /home/jenny/.local/lib/python3.13/site-packages/airflow/example_dags/example_sensors.py
[2026-03-01T19:46:01.204+0530] {processor.py:925} INFO - DAG(s) 'example_sensors' retrieved from /home/jenny/.local/lib/python3.13/site-packages/airflow/example_dags/example_sensors.py
[2026-03-01T19:46:01.219+0530] {logging_mixin.py:190} INFO - [2026-03-01T19:46:01.218+0530] {dag.py:3239} INFO - Sync 1 DAGs
[2026-03-01T19:46:01.228+0530] {logging_mixin.py:190} INFO - [2026-03-01T19:46:01.228+0530] {dag.py:4180} INFO - Setting next_dagrun for example_sensors to None, run_after=None
[2026-03-01T19:46:01.259+0530] {processor.py:208} INFO - Processing /home/jenny/.local/lib/python3.13/site-packages/airflow/example_dags/example_sensors.py took 0.074 seconds
[2026-03-01T19:46:54.072+0530] {processor.py:186} INFO - Started process (PID=258537) to work on /home/jenny/.local/lib/python3.13/site-packages/airflow/example_dags/example_sensors.py
[2026-03-01T19:46:54.073+0530] {processor.py:914} INFO - Processing file /home/jenny/.local/lib/python3.13/site-packages/airflow/example_dags/example_sensors.py for tasks to queue
[2026-03-01T19:46:54.073+0530] {logging_mixin.py:190} INFO - [2026-03-01T19:46:54.073+0530] {dagbag.py:588} INFO - Filling up the DagBag from /home/jenny/.local/lib/python3.13/site-packages/airflow/example_dags/example_sensors.py
[2026-03-01T19:46:54.081+0530] {processor.py:925} INFO - DAG(s) 'example_sensors' retrieved from /home/jenny/.local/lib/python3.13/site-packages/airflow/example_dags/example_sensors.py
[2026-03-01T19:46:54.095+0530] {logging_mixin.py:190} INFO - [2026-03-01T19:46:54.094+0530] {dag.py:3239} INFO - Sync 1 DAGs
[2026-03-01T19:46:54.103+0530] {logging_mixin.py:190} INFO - [2026-03-01T19:46:54.103+0530] {dag.py:4180} INFO - Setting next_dagrun for example_sensors to None, run_after=None
[2026-03-01T19:46:54.120+0530] {processor.py:208} INFO - Processing /home/jenny/.local/lib/python3.13/site-packages/airflow/example_dags/example_sensors.py took 0.051 seconds
[2026-03-01T19:47:46.204+0530] {processor.py:186} INFO - Started process (PID=259795) to work on /home/jenny/.local/lib/python3.13/site-packages/airflow/example_dags/example_sensors.py
[2026-03-01T19:47:46.204+0530] {processor.py:914} INFO - Processing file /home/jenny/.local/lib/python3.13/site-packages/airflow/example_dags/example_sensors.py for tasks to queue
[2026-03-01T19:47:46.205+0530] {logging_mixin.py:190} INFO - [2026-03-01T19:47:46.205+0530] {dagbag.py:588} INFO - Filling up the DagBag from /home/jenny/.local/lib/python3.13/site-packages/airflow/example_dags/example_sensors.py
[2026-03-01T19:47:46.215+0530] {processor.py:925} INFO - DAG(s) 'example_sensors' retrieved from /home/jenny/.local/lib/python3.13/site-packages/airflow/example_dags/example_sensors.py
[2026-03-01T19:47:46.230+0530] {logging_mixin.py:190} INFO - [2026-03-01T19:47:46.230+0530] {dag.py:3239} INFO - Sync 1 DAGs
[2026-03-01T19:47:46.238+0530] {logging_mixin.py:190} INFO - [2026-03-01T19:47:46.238+0530] {dag.py:4180} INFO - Setting next_dagrun for example_sensors to None, run_after=None
[2026-03-01T19:47:46.254+0530] {processor.py:208} INFO - Processing /home/jenny/.local/lib/python3.13/site-packages/airflow/example_dags/example_sensors.py took 0.055 seconds
