[2026-03-01T14:14:52.761+0530] {processor.py:186} INFO - Started process (PID=212788) to work on /home/jenny/.local/lib/python3.13/site-packages/airflow/example_dags/example_trigger_target_dag.py
[2026-03-01T14:14:52.762+0530] {processor.py:914} INFO - Processing file /home/jenny/.local/lib/python3.13/site-packages/airflow/example_dags/example_trigger_target_dag.py for tasks to queue
[2026-03-01T14:14:52.765+0530] {logging_mixin.py:190} INFO - [2026-03-01T14:14:52.764+0530] {dagbag.py:588} INFO - Filling up the DagBag from /home/jenny/.local/lib/python3.13/site-packages/airflow/example_dags/example_trigger_target_dag.py
[2026-03-01T14:14:52.771+0530] {processor.py:925} INFO - DAG(s) 'example_trigger_target_dag' retrieved from /home/jenny/.local/lib/python3.13/site-packages/airflow/example_dags/example_trigger_target_dag.py
[2026-03-01T14:14:52.843+0530] {logging_mixin.py:190} INFO - [2026-03-01T14:14:52.839+0530] {override.py:1932} INFO - Created Permission View: can read on DAG:example_trigger_target_dag
[2026-03-01T14:14:52.853+0530] {logging_mixin.py:190} INFO - [2026-03-01T14:14:52.853+0530] {override.py:1932} INFO - Created Permission View: can delete on DAG:example_trigger_target_dag
[2026-03-01T14:14:52.863+0530] {logging_mixin.py:190} INFO - [2026-03-01T14:14:52.863+0530] {override.py:1932} INFO - Created Permission View: can edit on DAG:example_trigger_target_dag
[2026-03-01T14:14:52.877+0530] {logging_mixin.py:190} INFO - [2026-03-01T14:14:52.877+0530] {override.py:1932} INFO - Created Permission View: can read on DAG Run:example_trigger_target_dag
[2026-03-01T14:14:52.887+0530] {logging_mixin.py:190} INFO - [2026-03-01T14:14:52.887+0530] {override.py:1932} INFO - Created Permission View: menu access on DAG Run:example_trigger_target_dag
[2026-03-01T14:14:52.896+0530] {logging_mixin.py:190} INFO - [2026-03-01T14:14:52.896+0530] {override.py:1932} INFO - Created Permission View: can create on DAG Run:example_trigger_target_dag
[2026-03-01T14:14:52.905+0530] {logging_mixin.py:190} INFO - [2026-03-01T14:14:52.905+0530] {override.py:1932} INFO - Created Permission View: can delete on DAG Run:example_trigger_target_dag
[2026-03-01T14:14:52.906+0530] {logging_mixin.py:190} INFO - [2026-03-01T14:14:52.905+0530] {dag.py:3239} INFO - Sync 1 DAGs
[2026-03-01T14:14:52.913+0530] {logging_mixin.py:190} INFO - [2026-03-01T14:14:52.913+0530] {dag.py:3262} INFO - Creating ORM DAG for example_trigger_target_dag
[2026-03-01T14:14:52.913+0530] {logging_mixin.py:190} INFO - [2026-03-01T14:14:52.913+0530] {dag.py:4180} INFO - Setting next_dagrun for example_trigger_target_dag to None, run_after=None
[2026-03-01T14:14:52.928+0530] {processor.py:208} INFO - Processing /home/jenny/.local/lib/python3.13/site-packages/airflow/example_dags/example_trigger_target_dag.py took 0.173 seconds
[2026-03-01T14:15:56.341+0530] {processor.py:186} INFO - Started process (PID=213379) to work on /home/jenny/.local/lib/python3.13/site-packages/airflow/example_dags/example_trigger_target_dag.py
[2026-03-01T14:15:56.342+0530] {processor.py:914} INFO - Processing file /home/jenny/.local/lib/python3.13/site-packages/airflow/example_dags/example_trigger_target_dag.py for tasks to queue
[2026-03-01T14:15:56.344+0530] {logging_mixin.py:190} INFO - [2026-03-01T14:15:56.344+0530] {dagbag.py:588} INFO - Filling up the DagBag from /home/jenny/.local/lib/python3.13/site-packages/airflow/example_dags/example_trigger_target_dag.py
[2026-03-01T14:15:56.350+0530] {processor.py:925} INFO - DAG(s) 'example_trigger_target_dag' retrieved from /home/jenny/.local/lib/python3.13/site-packages/airflow/example_dags/example_trigger_target_dag.py
[2026-03-01T14:15:56.358+0530] {logging_mixin.py:190} INFO - [2026-03-01T14:15:56.358+0530] {dag.py:3239} INFO - Sync 1 DAGs
[2026-03-01T14:15:56.366+0530] {logging_mixin.py:190} INFO - [2026-03-01T14:15:56.366+0530] {dag.py:4180} INFO - Setting next_dagrun for example_trigger_target_dag to None, run_after=None
[2026-03-01T14:15:56.382+0530] {processor.py:208} INFO - Processing /home/jenny/.local/lib/python3.13/site-packages/airflow/example_dags/example_trigger_target_dag.py took 0.045 seconds
[2026-03-01T14:16:52.005+0530] {processor.py:186} INFO - Started process (PID=214712) to work on /home/jenny/.local/lib/python3.13/site-packages/airflow/example_dags/example_trigger_target_dag.py
[2026-03-01T14:16:52.006+0530] {processor.py:914} INFO - Processing file /home/jenny/.local/lib/python3.13/site-packages/airflow/example_dags/example_trigger_target_dag.py for tasks to queue
[2026-03-01T14:16:52.008+0530] {logging_mixin.py:190} INFO - [2026-03-01T14:16:52.008+0530] {dagbag.py:588} INFO - Filling up the DagBag from /home/jenny/.local/lib/python3.13/site-packages/airflow/example_dags/example_trigger_target_dag.py
[2026-03-01T14:16:52.015+0530] {processor.py:925} INFO - DAG(s) 'example_trigger_target_dag' retrieved from /home/jenny/.local/lib/python3.13/site-packages/airflow/example_dags/example_trigger_target_dag.py
[2026-03-01T14:16:52.022+0530] {logging_mixin.py:190} INFO - [2026-03-01T14:16:52.022+0530] {dag.py:3239} INFO - Sync 1 DAGs
[2026-03-01T14:16:52.029+0530] {logging_mixin.py:190} INFO - [2026-03-01T14:16:52.029+0530] {dag.py:4180} INFO - Setting next_dagrun for example_trigger_target_dag to None, run_after=None
[2026-03-01T14:16:52.050+0530] {processor.py:208} INFO - Processing /home/jenny/.local/lib/python3.13/site-packages/airflow/example_dags/example_trigger_target_dag.py took 0.050 seconds
[2026-03-01T14:17:44.998+0530] {processor.py:186} INFO - Started process (PID=215222) to work on /home/jenny/.local/lib/python3.13/site-packages/airflow/example_dags/example_trigger_target_dag.py
[2026-03-01T14:17:44.999+0530] {processor.py:914} INFO - Processing file /home/jenny/.local/lib/python3.13/site-packages/airflow/example_dags/example_trigger_target_dag.py for tasks to queue
[2026-03-01T14:17:45.000+0530] {logging_mixin.py:190} INFO - [2026-03-01T14:17:45.000+0530] {dagbag.py:588} INFO - Filling up the DagBag from /home/jenny/.local/lib/python3.13/site-packages/airflow/example_dags/example_trigger_target_dag.py
[2026-03-01T14:17:45.006+0530] {processor.py:925} INFO - DAG(s) 'example_trigger_target_dag' retrieved from /home/jenny/.local/lib/python3.13/site-packages/airflow/example_dags/example_trigger_target_dag.py
[2026-03-01T14:17:45.013+0530] {logging_mixin.py:190} INFO - [2026-03-01T14:17:45.013+0530] {dag.py:3239} INFO - Sync 1 DAGs
[2026-03-01T14:17:45.023+0530] {logging_mixin.py:190} INFO - [2026-03-01T14:17:45.023+0530] {dag.py:4180} INFO - Setting next_dagrun for example_trigger_target_dag to None, run_after=None
[2026-03-01T14:17:45.037+0530] {processor.py:208} INFO - Processing /home/jenny/.local/lib/python3.13/site-packages/airflow/example_dags/example_trigger_target_dag.py took 0.044 seconds
[2026-03-01T14:18:10.634+0530] {processor.py:186} INFO - Started process (PID=215577) to work on /home/jenny/.local/lib/python3.13/site-packages/airflow/example_dags/example_trigger_target_dag.py
[2026-03-01T14:18:10.635+0530] {processor.py:914} INFO - Processing file /home/jenny/.local/lib/python3.13/site-packages/airflow/example_dags/example_trigger_target_dag.py for tasks to queue
[2026-03-01T14:18:10.638+0530] {logging_mixin.py:190} INFO - [2026-03-01T14:18:10.637+0530] {dagbag.py:588} INFO - Filling up the DagBag from /home/jenny/.local/lib/python3.13/site-packages/airflow/example_dags/example_trigger_target_dag.py
[2026-03-01T14:18:10.645+0530] {processor.py:925} INFO - DAG(s) 'example_trigger_target_dag' retrieved from /home/jenny/.local/lib/python3.13/site-packages/airflow/example_dags/example_trigger_target_dag.py
[2026-03-01T14:18:10.768+0530] {logging_mixin.py:190} INFO - [2026-03-01T14:18:10.767+0530] {dag.py:3239} INFO - Sync 1 DAGs
[2026-03-01T14:18:10.781+0530] {logging_mixin.py:190} INFO - [2026-03-01T14:18:10.781+0530] {dag.py:4180} INFO - Setting next_dagrun for example_trigger_target_dag to None, run_after=None
[2026-03-01T14:18:10.801+0530] {processor.py:208} INFO - Processing /home/jenny/.local/lib/python3.13/site-packages/airflow/example_dags/example_trigger_target_dag.py took 0.171 seconds
[2026-03-01T14:19:11.579+0530] {processor.py:186} INFO - Started process (PID=216282) to work on /home/jenny/.local/lib/python3.13/site-packages/airflow/example_dags/example_trigger_target_dag.py
[2026-03-01T14:19:11.580+0530] {processor.py:914} INFO - Processing file /home/jenny/.local/lib/python3.13/site-packages/airflow/example_dags/example_trigger_target_dag.py for tasks to queue
[2026-03-01T14:19:11.583+0530] {logging_mixin.py:190} INFO - [2026-03-01T14:19:11.583+0530] {dagbag.py:588} INFO - Filling up the DagBag from /home/jenny/.local/lib/python3.13/site-packages/airflow/example_dags/example_trigger_target_dag.py
[2026-03-01T14:19:11.590+0530] {processor.py:925} INFO - DAG(s) 'example_trigger_target_dag' retrieved from /home/jenny/.local/lib/python3.13/site-packages/airflow/example_dags/example_trigger_target_dag.py
[2026-03-01T14:19:11.598+0530] {logging_mixin.py:190} INFO - [2026-03-01T14:19:11.598+0530] {dag.py:3239} INFO - Sync 1 DAGs
[2026-03-01T14:19:11.605+0530] {logging_mixin.py:190} INFO - [2026-03-01T14:19:11.605+0530] {dag.py:4180} INFO - Setting next_dagrun for example_trigger_target_dag to None, run_after=None
[2026-03-01T14:19:11.620+0530] {processor.py:208} INFO - Processing /home/jenny/.local/lib/python3.13/site-packages/airflow/example_dags/example_trigger_target_dag.py took 0.046 seconds
[2026-03-01T14:20:10.033+0530] {processor.py:186} INFO - Started process (PID=216641) to work on /home/jenny/.local/lib/python3.13/site-packages/airflow/example_dags/example_trigger_target_dag.py
[2026-03-01T14:20:10.034+0530] {processor.py:914} INFO - Processing file /home/jenny/.local/lib/python3.13/site-packages/airflow/example_dags/example_trigger_target_dag.py for tasks to queue
[2026-03-01T14:20:10.036+0530] {logging_mixin.py:190} INFO - [2026-03-01T14:20:10.036+0530] {dagbag.py:588} INFO - Filling up the DagBag from /home/jenny/.local/lib/python3.13/site-packages/airflow/example_dags/example_trigger_target_dag.py
[2026-03-01T14:20:10.044+0530] {processor.py:925} INFO - DAG(s) 'example_trigger_target_dag' retrieved from /home/jenny/.local/lib/python3.13/site-packages/airflow/example_dags/example_trigger_target_dag.py
[2026-03-01T14:20:10.052+0530] {logging_mixin.py:190} INFO - [2026-03-01T14:20:10.052+0530] {dag.py:3239} INFO - Sync 1 DAGs
[2026-03-01T14:20:10.060+0530] {logging_mixin.py:190} INFO - [2026-03-01T14:20:10.060+0530] {dag.py:4180} INFO - Setting next_dagrun for example_trigger_target_dag to None, run_after=None
[2026-03-01T14:20:10.079+0530] {processor.py:208} INFO - Processing /home/jenny/.local/lib/python3.13/site-packages/airflow/example_dags/example_trigger_target_dag.py took 0.051 seconds
[2026-03-01T14:21:07.402+0530] {processor.py:186} INFO - Started process (PID=216817) to work on /home/jenny/.local/lib/python3.13/site-packages/airflow/example_dags/example_trigger_target_dag.py
[2026-03-01T14:21:07.404+0530] {processor.py:914} INFO - Processing file /home/jenny/.local/lib/python3.13/site-packages/airflow/example_dags/example_trigger_target_dag.py for tasks to queue
[2026-03-01T14:21:07.407+0530] {logging_mixin.py:190} INFO - [2026-03-01T14:21:07.406+0530] {dagbag.py:588} INFO - Filling up the DagBag from /home/jenny/.local/lib/python3.13/site-packages/airflow/example_dags/example_trigger_target_dag.py
[2026-03-01T14:21:07.414+0530] {processor.py:925} INFO - DAG(s) 'example_trigger_target_dag' retrieved from /home/jenny/.local/lib/python3.13/site-packages/airflow/example_dags/example_trigger_target_dag.py
[2026-03-01T14:21:07.422+0530] {logging_mixin.py:190} INFO - [2026-03-01T14:21:07.422+0530] {dag.py:3239} INFO - Sync 1 DAGs
[2026-03-01T14:21:07.432+0530] {logging_mixin.py:190} INFO - [2026-03-01T14:21:07.432+0530] {dag.py:4180} INFO - Setting next_dagrun for example_trigger_target_dag to None, run_after=None
[2026-03-01T14:21:07.448+0530] {processor.py:208} INFO - Processing /home/jenny/.local/lib/python3.13/site-packages/airflow/example_dags/example_trigger_target_dag.py took 0.052 seconds
[2026-03-01T14:22:02.882+0530] {processor.py:186} INFO - Started process (PID=217203) to work on /home/jenny/.local/lib/python3.13/site-packages/airflow/example_dags/example_trigger_target_dag.py
[2026-03-01T14:22:02.883+0530] {processor.py:914} INFO - Processing file /home/jenny/.local/lib/python3.13/site-packages/airflow/example_dags/example_trigger_target_dag.py for tasks to queue
[2026-03-01T14:22:02.884+0530] {logging_mixin.py:190} INFO - [2026-03-01T14:22:02.884+0530] {dagbag.py:588} INFO - Filling up the DagBag from /home/jenny/.local/lib/python3.13/site-packages/airflow/example_dags/example_trigger_target_dag.py
[2026-03-01T14:22:02.894+0530] {processor.py:925} INFO - DAG(s) 'example_trigger_target_dag' retrieved from /home/jenny/.local/lib/python3.13/site-packages/airflow/example_dags/example_trigger_target_dag.py
[2026-03-01T14:22:02.904+0530] {logging_mixin.py:190} INFO - [2026-03-01T14:22:02.904+0530] {dag.py:3239} INFO - Sync 1 DAGs
[2026-03-01T14:22:02.912+0530] {logging_mixin.py:190} INFO - [2026-03-01T14:22:02.912+0530] {dag.py:4180} INFO - Setting next_dagrun for example_trigger_target_dag to None, run_after=None
[2026-03-01T14:22:02.928+0530] {processor.py:208} INFO - Processing /home/jenny/.local/lib/python3.13/site-packages/airflow/example_dags/example_trigger_target_dag.py took 0.049 seconds
[2026-03-01T14:22:56.399+0530] {processor.py:186} INFO - Started process (PID=219028) to work on /home/jenny/.local/lib/python3.13/site-packages/airflow/example_dags/example_trigger_target_dag.py
[2026-03-01T14:22:56.400+0530] {processor.py:914} INFO - Processing file /home/jenny/.local/lib/python3.13/site-packages/airflow/example_dags/example_trigger_target_dag.py for tasks to queue
[2026-03-01T14:22:56.402+0530] {logging_mixin.py:190} INFO - [2026-03-01T14:22:56.401+0530] {dagbag.py:588} INFO - Filling up the DagBag from /home/jenny/.local/lib/python3.13/site-packages/airflow/example_dags/example_trigger_target_dag.py
[2026-03-01T14:22:56.409+0530] {processor.py:925} INFO - DAG(s) 'example_trigger_target_dag' retrieved from /home/jenny/.local/lib/python3.13/site-packages/airflow/example_dags/example_trigger_target_dag.py
[2026-03-01T14:22:56.418+0530] {logging_mixin.py:190} INFO - [2026-03-01T14:22:56.418+0530] {dag.py:3239} INFO - Sync 1 DAGs
[2026-03-01T14:22:56.427+0530] {logging_mixin.py:190} INFO - [2026-03-01T14:22:56.427+0530] {dag.py:4180} INFO - Setting next_dagrun for example_trigger_target_dag to None, run_after=None
[2026-03-01T14:22:56.442+0530] {processor.py:208} INFO - Processing /home/jenny/.local/lib/python3.13/site-packages/airflow/example_dags/example_trigger_target_dag.py took 0.047 seconds
