[2026-03-01T14:15:38.519+0530] {processor.py:186} INFO - Started process (PID=213324) to work on /home/jenny/.local/lib/python3.13/site-packages/airflow/example_dags/example_branch_datetime_operator.py
[2026-03-01T14:15:38.520+0530] {processor.py:914} INFO - Processing file /home/jenny/.local/lib/python3.13/site-packages/airflow/example_dags/example_branch_datetime_operator.py for tasks to queue
[2026-03-01T14:15:38.522+0530] {logging_mixin.py:190} INFO - [2026-03-01T14:15:38.522+0530] {dagbag.py:588} INFO - Filling up the DagBag from /home/jenny/.local/lib/python3.13/site-packages/airflow/example_dags/example_branch_datetime_operator.py
[2026-03-01T14:15:38.531+0530] {processor.py:925} INFO - DAG(s) 'example_branch_datetime_operator_2', 'example_branch_datetime_operator', 'example_branch_datetime_operator_3' retrieved from /home/jenny/.local/lib/python3.13/site-packages/airflow/example_dags/example_branch_datetime_operator.py
[2026-03-01T14:15:38.609+0530] {logging_mixin.py:190} INFO - [2026-03-01T14:15:38.608+0530] {override.py:1932} INFO - Created Permission View: can read on DAG:example_branch_datetime_operator_2
[2026-03-01T14:15:38.620+0530] {logging_mixin.py:190} INFO - [2026-03-01T14:15:38.619+0530] {override.py:1932} INFO - Created Permission View: can delete on DAG:example_branch_datetime_operator_2
[2026-03-01T14:15:38.630+0530] {logging_mixin.py:190} INFO - [2026-03-01T14:15:38.630+0530] {override.py:1932} INFO - Created Permission View: can edit on DAG:example_branch_datetime_operator_2
[2026-03-01T14:15:38.647+0530] {logging_mixin.py:190} INFO - [2026-03-01T14:15:38.647+0530] {override.py:1932} INFO - Created Permission View: can read on DAG Run:example_branch_datetime_operator_2
[2026-03-01T14:15:38.659+0530] {logging_mixin.py:190} INFO - [2026-03-01T14:15:38.658+0530] {override.py:1932} INFO - Created Permission View: menu access on DAG Run:example_branch_datetime_operator_2
[2026-03-01T14:15:38.669+0530] {logging_mixin.py:190} INFO - [2026-03-01T14:15:38.668+0530] {override.py:1932} INFO - Created Permission View: can create on DAG Run:example_branch_datetime_operator_2
[2026-03-01T14:15:38.678+0530] {logging_mixin.py:190} INFO - [2026-03-01T14:15:38.678+0530] {override.py:1932} INFO - Created Permission View: can delete on DAG Run:example_branch_datetime_operator_2
[2026-03-01T14:15:38.698+0530] {logging_mixin.py:190} INFO - [2026-03-01T14:15:38.698+0530] {override.py:1932} INFO - Created Permission View: can read on DAG:example_branch_datetime_operator
[2026-03-01T14:15:38.707+0530] {logging_mixin.py:190} INFO - [2026-03-01T14:15:38.707+0530] {override.py:1932} INFO - Created Permission View: can delete on DAG:example_branch_datetime_operator
[2026-03-01T14:15:38.719+0530] {logging_mixin.py:190} INFO - [2026-03-01T14:15:38.719+0530] {override.py:1932} INFO - Created Permission View: can edit on DAG:example_branch_datetime_operator
[2026-03-01T14:15:38.737+0530] {logging_mixin.py:190} INFO - [2026-03-01T14:15:38.737+0530] {override.py:1932} INFO - Created Permission View: can read on DAG Run:example_branch_datetime_operator
[2026-03-01T14:15:38.746+0530] {logging_mixin.py:190} INFO - [2026-03-01T14:15:38.745+0530] {override.py:1932} INFO - Created Permission View: menu access on DAG Run:example_branch_datetime_operator
[2026-03-01T14:15:38.756+0530] {logging_mixin.py:190} INFO - [2026-03-01T14:15:38.756+0530] {override.py:1932} INFO - Created Permission View: can create on DAG Run:example_branch_datetime_operator
[2026-03-01T14:15:38.768+0530] {logging_mixin.py:190} INFO - [2026-03-01T14:15:38.767+0530] {override.py:1932} INFO - Created Permission View: can delete on DAG Run:example_branch_datetime_operator
[2026-03-01T14:15:38.793+0530] {logging_mixin.py:190} INFO - [2026-03-01T14:15:38.793+0530] {override.py:1932} INFO - Created Permission View: can read on DAG:example_branch_datetime_operator_3
[2026-03-01T14:15:38.805+0530] {logging_mixin.py:190} INFO - [2026-03-01T14:15:38.804+0530] {override.py:1932} INFO - Created Permission View: can delete on DAG:example_branch_datetime_operator_3
[2026-03-01T14:15:38.819+0530] {logging_mixin.py:190} INFO - [2026-03-01T14:15:38.819+0530] {override.py:1932} INFO - Created Permission View: can edit on DAG:example_branch_datetime_operator_3
[2026-03-01T14:15:38.835+0530] {logging_mixin.py:190} INFO - [2026-03-01T14:15:38.835+0530] {override.py:1932} INFO - Created Permission View: can read on DAG Run:example_branch_datetime_operator_3
[2026-03-01T14:15:38.844+0530] {logging_mixin.py:190} INFO - [2026-03-01T14:15:38.844+0530] {override.py:1932} INFO - Created Permission View: menu access on DAG Run:example_branch_datetime_operator_3
[2026-03-01T14:15:38.854+0530] {logging_mixin.py:190} INFO - [2026-03-01T14:15:38.854+0530] {override.py:1932} INFO - Created Permission View: can create on DAG Run:example_branch_datetime_operator_3
[2026-03-01T14:15:38.866+0530] {logging_mixin.py:190} INFO - [2026-03-01T14:15:38.865+0530] {override.py:1932} INFO - Created Permission View: can delete on DAG Run:example_branch_datetime_operator_3
[2026-03-01T14:15:38.866+0530] {logging_mixin.py:190} INFO - [2026-03-01T14:15:38.866+0530] {dag.py:3239} INFO - Sync 3 DAGs
[2026-03-01T14:15:38.881+0530] {logging_mixin.py:190} INFO - [2026-03-01T14:15:38.881+0530] {dag.py:3262} INFO - Creating ORM DAG for example_branch_datetime_operator
[2026-03-01T14:15:38.882+0530] {logging_mixin.py:190} INFO - [2026-03-01T14:15:38.882+0530] {dag.py:3262} INFO - Creating ORM DAG for example_branch_datetime_operator_3
[2026-03-01T14:15:38.882+0530] {logging_mixin.py:190} INFO - [2026-03-01T14:15:38.882+0530] {dag.py:3262} INFO - Creating ORM DAG for example_branch_datetime_operator_2
[2026-03-01T14:15:38.893+0530] {logging_mixin.py:190} INFO - [2026-03-01T14:15:38.893+0530] {dag.py:4180} INFO - Setting next_dagrun for example_branch_datetime_operator to 2026-02-28 00:00:00+00:00, run_after=2026-03-01 00:00:00+00:00
[2026-03-01T14:15:38.896+0530] {logging_mixin.py:190} INFO - [2026-03-01T14:15:38.895+0530] {dag.py:4180} INFO - Setting next_dagrun for example_branch_datetime_operator_2 to 2026-02-28 00:00:00+00:00, run_after=2026-03-01 00:00:00+00:00
[2026-03-01T14:15:38.898+0530] {logging_mixin.py:190} INFO - [2026-03-01T14:15:38.898+0530] {dag.py:4180} INFO - Setting next_dagrun for example_branch_datetime_operator_3 to 2026-02-28 00:00:00+00:00, run_after=2026-03-01 00:00:00+00:00
[2026-03-01T14:15:38.917+0530] {processor.py:208} INFO - Processing /home/jenny/.local/lib/python3.13/site-packages/airflow/example_dags/example_branch_datetime_operator.py took 0.402 seconds
[2026-03-01T14:16:37.760+0530] {processor.py:186} INFO - Started process (PID=213988) to work on /home/jenny/.local/lib/python3.13/site-packages/airflow/example_dags/example_branch_datetime_operator.py
[2026-03-01T14:16:37.761+0530] {processor.py:914} INFO - Processing file /home/jenny/.local/lib/python3.13/site-packages/airflow/example_dags/example_branch_datetime_operator.py for tasks to queue
[2026-03-01T14:16:37.763+0530] {logging_mixin.py:190} INFO - [2026-03-01T14:16:37.762+0530] {dagbag.py:588} INFO - Filling up the DagBag from /home/jenny/.local/lib/python3.13/site-packages/airflow/example_dags/example_branch_datetime_operator.py
[2026-03-01T14:16:37.772+0530] {processor.py:925} INFO - DAG(s) 'example_branch_datetime_operator_3', 'example_branch_datetime_operator_2', 'example_branch_datetime_operator' retrieved from /home/jenny/.local/lib/python3.13/site-packages/airflow/example_dags/example_branch_datetime_operator.py
[2026-03-01T14:16:37.791+0530] {logging_mixin.py:190} INFO - [2026-03-01T14:16:37.791+0530] {dag.py:3239} INFO - Sync 3 DAGs
[2026-03-01T14:16:37.810+0530] {logging_mixin.py:190} INFO - [2026-03-01T14:16:37.810+0530] {dag.py:4180} INFO - Setting next_dagrun for example_branch_datetime_operator to 2026-02-28 00:00:00+00:00, run_after=2026-03-01 00:00:00+00:00
[2026-03-01T14:16:37.813+0530] {logging_mixin.py:190} INFO - [2026-03-01T14:16:37.813+0530] {dag.py:4180} INFO - Setting next_dagrun for example_branch_datetime_operator_2 to 2026-02-28 00:00:00+00:00, run_after=2026-03-01 00:00:00+00:00
[2026-03-01T14:16:37.815+0530] {logging_mixin.py:190} INFO - [2026-03-01T14:16:37.815+0530] {dag.py:4180} INFO - Setting next_dagrun for example_branch_datetime_operator_3 to 2026-02-28 00:00:00+00:00, run_after=2026-03-01 00:00:00+00:00
[2026-03-01T14:16:37.833+0530] {processor.py:208} INFO - Processing /home/jenny/.local/lib/python3.13/site-packages/airflow/example_dags/example_branch_datetime_operator.py took 0.078 seconds
[2026-03-01T14:17:32.577+0530] {processor.py:186} INFO - Started process (PID=215158) to work on /home/jenny/.local/lib/python3.13/site-packages/airflow/example_dags/example_branch_datetime_operator.py
[2026-03-01T14:17:32.579+0530] {processor.py:914} INFO - Processing file /home/jenny/.local/lib/python3.13/site-packages/airflow/example_dags/example_branch_datetime_operator.py for tasks to queue
[2026-03-01T14:17:32.582+0530] {logging_mixin.py:190} INFO - [2026-03-01T14:17:32.581+0530] {dagbag.py:588} INFO - Filling up the DagBag from /home/jenny/.local/lib/python3.13/site-packages/airflow/example_dags/example_branch_datetime_operator.py
[2026-03-01T14:17:32.590+0530] {processor.py:925} INFO - DAG(s) 'example_branch_datetime_operator_3', 'example_branch_datetime_operator', 'example_branch_datetime_operator_2' retrieved from /home/jenny/.local/lib/python3.13/site-packages/airflow/example_dags/example_branch_datetime_operator.py
[2026-03-01T14:17:32.602+0530] {logging_mixin.py:190} INFO - [2026-03-01T14:17:32.602+0530] {dag.py:3239} INFO - Sync 3 DAGs
[2026-03-01T14:17:32.618+0530] {logging_mixin.py:190} INFO - [2026-03-01T14:17:32.618+0530] {dag.py:4180} INFO - Setting next_dagrun for example_branch_datetime_operator to 2026-02-28 00:00:00+00:00, run_after=2026-03-01 00:00:00+00:00
[2026-03-01T14:17:32.621+0530] {logging_mixin.py:190} INFO - [2026-03-01T14:17:32.620+0530] {dag.py:4180} INFO - Setting next_dagrun for example_branch_datetime_operator_2 to 2026-02-28 00:00:00+00:00, run_after=2026-03-01 00:00:00+00:00
[2026-03-01T14:17:32.622+0530] {logging_mixin.py:190} INFO - [2026-03-01T14:17:32.622+0530] {dag.py:4180} INFO - Setting next_dagrun for example_branch_datetime_operator_3 to 2026-02-28 00:00:00+00:00, run_after=2026-03-01 00:00:00+00:00
[2026-03-01T14:17:32.636+0530] {processor.py:208} INFO - Processing /home/jenny/.local/lib/python3.13/site-packages/airflow/example_dags/example_branch_datetime_operator.py took 0.064 seconds
[2026-03-01T14:18:53.846+0530] {processor.py:186} INFO - Started process (PID=215846) to work on /home/jenny/.local/lib/python3.13/site-packages/airflow/example_dags/example_branch_datetime_operator.py
[2026-03-01T14:18:53.848+0530] {processor.py:914} INFO - Processing file /home/jenny/.local/lib/python3.13/site-packages/airflow/example_dags/example_branch_datetime_operator.py for tasks to queue
[2026-03-01T14:18:53.850+0530] {logging_mixin.py:190} INFO - [2026-03-01T14:18:53.850+0530] {dagbag.py:588} INFO - Filling up the DagBag from /home/jenny/.local/lib/python3.13/site-packages/airflow/example_dags/example_branch_datetime_operator.py
[2026-03-01T14:18:53.859+0530] {processor.py:925} INFO - DAG(s) 'example_branch_datetime_operator_2', 'example_branch_datetime_operator_3', 'example_branch_datetime_operator' retrieved from /home/jenny/.local/lib/python3.13/site-packages/airflow/example_dags/example_branch_datetime_operator.py
[2026-03-01T14:18:53.945+0530] {logging_mixin.py:190} INFO - [2026-03-01T14:18:53.945+0530] {dag.py:3239} INFO - Sync 3 DAGs
[2026-03-01T14:18:53.958+0530] {logging_mixin.py:190} INFO - [2026-03-01T14:18:53.958+0530] {dag.py:4180} INFO - Setting next_dagrun for example_branch_datetime_operator to 2026-02-28 00:00:00+00:00, run_after=2026-03-01 00:00:00+00:00
[2026-03-01T14:18:53.961+0530] {logging_mixin.py:190} INFO - [2026-03-01T14:18:53.960+0530] {dag.py:4180} INFO - Setting next_dagrun for example_branch_datetime_operator_2 to 2026-02-28 00:00:00+00:00, run_after=2026-03-01 00:00:00+00:00
[2026-03-01T14:18:53.962+0530] {logging_mixin.py:190} INFO - [2026-03-01T14:18:53.962+0530] {dag.py:4180} INFO - Setting next_dagrun for example_branch_datetime_operator_3 to 2026-02-28 00:00:00+00:00, run_after=2026-03-01 00:00:00+00:00
[2026-03-01T14:18:53.977+0530] {processor.py:208} INFO - Processing /home/jenny/.local/lib/python3.13/site-packages/airflow/example_dags/example_branch_datetime_operator.py took 0.136 seconds
[2026-03-01T14:19:55.190+0530] {processor.py:186} INFO - Started process (PID=216595) to work on /home/jenny/.local/lib/python3.13/site-packages/airflow/example_dags/example_branch_datetime_operator.py
[2026-03-01T14:19:55.191+0530] {processor.py:914} INFO - Processing file /home/jenny/.local/lib/python3.13/site-packages/airflow/example_dags/example_branch_datetime_operator.py for tasks to queue
[2026-03-01T14:19:55.194+0530] {logging_mixin.py:190} INFO - [2026-03-01T14:19:55.194+0530] {dagbag.py:588} INFO - Filling up the DagBag from /home/jenny/.local/lib/python3.13/site-packages/airflow/example_dags/example_branch_datetime_operator.py
[2026-03-01T14:19:55.203+0530] {processor.py:925} INFO - DAG(s) 'example_branch_datetime_operator', 'example_branch_datetime_operator_2', 'example_branch_datetime_operator_3' retrieved from /home/jenny/.local/lib/python3.13/site-packages/airflow/example_dags/example_branch_datetime_operator.py
[2026-03-01T14:19:55.216+0530] {logging_mixin.py:190} INFO - [2026-03-01T14:19:55.215+0530] {dag.py:3239} INFO - Sync 3 DAGs
[2026-03-01T14:19:55.229+0530] {logging_mixin.py:190} INFO - [2026-03-01T14:19:55.229+0530] {dag.py:4180} INFO - Setting next_dagrun for example_branch_datetime_operator to 2026-02-28 00:00:00+00:00, run_after=2026-03-01 00:00:00+00:00
[2026-03-01T14:19:55.231+0530] {logging_mixin.py:190} INFO - [2026-03-01T14:19:55.231+0530] {dag.py:4180} INFO - Setting next_dagrun for example_branch_datetime_operator_2 to 2026-02-28 00:00:00+00:00, run_after=2026-03-01 00:00:00+00:00
[2026-03-01T14:19:55.233+0530] {logging_mixin.py:190} INFO - [2026-03-01T14:19:55.233+0530] {dag.py:4180} INFO - Setting next_dagrun for example_branch_datetime_operator_3 to 2026-02-28 00:00:00+00:00, run_after=2026-03-01 00:00:00+00:00
[2026-03-01T14:19:55.250+0530] {processor.py:208} INFO - Processing /home/jenny/.local/lib/python3.13/site-packages/airflow/example_dags/example_branch_datetime_operator.py took 0.065 seconds
[2026-03-01T14:20:53.042+0530] {processor.py:186} INFO - Started process (PID=216775) to work on /home/jenny/.local/lib/python3.13/site-packages/airflow/example_dags/example_branch_datetime_operator.py
[2026-03-01T14:20:53.043+0530] {processor.py:914} INFO - Processing file /home/jenny/.local/lib/python3.13/site-packages/airflow/example_dags/example_branch_datetime_operator.py for tasks to queue
[2026-03-01T14:20:53.045+0530] {logging_mixin.py:190} INFO - [2026-03-01T14:20:53.045+0530] {dagbag.py:588} INFO - Filling up the DagBag from /home/jenny/.local/lib/python3.13/site-packages/airflow/example_dags/example_branch_datetime_operator.py
[2026-03-01T14:20:53.054+0530] {processor.py:925} INFO - DAG(s) 'example_branch_datetime_operator_3', 'example_branch_datetime_operator_2', 'example_branch_datetime_operator' retrieved from /home/jenny/.local/lib/python3.13/site-packages/airflow/example_dags/example_branch_datetime_operator.py
[2026-03-01T14:20:53.068+0530] {logging_mixin.py:190} INFO - [2026-03-01T14:20:53.068+0530] {dag.py:3239} INFO - Sync 3 DAGs
[2026-03-01T14:20:53.085+0530] {logging_mixin.py:190} INFO - [2026-03-01T14:20:53.085+0530] {dag.py:4180} INFO - Setting next_dagrun for example_branch_datetime_operator to 2026-02-28 00:00:00+00:00, run_after=2026-03-01 00:00:00+00:00
[2026-03-01T14:20:53.088+0530] {logging_mixin.py:190} INFO - [2026-03-01T14:20:53.088+0530] {dag.py:4180} INFO - Setting next_dagrun for example_branch_datetime_operator_2 to 2026-02-28 00:00:00+00:00, run_after=2026-03-01 00:00:00+00:00
[2026-03-01T14:20:53.090+0530] {logging_mixin.py:190} INFO - [2026-03-01T14:20:53.089+0530] {dag.py:4180} INFO - Setting next_dagrun for example_branch_datetime_operator_3 to 2026-02-28 00:00:00+00:00, run_after=2026-03-01 00:00:00+00:00
[2026-03-01T14:20:53.105+0530] {processor.py:208} INFO - Processing /home/jenny/.local/lib/python3.13/site-packages/airflow/example_dags/example_branch_datetime_operator.py took 0.067 seconds
[2026-03-01T14:21:50.046+0530] {processor.py:186} INFO - Started process (PID=216942) to work on /home/jenny/.local/lib/python3.13/site-packages/airflow/example_dags/example_branch_datetime_operator.py
[2026-03-01T14:21:50.047+0530] {processor.py:914} INFO - Processing file /home/jenny/.local/lib/python3.13/site-packages/airflow/example_dags/example_branch_datetime_operator.py for tasks to queue
[2026-03-01T14:21:50.049+0530] {logging_mixin.py:190} INFO - [2026-03-01T14:21:50.049+0530] {dagbag.py:588} INFO - Filling up the DagBag from /home/jenny/.local/lib/python3.13/site-packages/airflow/example_dags/example_branch_datetime_operator.py
[2026-03-01T14:21:50.061+0530] {processor.py:925} INFO - DAG(s) 'example_branch_datetime_operator_2', 'example_branch_datetime_operator', 'example_branch_datetime_operator_3' retrieved from /home/jenny/.local/lib/python3.13/site-packages/airflow/example_dags/example_branch_datetime_operator.py
[2026-03-01T14:21:50.081+0530] {logging_mixin.py:190} INFO - [2026-03-01T14:21:50.081+0530] {dag.py:3239} INFO - Sync 3 DAGs
[2026-03-01T14:21:50.095+0530] {logging_mixin.py:190} INFO - [2026-03-01T14:21:50.094+0530] {dag.py:4180} INFO - Setting next_dagrun for example_branch_datetime_operator to 2026-02-28 00:00:00+00:00, run_after=2026-03-01 00:00:00+00:00
[2026-03-01T14:21:50.097+0530] {logging_mixin.py:190} INFO - [2026-03-01T14:21:50.097+0530] {dag.py:4180} INFO - Setting next_dagrun for example_branch_datetime_operator_2 to 2026-02-28 00:00:00+00:00, run_after=2026-03-01 00:00:00+00:00
[2026-03-01T14:21:50.098+0530] {logging_mixin.py:190} INFO - [2026-03-01T14:21:50.098+0530] {dag.py:4180} INFO - Setting next_dagrun for example_branch_datetime_operator_3 to 2026-02-28 00:00:00+00:00, run_after=2026-03-01 00:00:00+00:00
[2026-03-01T14:21:50.113+0530] {processor.py:208} INFO - Processing /home/jenny/.local/lib/python3.13/site-packages/airflow/example_dags/example_branch_datetime_operator.py took 0.072 seconds
[2026-03-01T14:23:09.203+0530] {processor.py:186} INFO - Started process (PID=219296) to work on /home/jenny/.local/lib/python3.13/site-packages/airflow/example_dags/example_branch_datetime_operator.py
[2026-03-01T14:23:09.205+0530] {processor.py:914} INFO - Processing file /home/jenny/.local/lib/python3.13/site-packages/airflow/example_dags/example_branch_datetime_operator.py for tasks to queue
[2026-03-01T14:23:09.206+0530] {logging_mixin.py:190} INFO - [2026-03-01T14:23:09.206+0530] {dagbag.py:588} INFO - Filling up the DagBag from /home/jenny/.local/lib/python3.13/site-packages/airflow/example_dags/example_branch_datetime_operator.py
[2026-03-01T14:23:09.219+0530] {processor.py:925} INFO - DAG(s) 'example_branch_datetime_operator_2', 'example_branch_datetime_operator_3', 'example_branch_datetime_operator' retrieved from /home/jenny/.local/lib/python3.13/site-packages/airflow/example_dags/example_branch_datetime_operator.py
[2026-03-01T14:23:09.238+0530] {logging_mixin.py:190} INFO - [2026-03-01T14:23:09.238+0530] {dag.py:3239} INFO - Sync 3 DAGs
[2026-03-01T14:23:09.257+0530] {logging_mixin.py:190} INFO - [2026-03-01T14:23:09.256+0530] {dag.py:4180} INFO - Setting next_dagrun for example_branch_datetime_operator to 2026-02-28 00:00:00+00:00, run_after=2026-03-01 00:00:00+00:00
[2026-03-01T14:23:09.260+0530] {logging_mixin.py:190} INFO - [2026-03-01T14:23:09.260+0530] {dag.py:4180} INFO - Setting next_dagrun for example_branch_datetime_operator_2 to 2026-02-28 00:00:00+00:00, run_after=2026-03-01 00:00:00+00:00
[2026-03-01T14:23:09.262+0530] {logging_mixin.py:190} INFO - [2026-03-01T14:23:09.262+0530] {dag.py:4180} INFO - Setting next_dagrun for example_branch_datetime_operator_3 to 2026-02-28 00:00:00+00:00, run_after=2026-03-01 00:00:00+00:00
[2026-03-01T14:23:09.301+0530] {processor.py:208} INFO - Processing /home/jenny/.local/lib/python3.13/site-packages/airflow/example_dags/example_branch_datetime_operator.py took 0.102 seconds
[2026-03-01T14:24:07.813+0530] {processor.py:186} INFO - Started process (PID=220135) to work on /home/jenny/.local/lib/python3.13/site-packages/airflow/example_dags/example_branch_datetime_operator.py
[2026-03-01T14:24:07.814+0530] {processor.py:914} INFO - Processing file /home/jenny/.local/lib/python3.13/site-packages/airflow/example_dags/example_branch_datetime_operator.py for tasks to queue
[2026-03-01T14:24:07.817+0530] {logging_mixin.py:190} INFO - [2026-03-01T14:24:07.816+0530] {dagbag.py:588} INFO - Filling up the DagBag from /home/jenny/.local/lib/python3.13/site-packages/airflow/example_dags/example_branch_datetime_operator.py
[2026-03-01T14:24:07.827+0530] {processor.py:925} INFO - DAG(s) 'example_branch_datetime_operator_2', 'example_branch_datetime_operator', 'example_branch_datetime_operator_3' retrieved from /home/jenny/.local/lib/python3.13/site-packages/airflow/example_dags/example_branch_datetime_operator.py
[2026-03-01T14:24:07.838+0530] {logging_mixin.py:190} INFO - [2026-03-01T14:24:07.838+0530] {dag.py:3239} INFO - Sync 3 DAGs
[2026-03-01T14:24:07.859+0530] {logging_mixin.py:190} INFO - [2026-03-01T14:24:07.859+0530] {dag.py:4180} INFO - Setting next_dagrun for example_branch_datetime_operator to 2026-02-28 00:00:00+00:00, run_after=2026-03-01 00:00:00+00:00
[2026-03-01T14:24:07.864+0530] {logging_mixin.py:190} INFO - [2026-03-01T14:24:07.864+0530] {dag.py:4180} INFO - Setting next_dagrun for example_branch_datetime_operator_2 to 2026-02-28 00:00:00+00:00, run_after=2026-03-01 00:00:00+00:00
[2026-03-01T14:24:07.867+0530] {logging_mixin.py:190} INFO - [2026-03-01T14:24:07.866+0530] {dag.py:4180} INFO - Setting next_dagrun for example_branch_datetime_operator_3 to 2026-02-28 00:00:00+00:00, run_after=2026-03-01 00:00:00+00:00
[2026-03-01T14:24:07.882+0530] {processor.py:208} INFO - Processing /home/jenny/.local/lib/python3.13/site-packages/airflow/example_dags/example_branch_datetime_operator.py took 0.073 seconds
[2026-03-01T14:25:10.319+0530] {processor.py:186} INFO - Started process (PID=221145) to work on /home/jenny/.local/lib/python3.13/site-packages/airflow/example_dags/example_branch_datetime_operator.py
[2026-03-01T14:25:10.320+0530] {processor.py:914} INFO - Processing file /home/jenny/.local/lib/python3.13/site-packages/airflow/example_dags/example_branch_datetime_operator.py for tasks to queue
[2026-03-01T14:25:10.322+0530] {logging_mixin.py:190} INFO - [2026-03-01T14:25:10.322+0530] {dagbag.py:588} INFO - Filling up the DagBag from /home/jenny/.local/lib/python3.13/site-packages/airflow/example_dags/example_branch_datetime_operator.py
[2026-03-01T14:25:10.332+0530] {processor.py:925} INFO - DAG(s) 'example_branch_datetime_operator_2', 'example_branch_datetime_operator', 'example_branch_datetime_operator_3' retrieved from /home/jenny/.local/lib/python3.13/site-packages/airflow/example_dags/example_branch_datetime_operator.py
[2026-03-01T14:25:10.345+0530] {logging_mixin.py:190} INFO - [2026-03-01T14:25:10.345+0530] {dag.py:3239} INFO - Sync 3 DAGs
[2026-03-01T14:25:10.358+0530] {logging_mixin.py:190} INFO - [2026-03-01T14:25:10.358+0530] {dag.py:4180} INFO - Setting next_dagrun for example_branch_datetime_operator to 2026-02-28 00:00:00+00:00, run_after=2026-03-01 00:00:00+00:00
[2026-03-01T14:25:10.362+0530] {logging_mixin.py:190} INFO - [2026-03-01T14:25:10.361+0530] {dag.py:4180} INFO - Setting next_dagrun for example_branch_datetime_operator_2 to 2026-02-28 00:00:00+00:00, run_after=2026-03-01 00:00:00+00:00
[2026-03-01T14:25:10.363+0530] {logging_mixin.py:190} INFO - [2026-03-01T14:25:10.363+0530] {dag.py:4180} INFO - Setting next_dagrun for example_branch_datetime_operator_3 to 2026-02-28 00:00:00+00:00, run_after=2026-03-01 00:00:00+00:00
[2026-03-01T14:25:10.377+0530] {processor.py:208} INFO - Processing /home/jenny/.local/lib/python3.13/site-packages/airflow/example_dags/example_branch_datetime_operator.py took 0.063 seconds
[2026-03-01T14:26:25.076+0530] {processor.py:186} INFO - Started process (PID=225582) to work on /home/jenny/.local/lib/python3.13/site-packages/airflow/example_dags/example_branch_datetime_operator.py
[2026-03-01T14:26:25.077+0530] {processor.py:914} INFO - Processing file /home/jenny/.local/lib/python3.13/site-packages/airflow/example_dags/example_branch_datetime_operator.py for tasks to queue
[2026-03-01T14:26:25.078+0530] {logging_mixin.py:190} INFO - [2026-03-01T14:26:25.078+0530] {dagbag.py:588} INFO - Filling up the DagBag from /home/jenny/.local/lib/python3.13/site-packages/airflow/example_dags/example_branch_datetime_operator.py
[2026-03-01T14:26:25.088+0530] {processor.py:925} INFO - DAG(s) 'example_branch_datetime_operator_2', 'example_branch_datetime_operator', 'example_branch_datetime_operator_3' retrieved from /home/jenny/.local/lib/python3.13/site-packages/airflow/example_dags/example_branch_datetime_operator.py
[2026-03-01T14:26:25.106+0530] {logging_mixin.py:190} INFO - [2026-03-01T14:26:25.106+0530] {dag.py:3239} INFO - Sync 3 DAGs
[2026-03-01T14:26:25.126+0530] {logging_mixin.py:190} INFO - [2026-03-01T14:26:25.126+0530] {dag.py:4180} INFO - Setting next_dagrun for example_branch_datetime_operator to 2026-02-28 00:00:00+00:00, run_after=2026-03-01 00:00:00+00:00
[2026-03-01T14:26:25.130+0530] {logging_mixin.py:190} INFO - [2026-03-01T14:26:25.130+0530] {dag.py:4180} INFO - Setting next_dagrun for example_branch_datetime_operator_2 to 2026-02-28 00:00:00+00:00, run_after=2026-03-01 00:00:00+00:00
[2026-03-01T14:26:25.132+0530] {logging_mixin.py:190} INFO - [2026-03-01T14:26:25.132+0530] {dag.py:4180} INFO - Setting next_dagrun for example_branch_datetime_operator_3 to 2026-02-28 00:00:00+00:00, run_after=2026-03-01 00:00:00+00:00
[2026-03-01T14:26:25.147+0530] {processor.py:208} INFO - Processing /home/jenny/.local/lib/python3.13/site-packages/airflow/example_dags/example_branch_datetime_operator.py took 0.075 seconds
