[2026-03-01T14:15:23.281+0530] {processor.py:186} INFO - Started process (PID=213231) to work on /home/jenny/.local/lib/python3.13/site-packages/airflow/example_dags/example_dynamic_task_mapping.py
[2026-03-01T14:15:23.283+0530] {processor.py:914} INFO - Processing file /home/jenny/.local/lib/python3.13/site-packages/airflow/example_dags/example_dynamic_task_mapping.py for tasks to queue
[2026-03-01T14:15:23.286+0530] {logging_mixin.py:190} INFO - [2026-03-01T14:15:23.285+0530] {dagbag.py:588} INFO - Filling up the DagBag from /home/jenny/.local/lib/python3.13/site-packages/airflow/example_dags/example_dynamic_task_mapping.py
[2026-03-01T14:15:23.293+0530] {processor.py:925} INFO - DAG(s) 'example_dynamic_task_mapping' retrieved from /home/jenny/.local/lib/python3.13/site-packages/airflow/example_dags/example_dynamic_task_mapping.py
[2026-03-01T14:15:23.365+0530] {logging_mixin.py:190} INFO - [2026-03-01T14:15:23.364+0530] {override.py:1932} INFO - Created Permission View: can read on DAG:example_dynamic_task_mapping
[2026-03-01T14:15:23.376+0530] {logging_mixin.py:190} INFO - [2026-03-01T14:15:23.376+0530] {override.py:1932} INFO - Created Permission View: can delete on DAG:example_dynamic_task_mapping
[2026-03-01T14:15:23.388+0530] {logging_mixin.py:190} INFO - [2026-03-01T14:15:23.388+0530] {override.py:1932} INFO - Created Permission View: can edit on DAG:example_dynamic_task_mapping
[2026-03-01T14:15:23.408+0530] {logging_mixin.py:190} INFO - [2026-03-01T14:15:23.407+0530] {override.py:1932} INFO - Created Permission View: can read on DAG Run:example_dynamic_task_mapping
[2026-03-01T14:15:23.419+0530] {logging_mixin.py:190} INFO - [2026-03-01T14:15:23.419+0530] {override.py:1932} INFO - Created Permission View: menu access on DAG Run:example_dynamic_task_mapping
[2026-03-01T14:15:23.430+0530] {logging_mixin.py:190} INFO - [2026-03-01T14:15:23.430+0530] {override.py:1932} INFO - Created Permission View: can create on DAG Run:example_dynamic_task_mapping
[2026-03-01T14:15:23.440+0530] {logging_mixin.py:190} INFO - [2026-03-01T14:15:23.440+0530] {override.py:1932} INFO - Created Permission View: can delete on DAG Run:example_dynamic_task_mapping
[2026-03-01T14:15:23.441+0530] {logging_mixin.py:190} INFO - [2026-03-01T14:15:23.441+0530] {dag.py:3239} INFO - Sync 1 DAGs
[2026-03-01T14:15:23.449+0530] {logging_mixin.py:190} INFO - [2026-03-01T14:15:23.449+0530] {dag.py:3262} INFO - Creating ORM DAG for example_dynamic_task_mapping
[2026-03-01T14:15:23.449+0530] {logging_mixin.py:190} INFO - [2026-03-01T14:15:23.449+0530] {dag.py:4180} INFO - Setting next_dagrun for example_dynamic_task_mapping to None, run_after=None
[2026-03-01T14:15:23.464+0530] {processor.py:208} INFO - Processing /home/jenny/.local/lib/python3.13/site-packages/airflow/example_dags/example_dynamic_task_mapping.py took 0.189 seconds
[2026-03-01T14:16:25.546+0530] {processor.py:186} INFO - Started process (PID=213899) to work on /home/jenny/.local/lib/python3.13/site-packages/airflow/example_dags/example_dynamic_task_mapping.py
[2026-03-01T14:16:25.546+0530] {processor.py:914} INFO - Processing file /home/jenny/.local/lib/python3.13/site-packages/airflow/example_dags/example_dynamic_task_mapping.py for tasks to queue
[2026-03-01T14:16:25.548+0530] {logging_mixin.py:190} INFO - [2026-03-01T14:16:25.548+0530] {dagbag.py:588} INFO - Filling up the DagBag from /home/jenny/.local/lib/python3.13/site-packages/airflow/example_dags/example_dynamic_task_mapping.py
[2026-03-01T14:16:25.557+0530] {processor.py:925} INFO - DAG(s) 'example_dynamic_task_mapping' retrieved from /home/jenny/.local/lib/python3.13/site-packages/airflow/example_dags/example_dynamic_task_mapping.py
[2026-03-01T14:16:25.570+0530] {logging_mixin.py:190} INFO - [2026-03-01T14:16:25.570+0530] {dag.py:3239} INFO - Sync 1 DAGs
[2026-03-01T14:16:25.579+0530] {logging_mixin.py:190} INFO - [2026-03-01T14:16:25.579+0530] {dag.py:4180} INFO - Setting next_dagrun for example_dynamic_task_mapping to None, run_after=None
[2026-03-01T14:16:25.596+0530] {processor.py:208} INFO - Processing /home/jenny/.local/lib/python3.13/site-packages/airflow/example_dags/example_dynamic_task_mapping.py took 0.054 seconds
[2026-03-01T14:17:21.106+0530] {processor.py:186} INFO - Started process (PID=215120) to work on /home/jenny/.local/lib/python3.13/site-packages/airflow/example_dags/example_dynamic_task_mapping.py
[2026-03-01T14:17:21.107+0530] {processor.py:914} INFO - Processing file /home/jenny/.local/lib/python3.13/site-packages/airflow/example_dags/example_dynamic_task_mapping.py for tasks to queue
[2026-03-01T14:17:21.110+0530] {logging_mixin.py:190} INFO - [2026-03-01T14:17:21.109+0530] {dagbag.py:588} INFO - Filling up the DagBag from /home/jenny/.local/lib/python3.13/site-packages/airflow/example_dags/example_dynamic_task_mapping.py
[2026-03-01T14:17:21.119+0530] {processor.py:925} INFO - DAG(s) 'example_dynamic_task_mapping' retrieved from /home/jenny/.local/lib/python3.13/site-packages/airflow/example_dags/example_dynamic_task_mapping.py
[2026-03-01T14:17:21.133+0530] {logging_mixin.py:190} INFO - [2026-03-01T14:17:21.133+0530] {dag.py:3239} INFO - Sync 1 DAGs
[2026-03-01T14:17:21.144+0530] {logging_mixin.py:190} INFO - [2026-03-01T14:17:21.143+0530] {dag.py:4180} INFO - Setting next_dagrun for example_dynamic_task_mapping to None, run_after=None
[2026-03-01T14:17:21.159+0530] {processor.py:208} INFO - Processing /home/jenny/.local/lib/python3.13/site-packages/airflow/example_dags/example_dynamic_task_mapping.py took 0.056 seconds
[2026-03-01T14:18:41.174+0530] {processor.py:186} INFO - Started process (PID=215657) to work on /home/jenny/.local/lib/python3.13/site-packages/airflow/example_dags/example_dynamic_task_mapping.py
[2026-03-01T14:18:41.175+0530] {processor.py:914} INFO - Processing file /home/jenny/.local/lib/python3.13/site-packages/airflow/example_dags/example_dynamic_task_mapping.py for tasks to queue
[2026-03-01T14:18:41.177+0530] {logging_mixin.py:190} INFO - [2026-03-01T14:18:41.177+0530] {dagbag.py:588} INFO - Filling up the DagBag from /home/jenny/.local/lib/python3.13/site-packages/airflow/example_dags/example_dynamic_task_mapping.py
[2026-03-01T14:18:41.183+0530] {processor.py:925} INFO - DAG(s) 'example_dynamic_task_mapping' retrieved from /home/jenny/.local/lib/python3.13/site-packages/airflow/example_dags/example_dynamic_task_mapping.py
[2026-03-01T14:18:41.245+0530] {logging_mixin.py:190} INFO - [2026-03-01T14:18:41.245+0530] {dag.py:3239} INFO - Sync 1 DAGs
[2026-03-01T14:18:41.251+0530] {logging_mixin.py:190} INFO - [2026-03-01T14:18:41.251+0530] {dag.py:4180} INFO - Setting next_dagrun for example_dynamic_task_mapping to None, run_after=None
[2026-03-01T14:18:41.266+0530] {processor.py:208} INFO - Processing /home/jenny/.local/lib/python3.13/site-packages/airflow/example_dags/example_dynamic_task_mapping.py took 0.099 seconds
[2026-03-01T14:19:38.262+0530] {processor.py:186} INFO - Started process (PID=216477) to work on /home/jenny/.local/lib/python3.13/site-packages/airflow/example_dags/example_dynamic_task_mapping.py
[2026-03-01T14:19:38.263+0530] {processor.py:914} INFO - Processing file /home/jenny/.local/lib/python3.13/site-packages/airflow/example_dags/example_dynamic_task_mapping.py for tasks to queue
[2026-03-01T14:19:38.264+0530] {logging_mixin.py:190} INFO - [2026-03-01T14:19:38.264+0530] {dagbag.py:588} INFO - Filling up the DagBag from /home/jenny/.local/lib/python3.13/site-packages/airflow/example_dags/example_dynamic_task_mapping.py
[2026-03-01T14:19:38.270+0530] {processor.py:925} INFO - DAG(s) 'example_dynamic_task_mapping' retrieved from /home/jenny/.local/lib/python3.13/site-packages/airflow/example_dags/example_dynamic_task_mapping.py
[2026-03-01T14:19:38.279+0530] {logging_mixin.py:190} INFO - [2026-03-01T14:19:38.279+0530] {dag.py:3239} INFO - Sync 1 DAGs
[2026-03-01T14:19:38.286+0530] {logging_mixin.py:190} INFO - [2026-03-01T14:19:38.286+0530] {dag.py:4180} INFO - Setting next_dagrun for example_dynamic_task_mapping to None, run_after=None
[2026-03-01T14:19:38.302+0530] {processor.py:208} INFO - Processing /home/jenny/.local/lib/python3.13/site-packages/airflow/example_dags/example_dynamic_task_mapping.py took 0.044 seconds
[2026-03-01T14:20:41.524+0530] {processor.py:186} INFO - Started process (PID=216735) to work on /home/jenny/.local/lib/python3.13/site-packages/airflow/example_dags/example_dynamic_task_mapping.py
[2026-03-01T14:20:41.525+0530] {processor.py:914} INFO - Processing file /home/jenny/.local/lib/python3.13/site-packages/airflow/example_dags/example_dynamic_task_mapping.py for tasks to queue
[2026-03-01T14:20:41.527+0530] {logging_mixin.py:190} INFO - [2026-03-01T14:20:41.527+0530] {dagbag.py:588} INFO - Filling up the DagBag from /home/jenny/.local/lib/python3.13/site-packages/airflow/example_dags/example_dynamic_task_mapping.py
[2026-03-01T14:20:41.533+0530] {processor.py:925} INFO - DAG(s) 'example_dynamic_task_mapping' retrieved from /home/jenny/.local/lib/python3.13/site-packages/airflow/example_dags/example_dynamic_task_mapping.py
[2026-03-01T14:20:41.542+0530] {logging_mixin.py:190} INFO - [2026-03-01T14:20:41.542+0530] {dag.py:3239} INFO - Sync 1 DAGs
[2026-03-01T14:20:41.553+0530] {logging_mixin.py:190} INFO - [2026-03-01T14:20:41.553+0530] {dag.py:4180} INFO - Setting next_dagrun for example_dynamic_task_mapping to None, run_after=None
[2026-03-01T14:20:41.568+0530] {processor.py:208} INFO - Processing /home/jenny/.local/lib/python3.13/site-packages/airflow/example_dags/example_dynamic_task_mapping.py took 0.050 seconds
[2026-03-01T14:21:38.365+0530] {processor.py:186} INFO - Started process (PID=216904) to work on /home/jenny/.local/lib/python3.13/site-packages/airflow/example_dags/example_dynamic_task_mapping.py
[2026-03-01T14:21:38.366+0530] {processor.py:914} INFO - Processing file /home/jenny/.local/lib/python3.13/site-packages/airflow/example_dags/example_dynamic_task_mapping.py for tasks to queue
[2026-03-01T14:21:38.369+0530] {logging_mixin.py:190} INFO - [2026-03-01T14:21:38.368+0530] {dagbag.py:588} INFO - Filling up the DagBag from /home/jenny/.local/lib/python3.13/site-packages/airflow/example_dags/example_dynamic_task_mapping.py
[2026-03-01T14:21:38.375+0530] {processor.py:925} INFO - DAG(s) 'example_dynamic_task_mapping' retrieved from /home/jenny/.local/lib/python3.13/site-packages/airflow/example_dags/example_dynamic_task_mapping.py
[2026-03-01T14:21:38.387+0530] {logging_mixin.py:190} INFO - [2026-03-01T14:21:38.387+0530] {dag.py:3239} INFO - Sync 1 DAGs
[2026-03-01T14:21:38.395+0530] {logging_mixin.py:190} INFO - [2026-03-01T14:21:38.395+0530] {dag.py:4180} INFO - Setting next_dagrun for example_dynamic_task_mapping to None, run_after=None
[2026-03-01T14:21:38.410+0530] {processor.py:208} INFO - Processing /home/jenny/.local/lib/python3.13/site-packages/airflow/example_dags/example_dynamic_task_mapping.py took 0.050 seconds
[2026-03-01T14:22:33.223+0530] {processor.py:186} INFO - Started process (PID=218289) to work on /home/jenny/.local/lib/python3.13/site-packages/airflow/example_dags/example_dynamic_task_mapping.py
[2026-03-01T14:22:33.225+0530] {processor.py:914} INFO - Processing file /home/jenny/.local/lib/python3.13/site-packages/airflow/example_dags/example_dynamic_task_mapping.py for tasks to queue
[2026-03-01T14:22:33.228+0530] {logging_mixin.py:190} INFO - [2026-03-01T14:22:33.227+0530] {dagbag.py:588} INFO - Filling up the DagBag from /home/jenny/.local/lib/python3.13/site-packages/airflow/example_dags/example_dynamic_task_mapping.py
[2026-03-01T14:22:33.235+0530] {processor.py:925} INFO - DAG(s) 'example_dynamic_task_mapping' retrieved from /home/jenny/.local/lib/python3.13/site-packages/airflow/example_dags/example_dynamic_task_mapping.py
[2026-03-01T14:22:33.244+0530] {logging_mixin.py:190} INFO - [2026-03-01T14:22:33.244+0530] {dag.py:3239} INFO - Sync 1 DAGs
[2026-03-01T14:22:33.251+0530] {logging_mixin.py:190} INFO - [2026-03-01T14:22:33.251+0530] {dag.py:4180} INFO - Setting next_dagrun for example_dynamic_task_mapping to None, run_after=None
[2026-03-01T14:22:33.267+0530] {processor.py:208} INFO - Processing /home/jenny/.local/lib/python3.13/site-packages/airflow/example_dags/example_dynamic_task_mapping.py took 0.049 seconds
[2026-03-01T14:23:29.963+0530] {processor.py:186} INFO - Started process (PID=219705) to work on /home/jenny/.local/lib/python3.13/site-packages/airflow/example_dags/example_dynamic_task_mapping.py
[2026-03-01T14:23:29.963+0530] {processor.py:914} INFO - Processing file /home/jenny/.local/lib/python3.13/site-packages/airflow/example_dags/example_dynamic_task_mapping.py for tasks to queue
[2026-03-01T14:23:29.965+0530] {logging_mixin.py:190} INFO - [2026-03-01T14:23:29.965+0530] {dagbag.py:588} INFO - Filling up the DagBag from /home/jenny/.local/lib/python3.13/site-packages/airflow/example_dags/example_dynamic_task_mapping.py
[2026-03-01T14:23:29.971+0530] {processor.py:925} INFO - DAG(s) 'example_dynamic_task_mapping' retrieved from /home/jenny/.local/lib/python3.13/site-packages/airflow/example_dags/example_dynamic_task_mapping.py
[2026-03-01T14:23:29.980+0530] {logging_mixin.py:190} INFO - [2026-03-01T14:23:29.980+0530] {dag.py:3239} INFO - Sync 1 DAGs
[2026-03-01T14:23:29.988+0530] {logging_mixin.py:190} INFO - [2026-03-01T14:23:29.988+0530] {dag.py:4180} INFO - Setting next_dagrun for example_dynamic_task_mapping to None, run_after=None
[2026-03-01T14:23:30.003+0530] {processor.py:208} INFO - Processing /home/jenny/.local/lib/python3.13/site-packages/airflow/example_dags/example_dynamic_task_mapping.py took 0.044 seconds
[2026-03-01T14:24:29.796+0530] {processor.py:186} INFO - Started process (PID=220331) to work on /home/jenny/.local/lib/python3.13/site-packages/airflow/example_dags/example_dynamic_task_mapping.py
[2026-03-01T14:24:29.797+0530] {processor.py:914} INFO - Processing file /home/jenny/.local/lib/python3.13/site-packages/airflow/example_dags/example_dynamic_task_mapping.py for tasks to queue
[2026-03-01T14:24:29.799+0530] {logging_mixin.py:190} INFO - [2026-03-01T14:24:29.799+0530] {dagbag.py:588} INFO - Filling up the DagBag from /home/jenny/.local/lib/python3.13/site-packages/airflow/example_dags/example_dynamic_task_mapping.py
[2026-03-01T14:24:29.806+0530] {processor.py:925} INFO - DAG(s) 'example_dynamic_task_mapping' retrieved from /home/jenny/.local/lib/python3.13/site-packages/airflow/example_dags/example_dynamic_task_mapping.py
[2026-03-01T14:24:29.815+0530] {logging_mixin.py:190} INFO - [2026-03-01T14:24:29.815+0530] {dag.py:3239} INFO - Sync 1 DAGs
[2026-03-01T14:24:29.822+0530] {logging_mixin.py:190} INFO - [2026-03-01T14:24:29.822+0530] {dag.py:4180} INFO - Setting next_dagrun for example_dynamic_task_mapping to None, run_after=None
[2026-03-01T14:24:29.837+0530] {processor.py:208} INFO - Processing /home/jenny/.local/lib/python3.13/site-packages/airflow/example_dags/example_dynamic_task_mapping.py took 0.048 seconds
[2026-03-01T14:25:50.030+0530] {processor.py:186} INFO - Started process (PID=225436) to work on /home/jenny/.local/lib/python3.13/site-packages/airflow/example_dags/example_dynamic_task_mapping.py
[2026-03-01T14:25:50.031+0530] {processor.py:914} INFO - Processing file /home/jenny/.local/lib/python3.13/site-packages/airflow/example_dags/example_dynamic_task_mapping.py for tasks to queue
[2026-03-01T14:25:50.033+0530] {logging_mixin.py:190} INFO - [2026-03-01T14:25:50.033+0530] {dagbag.py:588} INFO - Filling up the DagBag from /home/jenny/.local/lib/python3.13/site-packages/airflow/example_dags/example_dynamic_task_mapping.py
[2026-03-01T14:25:50.040+0530] {processor.py:925} INFO - DAG(s) 'example_dynamic_task_mapping' retrieved from /home/jenny/.local/lib/python3.13/site-packages/airflow/example_dags/example_dynamic_task_mapping.py
[2026-03-01T14:25:50.049+0530] {logging_mixin.py:190} INFO - [2026-03-01T14:25:50.049+0530] {dag.py:3239} INFO - Sync 1 DAGs
[2026-03-01T14:25:50.056+0530] {logging_mixin.py:190} INFO - [2026-03-01T14:25:50.056+0530] {dag.py:4180} INFO - Setting next_dagrun for example_dynamic_task_mapping to None, run_after=None
[2026-03-01T14:25:50.071+0530] {processor.py:208} INFO - Processing /home/jenny/.local/lib/python3.13/site-packages/airflow/example_dags/example_dynamic_task_mapping.py took 0.046 seconds
[2026-03-01T14:26:46.918+0530] {processor.py:186} INFO - Started process (PID=226245) to work on /home/jenny/.local/lib/python3.13/site-packages/airflow/example_dags/example_dynamic_task_mapping.py
[2026-03-01T14:26:46.919+0530] {processor.py:914} INFO - Processing file /home/jenny/.local/lib/python3.13/site-packages/airflow/example_dags/example_dynamic_task_mapping.py for tasks to queue
[2026-03-01T14:26:46.922+0530] {logging_mixin.py:190} INFO - [2026-03-01T14:26:46.921+0530] {dagbag.py:588} INFO - Filling up the DagBag from /home/jenny/.local/lib/python3.13/site-packages/airflow/example_dags/example_dynamic_task_mapping.py
[2026-03-01T14:26:46.929+0530] {processor.py:925} INFO - DAG(s) 'example_dynamic_task_mapping' retrieved from /home/jenny/.local/lib/python3.13/site-packages/airflow/example_dags/example_dynamic_task_mapping.py
[2026-03-01T14:26:46.937+0530] {logging_mixin.py:190} INFO - [2026-03-01T14:26:46.937+0530] {dag.py:3239} INFO - Sync 1 DAGs
[2026-03-01T14:26:46.945+0530] {logging_mixin.py:190} INFO - [2026-03-01T14:26:46.944+0530] {dag.py:4180} INFO - Setting next_dagrun for example_dynamic_task_mapping to None, run_after=None
[2026-03-01T14:26:46.961+0530] {processor.py:208} INFO - Processing /home/jenny/.local/lib/python3.13/site-packages/airflow/example_dags/example_dynamic_task_mapping.py took 0.049 seconds
