[2026-03-01T14:15:33.881+0530] {processor.py:186} INFO - Started process (PID=213314) to work on /home/jenny/.local/lib/python3.13/site-packages/airflow/example_dags/example_branch_python_dop_operator_3.py
[2026-03-01T14:15:33.882+0530] {processor.py:914} INFO - Processing file /home/jenny/.local/lib/python3.13/site-packages/airflow/example_dags/example_branch_python_dop_operator_3.py for tasks to queue
[2026-03-01T14:15:33.885+0530] {logging_mixin.py:190} INFO - [2026-03-01T14:15:33.885+0530] {dagbag.py:588} INFO - Filling up the DagBag from /home/jenny/.local/lib/python3.13/site-packages/airflow/example_dags/example_branch_python_dop_operator_3.py
[2026-03-01T14:15:33.893+0530] {processor.py:925} INFO - DAG(s) 'example_branch_dop_operator_v3' retrieved from /home/jenny/.local/lib/python3.13/site-packages/airflow/example_dags/example_branch_python_dop_operator_3.py
[2026-03-01T14:15:33.976+0530] {logging_mixin.py:190} INFO - [2026-03-01T14:15:33.975+0530] {override.py:1932} INFO - Created Permission View: can read on DAG:example_branch_dop_operator_v3
[2026-03-01T14:15:33.994+0530] {logging_mixin.py:190} INFO - [2026-03-01T14:15:33.993+0530] {override.py:1932} INFO - Created Permission View: can delete on DAG:example_branch_dop_operator_v3
[2026-03-01T14:15:34.006+0530] {logging_mixin.py:190} INFO - [2026-03-01T14:15:34.006+0530] {override.py:1932} INFO - Created Permission View: can edit on DAG:example_branch_dop_operator_v3
[2026-03-01T14:15:34.025+0530] {logging_mixin.py:190} INFO - [2026-03-01T14:15:34.025+0530] {override.py:1932} INFO - Created Permission View: can read on DAG Run:example_branch_dop_operator_v3
[2026-03-01T14:15:34.038+0530] {logging_mixin.py:190} INFO - [2026-03-01T14:15:34.037+0530] {override.py:1932} INFO - Created Permission View: menu access on DAG Run:example_branch_dop_operator_v3
[2026-03-01T14:15:34.049+0530] {logging_mixin.py:190} INFO - [2026-03-01T14:15:34.048+0530] {override.py:1932} INFO - Created Permission View: can create on DAG Run:example_branch_dop_operator_v3
[2026-03-01T14:15:34.060+0530] {logging_mixin.py:190} INFO - [2026-03-01T14:15:34.060+0530] {override.py:1932} INFO - Created Permission View: can delete on DAG Run:example_branch_dop_operator_v3
[2026-03-01T14:15:34.061+0530] {logging_mixin.py:190} INFO - [2026-03-01T14:15:34.061+0530] {dag.py:3239} INFO - Sync 1 DAGs
[2026-03-01T14:15:34.075+0530] {logging_mixin.py:190} INFO - [2026-03-01T14:15:34.075+0530] {dag.py:3262} INFO - Creating ORM DAG for example_branch_dop_operator_v3
[2026-03-01T14:15:34.082+0530] {logging_mixin.py:190} INFO - [2026-03-01T14:15:34.081+0530] {dag.py:4180} INFO - Setting next_dagrun for example_branch_dop_operator_v3 to 2026-03-01 08:44:00+00:00, run_after=2026-03-01 08:45:00+00:00
[2026-03-01T14:15:34.096+0530] {processor.py:208} INFO - Processing /home/jenny/.local/lib/python3.13/site-packages/airflow/example_dags/example_branch_python_dop_operator_3.py took 0.221 seconds
[2026-03-01T14:16:32.943+0530] {processor.py:186} INFO - Started process (PID=213933) to work on /home/jenny/.local/lib/python3.13/site-packages/airflow/example_dags/example_branch_python_dop_operator_3.py
[2026-03-01T14:16:32.944+0530] {processor.py:914} INFO - Processing file /home/jenny/.local/lib/python3.13/site-packages/airflow/example_dags/example_branch_python_dop_operator_3.py for tasks to queue
[2026-03-01T14:16:32.947+0530] {logging_mixin.py:190} INFO - [2026-03-01T14:16:32.946+0530] {dagbag.py:588} INFO - Filling up the DagBag from /home/jenny/.local/lib/python3.13/site-packages/airflow/example_dags/example_branch_python_dop_operator_3.py
[2026-03-01T14:16:32.955+0530] {processor.py:925} INFO - DAG(s) 'example_branch_dop_operator_v3' retrieved from /home/jenny/.local/lib/python3.13/site-packages/airflow/example_dags/example_branch_python_dop_operator_3.py
[2026-03-01T14:16:32.967+0530] {logging_mixin.py:190} INFO - [2026-03-01T14:16:32.966+0530] {dag.py:3239} INFO - Sync 1 DAGs
[2026-03-01T14:16:32.983+0530] {logging_mixin.py:190} INFO - [2026-03-01T14:16:32.983+0530] {dag.py:4180} INFO - Setting next_dagrun for example_branch_dop_operator_v3 to 2026-03-01 08:45:00+00:00, run_after=2026-03-01 08:46:00+00:00
[2026-03-01T14:16:33.002+0530] {processor.py:208} INFO - Processing /home/jenny/.local/lib/python3.13/site-packages/airflow/example_dags/example_branch_python_dop_operator_3.py took 0.065 seconds
[2026-03-01T14:17:27.428+0530] {processor.py:186} INFO - Started process (PID=215150) to work on /home/jenny/.local/lib/python3.13/site-packages/airflow/example_dags/example_branch_python_dop_operator_3.py
[2026-03-01T14:17:27.429+0530] {processor.py:914} INFO - Processing file /home/jenny/.local/lib/python3.13/site-packages/airflow/example_dags/example_branch_python_dop_operator_3.py for tasks to queue
[2026-03-01T14:17:27.431+0530] {logging_mixin.py:190} INFO - [2026-03-01T14:17:27.430+0530] {dagbag.py:588} INFO - Filling up the DagBag from /home/jenny/.local/lib/python3.13/site-packages/airflow/example_dags/example_branch_python_dop_operator_3.py
[2026-03-01T14:17:27.440+0530] {processor.py:925} INFO - DAG(s) 'example_branch_dop_operator_v3' retrieved from /home/jenny/.local/lib/python3.13/site-packages/airflow/example_dags/example_branch_python_dop_operator_3.py
[2026-03-01T14:17:27.451+0530] {logging_mixin.py:190} INFO - [2026-03-01T14:17:27.451+0530] {dag.py:3239} INFO - Sync 1 DAGs
[2026-03-01T14:17:27.468+0530] {logging_mixin.py:190} INFO - [2026-03-01T14:17:27.468+0530] {dag.py:4180} INFO - Setting next_dagrun for example_branch_dop_operator_v3 to 2026-03-01 08:46:00+00:00, run_after=2026-03-01 08:47:00+00:00
[2026-03-01T14:17:27.485+0530] {processor.py:208} INFO - Processing /home/jenny/.local/lib/python3.13/site-packages/airflow/example_dags/example_branch_python_dop_operator_3.py took 0.061 seconds
[2026-03-01T14:18:48.572+0530] {processor.py:186} INFO - Started process (PID=215739) to work on /home/jenny/.local/lib/python3.13/site-packages/airflow/example_dags/example_branch_python_dop_operator_3.py
[2026-03-01T14:18:48.573+0530] {processor.py:914} INFO - Processing file /home/jenny/.local/lib/python3.13/site-packages/airflow/example_dags/example_branch_python_dop_operator_3.py for tasks to queue
[2026-03-01T14:18:48.575+0530] {logging_mixin.py:190} INFO - [2026-03-01T14:18:48.575+0530] {dagbag.py:588} INFO - Filling up the DagBag from /home/jenny/.local/lib/python3.13/site-packages/airflow/example_dags/example_branch_python_dop_operator_3.py
[2026-03-01T14:18:48.582+0530] {processor.py:925} INFO - DAG(s) 'example_branch_dop_operator_v3' retrieved from /home/jenny/.local/lib/python3.13/site-packages/airflow/example_dags/example_branch_python_dop_operator_3.py
[2026-03-01T14:18:48.647+0530] {logging_mixin.py:190} INFO - [2026-03-01T14:18:48.646+0530] {dag.py:3239} INFO - Sync 1 DAGs
[2026-03-01T14:18:48.660+0530] {logging_mixin.py:190} INFO - [2026-03-01T14:18:48.659+0530] {dag.py:4180} INFO - Setting next_dagrun for example_branch_dop_operator_v3 to 2026-03-01 08:47:00+00:00, run_after=2026-03-01 08:48:00+00:00
[2026-03-01T14:18:48.736+0530] {processor.py:208} INFO - Processing /home/jenny/.local/lib/python3.13/site-packages/airflow/example_dags/example_branch_python_dop_operator_3.py took 0.169 seconds
[2026-03-01T14:19:49.695+0530] {processor.py:186} INFO - Started process (PID=216583) to work on /home/jenny/.local/lib/python3.13/site-packages/airflow/example_dags/example_branch_python_dop_operator_3.py
[2026-03-01T14:19:49.696+0530] {processor.py:914} INFO - Processing file /home/jenny/.local/lib/python3.13/site-packages/airflow/example_dags/example_branch_python_dop_operator_3.py for tasks to queue
[2026-03-01T14:19:49.697+0530] {logging_mixin.py:190} INFO - [2026-03-01T14:19:49.697+0530] {dagbag.py:588} INFO - Filling up the DagBag from /home/jenny/.local/lib/python3.13/site-packages/airflow/example_dags/example_branch_python_dop_operator_3.py
[2026-03-01T14:19:49.703+0530] {processor.py:925} INFO - DAG(s) 'example_branch_dop_operator_v3' retrieved from /home/jenny/.local/lib/python3.13/site-packages/airflow/example_dags/example_branch_python_dop_operator_3.py
[2026-03-01T14:19:49.713+0530] {logging_mixin.py:190} INFO - [2026-03-01T14:19:49.713+0530] {dag.py:3239} INFO - Sync 1 DAGs
[2026-03-01T14:19:49.728+0530] {logging_mixin.py:190} INFO - [2026-03-01T14:19:49.728+0530] {dag.py:4180} INFO - Setting next_dagrun for example_branch_dop_operator_v3 to 2026-03-01 08:48:00+00:00, run_after=2026-03-01 08:49:00+00:00
[2026-03-01T14:19:49.749+0530] {processor.py:208} INFO - Processing /home/jenny/.local/lib/python3.13/site-packages/airflow/example_dags/example_branch_python_dop_operator_3.py took 0.057 seconds
[2026-03-01T14:20:48.223+0530] {processor.py:186} INFO - Started process (PID=216768) to work on /home/jenny/.local/lib/python3.13/site-packages/airflow/example_dags/example_branch_python_dop_operator_3.py
[2026-03-01T14:20:48.224+0530] {processor.py:914} INFO - Processing file /home/jenny/.local/lib/python3.13/site-packages/airflow/example_dags/example_branch_python_dop_operator_3.py for tasks to queue
[2026-03-01T14:20:48.226+0530] {logging_mixin.py:190} INFO - [2026-03-01T14:20:48.226+0530] {dagbag.py:588} INFO - Filling up the DagBag from /home/jenny/.local/lib/python3.13/site-packages/airflow/example_dags/example_branch_python_dop_operator_3.py
[2026-03-01T14:20:48.234+0530] {processor.py:925} INFO - DAG(s) 'example_branch_dop_operator_v3' retrieved from /home/jenny/.local/lib/python3.13/site-packages/airflow/example_dags/example_branch_python_dop_operator_3.py
[2026-03-01T14:20:48.243+0530] {logging_mixin.py:190} INFO - [2026-03-01T14:20:48.243+0530] {dag.py:3239} INFO - Sync 1 DAGs
[2026-03-01T14:20:48.261+0530] {logging_mixin.py:190} INFO - [2026-03-01T14:20:48.261+0530] {dag.py:4180} INFO - Setting next_dagrun for example_branch_dop_operator_v3 to 2026-03-01 08:49:00+00:00, run_after=2026-03-01 08:50:00+00:00
[2026-03-01T14:20:48.277+0530] {processor.py:208} INFO - Processing /home/jenny/.local/lib/python3.13/site-packages/airflow/example_dags/example_branch_python_dop_operator_3.py took 0.058 seconds
[2026-03-01T14:21:45.203+0530] {processor.py:186} INFO - Started process (PID=216936) to work on /home/jenny/.local/lib/python3.13/site-packages/airflow/example_dags/example_branch_python_dop_operator_3.py
[2026-03-01T14:21:45.204+0530] {processor.py:914} INFO - Processing file /home/jenny/.local/lib/python3.13/site-packages/airflow/example_dags/example_branch_python_dop_operator_3.py for tasks to queue
[2026-03-01T14:21:45.207+0530] {logging_mixin.py:190} INFO - [2026-03-01T14:21:45.207+0530] {dagbag.py:588} INFO - Filling up the DagBag from /home/jenny/.local/lib/python3.13/site-packages/airflow/example_dags/example_branch_python_dop_operator_3.py
[2026-03-01T14:21:45.215+0530] {processor.py:925} INFO - DAG(s) 'example_branch_dop_operator_v3' retrieved from /home/jenny/.local/lib/python3.13/site-packages/airflow/example_dags/example_branch_python_dop_operator_3.py
[2026-03-01T14:21:45.227+0530] {logging_mixin.py:190} INFO - [2026-03-01T14:21:45.227+0530] {dag.py:3239} INFO - Sync 1 DAGs
[2026-03-01T14:21:45.241+0530] {logging_mixin.py:190} INFO - [2026-03-01T14:21:45.241+0530] {dag.py:4180} INFO - Setting next_dagrun for example_branch_dop_operator_v3 to 2026-03-01 08:50:00+00:00, run_after=2026-03-01 08:51:00+00:00
[2026-03-01T14:21:45.257+0530] {processor.py:208} INFO - Processing /home/jenny/.local/lib/python3.13/site-packages/airflow/example_dags/example_branch_python_dop_operator_3.py took 0.060 seconds
[2026-03-01T14:22:39.699+0530] {processor.py:186} INFO - Started process (PID=218521) to work on /home/jenny/.local/lib/python3.13/site-packages/airflow/example_dags/example_branch_python_dop_operator_3.py
[2026-03-01T14:22:39.700+0530] {processor.py:914} INFO - Processing file /home/jenny/.local/lib/python3.13/site-packages/airflow/example_dags/example_branch_python_dop_operator_3.py for tasks to queue
[2026-03-01T14:22:39.703+0530] {logging_mixin.py:190} INFO - [2026-03-01T14:22:39.703+0530] {dagbag.py:588} INFO - Filling up the DagBag from /home/jenny/.local/lib/python3.13/site-packages/airflow/example_dags/example_branch_python_dop_operator_3.py
[2026-03-01T14:22:39.711+0530] {processor.py:925} INFO - DAG(s) 'example_branch_dop_operator_v3' retrieved from /home/jenny/.local/lib/python3.13/site-packages/airflow/example_dags/example_branch_python_dop_operator_3.py
[2026-03-01T14:22:39.720+0530] {logging_mixin.py:190} INFO - [2026-03-01T14:22:39.720+0530] {dag.py:3239} INFO - Sync 1 DAGs
[2026-03-01T14:22:39.737+0530] {logging_mixin.py:190} INFO - [2026-03-01T14:22:39.736+0530] {dag.py:4180} INFO - Setting next_dagrun for example_branch_dop_operator_v3 to 2026-03-01 08:51:00+00:00, run_after=2026-03-01 08:52:00+00:00
[2026-03-01T14:22:39.869+0530] {processor.py:208} INFO - Processing /home/jenny/.local/lib/python3.13/site-packages/airflow/example_dags/example_branch_python_dop_operator_3.py took 0.175 seconds
[2026-03-01T14:23:37.512+0530] {processor.py:186} INFO - Started process (PID=219838) to work on /home/jenny/.local/lib/python3.13/site-packages/airflow/example_dags/example_branch_python_dop_operator_3.py
[2026-03-01T14:23:37.513+0530] {processor.py:914} INFO - Processing file /home/jenny/.local/lib/python3.13/site-packages/airflow/example_dags/example_branch_python_dop_operator_3.py for tasks to queue
[2026-03-01T14:23:37.515+0530] {logging_mixin.py:190} INFO - [2026-03-01T14:23:37.515+0530] {dagbag.py:588} INFO - Filling up the DagBag from /home/jenny/.local/lib/python3.13/site-packages/airflow/example_dags/example_branch_python_dop_operator_3.py
[2026-03-01T14:23:37.523+0530] {processor.py:925} INFO - DAG(s) 'example_branch_dop_operator_v3' retrieved from /home/jenny/.local/lib/python3.13/site-packages/airflow/example_dags/example_branch_python_dop_operator_3.py
[2026-03-01T14:23:37.532+0530] {logging_mixin.py:190} INFO - [2026-03-01T14:23:37.532+0530] {dag.py:3239} INFO - Sync 1 DAGs
[2026-03-01T14:23:37.547+0530] {logging_mixin.py:190} INFO - [2026-03-01T14:23:37.547+0530] {dag.py:4180} INFO - Setting next_dagrun for example_branch_dop_operator_v3 to 2026-03-01 08:52:00+00:00, run_after=2026-03-01 08:53:00+00:00
[2026-03-01T14:23:37.579+0530] {processor.py:208} INFO - Processing /home/jenny/.local/lib/python3.13/site-packages/airflow/example_dags/example_branch_python_dop_operator_3.py took 0.071 seconds
[2026-03-01T14:24:36.635+0530] {processor.py:186} INFO - Started process (PID=220435) to work on /home/jenny/.local/lib/python3.13/site-packages/airflow/example_dags/example_branch_python_dop_operator_3.py
[2026-03-01T14:24:36.637+0530] {processor.py:914} INFO - Processing file /home/jenny/.local/lib/python3.13/site-packages/airflow/example_dags/example_branch_python_dop_operator_3.py for tasks to queue
[2026-03-01T14:24:36.640+0530] {logging_mixin.py:190} INFO - [2026-03-01T14:24:36.639+0530] {dagbag.py:588} INFO - Filling up the DagBag from /home/jenny/.local/lib/python3.13/site-packages/airflow/example_dags/example_branch_python_dop_operator_3.py
[2026-03-01T14:24:36.648+0530] {processor.py:925} INFO - DAG(s) 'example_branch_dop_operator_v3' retrieved from /home/jenny/.local/lib/python3.13/site-packages/airflow/example_dags/example_branch_python_dop_operator_3.py
[2026-03-01T14:24:36.657+0530] {logging_mixin.py:190} INFO - [2026-03-01T14:24:36.657+0530] {dag.py:3239} INFO - Sync 1 DAGs
[2026-03-01T14:24:36.670+0530] {logging_mixin.py:190} INFO - [2026-03-01T14:24:36.670+0530] {dag.py:4180} INFO - Setting next_dagrun for example_branch_dop_operator_v3 to 2026-03-01 08:53:00+00:00, run_after=2026-03-01 08:54:00+00:00
[2026-03-01T14:24:36.687+0530] {processor.py:208} INFO - Processing /home/jenny/.local/lib/python3.13/site-packages/airflow/example_dags/example_branch_python_dop_operator_3.py took 0.056 seconds
[2026-03-01T14:25:56.043+0530] {processor.py:186} INFO - Started process (PID=225446) to work on /home/jenny/.local/lib/python3.13/site-packages/airflow/example_dags/example_branch_python_dop_operator_3.py
[2026-03-01T14:25:56.044+0530] {processor.py:914} INFO - Processing file /home/jenny/.local/lib/python3.13/site-packages/airflow/example_dags/example_branch_python_dop_operator_3.py for tasks to queue
[2026-03-01T14:25:56.047+0530] {logging_mixin.py:190} INFO - [2026-03-01T14:25:56.047+0530] {dagbag.py:588} INFO - Filling up the DagBag from /home/jenny/.local/lib/python3.13/site-packages/airflow/example_dags/example_branch_python_dop_operator_3.py
[2026-03-01T14:25:56.055+0530] {processor.py:925} INFO - DAG(s) 'example_branch_dop_operator_v3' retrieved from /home/jenny/.local/lib/python3.13/site-packages/airflow/example_dags/example_branch_python_dop_operator_3.py
[2026-03-01T14:25:56.064+0530] {logging_mixin.py:190} INFO - [2026-03-01T14:25:56.064+0530] {dag.py:3239} INFO - Sync 1 DAGs
[2026-03-01T14:25:56.077+0530] {logging_mixin.py:190} INFO - [2026-03-01T14:25:56.077+0530] {dag.py:4180} INFO - Setting next_dagrun for example_branch_dop_operator_v3 to 2026-03-01 08:54:00+00:00, run_after=2026-03-01 08:55:00+00:00
[2026-03-01T14:25:56.093+0530] {processor.py:208} INFO - Processing /home/jenny/.local/lib/python3.13/site-packages/airflow/example_dags/example_branch_python_dop_operator_3.py took 0.056 seconds
[2026-03-01T14:26:53.658+0530] {processor.py:186} INFO - Started process (PID=226416) to work on /home/jenny/.local/lib/python3.13/site-packages/airflow/example_dags/example_branch_python_dop_operator_3.py
[2026-03-01T14:26:53.659+0530] {processor.py:914} INFO - Processing file /home/jenny/.local/lib/python3.13/site-packages/airflow/example_dags/example_branch_python_dop_operator_3.py for tasks to queue
[2026-03-01T14:26:53.662+0530] {logging_mixin.py:190} INFO - [2026-03-01T14:26:53.662+0530] {dagbag.py:588} INFO - Filling up the DagBag from /home/jenny/.local/lib/python3.13/site-packages/airflow/example_dags/example_branch_python_dop_operator_3.py
[2026-03-01T14:26:53.670+0530] {processor.py:925} INFO - DAG(s) 'example_branch_dop_operator_v3' retrieved from /home/jenny/.local/lib/python3.13/site-packages/airflow/example_dags/example_branch_python_dop_operator_3.py
[2026-03-01T14:26:53.679+0530] {logging_mixin.py:190} INFO - [2026-03-01T14:26:53.679+0530] {dag.py:3239} INFO - Sync 1 DAGs
[2026-03-01T14:26:53.692+0530] {logging_mixin.py:190} INFO - [2026-03-01T14:26:53.692+0530] {dag.py:4180} INFO - Setting next_dagrun for example_branch_dop_operator_v3 to 2026-03-01 08:55:00+00:00, run_after=2026-03-01 08:56:00+00:00
[2026-03-01T14:26:53.708+0530] {processor.py:208} INFO - Processing /home/jenny/.local/lib/python3.13/site-packages/airflow/example_dags/example_branch_python_dop_operator_3.py took 0.057 seconds
[2026-03-01T14:28:20.038+0530] {processor.py:186} INFO - Started process (PID=228333) to work on /home/jenny/.local/lib/python3.13/site-packages/airflow/example_dags/example_branch_python_dop_operator_3.py
[2026-03-01T14:28:20.039+0530] {processor.py:914} INFO - Processing file /home/jenny/.local/lib/python3.13/site-packages/airflow/example_dags/example_branch_python_dop_operator_3.py for tasks to queue
[2026-03-01T14:28:20.042+0530] {logging_mixin.py:190} INFO - [2026-03-01T14:28:20.041+0530] {dagbag.py:588} INFO - Filling up the DagBag from /home/jenny/.local/lib/python3.13/site-packages/airflow/example_dags/example_branch_python_dop_operator_3.py
[2026-03-01T14:28:20.049+0530] {processor.py:925} INFO - DAG(s) 'example_branch_dop_operator_v3' retrieved from /home/jenny/.local/lib/python3.13/site-packages/airflow/example_dags/example_branch_python_dop_operator_3.py
[2026-03-01T14:28:20.058+0530] {logging_mixin.py:190} INFO - [2026-03-01T14:28:20.058+0530] {dag.py:3239} INFO - Sync 1 DAGs
[2026-03-01T14:28:20.073+0530] {logging_mixin.py:190} INFO - [2026-03-01T14:28:20.072+0530] {dag.py:4180} INFO - Setting next_dagrun for example_branch_dop_operator_v3 to 2026-03-01 08:57:00+00:00, run_after=2026-03-01 08:58:00+00:00
[2026-03-01T14:28:20.102+0530] {processor.py:208} INFO - Processing /home/jenny/.local/lib/python3.13/site-packages/airflow/example_dags/example_branch_python_dop_operator_3.py took 0.071 seconds
[2026-03-01T14:30:20.605+0530] {processor.py:186} INFO - Started process (PID=230148) to work on /home/jenny/.local/lib/python3.13/site-packages/airflow/example_dags/example_branch_python_dop_operator_3.py
[2026-03-01T14:30:20.607+0530] {processor.py:914} INFO - Processing file /home/jenny/.local/lib/python3.13/site-packages/airflow/example_dags/example_branch_python_dop_operator_3.py for tasks to queue
[2026-03-01T14:30:20.610+0530] {logging_mixin.py:190} INFO - [2026-03-01T14:30:20.609+0530] {dagbag.py:588} INFO - Filling up the DagBag from /home/jenny/.local/lib/python3.13/site-packages/airflow/example_dags/example_branch_python_dop_operator_3.py
[2026-03-01T14:30:20.618+0530] {processor.py:925} INFO - DAG(s) 'example_branch_dop_operator_v3' retrieved from /home/jenny/.local/lib/python3.13/site-packages/airflow/example_dags/example_branch_python_dop_operator_3.py
[2026-03-01T14:30:20.628+0530] {logging_mixin.py:190} INFO - [2026-03-01T14:30:20.627+0530] {dag.py:3239} INFO - Sync 1 DAGs
[2026-03-01T14:30:20.642+0530] {logging_mixin.py:190} INFO - [2026-03-01T14:30:20.642+0530] {dag.py:4180} INFO - Setting next_dagrun for example_branch_dop_operator_v3 to 2026-03-01 08:59:00+00:00, run_after=2026-03-01 09:00:00+00:00
[2026-03-01T14:30:20.671+0530] {processor.py:208} INFO - Processing /home/jenny/.local/lib/python3.13/site-packages/airflow/example_dags/example_branch_python_dop_operator_3.py took 0.072 seconds
[2026-03-01T14:32:03.185+0530] {processor.py:186} INFO - Started process (PID=231738) to work on /home/jenny/.local/lib/python3.13/site-packages/airflow/example_dags/example_branch_python_dop_operator_3.py
[2026-03-01T14:32:03.186+0530] {processor.py:914} INFO - Processing file /home/jenny/.local/lib/python3.13/site-packages/airflow/example_dags/example_branch_python_dop_operator_3.py for tasks to queue
[2026-03-01T14:32:03.188+0530] {logging_mixin.py:190} INFO - [2026-03-01T14:32:03.187+0530] {dagbag.py:588} INFO - Filling up the DagBag from /home/jenny/.local/lib/python3.13/site-packages/airflow/example_dags/example_branch_python_dop_operator_3.py
[2026-03-01T14:32:03.196+0530] {processor.py:925} INFO - DAG(s) 'example_branch_dop_operator_v3' retrieved from /home/jenny/.local/lib/python3.13/site-packages/airflow/example_dags/example_branch_python_dop_operator_3.py
[2026-03-01T14:32:03.208+0530] {logging_mixin.py:190} INFO - [2026-03-01T14:32:03.208+0530] {dag.py:3239} INFO - Sync 1 DAGs
[2026-03-01T14:32:03.226+0530] {logging_mixin.py:190} INFO - [2026-03-01T14:32:03.226+0530] {dag.py:4180} INFO - Setting next_dagrun for example_branch_dop_operator_v3 to 2026-03-01 09:01:00+00:00, run_after=2026-03-01 09:02:00+00:00
[2026-03-01T14:32:03.264+0530] {processor.py:208} INFO - Processing /home/jenny/.local/lib/python3.13/site-packages/airflow/example_dags/example_branch_python_dop_operator_3.py took 0.083 seconds
[2026-03-01T14:33:38.352+0530] {processor.py:186} INFO - Started process (PID=233203) to work on /home/jenny/.local/lib/python3.13/site-packages/airflow/example_dags/example_branch_python_dop_operator_3.py
[2026-03-01T14:33:38.353+0530] {processor.py:914} INFO - Processing file /home/jenny/.local/lib/python3.13/site-packages/airflow/example_dags/example_branch_python_dop_operator_3.py for tasks to queue
[2026-03-01T14:33:38.357+0530] {logging_mixin.py:190} INFO - [2026-03-01T14:33:38.356+0530] {dagbag.py:588} INFO - Filling up the DagBag from /home/jenny/.local/lib/python3.13/site-packages/airflow/example_dags/example_branch_python_dop_operator_3.py
[2026-03-01T14:33:38.365+0530] {processor.py:925} INFO - DAG(s) 'example_branch_dop_operator_v3' retrieved from /home/jenny/.local/lib/python3.13/site-packages/airflow/example_dags/example_branch_python_dop_operator_3.py
[2026-03-01T14:33:38.374+0530] {logging_mixin.py:190} INFO - [2026-03-01T14:33:38.374+0530] {dag.py:3239} INFO - Sync 1 DAGs
[2026-03-01T14:33:38.388+0530] {logging_mixin.py:190} INFO - [2026-03-01T14:33:38.387+0530] {dag.py:4180} INFO - Setting next_dagrun for example_branch_dop_operator_v3 to 2026-03-01 09:02:00+00:00, run_after=2026-03-01 09:03:00+00:00
[2026-03-01T14:33:38.404+0530] {processor.py:208} INFO - Processing /home/jenny/.local/lib/python3.13/site-packages/airflow/example_dags/example_branch_python_dop_operator_3.py took 0.057 seconds
[2026-03-01T14:34:48.061+0530] {processor.py:186} INFO - Started process (PID=233610) to work on /home/jenny/.local/lib/python3.13/site-packages/airflow/example_dags/example_branch_python_dop_operator_3.py
[2026-03-01T14:34:48.062+0530] {processor.py:914} INFO - Processing file /home/jenny/.local/lib/python3.13/site-packages/airflow/example_dags/example_branch_python_dop_operator_3.py for tasks to queue
[2026-03-01T14:34:48.065+0530] {logging_mixin.py:190} INFO - [2026-03-01T14:34:48.064+0530] {dagbag.py:588} INFO - Filling up the DagBag from /home/jenny/.local/lib/python3.13/site-packages/airflow/example_dags/example_branch_python_dop_operator_3.py
[2026-03-01T14:34:48.073+0530] {processor.py:925} INFO - DAG(s) 'example_branch_dop_operator_v3' retrieved from /home/jenny/.local/lib/python3.13/site-packages/airflow/example_dags/example_branch_python_dop_operator_3.py
[2026-03-01T14:34:48.081+0530] {logging_mixin.py:190} INFO - [2026-03-01T14:34:48.081+0530] {dag.py:3239} INFO - Sync 1 DAGs
[2026-03-01T14:34:48.095+0530] {logging_mixin.py:190} INFO - [2026-03-01T14:34:48.095+0530] {dag.py:4180} INFO - Setting next_dagrun for example_branch_dop_operator_v3 to 2026-03-01 09:03:00+00:00, run_after=2026-03-01 09:04:00+00:00
[2026-03-01T14:34:48.110+0530] {processor.py:208} INFO - Processing /home/jenny/.local/lib/python3.13/site-packages/airflow/example_dags/example_branch_python_dop_operator_3.py took 0.055 seconds
[2026-03-01T14:36:09.315+0530] {processor.py:186} INFO - Started process (PID=234033) to work on /home/jenny/.local/lib/python3.13/site-packages/airflow/example_dags/example_branch_python_dop_operator_3.py
[2026-03-01T14:36:09.317+0530] {processor.py:914} INFO - Processing file /home/jenny/.local/lib/python3.13/site-packages/airflow/example_dags/example_branch_python_dop_operator_3.py for tasks to queue
[2026-03-01T14:36:09.319+0530] {logging_mixin.py:190} INFO - [2026-03-01T14:36:09.319+0530] {dagbag.py:588} INFO - Filling up the DagBag from /home/jenny/.local/lib/python3.13/site-packages/airflow/example_dags/example_branch_python_dop_operator_3.py
[2026-03-01T14:36:09.327+0530] {processor.py:925} INFO - DAG(s) 'example_branch_dop_operator_v3' retrieved from /home/jenny/.local/lib/python3.13/site-packages/airflow/example_dags/example_branch_python_dop_operator_3.py
[2026-03-01T14:36:09.335+0530] {logging_mixin.py:190} INFO - [2026-03-01T14:36:09.335+0530] {dag.py:3239} INFO - Sync 1 DAGs
[2026-03-01T14:36:09.348+0530] {logging_mixin.py:190} INFO - [2026-03-01T14:36:09.348+0530] {dag.py:4180} INFO - Setting next_dagrun for example_branch_dop_operator_v3 to 2026-03-01 09:05:00+00:00, run_after=2026-03-01 09:06:00+00:00
[2026-03-01T14:36:09.364+0530] {processor.py:208} INFO - Processing /home/jenny/.local/lib/python3.13/site-packages/airflow/example_dags/example_branch_python_dop_operator_3.py took 0.055 seconds
[2026-03-01T14:37:05.155+0530] {processor.py:186} INFO - Started process (PID=234200) to work on /home/jenny/.local/lib/python3.13/site-packages/airflow/example_dags/example_branch_python_dop_operator_3.py
[2026-03-01T14:37:05.156+0530] {processor.py:914} INFO - Processing file /home/jenny/.local/lib/python3.13/site-packages/airflow/example_dags/example_branch_python_dop_operator_3.py for tasks to queue
[2026-03-01T14:37:05.157+0530] {logging_mixin.py:190} INFO - [2026-03-01T14:37:05.157+0530] {dagbag.py:588} INFO - Filling up the DagBag from /home/jenny/.local/lib/python3.13/site-packages/airflow/example_dags/example_branch_python_dop_operator_3.py
[2026-03-01T14:37:05.163+0530] {processor.py:925} INFO - DAG(s) 'example_branch_dop_operator_v3' retrieved from /home/jenny/.local/lib/python3.13/site-packages/airflow/example_dags/example_branch_python_dop_operator_3.py
[2026-03-01T14:37:05.172+0530] {logging_mixin.py:190} INFO - [2026-03-01T14:37:05.172+0530] {dag.py:3239} INFO - Sync 1 DAGs
[2026-03-01T14:37:05.186+0530] {logging_mixin.py:190} INFO - [2026-03-01T14:37:05.186+0530] {dag.py:4180} INFO - Setting next_dagrun for example_branch_dop_operator_v3 to 2026-03-01 09:06:00+00:00, run_after=2026-03-01 09:07:00+00:00
[2026-03-01T14:37:05.227+0530] {processor.py:208} INFO - Processing /home/jenny/.local/lib/python3.13/site-packages/airflow/example_dags/example_branch_python_dop_operator_3.py took 0.076 seconds
[2026-03-01T14:37:59.358+0530] {processor.py:186} INFO - Started process (PID=234456) to work on /home/jenny/.local/lib/python3.13/site-packages/airflow/example_dags/example_branch_python_dop_operator_3.py
[2026-03-01T14:37:59.360+0530] {processor.py:914} INFO - Processing file /home/jenny/.local/lib/python3.13/site-packages/airflow/example_dags/example_branch_python_dop_operator_3.py for tasks to queue
[2026-03-01T14:37:59.362+0530] {logging_mixin.py:190} INFO - [2026-03-01T14:37:59.361+0530] {dagbag.py:588} INFO - Filling up the DagBag from /home/jenny/.local/lib/python3.13/site-packages/airflow/example_dags/example_branch_python_dop_operator_3.py
[2026-03-01T14:37:59.369+0530] {processor.py:925} INFO - DAG(s) 'example_branch_dop_operator_v3' retrieved from /home/jenny/.local/lib/python3.13/site-packages/airflow/example_dags/example_branch_python_dop_operator_3.py
[2026-03-01T14:37:59.378+0530] {logging_mixin.py:190} INFO - [2026-03-01T14:37:59.378+0530] {dag.py:3239} INFO - Sync 1 DAGs
[2026-03-01T14:37:59.392+0530] {logging_mixin.py:190} INFO - [2026-03-01T14:37:59.392+0530] {dag.py:4180} INFO - Setting next_dagrun for example_branch_dop_operator_v3 to 2026-03-01 09:06:00+00:00, run_after=2026-03-01 09:07:00+00:00
[2026-03-01T14:37:59.408+0530] {processor.py:208} INFO - Processing /home/jenny/.local/lib/python3.13/site-packages/airflow/example_dags/example_branch_python_dop_operator_3.py took 0.055 seconds
[2026-03-01T14:38:54.234+0530] {processor.py:186} INFO - Started process (PID=235021) to work on /home/jenny/.local/lib/python3.13/site-packages/airflow/example_dags/example_branch_python_dop_operator_3.py
[2026-03-01T14:38:54.236+0530] {processor.py:914} INFO - Processing file /home/jenny/.local/lib/python3.13/site-packages/airflow/example_dags/example_branch_python_dop_operator_3.py for tasks to queue
[2026-03-01T14:38:54.239+0530] {logging_mixin.py:190} INFO - [2026-03-01T14:38:54.238+0530] {dagbag.py:588} INFO - Filling up the DagBag from /home/jenny/.local/lib/python3.13/site-packages/airflow/example_dags/example_branch_python_dop_operator_3.py
[2026-03-01T14:38:54.247+0530] {processor.py:925} INFO - DAG(s) 'example_branch_dop_operator_v3' retrieved from /home/jenny/.local/lib/python3.13/site-packages/airflow/example_dags/example_branch_python_dop_operator_3.py
[2026-03-01T14:38:54.255+0530] {logging_mixin.py:190} INFO - [2026-03-01T14:38:54.255+0530] {dag.py:3239} INFO - Sync 1 DAGs
[2026-03-01T14:38:54.269+0530] {logging_mixin.py:190} INFO - [2026-03-01T14:38:54.269+0530] {dag.py:4180} INFO - Setting next_dagrun for example_branch_dop_operator_v3 to 2026-03-01 09:07:00+00:00, run_after=2026-03-01 09:08:00+00:00
[2026-03-01T14:38:54.285+0530] {processor.py:208} INFO - Processing /home/jenny/.local/lib/python3.13/site-packages/airflow/example_dags/example_branch_python_dop_operator_3.py took 0.058 seconds
[2026-03-01T14:40:13.093+0530] {processor.py:186} INFO - Started process (PID=235333) to work on /home/jenny/.local/lib/python3.13/site-packages/airflow/example_dags/example_branch_python_dop_operator_3.py
[2026-03-01T14:40:13.094+0530] {processor.py:914} INFO - Processing file /home/jenny/.local/lib/python3.13/site-packages/airflow/example_dags/example_branch_python_dop_operator_3.py for tasks to queue
[2026-03-01T14:40:13.097+0530] {logging_mixin.py:190} INFO - [2026-03-01T14:40:13.096+0530] {dagbag.py:588} INFO - Filling up the DagBag from /home/jenny/.local/lib/python3.13/site-packages/airflow/example_dags/example_branch_python_dop_operator_3.py
[2026-03-01T14:40:13.105+0530] {processor.py:925} INFO - DAG(s) 'example_branch_dop_operator_v3' retrieved from /home/jenny/.local/lib/python3.13/site-packages/airflow/example_dags/example_branch_python_dop_operator_3.py
[2026-03-01T14:40:13.114+0530] {logging_mixin.py:190} INFO - [2026-03-01T14:40:13.113+0530] {dag.py:3239} INFO - Sync 1 DAGs
[2026-03-01T14:40:13.128+0530] {logging_mixin.py:190} INFO - [2026-03-01T14:40:13.128+0530] {dag.py:4180} INFO - Setting next_dagrun for example_branch_dop_operator_v3 to 2026-03-01 09:09:00+00:00, run_after=2026-03-01 09:10:00+00:00
[2026-03-01T14:40:13.146+0530] {processor.py:208} INFO - Processing /home/jenny/.local/lib/python3.13/site-packages/airflow/example_dags/example_branch_python_dop_operator_3.py took 0.058 seconds
[2026-03-01T14:41:08.594+0530] {processor.py:186} INFO - Started process (PID=239398) to work on /home/jenny/.local/lib/python3.13/site-packages/airflow/example_dags/example_branch_python_dop_operator_3.py
[2026-03-01T14:41:08.595+0530] {processor.py:914} INFO - Processing file /home/jenny/.local/lib/python3.13/site-packages/airflow/example_dags/example_branch_python_dop_operator_3.py for tasks to queue
[2026-03-01T14:41:08.597+0530] {logging_mixin.py:190} INFO - [2026-03-01T14:41:08.597+0530] {dagbag.py:588} INFO - Filling up the DagBag from /home/jenny/.local/lib/python3.13/site-packages/airflow/example_dags/example_branch_python_dop_operator_3.py
[2026-03-01T14:41:08.607+0530] {processor.py:925} INFO - DAG(s) 'example_branch_dop_operator_v3' retrieved from /home/jenny/.local/lib/python3.13/site-packages/airflow/example_dags/example_branch_python_dop_operator_3.py
[2026-03-01T14:41:08.618+0530] {logging_mixin.py:190} INFO - [2026-03-01T14:41:08.618+0530] {dag.py:3239} INFO - Sync 1 DAGs
[2026-03-01T14:41:08.633+0530] {logging_mixin.py:190} INFO - [2026-03-01T14:41:08.633+0530] {dag.py:4180} INFO - Setting next_dagrun for example_branch_dop_operator_v3 to 2026-03-01 09:10:00+00:00, run_after=2026-03-01 09:11:00+00:00
[2026-03-01T14:41:08.651+0530] {processor.py:208} INFO - Processing /home/jenny/.local/lib/python3.13/site-packages/airflow/example_dags/example_branch_python_dop_operator_3.py took 0.062 seconds
[2026-03-01T14:42:27.277+0530] {processor.py:186} INFO - Started process (PID=239646) to work on /home/jenny/.local/lib/python3.13/site-packages/airflow/example_dags/example_branch_python_dop_operator_3.py
[2026-03-01T14:42:27.279+0530] {processor.py:914} INFO - Processing file /home/jenny/.local/lib/python3.13/site-packages/airflow/example_dags/example_branch_python_dop_operator_3.py for tasks to queue
[2026-03-01T14:42:27.282+0530] {logging_mixin.py:190} INFO - [2026-03-01T14:42:27.281+0530] {dagbag.py:588} INFO - Filling up the DagBag from /home/jenny/.local/lib/python3.13/site-packages/airflow/example_dags/example_branch_python_dop_operator_3.py
[2026-03-01T14:42:27.290+0530] {processor.py:925} INFO - DAG(s) 'example_branch_dop_operator_v3' retrieved from /home/jenny/.local/lib/python3.13/site-packages/airflow/example_dags/example_branch_python_dop_operator_3.py
[2026-03-01T14:42:27.299+0530] {logging_mixin.py:190} INFO - [2026-03-01T14:42:27.298+0530] {dag.py:3239} INFO - Sync 1 DAGs
[2026-03-01T14:42:27.312+0530] {logging_mixin.py:190} INFO - [2026-03-01T14:42:27.312+0530] {dag.py:4180} INFO - Setting next_dagrun for example_branch_dop_operator_v3 to 2026-03-01 09:11:00+00:00, run_after=2026-03-01 09:12:00+00:00
[2026-03-01T14:42:27.329+0530] {processor.py:208} INFO - Processing /home/jenny/.local/lib/python3.13/site-packages/airflow/example_dags/example_branch_python_dop_operator_3.py took 0.057 seconds
[2026-03-01T14:43:46.553+0530] {processor.py:186} INFO - Started process (PID=239870) to work on /home/jenny/.local/lib/python3.13/site-packages/airflow/example_dags/example_branch_python_dop_operator_3.py
[2026-03-01T14:43:46.554+0530] {processor.py:914} INFO - Processing file /home/jenny/.local/lib/python3.13/site-packages/airflow/example_dags/example_branch_python_dop_operator_3.py for tasks to queue
[2026-03-01T14:43:46.557+0530] {logging_mixin.py:190} INFO - [2026-03-01T14:43:46.557+0530] {dagbag.py:588} INFO - Filling up the DagBag from /home/jenny/.local/lib/python3.13/site-packages/airflow/example_dags/example_branch_python_dop_operator_3.py
[2026-03-01T14:43:46.565+0530] {processor.py:925} INFO - DAG(s) 'example_branch_dop_operator_v3' retrieved from /home/jenny/.local/lib/python3.13/site-packages/airflow/example_dags/example_branch_python_dop_operator_3.py
[2026-03-01T14:43:46.574+0530] {logging_mixin.py:190} INFO - [2026-03-01T14:43:46.574+0530] {dag.py:3239} INFO - Sync 1 DAGs
[2026-03-01T14:43:46.587+0530] {logging_mixin.py:190} INFO - [2026-03-01T14:43:46.587+0530] {dag.py:4180} INFO - Setting next_dagrun for example_branch_dop_operator_v3 to 2026-03-01 09:12:00+00:00, run_after=2026-03-01 09:13:00+00:00
[2026-03-01T14:43:46.602+0530] {processor.py:208} INFO - Processing /home/jenny/.local/lib/python3.13/site-packages/airflow/example_dags/example_branch_python_dop_operator_3.py took 0.054 seconds
[2026-03-01T14:45:06.783+0530] {processor.py:186} INFO - Started process (PID=240145) to work on /home/jenny/.local/lib/python3.13/site-packages/airflow/example_dags/example_branch_python_dop_operator_3.py
[2026-03-01T14:45:06.783+0530] {processor.py:914} INFO - Processing file /home/jenny/.local/lib/python3.13/site-packages/airflow/example_dags/example_branch_python_dop_operator_3.py for tasks to queue
[2026-03-01T14:45:06.785+0530] {logging_mixin.py:190} INFO - [2026-03-01T14:45:06.785+0530] {dagbag.py:588} INFO - Filling up the DagBag from /home/jenny/.local/lib/python3.13/site-packages/airflow/example_dags/example_branch_python_dop_operator_3.py
[2026-03-01T14:45:06.793+0530] {processor.py:925} INFO - DAG(s) 'example_branch_dop_operator_v3' retrieved from /home/jenny/.local/lib/python3.13/site-packages/airflow/example_dags/example_branch_python_dop_operator_3.py
[2026-03-01T14:45:06.808+0530] {logging_mixin.py:190} INFO - [2026-03-01T14:45:06.807+0530] {dag.py:3239} INFO - Sync 1 DAGs
[2026-03-01T14:45:06.828+0530] {logging_mixin.py:190} INFO - [2026-03-01T14:45:06.828+0530] {dag.py:4180} INFO - Setting next_dagrun for example_branch_dop_operator_v3 to 2026-03-01 09:14:00+00:00, run_after=2026-03-01 09:15:00+00:00
[2026-03-01T14:45:06.963+0530] {processor.py:208} INFO - Processing /home/jenny/.local/lib/python3.13/site-packages/airflow/example_dags/example_branch_python_dop_operator_3.py took 0.185 seconds
[2026-03-01T14:46:04.152+0530] {processor.py:186} INFO - Started process (PID=240313) to work on /home/jenny/.local/lib/python3.13/site-packages/airflow/example_dags/example_branch_python_dop_operator_3.py
[2026-03-01T14:46:04.154+0530] {processor.py:914} INFO - Processing file /home/jenny/.local/lib/python3.13/site-packages/airflow/example_dags/example_branch_python_dop_operator_3.py for tasks to queue
[2026-03-01T14:46:04.157+0530] {logging_mixin.py:190} INFO - [2026-03-01T14:46:04.156+0530] {dagbag.py:588} INFO - Filling up the DagBag from /home/jenny/.local/lib/python3.13/site-packages/airflow/example_dags/example_branch_python_dop_operator_3.py
[2026-03-01T14:46:04.165+0530] {processor.py:925} INFO - DAG(s) 'example_branch_dop_operator_v3' retrieved from /home/jenny/.local/lib/python3.13/site-packages/airflow/example_dags/example_branch_python_dop_operator_3.py
[2026-03-01T14:46:04.174+0530] {logging_mixin.py:190} INFO - [2026-03-01T14:46:04.174+0530] {dag.py:3239} INFO - Sync 1 DAGs
[2026-03-01T14:46:04.287+0530] {logging_mixin.py:190} INFO - [2026-03-01T14:46:04.286+0530] {dag.py:4180} INFO - Setting next_dagrun for example_branch_dop_operator_v3 to 2026-03-01 09:15:00+00:00, run_after=2026-03-01 09:16:00+00:00
[2026-03-01T14:46:04.301+0530] {processor.py:208} INFO - Processing /home/jenny/.local/lib/python3.13/site-packages/airflow/example_dags/example_branch_python_dop_operator_3.py took 0.155 seconds
[2026-03-01T14:47:08.627+0530] {processor.py:186} INFO - Started process (PID=240494) to work on /home/jenny/.local/lib/python3.13/site-packages/airflow/example_dags/example_branch_python_dop_operator_3.py
[2026-03-01T14:47:08.627+0530] {processor.py:914} INFO - Processing file /home/jenny/.local/lib/python3.13/site-packages/airflow/example_dags/example_branch_python_dop_operator_3.py for tasks to queue
[2026-03-01T14:47:08.629+0530] {logging_mixin.py:190} INFO - [2026-03-01T14:47:08.629+0530] {dagbag.py:588} INFO - Filling up the DagBag from /home/jenny/.local/lib/python3.13/site-packages/airflow/example_dags/example_branch_python_dop_operator_3.py
[2026-03-01T14:47:08.637+0530] {processor.py:925} INFO - DAG(s) 'example_branch_dop_operator_v3' retrieved from /home/jenny/.local/lib/python3.13/site-packages/airflow/example_dags/example_branch_python_dop_operator_3.py
[2026-03-01T14:47:08.761+0530] {logging_mixin.py:190} INFO - [2026-03-01T14:47:08.761+0530] {dag.py:3239} INFO - Sync 1 DAGs
[2026-03-01T14:47:08.777+0530] {logging_mixin.py:190} INFO - [2026-03-01T14:47:08.777+0530] {dag.py:4180} INFO - Setting next_dagrun for example_branch_dop_operator_v3 to 2026-03-01 09:16:00+00:00, run_after=2026-03-01 09:17:00+00:00
[2026-03-01T14:47:08.795+0530] {processor.py:208} INFO - Processing /home/jenny/.local/lib/python3.13/site-packages/airflow/example_dags/example_branch_python_dop_operator_3.py took 0.173 seconds
[2026-03-01T14:48:11.917+0530] {processor.py:186} INFO - Started process (PID=240701) to work on /home/jenny/.local/lib/python3.13/site-packages/airflow/example_dags/example_branch_python_dop_operator_3.py
[2026-03-01T14:48:11.918+0530] {processor.py:914} INFO - Processing file /home/jenny/.local/lib/python3.13/site-packages/airflow/example_dags/example_branch_python_dop_operator_3.py for tasks to queue
[2026-03-01T14:48:11.920+0530] {logging_mixin.py:190} INFO - [2026-03-01T14:48:11.919+0530] {dagbag.py:588} INFO - Filling up the DagBag from /home/jenny/.local/lib/python3.13/site-packages/airflow/example_dags/example_branch_python_dop_operator_3.py
[2026-03-01T14:48:11.927+0530] {processor.py:925} INFO - DAG(s) 'example_branch_dop_operator_v3' retrieved from /home/jenny/.local/lib/python3.13/site-packages/airflow/example_dags/example_branch_python_dop_operator_3.py
[2026-03-01T14:48:11.937+0530] {logging_mixin.py:190} INFO - [2026-03-01T14:48:11.937+0530] {dag.py:3239} INFO - Sync 1 DAGs
[2026-03-01T14:48:11.954+0530] {logging_mixin.py:190} INFO - [2026-03-01T14:48:11.954+0530] {dag.py:4180} INFO - Setting next_dagrun for example_branch_dop_operator_v3 to 2026-03-01 09:17:00+00:00, run_after=2026-03-01 09:18:00+00:00
[2026-03-01T14:48:11.973+0530] {processor.py:208} INFO - Processing /home/jenny/.local/lib/python3.13/site-packages/airflow/example_dags/example_branch_python_dop_operator_3.py took 0.059 seconds
[2026-03-01T14:49:07.337+0530] {processor.py:186} INFO - Started process (PID=241013) to work on /home/jenny/.local/lib/python3.13/site-packages/airflow/example_dags/example_branch_python_dop_operator_3.py
[2026-03-01T14:49:07.338+0530] {processor.py:914} INFO - Processing file /home/jenny/.local/lib/python3.13/site-packages/airflow/example_dags/example_branch_python_dop_operator_3.py for tasks to queue
[2026-03-01T14:49:07.341+0530] {logging_mixin.py:190} INFO - [2026-03-01T14:49:07.341+0530] {dagbag.py:588} INFO - Filling up the DagBag from /home/jenny/.local/lib/python3.13/site-packages/airflow/example_dags/example_branch_python_dop_operator_3.py
[2026-03-01T14:49:07.349+0530] {processor.py:925} INFO - DAG(s) 'example_branch_dop_operator_v3' retrieved from /home/jenny/.local/lib/python3.13/site-packages/airflow/example_dags/example_branch_python_dop_operator_3.py
[2026-03-01T14:49:07.358+0530] {logging_mixin.py:190} INFO - [2026-03-01T14:49:07.358+0530] {dag.py:3239} INFO - Sync 1 DAGs
[2026-03-01T14:49:07.371+0530] {logging_mixin.py:190} INFO - [2026-03-01T14:49:07.371+0530] {dag.py:4180} INFO - Setting next_dagrun for example_branch_dop_operator_v3 to 2026-03-01 09:18:00+00:00, run_after=2026-03-01 09:19:00+00:00
[2026-03-01T14:49:07.391+0530] {processor.py:208} INFO - Processing /home/jenny/.local/lib/python3.13/site-packages/airflow/example_dags/example_branch_python_dop_operator_3.py took 0.058 seconds
[2026-03-01T14:50:29.630+0530] {processor.py:186} INFO - Started process (PID=241411) to work on /home/jenny/.local/lib/python3.13/site-packages/airflow/example_dags/example_branch_python_dop_operator_3.py
[2026-03-01T14:50:29.631+0530] {processor.py:914} INFO - Processing file /home/jenny/.local/lib/python3.13/site-packages/airflow/example_dags/example_branch_python_dop_operator_3.py for tasks to queue
[2026-03-01T14:50:29.633+0530] {logging_mixin.py:190} INFO - [2026-03-01T14:50:29.633+0530] {dagbag.py:588} INFO - Filling up the DagBag from /home/jenny/.local/lib/python3.13/site-packages/airflow/example_dags/example_branch_python_dop_operator_3.py
[2026-03-01T14:50:29.642+0530] {processor.py:925} INFO - DAG(s) 'example_branch_dop_operator_v3' retrieved from /home/jenny/.local/lib/python3.13/site-packages/airflow/example_dags/example_branch_python_dop_operator_3.py
[2026-03-01T14:50:29.651+0530] {logging_mixin.py:190} INFO - [2026-03-01T14:50:29.650+0530] {dag.py:3239} INFO - Sync 1 DAGs
[2026-03-01T14:50:29.664+0530] {logging_mixin.py:190} INFO - [2026-03-01T14:50:29.664+0530] {dag.py:4180} INFO - Setting next_dagrun for example_branch_dop_operator_v3 to 2026-03-01 09:19:00+00:00, run_after=2026-03-01 09:20:00+00:00
[2026-03-01T14:50:29.703+0530] {processor.py:208} INFO - Processing /home/jenny/.local/lib/python3.13/site-packages/airflow/example_dags/example_branch_python_dop_operator_3.py took 0.078 seconds
[2026-03-01T14:51:25.937+0530] {processor.py:186} INFO - Started process (PID=241809) to work on /home/jenny/.local/lib/python3.13/site-packages/airflow/example_dags/example_branch_python_dop_operator_3.py
[2026-03-01T14:51:25.938+0530] {processor.py:914} INFO - Processing file /home/jenny/.local/lib/python3.13/site-packages/airflow/example_dags/example_branch_python_dop_operator_3.py for tasks to queue
[2026-03-01T14:51:25.939+0530] {logging_mixin.py:190} INFO - [2026-03-01T14:51:25.939+0530] {dagbag.py:588} INFO - Filling up the DagBag from /home/jenny/.local/lib/python3.13/site-packages/airflow/example_dags/example_branch_python_dop_operator_3.py
[2026-03-01T14:51:25.949+0530] {processor.py:925} INFO - DAG(s) 'example_branch_dop_operator_v3' retrieved from /home/jenny/.local/lib/python3.13/site-packages/airflow/example_dags/example_branch_python_dop_operator_3.py
[2026-03-01T14:51:25.963+0530] {logging_mixin.py:190} INFO - [2026-03-01T14:51:25.963+0530] {dag.py:3239} INFO - Sync 1 DAGs
[2026-03-01T14:51:25.983+0530] {logging_mixin.py:190} INFO - [2026-03-01T14:51:25.983+0530] {dag.py:4180} INFO - Setting next_dagrun for example_branch_dop_operator_v3 to 2026-03-01 09:20:00+00:00, run_after=2026-03-01 09:21:00+00:00
[2026-03-01T14:51:26.000+0530] {processor.py:208} INFO - Processing /home/jenny/.local/lib/python3.13/site-packages/airflow/example_dags/example_branch_python_dop_operator_3.py took 0.067 seconds
[2026-03-01T14:52:44.690+0530] {processor.py:186} INFO - Started process (PID=242054) to work on /home/jenny/.local/lib/python3.13/site-packages/airflow/example_dags/example_branch_python_dop_operator_3.py
[2026-03-01T14:52:44.691+0530] {processor.py:914} INFO - Processing file /home/jenny/.local/lib/python3.13/site-packages/airflow/example_dags/example_branch_python_dop_operator_3.py for tasks to queue
[2026-03-01T14:52:44.693+0530] {logging_mixin.py:190} INFO - [2026-03-01T14:52:44.693+0530] {dagbag.py:588} INFO - Filling up the DagBag from /home/jenny/.local/lib/python3.13/site-packages/airflow/example_dags/example_branch_python_dop_operator_3.py
[2026-03-01T14:52:44.702+0530] {processor.py:925} INFO - DAG(s) 'example_branch_dop_operator_v3' retrieved from /home/jenny/.local/lib/python3.13/site-packages/airflow/example_dags/example_branch_python_dop_operator_3.py
[2026-03-01T14:52:44.715+0530] {logging_mixin.py:190} INFO - [2026-03-01T14:52:44.714+0530] {dag.py:3239} INFO - Sync 1 DAGs
[2026-03-01T14:52:44.733+0530] {logging_mixin.py:190} INFO - [2026-03-01T14:52:44.733+0530] {dag.py:4180} INFO - Setting next_dagrun for example_branch_dop_operator_v3 to 2026-03-01 09:21:00+00:00, run_after=2026-03-01 09:22:00+00:00
[2026-03-01T14:52:44.751+0530] {processor.py:208} INFO - Processing /home/jenny/.local/lib/python3.13/site-packages/airflow/example_dags/example_branch_python_dop_operator_3.py took 0.065 seconds
[2026-03-01T14:54:03.045+0530] {processor.py:186} INFO - Started process (PID=242284) to work on /home/jenny/.local/lib/python3.13/site-packages/airflow/example_dags/example_branch_python_dop_operator_3.py
[2026-03-01T14:54:03.047+0530] {processor.py:914} INFO - Processing file /home/jenny/.local/lib/python3.13/site-packages/airflow/example_dags/example_branch_python_dop_operator_3.py for tasks to queue
[2026-03-01T14:54:03.049+0530] {logging_mixin.py:190} INFO - [2026-03-01T14:54:03.049+0530] {dagbag.py:588} INFO - Filling up the DagBag from /home/jenny/.local/lib/python3.13/site-packages/airflow/example_dags/example_branch_python_dop_operator_3.py
[2026-03-01T14:54:03.057+0530] {processor.py:925} INFO - DAG(s) 'example_branch_dop_operator_v3' retrieved from /home/jenny/.local/lib/python3.13/site-packages/airflow/example_dags/example_branch_python_dop_operator_3.py
[2026-03-01T14:54:03.067+0530] {logging_mixin.py:190} INFO - [2026-03-01T14:54:03.067+0530] {dag.py:3239} INFO - Sync 1 DAGs
[2026-03-01T14:54:03.082+0530] {logging_mixin.py:190} INFO - [2026-03-01T14:54:03.081+0530] {dag.py:4180} INFO - Setting next_dagrun for example_branch_dop_operator_v3 to 2026-03-01 09:23:00+00:00, run_after=2026-03-01 09:24:00+00:00
[2026-03-01T14:54:03.097+0530] {processor.py:208} INFO - Processing /home/jenny/.local/lib/python3.13/site-packages/airflow/example_dags/example_branch_python_dop_operator_3.py took 0.057 seconds
[2026-03-01T14:55:23.290+0530] {processor.py:186} INFO - Started process (PID=242548) to work on /home/jenny/.local/lib/python3.13/site-packages/airflow/example_dags/example_branch_python_dop_operator_3.py
[2026-03-01T14:55:23.291+0530] {processor.py:914} INFO - Processing file /home/jenny/.local/lib/python3.13/site-packages/airflow/example_dags/example_branch_python_dop_operator_3.py for tasks to queue
[2026-03-01T14:55:23.294+0530] {logging_mixin.py:190} INFO - [2026-03-01T14:55:23.294+0530] {dagbag.py:588} INFO - Filling up the DagBag from /home/jenny/.local/lib/python3.13/site-packages/airflow/example_dags/example_branch_python_dop_operator_3.py
[2026-03-01T14:55:23.303+0530] {processor.py:925} INFO - DAG(s) 'example_branch_dop_operator_v3' retrieved from /home/jenny/.local/lib/python3.13/site-packages/airflow/example_dags/example_branch_python_dop_operator_3.py
[2026-03-01T14:55:23.311+0530] {logging_mixin.py:190} INFO - [2026-03-01T14:55:23.311+0530] {dag.py:3239} INFO - Sync 1 DAGs
[2026-03-01T14:55:23.325+0530] {logging_mixin.py:190} INFO - [2026-03-01T14:55:23.325+0530] {dag.py:4180} INFO - Setting next_dagrun for example_branch_dop_operator_v3 to 2026-03-01 09:24:00+00:00, run_after=2026-03-01 09:25:00+00:00
[2026-03-01T14:55:23.340+0530] {processor.py:208} INFO - Processing /home/jenny/.local/lib/python3.13/site-packages/airflow/example_dags/example_branch_python_dop_operator_3.py took 0.056 seconds
[2026-03-01T14:56:15.520+0530] {processor.py:186} INFO - Started process (PID=246636) to work on /home/jenny/.local/lib/python3.13/site-packages/airflow/example_dags/example_branch_python_dop_operator_3.py
[2026-03-01T14:56:15.521+0530] {processor.py:914} INFO - Processing file /home/jenny/.local/lib/python3.13/site-packages/airflow/example_dags/example_branch_python_dop_operator_3.py for tasks to queue
[2026-03-01T14:56:15.524+0530] {logging_mixin.py:190} INFO - [2026-03-01T14:56:15.524+0530] {dagbag.py:588} INFO - Filling up the DagBag from /home/jenny/.local/lib/python3.13/site-packages/airflow/example_dags/example_branch_python_dop_operator_3.py
[2026-03-01T14:56:15.534+0530] {processor.py:925} INFO - DAG(s) 'example_branch_dop_operator_v3' retrieved from /home/jenny/.local/lib/python3.13/site-packages/airflow/example_dags/example_branch_python_dop_operator_3.py
[2026-03-01T14:56:15.542+0530] {logging_mixin.py:190} INFO - [2026-03-01T14:56:15.542+0530] {dag.py:3239} INFO - Sync 1 DAGs
[2026-03-01T14:56:15.556+0530] {logging_mixin.py:190} INFO - [2026-03-01T14:56:15.556+0530] {dag.py:4180} INFO - Setting next_dagrun for example_branch_dop_operator_v3 to 2026-03-01 09:25:00+00:00, run_after=2026-03-01 09:26:00+00:00
[2026-03-01T14:56:15.594+0530] {processor.py:208} INFO - Processing /home/jenny/.local/lib/python3.13/site-packages/airflow/example_dags/example_branch_python_dop_operator_3.py took 0.081 seconds
[2026-03-01T14:57:10.784+0530] {processor.py:186} INFO - Started process (PID=246779) to work on /home/jenny/.local/lib/python3.13/site-packages/airflow/example_dags/example_branch_python_dop_operator_3.py
[2026-03-01T14:57:10.785+0530] {processor.py:914} INFO - Processing file /home/jenny/.local/lib/python3.13/site-packages/airflow/example_dags/example_branch_python_dop_operator_3.py for tasks to queue
[2026-03-01T14:57:10.788+0530] {logging_mixin.py:190} INFO - [2026-03-01T14:57:10.788+0530] {dagbag.py:588} INFO - Filling up the DagBag from /home/jenny/.local/lib/python3.13/site-packages/airflow/example_dags/example_branch_python_dop_operator_3.py
[2026-03-01T14:57:10.796+0530] {processor.py:925} INFO - DAG(s) 'example_branch_dop_operator_v3' retrieved from /home/jenny/.local/lib/python3.13/site-packages/airflow/example_dags/example_branch_python_dop_operator_3.py
[2026-03-01T14:57:10.805+0530] {logging_mixin.py:190} INFO - [2026-03-01T14:57:10.805+0530] {dag.py:3239} INFO - Sync 1 DAGs
[2026-03-01T14:57:10.818+0530] {logging_mixin.py:190} INFO - [2026-03-01T14:57:10.818+0530] {dag.py:4180} INFO - Setting next_dagrun for example_branch_dop_operator_v3 to 2026-03-01 09:26:00+00:00, run_after=2026-03-01 09:27:00+00:00
[2026-03-01T14:57:10.847+0530] {processor.py:208} INFO - Processing /home/jenny/.local/lib/python3.13/site-packages/airflow/example_dags/example_branch_python_dop_operator_3.py took 0.068 seconds
[2026-03-01T14:58:04.992+0530] {processor.py:186} INFO - Started process (PID=246943) to work on /home/jenny/.local/lib/python3.13/site-packages/airflow/example_dags/example_branch_python_dop_operator_3.py
[2026-03-01T14:58:04.993+0530] {processor.py:914} INFO - Processing file /home/jenny/.local/lib/python3.13/site-packages/airflow/example_dags/example_branch_python_dop_operator_3.py for tasks to queue
[2026-03-01T14:58:04.995+0530] {logging_mixin.py:190} INFO - [2026-03-01T14:58:04.994+0530] {dagbag.py:588} INFO - Filling up the DagBag from /home/jenny/.local/lib/python3.13/site-packages/airflow/example_dags/example_branch_python_dop_operator_3.py
[2026-03-01T14:58:05.001+0530] {processor.py:925} INFO - DAG(s) 'example_branch_dop_operator_v3' retrieved from /home/jenny/.local/lib/python3.13/site-packages/airflow/example_dags/example_branch_python_dop_operator_3.py
[2026-03-01T14:58:05.010+0530] {logging_mixin.py:190} INFO - [2026-03-01T14:58:05.010+0530] {dag.py:3239} INFO - Sync 1 DAGs
[2026-03-01T14:58:05.024+0530] {logging_mixin.py:190} INFO - [2026-03-01T14:58:05.024+0530] {dag.py:4180} INFO - Setting next_dagrun for example_branch_dop_operator_v3 to 2026-03-01 09:27:00+00:00, run_after=2026-03-01 09:28:00+00:00
[2026-03-01T14:58:05.041+0530] {processor.py:208} INFO - Processing /home/jenny/.local/lib/python3.13/site-packages/airflow/example_dags/example_branch_python_dop_operator_3.py took 0.052 seconds
[2026-03-01T14:59:01.282+0530] {processor.py:186} INFO - Started process (PID=247311) to work on /home/jenny/.local/lib/python3.13/site-packages/airflow/example_dags/example_branch_python_dop_operator_3.py
[2026-03-01T14:59:01.283+0530] {processor.py:914} INFO - Processing file /home/jenny/.local/lib/python3.13/site-packages/airflow/example_dags/example_branch_python_dop_operator_3.py for tasks to queue
[2026-03-01T14:59:01.285+0530] {logging_mixin.py:190} INFO - [2026-03-01T14:59:01.284+0530] {dagbag.py:588} INFO - Filling up the DagBag from /home/jenny/.local/lib/python3.13/site-packages/airflow/example_dags/example_branch_python_dop_operator_3.py
[2026-03-01T14:59:01.292+0530] {processor.py:925} INFO - DAG(s) 'example_branch_dop_operator_v3' retrieved from /home/jenny/.local/lib/python3.13/site-packages/airflow/example_dags/example_branch_python_dop_operator_3.py
[2026-03-01T14:59:01.301+0530] {logging_mixin.py:190} INFO - [2026-03-01T14:59:01.301+0530] {dag.py:3239} INFO - Sync 1 DAGs
[2026-03-01T14:59:01.317+0530] {logging_mixin.py:190} INFO - [2026-03-01T14:59:01.317+0530] {dag.py:4180} INFO - Setting next_dagrun for example_branch_dop_operator_v3 to 2026-03-01 09:28:00+00:00, run_after=2026-03-01 09:29:00+00:00
[2026-03-01T14:59:01.334+0530] {processor.py:208} INFO - Processing /home/jenny/.local/lib/python3.13/site-packages/airflow/example_dags/example_branch_python_dop_operator_3.py took 0.055 seconds
[2026-03-01T14:59:56.221+0530] {processor.py:186} INFO - Started process (PID=247653) to work on /home/jenny/.local/lib/python3.13/site-packages/airflow/example_dags/example_branch_python_dop_operator_3.py
[2026-03-01T14:59:56.222+0530] {processor.py:914} INFO - Processing file /home/jenny/.local/lib/python3.13/site-packages/airflow/example_dags/example_branch_python_dop_operator_3.py for tasks to queue
[2026-03-01T14:59:56.224+0530] {logging_mixin.py:190} INFO - [2026-03-01T14:59:56.224+0530] {dagbag.py:588} INFO - Filling up the DagBag from /home/jenny/.local/lib/python3.13/site-packages/airflow/example_dags/example_branch_python_dop_operator_3.py
[2026-03-01T14:59:56.233+0530] {processor.py:925} INFO - DAG(s) 'example_branch_dop_operator_v3' retrieved from /home/jenny/.local/lib/python3.13/site-packages/airflow/example_dags/example_branch_python_dop_operator_3.py
[2026-03-01T14:59:56.244+0530] {logging_mixin.py:190} INFO - [2026-03-01T14:59:56.244+0530] {dag.py:3239} INFO - Sync 1 DAGs
[2026-03-01T14:59:56.262+0530] {logging_mixin.py:190} INFO - [2026-03-01T14:59:56.262+0530] {dag.py:4180} INFO - Setting next_dagrun for example_branch_dop_operator_v3 to 2026-03-01 09:28:00+00:00, run_after=2026-03-01 09:29:00+00:00
[2026-03-01T14:59:56.279+0530] {processor.py:208} INFO - Processing /home/jenny/.local/lib/python3.13/site-packages/airflow/example_dags/example_branch_python_dop_operator_3.py took 0.063 seconds
[2026-03-01T15:01:17.347+0530] {processor.py:186} INFO - Started process (PID=248158) to work on /home/jenny/.local/lib/python3.13/site-packages/airflow/example_dags/example_branch_python_dop_operator_3.py
[2026-03-01T15:01:17.348+0530] {processor.py:914} INFO - Processing file /home/jenny/.local/lib/python3.13/site-packages/airflow/example_dags/example_branch_python_dop_operator_3.py for tasks to queue
[2026-03-01T15:01:17.351+0530] {logging_mixin.py:190} INFO - [2026-03-01T15:01:17.350+0530] {dagbag.py:588} INFO - Filling up the DagBag from /home/jenny/.local/lib/python3.13/site-packages/airflow/example_dags/example_branch_python_dop_operator_3.py
[2026-03-01T15:01:17.361+0530] {processor.py:925} INFO - DAG(s) 'example_branch_dop_operator_v3' retrieved from /home/jenny/.local/lib/python3.13/site-packages/airflow/example_dags/example_branch_python_dop_operator_3.py
[2026-03-01T15:01:17.375+0530] {logging_mixin.py:190} INFO - [2026-03-01T15:01:17.374+0530] {dag.py:3239} INFO - Sync 1 DAGs
[2026-03-01T15:01:17.391+0530] {logging_mixin.py:190} INFO - [2026-03-01T15:01:17.390+0530] {dag.py:4180} INFO - Setting next_dagrun for example_branch_dop_operator_v3 to 2026-03-01 09:30:00+00:00, run_after=2026-03-01 09:31:00+00:00
[2026-03-01T15:01:17.407+0530] {processor.py:208} INFO - Processing /home/jenny/.local/lib/python3.13/site-packages/airflow/example_dags/example_branch_python_dop_operator_3.py took 0.065 seconds
[2026-03-01T15:02:12.224+0530] {processor.py:186} INFO - Started process (PID=248337) to work on /home/jenny/.local/lib/python3.13/site-packages/airflow/example_dags/example_branch_python_dop_operator_3.py
[2026-03-01T15:02:12.224+0530] {processor.py:914} INFO - Processing file /home/jenny/.local/lib/python3.13/site-packages/airflow/example_dags/example_branch_python_dop_operator_3.py for tasks to queue
[2026-03-01T15:02:12.226+0530] {logging_mixin.py:190} INFO - [2026-03-01T15:02:12.226+0530] {dagbag.py:588} INFO - Filling up the DagBag from /home/jenny/.local/lib/python3.13/site-packages/airflow/example_dags/example_branch_python_dop_operator_3.py
[2026-03-01T15:02:12.233+0530] {processor.py:925} INFO - DAG(s) 'example_branch_dop_operator_v3' retrieved from /home/jenny/.local/lib/python3.13/site-packages/airflow/example_dags/example_branch_python_dop_operator_3.py
[2026-03-01T15:02:12.243+0530] {logging_mixin.py:190} INFO - [2026-03-01T15:02:12.242+0530] {dag.py:3239} INFO - Sync 1 DAGs
[2026-03-01T15:02:12.258+0530] {logging_mixin.py:190} INFO - [2026-03-01T15:02:12.258+0530] {dag.py:4180} INFO - Setting next_dagrun for example_branch_dop_operator_v3 to 2026-03-01 09:31:00+00:00, run_after=2026-03-01 09:32:00+00:00
[2026-03-01T15:02:12.277+0530] {processor.py:208} INFO - Processing /home/jenny/.local/lib/python3.13/site-packages/airflow/example_dags/example_branch_python_dop_operator_3.py took 0.057 seconds
[2026-03-01T15:03:05.644+0530] {processor.py:186} INFO - Started process (PID=248548) to work on /home/jenny/.local/lib/python3.13/site-packages/airflow/example_dags/example_branch_python_dop_operator_3.py
[2026-03-01T15:03:05.645+0530] {processor.py:914} INFO - Processing file /home/jenny/.local/lib/python3.13/site-packages/airflow/example_dags/example_branch_python_dop_operator_3.py for tasks to queue
[2026-03-01T15:03:05.647+0530] {logging_mixin.py:190} INFO - [2026-03-01T15:03:05.647+0530] {dagbag.py:588} INFO - Filling up the DagBag from /home/jenny/.local/lib/python3.13/site-packages/airflow/example_dags/example_branch_python_dop_operator_3.py
[2026-03-01T15:03:05.655+0530] {processor.py:925} INFO - DAG(s) 'example_branch_dop_operator_v3' retrieved from /home/jenny/.local/lib/python3.13/site-packages/airflow/example_dags/example_branch_python_dop_operator_3.py
[2026-03-01T15:03:05.668+0530] {logging_mixin.py:190} INFO - [2026-03-01T15:03:05.668+0530] {dag.py:3239} INFO - Sync 1 DAGs
[2026-03-01T15:03:05.685+0530] {logging_mixin.py:190} INFO - [2026-03-01T15:03:05.685+0530] {dag.py:4180} INFO - Setting next_dagrun for example_branch_dop_operator_v3 to 2026-03-01 09:32:00+00:00, run_after=2026-03-01 09:33:00+00:00
[2026-03-01T15:03:05.726+0530] {processor.py:208} INFO - Processing /home/jenny/.local/lib/python3.13/site-packages/airflow/example_dags/example_branch_python_dop_operator_3.py took 0.086 seconds
[2026-03-01T15:04:01.098+0530] {processor.py:186} INFO - Started process (PID=248864) to work on /home/jenny/.local/lib/python3.13/site-packages/airflow/example_dags/example_branch_python_dop_operator_3.py
[2026-03-01T15:04:01.099+0530] {processor.py:914} INFO - Processing file /home/jenny/.local/lib/python3.13/site-packages/airflow/example_dags/example_branch_python_dop_operator_3.py for tasks to queue
[2026-03-01T15:04:01.102+0530] {logging_mixin.py:190} INFO - [2026-03-01T15:04:01.101+0530] {dagbag.py:588} INFO - Filling up the DagBag from /home/jenny/.local/lib/python3.13/site-packages/airflow/example_dags/example_branch_python_dop_operator_3.py
[2026-03-01T15:04:01.109+0530] {processor.py:925} INFO - DAG(s) 'example_branch_dop_operator_v3' retrieved from /home/jenny/.local/lib/python3.13/site-packages/airflow/example_dags/example_branch_python_dop_operator_3.py
[2026-03-01T15:04:01.119+0530] {logging_mixin.py:190} INFO - [2026-03-01T15:04:01.119+0530] {dag.py:3239} INFO - Sync 1 DAGs
[2026-03-01T15:04:01.132+0530] {logging_mixin.py:190} INFO - [2026-03-01T15:04:01.132+0530] {dag.py:4180} INFO - Setting next_dagrun for example_branch_dop_operator_v3 to 2026-03-01 09:33:00+00:00, run_after=2026-03-01 09:34:00+00:00
[2026-03-01T15:04:01.150+0530] {processor.py:208} INFO - Processing /home/jenny/.local/lib/python3.13/site-packages/airflow/example_dags/example_branch_python_dop_operator_3.py took 0.056 seconds
[2026-03-01T15:04:55.070+0530] {processor.py:186} INFO - Started process (PID=249350) to work on /home/jenny/.local/lib/python3.13/site-packages/airflow/example_dags/example_branch_python_dop_operator_3.py
[2026-03-01T15:04:55.071+0530] {processor.py:914} INFO - Processing file /home/jenny/.local/lib/python3.13/site-packages/airflow/example_dags/example_branch_python_dop_operator_3.py for tasks to queue
[2026-03-01T15:04:55.073+0530] {logging_mixin.py:190} INFO - [2026-03-01T15:04:55.072+0530] {dagbag.py:588} INFO - Filling up the DagBag from /home/jenny/.local/lib/python3.13/site-packages/airflow/example_dags/example_branch_python_dop_operator_3.py
[2026-03-01T15:04:55.080+0530] {processor.py:925} INFO - DAG(s) 'example_branch_dop_operator_v3' retrieved from /home/jenny/.local/lib/python3.13/site-packages/airflow/example_dags/example_branch_python_dop_operator_3.py
[2026-03-01T15:04:55.089+0530] {logging_mixin.py:190} INFO - [2026-03-01T15:04:55.089+0530] {dag.py:3239} INFO - Sync 1 DAGs
[2026-03-01T15:04:55.111+0530] {logging_mixin.py:190} INFO - [2026-03-01T15:04:55.111+0530] {dag.py:4180} INFO - Setting next_dagrun for example_branch_dop_operator_v3 to 2026-03-01 09:33:00+00:00, run_after=2026-03-01 09:34:00+00:00
[2026-03-01T15:04:55.138+0530] {processor.py:208} INFO - Processing /home/jenny/.local/lib/python3.13/site-packages/airflow/example_dags/example_branch_python_dop_operator_3.py took 0.071 seconds
[2026-03-01T15:06:13.466+0530] {processor.py:186} INFO - Started process (PID=249692) to work on /home/jenny/.local/lib/python3.13/site-packages/airflow/example_dags/example_branch_python_dop_operator_3.py
[2026-03-01T15:06:13.467+0530] {processor.py:914} INFO - Processing file /home/jenny/.local/lib/python3.13/site-packages/airflow/example_dags/example_branch_python_dop_operator_3.py for tasks to queue
[2026-03-01T15:06:13.470+0530] {logging_mixin.py:190} INFO - [2026-03-01T15:06:13.469+0530] {dagbag.py:588} INFO - Filling up the DagBag from /home/jenny/.local/lib/python3.13/site-packages/airflow/example_dags/example_branch_python_dop_operator_3.py
[2026-03-01T15:06:13.478+0530] {processor.py:925} INFO - DAG(s) 'example_branch_dop_operator_v3' retrieved from /home/jenny/.local/lib/python3.13/site-packages/airflow/example_dags/example_branch_python_dop_operator_3.py
[2026-03-01T15:06:13.487+0530] {logging_mixin.py:190} INFO - [2026-03-01T15:06:13.486+0530] {dag.py:3239} INFO - Sync 1 DAGs
[2026-03-01T15:06:13.500+0530] {logging_mixin.py:190} INFO - [2026-03-01T15:06:13.500+0530] {dag.py:4180} INFO - Setting next_dagrun for example_branch_dop_operator_v3 to 2026-03-01 09:35:00+00:00, run_after=2026-03-01 09:36:00+00:00
[2026-03-01T15:06:13.516+0530] {processor.py:208} INFO - Processing /home/jenny/.local/lib/python3.13/site-packages/airflow/example_dags/example_branch_python_dop_operator_3.py took 0.057 seconds
[2026-03-01T15:07:07.750+0530] {processor.py:186} INFO - Started process (PID=250033) to work on /home/jenny/.local/lib/python3.13/site-packages/airflow/example_dags/example_branch_python_dop_operator_3.py
[2026-03-01T15:07:07.751+0530] {processor.py:914} INFO - Processing file /home/jenny/.local/lib/python3.13/site-packages/airflow/example_dags/example_branch_python_dop_operator_3.py for tasks to queue
[2026-03-01T15:07:07.752+0530] {logging_mixin.py:190} INFO - [2026-03-01T15:07:07.752+0530] {dagbag.py:588} INFO - Filling up the DagBag from /home/jenny/.local/lib/python3.13/site-packages/airflow/example_dags/example_branch_python_dop_operator_3.py
[2026-03-01T15:07:07.760+0530] {processor.py:925} INFO - DAG(s) 'example_branch_dop_operator_v3' retrieved from /home/jenny/.local/lib/python3.13/site-packages/airflow/example_dags/example_branch_python_dop_operator_3.py
[2026-03-01T15:07:07.769+0530] {logging_mixin.py:190} INFO - [2026-03-01T15:07:07.769+0530] {dag.py:3239} INFO - Sync 1 DAGs
[2026-03-01T15:07:07.783+0530] {logging_mixin.py:190} INFO - [2026-03-01T15:07:07.783+0530] {dag.py:4180} INFO - Setting next_dagrun for example_branch_dop_operator_v3 to 2026-03-01 09:36:00+00:00, run_after=2026-03-01 09:37:00+00:00
[2026-03-01T15:07:07.800+0530] {processor.py:208} INFO - Processing /home/jenny/.local/lib/python3.13/site-packages/airflow/example_dags/example_branch_python_dop_operator_3.py took 0.053 seconds
[2026-03-01T15:08:26.258+0530] {processor.py:186} INFO - Started process (PID=250444) to work on /home/jenny/.local/lib/python3.13/site-packages/airflow/example_dags/example_branch_python_dop_operator_3.py
[2026-03-01T15:08:26.259+0530] {processor.py:914} INFO - Processing file /home/jenny/.local/lib/python3.13/site-packages/airflow/example_dags/example_branch_python_dop_operator_3.py for tasks to queue
[2026-03-01T15:08:26.261+0530] {logging_mixin.py:190} INFO - [2026-03-01T15:08:26.261+0530] {dagbag.py:588} INFO - Filling up the DagBag from /home/jenny/.local/lib/python3.13/site-packages/airflow/example_dags/example_branch_python_dop_operator_3.py
[2026-03-01T15:08:26.270+0530] {processor.py:925} INFO - DAG(s) 'example_branch_dop_operator_v3' retrieved from /home/jenny/.local/lib/python3.13/site-packages/airflow/example_dags/example_branch_python_dop_operator_3.py
[2026-03-01T15:08:26.281+0530] {logging_mixin.py:190} INFO - [2026-03-01T15:08:26.281+0530] {dag.py:3239} INFO - Sync 1 DAGs
[2026-03-01T15:08:26.296+0530] {logging_mixin.py:190} INFO - [2026-03-01T15:08:26.296+0530] {dag.py:4180} INFO - Setting next_dagrun for example_branch_dop_operator_v3 to 2026-03-01 09:37:00+00:00, run_after=2026-03-01 09:38:00+00:00
[2026-03-01T15:08:26.314+0530] {processor.py:208} INFO - Processing /home/jenny/.local/lib/python3.13/site-packages/airflow/example_dags/example_branch_python_dop_operator_3.py took 0.060 seconds
[2026-03-01T15:09:43.940+0530] {processor.py:186} INFO - Started process (PID=250893) to work on /home/jenny/.local/lib/python3.13/site-packages/airflow/example_dags/example_branch_python_dop_operator_3.py
[2026-03-01T15:09:43.941+0530] {processor.py:914} INFO - Processing file /home/jenny/.local/lib/python3.13/site-packages/airflow/example_dags/example_branch_python_dop_operator_3.py for tasks to queue
[2026-03-01T15:09:43.943+0530] {logging_mixin.py:190} INFO - [2026-03-01T15:09:43.943+0530] {dagbag.py:588} INFO - Filling up the DagBag from /home/jenny/.local/lib/python3.13/site-packages/airflow/example_dags/example_branch_python_dop_operator_3.py
[2026-03-01T15:09:43.954+0530] {processor.py:925} INFO - DAG(s) 'example_branch_dop_operator_v3' retrieved from /home/jenny/.local/lib/python3.13/site-packages/airflow/example_dags/example_branch_python_dop_operator_3.py
[2026-03-01T15:09:43.967+0530] {logging_mixin.py:190} INFO - [2026-03-01T15:09:43.967+0530] {dag.py:3239} INFO - Sync 1 DAGs
[2026-03-01T15:09:43.989+0530] {logging_mixin.py:190} INFO - [2026-03-01T15:09:43.989+0530] {dag.py:4180} INFO - Setting next_dagrun for example_branch_dop_operator_v3 to 2026-03-01 09:38:00+00:00, run_after=2026-03-01 09:39:00+00:00
[2026-03-01T15:09:44.038+0530] {processor.py:208} INFO - Processing /home/jenny/.local/lib/python3.13/site-packages/airflow/example_dags/example_branch_python_dop_operator_3.py took 0.103 seconds
[2026-03-01T19:41:02.980+0530] {processor.py:186} INFO - Started process (PID=251768) to work on /home/jenny/.local/lib/python3.13/site-packages/airflow/example_dags/example_branch_python_dop_operator_3.py
[2026-03-01T19:41:02.980+0530] {processor.py:914} INFO - Processing file /home/jenny/.local/lib/python3.13/site-packages/airflow/example_dags/example_branch_python_dop_operator_3.py for tasks to queue
[2026-03-01T19:41:02.981+0530] {logging_mixin.py:190} INFO - [2026-03-01T19:41:02.981+0530] {dagbag.py:588} INFO - Filling up the DagBag from /home/jenny/.local/lib/python3.13/site-packages/airflow/example_dags/example_branch_python_dop_operator_3.py
[2026-03-01T19:41:02.990+0530] {processor.py:925} INFO - DAG(s) 'example_branch_dop_operator_v3' retrieved from /home/jenny/.local/lib/python3.13/site-packages/airflow/example_dags/example_branch_python_dop_operator_3.py
[2026-03-01T19:41:03.004+0530] {logging_mixin.py:190} INFO - [2026-03-01T19:41:03.003+0530] {dag.py:3239} INFO - Sync 1 DAGs
[2026-03-01T19:41:03.024+0530] {logging_mixin.py:190} INFO - [2026-03-01T19:41:03.024+0530] {dag.py:4180} INFO - Setting next_dagrun for example_branch_dop_operator_v3 to 2026-03-01 14:10:00+00:00, run_after=2026-03-01 14:11:00+00:00
[2026-03-01T19:41:03.045+0530] {processor.py:208} INFO - Processing /home/jenny/.local/lib/python3.13/site-packages/airflow/example_dags/example_branch_python_dop_operator_3.py took 0.070 seconds
[2026-03-01T19:42:16.277+0530] {processor.py:186} INFO - Started process (PID=255736) to work on /home/jenny/.local/lib/python3.13/site-packages/airflow/example_dags/example_branch_python_dop_operator_3.py
[2026-03-01T19:42:16.279+0530] {processor.py:914} INFO - Processing file /home/jenny/.local/lib/python3.13/site-packages/airflow/example_dags/example_branch_python_dop_operator_3.py for tasks to queue
[2026-03-01T19:42:16.280+0530] {logging_mixin.py:190} INFO - [2026-03-01T19:42:16.280+0530] {dagbag.py:588} INFO - Filling up the DagBag from /home/jenny/.local/lib/python3.13/site-packages/airflow/example_dags/example_branch_python_dop_operator_3.py
[2026-03-01T19:42:16.289+0530] {processor.py:925} INFO - DAG(s) 'example_branch_dop_operator_v3' retrieved from /home/jenny/.local/lib/python3.13/site-packages/airflow/example_dags/example_branch_python_dop_operator_3.py
[2026-03-01T19:42:16.297+0530] {logging_mixin.py:190} INFO - [2026-03-01T19:42:16.297+0530] {dag.py:3239} INFO - Sync 1 DAGs
[2026-03-01T19:42:16.311+0530] {logging_mixin.py:190} INFO - [2026-03-01T19:42:16.311+0530] {dag.py:4180} INFO - Setting next_dagrun for example_branch_dop_operator_v3 to 2026-03-01 14:11:00+00:00, run_after=2026-03-01 14:12:00+00:00
[2026-03-01T19:42:16.327+0530] {processor.py:208} INFO - Processing /home/jenny/.local/lib/python3.13/site-packages/airflow/example_dags/example_branch_python_dop_operator_3.py took 0.056 seconds
[2026-03-01T19:43:36.108+0530] {processor.py:186} INFO - Started process (PID=256212) to work on /home/jenny/.local/lib/python3.13/site-packages/airflow/example_dags/example_branch_python_dop_operator_3.py
[2026-03-01T19:43:36.109+0530] {processor.py:914} INFO - Processing file /home/jenny/.local/lib/python3.13/site-packages/airflow/example_dags/example_branch_python_dop_operator_3.py for tasks to queue
[2026-03-01T19:43:36.111+0530] {logging_mixin.py:190} INFO - [2026-03-01T19:43:36.110+0530] {dagbag.py:588} INFO - Filling up the DagBag from /home/jenny/.local/lib/python3.13/site-packages/airflow/example_dags/example_branch_python_dop_operator_3.py
[2026-03-01T19:43:36.119+0530] {processor.py:925} INFO - DAG(s) 'example_branch_dop_operator_v3' retrieved from /home/jenny/.local/lib/python3.13/site-packages/airflow/example_dags/example_branch_python_dop_operator_3.py
[2026-03-01T19:43:36.128+0530] {logging_mixin.py:190} INFO - [2026-03-01T19:43:36.128+0530] {dag.py:3239} INFO - Sync 1 DAGs
[2026-03-01T19:43:36.142+0530] {logging_mixin.py:190} INFO - [2026-03-01T19:43:36.142+0530] {dag.py:4180} INFO - Setting next_dagrun for example_branch_dop_operator_v3 to 2026-03-01 14:12:00+00:00, run_after=2026-03-01 14:13:00+00:00
[2026-03-01T19:43:36.157+0530] {processor.py:208} INFO - Processing /home/jenny/.local/lib/python3.13/site-packages/airflow/example_dags/example_branch_python_dop_operator_3.py took 0.055 seconds
[2026-03-01T19:44:30.307+0530] {processor.py:186} INFO - Started process (PID=256359) to work on /home/jenny/.local/lib/python3.13/site-packages/airflow/example_dags/example_branch_python_dop_operator_3.py
[2026-03-01T19:44:30.308+0530] {processor.py:914} INFO - Processing file /home/jenny/.local/lib/python3.13/site-packages/airflow/example_dags/example_branch_python_dop_operator_3.py for tasks to queue
[2026-03-01T19:44:30.310+0530] {logging_mixin.py:190} INFO - [2026-03-01T19:44:30.309+0530] {dagbag.py:588} INFO - Filling up the DagBag from /home/jenny/.local/lib/python3.13/site-packages/airflow/example_dags/example_branch_python_dop_operator_3.py
[2026-03-01T19:44:30.318+0530] {processor.py:925} INFO - DAG(s) 'example_branch_dop_operator_v3' retrieved from /home/jenny/.local/lib/python3.13/site-packages/airflow/example_dags/example_branch_python_dop_operator_3.py
[2026-03-01T19:44:30.327+0530] {logging_mixin.py:190} INFO - [2026-03-01T19:44:30.327+0530] {dag.py:3239} INFO - Sync 1 DAGs
[2026-03-01T19:44:30.341+0530] {logging_mixin.py:190} INFO - [2026-03-01T19:44:30.341+0530] {dag.py:4180} INFO - Setting next_dagrun for example_branch_dop_operator_v3 to 2026-03-01 14:13:00+00:00, run_after=2026-03-01 14:14:00+00:00
[2026-03-01T19:44:30.357+0530] {processor.py:208} INFO - Processing /home/jenny/.local/lib/python3.13/site-packages/airflow/example_dags/example_branch_python_dop_operator_3.py took 0.057 seconds
[2026-03-01T19:45:47.409+0530] {processor.py:186} INFO - Started process (PID=257011) to work on /home/jenny/.local/lib/python3.13/site-packages/airflow/example_dags/example_branch_python_dop_operator_3.py
[2026-03-01T19:45:47.410+0530] {processor.py:914} INFO - Processing file /home/jenny/.local/lib/python3.13/site-packages/airflow/example_dags/example_branch_python_dop_operator_3.py for tasks to queue
[2026-03-01T19:45:47.412+0530] {logging_mixin.py:190} INFO - [2026-03-01T19:45:47.411+0530] {dagbag.py:588} INFO - Filling up the DagBag from /home/jenny/.local/lib/python3.13/site-packages/airflow/example_dags/example_branch_python_dop_operator_3.py
[2026-03-01T19:45:47.420+0530] {processor.py:925} INFO - DAG(s) 'example_branch_dop_operator_v3' retrieved from /home/jenny/.local/lib/python3.13/site-packages/airflow/example_dags/example_branch_python_dop_operator_3.py
[2026-03-01T19:45:47.430+0530] {logging_mixin.py:190} INFO - [2026-03-01T19:45:47.429+0530] {dag.py:3239} INFO - Sync 1 DAGs
[2026-03-01T19:45:47.445+0530] {logging_mixin.py:190} INFO - [2026-03-01T19:45:47.445+0530] {dag.py:4180} INFO - Setting next_dagrun for example_branch_dop_operator_v3 to 2026-03-01 14:14:00+00:00, run_after=2026-03-01 14:15:00+00:00
[2026-03-01T19:45:47.468+0530] {processor.py:208} INFO - Processing /home/jenny/.local/lib/python3.13/site-packages/airflow/example_dags/example_branch_python_dop_operator_3.py took 0.065 seconds
[2026-03-01T19:47:04.860+0530] {processor.py:186} INFO - Started process (PID=258806) to work on /home/jenny/.local/lib/python3.13/site-packages/airflow/example_dags/example_branch_python_dop_operator_3.py
[2026-03-01T19:47:04.861+0530] {processor.py:914} INFO - Processing file /home/jenny/.local/lib/python3.13/site-packages/airflow/example_dags/example_branch_python_dop_operator_3.py for tasks to queue
[2026-03-01T19:47:04.863+0530] {logging_mixin.py:190} INFO - [2026-03-01T19:47:04.862+0530] {dagbag.py:588} INFO - Filling up the DagBag from /home/jenny/.local/lib/python3.13/site-packages/airflow/example_dags/example_branch_python_dop_operator_3.py
[2026-03-01T19:47:04.873+0530] {processor.py:925} INFO - DAG(s) 'example_branch_dop_operator_v3' retrieved from /home/jenny/.local/lib/python3.13/site-packages/airflow/example_dags/example_branch_python_dop_operator_3.py
[2026-03-01T19:47:04.884+0530] {logging_mixin.py:190} INFO - [2026-03-01T19:47:04.883+0530] {dag.py:3239} INFO - Sync 1 DAGs
[2026-03-01T19:47:04.899+0530] {logging_mixin.py:190} INFO - [2026-03-01T19:47:04.899+0530] {dag.py:4180} INFO - Setting next_dagrun for example_branch_dop_operator_v3 to 2026-03-01 14:16:00+00:00, run_after=2026-03-01 14:17:00+00:00
[2026-03-01T19:47:04.916+0530] {processor.py:208} INFO - Processing /home/jenny/.local/lib/python3.13/site-packages/airflow/example_dags/example_branch_python_dop_operator_3.py took 0.062 seconds
[2026-03-01T19:47:59.709+0530] {processor.py:186} INFO - Started process (PID=260102) to work on /home/jenny/.local/lib/python3.13/site-packages/airflow/example_dags/example_branch_python_dop_operator_3.py
[2026-03-01T19:47:59.722+0530] {processor.py:914} INFO - Processing file /home/jenny/.local/lib/python3.13/site-packages/airflow/example_dags/example_branch_python_dop_operator_3.py for tasks to queue
[2026-03-01T19:47:59.724+0530] {logging_mixin.py:190} INFO - [2026-03-01T19:47:59.724+0530] {dagbag.py:588} INFO - Filling up the DagBag from /home/jenny/.local/lib/python3.13/site-packages/airflow/example_dags/example_branch_python_dop_operator_3.py
[2026-03-01T19:47:59.733+0530] {processor.py:925} INFO - DAG(s) 'example_branch_dop_operator_v3' retrieved from /home/jenny/.local/lib/python3.13/site-packages/airflow/example_dags/example_branch_python_dop_operator_3.py
[2026-03-01T19:47:59.742+0530] {logging_mixin.py:190} INFO - [2026-03-01T19:47:59.742+0530] {dag.py:3239} INFO - Sync 1 DAGs
[2026-03-01T19:47:59.756+0530] {logging_mixin.py:190} INFO - [2026-03-01T19:47:59.756+0530] {dag.py:4180} INFO - Setting next_dagrun for example_branch_dop_operator_v3 to 2026-03-01 14:16:00+00:00, run_after=2026-03-01 14:17:00+00:00
[2026-03-01T19:48:00.024+0530] {processor.py:208} INFO - Processing /home/jenny/.local/lib/python3.13/site-packages/airflow/example_dags/example_branch_python_dop_operator_3.py took 0.319 seconds
