[2026-03-01T14:14:57.082+0530] {processor.py:186} INFO - Started process (PID=212882) to work on /home/jenny/.local/lib/python3.13/site-packages/airflow/example_dags/example_task_group.py
[2026-03-01T14:14:57.083+0530] {processor.py:914} INFO - Processing file /home/jenny/.local/lib/python3.13/site-packages/airflow/example_dags/example_task_group.py for tasks to queue
[2026-03-01T14:14:57.086+0530] {logging_mixin.py:190} INFO - [2026-03-01T14:14:57.086+0530] {dagbag.py:588} INFO - Filling up the DagBag from /home/jenny/.local/lib/python3.13/site-packages/airflow/example_dags/example_task_group.py
[2026-03-01T14:14:57.092+0530] {processor.py:925} INFO - DAG(s) 'example_task_group' retrieved from /home/jenny/.local/lib/python3.13/site-packages/airflow/example_dags/example_task_group.py
[2026-03-01T14:14:57.164+0530] {logging_mixin.py:190} INFO - [2026-03-01T14:14:57.163+0530] {override.py:1932} INFO - Created Permission View: can read on DAG:example_task_group
[2026-03-01T14:14:57.174+0530] {logging_mixin.py:190} INFO - [2026-03-01T14:14:57.174+0530] {override.py:1932} INFO - Created Permission View: can delete on DAG:example_task_group
[2026-03-01T14:14:57.185+0530] {logging_mixin.py:190} INFO - [2026-03-01T14:14:57.185+0530] {override.py:1932} INFO - Created Permission View: can edit on DAG:example_task_group
[2026-03-01T14:14:57.201+0530] {logging_mixin.py:190} INFO - [2026-03-01T14:14:57.200+0530] {override.py:1932} INFO - Created Permission View: can read on DAG Run:example_task_group
[2026-03-01T14:14:57.215+0530] {logging_mixin.py:190} INFO - [2026-03-01T14:14:57.215+0530] {override.py:1932} INFO - Created Permission View: menu access on DAG Run:example_task_group
[2026-03-01T14:14:57.226+0530] {logging_mixin.py:190} INFO - [2026-03-01T14:14:57.226+0530] {override.py:1932} INFO - Created Permission View: can create on DAG Run:example_task_group
[2026-03-01T14:14:57.236+0530] {logging_mixin.py:190} INFO - [2026-03-01T14:14:57.235+0530] {override.py:1932} INFO - Created Permission View: can delete on DAG Run:example_task_group
[2026-03-01T14:14:57.236+0530] {logging_mixin.py:190} INFO - [2026-03-01T14:14:57.236+0530] {dag.py:3239} INFO - Sync 1 DAGs
[2026-03-01T14:14:57.246+0530] {logging_mixin.py:190} INFO - [2026-03-01T14:14:57.245+0530] {dag.py:3262} INFO - Creating ORM DAG for example_task_group
[2026-03-01T14:14:57.246+0530] {logging_mixin.py:190} INFO - [2026-03-01T14:14:57.246+0530] {dag.py:4180} INFO - Setting next_dagrun for example_task_group to None, run_after=None
[2026-03-01T14:14:57.264+0530] {processor.py:208} INFO - Processing /home/jenny/.local/lib/python3.13/site-packages/airflow/example_dags/example_task_group.py took 0.185 seconds
[2026-03-01T14:16:00.144+0530] {processor.py:186} INFO - Started process (PID=213406) to work on /home/jenny/.local/lib/python3.13/site-packages/airflow/example_dags/example_task_group.py
[2026-03-01T14:16:00.145+0530] {processor.py:914} INFO - Processing file /home/jenny/.local/lib/python3.13/site-packages/airflow/example_dags/example_task_group.py for tasks to queue
[2026-03-01T14:16:00.148+0530] {logging_mixin.py:190} INFO - [2026-03-01T14:16:00.148+0530] {dagbag.py:588} INFO - Filling up the DagBag from /home/jenny/.local/lib/python3.13/site-packages/airflow/example_dags/example_task_group.py
[2026-03-01T14:16:00.156+0530] {processor.py:925} INFO - DAG(s) 'example_task_group' retrieved from /home/jenny/.local/lib/python3.13/site-packages/airflow/example_dags/example_task_group.py
[2026-03-01T14:16:00.168+0530] {logging_mixin.py:190} INFO - [2026-03-01T14:16:00.168+0530] {dag.py:3239} INFO - Sync 1 DAGs
[2026-03-01T14:16:00.178+0530] {logging_mixin.py:190} INFO - [2026-03-01T14:16:00.178+0530] {dag.py:4180} INFO - Setting next_dagrun for example_task_group to None, run_after=None
[2026-03-01T14:16:00.199+0530] {processor.py:208} INFO - Processing /home/jenny/.local/lib/python3.13/site-packages/airflow/example_dags/example_task_group.py took 0.060 seconds
[2026-03-01T14:16:55.870+0530] {processor.py:186} INFO - Started process (PID=214811) to work on /home/jenny/.local/lib/python3.13/site-packages/airflow/example_dags/example_task_group.py
[2026-03-01T14:16:55.871+0530] {processor.py:914} INFO - Processing file /home/jenny/.local/lib/python3.13/site-packages/airflow/example_dags/example_task_group.py for tasks to queue
[2026-03-01T14:16:55.875+0530] {logging_mixin.py:190} INFO - [2026-03-01T14:16:55.875+0530] {dagbag.py:588} INFO - Filling up the DagBag from /home/jenny/.local/lib/python3.13/site-packages/airflow/example_dags/example_task_group.py
[2026-03-01T14:16:55.882+0530] {processor.py:925} INFO - DAG(s) 'example_task_group' retrieved from /home/jenny/.local/lib/python3.13/site-packages/airflow/example_dags/example_task_group.py
[2026-03-01T14:16:55.891+0530] {logging_mixin.py:190} INFO - [2026-03-01T14:16:55.891+0530] {dag.py:3239} INFO - Sync 1 DAGs
[2026-03-01T14:16:55.899+0530] {logging_mixin.py:190} INFO - [2026-03-01T14:16:55.898+0530] {dag.py:4180} INFO - Setting next_dagrun for example_task_group to None, run_after=None
[2026-03-01T14:16:55.917+0530] {processor.py:208} INFO - Processing /home/jenny/.local/lib/python3.13/site-packages/airflow/example_dags/example_task_group.py took 0.054 seconds
[2026-03-01T14:18:14.884+0530] {processor.py:186} INFO - Started process (PID=215605) to work on /home/jenny/.local/lib/python3.13/site-packages/airflow/example_dags/example_task_group.py
[2026-03-01T14:18:14.885+0530] {processor.py:914} INFO - Processing file /home/jenny/.local/lib/python3.13/site-packages/airflow/example_dags/example_task_group.py for tasks to queue
[2026-03-01T14:18:14.890+0530] {logging_mixin.py:190} INFO - [2026-03-01T14:18:14.889+0530] {dagbag.py:588} INFO - Filling up the DagBag from /home/jenny/.local/lib/python3.13/site-packages/airflow/example_dags/example_task_group.py
[2026-03-01T14:18:14.896+0530] {processor.py:925} INFO - DAG(s) 'example_task_group' retrieved from /home/jenny/.local/lib/python3.13/site-packages/airflow/example_dags/example_task_group.py
[2026-03-01T14:18:14.965+0530] {logging_mixin.py:190} INFO - [2026-03-01T14:18:14.965+0530] {dag.py:3239} INFO - Sync 1 DAGs
[2026-03-01T14:18:14.972+0530] {logging_mixin.py:190} INFO - [2026-03-01T14:18:14.972+0530] {dag.py:4180} INFO - Setting next_dagrun for example_task_group to None, run_after=None
[2026-03-01T14:18:14.991+0530] {processor.py:208} INFO - Processing /home/jenny/.local/lib/python3.13/site-packages/airflow/example_dags/example_task_group.py took 0.113 seconds
[2026-03-01T14:19:14.449+0530] {processor.py:186} INFO - Started process (PID=216356) to work on /home/jenny/.local/lib/python3.13/site-packages/airflow/example_dags/example_task_group.py
[2026-03-01T14:19:14.450+0530] {processor.py:914} INFO - Processing file /home/jenny/.local/lib/python3.13/site-packages/airflow/example_dags/example_task_group.py for tasks to queue
[2026-03-01T14:19:14.453+0530] {logging_mixin.py:190} INFO - [2026-03-01T14:19:14.453+0530] {dagbag.py:588} INFO - Filling up the DagBag from /home/jenny/.local/lib/python3.13/site-packages/airflow/example_dags/example_task_group.py
[2026-03-01T14:19:14.461+0530] {processor.py:925} INFO - DAG(s) 'example_task_group' retrieved from /home/jenny/.local/lib/python3.13/site-packages/airflow/example_dags/example_task_group.py
[2026-03-01T14:19:14.470+0530] {logging_mixin.py:190} INFO - [2026-03-01T14:19:14.469+0530] {dag.py:3239} INFO - Sync 1 DAGs
[2026-03-01T14:19:14.477+0530] {logging_mixin.py:190} INFO - [2026-03-01T14:19:14.477+0530] {dag.py:4180} INFO - Setting next_dagrun for example_task_group to None, run_after=None
[2026-03-01T14:19:14.492+0530] {processor.py:208} INFO - Processing /home/jenny/.local/lib/python3.13/site-packages/airflow/example_dags/example_task_group.py took 0.047 seconds
[2026-03-01T14:20:14.682+0530] {processor.py:186} INFO - Started process (PID=216669) to work on /home/jenny/.local/lib/python3.13/site-packages/airflow/example_dags/example_task_group.py
[2026-03-01T14:20:14.683+0530] {processor.py:914} INFO - Processing file /home/jenny/.local/lib/python3.13/site-packages/airflow/example_dags/example_task_group.py for tasks to queue
[2026-03-01T14:20:14.686+0530] {logging_mixin.py:190} INFO - [2026-03-01T14:20:14.685+0530] {dagbag.py:588} INFO - Filling up the DagBag from /home/jenny/.local/lib/python3.13/site-packages/airflow/example_dags/example_task_group.py
[2026-03-01T14:20:14.692+0530] {processor.py:925} INFO - DAG(s) 'example_task_group' retrieved from /home/jenny/.local/lib/python3.13/site-packages/airflow/example_dags/example_task_group.py
[2026-03-01T14:20:14.702+0530] {logging_mixin.py:190} INFO - [2026-03-01T14:20:14.702+0530] {dag.py:3239} INFO - Sync 1 DAGs
[2026-03-01T14:20:14.710+0530] {logging_mixin.py:190} INFO - [2026-03-01T14:20:14.710+0530] {dag.py:4180} INFO - Setting next_dagrun for example_task_group to None, run_after=None
[2026-03-01T14:20:14.729+0530] {processor.py:208} INFO - Processing /home/jenny/.local/lib/python3.13/site-packages/airflow/example_dags/example_task_group.py took 0.050 seconds
[2026-03-01T14:21:11.416+0530] {processor.py:186} INFO - Started process (PID=216822) to work on /home/jenny/.local/lib/python3.13/site-packages/airflow/example_dags/example_task_group.py
[2026-03-01T14:21:11.417+0530] {processor.py:914} INFO - Processing file /home/jenny/.local/lib/python3.13/site-packages/airflow/example_dags/example_task_group.py for tasks to queue
[2026-03-01T14:21:11.420+0530] {logging_mixin.py:190} INFO - [2026-03-01T14:21:11.420+0530] {dagbag.py:588} INFO - Filling up the DagBag from /home/jenny/.local/lib/python3.13/site-packages/airflow/example_dags/example_task_group.py
[2026-03-01T14:21:11.427+0530] {processor.py:925} INFO - DAG(s) 'example_task_group' retrieved from /home/jenny/.local/lib/python3.13/site-packages/airflow/example_dags/example_task_group.py
[2026-03-01T14:21:11.436+0530] {logging_mixin.py:190} INFO - [2026-03-01T14:21:11.436+0530] {dag.py:3239} INFO - Sync 1 DAGs
[2026-03-01T14:21:11.446+0530] {logging_mixin.py:190} INFO - [2026-03-01T14:21:11.446+0530] {dag.py:4180} INFO - Setting next_dagrun for example_task_group to None, run_after=None
[2026-03-01T14:21:11.463+0530] {processor.py:208} INFO - Processing /home/jenny/.local/lib/python3.13/site-packages/airflow/example_dags/example_task_group.py took 0.051 seconds
[2026-03-01T14:22:07.035+0530] {processor.py:186} INFO - Started process (PID=217362) to work on /home/jenny/.local/lib/python3.13/site-packages/airflow/example_dags/example_task_group.py
[2026-03-01T14:22:07.036+0530] {processor.py:914} INFO - Processing file /home/jenny/.local/lib/python3.13/site-packages/airflow/example_dags/example_task_group.py for tasks to queue
[2026-03-01T14:22:07.039+0530] {logging_mixin.py:190} INFO - [2026-03-01T14:22:07.038+0530] {dagbag.py:588} INFO - Filling up the DagBag from /home/jenny/.local/lib/python3.13/site-packages/airflow/example_dags/example_task_group.py
[2026-03-01T14:22:07.051+0530] {processor.py:925} INFO - DAG(s) 'example_task_group' retrieved from /home/jenny/.local/lib/python3.13/site-packages/airflow/example_dags/example_task_group.py
[2026-03-01T14:22:07.060+0530] {logging_mixin.py:190} INFO - [2026-03-01T14:22:07.060+0530] {dag.py:3239} INFO - Sync 1 DAGs
[2026-03-01T14:22:07.067+0530] {logging_mixin.py:190} INFO - [2026-03-01T14:22:07.067+0530] {dag.py:4180} INFO - Setting next_dagrun for example_task_group to None, run_after=None
[2026-03-01T14:22:07.085+0530] {processor.py:208} INFO - Processing /home/jenny/.local/lib/python3.13/site-packages/airflow/example_dags/example_task_group.py took 0.056 seconds
[2026-03-01T14:23:01.129+0530] {processor.py:186} INFO - Started process (PID=219147) to work on /home/jenny/.local/lib/python3.13/site-packages/airflow/example_dags/example_task_group.py
[2026-03-01T14:23:01.130+0530] {processor.py:914} INFO - Processing file /home/jenny/.local/lib/python3.13/site-packages/airflow/example_dags/example_task_group.py for tasks to queue
[2026-03-01T14:23:01.133+0530] {logging_mixin.py:190} INFO - [2026-03-01T14:23:01.132+0530] {dagbag.py:588} INFO - Filling up the DagBag from /home/jenny/.local/lib/python3.13/site-packages/airflow/example_dags/example_task_group.py
[2026-03-01T14:23:01.144+0530] {processor.py:925} INFO - DAG(s) 'example_task_group' retrieved from /home/jenny/.local/lib/python3.13/site-packages/airflow/example_dags/example_task_group.py
[2026-03-01T14:23:01.164+0530] {logging_mixin.py:190} INFO - [2026-03-01T14:23:01.163+0530] {dag.py:3239} INFO - Sync 1 DAGs
[2026-03-01T14:23:01.174+0530] {logging_mixin.py:190} INFO - [2026-03-01T14:23:01.174+0530] {dag.py:4180} INFO - Setting next_dagrun for example_task_group to None, run_after=None
[2026-03-01T14:23:01.213+0530] {processor.py:208} INFO - Processing /home/jenny/.local/lib/python3.13/site-packages/airflow/example_dags/example_task_group.py took 0.089 seconds
[2026-03-01T14:23:56.596+0530] {processor.py:186} INFO - Started process (PID=220030) to work on /home/jenny/.local/lib/python3.13/site-packages/airflow/example_dags/example_task_group.py
[2026-03-01T14:23:56.597+0530] {processor.py:914} INFO - Processing file /home/jenny/.local/lib/python3.13/site-packages/airflow/example_dags/example_task_group.py for tasks to queue
[2026-03-01T14:23:56.600+0530] {logging_mixin.py:190} INFO - [2026-03-01T14:23:56.599+0530] {dagbag.py:588} INFO - Filling up the DagBag from /home/jenny/.local/lib/python3.13/site-packages/airflow/example_dags/example_task_group.py
[2026-03-01T14:23:56.607+0530] {processor.py:925} INFO - DAG(s) 'example_task_group' retrieved from /home/jenny/.local/lib/python3.13/site-packages/airflow/example_dags/example_task_group.py
[2026-03-01T14:23:56.616+0530] {logging_mixin.py:190} INFO - [2026-03-01T14:23:56.616+0530] {dag.py:3239} INFO - Sync 1 DAGs
[2026-03-01T14:23:56.624+0530] {logging_mixin.py:190} INFO - [2026-03-01T14:23:56.624+0530] {dag.py:4180} INFO - Setting next_dagrun for example_task_group to None, run_after=None
[2026-03-01T14:23:56.641+0530] {processor.py:208} INFO - Processing /home/jenny/.local/lib/python3.13/site-packages/airflow/example_dags/example_task_group.py took 0.051 seconds
[2026-03-01T14:25:00.012+0530] {processor.py:186} INFO - Started process (PID=221108) to work on /home/jenny/.local/lib/python3.13/site-packages/airflow/example_dags/example_task_group.py
[2026-03-01T14:25:00.013+0530] {processor.py:914} INFO - Processing file /home/jenny/.local/lib/python3.13/site-packages/airflow/example_dags/example_task_group.py for tasks to queue
[2026-03-01T14:25:00.014+0530] {logging_mixin.py:190} INFO - [2026-03-01T14:25:00.014+0530] {dagbag.py:588} INFO - Filling up the DagBag from /home/jenny/.local/lib/python3.13/site-packages/airflow/example_dags/example_task_group.py
[2026-03-01T14:25:00.020+0530] {processor.py:925} INFO - DAG(s) 'example_task_group' retrieved from /home/jenny/.local/lib/python3.13/site-packages/airflow/example_dags/example_task_group.py
[2026-03-01T14:25:00.030+0530] {logging_mixin.py:190} INFO - [2026-03-01T14:25:00.030+0530] {dag.py:3239} INFO - Sync 1 DAGs
[2026-03-01T14:25:00.038+0530] {logging_mixin.py:190} INFO - [2026-03-01T14:25:00.038+0530] {dag.py:4180} INFO - Setting next_dagrun for example_task_group to None, run_after=None
[2026-03-01T14:25:00.053+0530] {processor.py:208} INFO - Processing /home/jenny/.local/lib/python3.13/site-packages/airflow/example_dags/example_task_group.py took 0.045 seconds
[2026-03-01T14:26:14.740+0530] {processor.py:186} INFO - Started process (PID=225569) to work on /home/jenny/.local/lib/python3.13/site-packages/airflow/example_dags/example_task_group.py
[2026-03-01T14:26:14.742+0530] {processor.py:914} INFO - Processing file /home/jenny/.local/lib/python3.13/site-packages/airflow/example_dags/example_task_group.py for tasks to queue
[2026-03-01T14:26:14.744+0530] {logging_mixin.py:190} INFO - [2026-03-01T14:26:14.744+0530] {dagbag.py:588} INFO - Filling up the DagBag from /home/jenny/.local/lib/python3.13/site-packages/airflow/example_dags/example_task_group.py
[2026-03-01T14:26:14.754+0530] {processor.py:925} INFO - DAG(s) 'example_task_group' retrieved from /home/jenny/.local/lib/python3.13/site-packages/airflow/example_dags/example_task_group.py
[2026-03-01T14:26:14.763+0530] {logging_mixin.py:190} INFO - [2026-03-01T14:26:14.763+0530] {dag.py:3239} INFO - Sync 1 DAGs
[2026-03-01T14:26:14.771+0530] {logging_mixin.py:190} INFO - [2026-03-01T14:26:14.770+0530] {dag.py:4180} INFO - Setting next_dagrun for example_task_group to None, run_after=None
[2026-03-01T14:26:14.785+0530] {processor.py:208} INFO - Processing /home/jenny/.local/lib/python3.13/site-packages/airflow/example_dags/example_task_group.py took 0.052 seconds
