[2026-03-01T14:15:08.277+0530] {processor.py:186} INFO - Started process (PID=212946) to work on /home/jenny/.local/lib/python3.13/site-packages/airflow/example_dags/example_python_decorator.py
[2026-03-01T14:15:08.278+0530] {processor.py:914} INFO - Processing file /home/jenny/.local/lib/python3.13/site-packages/airflow/example_dags/example_python_decorator.py for tasks to queue
[2026-03-01T14:15:08.280+0530] {logging_mixin.py:190} INFO - [2026-03-01T14:15:08.280+0530] {dagbag.py:588} INFO - Filling up the DagBag from /home/jenny/.local/lib/python3.13/site-packages/airflow/example_dags/example_python_decorator.py
[2026-03-01T14:15:08.288+0530] {logging_mixin.py:190} INFO - [2026-03-01T14:15:08.287+0530] {example_python_decorator.py:80} WARNING - The virtalenv_python example task requires virtualenv, please install it.
[2026-03-01T14:15:08.290+0530] {processor.py:925} INFO - DAG(s) 'example_python_decorator' retrieved from /home/jenny/.local/lib/python3.13/site-packages/airflow/example_dags/example_python_decorator.py
[2026-03-01T14:15:08.370+0530] {logging_mixin.py:190} INFO - [2026-03-01T14:15:08.369+0530] {override.py:1932} INFO - Created Permission View: can read on DAG:example_python_decorator
[2026-03-01T14:15:08.380+0530] {logging_mixin.py:190} INFO - [2026-03-01T14:15:08.379+0530] {override.py:1932} INFO - Created Permission View: can delete on DAG:example_python_decorator
[2026-03-01T14:15:08.388+0530] {logging_mixin.py:190} INFO - [2026-03-01T14:15:08.388+0530] {override.py:1932} INFO - Created Permission View: can edit on DAG:example_python_decorator
[2026-03-01T14:15:08.404+0530] {logging_mixin.py:190} INFO - [2026-03-01T14:15:08.403+0530] {override.py:1932} INFO - Created Permission View: can read on DAG Run:example_python_decorator
[2026-03-01T14:15:08.413+0530] {logging_mixin.py:190} INFO - [2026-03-01T14:15:08.412+0530] {override.py:1932} INFO - Created Permission View: menu access on DAG Run:example_python_decorator
[2026-03-01T14:15:08.424+0530] {logging_mixin.py:190} INFO - [2026-03-01T14:15:08.423+0530] {override.py:1932} INFO - Created Permission View: can create on DAG Run:example_python_decorator
[2026-03-01T14:15:08.437+0530] {logging_mixin.py:190} INFO - [2026-03-01T14:15:08.437+0530] {override.py:1932} INFO - Created Permission View: can delete on DAG Run:example_python_decorator
[2026-03-01T14:15:08.438+0530] {logging_mixin.py:190} INFO - [2026-03-01T14:15:08.438+0530] {dag.py:3239} INFO - Sync 1 DAGs
[2026-03-01T14:15:08.449+0530] {logging_mixin.py:190} INFO - [2026-03-01T14:15:08.449+0530] {dag.py:3262} INFO - Creating ORM DAG for example_python_decorator
[2026-03-01T14:15:08.450+0530] {logging_mixin.py:190} INFO - [2026-03-01T14:15:08.450+0530] {dag.py:4180} INFO - Setting next_dagrun for example_python_decorator to None, run_after=None
[2026-03-01T14:15:08.464+0530] {processor.py:208} INFO - Processing /home/jenny/.local/lib/python3.13/site-packages/airflow/example_dags/example_python_decorator.py took 0.191 seconds
[2026-03-01T14:16:10.296+0530] {processor.py:186} INFO - Started process (PID=213433) to work on /home/jenny/.local/lib/python3.13/site-packages/airflow/example_dags/example_python_decorator.py
[2026-03-01T14:16:10.297+0530] {processor.py:914} INFO - Processing file /home/jenny/.local/lib/python3.13/site-packages/airflow/example_dags/example_python_decorator.py for tasks to queue
[2026-03-01T14:16:10.299+0530] {logging_mixin.py:190} INFO - [2026-03-01T14:16:10.299+0530] {dagbag.py:588} INFO - Filling up the DagBag from /home/jenny/.local/lib/python3.13/site-packages/airflow/example_dags/example_python_decorator.py
[2026-03-01T14:16:10.307+0530] {logging_mixin.py:190} INFO - [2026-03-01T14:16:10.306+0530] {example_python_decorator.py:80} WARNING - The virtalenv_python example task requires virtualenv, please install it.
[2026-03-01T14:16:10.308+0530] {processor.py:925} INFO - DAG(s) 'example_python_decorator' retrieved from /home/jenny/.local/lib/python3.13/site-packages/airflow/example_dags/example_python_decorator.py
[2026-03-01T14:16:10.317+0530] {logging_mixin.py:190} INFO - [2026-03-01T14:16:10.317+0530] {dag.py:3239} INFO - Sync 1 DAGs
[2026-03-01T14:16:10.325+0530] {logging_mixin.py:190} INFO - [2026-03-01T14:16:10.324+0530] {dag.py:4180} INFO - Setting next_dagrun for example_python_decorator to None, run_after=None
[2026-03-01T14:16:10.339+0530] {processor.py:208} INFO - Processing /home/jenny/.local/lib/python3.13/site-packages/airflow/example_dags/example_python_decorator.py took 0.048 seconds
[2026-03-01T14:17:09.612+0530] {processor.py:186} INFO - Started process (PID=214988) to work on /home/jenny/.local/lib/python3.13/site-packages/airflow/example_dags/example_python_decorator.py
[2026-03-01T14:17:09.613+0530] {processor.py:914} INFO - Processing file /home/jenny/.local/lib/python3.13/site-packages/airflow/example_dags/example_python_decorator.py for tasks to queue
[2026-03-01T14:17:09.617+0530] {logging_mixin.py:190} INFO - [2026-03-01T14:17:09.616+0530] {dagbag.py:588} INFO - Filling up the DagBag from /home/jenny/.local/lib/python3.13/site-packages/airflow/example_dags/example_python_decorator.py
[2026-03-01T14:17:09.624+0530] {logging_mixin.py:190} INFO - [2026-03-01T14:17:09.623+0530] {example_python_decorator.py:80} WARNING - The virtalenv_python example task requires virtualenv, please install it.
[2026-03-01T14:17:09.625+0530] {processor.py:925} INFO - DAG(s) 'example_python_decorator' retrieved from /home/jenny/.local/lib/python3.13/site-packages/airflow/example_dags/example_python_decorator.py
[2026-03-01T14:17:09.634+0530] {logging_mixin.py:190} INFO - [2026-03-01T14:17:09.634+0530] {dag.py:3239} INFO - Sync 1 DAGs
[2026-03-01T14:17:09.644+0530] {logging_mixin.py:190} INFO - [2026-03-01T14:17:09.644+0530] {dag.py:4180} INFO - Setting next_dagrun for example_python_decorator to None, run_after=None
[2026-03-01T14:17:09.659+0530] {processor.py:208} INFO - Processing /home/jenny/.local/lib/python3.13/site-packages/airflow/example_dags/example_python_decorator.py took 0.053 seconds
[2026-03-01T14:18:26.652+0530] {processor.py:186} INFO - Started process (PID=215617) to work on /home/jenny/.local/lib/python3.13/site-packages/airflow/example_dags/example_python_decorator.py
[2026-03-01T14:18:26.653+0530] {processor.py:914} INFO - Processing file /home/jenny/.local/lib/python3.13/site-packages/airflow/example_dags/example_python_decorator.py for tasks to queue
[2026-03-01T14:18:26.657+0530] {logging_mixin.py:190} INFO - [2026-03-01T14:18:26.656+0530] {dagbag.py:588} INFO - Filling up the DagBag from /home/jenny/.local/lib/python3.13/site-packages/airflow/example_dags/example_python_decorator.py
[2026-03-01T14:18:26.664+0530] {logging_mixin.py:190} INFO - [2026-03-01T14:18:26.664+0530] {example_python_decorator.py:80} WARNING - The virtalenv_python example task requires virtualenv, please install it.
[2026-03-01T14:18:26.666+0530] {processor.py:925} INFO - DAG(s) 'example_python_decorator' retrieved from /home/jenny/.local/lib/python3.13/site-packages/airflow/example_dags/example_python_decorator.py
[2026-03-01T14:18:26.742+0530] {logging_mixin.py:190} INFO - [2026-03-01T14:18:26.742+0530] {dag.py:3239} INFO - Sync 1 DAGs
[2026-03-01T14:18:26.749+0530] {logging_mixin.py:190} INFO - [2026-03-01T14:18:26.749+0530] {dag.py:4180} INFO - Setting next_dagrun for example_python_decorator to None, run_after=None
[2026-03-01T14:18:26.765+0530] {processor.py:208} INFO - Processing /home/jenny/.local/lib/python3.13/site-packages/airflow/example_dags/example_python_decorator.py took 0.119 seconds
[2026-03-01T14:19:24.777+0530] {processor.py:186} INFO - Started process (PID=216436) to work on /home/jenny/.local/lib/python3.13/site-packages/airflow/example_dags/example_python_decorator.py
[2026-03-01T14:19:24.778+0530] {processor.py:914} INFO - Processing file /home/jenny/.local/lib/python3.13/site-packages/airflow/example_dags/example_python_decorator.py for tasks to queue
[2026-03-01T14:19:24.781+0530] {logging_mixin.py:190} INFO - [2026-03-01T14:19:24.781+0530] {dagbag.py:588} INFO - Filling up the DagBag from /home/jenny/.local/lib/python3.13/site-packages/airflow/example_dags/example_python_decorator.py
[2026-03-01T14:19:24.789+0530] {logging_mixin.py:190} INFO - [2026-03-01T14:19:24.789+0530] {example_python_decorator.py:80} WARNING - The virtalenv_python example task requires virtualenv, please install it.
[2026-03-01T14:19:24.790+0530] {processor.py:925} INFO - DAG(s) 'example_python_decorator' retrieved from /home/jenny/.local/lib/python3.13/site-packages/airflow/example_dags/example_python_decorator.py
[2026-03-01T14:19:24.799+0530] {logging_mixin.py:190} INFO - [2026-03-01T14:19:24.799+0530] {dag.py:3239} INFO - Sync 1 DAGs
[2026-03-01T14:19:24.806+0530] {logging_mixin.py:190} INFO - [2026-03-01T14:19:24.806+0530] {dag.py:4180} INFO - Setting next_dagrun for example_python_decorator to None, run_after=None
[2026-03-01T14:19:24.821+0530] {processor.py:208} INFO - Processing /home/jenny/.local/lib/python3.13/site-packages/airflow/example_dags/example_python_decorator.py took 0.047 seconds
[2026-03-01T14:20:25.029+0530] {processor.py:186} INFO - Started process (PID=216692) to work on /home/jenny/.local/lib/python3.13/site-packages/airflow/example_dags/example_python_decorator.py
[2026-03-01T14:20:25.030+0530] {processor.py:914} INFO - Processing file /home/jenny/.local/lib/python3.13/site-packages/airflow/example_dags/example_python_decorator.py for tasks to queue
[2026-03-01T14:20:25.032+0530] {logging_mixin.py:190} INFO - [2026-03-01T14:20:25.032+0530] {dagbag.py:588} INFO - Filling up the DagBag from /home/jenny/.local/lib/python3.13/site-packages/airflow/example_dags/example_python_decorator.py
[2026-03-01T14:20:25.040+0530] {logging_mixin.py:190} INFO - [2026-03-01T14:20:25.040+0530] {example_python_decorator.py:80} WARNING - The virtalenv_python example task requires virtualenv, please install it.
[2026-03-01T14:20:25.041+0530] {processor.py:925} INFO - DAG(s) 'example_python_decorator' retrieved from /home/jenny/.local/lib/python3.13/site-packages/airflow/example_dags/example_python_decorator.py
[2026-03-01T14:20:25.051+0530] {logging_mixin.py:190} INFO - [2026-03-01T14:20:25.051+0530] {dag.py:3239} INFO - Sync 1 DAGs
[2026-03-01T14:20:25.061+0530] {logging_mixin.py:190} INFO - [2026-03-01T14:20:25.061+0530] {dag.py:4180} INFO - Setting next_dagrun for example_python_decorator to None, run_after=None
[2026-03-01T14:20:25.078+0530] {processor.py:208} INFO - Processing /home/jenny/.local/lib/python3.13/site-packages/airflow/example_dags/example_python_decorator.py took 0.054 seconds
[2026-03-01T14:21:22.924+0530] {processor.py:186} INFO - Started process (PID=216860) to work on /home/jenny/.local/lib/python3.13/site-packages/airflow/example_dags/example_python_decorator.py
[2026-03-01T14:21:22.925+0530] {processor.py:914} INFO - Processing file /home/jenny/.local/lib/python3.13/site-packages/airflow/example_dags/example_python_decorator.py for tasks to queue
[2026-03-01T14:21:22.927+0530] {logging_mixin.py:190} INFO - [2026-03-01T14:21:22.927+0530] {dagbag.py:588} INFO - Filling up the DagBag from /home/jenny/.local/lib/python3.13/site-packages/airflow/example_dags/example_python_decorator.py
[2026-03-01T14:21:22.932+0530] {logging_mixin.py:190} INFO - [2026-03-01T14:21:22.932+0530] {example_python_decorator.py:80} WARNING - The virtalenv_python example task requires virtualenv, please install it.
[2026-03-01T14:21:22.934+0530] {processor.py:925} INFO - DAG(s) 'example_python_decorator' retrieved from /home/jenny/.local/lib/python3.13/site-packages/airflow/example_dags/example_python_decorator.py
[2026-03-01T14:21:22.947+0530] {logging_mixin.py:190} INFO - [2026-03-01T14:21:22.946+0530] {dag.py:3239} INFO - Sync 1 DAGs
[2026-03-01T14:21:22.954+0530] {logging_mixin.py:190} INFO - [2026-03-01T14:21:22.954+0530] {dag.py:4180} INFO - Setting next_dagrun for example_python_decorator to None, run_after=None
[2026-03-01T14:21:22.971+0530] {processor.py:208} INFO - Processing /home/jenny/.local/lib/python3.13/site-packages/airflow/example_dags/example_python_decorator.py took 0.051 seconds
[2026-03-01T14:22:20.544+0530] {processor.py:186} INFO - Started process (PID=217818) to work on /home/jenny/.local/lib/python3.13/site-packages/airflow/example_dags/example_python_decorator.py
[2026-03-01T14:22:20.545+0530] {processor.py:914} INFO - Processing file /home/jenny/.local/lib/python3.13/site-packages/airflow/example_dags/example_python_decorator.py for tasks to queue
[2026-03-01T14:22:20.554+0530] {logging_mixin.py:190} INFO - [2026-03-01T14:22:20.553+0530] {dagbag.py:588} INFO - Filling up the DagBag from /home/jenny/.local/lib/python3.13/site-packages/airflow/example_dags/example_python_decorator.py
[2026-03-01T14:22:20.558+0530] {logging_mixin.py:190} INFO - [2026-03-01T14:22:20.558+0530] {example_python_decorator.py:80} WARNING - The virtalenv_python example task requires virtualenv, please install it.
[2026-03-01T14:22:20.560+0530] {processor.py:925} INFO - DAG(s) 'example_python_decorator' retrieved from /home/jenny/.local/lib/python3.13/site-packages/airflow/example_dags/example_python_decorator.py
[2026-03-01T14:22:20.568+0530] {logging_mixin.py:190} INFO - [2026-03-01T14:22:20.568+0530] {dag.py:3239} INFO - Sync 1 DAGs
[2026-03-01T14:22:20.575+0530] {logging_mixin.py:190} INFO - [2026-03-01T14:22:20.575+0530] {dag.py:4180} INFO - Setting next_dagrun for example_python_decorator to None, run_after=None
[2026-03-01T14:22:20.595+0530] {processor.py:208} INFO - Processing /home/jenny/.local/lib/python3.13/site-packages/airflow/example_dags/example_python_decorator.py took 0.056 seconds
[2026-03-01T14:23:17.939+0530] {processor.py:186} INFO - Started process (PID=219398) to work on /home/jenny/.local/lib/python3.13/site-packages/airflow/example_dags/example_python_decorator.py
[2026-03-01T14:23:17.940+0530] {processor.py:914} INFO - Processing file /home/jenny/.local/lib/python3.13/site-packages/airflow/example_dags/example_python_decorator.py for tasks to queue
[2026-03-01T14:23:17.945+0530] {logging_mixin.py:190} INFO - [2026-03-01T14:23:17.944+0530] {dagbag.py:588} INFO - Filling up the DagBag from /home/jenny/.local/lib/python3.13/site-packages/airflow/example_dags/example_python_decorator.py
[2026-03-01T14:23:17.951+0530] {logging_mixin.py:190} INFO - [2026-03-01T14:23:17.951+0530] {example_python_decorator.py:80} WARNING - The virtalenv_python example task requires virtualenv, please install it.
[2026-03-01T14:23:17.953+0530] {processor.py:925} INFO - DAG(s) 'example_python_decorator' retrieved from /home/jenny/.local/lib/python3.13/site-packages/airflow/example_dags/example_python_decorator.py
[2026-03-01T14:23:17.961+0530] {logging_mixin.py:190} INFO - [2026-03-01T14:23:17.961+0530] {dag.py:3239} INFO - Sync 1 DAGs
[2026-03-01T14:23:17.968+0530] {logging_mixin.py:190} INFO - [2026-03-01T14:23:17.968+0530] {dag.py:4180} INFO - Setting next_dagrun for example_python_decorator to None, run_after=None
[2026-03-01T14:23:18.007+0530] {processor.py:208} INFO - Processing /home/jenny/.local/lib/python3.13/site-packages/airflow/example_dags/example_python_decorator.py took 0.073 seconds
[2026-03-01T14:24:16.844+0530] {processor.py:186} INFO - Started process (PID=220239) to work on /home/jenny/.local/lib/python3.13/site-packages/airflow/example_dags/example_python_decorator.py
[2026-03-01T14:24:16.846+0530] {processor.py:914} INFO - Processing file /home/jenny/.local/lib/python3.13/site-packages/airflow/example_dags/example_python_decorator.py for tasks to queue
[2026-03-01T14:24:16.848+0530] {logging_mixin.py:190} INFO - [2026-03-01T14:24:16.848+0530] {dagbag.py:588} INFO - Filling up the DagBag from /home/jenny/.local/lib/python3.13/site-packages/airflow/example_dags/example_python_decorator.py
[2026-03-01T14:24:16.856+0530] {logging_mixin.py:190} INFO - [2026-03-01T14:24:16.856+0530] {example_python_decorator.py:80} WARNING - The virtalenv_python example task requires virtualenv, please install it.
[2026-03-01T14:24:16.857+0530] {processor.py:925} INFO - DAG(s) 'example_python_decorator' retrieved from /home/jenny/.local/lib/python3.13/site-packages/airflow/example_dags/example_python_decorator.py
[2026-03-01T14:24:16.866+0530] {logging_mixin.py:190} INFO - [2026-03-01T14:24:16.866+0530] {dag.py:3239} INFO - Sync 1 DAGs
[2026-03-01T14:24:16.873+0530] {logging_mixin.py:190} INFO - [2026-03-01T14:24:16.873+0530] {dag.py:4180} INFO - Setting next_dagrun for example_python_decorator to None, run_after=None
[2026-03-01T14:24:16.888+0530] {processor.py:208} INFO - Processing /home/jenny/.local/lib/python3.13/site-packages/airflow/example_dags/example_python_decorator.py took 0.050 seconds
[2026-03-01T14:25:37.524+0530] {processor.py:186} INFO - Started process (PID=225396) to work on /home/jenny/.local/lib/python3.13/site-packages/airflow/example_dags/example_python_decorator.py
[2026-03-01T14:25:37.525+0530] {processor.py:914} INFO - Processing file /home/jenny/.local/lib/python3.13/site-packages/airflow/example_dags/example_python_decorator.py for tasks to queue
[2026-03-01T14:25:37.527+0530] {logging_mixin.py:190} INFO - [2026-03-01T14:25:37.527+0530] {dagbag.py:588} INFO - Filling up the DagBag from /home/jenny/.local/lib/python3.13/site-packages/airflow/example_dags/example_python_decorator.py
[2026-03-01T14:25:37.536+0530] {logging_mixin.py:190} INFO - [2026-03-01T14:25:37.535+0530] {example_python_decorator.py:80} WARNING - The virtalenv_python example task requires virtualenv, please install it.
[2026-03-01T14:25:37.538+0530] {processor.py:925} INFO - DAG(s) 'example_python_decorator' retrieved from /home/jenny/.local/lib/python3.13/site-packages/airflow/example_dags/example_python_decorator.py
[2026-03-01T14:25:37.554+0530] {logging_mixin.py:190} INFO - [2026-03-01T14:25:37.554+0530] {dag.py:3239} INFO - Sync 1 DAGs
[2026-03-01T14:25:37.565+0530] {logging_mixin.py:190} INFO - [2026-03-01T14:25:37.564+0530] {dag.py:4180} INFO - Setting next_dagrun for example_python_decorator to None, run_after=None
[2026-03-01T14:25:37.581+0530] {processor.py:208} INFO - Processing /home/jenny/.local/lib/python3.13/site-packages/airflow/example_dags/example_python_decorator.py took 0.061 seconds
[2026-03-01T14:26:33.097+0530] {processor.py:186} INFO - Started process (PID=225799) to work on /home/jenny/.local/lib/python3.13/site-packages/airflow/example_dags/example_python_decorator.py
[2026-03-01T14:26:33.098+0530] {processor.py:914} INFO - Processing file /home/jenny/.local/lib/python3.13/site-packages/airflow/example_dags/example_python_decorator.py for tasks to queue
[2026-03-01T14:26:33.100+0530] {logging_mixin.py:190} INFO - [2026-03-01T14:26:33.100+0530] {dagbag.py:588} INFO - Filling up the DagBag from /home/jenny/.local/lib/python3.13/site-packages/airflow/example_dags/example_python_decorator.py
[2026-03-01T14:26:33.108+0530] {logging_mixin.py:190} INFO - [2026-03-01T14:26:33.108+0530] {example_python_decorator.py:80} WARNING - The virtalenv_python example task requires virtualenv, please install it.
[2026-03-01T14:26:33.110+0530] {processor.py:925} INFO - DAG(s) 'example_python_decorator' retrieved from /home/jenny/.local/lib/python3.13/site-packages/airflow/example_dags/example_python_decorator.py
[2026-03-01T14:26:33.120+0530] {logging_mixin.py:190} INFO - [2026-03-01T14:26:33.120+0530] {dag.py:3239} INFO - Sync 1 DAGs
[2026-03-01T14:26:33.128+0530] {logging_mixin.py:190} INFO - [2026-03-01T14:26:33.128+0530] {dag.py:4180} INFO - Setting next_dagrun for example_python_decorator to None, run_after=None
[2026-03-01T14:26:33.146+0530] {processor.py:208} INFO - Processing /home/jenny/.local/lib/python3.13/site-packages/airflow/example_dags/example_python_decorator.py took 0.054 seconds
[2026-03-01T14:27:59.576+0530] {processor.py:186} INFO - Started process (PID=227728) to work on /home/jenny/.local/lib/python3.13/site-packages/airflow/example_dags/example_python_decorator.py
[2026-03-01T14:27:59.577+0530] {processor.py:914} INFO - Processing file /home/jenny/.local/lib/python3.13/site-packages/airflow/example_dags/example_python_decorator.py for tasks to queue
[2026-03-01T14:27:59.579+0530] {logging_mixin.py:190} INFO - [2026-03-01T14:27:59.579+0530] {dagbag.py:588} INFO - Filling up the DagBag from /home/jenny/.local/lib/python3.13/site-packages/airflow/example_dags/example_python_decorator.py
[2026-03-01T14:27:59.586+0530] {logging_mixin.py:190} INFO - [2026-03-01T14:27:59.585+0530] {example_python_decorator.py:80} WARNING - The virtalenv_python example task requires virtualenv, please install it.
[2026-03-01T14:27:59.587+0530] {processor.py:925} INFO - DAG(s) 'example_python_decorator' retrieved from /home/jenny/.local/lib/python3.13/site-packages/airflow/example_dags/example_python_decorator.py
[2026-03-01T14:27:59.599+0530] {logging_mixin.py:190} INFO - [2026-03-01T14:27:59.599+0530] {dag.py:3239} INFO - Sync 1 DAGs
[2026-03-01T14:27:59.608+0530] {logging_mixin.py:190} INFO - [2026-03-01T14:27:59.607+0530] {dag.py:4180} INFO - Setting next_dagrun for example_python_decorator to None, run_after=None
[2026-03-01T14:27:59.625+0530] {processor.py:208} INFO - Processing /home/jenny/.local/lib/python3.13/site-packages/airflow/example_dags/example_python_decorator.py took 0.053 seconds
