[2026-03-01T14:15:16.788+0530] {processor.py:186} INFO - Started process (PID=213141) to work on /home/jenny/.local/lib/python3.13/site-packages/airflow/example_dags/example_latest_only_with_trigger.py
[2026-03-01T14:15:16.789+0530] {processor.py:914} INFO - Processing file /home/jenny/.local/lib/python3.13/site-packages/airflow/example_dags/example_latest_only_with_trigger.py for tasks to queue
[2026-03-01T14:15:16.790+0530] {logging_mixin.py:190} INFO - [2026-03-01T14:15:16.790+0530] {dagbag.py:588} INFO - Filling up the DagBag from /home/jenny/.local/lib/python3.13/site-packages/airflow/example_dags/example_latest_only_with_trigger.py
[2026-03-01T14:15:16.795+0530] {processor.py:925} INFO - DAG(s) 'latest_only_with_trigger' retrieved from /home/jenny/.local/lib/python3.13/site-packages/airflow/example_dags/example_latest_only_with_trigger.py
[2026-03-01T14:15:16.872+0530] {logging_mixin.py:190} INFO - [2026-03-01T14:15:16.871+0530] {override.py:1932} INFO - Created Permission View: can read on DAG:latest_only_with_trigger
[2026-03-01T14:15:16.883+0530] {logging_mixin.py:190} INFO - [2026-03-01T14:15:16.883+0530] {override.py:1932} INFO - Created Permission View: can delete on DAG:latest_only_with_trigger
[2026-03-01T14:15:16.892+0530] {logging_mixin.py:190} INFO - [2026-03-01T14:15:16.891+0530] {override.py:1932} INFO - Created Permission View: can edit on DAG:latest_only_with_trigger
[2026-03-01T14:15:16.908+0530] {logging_mixin.py:190} INFO - [2026-03-01T14:15:16.908+0530] {override.py:1932} INFO - Created Permission View: can read on DAG Run:latest_only_with_trigger
[2026-03-01T14:15:16.920+0530] {logging_mixin.py:190} INFO - [2026-03-01T14:15:16.920+0530] {override.py:1932} INFO - Created Permission View: menu access on DAG Run:latest_only_with_trigger
[2026-03-01T14:15:16.931+0530] {logging_mixin.py:190} INFO - [2026-03-01T14:15:16.931+0530] {override.py:1932} INFO - Created Permission View: can create on DAG Run:latest_only_with_trigger
[2026-03-01T14:15:16.944+0530] {logging_mixin.py:190} INFO - [2026-03-01T14:15:16.944+0530] {override.py:1932} INFO - Created Permission View: can delete on DAG Run:latest_only_with_trigger
[2026-03-01T14:15:16.944+0530] {logging_mixin.py:190} INFO - [2026-03-01T14:15:16.944+0530] {dag.py:3239} INFO - Sync 1 DAGs
[2026-03-01T14:15:16.954+0530] {logging_mixin.py:190} INFO - [2026-03-01T14:15:16.954+0530] {dag.py:3262} INFO - Creating ORM DAG for latest_only_with_trigger
[2026-03-01T14:15:16.959+0530] {logging_mixin.py:190} INFO - [2026-03-01T14:15:16.959+0530] {dag.py:4180} INFO - Setting next_dagrun for latest_only_with_trigger to 2026-03-01 04:00:00+00:00, run_after=2026-03-01 08:00:00+00:00
[2026-03-01T14:15:16.977+0530] {processor.py:208} INFO - Processing /home/jenny/.local/lib/python3.13/site-packages/airflow/example_dags/example_latest_only_with_trigger.py took 0.192 seconds
[2026-03-01T14:16:19.256+0530] {processor.py:186} INFO - Started process (PID=213873) to work on /home/jenny/.local/lib/python3.13/site-packages/airflow/example_dags/example_latest_only_with_trigger.py
[2026-03-01T14:16:19.257+0530] {processor.py:914} INFO - Processing file /home/jenny/.local/lib/python3.13/site-packages/airflow/example_dags/example_latest_only_with_trigger.py for tasks to queue
[2026-03-01T14:16:19.259+0530] {logging_mixin.py:190} INFO - [2026-03-01T14:16:19.259+0530] {dagbag.py:588} INFO - Filling up the DagBag from /home/jenny/.local/lib/python3.13/site-packages/airflow/example_dags/example_latest_only_with_trigger.py
[2026-03-01T14:16:19.266+0530] {processor.py:925} INFO - DAG(s) 'latest_only_with_trigger' retrieved from /home/jenny/.local/lib/python3.13/site-packages/airflow/example_dags/example_latest_only_with_trigger.py
[2026-03-01T14:16:19.281+0530] {logging_mixin.py:190} INFO - [2026-03-01T14:16:19.281+0530] {dag.py:3239} INFO - Sync 1 DAGs
[2026-03-01T14:16:19.300+0530] {logging_mixin.py:190} INFO - [2026-03-01T14:16:19.299+0530] {dag.py:4180} INFO - Setting next_dagrun for latest_only_with_trigger to 2026-03-01 04:00:00+00:00, run_after=2026-03-01 08:00:00+00:00
[2026-03-01T14:16:19.326+0530] {processor.py:208} INFO - Processing /home/jenny/.local/lib/python3.13/site-packages/airflow/example_dags/example_latest_only_with_trigger.py took 0.075 seconds
