[2026-03-01T14:15:12.882+0530] {processor.py:186} INFO - Started process (PID=212980) to work on /home/jenny/.local/lib/python3.13/site-packages/airflow/example_dags/example_outlet_event_extra.py
[2026-03-01T14:15:12.883+0530] {processor.py:914} INFO - Processing file /home/jenny/.local/lib/python3.13/site-packages/airflow/example_dags/example_outlet_event_extra.py for tasks to queue
[2026-03-01T14:15:12.886+0530] {logging_mixin.py:190} INFO - [2026-03-01T14:15:12.886+0530] {dagbag.py:588} INFO - Filling up the DagBag from /home/jenny/.local/lib/python3.13/site-packages/airflow/example_dags/example_outlet_event_extra.py
[2026-03-01T14:15:12.896+0530] {processor.py:925} INFO - DAG(s) 'dataset_with_extra_by_yield', 'dataset_with_extra_by_context', 'dataset_with_extra_from_classic_operator' retrieved from /home/jenny/.local/lib/python3.13/site-packages/airflow/example_dags/example_outlet_event_extra.py
[2026-03-01T14:15:12.968+0530] {logging_mixin.py:190} INFO - [2026-03-01T14:15:12.968+0530] {override.py:1932} INFO - Created Permission View: can read on DAG:dataset_with_extra_by_yield
[2026-03-01T14:15:12.979+0530] {logging_mixin.py:190} INFO - [2026-03-01T14:15:12.979+0530] {override.py:1932} INFO - Created Permission View: can delete on DAG:dataset_with_extra_by_yield
[2026-03-01T14:15:12.987+0530] {logging_mixin.py:190} INFO - [2026-03-01T14:15:12.987+0530] {override.py:1932} INFO - Created Permission View: can edit on DAG:dataset_with_extra_by_yield
[2026-03-01T14:15:13.018+0530] {logging_mixin.py:190} INFO - [2026-03-01T14:15:13.017+0530] {override.py:1932} INFO - Created Permission View: can read on DAG Run:dataset_with_extra_by_yield
[2026-03-01T14:15:13.030+0530] {logging_mixin.py:190} INFO - [2026-03-01T14:15:13.030+0530] {override.py:1932} INFO - Created Permission View: menu access on DAG Run:dataset_with_extra_by_yield
[2026-03-01T14:15:13.041+0530] {logging_mixin.py:190} INFO - [2026-03-01T14:15:13.041+0530] {override.py:1932} INFO - Created Permission View: can create on DAG Run:dataset_with_extra_by_yield
[2026-03-01T14:15:13.052+0530] {logging_mixin.py:190} INFO - [2026-03-01T14:15:13.052+0530] {override.py:1932} INFO - Created Permission View: can delete on DAG Run:dataset_with_extra_by_yield
[2026-03-01T14:15:13.073+0530] {logging_mixin.py:190} INFO - [2026-03-01T14:15:13.073+0530] {override.py:1932} INFO - Created Permission View: can read on DAG:dataset_with_extra_by_context
[2026-03-01T14:15:13.088+0530] {logging_mixin.py:190} INFO - [2026-03-01T14:15:13.087+0530] {override.py:1932} INFO - Created Permission View: can delete on DAG:dataset_with_extra_by_context
[2026-03-01T14:15:13.101+0530] {logging_mixin.py:190} INFO - [2026-03-01T14:15:13.100+0530] {override.py:1932} INFO - Created Permission View: can edit on DAG:dataset_with_extra_by_context
[2026-03-01T14:15:13.120+0530] {logging_mixin.py:190} INFO - [2026-03-01T14:15:13.120+0530] {override.py:1932} INFO - Created Permission View: can read on DAG Run:dataset_with_extra_by_context
[2026-03-01T14:15:13.132+0530] {logging_mixin.py:190} INFO - [2026-03-01T14:15:13.132+0530] {override.py:1932} INFO - Created Permission View: menu access on DAG Run:dataset_with_extra_by_context
[2026-03-01T14:15:13.144+0530] {logging_mixin.py:190} INFO - [2026-03-01T14:15:13.144+0530] {override.py:1932} INFO - Created Permission View: can create on DAG Run:dataset_with_extra_by_context
[2026-03-01T14:15:13.155+0530] {logging_mixin.py:190} INFO - [2026-03-01T14:15:13.154+0530] {override.py:1932} INFO - Created Permission View: can delete on DAG Run:dataset_with_extra_by_context
[2026-03-01T14:15:13.175+0530] {logging_mixin.py:190} INFO - [2026-03-01T14:15:13.175+0530] {override.py:1932} INFO - Created Permission View: can read on DAG:dataset_with_extra_from_classic_operator
[2026-03-01T14:15:13.185+0530] {logging_mixin.py:190} INFO - [2026-03-01T14:15:13.185+0530] {override.py:1932} INFO - Created Permission View: can delete on DAG:dataset_with_extra_from_classic_operator
[2026-03-01T14:15:13.195+0530] {logging_mixin.py:190} INFO - [2026-03-01T14:15:13.194+0530] {override.py:1932} INFO - Created Permission View: can edit on DAG:dataset_with_extra_from_classic_operator
[2026-03-01T14:15:13.213+0530] {logging_mixin.py:190} INFO - [2026-03-01T14:15:13.212+0530] {override.py:1932} INFO - Created Permission View: can read on DAG Run:dataset_with_extra_from_classic_operator
[2026-03-01T14:15:13.224+0530] {logging_mixin.py:190} INFO - [2026-03-01T14:15:13.224+0530] {override.py:1932} INFO - Created Permission View: menu access on DAG Run:dataset_with_extra_from_classic_operator
[2026-03-01T14:15:13.235+0530] {logging_mixin.py:190} INFO - [2026-03-01T14:15:13.235+0530] {override.py:1932} INFO - Created Permission View: can create on DAG Run:dataset_with_extra_from_classic_operator
[2026-03-01T14:15:13.246+0530] {logging_mixin.py:190} INFO - [2026-03-01T14:15:13.245+0530] {override.py:1932} INFO - Created Permission View: can delete on DAG Run:dataset_with_extra_from_classic_operator
[2026-03-01T14:15:13.246+0530] {logging_mixin.py:190} INFO - [2026-03-01T14:15:13.246+0530] {dag.py:3239} INFO - Sync 3 DAGs
[2026-03-01T14:15:13.254+0530] {logging_mixin.py:190} INFO - [2026-03-01T14:15:13.254+0530] {dag.py:3262} INFO - Creating ORM DAG for dataset_with_extra_by_yield
[2026-03-01T14:15:13.255+0530] {logging_mixin.py:190} INFO - [2026-03-01T14:15:13.255+0530] {dag.py:3262} INFO - Creating ORM DAG for dataset_with_extra_from_classic_operator
[2026-03-01T14:15:13.255+0530] {logging_mixin.py:190} INFO - [2026-03-01T14:15:13.255+0530] {dag.py:3262} INFO - Creating ORM DAG for dataset_with_extra_by_context
[2026-03-01T14:15:13.261+0530] {logging_mixin.py:190} INFO - [2026-03-01T14:15:13.260+0530] {dag.py:4180} INFO - Setting next_dagrun for dataset_with_extra_by_context to 2026-02-28 00:00:00+00:00, run_after=2026-03-01 00:00:00+00:00
[2026-03-01T14:15:13.262+0530] {logging_mixin.py:190} INFO - [2026-03-01T14:15:13.262+0530] {dag.py:4180} INFO - Setting next_dagrun for dataset_with_extra_by_yield to 2026-02-28 00:00:00+00:00, run_after=2026-03-01 00:00:00+00:00
[2026-03-01T14:15:13.263+0530] {logging_mixin.py:190} INFO - [2026-03-01T14:15:13.263+0530] {dag.py:4180} INFO - Setting next_dagrun for dataset_with_extra_from_classic_operator to 2026-02-28 00:00:00+00:00, run_after=2026-03-01 00:00:00+00:00
[2026-03-01T14:15:13.280+0530] {processor.py:208} INFO - Processing /home/jenny/.local/lib/python3.13/site-packages/airflow/example_dags/example_outlet_event_extra.py took 0.403 seconds
[2026-03-01T14:16:16.377+0530] {processor.py:186} INFO - Started process (PID=213684) to work on /home/jenny/.local/lib/python3.13/site-packages/airflow/example_dags/example_outlet_event_extra.py
[2026-03-01T14:16:16.378+0530] {processor.py:914} INFO - Processing file /home/jenny/.local/lib/python3.13/site-packages/airflow/example_dags/example_outlet_event_extra.py for tasks to queue
[2026-03-01T14:16:16.381+0530] {logging_mixin.py:190} INFO - [2026-03-01T14:16:16.381+0530] {dagbag.py:588} INFO - Filling up the DagBag from /home/jenny/.local/lib/python3.13/site-packages/airflow/example_dags/example_outlet_event_extra.py
[2026-03-01T14:16:16.391+0530] {processor.py:925} INFO - DAG(s) 'dataset_with_extra_by_context', 'dataset_with_extra_from_classic_operator', 'dataset_with_extra_by_yield' retrieved from /home/jenny/.local/lib/python3.13/site-packages/airflow/example_dags/example_outlet_event_extra.py
[2026-03-01T14:16:16.402+0530] {logging_mixin.py:190} INFO - [2026-03-01T14:16:16.402+0530] {dag.py:3239} INFO - Sync 3 DAGs
[2026-03-01T14:16:16.421+0530] {logging_mixin.py:190} INFO - [2026-03-01T14:16:16.421+0530] {dag.py:4180} INFO - Setting next_dagrun for dataset_with_extra_by_context to 2026-02-28 00:00:00+00:00, run_after=2026-03-01 00:00:00+00:00
[2026-03-01T14:16:16.427+0530] {logging_mixin.py:190} INFO - [2026-03-01T14:16:16.426+0530] {dag.py:4180} INFO - Setting next_dagrun for dataset_with_extra_by_yield to 2026-02-28 00:00:00+00:00, run_after=2026-03-01 00:00:00+00:00
[2026-03-01T14:16:16.429+0530] {logging_mixin.py:190} INFO - [2026-03-01T14:16:16.429+0530] {dag.py:4180} INFO - Setting next_dagrun for dataset_with_extra_from_classic_operator to 2026-02-28 00:00:00+00:00, run_after=2026-03-01 00:00:00+00:00
[2026-03-01T14:16:16.458+0530] {processor.py:208} INFO - Processing /home/jenny/.local/lib/python3.13/site-packages/airflow/example_dags/example_outlet_event_extra.py took 0.087 seconds
[2026-03-01T14:17:12.307+0530] {processor.py:186} INFO - Started process (PID=215061) to work on /home/jenny/.local/lib/python3.13/site-packages/airflow/example_dags/example_outlet_event_extra.py
[2026-03-01T14:17:12.308+0530] {processor.py:914} INFO - Processing file /home/jenny/.local/lib/python3.13/site-packages/airflow/example_dags/example_outlet_event_extra.py for tasks to queue
[2026-03-01T14:17:12.311+0530] {logging_mixin.py:190} INFO - [2026-03-01T14:17:12.311+0530] {dagbag.py:588} INFO - Filling up the DagBag from /home/jenny/.local/lib/python3.13/site-packages/airflow/example_dags/example_outlet_event_extra.py
[2026-03-01T14:17:12.321+0530] {processor.py:925} INFO - DAG(s) 'dataset_with_extra_by_yield', 'dataset_with_extra_from_classic_operator', 'dataset_with_extra_by_context' retrieved from /home/jenny/.local/lib/python3.13/site-packages/airflow/example_dags/example_outlet_event_extra.py
[2026-03-01T14:17:12.332+0530] {logging_mixin.py:190} INFO - [2026-03-01T14:17:12.332+0530] {dag.py:3239} INFO - Sync 3 DAGs
[2026-03-01T14:17:12.353+0530] {logging_mixin.py:190} INFO - [2026-03-01T14:17:12.352+0530] {dag.py:4180} INFO - Setting next_dagrun for dataset_with_extra_by_context to 2026-02-28 00:00:00+00:00, run_after=2026-03-01 00:00:00+00:00
[2026-03-01T14:17:12.355+0530] {logging_mixin.py:190} INFO - [2026-03-01T14:17:12.355+0530] {dag.py:4180} INFO - Setting next_dagrun for dataset_with_extra_by_yield to 2026-02-28 00:00:00+00:00, run_after=2026-03-01 00:00:00+00:00
[2026-03-01T14:17:12.357+0530] {logging_mixin.py:190} INFO - [2026-03-01T14:17:12.357+0530] {dag.py:4180} INFO - Setting next_dagrun for dataset_with_extra_from_classic_operator to 2026-02-28 00:00:00+00:00, run_after=2026-03-01 00:00:00+00:00
[2026-03-01T14:17:12.373+0530] {processor.py:208} INFO - Processing /home/jenny/.local/lib/python3.13/site-packages/airflow/example_dags/example_outlet_event_extra.py took 0.071 seconds
[2026-03-01T14:18:31.661+0530] {processor.py:186} INFO - Started process (PID=215646) to work on /home/jenny/.local/lib/python3.13/site-packages/airflow/example_dags/example_outlet_event_extra.py
[2026-03-01T14:18:31.663+0530] {processor.py:914} INFO - Processing file /home/jenny/.local/lib/python3.13/site-packages/airflow/example_dags/example_outlet_event_extra.py for tasks to queue
[2026-03-01T14:18:31.665+0530] {logging_mixin.py:190} INFO - [2026-03-01T14:18:31.665+0530] {dagbag.py:588} INFO - Filling up the DagBag from /home/jenny/.local/lib/python3.13/site-packages/airflow/example_dags/example_outlet_event_extra.py
[2026-03-01T14:18:31.676+0530] {processor.py:925} INFO - DAG(s) 'dataset_with_extra_by_yield', 'dataset_with_extra_by_context', 'dataset_with_extra_from_classic_operator' retrieved from /home/jenny/.local/lib/python3.13/site-packages/airflow/example_dags/example_outlet_event_extra.py
[2026-03-01T14:18:31.764+0530] {logging_mixin.py:190} INFO - [2026-03-01T14:18:31.764+0530] {dag.py:3239} INFO - Sync 3 DAGs
[2026-03-01T14:18:31.776+0530] {logging_mixin.py:190} INFO - [2026-03-01T14:18:31.776+0530] {dag.py:4180} INFO - Setting next_dagrun for dataset_with_extra_by_context to 2026-02-28 00:00:00+00:00, run_after=2026-03-01 00:00:00+00:00
[2026-03-01T14:18:31.779+0530] {logging_mixin.py:190} INFO - [2026-03-01T14:18:31.779+0530] {dag.py:4180} INFO - Setting next_dagrun for dataset_with_extra_by_yield to 2026-02-28 00:00:00+00:00, run_after=2026-03-01 00:00:00+00:00
[2026-03-01T14:18:31.780+0530] {logging_mixin.py:190} INFO - [2026-03-01T14:18:31.780+0530] {dag.py:4180} INFO - Setting next_dagrun for dataset_with_extra_from_classic_operator to 2026-02-28 00:00:00+00:00, run_after=2026-03-01 00:00:00+00:00
[2026-03-01T14:18:31.797+0530] {processor.py:208} INFO - Processing /home/jenny/.local/lib/python3.13/site-packages/airflow/example_dags/example_outlet_event_extra.py took 0.139 seconds
[2026-03-01T14:19:28.768+0530] {processor.py:186} INFO - Started process (PID=216465) to work on /home/jenny/.local/lib/python3.13/site-packages/airflow/example_dags/example_outlet_event_extra.py
[2026-03-01T14:19:28.769+0530] {processor.py:914} INFO - Processing file /home/jenny/.local/lib/python3.13/site-packages/airflow/example_dags/example_outlet_event_extra.py for tasks to queue
[2026-03-01T14:19:28.771+0530] {logging_mixin.py:190} INFO - [2026-03-01T14:19:28.771+0530] {dagbag.py:588} INFO - Filling up the DagBag from /home/jenny/.local/lib/python3.13/site-packages/airflow/example_dags/example_outlet_event_extra.py
[2026-03-01T14:19:28.782+0530] {processor.py:925} INFO - DAG(s) 'dataset_with_extra_by_context', 'dataset_with_extra_by_yield', 'dataset_with_extra_from_classic_operator' retrieved from /home/jenny/.local/lib/python3.13/site-packages/airflow/example_dags/example_outlet_event_extra.py
[2026-03-01T14:19:28.796+0530] {logging_mixin.py:190} INFO - [2026-03-01T14:19:28.796+0530] {dag.py:3239} INFO - Sync 3 DAGs
[2026-03-01T14:19:28.813+0530] {logging_mixin.py:190} INFO - [2026-03-01T14:19:28.813+0530] {dag.py:4180} INFO - Setting next_dagrun for dataset_with_extra_by_context to 2026-02-28 00:00:00+00:00, run_after=2026-03-01 00:00:00+00:00
[2026-03-01T14:19:28.816+0530] {logging_mixin.py:190} INFO - [2026-03-01T14:19:28.816+0530] {dag.py:4180} INFO - Setting next_dagrun for dataset_with_extra_by_yield to 2026-02-28 00:00:00+00:00, run_after=2026-03-01 00:00:00+00:00
[2026-03-01T14:19:28.818+0530] {logging_mixin.py:190} INFO - [2026-03-01T14:19:28.818+0530] {dag.py:4180} INFO - Setting next_dagrun for dataset_with_extra_from_classic_operator to 2026-02-28 00:00:00+00:00, run_after=2026-03-01 00:00:00+00:00
[2026-03-01T14:19:28.841+0530] {processor.py:208} INFO - Processing /home/jenny/.local/lib/python3.13/site-packages/airflow/example_dags/example_outlet_event_extra.py took 0.078 seconds
[2026-03-01T14:20:32.011+0530] {processor.py:186} INFO - Started process (PID=216724) to work on /home/jenny/.local/lib/python3.13/site-packages/airflow/example_dags/example_outlet_event_extra.py
[2026-03-01T14:20:32.012+0530] {processor.py:914} INFO - Processing file /home/jenny/.local/lib/python3.13/site-packages/airflow/example_dags/example_outlet_event_extra.py for tasks to queue
[2026-03-01T14:20:32.014+0530] {logging_mixin.py:190} INFO - [2026-03-01T14:20:32.014+0530] {dagbag.py:588} INFO - Filling up the DagBag from /home/jenny/.local/lib/python3.13/site-packages/airflow/example_dags/example_outlet_event_extra.py
[2026-03-01T14:20:32.024+0530] {processor.py:925} INFO - DAG(s) 'dataset_with_extra_by_yield', 'dataset_with_extra_by_context', 'dataset_with_extra_from_classic_operator' retrieved from /home/jenny/.local/lib/python3.13/site-packages/airflow/example_dags/example_outlet_event_extra.py
[2026-03-01T14:20:32.036+0530] {logging_mixin.py:190} INFO - [2026-03-01T14:20:32.036+0530] {dag.py:3239} INFO - Sync 3 DAGs
[2026-03-01T14:20:32.056+0530] {logging_mixin.py:190} INFO - [2026-03-01T14:20:32.056+0530] {dag.py:4180} INFO - Setting next_dagrun for dataset_with_extra_by_context to 2026-02-28 00:00:00+00:00, run_after=2026-03-01 00:00:00+00:00
[2026-03-01T14:20:32.059+0530] {logging_mixin.py:190} INFO - [2026-03-01T14:20:32.059+0530] {dag.py:4180} INFO - Setting next_dagrun for dataset_with_extra_by_yield to 2026-02-28 00:00:00+00:00, run_after=2026-03-01 00:00:00+00:00
[2026-03-01T14:20:32.061+0530] {logging_mixin.py:190} INFO - [2026-03-01T14:20:32.061+0530] {dag.py:4180} INFO - Setting next_dagrun for dataset_with_extra_from_classic_operator to 2026-02-28 00:00:00+00:00, run_after=2026-03-01 00:00:00+00:00
[2026-03-01T14:20:32.078+0530] {processor.py:208} INFO - Processing /home/jenny/.local/lib/python3.13/site-packages/airflow/example_dags/example_outlet_event_extra.py took 0.071 seconds
[2026-03-01T14:21:28.720+0530] {processor.py:186} INFO - Started process (PID=216891) to work on /home/jenny/.local/lib/python3.13/site-packages/airflow/example_dags/example_outlet_event_extra.py
[2026-03-01T14:21:28.721+0530] {processor.py:914} INFO - Processing file /home/jenny/.local/lib/python3.13/site-packages/airflow/example_dags/example_outlet_event_extra.py for tasks to queue
[2026-03-01T14:21:28.724+0530] {logging_mixin.py:190} INFO - [2026-03-01T14:21:28.723+0530] {dagbag.py:588} INFO - Filling up the DagBag from /home/jenny/.local/lib/python3.13/site-packages/airflow/example_dags/example_outlet_event_extra.py
[2026-03-01T14:21:28.734+0530] {processor.py:925} INFO - DAG(s) 'dataset_with_extra_from_classic_operator', 'dataset_with_extra_by_context', 'dataset_with_extra_by_yield' retrieved from /home/jenny/.local/lib/python3.13/site-packages/airflow/example_dags/example_outlet_event_extra.py
[2026-03-01T14:21:28.748+0530] {logging_mixin.py:190} INFO - [2026-03-01T14:21:28.748+0530] {dag.py:3239} INFO - Sync 3 DAGs
[2026-03-01T14:21:28.760+0530] {logging_mixin.py:190} INFO - [2026-03-01T14:21:28.760+0530] {dag.py:4180} INFO - Setting next_dagrun for dataset_with_extra_by_context to 2026-02-28 00:00:00+00:00, run_after=2026-03-01 00:00:00+00:00
[2026-03-01T14:21:28.764+0530] {logging_mixin.py:190} INFO - [2026-03-01T14:21:28.763+0530] {dag.py:4180} INFO - Setting next_dagrun for dataset_with_extra_by_yield to 2026-02-28 00:00:00+00:00, run_after=2026-03-01 00:00:00+00:00
[2026-03-01T14:21:28.765+0530] {logging_mixin.py:190} INFO - [2026-03-01T14:21:28.765+0530] {dag.py:4180} INFO - Setting next_dagrun for dataset_with_extra_from_classic_operator to 2026-02-28 00:00:00+00:00, run_after=2026-03-01 00:00:00+00:00
[2026-03-01T14:21:28.783+0530] {processor.py:208} INFO - Processing /home/jenny/.local/lib/python3.13/site-packages/airflow/example_dags/example_outlet_event_extra.py took 0.069 seconds
[2026-03-01T14:22:24.843+0530] {processor.py:186} INFO - Started process (PID=218033) to work on /home/jenny/.local/lib/python3.13/site-packages/airflow/example_dags/example_outlet_event_extra.py
[2026-03-01T14:22:24.844+0530] {processor.py:914} INFO - Processing file /home/jenny/.local/lib/python3.13/site-packages/airflow/example_dags/example_outlet_event_extra.py for tasks to queue
[2026-03-01T14:22:24.847+0530] {logging_mixin.py:190} INFO - [2026-03-01T14:22:24.846+0530] {dagbag.py:588} INFO - Filling up the DagBag from /home/jenny/.local/lib/python3.13/site-packages/airflow/example_dags/example_outlet_event_extra.py
[2026-03-01T14:22:24.857+0530] {processor.py:925} INFO - DAG(s) 'dataset_with_extra_from_classic_operator', 'dataset_with_extra_by_context', 'dataset_with_extra_by_yield' retrieved from /home/jenny/.local/lib/python3.13/site-packages/airflow/example_dags/example_outlet_event_extra.py
[2026-03-01T14:22:24.868+0530] {logging_mixin.py:190} INFO - [2026-03-01T14:22:24.868+0530] {dag.py:3239} INFO - Sync 3 DAGs
[2026-03-01T14:22:24.881+0530] {logging_mixin.py:190} INFO - [2026-03-01T14:22:24.881+0530] {dag.py:4180} INFO - Setting next_dagrun for dataset_with_extra_by_context to 2026-02-28 00:00:00+00:00, run_after=2026-03-01 00:00:00+00:00
[2026-03-01T14:22:24.883+0530] {logging_mixin.py:190} INFO - [2026-03-01T14:22:24.883+0530] {dag.py:4180} INFO - Setting next_dagrun for dataset_with_extra_by_yield to 2026-02-28 00:00:00+00:00, run_after=2026-03-01 00:00:00+00:00
[2026-03-01T14:22:24.885+0530] {logging_mixin.py:190} INFO - [2026-03-01T14:22:24.885+0530] {dag.py:4180} INFO - Setting next_dagrun for dataset_with_extra_from_classic_operator to 2026-02-28 00:00:00+00:00, run_after=2026-03-01 00:00:00+00:00
[2026-03-01T14:22:24.901+0530] {processor.py:208} INFO - Processing /home/jenny/.local/lib/python3.13/site-packages/airflow/example_dags/example_outlet_event_extra.py took 0.063 seconds
[2026-03-01T14:23:20.415+0530] {processor.py:186} INFO - Started process (PID=219448) to work on /home/jenny/.local/lib/python3.13/site-packages/airflow/example_dags/example_outlet_event_extra.py
[2026-03-01T14:23:20.416+0530] {processor.py:914} INFO - Processing file /home/jenny/.local/lib/python3.13/site-packages/airflow/example_dags/example_outlet_event_extra.py for tasks to queue
[2026-03-01T14:23:20.418+0530] {logging_mixin.py:190} INFO - [2026-03-01T14:23:20.418+0530] {dagbag.py:588} INFO - Filling up the DagBag from /home/jenny/.local/lib/python3.13/site-packages/airflow/example_dags/example_outlet_event_extra.py
[2026-03-01T14:23:20.430+0530] {processor.py:925} INFO - DAG(s) 'dataset_with_extra_by_context', 'dataset_with_extra_from_classic_operator', 'dataset_with_extra_by_yield' retrieved from /home/jenny/.local/lib/python3.13/site-packages/airflow/example_dags/example_outlet_event_extra.py
[2026-03-01T14:23:20.448+0530] {logging_mixin.py:190} INFO - [2026-03-01T14:23:20.448+0530] {dag.py:3239} INFO - Sync 3 DAGs
[2026-03-01T14:23:20.464+0530] {logging_mixin.py:190} INFO - [2026-03-01T14:23:20.464+0530] {dag.py:4180} INFO - Setting next_dagrun for dataset_with_extra_by_context to 2026-02-28 00:00:00+00:00, run_after=2026-03-01 00:00:00+00:00
[2026-03-01T14:23:20.467+0530] {logging_mixin.py:190} INFO - [2026-03-01T14:23:20.467+0530] {dag.py:4180} INFO - Setting next_dagrun for dataset_with_extra_by_yield to 2026-02-28 00:00:00+00:00, run_after=2026-03-01 00:00:00+00:00
[2026-03-01T14:23:20.468+0530] {logging_mixin.py:190} INFO - [2026-03-01T14:23:20.468+0530] {dag.py:4180} INFO - Setting next_dagrun for dataset_with_extra_from_classic_operator to 2026-02-28 00:00:00+00:00, run_after=2026-03-01 00:00:00+00:00
[2026-03-01T14:23:20.503+0530] {processor.py:208} INFO - Processing /home/jenny/.local/lib/python3.13/site-packages/airflow/example_dags/example_outlet_event_extra.py took 0.092 seconds
[2026-03-01T14:24:20.844+0530] {processor.py:186} INFO - Started process (PID=220290) to work on /home/jenny/.local/lib/python3.13/site-packages/airflow/example_dags/example_outlet_event_extra.py
[2026-03-01T14:24:20.846+0530] {processor.py:914} INFO - Processing file /home/jenny/.local/lib/python3.13/site-packages/airflow/example_dags/example_outlet_event_extra.py for tasks to queue
[2026-03-01T14:24:20.849+0530] {logging_mixin.py:190} INFO - [2026-03-01T14:24:20.848+0530] {dagbag.py:588} INFO - Filling up the DagBag from /home/jenny/.local/lib/python3.13/site-packages/airflow/example_dags/example_outlet_event_extra.py
[2026-03-01T14:24:20.859+0530] {processor.py:925} INFO - DAG(s) 'dataset_with_extra_by_yield', 'dataset_with_extra_from_classic_operator', 'dataset_with_extra_by_context' retrieved from /home/jenny/.local/lib/python3.13/site-packages/airflow/example_dags/example_outlet_event_extra.py
[2026-03-01T14:24:20.870+0530] {logging_mixin.py:190} INFO - [2026-03-01T14:24:20.869+0530] {dag.py:3239} INFO - Sync 3 DAGs
[2026-03-01T14:24:20.882+0530] {logging_mixin.py:190} INFO - [2026-03-01T14:24:20.882+0530] {dag.py:4180} INFO - Setting next_dagrun for dataset_with_extra_by_context to 2026-02-28 00:00:00+00:00, run_after=2026-03-01 00:00:00+00:00
[2026-03-01T14:24:20.885+0530] {logging_mixin.py:190} INFO - [2026-03-01T14:24:20.885+0530] {dag.py:4180} INFO - Setting next_dagrun for dataset_with_extra_by_yield to 2026-02-28 00:00:00+00:00, run_after=2026-03-01 00:00:00+00:00
[2026-03-01T14:24:20.886+0530] {logging_mixin.py:190} INFO - [2026-03-01T14:24:20.886+0530] {dag.py:4180} INFO - Setting next_dagrun for dataset_with_extra_from_classic_operator to 2026-02-28 00:00:00+00:00, run_after=2026-03-01 00:00:00+00:00
[2026-03-01T14:24:21.051+0530] {processor.py:208} INFO - Processing /home/jenny/.local/lib/python3.13/site-packages/airflow/example_dags/example_outlet_event_extra.py took 0.213 seconds
[2026-03-01T14:25:41.373+0530] {processor.py:186} INFO - Started process (PID=225401) to work on /home/jenny/.local/lib/python3.13/site-packages/airflow/example_dags/example_outlet_event_extra.py
[2026-03-01T14:25:41.374+0530] {processor.py:914} INFO - Processing file /home/jenny/.local/lib/python3.13/site-packages/airflow/example_dags/example_outlet_event_extra.py for tasks to queue
[2026-03-01T14:25:41.377+0530] {logging_mixin.py:190} INFO - [2026-03-01T14:25:41.376+0530] {dagbag.py:588} INFO - Filling up the DagBag from /home/jenny/.local/lib/python3.13/site-packages/airflow/example_dags/example_outlet_event_extra.py
[2026-03-01T14:25:41.387+0530] {processor.py:925} INFO - DAG(s) 'dataset_with_extra_from_classic_operator', 'dataset_with_extra_by_context', 'dataset_with_extra_by_yield' retrieved from /home/jenny/.local/lib/python3.13/site-packages/airflow/example_dags/example_outlet_event_extra.py
[2026-03-01T14:25:41.398+0530] {logging_mixin.py:190} INFO - [2026-03-01T14:25:41.398+0530] {dag.py:3239} INFO - Sync 3 DAGs
[2026-03-01T14:25:41.412+0530] {logging_mixin.py:190} INFO - [2026-03-01T14:25:41.412+0530] {dag.py:4180} INFO - Setting next_dagrun for dataset_with_extra_by_context to 2026-02-28 00:00:00+00:00, run_after=2026-03-01 00:00:00+00:00
[2026-03-01T14:25:41.415+0530] {logging_mixin.py:190} INFO - [2026-03-01T14:25:41.415+0530] {dag.py:4180} INFO - Setting next_dagrun for dataset_with_extra_by_yield to 2026-02-28 00:00:00+00:00, run_after=2026-03-01 00:00:00+00:00
[2026-03-01T14:25:41.417+0530] {logging_mixin.py:190} INFO - [2026-03-01T14:25:41.416+0530] {dag.py:4180} INFO - Setting next_dagrun for dataset_with_extra_from_classic_operator to 2026-02-28 00:00:00+00:00, run_after=2026-03-01 00:00:00+00:00
[2026-03-01T14:25:41.434+0530] {processor.py:208} INFO - Processing /home/jenny/.local/lib/python3.13/site-packages/airflow/example_dags/example_outlet_event_extra.py took 0.067 seconds
[2026-03-01T14:26:37.762+0530] {processor.py:186} INFO - Started process (PID=225943) to work on /home/jenny/.local/lib/python3.13/site-packages/airflow/example_dags/example_outlet_event_extra.py
[2026-03-01T14:26:37.764+0530] {processor.py:914} INFO - Processing file /home/jenny/.local/lib/python3.13/site-packages/airflow/example_dags/example_outlet_event_extra.py for tasks to queue
[2026-03-01T14:26:37.767+0530] {logging_mixin.py:190} INFO - [2026-03-01T14:26:37.766+0530] {dagbag.py:588} INFO - Filling up the DagBag from /home/jenny/.local/lib/python3.13/site-packages/airflow/example_dags/example_outlet_event_extra.py
[2026-03-01T14:26:37.777+0530] {processor.py:925} INFO - DAG(s) 'dataset_with_extra_from_classic_operator', 'dataset_with_extra_by_yield', 'dataset_with_extra_by_context' retrieved from /home/jenny/.local/lib/python3.13/site-packages/airflow/example_dags/example_outlet_event_extra.py
[2026-03-01T14:26:37.788+0530] {logging_mixin.py:190} INFO - [2026-03-01T14:26:37.788+0530] {dag.py:3239} INFO - Sync 3 DAGs
[2026-03-01T14:26:37.801+0530] {logging_mixin.py:190} INFO - [2026-03-01T14:26:37.801+0530] {dag.py:4180} INFO - Setting next_dagrun for dataset_with_extra_by_context to 2026-02-28 00:00:00+00:00, run_after=2026-03-01 00:00:00+00:00
[2026-03-01T14:26:37.804+0530] {logging_mixin.py:190} INFO - [2026-03-01T14:26:37.803+0530] {dag.py:4180} INFO - Setting next_dagrun for dataset_with_extra_by_yield to 2026-02-28 00:00:00+00:00, run_after=2026-03-01 00:00:00+00:00
[2026-03-01T14:26:37.805+0530] {logging_mixin.py:190} INFO - [2026-03-01T14:26:37.805+0530] {dag.py:4180} INFO - Setting next_dagrun for dataset_with_extra_from_classic_operator to 2026-02-28 00:00:00+00:00, run_after=2026-03-01 00:00:00+00:00
[2026-03-01T14:26:37.822+0530] {processor.py:208} INFO - Processing /home/jenny/.local/lib/python3.13/site-packages/airflow/example_dags/example_outlet_event_extra.py took 0.065 seconds
