[2026-03-01T14:15:40.992+0530] {processor.py:186} INFO - Started process (PID=213330) to work on /home/jenny/.local/lib/python3.13/site-packages/airflow/example_dags/example_bash_decorator.py
[2026-03-01T14:15:40.992+0530] {processor.py:914} INFO - Processing file /home/jenny/.local/lib/python3.13/site-packages/airflow/example_dags/example_bash_decorator.py for tasks to queue
[2026-03-01T14:15:40.995+0530] {logging_mixin.py:190} INFO - [2026-03-01T14:15:40.994+0530] {dagbag.py:588} INFO - Filling up the DagBag from /home/jenny/.local/lib/python3.13/site-packages/airflow/example_dags/example_bash_decorator.py
[2026-03-01T14:15:41.009+0530] {processor.py:925} INFO - DAG(s) 'example_bash_decorator' retrieved from /home/jenny/.local/lib/python3.13/site-packages/airflow/example_dags/example_bash_decorator.py
[2026-03-01T14:15:41.098+0530] {logging_mixin.py:190} INFO - [2026-03-01T14:15:41.098+0530] {override.py:1932} INFO - Created Permission View: can read on DAG:example_bash_decorator
[2026-03-01T14:15:41.109+0530] {logging_mixin.py:190} INFO - [2026-03-01T14:15:41.109+0530] {override.py:1932} INFO - Created Permission View: can delete on DAG:example_bash_decorator
[2026-03-01T14:15:41.118+0530] {logging_mixin.py:190} INFO - [2026-03-01T14:15:41.117+0530] {override.py:1932} INFO - Created Permission View: can edit on DAG:example_bash_decorator
[2026-03-01T14:15:41.133+0530] {logging_mixin.py:190} INFO - [2026-03-01T14:15:41.133+0530] {override.py:1932} INFO - Created Permission View: can read on DAG Run:example_bash_decorator
[2026-03-01T14:15:41.142+0530] {logging_mixin.py:190} INFO - [2026-03-01T14:15:41.142+0530] {override.py:1932} INFO - Created Permission View: menu access on DAG Run:example_bash_decorator
[2026-03-01T14:15:41.152+0530] {logging_mixin.py:190} INFO - [2026-03-01T14:15:41.152+0530] {override.py:1932} INFO - Created Permission View: can create on DAG Run:example_bash_decorator
[2026-03-01T14:15:41.166+0530] {logging_mixin.py:190} INFO - [2026-03-01T14:15:41.165+0530] {override.py:1932} INFO - Created Permission View: can delete on DAG Run:example_bash_decorator
[2026-03-01T14:15:41.166+0530] {logging_mixin.py:190} INFO - [2026-03-01T14:15:41.166+0530] {dag.py:3239} INFO - Sync 1 DAGs
[2026-03-01T14:15:41.174+0530] {logging_mixin.py:190} INFO - [2026-03-01T14:15:41.174+0530] {dag.py:3262} INFO - Creating ORM DAG for example_bash_decorator
[2026-03-01T14:15:41.174+0530] {logging_mixin.py:190} INFO - [2026-03-01T14:15:41.174+0530] {dag.py:4180} INFO - Setting next_dagrun for example_bash_decorator to None, run_after=None
[2026-03-01T14:15:41.188+0530] {processor.py:208} INFO - Processing /home/jenny/.local/lib/python3.13/site-packages/airflow/example_dags/example_bash_decorator.py took 0.200 seconds
[2026-03-01T14:16:38.741+0530] {processor.py:186} INFO - Started process (PID=214013) to work on /home/jenny/.local/lib/python3.13/site-packages/airflow/example_dags/example_bash_decorator.py
[2026-03-01T14:16:38.741+0530] {processor.py:914} INFO - Processing file /home/jenny/.local/lib/python3.13/site-packages/airflow/example_dags/example_bash_decorator.py for tasks to queue
[2026-03-01T14:16:38.743+0530] {logging_mixin.py:190} INFO - [2026-03-01T14:16:38.742+0530] {dagbag.py:588} INFO - Filling up the DagBag from /home/jenny/.local/lib/python3.13/site-packages/airflow/example_dags/example_bash_decorator.py
[2026-03-01T14:16:38.753+0530] {processor.py:925} INFO - DAG(s) 'example_bash_decorator' retrieved from /home/jenny/.local/lib/python3.13/site-packages/airflow/example_dags/example_bash_decorator.py
[2026-03-01T14:16:38.763+0530] {logging_mixin.py:190} INFO - [2026-03-01T14:16:38.763+0530] {dag.py:3239} INFO - Sync 1 DAGs
[2026-03-01T14:16:38.771+0530] {logging_mixin.py:190} INFO - [2026-03-01T14:16:38.771+0530] {dag.py:4180} INFO - Setting next_dagrun for example_bash_decorator to None, run_after=None
[2026-03-01T14:16:38.798+0530] {processor.py:208} INFO - Processing /home/jenny/.local/lib/python3.13/site-packages/airflow/example_dags/example_bash_decorator.py took 0.060 seconds
[2026-03-01T14:18:55.638+0530] {processor.py:186} INFO - Started process (PID=215848) to work on /home/jenny/.local/lib/python3.13/site-packages/airflow/example_dags/example_bash_decorator.py
[2026-03-01T14:18:55.639+0530] {processor.py:914} INFO - Processing file /home/jenny/.local/lib/python3.13/site-packages/airflow/example_dags/example_bash_decorator.py for tasks to queue
[2026-03-01T14:18:55.642+0530] {logging_mixin.py:190} INFO - [2026-03-01T14:18:55.641+0530] {dagbag.py:588} INFO - Filling up the DagBag from /home/jenny/.local/lib/python3.13/site-packages/airflow/example_dags/example_bash_decorator.py
[2026-03-01T14:18:55.653+0530] {processor.py:925} INFO - DAG(s) 'example_bash_decorator' retrieved from /home/jenny/.local/lib/python3.13/site-packages/airflow/example_dags/example_bash_decorator.py
[2026-03-01T14:18:55.718+0530] {logging_mixin.py:190} INFO - [2026-03-01T14:18:55.718+0530] {dag.py:3239} INFO - Sync 1 DAGs
[2026-03-01T14:18:55.725+0530] {logging_mixin.py:190} INFO - [2026-03-01T14:18:55.725+0530] {dag.py:4180} INFO - Setting next_dagrun for example_bash_decorator to None, run_after=None
[2026-03-01T14:18:55.741+0530] {processor.py:208} INFO - Processing /home/jenny/.local/lib/python3.13/site-packages/airflow/example_dags/example_bash_decorator.py took 0.107 seconds
[2026-03-01T14:19:55.888+0530] {processor.py:186} INFO - Started process (PID=216598) to work on /home/jenny/.local/lib/python3.13/site-packages/airflow/example_dags/example_bash_decorator.py
[2026-03-01T14:19:55.889+0530] {processor.py:914} INFO - Processing file /home/jenny/.local/lib/python3.13/site-packages/airflow/example_dags/example_bash_decorator.py for tasks to queue
[2026-03-01T14:19:55.891+0530] {logging_mixin.py:190} INFO - [2026-03-01T14:19:55.891+0530] {dagbag.py:588} INFO - Filling up the DagBag from /home/jenny/.local/lib/python3.13/site-packages/airflow/example_dags/example_bash_decorator.py
[2026-03-01T14:19:55.903+0530] {processor.py:925} INFO - DAG(s) 'example_bash_decorator' retrieved from /home/jenny/.local/lib/python3.13/site-packages/airflow/example_dags/example_bash_decorator.py
[2026-03-01T14:19:55.915+0530] {logging_mixin.py:190} INFO - [2026-03-01T14:19:55.914+0530] {dag.py:3239} INFO - Sync 1 DAGs
[2026-03-01T14:19:55.922+0530] {logging_mixin.py:190} INFO - [2026-03-01T14:19:55.922+0530] {dag.py:4180} INFO - Setting next_dagrun for example_bash_decorator to None, run_after=None
[2026-03-01T14:19:55.943+0530] {processor.py:208} INFO - Processing /home/jenny/.local/lib/python3.13/site-packages/airflow/example_dags/example_bash_decorator.py took 0.059 seconds
[2026-03-01T14:20:54.729+0530] {processor.py:186} INFO - Started process (PID=216777) to work on /home/jenny/.local/lib/python3.13/site-packages/airflow/example_dags/example_bash_decorator.py
[2026-03-01T14:20:54.730+0530] {processor.py:914} INFO - Processing file /home/jenny/.local/lib/python3.13/site-packages/airflow/example_dags/example_bash_decorator.py for tasks to queue
[2026-03-01T14:20:54.732+0530] {logging_mixin.py:190} INFO - [2026-03-01T14:20:54.731+0530] {dagbag.py:588} INFO - Filling up the DagBag from /home/jenny/.local/lib/python3.13/site-packages/airflow/example_dags/example_bash_decorator.py
[2026-03-01T14:20:54.742+0530] {processor.py:925} INFO - DAG(s) 'example_bash_decorator' retrieved from /home/jenny/.local/lib/python3.13/site-packages/airflow/example_dags/example_bash_decorator.py
[2026-03-01T14:20:54.754+0530] {logging_mixin.py:190} INFO - [2026-03-01T14:20:54.753+0530] {dag.py:3239} INFO - Sync 1 DAGs
[2026-03-01T14:20:54.764+0530] {logging_mixin.py:190} INFO - [2026-03-01T14:20:54.764+0530] {dag.py:4180} INFO - Setting next_dagrun for example_bash_decorator to None, run_after=None
[2026-03-01T14:20:54.782+0530] {processor.py:208} INFO - Processing /home/jenny/.local/lib/python3.13/site-packages/airflow/example_dags/example_bash_decorator.py took 0.057 seconds
[2026-03-01T14:22:18.054+0530] {processor.py:186} INFO - Started process (PID=217746) to work on /home/jenny/.local/lib/python3.13/site-packages/airflow/example_dags/example_bash_decorator.py
[2026-03-01T14:22:18.055+0530] {processor.py:914} INFO - Processing file /home/jenny/.local/lib/python3.13/site-packages/airflow/example_dags/example_bash_decorator.py for tasks to queue
[2026-03-01T14:22:18.058+0530] {logging_mixin.py:190} INFO - [2026-03-01T14:22:18.058+0530] {dagbag.py:588} INFO - Filling up the DagBag from /home/jenny/.local/lib/python3.13/site-packages/airflow/example_dags/example_bash_decorator.py
[2026-03-01T14:22:18.072+0530] {processor.py:925} INFO - DAG(s) 'example_bash_decorator' retrieved from /home/jenny/.local/lib/python3.13/site-packages/airflow/example_dags/example_bash_decorator.py
[2026-03-01T14:22:18.082+0530] {logging_mixin.py:190} INFO - [2026-03-01T14:22:18.082+0530] {dag.py:3239} INFO - Sync 1 DAGs
[2026-03-01T14:22:18.089+0530] {logging_mixin.py:190} INFO - [2026-03-01T14:22:18.089+0530] {dag.py:4180} INFO - Setting next_dagrun for example_bash_decorator to None, run_after=None
[2026-03-01T14:22:18.104+0530] {processor.py:208} INFO - Processing /home/jenny/.local/lib/python3.13/site-packages/airflow/example_dags/example_bash_decorator.py took 0.055 seconds
[2026-03-01T14:23:40.307+0530] {processor.py:186} INFO - Started process (PID=219865) to work on /home/jenny/.local/lib/python3.13/site-packages/airflow/example_dags/example_bash_decorator.py
[2026-03-01T14:23:40.308+0530] {processor.py:914} INFO - Processing file /home/jenny/.local/lib/python3.13/site-packages/airflow/example_dags/example_bash_decorator.py for tasks to queue
[2026-03-01T14:23:40.310+0530] {logging_mixin.py:190} INFO - [2026-03-01T14:23:40.310+0530] {dagbag.py:588} INFO - Filling up the DagBag from /home/jenny/.local/lib/python3.13/site-packages/airflow/example_dags/example_bash_decorator.py
[2026-03-01T14:23:40.323+0530] {processor.py:925} INFO - DAG(s) 'example_bash_decorator' retrieved from /home/jenny/.local/lib/python3.13/site-packages/airflow/example_dags/example_bash_decorator.py
[2026-03-01T14:23:40.338+0530] {logging_mixin.py:190} INFO - [2026-03-01T14:23:40.337+0530] {dag.py:3239} INFO - Sync 1 DAGs
[2026-03-01T14:23:40.346+0530] {logging_mixin.py:190} INFO - [2026-03-01T14:23:40.346+0530] {dag.py:4180} INFO - Setting next_dagrun for example_bash_decorator to None, run_after=None
[2026-03-01T14:23:40.363+0530] {processor.py:208} INFO - Processing /home/jenny/.local/lib/python3.13/site-packages/airflow/example_dags/example_bash_decorator.py took 0.061 seconds
[2026-03-01T14:25:12.609+0530] {processor.py:186} INFO - Started process (PID=221172) to work on /home/jenny/.local/lib/python3.13/site-packages/airflow/example_dags/example_bash_decorator.py
[2026-03-01T14:25:12.611+0530] {processor.py:914} INFO - Processing file /home/jenny/.local/lib/python3.13/site-packages/airflow/example_dags/example_bash_decorator.py for tasks to queue
[2026-03-01T14:25:12.613+0530] {logging_mixin.py:190} INFO - [2026-03-01T14:25:12.613+0530] {dagbag.py:588} INFO - Filling up the DagBag from /home/jenny/.local/lib/python3.13/site-packages/airflow/example_dags/example_bash_decorator.py
[2026-03-01T14:25:12.625+0530] {processor.py:925} INFO - DAG(s) 'example_bash_decorator' retrieved from /home/jenny/.local/lib/python3.13/site-packages/airflow/example_dags/example_bash_decorator.py
[2026-03-01T14:25:12.636+0530] {logging_mixin.py:190} INFO - [2026-03-01T14:25:12.636+0530] {dag.py:3239} INFO - Sync 1 DAGs
[2026-03-01T14:25:12.643+0530] {logging_mixin.py:190} INFO - [2026-03-01T14:25:12.643+0530] {dag.py:4180} INFO - Setting next_dagrun for example_bash_decorator to None, run_after=None
[2026-03-01T14:25:12.659+0530] {processor.py:208} INFO - Processing /home/jenny/.local/lib/python3.13/site-packages/airflow/example_dags/example_bash_decorator.py took 0.053 seconds
[2026-03-01T14:26:27.387+0530] {processor.py:186} INFO - Started process (PID=225607) to work on /home/jenny/.local/lib/python3.13/site-packages/airflow/example_dags/example_bash_decorator.py
[2026-03-01T14:26:27.388+0530] {processor.py:914} INFO - Processing file /home/jenny/.local/lib/python3.13/site-packages/airflow/example_dags/example_bash_decorator.py for tasks to queue
[2026-03-01T14:26:27.391+0530] {logging_mixin.py:190} INFO - [2026-03-01T14:26:27.391+0530] {dagbag.py:588} INFO - Filling up the DagBag from /home/jenny/.local/lib/python3.13/site-packages/airflow/example_dags/example_bash_decorator.py
[2026-03-01T14:26:27.402+0530] {processor.py:925} INFO - DAG(s) 'example_bash_decorator' retrieved from /home/jenny/.local/lib/python3.13/site-packages/airflow/example_dags/example_bash_decorator.py
[2026-03-01T14:26:27.413+0530] {logging_mixin.py:190} INFO - [2026-03-01T14:26:27.413+0530] {dag.py:3239} INFO - Sync 1 DAGs
[2026-03-01T14:26:27.420+0530] {logging_mixin.py:190} INFO - [2026-03-01T14:26:27.420+0530] {dag.py:4180} INFO - Setting next_dagrun for example_bash_decorator to None, run_after=None
[2026-03-01T14:26:27.435+0530] {processor.py:208} INFO - Processing /home/jenny/.local/lib/python3.13/site-packages/airflow/example_dags/example_bash_decorator.py took 0.053 seconds
[2026-03-01T14:28:22.214+0530] {processor.py:186} INFO - Started process (PID=228383) to work on /home/jenny/.local/lib/python3.13/site-packages/airflow/example_dags/example_bash_decorator.py
[2026-03-01T14:28:22.215+0530] {processor.py:914} INFO - Processing file /home/jenny/.local/lib/python3.13/site-packages/airflow/example_dags/example_bash_decorator.py for tasks to queue
[2026-03-01T14:28:22.217+0530] {logging_mixin.py:190} INFO - [2026-03-01T14:28:22.216+0530] {dagbag.py:588} INFO - Filling up the DagBag from /home/jenny/.local/lib/python3.13/site-packages/airflow/example_dags/example_bash_decorator.py
[2026-03-01T14:28:22.230+0530] {processor.py:925} INFO - DAG(s) 'example_bash_decorator' retrieved from /home/jenny/.local/lib/python3.13/site-packages/airflow/example_dags/example_bash_decorator.py
[2026-03-01T14:28:22.240+0530] {logging_mixin.py:190} INFO - [2026-03-01T14:28:22.240+0530] {dag.py:3239} INFO - Sync 1 DAGs
[2026-03-01T14:28:22.249+0530] {logging_mixin.py:190} INFO - [2026-03-01T14:28:22.249+0530] {dag.py:4180} INFO - Setting next_dagrun for example_bash_decorator to None, run_after=None
[2026-03-01T14:28:22.267+0530] {processor.py:208} INFO - Processing /home/jenny/.local/lib/python3.13/site-packages/airflow/example_dags/example_bash_decorator.py took 0.058 seconds
[2026-03-01T14:30:24.105+0530] {processor.py:186} INFO - Started process (PID=230153) to work on /home/jenny/.local/lib/python3.13/site-packages/airflow/example_dags/example_bash_decorator.py
[2026-03-01T14:30:24.106+0530] {processor.py:914} INFO - Processing file /home/jenny/.local/lib/python3.13/site-packages/airflow/example_dags/example_bash_decorator.py for tasks to queue
[2026-03-01T14:30:24.108+0530] {logging_mixin.py:190} INFO - [2026-03-01T14:30:24.108+0530] {dagbag.py:588} INFO - Filling up the DagBag from /home/jenny/.local/lib/python3.13/site-packages/airflow/example_dags/example_bash_decorator.py
[2026-03-01T14:30:24.119+0530] {processor.py:925} INFO - DAG(s) 'example_bash_decorator' retrieved from /home/jenny/.local/lib/python3.13/site-packages/airflow/example_dags/example_bash_decorator.py
[2026-03-01T14:30:24.130+0530] {logging_mixin.py:190} INFO - [2026-03-01T14:30:24.130+0530] {dag.py:3239} INFO - Sync 1 DAGs
[2026-03-01T14:30:24.137+0530] {logging_mixin.py:190} INFO - [2026-03-01T14:30:24.137+0530] {dag.py:4180} INFO - Setting next_dagrun for example_bash_decorator to None, run_after=None
[2026-03-01T14:30:24.152+0530] {processor.py:208} INFO - Processing /home/jenny/.local/lib/python3.13/site-packages/airflow/example_dags/example_bash_decorator.py took 0.050 seconds
[2026-03-01T14:32:06.010+0530] {processor.py:186} INFO - Started process (PID=231744) to work on /home/jenny/.local/lib/python3.13/site-packages/airflow/example_dags/example_bash_decorator.py
[2026-03-01T14:32:06.011+0530] {processor.py:914} INFO - Processing file /home/jenny/.local/lib/python3.13/site-packages/airflow/example_dags/example_bash_decorator.py for tasks to queue
[2026-03-01T14:32:06.013+0530] {logging_mixin.py:190} INFO - [2026-03-01T14:32:06.013+0530] {dagbag.py:588} INFO - Filling up the DagBag from /home/jenny/.local/lib/python3.13/site-packages/airflow/example_dags/example_bash_decorator.py
[2026-03-01T14:32:06.024+0530] {processor.py:925} INFO - DAG(s) 'example_bash_decorator' retrieved from /home/jenny/.local/lib/python3.13/site-packages/airflow/example_dags/example_bash_decorator.py
[2026-03-01T14:32:06.035+0530] {logging_mixin.py:190} INFO - [2026-03-01T14:32:06.035+0530] {dag.py:3239} INFO - Sync 1 DAGs
[2026-03-01T14:32:06.042+0530] {logging_mixin.py:190} INFO - [2026-03-01T14:32:06.042+0530] {dag.py:4180} INFO - Setting next_dagrun for example_bash_decorator to None, run_after=None
[2026-03-01T14:32:06.057+0530] {processor.py:208} INFO - Processing /home/jenny/.local/lib/python3.13/site-packages/airflow/example_dags/example_bash_decorator.py took 0.051 seconds
[2026-03-01T14:33:40.964+0530] {processor.py:186} INFO - Started process (PID=233253) to work on /home/jenny/.local/lib/python3.13/site-packages/airflow/example_dags/example_bash_decorator.py
[2026-03-01T14:33:40.966+0530] {processor.py:914} INFO - Processing file /home/jenny/.local/lib/python3.13/site-packages/airflow/example_dags/example_bash_decorator.py for tasks to queue
[2026-03-01T14:33:40.969+0530] {logging_mixin.py:190} INFO - [2026-03-01T14:33:40.969+0530] {dagbag.py:588} INFO - Filling up the DagBag from /home/jenny/.local/lib/python3.13/site-packages/airflow/example_dags/example_bash_decorator.py
[2026-03-01T14:33:40.981+0530] {processor.py:925} INFO - DAG(s) 'example_bash_decorator' retrieved from /home/jenny/.local/lib/python3.13/site-packages/airflow/example_dags/example_bash_decorator.py
[2026-03-01T14:33:40.991+0530] {logging_mixin.py:190} INFO - [2026-03-01T14:33:40.991+0530] {dag.py:3239} INFO - Sync 1 DAGs
[2026-03-01T14:33:40.999+0530] {logging_mixin.py:190} INFO - [2026-03-01T14:33:40.998+0530] {dag.py:4180} INFO - Setting next_dagrun for example_bash_decorator to None, run_after=None
[2026-03-01T14:33:41.014+0530] {processor.py:208} INFO - Processing /home/jenny/.local/lib/python3.13/site-packages/airflow/example_dags/example_bash_decorator.py took 0.055 seconds
[2026-03-01T14:34:50.845+0530] {processor.py:186} INFO - Started process (PID=233662) to work on /home/jenny/.local/lib/python3.13/site-packages/airflow/example_dags/example_bash_decorator.py
[2026-03-01T14:34:50.847+0530] {processor.py:914} INFO - Processing file /home/jenny/.local/lib/python3.13/site-packages/airflow/example_dags/example_bash_decorator.py for tasks to queue
[2026-03-01T14:34:50.850+0530] {logging_mixin.py:190} INFO - [2026-03-01T14:34:50.850+0530] {dagbag.py:588} INFO - Filling up the DagBag from /home/jenny/.local/lib/python3.13/site-packages/airflow/example_dags/example_bash_decorator.py
[2026-03-01T14:34:50.862+0530] {processor.py:925} INFO - DAG(s) 'example_bash_decorator' retrieved from /home/jenny/.local/lib/python3.13/site-packages/airflow/example_dags/example_bash_decorator.py
[2026-03-01T14:34:50.872+0530] {logging_mixin.py:190} INFO - [2026-03-01T14:34:50.872+0530] {dag.py:3239} INFO - Sync 1 DAGs
[2026-03-01T14:34:50.879+0530] {logging_mixin.py:190} INFO - [2026-03-01T14:34:50.879+0530] {dag.py:4180} INFO - Setting next_dagrun for example_bash_decorator to None, run_after=None
[2026-03-01T14:34:50.894+0530] {processor.py:208} INFO - Processing /home/jenny/.local/lib/python3.13/site-packages/airflow/example_dags/example_bash_decorator.py took 0.055 seconds
[2026-03-01T14:36:12.008+0530] {processor.py:186} INFO - Started process (PID=234038) to work on /home/jenny/.local/lib/python3.13/site-packages/airflow/example_dags/example_bash_decorator.py
[2026-03-01T14:36:12.009+0530] {processor.py:914} INFO - Processing file /home/jenny/.local/lib/python3.13/site-packages/airflow/example_dags/example_bash_decorator.py for tasks to queue
[2026-03-01T14:36:12.012+0530] {logging_mixin.py:190} INFO - [2026-03-01T14:36:12.012+0530] {dagbag.py:588} INFO - Filling up the DagBag from /home/jenny/.local/lib/python3.13/site-packages/airflow/example_dags/example_bash_decorator.py
[2026-03-01T14:36:12.023+0530] {processor.py:925} INFO - DAG(s) 'example_bash_decorator' retrieved from /home/jenny/.local/lib/python3.13/site-packages/airflow/example_dags/example_bash_decorator.py
[2026-03-01T14:36:12.033+0530] {logging_mixin.py:190} INFO - [2026-03-01T14:36:12.033+0530] {dag.py:3239} INFO - Sync 1 DAGs
[2026-03-01T14:36:12.040+0530] {logging_mixin.py:190} INFO - [2026-03-01T14:36:12.040+0530] {dag.py:4180} INFO - Setting next_dagrun for example_bash_decorator to None, run_after=None
[2026-03-01T14:36:12.077+0530] {processor.py:208} INFO - Processing /home/jenny/.local/lib/python3.13/site-packages/airflow/example_dags/example_bash_decorator.py took 0.074 seconds
[2026-03-01T14:37:34.328+0530] {processor.py:186} INFO - Started process (PID=234326) to work on /home/jenny/.local/lib/python3.13/site-packages/airflow/example_dags/example_bash_decorator.py
[2026-03-01T14:37:34.329+0530] {processor.py:914} INFO - Processing file /home/jenny/.local/lib/python3.13/site-packages/airflow/example_dags/example_bash_decorator.py for tasks to queue
[2026-03-01T14:37:34.332+0530] {logging_mixin.py:190} INFO - [2026-03-01T14:37:34.332+0530] {dagbag.py:588} INFO - Filling up the DagBag from /home/jenny/.local/lib/python3.13/site-packages/airflow/example_dags/example_bash_decorator.py
[2026-03-01T14:37:34.343+0530] {processor.py:925} INFO - DAG(s) 'example_bash_decorator' retrieved from /home/jenny/.local/lib/python3.13/site-packages/airflow/example_dags/example_bash_decorator.py
[2026-03-01T14:37:34.354+0530] {logging_mixin.py:190} INFO - [2026-03-01T14:37:34.353+0530] {dag.py:3239} INFO - Sync 1 DAGs
[2026-03-01T14:37:34.361+0530] {logging_mixin.py:190} INFO - [2026-03-01T14:37:34.360+0530] {dag.py:4180} INFO - Setting next_dagrun for example_bash_decorator to None, run_after=None
[2026-03-01T14:37:34.375+0530] {processor.py:208} INFO - Processing /home/jenny/.local/lib/python3.13/site-packages/airflow/example_dags/example_bash_decorator.py took 0.052 seconds
[2026-03-01T14:38:55.936+0530] {processor.py:186} INFO - Started process (PID=235024) to work on /home/jenny/.local/lib/python3.13/site-packages/airflow/example_dags/example_bash_decorator.py
[2026-03-01T14:38:55.937+0530] {processor.py:914} INFO - Processing file /home/jenny/.local/lib/python3.13/site-packages/airflow/example_dags/example_bash_decorator.py for tasks to queue
[2026-03-01T14:38:55.938+0530] {logging_mixin.py:190} INFO - [2026-03-01T14:38:55.938+0530] {dagbag.py:588} INFO - Filling up the DagBag from /home/jenny/.local/lib/python3.13/site-packages/airflow/example_dags/example_bash_decorator.py
[2026-03-01T14:38:55.950+0530] {processor.py:925} INFO - DAG(s) 'example_bash_decorator' retrieved from /home/jenny/.local/lib/python3.13/site-packages/airflow/example_dags/example_bash_decorator.py
[2026-03-01T14:38:55.963+0530] {logging_mixin.py:190} INFO - [2026-03-01T14:38:55.963+0530] {dag.py:3239} INFO - Sync 1 DAGs
[2026-03-01T14:38:55.972+0530] {logging_mixin.py:190} INFO - [2026-03-01T14:38:55.972+0530] {dag.py:4180} INFO - Setting next_dagrun for example_bash_decorator to None, run_after=None
[2026-03-01T14:38:55.989+0530] {processor.py:208} INFO - Processing /home/jenny/.local/lib/python3.13/site-packages/airflow/example_dags/example_bash_decorator.py took 0.057 seconds
[2026-03-01T14:40:15.381+0530] {processor.py:186} INFO - Started process (PID=235335) to work on /home/jenny/.local/lib/python3.13/site-packages/airflow/example_dags/example_bash_decorator.py
[2026-03-01T14:40:15.382+0530] {processor.py:914} INFO - Processing file /home/jenny/.local/lib/python3.13/site-packages/airflow/example_dags/example_bash_decorator.py for tasks to queue
[2026-03-01T14:40:15.384+0530] {logging_mixin.py:190} INFO - [2026-03-01T14:40:15.384+0530] {dagbag.py:588} INFO - Filling up the DagBag from /home/jenny/.local/lib/python3.13/site-packages/airflow/example_dags/example_bash_decorator.py
[2026-03-01T14:40:15.398+0530] {processor.py:925} INFO - DAG(s) 'example_bash_decorator' retrieved from /home/jenny/.local/lib/python3.13/site-packages/airflow/example_dags/example_bash_decorator.py
[2026-03-01T14:40:15.411+0530] {logging_mixin.py:190} INFO - [2026-03-01T14:40:15.411+0530] {dag.py:3239} INFO - Sync 1 DAGs
[2026-03-01T14:40:15.420+0530] {logging_mixin.py:190} INFO - [2026-03-01T14:40:15.419+0530] {dag.py:4180} INFO - Setting next_dagrun for example_bash_decorator to None, run_after=None
[2026-03-01T14:40:15.438+0530] {processor.py:208} INFO - Processing /home/jenny/.local/lib/python3.13/site-packages/airflow/example_dags/example_bash_decorator.py took 0.062 seconds
[2026-03-01T14:41:36.529+0530] {processor.py:186} INFO - Started process (PID=239489) to work on /home/jenny/.local/lib/python3.13/site-packages/airflow/example_dags/example_bash_decorator.py
[2026-03-01T14:41:36.530+0530] {processor.py:914} INFO - Processing file /home/jenny/.local/lib/python3.13/site-packages/airflow/example_dags/example_bash_decorator.py for tasks to queue
[2026-03-01T14:41:36.532+0530] {logging_mixin.py:190} INFO - [2026-03-01T14:41:36.532+0530] {dagbag.py:588} INFO - Filling up the DagBag from /home/jenny/.local/lib/python3.13/site-packages/airflow/example_dags/example_bash_decorator.py
[2026-03-01T14:41:36.544+0530] {processor.py:925} INFO - DAG(s) 'example_bash_decorator' retrieved from /home/jenny/.local/lib/python3.13/site-packages/airflow/example_dags/example_bash_decorator.py
[2026-03-01T14:41:36.557+0530] {logging_mixin.py:190} INFO - [2026-03-01T14:41:36.557+0530] {dag.py:3239} INFO - Sync 1 DAGs
[2026-03-01T14:41:36.568+0530] {logging_mixin.py:190} INFO - [2026-03-01T14:41:36.567+0530] {dag.py:4180} INFO - Setting next_dagrun for example_bash_decorator to None, run_after=None
[2026-03-01T14:41:36.585+0530] {processor.py:208} INFO - Processing /home/jenny/.local/lib/python3.13/site-packages/airflow/example_dags/example_bash_decorator.py took 0.060 seconds
[2026-03-01T14:42:56.219+0530] {processor.py:186} INFO - Started process (PID=239708) to work on /home/jenny/.local/lib/python3.13/site-packages/airflow/example_dags/example_bash_decorator.py
[2026-03-01T14:42:56.220+0530] {processor.py:914} INFO - Processing file /home/jenny/.local/lib/python3.13/site-packages/airflow/example_dags/example_bash_decorator.py for tasks to queue
[2026-03-01T14:42:56.222+0530] {logging_mixin.py:190} INFO - [2026-03-01T14:42:56.222+0530] {dagbag.py:588} INFO - Filling up the DagBag from /home/jenny/.local/lib/python3.13/site-packages/airflow/example_dags/example_bash_decorator.py
[2026-03-01T14:42:56.234+0530] {processor.py:925} INFO - DAG(s) 'example_bash_decorator' retrieved from /home/jenny/.local/lib/python3.13/site-packages/airflow/example_dags/example_bash_decorator.py
[2026-03-01T14:42:56.248+0530] {logging_mixin.py:190} INFO - [2026-03-01T14:42:56.248+0530] {dag.py:3239} INFO - Sync 1 DAGs
[2026-03-01T14:42:56.257+0530] {logging_mixin.py:190} INFO - [2026-03-01T14:42:56.256+0530] {dag.py:4180} INFO - Setting next_dagrun for example_bash_decorator to None, run_after=None
[2026-03-01T14:42:56.273+0530] {processor.py:208} INFO - Processing /home/jenny/.local/lib/python3.13/site-packages/airflow/example_dags/example_bash_decorator.py took 0.060 seconds
[2026-03-01T14:44:14.065+0530] {processor.py:186} INFO - Started process (PID=239958) to work on /home/jenny/.local/lib/python3.13/site-packages/airflow/example_dags/example_bash_decorator.py
[2026-03-01T14:44:14.066+0530] {processor.py:914} INFO - Processing file /home/jenny/.local/lib/python3.13/site-packages/airflow/example_dags/example_bash_decorator.py for tasks to queue
[2026-03-01T14:44:14.068+0530] {logging_mixin.py:190} INFO - [2026-03-01T14:44:14.068+0530] {dagbag.py:588} INFO - Filling up the DagBag from /home/jenny/.local/lib/python3.13/site-packages/airflow/example_dags/example_bash_decorator.py
[2026-03-01T14:44:14.079+0530] {processor.py:925} INFO - DAG(s) 'example_bash_decorator' retrieved from /home/jenny/.local/lib/python3.13/site-packages/airflow/example_dags/example_bash_decorator.py
[2026-03-01T14:44:14.093+0530] {logging_mixin.py:190} INFO - [2026-03-01T14:44:14.092+0530] {dag.py:3239} INFO - Sync 1 DAGs
[2026-03-01T14:44:14.101+0530] {logging_mixin.py:190} INFO - [2026-03-01T14:44:14.101+0530] {dag.py:4180} INFO - Setting next_dagrun for example_bash_decorator to None, run_after=None
[2026-03-01T14:44:14.118+0530] {processor.py:208} INFO - Processing /home/jenny/.local/lib/python3.13/site-packages/airflow/example_dags/example_bash_decorator.py took 0.058 seconds
[2026-03-01T14:45:37.269+0530] {processor.py:186} INFO - Started process (PID=240232) to work on /home/jenny/.local/lib/python3.13/site-packages/airflow/example_dags/example_bash_decorator.py
[2026-03-01T14:45:37.270+0530] {processor.py:914} INFO - Processing file /home/jenny/.local/lib/python3.13/site-packages/airflow/example_dags/example_bash_decorator.py for tasks to queue
[2026-03-01T14:45:37.272+0530] {logging_mixin.py:190} INFO - [2026-03-01T14:45:37.272+0530] {dagbag.py:588} INFO - Filling up the DagBag from /home/jenny/.local/lib/python3.13/site-packages/airflow/example_dags/example_bash_decorator.py
[2026-03-01T14:45:37.286+0530] {processor.py:925} INFO - DAG(s) 'example_bash_decorator' retrieved from /home/jenny/.local/lib/python3.13/site-packages/airflow/example_dags/example_bash_decorator.py
[2026-03-01T14:45:37.297+0530] {logging_mixin.py:190} INFO - [2026-03-01T14:45:37.297+0530] {dag.py:3239} INFO - Sync 1 DAGs
[2026-03-01T14:45:37.305+0530] {logging_mixin.py:190} INFO - [2026-03-01T14:45:37.305+0530] {dag.py:4180} INFO - Setting next_dagrun for example_bash_decorator to None, run_after=None
[2026-03-01T14:45:37.419+0530] {processor.py:208} INFO - Processing /home/jenny/.local/lib/python3.13/site-packages/airflow/example_dags/example_bash_decorator.py took 0.154 seconds
[2026-03-01T14:46:37.626+0530] {processor.py:186} INFO - Started process (PID=240401) to work on /home/jenny/.local/lib/python3.13/site-packages/airflow/example_dags/example_bash_decorator.py
[2026-03-01T14:46:37.627+0530] {processor.py:914} INFO - Processing file /home/jenny/.local/lib/python3.13/site-packages/airflow/example_dags/example_bash_decorator.py for tasks to queue
[2026-03-01T14:46:37.630+0530] {logging_mixin.py:190} INFO - [2026-03-01T14:46:37.630+0530] {dagbag.py:588} INFO - Filling up the DagBag from /home/jenny/.local/lib/python3.13/site-packages/airflow/example_dags/example_bash_decorator.py
[2026-03-01T14:46:37.641+0530] {processor.py:925} INFO - DAG(s) 'example_bash_decorator' retrieved from /home/jenny/.local/lib/python3.13/site-packages/airflow/example_dags/example_bash_decorator.py
[2026-03-01T14:46:37.652+0530] {logging_mixin.py:190} INFO - [2026-03-01T14:46:37.652+0530] {dag.py:3239} INFO - Sync 1 DAGs
[2026-03-01T14:46:37.763+0530] {logging_mixin.py:190} INFO - [2026-03-01T14:46:37.763+0530] {dag.py:4180} INFO - Setting next_dagrun for example_bash_decorator to None, run_after=None
[2026-03-01T14:46:37.783+0530] {processor.py:208} INFO - Processing /home/jenny/.local/lib/python3.13/site-packages/airflow/example_dags/example_bash_decorator.py took 0.164 seconds
[2026-03-01T14:47:40.395+0530] {processor.py:186} INFO - Started process (PID=240582) to work on /home/jenny/.local/lib/python3.13/site-packages/airflow/example_dags/example_bash_decorator.py
[2026-03-01T14:47:40.396+0530] {processor.py:914} INFO - Processing file /home/jenny/.local/lib/python3.13/site-packages/airflow/example_dags/example_bash_decorator.py for tasks to queue
[2026-03-01T14:47:40.397+0530] {logging_mixin.py:190} INFO - [2026-03-01T14:47:40.397+0530] {dagbag.py:588} INFO - Filling up the DagBag from /home/jenny/.local/lib/python3.13/site-packages/airflow/example_dags/example_bash_decorator.py
[2026-03-01T14:47:40.507+0530] {processor.py:925} INFO - DAG(s) 'example_bash_decorator' retrieved from /home/jenny/.local/lib/python3.13/site-packages/airflow/example_dags/example_bash_decorator.py
[2026-03-01T14:47:40.516+0530] {logging_mixin.py:190} INFO - [2026-03-01T14:47:40.515+0530] {dag.py:3239} INFO - Sync 1 DAGs
[2026-03-01T14:47:40.521+0530] {logging_mixin.py:190} INFO - [2026-03-01T14:47:40.521+0530] {dag.py:4180} INFO - Setting next_dagrun for example_bash_decorator to None, run_after=None
[2026-03-01T14:47:40.536+0530] {processor.py:208} INFO - Processing /home/jenny/.local/lib/python3.13/site-packages/airflow/example_dags/example_bash_decorator.py took 0.145 seconds
[2026-03-01T14:48:42.217+0530] {processor.py:186} INFO - Started process (PID=240881) to work on /home/jenny/.local/lib/python3.13/site-packages/airflow/example_dags/example_bash_decorator.py
[2026-03-01T14:48:42.218+0530] {processor.py:914} INFO - Processing file /home/jenny/.local/lib/python3.13/site-packages/airflow/example_dags/example_bash_decorator.py for tasks to queue
[2026-03-01T14:48:42.219+0530] {logging_mixin.py:190} INFO - [2026-03-01T14:48:42.219+0530] {dagbag.py:588} INFO - Filling up the DagBag from /home/jenny/.local/lib/python3.13/site-packages/airflow/example_dags/example_bash_decorator.py
[2026-03-01T14:48:42.229+0530] {processor.py:925} INFO - DAG(s) 'example_bash_decorator' retrieved from /home/jenny/.local/lib/python3.13/site-packages/airflow/example_dags/example_bash_decorator.py
[2026-03-01T14:48:42.239+0530] {logging_mixin.py:190} INFO - [2026-03-01T14:48:42.239+0530] {dag.py:3239} INFO - Sync 1 DAGs
[2026-03-01T14:48:42.247+0530] {logging_mixin.py:190} INFO - [2026-03-01T14:48:42.246+0530] {dag.py:4180} INFO - Setting next_dagrun for example_bash_decorator to None, run_after=None
[2026-03-01T14:48:42.262+0530] {processor.py:208} INFO - Processing /home/jenny/.local/lib/python3.13/site-packages/airflow/example_dags/example_bash_decorator.py took 0.048 seconds
[2026-03-01T14:50:02.535+0530] {processor.py:186} INFO - Started process (PID=241258) to work on /home/jenny/.local/lib/python3.13/site-packages/airflow/example_dags/example_bash_decorator.py
[2026-03-01T14:50:02.536+0530] {processor.py:914} INFO - Processing file /home/jenny/.local/lib/python3.13/site-packages/airflow/example_dags/example_bash_decorator.py for tasks to queue
[2026-03-01T14:50:02.539+0530] {logging_mixin.py:190} INFO - [2026-03-01T14:50:02.538+0530] {dagbag.py:588} INFO - Filling up the DagBag from /home/jenny/.local/lib/python3.13/site-packages/airflow/example_dags/example_bash_decorator.py
[2026-03-01T14:50:02.549+0530] {processor.py:925} INFO - DAG(s) 'example_bash_decorator' retrieved from /home/jenny/.local/lib/python3.13/site-packages/airflow/example_dags/example_bash_decorator.py
[2026-03-01T14:50:02.560+0530] {logging_mixin.py:190} INFO - [2026-03-01T14:50:02.560+0530] {dag.py:3239} INFO - Sync 1 DAGs
[2026-03-01T14:50:02.567+0530] {logging_mixin.py:190} INFO - [2026-03-01T14:50:02.567+0530] {dag.py:4180} INFO - Setting next_dagrun for example_bash_decorator to None, run_after=None
[2026-03-01T14:50:02.604+0530] {processor.py:208} INFO - Processing /home/jenny/.local/lib/python3.13/site-packages/airflow/example_dags/example_bash_decorator.py took 0.074 seconds
[2026-03-01T14:50:59.319+0530] {processor.py:186} INFO - Started process (PID=241562) to work on /home/jenny/.local/lib/python3.13/site-packages/airflow/example_dags/example_bash_decorator.py
[2026-03-01T14:50:59.320+0530] {processor.py:914} INFO - Processing file /home/jenny/.local/lib/python3.13/site-packages/airflow/example_dags/example_bash_decorator.py for tasks to queue
[2026-03-01T14:50:59.322+0530] {logging_mixin.py:190} INFO - [2026-03-01T14:50:59.321+0530] {dagbag.py:588} INFO - Filling up the DagBag from /home/jenny/.local/lib/python3.13/site-packages/airflow/example_dags/example_bash_decorator.py
[2026-03-01T14:50:59.333+0530] {processor.py:925} INFO - DAG(s) 'example_bash_decorator' retrieved from /home/jenny/.local/lib/python3.13/site-packages/airflow/example_dags/example_bash_decorator.py
[2026-03-01T14:50:59.348+0530] {logging_mixin.py:190} INFO - [2026-03-01T14:50:59.348+0530] {dag.py:3239} INFO - Sync 1 DAGs
[2026-03-01T14:50:59.356+0530] {logging_mixin.py:190} INFO - [2026-03-01T14:50:59.356+0530] {dag.py:4180} INFO - Setting next_dagrun for example_bash_decorator to None, run_after=None
[2026-03-01T14:50:59.377+0530] {processor.py:208} INFO - Processing /home/jenny/.local/lib/python3.13/site-packages/airflow/example_dags/example_bash_decorator.py took 0.062 seconds
[2026-03-01T14:52:18.912+0530] {processor.py:186} INFO - Started process (PID=241976) to work on /home/jenny/.local/lib/python3.13/site-packages/airflow/example_dags/example_bash_decorator.py
[2026-03-01T14:52:18.913+0530] {processor.py:914} INFO - Processing file /home/jenny/.local/lib/python3.13/site-packages/airflow/example_dags/example_bash_decorator.py for tasks to queue
[2026-03-01T14:52:18.916+0530] {logging_mixin.py:190} INFO - [2026-03-01T14:52:18.915+0530] {dagbag.py:588} INFO - Filling up the DagBag from /home/jenny/.local/lib/python3.13/site-packages/airflow/example_dags/example_bash_decorator.py
[2026-03-01T14:52:18.931+0530] {processor.py:925} INFO - DAG(s) 'example_bash_decorator' retrieved from /home/jenny/.local/lib/python3.13/site-packages/airflow/example_dags/example_bash_decorator.py
[2026-03-01T14:52:18.944+0530] {logging_mixin.py:190} INFO - [2026-03-01T14:52:18.944+0530] {dag.py:3239} INFO - Sync 1 DAGs
[2026-03-01T14:52:18.952+0530] {logging_mixin.py:190} INFO - [2026-03-01T14:52:18.952+0530] {dag.py:4180} INFO - Setting next_dagrun for example_bash_decorator to None, run_after=None
[2026-03-01T14:52:18.968+0530] {processor.py:208} INFO - Processing /home/jenny/.local/lib/python3.13/site-packages/airflow/example_dags/example_bash_decorator.py took 0.060 seconds
[2026-03-01T14:53:37.389+0530] {processor.py:186} INFO - Started process (PID=242196) to work on /home/jenny/.local/lib/python3.13/site-packages/airflow/example_dags/example_bash_decorator.py
[2026-03-01T14:53:37.391+0530] {processor.py:914} INFO - Processing file /home/jenny/.local/lib/python3.13/site-packages/airflow/example_dags/example_bash_decorator.py for tasks to queue
[2026-03-01T14:53:37.394+0530] {logging_mixin.py:190} INFO - [2026-03-01T14:53:37.393+0530] {dagbag.py:588} INFO - Filling up the DagBag from /home/jenny/.local/lib/python3.13/site-packages/airflow/example_dags/example_bash_decorator.py
[2026-03-01T14:53:37.406+0530] {processor.py:925} INFO - DAG(s) 'example_bash_decorator' retrieved from /home/jenny/.local/lib/python3.13/site-packages/airflow/example_dags/example_bash_decorator.py
[2026-03-01T14:53:37.417+0530] {logging_mixin.py:190} INFO - [2026-03-01T14:53:37.417+0530] {dag.py:3239} INFO - Sync 1 DAGs
[2026-03-01T14:53:37.426+0530] {logging_mixin.py:190} INFO - [2026-03-01T14:53:37.426+0530] {dag.py:4180} INFO - Setting next_dagrun for example_bash_decorator to None, run_after=None
[2026-03-01T14:53:37.442+0530] {processor.py:208} INFO - Processing /home/jenny/.local/lib/python3.13/site-packages/airflow/example_dags/example_bash_decorator.py took 0.059 seconds
[2026-03-01T14:54:58.657+0530] {processor.py:186} INFO - Started process (PID=242448) to work on /home/jenny/.local/lib/python3.13/site-packages/airflow/example_dags/example_bash_decorator.py
[2026-03-01T14:54:58.658+0530] {processor.py:914} INFO - Processing file /home/jenny/.local/lib/python3.13/site-packages/airflow/example_dags/example_bash_decorator.py for tasks to queue
[2026-03-01T14:54:58.661+0530] {logging_mixin.py:190} INFO - [2026-03-01T14:54:58.660+0530] {dagbag.py:588} INFO - Filling up the DagBag from /home/jenny/.local/lib/python3.13/site-packages/airflow/example_dags/example_bash_decorator.py
[2026-03-01T14:54:58.672+0530] {processor.py:925} INFO - DAG(s) 'example_bash_decorator' retrieved from /home/jenny/.local/lib/python3.13/site-packages/airflow/example_dags/example_bash_decorator.py
[2026-03-01T14:54:58.682+0530] {logging_mixin.py:190} INFO - [2026-03-01T14:54:58.682+0530] {dag.py:3239} INFO - Sync 1 DAGs
[2026-03-01T14:54:58.690+0530] {logging_mixin.py:190} INFO - [2026-03-01T14:54:58.689+0530] {dag.py:4180} INFO - Setting next_dagrun for example_bash_decorator to None, run_after=None
[2026-03-01T14:54:58.705+0530] {processor.py:208} INFO - Processing /home/jenny/.local/lib/python3.13/site-packages/airflow/example_dags/example_bash_decorator.py took 0.054 seconds
[2026-03-01T14:56:18.873+0530] {processor.py:186} INFO - Started process (PID=246640) to work on /home/jenny/.local/lib/python3.13/site-packages/airflow/example_dags/example_bash_decorator.py
[2026-03-01T14:56:18.874+0530] {processor.py:914} INFO - Processing file /home/jenny/.local/lib/python3.13/site-packages/airflow/example_dags/example_bash_decorator.py for tasks to queue
[2026-03-01T14:56:18.877+0530] {logging_mixin.py:190} INFO - [2026-03-01T14:56:18.876+0530] {dagbag.py:588} INFO - Filling up the DagBag from /home/jenny/.local/lib/python3.13/site-packages/airflow/example_dags/example_bash_decorator.py
[2026-03-01T14:56:18.888+0530] {processor.py:925} INFO - DAG(s) 'example_bash_decorator' retrieved from /home/jenny/.local/lib/python3.13/site-packages/airflow/example_dags/example_bash_decorator.py
[2026-03-01T14:56:18.898+0530] {logging_mixin.py:190} INFO - [2026-03-01T14:56:18.898+0530] {dag.py:3239} INFO - Sync 1 DAGs
[2026-03-01T14:56:18.906+0530] {logging_mixin.py:190} INFO - [2026-03-01T14:56:18.906+0530] {dag.py:4180} INFO - Setting next_dagrun for example_bash_decorator to None, run_after=None
[2026-03-01T14:56:18.935+0530] {processor.py:208} INFO - Processing /home/jenny/.local/lib/python3.13/site-packages/airflow/example_dags/example_bash_decorator.py took 0.068 seconds
[2026-03-01T14:57:40.586+0530] {processor.py:186} INFO - Started process (PID=246861) to work on /home/jenny/.local/lib/python3.13/site-packages/airflow/example_dags/example_bash_decorator.py
[2026-03-01T14:57:40.587+0530] {processor.py:914} INFO - Processing file /home/jenny/.local/lib/python3.13/site-packages/airflow/example_dags/example_bash_decorator.py for tasks to queue
[2026-03-01T14:57:40.589+0530] {logging_mixin.py:190} INFO - [2026-03-01T14:57:40.589+0530] {dagbag.py:588} INFO - Filling up the DagBag from /home/jenny/.local/lib/python3.13/site-packages/airflow/example_dags/example_bash_decorator.py
[2026-03-01T14:57:40.602+0530] {processor.py:925} INFO - DAG(s) 'example_bash_decorator' retrieved from /home/jenny/.local/lib/python3.13/site-packages/airflow/example_dags/example_bash_decorator.py
[2026-03-01T14:57:40.619+0530] {logging_mixin.py:190} INFO - [2026-03-01T14:57:40.618+0530] {dag.py:3239} INFO - Sync 1 DAGs
[2026-03-01T14:57:40.628+0530] {logging_mixin.py:190} INFO - [2026-03-01T14:57:40.628+0530] {dag.py:4180} INFO - Setting next_dagrun for example_bash_decorator to None, run_after=None
[2026-03-01T14:57:40.645+0530] {processor.py:208} INFO - Processing /home/jenny/.local/lib/python3.13/site-packages/airflow/example_dags/example_bash_decorator.py took 0.063 seconds
[2026-03-01T14:59:02.375+0530] {processor.py:186} INFO - Started process (PID=247320) to work on /home/jenny/.local/lib/python3.13/site-packages/airflow/example_dags/example_bash_decorator.py
[2026-03-01T14:59:02.376+0530] {processor.py:914} INFO - Processing file /home/jenny/.local/lib/python3.13/site-packages/airflow/example_dags/example_bash_decorator.py for tasks to queue
[2026-03-01T14:59:02.379+0530] {logging_mixin.py:190} INFO - [2026-03-01T14:59:02.378+0530] {dagbag.py:588} INFO - Filling up the DagBag from /home/jenny/.local/lib/python3.13/site-packages/airflow/example_dags/example_bash_decorator.py
[2026-03-01T14:59:02.390+0530] {processor.py:925} INFO - DAG(s) 'example_bash_decorator' retrieved from /home/jenny/.local/lib/python3.13/site-packages/airflow/example_dags/example_bash_decorator.py
[2026-03-01T14:59:02.407+0530] {logging_mixin.py:190} INFO - [2026-03-01T14:59:02.407+0530] {dag.py:3239} INFO - Sync 1 DAGs
[2026-03-01T14:59:02.415+0530] {logging_mixin.py:190} INFO - [2026-03-01T14:59:02.415+0530] {dag.py:4180} INFO - Setting next_dagrun for example_bash_decorator to None, run_after=None
[2026-03-01T14:59:02.436+0530] {processor.py:208} INFO - Processing /home/jenny/.local/lib/python3.13/site-packages/airflow/example_dags/example_bash_decorator.py took 0.066 seconds
[2026-03-01T15:00:23.432+0530] {processor.py:186} INFO - Started process (PID=247978) to work on /home/jenny/.local/lib/python3.13/site-packages/airflow/example_dags/example_bash_decorator.py
[2026-03-01T15:00:23.432+0530] {processor.py:914} INFO - Processing file /home/jenny/.local/lib/python3.13/site-packages/airflow/example_dags/example_bash_decorator.py for tasks to queue
[2026-03-01T15:00:23.434+0530] {logging_mixin.py:190} INFO - [2026-03-01T15:00:23.434+0530] {dagbag.py:588} INFO - Filling up the DagBag from /home/jenny/.local/lib/python3.13/site-packages/airflow/example_dags/example_bash_decorator.py
[2026-03-01T15:00:23.446+0530] {processor.py:925} INFO - DAG(s) 'example_bash_decorator' retrieved from /home/jenny/.local/lib/python3.13/site-packages/airflow/example_dags/example_bash_decorator.py
[2026-03-01T15:00:23.456+0530] {logging_mixin.py:190} INFO - [2026-03-01T15:00:23.456+0530] {dag.py:3239} INFO - Sync 1 DAGs
[2026-03-01T15:00:23.464+0530] {logging_mixin.py:190} INFO - [2026-03-01T15:00:23.463+0530] {dag.py:4180} INFO - Setting next_dagrun for example_bash_decorator to None, run_after=None
[2026-03-01T15:00:23.479+0530] {processor.py:208} INFO - Processing /home/jenny/.local/lib/python3.13/site-packages/airflow/example_dags/example_bash_decorator.py took 0.051 seconds
[2026-03-01T15:01:46.696+0530] {processor.py:186} INFO - Started process (PID=248252) to work on /home/jenny/.local/lib/python3.13/site-packages/airflow/example_dags/example_bash_decorator.py
[2026-03-01T15:01:46.697+0530] {processor.py:914} INFO - Processing file /home/jenny/.local/lib/python3.13/site-packages/airflow/example_dags/example_bash_decorator.py for tasks to queue
[2026-03-01T15:01:46.699+0530] {logging_mixin.py:190} INFO - [2026-03-01T15:01:46.699+0530] {dagbag.py:588} INFO - Filling up the DagBag from /home/jenny/.local/lib/python3.13/site-packages/airflow/example_dags/example_bash_decorator.py
[2026-03-01T15:01:46.711+0530] {processor.py:925} INFO - DAG(s) 'example_bash_decorator' retrieved from /home/jenny/.local/lib/python3.13/site-packages/airflow/example_dags/example_bash_decorator.py
[2026-03-01T15:01:46.721+0530] {logging_mixin.py:190} INFO - [2026-03-01T15:01:46.721+0530] {dag.py:3239} INFO - Sync 1 DAGs
[2026-03-01T15:01:46.728+0530] {logging_mixin.py:190} INFO - [2026-03-01T15:01:46.728+0530] {dag.py:4180} INFO - Setting next_dagrun for example_bash_decorator to None, run_after=None
[2026-03-01T15:01:46.744+0530] {processor.py:208} INFO - Processing /home/jenny/.local/lib/python3.13/site-packages/airflow/example_dags/example_bash_decorator.py took 0.051 seconds
[2026-03-01T15:03:09.075+0530] {processor.py:186} INFO - Started process (PID=248552) to work on /home/jenny/.local/lib/python3.13/site-packages/airflow/example_dags/example_bash_decorator.py
[2026-03-01T15:03:09.076+0530] {processor.py:914} INFO - Processing file /home/jenny/.local/lib/python3.13/site-packages/airflow/example_dags/example_bash_decorator.py for tasks to queue
[2026-03-01T15:03:09.078+0530] {logging_mixin.py:190} INFO - [2026-03-01T15:03:09.078+0530] {dagbag.py:588} INFO - Filling up the DagBag from /home/jenny/.local/lib/python3.13/site-packages/airflow/example_dags/example_bash_decorator.py
[2026-03-01T15:03:09.090+0530] {processor.py:925} INFO - DAG(s) 'example_bash_decorator' retrieved from /home/jenny/.local/lib/python3.13/site-packages/airflow/example_dags/example_bash_decorator.py
[2026-03-01T15:03:09.101+0530] {logging_mixin.py:190} INFO - [2026-03-01T15:03:09.100+0530] {dag.py:3239} INFO - Sync 1 DAGs
[2026-03-01T15:03:09.108+0530] {logging_mixin.py:190} INFO - [2026-03-01T15:03:09.108+0530] {dag.py:4180} INFO - Setting next_dagrun for example_bash_decorator to None, run_after=None
[2026-03-01T15:03:09.126+0530] {processor.py:208} INFO - Processing /home/jenny/.local/lib/python3.13/site-packages/airflow/example_dags/example_bash_decorator.py took 0.055 seconds
[2026-03-01T15:04:30.312+0530] {processor.py:186} INFO - Started process (PID=249152) to work on /home/jenny/.local/lib/python3.13/site-packages/airflow/example_dags/example_bash_decorator.py
[2026-03-01T15:04:30.313+0530] {processor.py:914} INFO - Processing file /home/jenny/.local/lib/python3.13/site-packages/airflow/example_dags/example_bash_decorator.py for tasks to queue
[2026-03-01T15:04:30.314+0530] {logging_mixin.py:190} INFO - [2026-03-01T15:04:30.314+0530] {dagbag.py:588} INFO - Filling up the DagBag from /home/jenny/.local/lib/python3.13/site-packages/airflow/example_dags/example_bash_decorator.py
[2026-03-01T15:04:30.325+0530] {processor.py:925} INFO - DAG(s) 'example_bash_decorator' retrieved from /home/jenny/.local/lib/python3.13/site-packages/airflow/example_dags/example_bash_decorator.py
[2026-03-01T15:04:30.339+0530] {logging_mixin.py:190} INFO - [2026-03-01T15:04:30.339+0530] {dag.py:3239} INFO - Sync 1 DAGs
[2026-03-01T15:04:30.348+0530] {logging_mixin.py:190} INFO - [2026-03-01T15:04:30.348+0530] {dag.py:4180} INFO - Setting next_dagrun for example_bash_decorator to None, run_after=None
[2026-03-01T15:04:30.369+0530] {processor.py:208} INFO - Processing /home/jenny/.local/lib/python3.13/site-packages/airflow/example_dags/example_bash_decorator.py took 0.061 seconds
[2026-03-01T15:05:49.386+0530] {processor.py:186} INFO - Started process (PID=249601) to work on /home/jenny/.local/lib/python3.13/site-packages/airflow/example_dags/example_bash_decorator.py
[2026-03-01T15:05:49.388+0530] {processor.py:914} INFO - Processing file /home/jenny/.local/lib/python3.13/site-packages/airflow/example_dags/example_bash_decorator.py for tasks to queue
[2026-03-01T15:05:49.390+0530] {logging_mixin.py:190} INFO - [2026-03-01T15:05:49.390+0530] {dagbag.py:588} INFO - Filling up the DagBag from /home/jenny/.local/lib/python3.13/site-packages/airflow/example_dags/example_bash_decorator.py
[2026-03-01T15:05:49.401+0530] {processor.py:925} INFO - DAG(s) 'example_bash_decorator' retrieved from /home/jenny/.local/lib/python3.13/site-packages/airflow/example_dags/example_bash_decorator.py
[2026-03-01T15:05:49.411+0530] {logging_mixin.py:190} INFO - [2026-03-01T15:05:49.411+0530] {dag.py:3239} INFO - Sync 1 DAGs
[2026-03-01T15:05:49.419+0530] {logging_mixin.py:190} INFO - [2026-03-01T15:05:49.419+0530] {dag.py:4180} INFO - Setting next_dagrun for example_bash_decorator to None, run_after=None
[2026-03-01T15:05:49.434+0530] {processor.py:208} INFO - Processing /home/jenny/.local/lib/python3.13/site-packages/airflow/example_dags/example_bash_decorator.py took 0.053 seconds
[2026-03-01T15:07:10.433+0530] {processor.py:186} INFO - Started process (PID=250040) to work on /home/jenny/.local/lib/python3.13/site-packages/airflow/example_dags/example_bash_decorator.py
[2026-03-01T15:07:10.434+0530] {processor.py:914} INFO - Processing file /home/jenny/.local/lib/python3.13/site-packages/airflow/example_dags/example_bash_decorator.py for tasks to queue
[2026-03-01T15:07:10.437+0530] {logging_mixin.py:190} INFO - [2026-03-01T15:07:10.436+0530] {dagbag.py:588} INFO - Filling up the DagBag from /home/jenny/.local/lib/python3.13/site-packages/airflow/example_dags/example_bash_decorator.py
[2026-03-01T15:07:10.447+0530] {processor.py:925} INFO - DAG(s) 'example_bash_decorator' retrieved from /home/jenny/.local/lib/python3.13/site-packages/airflow/example_dags/example_bash_decorator.py
[2026-03-01T15:07:10.458+0530] {logging_mixin.py:190} INFO - [2026-03-01T15:07:10.458+0530] {dag.py:3239} INFO - Sync 1 DAGs
[2026-03-01T15:07:10.466+0530] {logging_mixin.py:190} INFO - [2026-03-01T15:07:10.466+0530] {dag.py:4180} INFO - Setting next_dagrun for example_bash_decorator to None, run_after=None
[2026-03-01T15:07:10.481+0530] {processor.py:208} INFO - Processing /home/jenny/.local/lib/python3.13/site-packages/airflow/example_dags/example_bash_decorator.py took 0.051 seconds
[2026-03-01T15:08:29.107+0530] {processor.py:186} INFO - Started process (PID=250471) to work on /home/jenny/.local/lib/python3.13/site-packages/airflow/example_dags/example_bash_decorator.py
[2026-03-01T15:08:29.108+0530] {processor.py:914} INFO - Processing file /home/jenny/.local/lib/python3.13/site-packages/airflow/example_dags/example_bash_decorator.py for tasks to queue
[2026-03-01T15:08:29.110+0530] {logging_mixin.py:190} INFO - [2026-03-01T15:08:29.110+0530] {dagbag.py:588} INFO - Filling up the DagBag from /home/jenny/.local/lib/python3.13/site-packages/airflow/example_dags/example_bash_decorator.py
[2026-03-01T15:08:29.121+0530] {processor.py:925} INFO - DAG(s) 'example_bash_decorator' retrieved from /home/jenny/.local/lib/python3.13/site-packages/airflow/example_dags/example_bash_decorator.py
[2026-03-01T15:08:29.133+0530] {logging_mixin.py:190} INFO - [2026-03-01T15:08:29.133+0530] {dag.py:3239} INFO - Sync 1 DAGs
[2026-03-01T15:08:29.143+0530] {logging_mixin.py:190} INFO - [2026-03-01T15:08:29.143+0530] {dag.py:4180} INFO - Setting next_dagrun for example_bash_decorator to None, run_after=None
[2026-03-01T15:08:29.159+0530] {processor.py:208} INFO - Processing /home/jenny/.local/lib/python3.13/site-packages/airflow/example_dags/example_bash_decorator.py took 0.057 seconds
[2026-03-01T15:09:46.794+0530] {processor.py:186} INFO - Started process (PID=250899) to work on /home/jenny/.local/lib/python3.13/site-packages/airflow/example_dags/example_bash_decorator.py
[2026-03-01T15:09:46.794+0530] {processor.py:914} INFO - Processing file /home/jenny/.local/lib/python3.13/site-packages/airflow/example_dags/example_bash_decorator.py for tasks to queue
[2026-03-01T15:09:46.796+0530] {logging_mixin.py:190} INFO - [2026-03-01T15:09:46.796+0530] {dagbag.py:588} INFO - Filling up the DagBag from /home/jenny/.local/lib/python3.13/site-packages/airflow/example_dags/example_bash_decorator.py
[2026-03-01T15:09:46.806+0530] {processor.py:925} INFO - DAG(s) 'example_bash_decorator' retrieved from /home/jenny/.local/lib/python3.13/site-packages/airflow/example_dags/example_bash_decorator.py
[2026-03-01T15:09:46.819+0530] {logging_mixin.py:190} INFO - [2026-03-01T15:09:46.819+0530] {dag.py:3239} INFO - Sync 1 DAGs
[2026-03-01T15:09:46.828+0530] {logging_mixin.py:190} INFO - [2026-03-01T15:09:46.828+0530] {dag.py:4180} INFO - Setting next_dagrun for example_bash_decorator to None, run_after=None
[2026-03-01T15:09:46.870+0530] {processor.py:208} INFO - Processing /home/jenny/.local/lib/python3.13/site-packages/airflow/example_dags/example_bash_decorator.py took 0.081 seconds
[2026-03-01T19:41:49.891+0530] {processor.py:186} INFO - Started process (PID=255675) to work on /home/jenny/.local/lib/python3.13/site-packages/airflow/example_dags/example_bash_decorator.py
[2026-03-01T19:41:49.892+0530] {processor.py:914} INFO - Processing file /home/jenny/.local/lib/python3.13/site-packages/airflow/example_dags/example_bash_decorator.py for tasks to queue
[2026-03-01T19:41:49.894+0530] {logging_mixin.py:190} INFO - [2026-03-01T19:41:49.893+0530] {dagbag.py:588} INFO - Filling up the DagBag from /home/jenny/.local/lib/python3.13/site-packages/airflow/example_dags/example_bash_decorator.py
[2026-03-01T19:41:49.905+0530] {processor.py:925} INFO - DAG(s) 'example_bash_decorator' retrieved from /home/jenny/.local/lib/python3.13/site-packages/airflow/example_dags/example_bash_decorator.py
[2026-03-01T19:41:49.916+0530] {logging_mixin.py:190} INFO - [2026-03-01T19:41:49.916+0530] {dag.py:3239} INFO - Sync 1 DAGs
[2026-03-01T19:41:49.924+0530] {logging_mixin.py:190} INFO - [2026-03-01T19:41:49.924+0530] {dag.py:4180} INFO - Setting next_dagrun for example_bash_decorator to None, run_after=None
[2026-03-01T19:41:49.941+0530] {processor.py:208} INFO - Processing /home/jenny/.local/lib/python3.13/site-packages/airflow/example_dags/example_bash_decorator.py took 0.055 seconds
[2026-03-01T19:43:12.587+0530] {processor.py:186} INFO - Started process (PID=256128) to work on /home/jenny/.local/lib/python3.13/site-packages/airflow/example_dags/example_bash_decorator.py
[2026-03-01T19:43:12.588+0530] {processor.py:914} INFO - Processing file /home/jenny/.local/lib/python3.13/site-packages/airflow/example_dags/example_bash_decorator.py for tasks to queue
[2026-03-01T19:43:12.590+0530] {logging_mixin.py:190} INFO - [2026-03-01T19:43:12.589+0530] {dagbag.py:588} INFO - Filling up the DagBag from /home/jenny/.local/lib/python3.13/site-packages/airflow/example_dags/example_bash_decorator.py
[2026-03-01T19:43:12.603+0530] {processor.py:925} INFO - DAG(s) 'example_bash_decorator' retrieved from /home/jenny/.local/lib/python3.13/site-packages/airflow/example_dags/example_bash_decorator.py
[2026-03-01T19:43:12.617+0530] {logging_mixin.py:190} INFO - [2026-03-01T19:43:12.616+0530] {dag.py:3239} INFO - Sync 1 DAGs
[2026-03-01T19:43:12.627+0530] {logging_mixin.py:190} INFO - [2026-03-01T19:43:12.627+0530] {dag.py:4180} INFO - Setting next_dagrun for example_bash_decorator to None, run_after=None
[2026-03-01T19:43:12.659+0530] {processor.py:208} INFO - Processing /home/jenny/.local/lib/python3.13/site-packages/airflow/example_dags/example_bash_decorator.py took 0.078 seconds
[2026-03-01T19:44:31.180+0530] {processor.py:186} INFO - Started process (PID=256360) to work on /home/jenny/.local/lib/python3.13/site-packages/airflow/example_dags/example_bash_decorator.py
[2026-03-01T19:44:31.181+0530] {processor.py:914} INFO - Processing file /home/jenny/.local/lib/python3.13/site-packages/airflow/example_dags/example_bash_decorator.py for tasks to queue
[2026-03-01T19:44:31.182+0530] {logging_mixin.py:190} INFO - [2026-03-01T19:44:31.182+0530] {dagbag.py:588} INFO - Filling up the DagBag from /home/jenny/.local/lib/python3.13/site-packages/airflow/example_dags/example_bash_decorator.py
[2026-03-01T19:44:31.193+0530] {processor.py:925} INFO - DAG(s) 'example_bash_decorator' retrieved from /home/jenny/.local/lib/python3.13/site-packages/airflow/example_dags/example_bash_decorator.py
[2026-03-01T19:44:31.204+0530] {logging_mixin.py:190} INFO - [2026-03-01T19:44:31.204+0530] {dag.py:3239} INFO - Sync 1 DAGs
[2026-03-01T19:44:31.212+0530] {logging_mixin.py:190} INFO - [2026-03-01T19:44:31.212+0530] {dag.py:4180} INFO - Setting next_dagrun for example_bash_decorator to None, run_after=None
[2026-03-01T19:44:31.227+0530] {processor.py:208} INFO - Processing /home/jenny/.local/lib/python3.13/site-packages/airflow/example_dags/example_bash_decorator.py took 0.052 seconds
[2026-03-01T19:45:48.567+0530] {processor.py:186} INFO - Started process (PID=257035) to work on /home/jenny/.local/lib/python3.13/site-packages/airflow/example_dags/example_bash_decorator.py
[2026-03-01T19:45:48.568+0530] {processor.py:914} INFO - Processing file /home/jenny/.local/lib/python3.13/site-packages/airflow/example_dags/example_bash_decorator.py for tasks to queue
[2026-03-01T19:45:48.570+0530] {logging_mixin.py:190} INFO - [2026-03-01T19:45:48.570+0530] {dagbag.py:588} INFO - Filling up the DagBag from /home/jenny/.local/lib/python3.13/site-packages/airflow/example_dags/example_bash_decorator.py
[2026-03-01T19:45:48.581+0530] {processor.py:925} INFO - DAG(s) 'example_bash_decorator' retrieved from /home/jenny/.local/lib/python3.13/site-packages/airflow/example_dags/example_bash_decorator.py
[2026-03-01T19:45:48.592+0530] {logging_mixin.py:190} INFO - [2026-03-01T19:45:48.592+0530] {dag.py:3239} INFO - Sync 1 DAGs
[2026-03-01T19:45:48.600+0530] {logging_mixin.py:190} INFO - [2026-03-01T19:45:48.600+0530] {dag.py:4180} INFO - Setting next_dagrun for example_bash_decorator to None, run_after=None
[2026-03-01T19:45:48.615+0530] {processor.py:208} INFO - Processing /home/jenny/.local/lib/python3.13/site-packages/airflow/example_dags/example_bash_decorator.py took 0.054 seconds
[2026-03-01T19:47:07.167+0530] {processor.py:186} INFO - Started process (PID=258855) to work on /home/jenny/.local/lib/python3.13/site-packages/airflow/example_dags/example_bash_decorator.py
[2026-03-01T19:47:07.168+0530] {processor.py:914} INFO - Processing file /home/jenny/.local/lib/python3.13/site-packages/airflow/example_dags/example_bash_decorator.py for tasks to queue
[2026-03-01T19:47:07.170+0530] {logging_mixin.py:190} INFO - [2026-03-01T19:47:07.169+0530] {dagbag.py:588} INFO - Filling up the DagBag from /home/jenny/.local/lib/python3.13/site-packages/airflow/example_dags/example_bash_decorator.py
[2026-03-01T19:47:07.181+0530] {processor.py:925} INFO - DAG(s) 'example_bash_decorator' retrieved from /home/jenny/.local/lib/python3.13/site-packages/airflow/example_dags/example_bash_decorator.py
[2026-03-01T19:47:07.191+0530] {logging_mixin.py:190} INFO - [2026-03-01T19:47:07.191+0530] {dag.py:3239} INFO - Sync 1 DAGs
[2026-03-01T19:47:07.200+0530] {logging_mixin.py:190} INFO - [2026-03-01T19:47:07.199+0530] {dag.py:4180} INFO - Setting next_dagrun for example_bash_decorator to None, run_after=None
[2026-03-01T19:47:07.215+0530] {processor.py:208} INFO - Processing /home/jenny/.local/lib/python3.13/site-packages/airflow/example_dags/example_bash_decorator.py took 0.053 seconds
