[2026-03-01T14:14:54.506+0530] {processor.py:186} INFO - Started process (PID=212792) to work on /home/jenny/.local/lib/python3.13/site-packages/airflow/example_dags/example_time_delta_sensor_async.py
[2026-03-01T14:14:54.507+0530] {processor.py:914} INFO - Processing file /home/jenny/.local/lib/python3.13/site-packages/airflow/example_dags/example_time_delta_sensor_async.py for tasks to queue
[2026-03-01T14:14:54.508+0530] {logging_mixin.py:190} INFO - [2026-03-01T14:14:54.508+0530] {dagbag.py:588} INFO - Filling up the DagBag from /home/jenny/.local/lib/python3.13/site-packages/airflow/example_dags/example_time_delta_sensor_async.py
[2026-03-01T14:14:54.513+0530] {processor.py:925} INFO - DAG(s) 'example_time_delta_sensor_async' retrieved from /home/jenny/.local/lib/python3.13/site-packages/airflow/example_dags/example_time_delta_sensor_async.py
[2026-03-01T14:14:54.584+0530] {logging_mixin.py:190} INFO - [2026-03-01T14:14:54.583+0530] {override.py:1932} INFO - Created Permission View: can read on DAG:example_time_delta_sensor_async
[2026-03-01T14:14:54.595+0530] {logging_mixin.py:190} INFO - [2026-03-01T14:14:54.595+0530] {override.py:1932} INFO - Created Permission View: can delete on DAG:example_time_delta_sensor_async
[2026-03-01T14:14:54.604+0530] {logging_mixin.py:190} INFO - [2026-03-01T14:14:54.604+0530] {override.py:1932} INFO - Created Permission View: can edit on DAG:example_time_delta_sensor_async
[2026-03-01T14:14:54.620+0530] {logging_mixin.py:190} INFO - [2026-03-01T14:14:54.619+0530] {override.py:1932} INFO - Created Permission View: can read on DAG Run:example_time_delta_sensor_async
[2026-03-01T14:14:54.632+0530] {logging_mixin.py:190} INFO - [2026-03-01T14:14:54.631+0530] {override.py:1932} INFO - Created Permission View: menu access on DAG Run:example_time_delta_sensor_async
[2026-03-01T14:14:54.648+0530] {logging_mixin.py:190} INFO - [2026-03-01T14:14:54.647+0530] {override.py:1932} INFO - Created Permission View: can create on DAG Run:example_time_delta_sensor_async
[2026-03-01T14:14:54.663+0530] {logging_mixin.py:190} INFO - [2026-03-01T14:14:54.662+0530] {override.py:1932} INFO - Created Permission View: can delete on DAG Run:example_time_delta_sensor_async
[2026-03-01T14:14:54.663+0530] {logging_mixin.py:190} INFO - [2026-03-01T14:14:54.663+0530] {dag.py:3239} INFO - Sync 1 DAGs
[2026-03-01T14:14:54.676+0530] {logging_mixin.py:190} INFO - [2026-03-01T14:14:54.676+0530] {dag.py:3262} INFO - Creating ORM DAG for example_time_delta_sensor_async
[2026-03-01T14:14:54.677+0530] {logging_mixin.py:190} INFO - [2026-03-01T14:14:54.677+0530] {dag.py:4180} INFO - Setting next_dagrun for example_time_delta_sensor_async to None, run_after=None
[2026-03-01T14:14:54.691+0530] {processor.py:208} INFO - Processing /home/jenny/.local/lib/python3.13/site-packages/airflow/example_dags/example_time_delta_sensor_async.py took 0.188 seconds
[2026-03-01T14:15:58.603+0530] {processor.py:186} INFO - Started process (PID=213404) to work on /home/jenny/.local/lib/python3.13/site-packages/airflow/example_dags/example_time_delta_sensor_async.py
[2026-03-01T14:15:58.603+0530] {processor.py:914} INFO - Processing file /home/jenny/.local/lib/python3.13/site-packages/airflow/example_dags/example_time_delta_sensor_async.py for tasks to queue
[2026-03-01T14:15:58.606+0530] {logging_mixin.py:190} INFO - [2026-03-01T14:15:58.606+0530] {dagbag.py:588} INFO - Filling up the DagBag from /home/jenny/.local/lib/python3.13/site-packages/airflow/example_dags/example_time_delta_sensor_async.py
[2026-03-01T14:15:58.613+0530] {processor.py:925} INFO - DAG(s) 'example_time_delta_sensor_async' retrieved from /home/jenny/.local/lib/python3.13/site-packages/airflow/example_dags/example_time_delta_sensor_async.py
[2026-03-01T14:15:58.622+0530] {logging_mixin.py:190} INFO - [2026-03-01T14:15:58.622+0530] {dag.py:3239} INFO - Sync 1 DAGs
[2026-03-01T14:15:58.633+0530] {logging_mixin.py:190} INFO - [2026-03-01T14:15:58.632+0530] {dag.py:4180} INFO - Setting next_dagrun for example_time_delta_sensor_async to None, run_after=None
[2026-03-01T14:15:58.652+0530] {processor.py:208} INFO - Processing /home/jenny/.local/lib/python3.13/site-packages/airflow/example_dags/example_time_delta_sensor_async.py took 0.054 seconds
[2026-03-01T14:16:54.210+0530] {processor.py:186} INFO - Started process (PID=214763) to work on /home/jenny/.local/lib/python3.13/site-packages/airflow/example_dags/example_time_delta_sensor_async.py
[2026-03-01T14:16:54.211+0530] {processor.py:914} INFO - Processing file /home/jenny/.local/lib/python3.13/site-packages/airflow/example_dags/example_time_delta_sensor_async.py for tasks to queue
[2026-03-01T14:16:54.213+0530] {logging_mixin.py:190} INFO - [2026-03-01T14:16:54.213+0530] {dagbag.py:588} INFO - Filling up the DagBag from /home/jenny/.local/lib/python3.13/site-packages/airflow/example_dags/example_time_delta_sensor_async.py
[2026-03-01T14:16:54.220+0530] {processor.py:925} INFO - DAG(s) 'example_time_delta_sensor_async' retrieved from /home/jenny/.local/lib/python3.13/site-packages/airflow/example_dags/example_time_delta_sensor_async.py
[2026-03-01T14:16:54.228+0530] {logging_mixin.py:190} INFO - [2026-03-01T14:16:54.228+0530] {dag.py:3239} INFO - Sync 1 DAGs
[2026-03-01T14:16:54.238+0530] {logging_mixin.py:190} INFO - [2026-03-01T14:16:54.238+0530] {dag.py:4180} INFO - Setting next_dagrun for example_time_delta_sensor_async to None, run_after=None
[2026-03-01T14:16:54.263+0530] {processor.py:208} INFO - Processing /home/jenny/.local/lib/python3.13/site-packages/airflow/example_dags/example_time_delta_sensor_async.py took 0.059 seconds
[2026-03-01T14:18:12.391+0530] {processor.py:186} INFO - Started process (PID=215602) to work on /home/jenny/.local/lib/python3.13/site-packages/airflow/example_dags/example_time_delta_sensor_async.py
[2026-03-01T14:18:12.392+0530] {processor.py:914} INFO - Processing file /home/jenny/.local/lib/python3.13/site-packages/airflow/example_dags/example_time_delta_sensor_async.py for tasks to queue
[2026-03-01T14:18:12.395+0530] {logging_mixin.py:190} INFO - [2026-03-01T14:18:12.395+0530] {dagbag.py:588} INFO - Filling up the DagBag from /home/jenny/.local/lib/python3.13/site-packages/airflow/example_dags/example_time_delta_sensor_async.py
[2026-03-01T14:18:12.402+0530] {processor.py:925} INFO - DAG(s) 'example_time_delta_sensor_async' retrieved from /home/jenny/.local/lib/python3.13/site-packages/airflow/example_dags/example_time_delta_sensor_async.py
[2026-03-01T14:18:12.465+0530] {logging_mixin.py:190} INFO - [2026-03-01T14:18:12.465+0530] {dag.py:3239} INFO - Sync 1 DAGs
[2026-03-01T14:18:12.471+0530] {logging_mixin.py:190} INFO - [2026-03-01T14:18:12.471+0530] {dag.py:4180} INFO - Setting next_dagrun for example_time_delta_sensor_async to None, run_after=None
[2026-03-01T14:18:12.488+0530] {processor.py:208} INFO - Processing /home/jenny/.local/lib/python3.13/site-packages/airflow/example_dags/example_time_delta_sensor_async.py took 0.102 seconds
[2026-03-01T14:19:12.949+0530] {processor.py:186} INFO - Started process (PID=216308) to work on /home/jenny/.local/lib/python3.13/site-packages/airflow/example_dags/example_time_delta_sensor_async.py
[2026-03-01T14:19:12.950+0530] {processor.py:914} INFO - Processing file /home/jenny/.local/lib/python3.13/site-packages/airflow/example_dags/example_time_delta_sensor_async.py for tasks to queue
[2026-03-01T14:19:12.953+0530] {logging_mixin.py:190} INFO - [2026-03-01T14:19:12.953+0530] {dagbag.py:588} INFO - Filling up the DagBag from /home/jenny/.local/lib/python3.13/site-packages/airflow/example_dags/example_time_delta_sensor_async.py
[2026-03-01T14:19:12.960+0530] {processor.py:925} INFO - DAG(s) 'example_time_delta_sensor_async' retrieved from /home/jenny/.local/lib/python3.13/site-packages/airflow/example_dags/example_time_delta_sensor_async.py
[2026-03-01T14:19:12.968+0530] {logging_mixin.py:190} INFO - [2026-03-01T14:19:12.968+0530] {dag.py:3239} INFO - Sync 1 DAGs
[2026-03-01T14:19:12.975+0530] {logging_mixin.py:190} INFO - [2026-03-01T14:19:12.975+0530] {dag.py:4180} INFO - Setting next_dagrun for example_time_delta_sensor_async to None, run_after=None
[2026-03-01T14:19:12.991+0530] {processor.py:208} INFO - Processing /home/jenny/.local/lib/python3.13/site-packages/airflow/example_dags/example_time_delta_sensor_async.py took 0.047 seconds
[2026-03-01T14:20:12.358+0530] {processor.py:186} INFO - Started process (PID=216666) to work on /home/jenny/.local/lib/python3.13/site-packages/airflow/example_dags/example_time_delta_sensor_async.py
[2026-03-01T14:20:12.359+0530] {processor.py:914} INFO - Processing file /home/jenny/.local/lib/python3.13/site-packages/airflow/example_dags/example_time_delta_sensor_async.py for tasks to queue
[2026-03-01T14:20:12.362+0530] {logging_mixin.py:190} INFO - [2026-03-01T14:20:12.361+0530] {dagbag.py:588} INFO - Filling up the DagBag from /home/jenny/.local/lib/python3.13/site-packages/airflow/example_dags/example_time_delta_sensor_async.py
[2026-03-01T14:20:12.368+0530] {processor.py:925} INFO - DAG(s) 'example_time_delta_sensor_async' retrieved from /home/jenny/.local/lib/python3.13/site-packages/airflow/example_dags/example_time_delta_sensor_async.py
[2026-03-01T14:20:12.376+0530] {logging_mixin.py:190} INFO - [2026-03-01T14:20:12.376+0530] {dag.py:3239} INFO - Sync 1 DAGs
[2026-03-01T14:20:12.384+0530] {logging_mixin.py:190} INFO - [2026-03-01T14:20:12.384+0530] {dag.py:4180} INFO - Setting next_dagrun for example_time_delta_sensor_async to None, run_after=None
[2026-03-01T14:20:12.403+0530] {processor.py:208} INFO - Processing /home/jenny/.local/lib/python3.13/site-packages/airflow/example_dags/example_time_delta_sensor_async.py took 0.050 seconds
[2026-03-01T14:21:09.074+0530] {processor.py:186} INFO - Started process (PID=216820) to work on /home/jenny/.local/lib/python3.13/site-packages/airflow/example_dags/example_time_delta_sensor_async.py
[2026-03-01T14:21:09.076+0530] {processor.py:914} INFO - Processing file /home/jenny/.local/lib/python3.13/site-packages/airflow/example_dags/example_time_delta_sensor_async.py for tasks to queue
[2026-03-01T14:21:09.078+0530] {logging_mixin.py:190} INFO - [2026-03-01T14:21:09.078+0530] {dagbag.py:588} INFO - Filling up the DagBag from /home/jenny/.local/lib/python3.13/site-packages/airflow/example_dags/example_time_delta_sensor_async.py
[2026-03-01T14:21:09.084+0530] {processor.py:925} INFO - DAG(s) 'example_time_delta_sensor_async' retrieved from /home/jenny/.local/lib/python3.13/site-packages/airflow/example_dags/example_time_delta_sensor_async.py
[2026-03-01T14:21:09.093+0530] {logging_mixin.py:190} INFO - [2026-03-01T14:21:09.092+0530] {dag.py:3239} INFO - Sync 1 DAGs
[2026-03-01T14:21:09.104+0530] {logging_mixin.py:190} INFO - [2026-03-01T14:21:09.104+0530] {dag.py:4180} INFO - Setting next_dagrun for example_time_delta_sensor_async to None, run_after=None
[2026-03-01T14:21:09.157+0530] {processor.py:208} INFO - Processing /home/jenny/.local/lib/python3.13/site-packages/airflow/example_dags/example_time_delta_sensor_async.py took 0.088 seconds
[2026-03-01T14:22:05.202+0530] {processor.py:186} INFO - Started process (PID=217313) to work on /home/jenny/.local/lib/python3.13/site-packages/airflow/example_dags/example_time_delta_sensor_async.py
[2026-03-01T14:22:05.203+0530] {processor.py:914} INFO - Processing file /home/jenny/.local/lib/python3.13/site-packages/airflow/example_dags/example_time_delta_sensor_async.py for tasks to queue
[2026-03-01T14:22:05.205+0530] {logging_mixin.py:190} INFO - [2026-03-01T14:22:05.205+0530] {dagbag.py:588} INFO - Filling up the DagBag from /home/jenny/.local/lib/python3.13/site-packages/airflow/example_dags/example_time_delta_sensor_async.py
[2026-03-01T14:22:05.210+0530] {processor.py:925} INFO - DAG(s) 'example_time_delta_sensor_async' retrieved from /home/jenny/.local/lib/python3.13/site-packages/airflow/example_dags/example_time_delta_sensor_async.py
[2026-03-01T14:22:05.226+0530] {logging_mixin.py:190} INFO - [2026-03-01T14:22:05.226+0530] {dag.py:3239} INFO - Sync 1 DAGs
[2026-03-01T14:22:05.235+0530] {logging_mixin.py:190} INFO - [2026-03-01T14:22:05.235+0530] {dag.py:4180} INFO - Setting next_dagrun for example_time_delta_sensor_async to None, run_after=None
[2026-03-01T14:22:05.253+0530] {processor.py:208} INFO - Processing /home/jenny/.local/lib/python3.13/site-packages/airflow/example_dags/example_time_delta_sensor_async.py took 0.055 seconds
[2026-03-01T14:22:58.796+0530] {processor.py:186} INFO - Started process (PID=219099) to work on /home/jenny/.local/lib/python3.13/site-packages/airflow/example_dags/example_time_delta_sensor_async.py
[2026-03-01T14:22:58.797+0530] {processor.py:914} INFO - Processing file /home/jenny/.local/lib/python3.13/site-packages/airflow/example_dags/example_time_delta_sensor_async.py for tasks to queue
[2026-03-01T14:22:58.800+0530] {logging_mixin.py:190} INFO - [2026-03-01T14:22:58.799+0530] {dagbag.py:588} INFO - Filling up the DagBag from /home/jenny/.local/lib/python3.13/site-packages/airflow/example_dags/example_time_delta_sensor_async.py
[2026-03-01T14:22:58.806+0530] {processor.py:925} INFO - DAG(s) 'example_time_delta_sensor_async' retrieved from /home/jenny/.local/lib/python3.13/site-packages/airflow/example_dags/example_time_delta_sensor_async.py
[2026-03-01T14:22:58.815+0530] {logging_mixin.py:190} INFO - [2026-03-01T14:22:58.815+0530] {dag.py:3239} INFO - Sync 1 DAGs
[2026-03-01T14:22:58.822+0530] {logging_mixin.py:190} INFO - [2026-03-01T14:22:58.822+0530] {dag.py:4180} INFO - Setting next_dagrun for example_time_delta_sensor_async to None, run_after=None
[2026-03-01T14:22:58.862+0530] {processor.py:208} INFO - Processing /home/jenny/.local/lib/python3.13/site-packages/airflow/example_dags/example_time_delta_sensor_async.py took 0.070 seconds
[2026-03-01T14:23:54.692+0530] {processor.py:186} INFO - Started process (PID=220028) to work on /home/jenny/.local/lib/python3.13/site-packages/airflow/example_dags/example_time_delta_sensor_async.py
[2026-03-01T14:23:54.693+0530] {processor.py:914} INFO - Processing file /home/jenny/.local/lib/python3.13/site-packages/airflow/example_dags/example_time_delta_sensor_async.py for tasks to queue
[2026-03-01T14:23:54.696+0530] {logging_mixin.py:190} INFO - [2026-03-01T14:23:54.696+0530] {dagbag.py:588} INFO - Filling up the DagBag from /home/jenny/.local/lib/python3.13/site-packages/airflow/example_dags/example_time_delta_sensor_async.py
[2026-03-01T14:23:54.702+0530] {processor.py:925} INFO - DAG(s) 'example_time_delta_sensor_async' retrieved from /home/jenny/.local/lib/python3.13/site-packages/airflow/example_dags/example_time_delta_sensor_async.py
[2026-03-01T14:23:54.710+0530] {logging_mixin.py:190} INFO - [2026-03-01T14:23:54.710+0530] {dag.py:3239} INFO - Sync 1 DAGs
[2026-03-01T14:23:54.718+0530] {logging_mixin.py:190} INFO - [2026-03-01T14:23:54.717+0530] {dag.py:4180} INFO - Setting next_dagrun for example_time_delta_sensor_async to None, run_after=None
[2026-03-01T14:23:54.752+0530] {processor.py:208} INFO - Processing /home/jenny/.local/lib/python3.13/site-packages/airflow/example_dags/example_time_delta_sensor_async.py took 0.066 seconds
[2026-03-01T14:24:57.925+0530] {processor.py:186} INFO - Started process (PID=221106) to work on /home/jenny/.local/lib/python3.13/site-packages/airflow/example_dags/example_time_delta_sensor_async.py
[2026-03-01T14:24:57.926+0530] {processor.py:914} INFO - Processing file /home/jenny/.local/lib/python3.13/site-packages/airflow/example_dags/example_time_delta_sensor_async.py for tasks to queue
[2026-03-01T14:24:57.928+0530] {logging_mixin.py:190} INFO - [2026-03-01T14:24:57.928+0530] {dagbag.py:588} INFO - Filling up the DagBag from /home/jenny/.local/lib/python3.13/site-packages/airflow/example_dags/example_time_delta_sensor_async.py
[2026-03-01T14:24:57.934+0530] {processor.py:925} INFO - DAG(s) 'example_time_delta_sensor_async' retrieved from /home/jenny/.local/lib/python3.13/site-packages/airflow/example_dags/example_time_delta_sensor_async.py
[2026-03-01T14:24:57.943+0530] {logging_mixin.py:190} INFO - [2026-03-01T14:24:57.943+0530] {dag.py:3239} INFO - Sync 1 DAGs
[2026-03-01T14:24:57.951+0530] {logging_mixin.py:190} INFO - [2026-03-01T14:24:57.951+0530] {dag.py:4180} INFO - Setting next_dagrun for example_time_delta_sensor_async to None, run_after=None
[2026-03-01T14:24:57.966+0530] {processor.py:208} INFO - Processing /home/jenny/.local/lib/python3.13/site-packages/airflow/example_dags/example_time_delta_sensor_async.py took 0.045 seconds
[2026-03-01T14:26:12.400+0530] {processor.py:186} INFO - Started process (PID=225566) to work on /home/jenny/.local/lib/python3.13/site-packages/airflow/example_dags/example_time_delta_sensor_async.py
[2026-03-01T14:26:12.400+0530] {processor.py:914} INFO - Processing file /home/jenny/.local/lib/python3.13/site-packages/airflow/example_dags/example_time_delta_sensor_async.py for tasks to queue
[2026-03-01T14:26:12.402+0530] {logging_mixin.py:190} INFO - [2026-03-01T14:26:12.402+0530] {dagbag.py:588} INFO - Filling up the DagBag from /home/jenny/.local/lib/python3.13/site-packages/airflow/example_dags/example_time_delta_sensor_async.py
[2026-03-01T14:26:12.408+0530] {processor.py:925} INFO - DAG(s) 'example_time_delta_sensor_async' retrieved from /home/jenny/.local/lib/python3.13/site-packages/airflow/example_dags/example_time_delta_sensor_async.py
[2026-03-01T14:26:12.416+0530] {logging_mixin.py:190} INFO - [2026-03-01T14:26:12.416+0530] {dag.py:3239} INFO - Sync 1 DAGs
[2026-03-01T14:26:12.424+0530] {logging_mixin.py:190} INFO - [2026-03-01T14:26:12.424+0530] {dag.py:4180} INFO - Setting next_dagrun for example_time_delta_sensor_async to None, run_after=None
[2026-03-01T14:26:12.441+0530] {processor.py:208} INFO - Processing /home/jenny/.local/lib/python3.13/site-packages/airflow/example_dags/example_time_delta_sensor_async.py took 0.045 seconds
