[2026-03-01T14:15:11.637+0530] {processor.py:186} INFO - Started process (PID=212955) to work on /home/jenny/.local/lib/python3.13/site-packages/airflow/example_dags/example_params_trigger_ui.py
[2026-03-01T14:15:11.638+0530] {processor.py:914} INFO - Processing file /home/jenny/.local/lib/python3.13/site-packages/airflow/example_dags/example_params_trigger_ui.py for tasks to queue
[2026-03-01T14:15:11.639+0530] {logging_mixin.py:190} INFO - [2026-03-01T14:15:11.639+0530] {dagbag.py:588} INFO - Filling up the DagBag from /home/jenny/.local/lib/python3.13/site-packages/airflow/example_dags/example_params_trigger_ui.py
[2026-03-01T14:15:11.647+0530] {processor.py:925} INFO - DAG(s) 'example_params_trigger_ui' retrieved from /home/jenny/.local/lib/python3.13/site-packages/airflow/example_dags/example_params_trigger_ui.py
[2026-03-01T14:15:11.732+0530] {logging_mixin.py:190} INFO - [2026-03-01T14:15:11.731+0530] {override.py:1932} INFO - Created Permission View: can read on DAG:example_params_trigger_ui
[2026-03-01T14:15:11.742+0530] {logging_mixin.py:190} INFO - [2026-03-01T14:15:11.742+0530] {override.py:1932} INFO - Created Permission View: can delete on DAG:example_params_trigger_ui
[2026-03-01T14:15:11.751+0530] {logging_mixin.py:190} INFO - [2026-03-01T14:15:11.750+0530] {override.py:1932} INFO - Created Permission View: can edit on DAG:example_params_trigger_ui
[2026-03-01T14:15:11.767+0530] {logging_mixin.py:190} INFO - [2026-03-01T14:15:11.767+0530] {override.py:1932} INFO - Created Permission View: can read on DAG Run:example_params_trigger_ui
[2026-03-01T14:15:11.778+0530] {logging_mixin.py:190} INFO - [2026-03-01T14:15:11.777+0530] {override.py:1932} INFO - Created Permission View: menu access on DAG Run:example_params_trigger_ui
[2026-03-01T14:15:11.788+0530] {logging_mixin.py:190} INFO - [2026-03-01T14:15:11.788+0530] {override.py:1932} INFO - Created Permission View: can create on DAG Run:example_params_trigger_ui
[2026-03-01T14:15:11.798+0530] {logging_mixin.py:190} INFO - [2026-03-01T14:15:11.798+0530] {override.py:1932} INFO - Created Permission View: can delete on DAG Run:example_params_trigger_ui
[2026-03-01T14:15:11.798+0530] {logging_mixin.py:190} INFO - [2026-03-01T14:15:11.798+0530] {dag.py:3239} INFO - Sync 1 DAGs
[2026-03-01T14:15:11.807+0530] {logging_mixin.py:190} INFO - [2026-03-01T14:15:11.807+0530] {dag.py:3262} INFO - Creating ORM DAG for example_params_trigger_ui
[2026-03-01T14:15:11.807+0530] {logging_mixin.py:190} INFO - [2026-03-01T14:15:11.807+0530] {dag.py:4180} INFO - Setting next_dagrun for example_params_trigger_ui to None, run_after=None
[2026-03-01T14:15:11.824+0530] {processor.py:208} INFO - Processing /home/jenny/.local/lib/python3.13/site-packages/airflow/example_dags/example_params_trigger_ui.py took 0.190 seconds
[2026-03-01T14:16:12.930+0530] {processor.py:186} INFO - Started process (PID=213463) to work on /home/jenny/.local/lib/python3.13/site-packages/airflow/example_dags/example_params_trigger_ui.py
[2026-03-01T14:16:12.931+0530] {processor.py:914} INFO - Processing file /home/jenny/.local/lib/python3.13/site-packages/airflow/example_dags/example_params_trigger_ui.py for tasks to queue
[2026-03-01T14:16:12.934+0530] {logging_mixin.py:190} INFO - [2026-03-01T14:16:12.934+0530] {dagbag.py:588} INFO - Filling up the DagBag from /home/jenny/.local/lib/python3.13/site-packages/airflow/example_dags/example_params_trigger_ui.py
[2026-03-01T14:16:12.943+0530] {processor.py:925} INFO - DAG(s) 'example_params_trigger_ui' retrieved from /home/jenny/.local/lib/python3.13/site-packages/airflow/example_dags/example_params_trigger_ui.py
[2026-03-01T14:16:12.965+0530] {logging_mixin.py:190} INFO - [2026-03-01T14:16:12.965+0530] {dag.py:3239} INFO - Sync 1 DAGs
[2026-03-01T14:16:12.973+0530] {logging_mixin.py:190} INFO - [2026-03-01T14:16:12.973+0530] {dag.py:4180} INFO - Setting next_dagrun for example_params_trigger_ui to None, run_after=None
[2026-03-01T14:16:12.993+0530] {processor.py:208} INFO - Processing /home/jenny/.local/lib/python3.13/site-packages/airflow/example_dags/example_params_trigger_ui.py took 0.067 seconds
[2026-03-01T14:17:11.156+0530] {processor.py:186} INFO - Started process (PID=215014) to work on /home/jenny/.local/lib/python3.13/site-packages/airflow/example_dags/example_params_trigger_ui.py
[2026-03-01T14:17:11.157+0530] {processor.py:914} INFO - Processing file /home/jenny/.local/lib/python3.13/site-packages/airflow/example_dags/example_params_trigger_ui.py for tasks to queue
[2026-03-01T14:17:11.160+0530] {logging_mixin.py:190} INFO - [2026-03-01T14:17:11.159+0530] {dagbag.py:588} INFO - Filling up the DagBag from /home/jenny/.local/lib/python3.13/site-packages/airflow/example_dags/example_params_trigger_ui.py
[2026-03-01T14:17:11.168+0530] {processor.py:925} INFO - DAG(s) 'example_params_trigger_ui' retrieved from /home/jenny/.local/lib/python3.13/site-packages/airflow/example_dags/example_params_trigger_ui.py
[2026-03-01T14:17:11.190+0530] {logging_mixin.py:190} INFO - [2026-03-01T14:17:11.190+0530] {dag.py:3239} INFO - Sync 1 DAGs
[2026-03-01T14:17:11.201+0530] {logging_mixin.py:190} INFO - [2026-03-01T14:17:11.200+0530] {dag.py:4180} INFO - Setting next_dagrun for example_params_trigger_ui to None, run_after=None
[2026-03-01T14:17:11.217+0530] {processor.py:208} INFO - Processing /home/jenny/.local/lib/python3.13/site-packages/airflow/example_dags/example_params_trigger_ui.py took 0.064 seconds
[2026-03-01T14:18:30.408+0530] {processor.py:186} INFO - Started process (PID=215645) to work on /home/jenny/.local/lib/python3.13/site-packages/airflow/example_dags/example_params_trigger_ui.py
[2026-03-01T14:18:30.409+0530] {processor.py:914} INFO - Processing file /home/jenny/.local/lib/python3.13/site-packages/airflow/example_dags/example_params_trigger_ui.py for tasks to queue
[2026-03-01T14:18:30.412+0530] {logging_mixin.py:190} INFO - [2026-03-01T14:18:30.411+0530] {dagbag.py:588} INFO - Filling up the DagBag from /home/jenny/.local/lib/python3.13/site-packages/airflow/example_dags/example_params_trigger_ui.py
[2026-03-01T14:18:30.421+0530] {processor.py:925} INFO - DAG(s) 'example_params_trigger_ui' retrieved from /home/jenny/.local/lib/python3.13/site-packages/airflow/example_dags/example_params_trigger_ui.py
[2026-03-01T14:18:30.500+0530] {logging_mixin.py:190} INFO - [2026-03-01T14:18:30.500+0530] {dag.py:3239} INFO - Sync 1 DAGs
[2026-03-01T14:18:30.507+0530] {logging_mixin.py:190} INFO - [2026-03-01T14:18:30.506+0530] {dag.py:4180} INFO - Setting next_dagrun for example_params_trigger_ui to None, run_after=None
[2026-03-01T14:18:30.522+0530] {processor.py:208} INFO - Processing /home/jenny/.local/lib/python3.13/site-packages/airflow/example_dags/example_params_trigger_ui.py took 0.119 seconds
[2026-03-01T14:19:28.111+0530] {processor.py:186} INFO - Started process (PID=216463) to work on /home/jenny/.local/lib/python3.13/site-packages/airflow/example_dags/example_params_trigger_ui.py
[2026-03-01T14:19:28.112+0530] {processor.py:914} INFO - Processing file /home/jenny/.local/lib/python3.13/site-packages/airflow/example_dags/example_params_trigger_ui.py for tasks to queue
[2026-03-01T14:19:28.115+0530] {logging_mixin.py:190} INFO - [2026-03-01T14:19:28.114+0530] {dagbag.py:588} INFO - Filling up the DagBag from /home/jenny/.local/lib/python3.13/site-packages/airflow/example_dags/example_params_trigger_ui.py
[2026-03-01T14:19:28.124+0530] {processor.py:925} INFO - DAG(s) 'example_params_trigger_ui' retrieved from /home/jenny/.local/lib/python3.13/site-packages/airflow/example_dags/example_params_trigger_ui.py
[2026-03-01T14:19:28.146+0530] {logging_mixin.py:190} INFO - [2026-03-01T14:19:28.146+0530] {dag.py:3239} INFO - Sync 1 DAGs
[2026-03-01T14:19:28.154+0530] {logging_mixin.py:190} INFO - [2026-03-01T14:19:28.154+0530] {dag.py:4180} INFO - Setting next_dagrun for example_params_trigger_ui to None, run_after=None
[2026-03-01T14:19:28.172+0530] {processor.py:208} INFO - Processing /home/jenny/.local/lib/python3.13/site-packages/airflow/example_dags/example_params_trigger_ui.py took 0.067 seconds
[2026-03-01T14:20:31.363+0530] {processor.py:186} INFO - Started process (PID=216723) to work on /home/jenny/.local/lib/python3.13/site-packages/airflow/example_dags/example_params_trigger_ui.py
[2026-03-01T14:20:31.364+0530] {processor.py:914} INFO - Processing file /home/jenny/.local/lib/python3.13/site-packages/airflow/example_dags/example_params_trigger_ui.py for tasks to queue
[2026-03-01T14:20:31.366+0530] {logging_mixin.py:190} INFO - [2026-03-01T14:20:31.366+0530] {dagbag.py:588} INFO - Filling up the DagBag from /home/jenny/.local/lib/python3.13/site-packages/airflow/example_dags/example_params_trigger_ui.py
[2026-03-01T14:20:31.375+0530] {processor.py:925} INFO - DAG(s) 'example_params_trigger_ui' retrieved from /home/jenny/.local/lib/python3.13/site-packages/airflow/example_dags/example_params_trigger_ui.py
[2026-03-01T14:20:31.398+0530] {logging_mixin.py:190} INFO - [2026-03-01T14:20:31.398+0530] {dag.py:3239} INFO - Sync 1 DAGs
[2026-03-01T14:20:31.410+0530] {logging_mixin.py:190} INFO - [2026-03-01T14:20:31.410+0530] {dag.py:4180} INFO - Setting next_dagrun for example_params_trigger_ui to None, run_after=None
[2026-03-01T14:20:31.426+0530] {processor.py:208} INFO - Processing /home/jenny/.local/lib/python3.13/site-packages/airflow/example_dags/example_params_trigger_ui.py took 0.068 seconds
[2026-03-01T14:21:28.072+0530] {processor.py:186} INFO - Started process (PID=216890) to work on /home/jenny/.local/lib/python3.13/site-packages/airflow/example_dags/example_params_trigger_ui.py
[2026-03-01T14:21:28.073+0530] {processor.py:914} INFO - Processing file /home/jenny/.local/lib/python3.13/site-packages/airflow/example_dags/example_params_trigger_ui.py for tasks to queue
[2026-03-01T14:21:28.074+0530] {logging_mixin.py:190} INFO - [2026-03-01T14:21:28.074+0530] {dagbag.py:588} INFO - Filling up the DagBag from /home/jenny/.local/lib/python3.13/site-packages/airflow/example_dags/example_params_trigger_ui.py
[2026-03-01T14:21:28.082+0530] {processor.py:925} INFO - DAG(s) 'example_params_trigger_ui' retrieved from /home/jenny/.local/lib/python3.13/site-packages/airflow/example_dags/example_params_trigger_ui.py
[2026-03-01T14:21:28.109+0530] {logging_mixin.py:190} INFO - [2026-03-01T14:21:28.109+0530] {dag.py:3239} INFO - Sync 1 DAGs
[2026-03-01T14:21:28.118+0530] {logging_mixin.py:190} INFO - [2026-03-01T14:21:28.118+0530] {dag.py:4180} INFO - Setting next_dagrun for example_params_trigger_ui to None, run_after=None
[2026-03-01T14:21:28.134+0530] {processor.py:208} INFO - Processing /home/jenny/.local/lib/python3.13/site-packages/airflow/example_dags/example_params_trigger_ui.py took 0.065 seconds
[2026-03-01T14:22:23.695+0530] {processor.py:186} INFO - Started process (PID=217950) to work on /home/jenny/.local/lib/python3.13/site-packages/airflow/example_dags/example_params_trigger_ui.py
[2026-03-01T14:22:23.696+0530] {processor.py:914} INFO - Processing file /home/jenny/.local/lib/python3.13/site-packages/airflow/example_dags/example_params_trigger_ui.py for tasks to queue
[2026-03-01T14:22:23.699+0530] {logging_mixin.py:190} INFO - [2026-03-01T14:22:23.699+0530] {dagbag.py:588} INFO - Filling up the DagBag from /home/jenny/.local/lib/python3.13/site-packages/airflow/example_dags/example_params_trigger_ui.py
[2026-03-01T14:22:23.708+0530] {processor.py:925} INFO - DAG(s) 'example_params_trigger_ui' retrieved from /home/jenny/.local/lib/python3.13/site-packages/airflow/example_dags/example_params_trigger_ui.py
[2026-03-01T14:22:23.732+0530] {logging_mixin.py:190} INFO - [2026-03-01T14:22:23.732+0530] {dag.py:3239} INFO - Sync 1 DAGs
[2026-03-01T14:22:23.741+0530] {logging_mixin.py:190} INFO - [2026-03-01T14:22:23.741+0530] {dag.py:4180} INFO - Setting next_dagrun for example_params_trigger_ui to None, run_after=None
[2026-03-01T14:22:23.765+0530] {processor.py:208} INFO - Processing /home/jenny/.local/lib/python3.13/site-packages/airflow/example_dags/example_params_trigger_ui.py took 0.075 seconds
[2026-03-01T14:23:19.918+0530] {processor.py:186} INFO - Started process (PID=219403) to work on /home/jenny/.local/lib/python3.13/site-packages/airflow/example_dags/example_params_trigger_ui.py
[2026-03-01T14:23:19.919+0530] {processor.py:914} INFO - Processing file /home/jenny/.local/lib/python3.13/site-packages/airflow/example_dags/example_params_trigger_ui.py for tasks to queue
[2026-03-01T14:23:19.920+0530] {logging_mixin.py:190} INFO - [2026-03-01T14:23:19.920+0530] {dagbag.py:588} INFO - Filling up the DagBag from /home/jenny/.local/lib/python3.13/site-packages/airflow/example_dags/example_params_trigger_ui.py
[2026-03-01T14:23:19.928+0530] {processor.py:925} INFO - DAG(s) 'example_params_trigger_ui' retrieved from /home/jenny/.local/lib/python3.13/site-packages/airflow/example_dags/example_params_trigger_ui.py
[2026-03-01T14:23:19.953+0530] {logging_mixin.py:190} INFO - [2026-03-01T14:23:19.953+0530] {dag.py:3239} INFO - Sync 1 DAGs
[2026-03-01T14:23:19.961+0530] {logging_mixin.py:190} INFO - [2026-03-01T14:23:19.961+0530] {dag.py:4180} INFO - Setting next_dagrun for example_params_trigger_ui to None, run_after=None
[2026-03-01T14:23:19.976+0530] {processor.py:208} INFO - Processing /home/jenny/.local/lib/python3.13/site-packages/airflow/example_dags/example_params_trigger_ui.py took 0.061 seconds
[2026-03-01T14:24:20.499+0530] {processor.py:186} INFO - Started process (PID=220289) to work on /home/jenny/.local/lib/python3.13/site-packages/airflow/example_dags/example_params_trigger_ui.py
[2026-03-01T14:24:20.500+0530] {processor.py:914} INFO - Processing file /home/jenny/.local/lib/python3.13/site-packages/airflow/example_dags/example_params_trigger_ui.py for tasks to queue
[2026-03-01T14:24:20.503+0530] {logging_mixin.py:190} INFO - [2026-03-01T14:24:20.503+0530] {dagbag.py:588} INFO - Filling up the DagBag from /home/jenny/.local/lib/python3.13/site-packages/airflow/example_dags/example_params_trigger_ui.py
[2026-03-01T14:24:20.512+0530] {processor.py:925} INFO - DAG(s) 'example_params_trigger_ui' retrieved from /home/jenny/.local/lib/python3.13/site-packages/airflow/example_dags/example_params_trigger_ui.py
[2026-03-01T14:24:20.534+0530] {logging_mixin.py:190} INFO - [2026-03-01T14:24:20.534+0530] {dag.py:3239} INFO - Sync 1 DAGs
[2026-03-01T14:24:20.542+0530] {logging_mixin.py:190} INFO - [2026-03-01T14:24:20.542+0530] {dag.py:4180} INFO - Setting next_dagrun for example_params_trigger_ui to None, run_after=None
[2026-03-01T14:24:20.660+0530] {processor.py:208} INFO - Processing /home/jenny/.local/lib/python3.13/site-packages/airflow/example_dags/example_params_trigger_ui.py took 0.167 seconds
[2026-03-01T14:25:41.003+0530] {processor.py:186} INFO - Started process (PID=225400) to work on /home/jenny/.local/lib/python3.13/site-packages/airflow/example_dags/example_params_trigger_ui.py
[2026-03-01T14:25:41.004+0530] {processor.py:914} INFO - Processing file /home/jenny/.local/lib/python3.13/site-packages/airflow/example_dags/example_params_trigger_ui.py for tasks to queue
[2026-03-01T14:25:41.007+0530] {logging_mixin.py:190} INFO - [2026-03-01T14:25:41.006+0530] {dagbag.py:588} INFO - Filling up the DagBag from /home/jenny/.local/lib/python3.13/site-packages/airflow/example_dags/example_params_trigger_ui.py
[2026-03-01T14:25:41.016+0530] {processor.py:925} INFO - DAG(s) 'example_params_trigger_ui' retrieved from /home/jenny/.local/lib/python3.13/site-packages/airflow/example_dags/example_params_trigger_ui.py
[2026-03-01T14:25:41.041+0530] {logging_mixin.py:190} INFO - [2026-03-01T14:25:41.040+0530] {dag.py:3239} INFO - Sync 1 DAGs
[2026-03-01T14:25:41.054+0530] {logging_mixin.py:190} INFO - [2026-03-01T14:25:41.053+0530] {dag.py:4180} INFO - Setting next_dagrun for example_params_trigger_ui to None, run_after=None
[2026-03-01T14:25:41.070+0530] {processor.py:208} INFO - Processing /home/jenny/.local/lib/python3.13/site-packages/airflow/example_dags/example_params_trigger_ui.py took 0.072 seconds
[2026-03-01T14:26:36.604+0530] {processor.py:186} INFO - Started process (PID=225885) to work on /home/jenny/.local/lib/python3.13/site-packages/airflow/example_dags/example_params_trigger_ui.py
[2026-03-01T14:26:36.605+0530] {processor.py:914} INFO - Processing file /home/jenny/.local/lib/python3.13/site-packages/airflow/example_dags/example_params_trigger_ui.py for tasks to queue
[2026-03-01T14:26:36.607+0530] {logging_mixin.py:190} INFO - [2026-03-01T14:26:36.606+0530] {dagbag.py:588} INFO - Filling up the DagBag from /home/jenny/.local/lib/python3.13/site-packages/airflow/example_dags/example_params_trigger_ui.py
[2026-03-01T14:26:36.618+0530] {processor.py:925} INFO - DAG(s) 'example_params_trigger_ui' retrieved from /home/jenny/.local/lib/python3.13/site-packages/airflow/example_dags/example_params_trigger_ui.py
[2026-03-01T14:26:36.656+0530] {logging_mixin.py:190} INFO - [2026-03-01T14:26:36.656+0530] {dag.py:3239} INFO - Sync 1 DAGs
[2026-03-01T14:26:36.668+0530] {logging_mixin.py:190} INFO - [2026-03-01T14:26:36.668+0530] {dag.py:4180} INFO - Setting next_dagrun for example_params_trigger_ui to None, run_after=None
[2026-03-01T14:26:36.691+0530] {processor.py:208} INFO - Processing /home/jenny/.local/lib/python3.13/site-packages/airflow/example_dags/example_params_trigger_ui.py took 0.091 seconds
[2026-03-01T14:28:02.108+0530] {processor.py:186} INFO - Started process (PID=227802) to work on /home/jenny/.local/lib/python3.13/site-packages/airflow/example_dags/example_params_trigger_ui.py
[2026-03-01T14:28:02.109+0530] {processor.py:914} INFO - Processing file /home/jenny/.local/lib/python3.13/site-packages/airflow/example_dags/example_params_trigger_ui.py for tasks to queue
[2026-03-01T14:28:02.111+0530] {logging_mixin.py:190} INFO - [2026-03-01T14:28:02.111+0530] {dagbag.py:588} INFO - Filling up the DagBag from /home/jenny/.local/lib/python3.13/site-packages/airflow/example_dags/example_params_trigger_ui.py
[2026-03-01T14:28:02.119+0530] {processor.py:925} INFO - DAG(s) 'example_params_trigger_ui' retrieved from /home/jenny/.local/lib/python3.13/site-packages/airflow/example_dags/example_params_trigger_ui.py
[2026-03-01T14:28:02.146+0530] {logging_mixin.py:190} INFO - [2026-03-01T14:28:02.146+0530] {dag.py:3239} INFO - Sync 1 DAGs
[2026-03-01T14:28:02.155+0530] {logging_mixin.py:190} INFO - [2026-03-01T14:28:02.154+0530] {dag.py:4180} INFO - Setting next_dagrun for example_params_trigger_ui to None, run_after=None
[2026-03-01T14:28:02.173+0530] {processor.py:208} INFO - Processing /home/jenny/.local/lib/python3.13/site-packages/airflow/example_dags/example_params_trigger_ui.py took 0.068 seconds
[2026-03-01T14:30:03.327+0530] {processor.py:186} INFO - Started process (PID=230034) to work on /home/jenny/.local/lib/python3.13/site-packages/airflow/example_dags/example_params_trigger_ui.py
[2026-03-01T14:30:03.328+0530] {processor.py:914} INFO - Processing file /home/jenny/.local/lib/python3.13/site-packages/airflow/example_dags/example_params_trigger_ui.py for tasks to queue
[2026-03-01T14:30:03.330+0530] {logging_mixin.py:190} INFO - [2026-03-01T14:30:03.330+0530] {dagbag.py:588} INFO - Filling up the DagBag from /home/jenny/.local/lib/python3.13/site-packages/airflow/example_dags/example_params_trigger_ui.py
[2026-03-01T14:30:03.340+0530] {processor.py:925} INFO - DAG(s) 'example_params_trigger_ui' retrieved from /home/jenny/.local/lib/python3.13/site-packages/airflow/example_dags/example_params_trigger_ui.py
[2026-03-01T14:30:03.361+0530] {logging_mixin.py:190} INFO - [2026-03-01T14:30:03.361+0530] {dag.py:3239} INFO - Sync 1 DAGs
[2026-03-01T14:30:03.369+0530] {logging_mixin.py:190} INFO - [2026-03-01T14:30:03.369+0530] {dag.py:4180} INFO - Setting next_dagrun for example_params_trigger_ui to None, run_after=None
[2026-03-01T14:30:03.384+0530] {processor.py:208} INFO - Processing /home/jenny/.local/lib/python3.13/site-packages/airflow/example_dags/example_params_trigger_ui.py took 0.063 seconds
[2026-03-01T14:31:45.213+0530] {processor.py:186} INFO - Started process (PID=231662) to work on /home/jenny/.local/lib/python3.13/site-packages/airflow/example_dags/example_params_trigger_ui.py
[2026-03-01T14:31:45.214+0530] {processor.py:914} INFO - Processing file /home/jenny/.local/lib/python3.13/site-packages/airflow/example_dags/example_params_trigger_ui.py for tasks to queue
[2026-03-01T14:31:45.217+0530] {logging_mixin.py:190} INFO - [2026-03-01T14:31:45.216+0530] {dagbag.py:588} INFO - Filling up the DagBag from /home/jenny/.local/lib/python3.13/site-packages/airflow/example_dags/example_params_trigger_ui.py
[2026-03-01T14:31:45.225+0530] {processor.py:925} INFO - DAG(s) 'example_params_trigger_ui' retrieved from /home/jenny/.local/lib/python3.13/site-packages/airflow/example_dags/example_params_trigger_ui.py
[2026-03-01T14:31:45.251+0530] {logging_mixin.py:190} INFO - [2026-03-01T14:31:45.251+0530] {dag.py:3239} INFO - Sync 1 DAGs
[2026-03-01T14:31:45.262+0530] {logging_mixin.py:190} INFO - [2026-03-01T14:31:45.262+0530] {dag.py:4180} INFO - Setting next_dagrun for example_params_trigger_ui to None, run_after=None
[2026-03-01T14:31:45.284+0530] {processor.py:208} INFO - Processing /home/jenny/.local/lib/python3.13/site-packages/airflow/example_dags/example_params_trigger_ui.py took 0.075 seconds
[2026-03-01T14:32:43.444+0530] {processor.py:186} INFO - Started process (PID=231976) to work on /home/jenny/.local/lib/python3.13/site-packages/airflow/example_dags/example_params_trigger_ui.py
[2026-03-01T14:32:43.445+0530] {processor.py:914} INFO - Processing file /home/jenny/.local/lib/python3.13/site-packages/airflow/example_dags/example_params_trigger_ui.py for tasks to queue
[2026-03-01T14:32:43.447+0530] {logging_mixin.py:190} INFO - [2026-03-01T14:32:43.447+0530] {dagbag.py:588} INFO - Filling up the DagBag from /home/jenny/.local/lib/python3.13/site-packages/airflow/example_dags/example_params_trigger_ui.py
[2026-03-01T14:32:43.455+0530] {processor.py:925} INFO - DAG(s) 'example_params_trigger_ui' retrieved from /home/jenny/.local/lib/python3.13/site-packages/airflow/example_dags/example_params_trigger_ui.py
[2026-03-01T14:32:43.482+0530] {logging_mixin.py:190} INFO - [2026-03-01T14:32:43.482+0530] {dag.py:3239} INFO - Sync 1 DAGs
[2026-03-01T14:32:43.490+0530] {logging_mixin.py:190} INFO - [2026-03-01T14:32:43.490+0530] {dag.py:4180} INFO - Setting next_dagrun for example_params_trigger_ui to None, run_after=None
[2026-03-01T14:32:43.528+0530] {processor.py:208} INFO - Processing /home/jenny/.local/lib/python3.13/site-packages/airflow/example_dags/example_params_trigger_ui.py took 0.089 seconds
[2026-03-01T14:34:10.788+0530] {processor.py:186} INFO - Started process (PID=233369) to work on /home/jenny/.local/lib/python3.13/site-packages/airflow/example_dags/example_params_trigger_ui.py
[2026-03-01T14:34:10.790+0530] {processor.py:914} INFO - Processing file /home/jenny/.local/lib/python3.13/site-packages/airflow/example_dags/example_params_trigger_ui.py for tasks to queue
[2026-03-01T14:34:10.793+0530] {logging_mixin.py:190} INFO - [2026-03-01T14:34:10.792+0530] {dagbag.py:588} INFO - Filling up the DagBag from /home/jenny/.local/lib/python3.13/site-packages/airflow/example_dags/example_params_trigger_ui.py
[2026-03-01T14:34:10.802+0530] {processor.py:925} INFO - DAG(s) 'example_params_trigger_ui' retrieved from /home/jenny/.local/lib/python3.13/site-packages/airflow/example_dags/example_params_trigger_ui.py
[2026-03-01T14:34:10.824+0530] {logging_mixin.py:190} INFO - [2026-03-01T14:34:10.824+0530] {dag.py:3239} INFO - Sync 1 DAGs
[2026-03-01T14:34:10.836+0530] {logging_mixin.py:190} INFO - [2026-03-01T14:34:10.835+0530] {dag.py:4180} INFO - Setting next_dagrun for example_params_trigger_ui to None, run_after=None
[2026-03-01T14:34:10.857+0530] {processor.py:208} INFO - Processing /home/jenny/.local/lib/python3.13/site-packages/airflow/example_dags/example_params_trigger_ui.py took 0.074 seconds
[2026-03-01T14:35:07.452+0530] {processor.py:186} INFO - Started process (PID=233855) to work on /home/jenny/.local/lib/python3.13/site-packages/airflow/example_dags/example_params_trigger_ui.py
[2026-03-01T14:35:07.452+0530] {processor.py:914} INFO - Processing file /home/jenny/.local/lib/python3.13/site-packages/airflow/example_dags/example_params_trigger_ui.py for tasks to queue
[2026-03-01T14:35:07.454+0530] {logging_mixin.py:190} INFO - [2026-03-01T14:35:07.454+0530] {dagbag.py:588} INFO - Filling up the DagBag from /home/jenny/.local/lib/python3.13/site-packages/airflow/example_dags/example_params_trigger_ui.py
[2026-03-01T14:35:07.461+0530] {processor.py:925} INFO - DAG(s) 'example_params_trigger_ui' retrieved from /home/jenny/.local/lib/python3.13/site-packages/airflow/example_dags/example_params_trigger_ui.py
[2026-03-01T14:35:07.485+0530] {logging_mixin.py:190} INFO - [2026-03-01T14:35:07.484+0530] {dag.py:3239} INFO - Sync 1 DAGs
[2026-03-01T14:35:07.492+0530] {logging_mixin.py:190} INFO - [2026-03-01T14:35:07.492+0530] {dag.py:4180} INFO - Setting next_dagrun for example_params_trigger_ui to None, run_after=None
[2026-03-01T14:35:07.509+0530] {processor.py:208} INFO - Processing /home/jenny/.local/lib/python3.13/site-packages/airflow/example_dags/example_params_trigger_ui.py took 0.061 seconds
[2026-03-01T14:36:01.169+0530] {processor.py:186} INFO - Started process (PID=234020) to work on /home/jenny/.local/lib/python3.13/site-packages/airflow/example_dags/example_params_trigger_ui.py
[2026-03-01T14:36:01.171+0530] {processor.py:914} INFO - Processing file /home/jenny/.local/lib/python3.13/site-packages/airflow/example_dags/example_params_trigger_ui.py for tasks to queue
[2026-03-01T14:36:01.174+0530] {logging_mixin.py:190} INFO - [2026-03-01T14:36:01.173+0530] {dagbag.py:588} INFO - Filling up the DagBag from /home/jenny/.local/lib/python3.13/site-packages/airflow/example_dags/example_params_trigger_ui.py
[2026-03-01T14:36:01.182+0530] {processor.py:925} INFO - DAG(s) 'example_params_trigger_ui' retrieved from /home/jenny/.local/lib/python3.13/site-packages/airflow/example_dags/example_params_trigger_ui.py
[2026-03-01T14:36:01.206+0530] {logging_mixin.py:190} INFO - [2026-03-01T14:36:01.206+0530] {dag.py:3239} INFO - Sync 1 DAGs
[2026-03-01T14:36:01.214+0530] {logging_mixin.py:190} INFO - [2026-03-01T14:36:01.214+0530] {dag.py:4180} INFO - Setting next_dagrun for example_params_trigger_ui to None, run_after=None
[2026-03-01T14:36:01.235+0530] {processor.py:208} INFO - Processing /home/jenny/.local/lib/python3.13/site-packages/airflow/example_dags/example_params_trigger_ui.py took 0.072 seconds
[2026-03-01T14:36:57.151+0530] {processor.py:186} INFO - Started process (PID=234165) to work on /home/jenny/.local/lib/python3.13/site-packages/airflow/example_dags/example_params_trigger_ui.py
[2026-03-01T14:36:57.152+0530] {processor.py:914} INFO - Processing file /home/jenny/.local/lib/python3.13/site-packages/airflow/example_dags/example_params_trigger_ui.py for tasks to queue
[2026-03-01T14:36:57.155+0530] {logging_mixin.py:190} INFO - [2026-03-01T14:36:57.154+0530] {dagbag.py:588} INFO - Filling up the DagBag from /home/jenny/.local/lib/python3.13/site-packages/airflow/example_dags/example_params_trigger_ui.py
[2026-03-01T14:36:57.163+0530] {processor.py:925} INFO - DAG(s) 'example_params_trigger_ui' retrieved from /home/jenny/.local/lib/python3.13/site-packages/airflow/example_dags/example_params_trigger_ui.py
[2026-03-01T14:36:57.185+0530] {logging_mixin.py:190} INFO - [2026-03-01T14:36:57.185+0530] {dag.py:3239} INFO - Sync 1 DAGs
[2026-03-01T14:36:57.193+0530] {logging_mixin.py:190} INFO - [2026-03-01T14:36:57.193+0530] {dag.py:4180} INFO - Setting next_dagrun for example_params_trigger_ui to None, run_after=None
[2026-03-01T14:36:57.208+0530] {processor.py:208} INFO - Processing /home/jenny/.local/lib/python3.13/site-packages/airflow/example_dags/example_params_trigger_ui.py took 0.062 seconds
[2026-03-01T14:37:51.155+0530] {processor.py:186} INFO - Started process (PID=234409) to work on /home/jenny/.local/lib/python3.13/site-packages/airflow/example_dags/example_params_trigger_ui.py
[2026-03-01T14:37:51.155+0530] {processor.py:914} INFO - Processing file /home/jenny/.local/lib/python3.13/site-packages/airflow/example_dags/example_params_trigger_ui.py for tasks to queue
[2026-03-01T14:37:51.157+0530] {logging_mixin.py:190} INFO - [2026-03-01T14:37:51.157+0530] {dagbag.py:588} INFO - Filling up the DagBag from /home/jenny/.local/lib/python3.13/site-packages/airflow/example_dags/example_params_trigger_ui.py
[2026-03-01T14:37:51.167+0530] {processor.py:925} INFO - DAG(s) 'example_params_trigger_ui' retrieved from /home/jenny/.local/lib/python3.13/site-packages/airflow/example_dags/example_params_trigger_ui.py
[2026-03-01T14:37:51.193+0530] {logging_mixin.py:190} INFO - [2026-03-01T14:37:51.193+0530] {dag.py:3239} INFO - Sync 1 DAGs
[2026-03-01T14:37:51.205+0530] {logging_mixin.py:190} INFO - [2026-03-01T14:37:51.205+0530] {dag.py:4180} INFO - Setting next_dagrun for example_params_trigger_ui to None, run_after=None
[2026-03-01T14:37:51.283+0530] {processor.py:208} INFO - Processing /home/jenny/.local/lib/python3.13/site-packages/airflow/example_dags/example_params_trigger_ui.py took 0.132 seconds
[2026-03-01T14:38:45.621+0530] {processor.py:186} INFO - Started process (PID=234902) to work on /home/jenny/.local/lib/python3.13/site-packages/airflow/example_dags/example_params_trigger_ui.py
[2026-03-01T14:38:45.622+0530] {processor.py:914} INFO - Processing file /home/jenny/.local/lib/python3.13/site-packages/airflow/example_dags/example_params_trigger_ui.py for tasks to queue
[2026-03-01T14:38:45.623+0530] {logging_mixin.py:190} INFO - [2026-03-01T14:38:45.623+0530] {dagbag.py:588} INFO - Filling up the DagBag from /home/jenny/.local/lib/python3.13/site-packages/airflow/example_dags/example_params_trigger_ui.py
[2026-03-01T14:38:45.634+0530] {processor.py:925} INFO - DAG(s) 'example_params_trigger_ui' retrieved from /home/jenny/.local/lib/python3.13/site-packages/airflow/example_dags/example_params_trigger_ui.py
[2026-03-01T14:38:45.664+0530] {logging_mixin.py:190} INFO - [2026-03-01T14:38:45.663+0530] {dag.py:3239} INFO - Sync 1 DAGs
[2026-03-01T14:38:45.673+0530] {logging_mixin.py:190} INFO - [2026-03-01T14:38:45.673+0530] {dag.py:4180} INFO - Setting next_dagrun for example_params_trigger_ui to None, run_after=None
[2026-03-01T14:38:45.690+0530] {processor.py:208} INFO - Processing /home/jenny/.local/lib/python3.13/site-packages/airflow/example_dags/example_params_trigger_ui.py took 0.075 seconds
[2026-03-01T14:39:37.033+0530] {processor.py:186} INFO - Started process (PID=235169) to work on /home/jenny/.local/lib/python3.13/site-packages/airflow/example_dags/example_params_trigger_ui.py
[2026-03-01T14:39:37.034+0530] {processor.py:914} INFO - Processing file /home/jenny/.local/lib/python3.13/site-packages/airflow/example_dags/example_params_trigger_ui.py for tasks to queue
[2026-03-01T14:39:37.036+0530] {logging_mixin.py:190} INFO - [2026-03-01T14:39:37.035+0530] {dagbag.py:588} INFO - Filling up the DagBag from /home/jenny/.local/lib/python3.13/site-packages/airflow/example_dags/example_params_trigger_ui.py
[2026-03-01T14:39:37.044+0530] {processor.py:925} INFO - DAG(s) 'example_params_trigger_ui' retrieved from /home/jenny/.local/lib/python3.13/site-packages/airflow/example_dags/example_params_trigger_ui.py
[2026-03-01T14:39:37.068+0530] {logging_mixin.py:190} INFO - [2026-03-01T14:39:37.067+0530] {dag.py:3239} INFO - Sync 1 DAGs
[2026-03-01T14:39:37.076+0530] {logging_mixin.py:190} INFO - [2026-03-01T14:39:37.076+0530] {dag.py:4180} INFO - Setting next_dagrun for example_params_trigger_ui to None, run_after=None
[2026-03-01T14:39:37.092+0530] {processor.py:208} INFO - Processing /home/jenny/.local/lib/python3.13/site-packages/airflow/example_dags/example_params_trigger_ui.py took 0.062 seconds
[2026-03-01T14:40:32.487+0530] {processor.py:186} INFO - Started process (PID=235380) to work on /home/jenny/.local/lib/python3.13/site-packages/airflow/example_dags/example_params_trigger_ui.py
[2026-03-01T14:40:32.487+0530] {processor.py:914} INFO - Processing file /home/jenny/.local/lib/python3.13/site-packages/airflow/example_dags/example_params_trigger_ui.py for tasks to queue
[2026-03-01T14:40:32.489+0530] {logging_mixin.py:190} INFO - [2026-03-01T14:40:32.489+0530] {dagbag.py:588} INFO - Filling up the DagBag from /home/jenny/.local/lib/python3.13/site-packages/airflow/example_dags/example_params_trigger_ui.py
[2026-03-01T14:40:32.500+0530] {processor.py:925} INFO - DAG(s) 'example_params_trigger_ui' retrieved from /home/jenny/.local/lib/python3.13/site-packages/airflow/example_dags/example_params_trigger_ui.py
[2026-03-01T14:40:32.528+0530] {logging_mixin.py:190} INFO - [2026-03-01T14:40:32.528+0530] {dag.py:3239} INFO - Sync 1 DAGs
[2026-03-01T14:40:32.536+0530] {logging_mixin.py:190} INFO - [2026-03-01T14:40:32.536+0530] {dag.py:4180} INFO - Setting next_dagrun for example_params_trigger_ui to None, run_after=None
[2026-03-01T14:40:32.553+0530] {processor.py:208} INFO - Processing /home/jenny/.local/lib/python3.13/site-packages/airflow/example_dags/example_params_trigger_ui.py took 0.069 seconds
[2026-03-01T14:41:26.383+0530] {processor.py:186} INFO - Started process (PID=239451) to work on /home/jenny/.local/lib/python3.13/site-packages/airflow/example_dags/example_params_trigger_ui.py
[2026-03-01T14:41:26.384+0530] {processor.py:914} INFO - Processing file /home/jenny/.local/lib/python3.13/site-packages/airflow/example_dags/example_params_trigger_ui.py for tasks to queue
[2026-03-01T14:41:26.387+0530] {logging_mixin.py:190} INFO - [2026-03-01T14:41:26.386+0530] {dagbag.py:588} INFO - Filling up the DagBag from /home/jenny/.local/lib/python3.13/site-packages/airflow/example_dags/example_params_trigger_ui.py
[2026-03-01T14:41:26.395+0530] {processor.py:925} INFO - DAG(s) 'example_params_trigger_ui' retrieved from /home/jenny/.local/lib/python3.13/site-packages/airflow/example_dags/example_params_trigger_ui.py
[2026-03-01T14:41:26.420+0530] {logging_mixin.py:190} INFO - [2026-03-01T14:41:26.420+0530] {dag.py:3239} INFO - Sync 1 DAGs
[2026-03-01T14:41:26.429+0530] {logging_mixin.py:190} INFO - [2026-03-01T14:41:26.429+0530] {dag.py:4180} INFO - Setting next_dagrun for example_params_trigger_ui to None, run_after=None
[2026-03-01T14:41:26.446+0530] {processor.py:208} INFO - Processing /home/jenny/.local/lib/python3.13/site-packages/airflow/example_dags/example_params_trigger_ui.py took 0.066 seconds
[2026-03-01T14:42:19.419+0530] {processor.py:186} INFO - Started process (PID=239612) to work on /home/jenny/.local/lib/python3.13/site-packages/airflow/example_dags/example_params_trigger_ui.py
[2026-03-01T14:42:19.420+0530] {processor.py:914} INFO - Processing file /home/jenny/.local/lib/python3.13/site-packages/airflow/example_dags/example_params_trigger_ui.py for tasks to queue
[2026-03-01T14:42:19.423+0530] {logging_mixin.py:190} INFO - [2026-03-01T14:42:19.422+0530] {dagbag.py:588} INFO - Filling up the DagBag from /home/jenny/.local/lib/python3.13/site-packages/airflow/example_dags/example_params_trigger_ui.py
[2026-03-01T14:42:19.431+0530] {processor.py:925} INFO - DAG(s) 'example_params_trigger_ui' retrieved from /home/jenny/.local/lib/python3.13/site-packages/airflow/example_dags/example_params_trigger_ui.py
[2026-03-01T14:42:19.454+0530] {logging_mixin.py:190} INFO - [2026-03-01T14:42:19.453+0530] {dag.py:3239} INFO - Sync 1 DAGs
[2026-03-01T14:42:19.463+0530] {logging_mixin.py:190} INFO - [2026-03-01T14:42:19.463+0530] {dag.py:4180} INFO - Setting next_dagrun for example_params_trigger_ui to None, run_after=None
[2026-03-01T14:42:19.489+0530] {processor.py:208} INFO - Processing /home/jenny/.local/lib/python3.13/site-packages/airflow/example_dags/example_params_trigger_ui.py took 0.076 seconds
[2026-03-01T14:43:13.416+0530] {processor.py:186} INFO - Started process (PID=239780) to work on /home/jenny/.local/lib/python3.13/site-packages/airflow/example_dags/example_params_trigger_ui.py
[2026-03-01T14:43:13.417+0530] {processor.py:914} INFO - Processing file /home/jenny/.local/lib/python3.13/site-packages/airflow/example_dags/example_params_trigger_ui.py for tasks to queue
[2026-03-01T14:43:13.418+0530] {logging_mixin.py:190} INFO - [2026-03-01T14:43:13.418+0530] {dagbag.py:588} INFO - Filling up the DagBag from /home/jenny/.local/lib/python3.13/site-packages/airflow/example_dags/example_params_trigger_ui.py
[2026-03-01T14:43:13.426+0530] {processor.py:925} INFO - DAG(s) 'example_params_trigger_ui' retrieved from /home/jenny/.local/lib/python3.13/site-packages/airflow/example_dags/example_params_trigger_ui.py
[2026-03-01T14:43:13.454+0530] {logging_mixin.py:190} INFO - [2026-03-01T14:43:13.454+0530] {dag.py:3239} INFO - Sync 1 DAGs
[2026-03-01T14:43:13.464+0530] {logging_mixin.py:190} INFO - [2026-03-01T14:43:13.464+0530] {dag.py:4180} INFO - Setting next_dagrun for example_params_trigger_ui to None, run_after=None
[2026-03-01T14:43:13.481+0530] {processor.py:208} INFO - Processing /home/jenny/.local/lib/python3.13/site-packages/airflow/example_dags/example_params_trigger_ui.py took 0.069 seconds
[2026-03-01T14:44:04.912+0530] {processor.py:186} INFO - Started process (PID=239921) to work on /home/jenny/.local/lib/python3.13/site-packages/airflow/example_dags/example_params_trigger_ui.py
[2026-03-01T14:44:04.913+0530] {processor.py:914} INFO - Processing file /home/jenny/.local/lib/python3.13/site-packages/airflow/example_dags/example_params_trigger_ui.py for tasks to queue
[2026-03-01T14:44:04.916+0530] {logging_mixin.py:190} INFO - [2026-03-01T14:44:04.915+0530] {dagbag.py:588} INFO - Filling up the DagBag from /home/jenny/.local/lib/python3.13/site-packages/airflow/example_dags/example_params_trigger_ui.py
[2026-03-01T14:44:04.926+0530] {processor.py:925} INFO - DAG(s) 'example_params_trigger_ui' retrieved from /home/jenny/.local/lib/python3.13/site-packages/airflow/example_dags/example_params_trigger_ui.py
[2026-03-01T14:44:04.947+0530] {logging_mixin.py:190} INFO - [2026-03-01T14:44:04.947+0530] {dag.py:3239} INFO - Sync 1 DAGs
[2026-03-01T14:44:04.955+0530] {logging_mixin.py:190} INFO - [2026-03-01T14:44:04.955+0530] {dag.py:4180} INFO - Setting next_dagrun for example_params_trigger_ui to None, run_after=None
[2026-03-01T14:44:04.970+0530] {processor.py:208} INFO - Processing /home/jenny/.local/lib/python3.13/site-packages/airflow/example_dags/example_params_trigger_ui.py took 0.064 seconds
[2026-03-01T14:44:57.636+0530] {processor.py:186} INFO - Started process (PID=240086) to work on /home/jenny/.local/lib/python3.13/site-packages/airflow/example_dags/example_params_trigger_ui.py
[2026-03-01T14:44:57.637+0530] {processor.py:914} INFO - Processing file /home/jenny/.local/lib/python3.13/site-packages/airflow/example_dags/example_params_trigger_ui.py for tasks to queue
[2026-03-01T14:44:57.640+0530] {logging_mixin.py:190} INFO - [2026-03-01T14:44:57.640+0530] {dagbag.py:588} INFO - Filling up the DagBag from /home/jenny/.local/lib/python3.13/site-packages/airflow/example_dags/example_params_trigger_ui.py
[2026-03-01T14:44:57.648+0530] {processor.py:925} INFO - DAG(s) 'example_params_trigger_ui' retrieved from /home/jenny/.local/lib/python3.13/site-packages/airflow/example_dags/example_params_trigger_ui.py
[2026-03-01T14:44:57.675+0530] {logging_mixin.py:190} INFO - [2026-03-01T14:44:57.675+0530] {dag.py:3239} INFO - Sync 1 DAGs
[2026-03-01T14:44:57.685+0530] {logging_mixin.py:190} INFO - [2026-03-01T14:44:57.685+0530] {dag.py:4180} INFO - Setting next_dagrun for example_params_trigger_ui to None, run_after=None
[2026-03-01T14:44:57.707+0530] {processor.py:208} INFO - Processing /home/jenny/.local/lib/python3.13/site-packages/airflow/example_dags/example_params_trigger_ui.py took 0.077 seconds
[2026-03-01T14:45:54.962+0530] {processor.py:186} INFO - Started process (PID=240278) to work on /home/jenny/.local/lib/python3.13/site-packages/airflow/example_dags/example_params_trigger_ui.py
[2026-03-01T14:45:54.963+0530] {processor.py:914} INFO - Processing file /home/jenny/.local/lib/python3.13/site-packages/airflow/example_dags/example_params_trigger_ui.py for tasks to queue
[2026-03-01T14:45:54.966+0530] {logging_mixin.py:190} INFO - [2026-03-01T14:45:54.966+0530] {dagbag.py:588} INFO - Filling up the DagBag from /home/jenny/.local/lib/python3.13/site-packages/airflow/example_dags/example_params_trigger_ui.py
[2026-03-01T14:45:54.975+0530] {processor.py:925} INFO - DAG(s) 'example_params_trigger_ui' retrieved from /home/jenny/.local/lib/python3.13/site-packages/airflow/example_dags/example_params_trigger_ui.py
[2026-03-01T14:45:54.997+0530] {logging_mixin.py:190} INFO - [2026-03-01T14:45:54.996+0530] {dag.py:3239} INFO - Sync 1 DAGs
[2026-03-01T14:45:55.104+0530] {logging_mixin.py:190} INFO - [2026-03-01T14:45:55.104+0530] {dag.py:4180} INFO - Setting next_dagrun for example_params_trigger_ui to None, run_after=None
[2026-03-01T14:45:55.134+0530] {processor.py:208} INFO - Processing /home/jenny/.local/lib/python3.13/site-packages/airflow/example_dags/example_params_trigger_ui.py took 0.177 seconds
[2026-03-01T14:46:59.556+0530] {processor.py:186} INFO - Started process (PID=240474) to work on /home/jenny/.local/lib/python3.13/site-packages/airflow/example_dags/example_params_trigger_ui.py
[2026-03-01T14:46:59.557+0530] {processor.py:914} INFO - Processing file /home/jenny/.local/lib/python3.13/site-packages/airflow/example_dags/example_params_trigger_ui.py for tasks to queue
[2026-03-01T14:46:59.559+0530] {logging_mixin.py:190} INFO - [2026-03-01T14:46:59.559+0530] {dagbag.py:588} INFO - Filling up the DagBag from /home/jenny/.local/lib/python3.13/site-packages/airflow/example_dags/example_params_trigger_ui.py
[2026-03-01T14:46:59.568+0530] {processor.py:925} INFO - DAG(s) 'example_params_trigger_ui' retrieved from /home/jenny/.local/lib/python3.13/site-packages/airflow/example_dags/example_params_trigger_ui.py
[2026-03-01T14:46:59.694+0530] {logging_mixin.py:190} INFO - [2026-03-01T14:46:59.694+0530] {dag.py:3239} INFO - Sync 1 DAGs
[2026-03-01T14:46:59.701+0530] {logging_mixin.py:190} INFO - [2026-03-01T14:46:59.701+0530] {dag.py:4180} INFO - Setting next_dagrun for example_params_trigger_ui to None, run_after=None
[2026-03-01T14:46:59.716+0530] {processor.py:208} INFO - Processing /home/jenny/.local/lib/python3.13/site-packages/airflow/example_dags/example_params_trigger_ui.py took 0.165 seconds
[2026-03-01T14:48:02.118+0530] {processor.py:186} INFO - Started process (PID=240659) to work on /home/jenny/.local/lib/python3.13/site-packages/airflow/example_dags/example_params_trigger_ui.py
[2026-03-01T14:48:02.119+0530] {processor.py:914} INFO - Processing file /home/jenny/.local/lib/python3.13/site-packages/airflow/example_dags/example_params_trigger_ui.py for tasks to queue
[2026-03-01T14:48:02.122+0530] {logging_mixin.py:190} INFO - [2026-03-01T14:48:02.122+0530] {dagbag.py:588} INFO - Filling up the DagBag from /home/jenny/.local/lib/python3.13/site-packages/airflow/example_dags/example_params_trigger_ui.py
[2026-03-01T14:48:02.131+0530] {processor.py:925} INFO - DAG(s) 'example_params_trigger_ui' retrieved from /home/jenny/.local/lib/python3.13/site-packages/airflow/example_dags/example_params_trigger_ui.py
[2026-03-01T14:48:02.154+0530] {logging_mixin.py:190} INFO - [2026-03-01T14:48:02.154+0530] {dag.py:3239} INFO - Sync 1 DAGs
[2026-03-01T14:48:02.162+0530] {logging_mixin.py:190} INFO - [2026-03-01T14:48:02.162+0530] {dag.py:4180} INFO - Setting next_dagrun for example_params_trigger_ui to None, run_after=None
[2026-03-01T14:48:02.177+0530] {processor.py:208} INFO - Processing /home/jenny/.local/lib/python3.13/site-packages/airflow/example_dags/example_params_trigger_ui.py took 0.065 seconds
[2026-03-01T14:48:58.512+0530] {processor.py:186} INFO - Started process (PID=240990) to work on /home/jenny/.local/lib/python3.13/site-packages/airflow/example_dags/example_params_trigger_ui.py
[2026-03-01T14:48:58.513+0530] {processor.py:914} INFO - Processing file /home/jenny/.local/lib/python3.13/site-packages/airflow/example_dags/example_params_trigger_ui.py for tasks to queue
[2026-03-01T14:48:58.516+0530] {logging_mixin.py:190} INFO - [2026-03-01T14:48:58.516+0530] {dagbag.py:588} INFO - Filling up the DagBag from /home/jenny/.local/lib/python3.13/site-packages/airflow/example_dags/example_params_trigger_ui.py
[2026-03-01T14:48:58.526+0530] {processor.py:925} INFO - DAG(s) 'example_params_trigger_ui' retrieved from /home/jenny/.local/lib/python3.13/site-packages/airflow/example_dags/example_params_trigger_ui.py
[2026-03-01T14:48:58.547+0530] {logging_mixin.py:190} INFO - [2026-03-01T14:48:58.547+0530] {dag.py:3239} INFO - Sync 1 DAGs
[2026-03-01T14:48:58.555+0530] {logging_mixin.py:190} INFO - [2026-03-01T14:48:58.555+0530] {dag.py:4180} INFO - Setting next_dagrun for example_params_trigger_ui to None, run_after=None
[2026-03-01T14:48:58.570+0530] {processor.py:208} INFO - Processing /home/jenny/.local/lib/python3.13/site-packages/airflow/example_dags/example_params_trigger_ui.py took 0.063 seconds
[2026-03-01T14:49:53.235+0530] {processor.py:186} INFO - Started process (PID=241221) to work on /home/jenny/.local/lib/python3.13/site-packages/airflow/example_dags/example_params_trigger_ui.py
[2026-03-01T14:49:53.236+0530] {processor.py:914} INFO - Processing file /home/jenny/.local/lib/python3.13/site-packages/airflow/example_dags/example_params_trigger_ui.py for tasks to queue
[2026-03-01T14:49:53.237+0530] {logging_mixin.py:190} INFO - [2026-03-01T14:49:53.237+0530] {dagbag.py:588} INFO - Filling up the DagBag from /home/jenny/.local/lib/python3.13/site-packages/airflow/example_dags/example_params_trigger_ui.py
[2026-03-01T14:49:53.244+0530] {processor.py:925} INFO - DAG(s) 'example_params_trigger_ui' retrieved from /home/jenny/.local/lib/python3.13/site-packages/airflow/example_dags/example_params_trigger_ui.py
[2026-03-01T14:49:53.265+0530] {logging_mixin.py:190} INFO - [2026-03-01T14:49:53.265+0530] {dag.py:3239} INFO - Sync 1 DAGs
[2026-03-01T14:49:53.273+0530] {logging_mixin.py:190} INFO - [2026-03-01T14:49:53.273+0530] {dag.py:4180} INFO - Setting next_dagrun for example_params_trigger_ui to None, run_after=None
[2026-03-01T14:49:53.304+0530] {processor.py:208} INFO - Processing /home/jenny/.local/lib/python3.13/site-packages/airflow/example_dags/example_params_trigger_ui.py took 0.073 seconds
[2026-03-01T14:50:49.016+0530] {processor.py:186} INFO - Started process (PID=241469) to work on /home/jenny/.local/lib/python3.13/site-packages/airflow/example_dags/example_params_trigger_ui.py
[2026-03-01T14:50:49.017+0530] {processor.py:914} INFO - Processing file /home/jenny/.local/lib/python3.13/site-packages/airflow/example_dags/example_params_trigger_ui.py for tasks to queue
[2026-03-01T14:50:49.020+0530] {logging_mixin.py:190} INFO - [2026-03-01T14:50:49.020+0530] {dagbag.py:588} INFO - Filling up the DagBag from /home/jenny/.local/lib/python3.13/site-packages/airflow/example_dags/example_params_trigger_ui.py
[2026-03-01T14:50:49.029+0530] {processor.py:925} INFO - DAG(s) 'example_params_trigger_ui' retrieved from /home/jenny/.local/lib/python3.13/site-packages/airflow/example_dags/example_params_trigger_ui.py
[2026-03-01T14:50:49.052+0530] {logging_mixin.py:190} INFO - [2026-03-01T14:50:49.052+0530] {dag.py:3239} INFO - Sync 1 DAGs
[2026-03-01T14:50:49.060+0530] {logging_mixin.py:190} INFO - [2026-03-01T14:50:49.060+0530] {dag.py:4180} INFO - Setting next_dagrun for example_params_trigger_ui to None, run_after=None
[2026-03-01T14:50:49.076+0530] {processor.py:208} INFO - Processing /home/jenny/.local/lib/python3.13/site-packages/airflow/example_dags/example_params_trigger_ui.py took 0.065 seconds
[2026-03-01T14:51:42.948+0530] {processor.py:186} INFO - Started process (PID=241882) to work on /home/jenny/.local/lib/python3.13/site-packages/airflow/example_dags/example_params_trigger_ui.py
[2026-03-01T14:51:42.948+0530] {processor.py:914} INFO - Processing file /home/jenny/.local/lib/python3.13/site-packages/airflow/example_dags/example_params_trigger_ui.py for tasks to queue
[2026-03-01T14:51:42.950+0530] {logging_mixin.py:190} INFO - [2026-03-01T14:51:42.950+0530] {dagbag.py:588} INFO - Filling up the DagBag from /home/jenny/.local/lib/python3.13/site-packages/airflow/example_dags/example_params_trigger_ui.py
[2026-03-01T14:51:42.959+0530] {processor.py:925} INFO - DAG(s) 'example_params_trigger_ui' retrieved from /home/jenny/.local/lib/python3.13/site-packages/airflow/example_dags/example_params_trigger_ui.py
[2026-03-01T14:51:42.988+0530] {logging_mixin.py:190} INFO - [2026-03-01T14:51:42.988+0530] {dag.py:3239} INFO - Sync 1 DAGs
[2026-03-01T14:51:42.996+0530] {logging_mixin.py:190} INFO - [2026-03-01T14:51:42.996+0530] {dag.py:4180} INFO - Setting next_dagrun for example_params_trigger_ui to None, run_after=None
[2026-03-01T14:51:43.016+0530] {processor.py:208} INFO - Processing /home/jenny/.local/lib/python3.13/site-packages/airflow/example_dags/example_params_trigger_ui.py took 0.072 seconds
[2026-03-01T14:52:36.105+0530] {processor.py:186} INFO - Started process (PID=242022) to work on /home/jenny/.local/lib/python3.13/site-packages/airflow/example_dags/example_params_trigger_ui.py
[2026-03-01T14:52:36.106+0530] {processor.py:914} INFO - Processing file /home/jenny/.local/lib/python3.13/site-packages/airflow/example_dags/example_params_trigger_ui.py for tasks to queue
[2026-03-01T14:52:36.109+0530] {logging_mixin.py:190} INFO - [2026-03-01T14:52:36.108+0530] {dagbag.py:588} INFO - Filling up the DagBag from /home/jenny/.local/lib/python3.13/site-packages/airflow/example_dags/example_params_trigger_ui.py
[2026-03-01T14:52:36.116+0530] {processor.py:925} INFO - DAG(s) 'example_params_trigger_ui' retrieved from /home/jenny/.local/lib/python3.13/site-packages/airflow/example_dags/example_params_trigger_ui.py
[2026-03-01T14:52:36.144+0530] {logging_mixin.py:190} INFO - [2026-03-01T14:52:36.144+0530] {dag.py:3239} INFO - Sync 1 DAGs
[2026-03-01T14:52:36.153+0530] {logging_mixin.py:190} INFO - [2026-03-01T14:52:36.153+0530] {dag.py:4180} INFO - Setting next_dagrun for example_params_trigger_ui to None, run_after=None
[2026-03-01T14:52:36.176+0530] {processor.py:208} INFO - Processing /home/jenny/.local/lib/python3.13/site-packages/airflow/example_dags/example_params_trigger_ui.py took 0.075 seconds
[2026-03-01T14:53:27.857+0530] {processor.py:186} INFO - Started process (PID=242184) to work on /home/jenny/.local/lib/python3.13/site-packages/airflow/example_dags/example_params_trigger_ui.py
[2026-03-01T14:53:27.858+0530] {processor.py:914} INFO - Processing file /home/jenny/.local/lib/python3.13/site-packages/airflow/example_dags/example_params_trigger_ui.py for tasks to queue
[2026-03-01T14:53:27.861+0530] {logging_mixin.py:190} INFO - [2026-03-01T14:53:27.861+0530] {dagbag.py:588} INFO - Filling up the DagBag from /home/jenny/.local/lib/python3.13/site-packages/airflow/example_dags/example_params_trigger_ui.py
[2026-03-01T14:53:27.870+0530] {processor.py:925} INFO - DAG(s) 'example_params_trigger_ui' retrieved from /home/jenny/.local/lib/python3.13/site-packages/airflow/example_dags/example_params_trigger_ui.py
[2026-03-01T14:53:27.892+0530] {logging_mixin.py:190} INFO - [2026-03-01T14:53:27.892+0530] {dag.py:3239} INFO - Sync 1 DAGs
[2026-03-01T14:53:27.900+0530] {logging_mixin.py:190} INFO - [2026-03-01T14:53:27.900+0530] {dag.py:4180} INFO - Setting next_dagrun for example_params_trigger_ui to None, run_after=None
[2026-03-01T14:53:27.916+0530] {processor.py:208} INFO - Processing /home/jenny/.local/lib/python3.13/site-packages/airflow/example_dags/example_params_trigger_ui.py took 0.065 seconds
[2026-03-01T14:54:21.416+0530] {processor.py:186} INFO - Started process (PID=242328) to work on /home/jenny/.local/lib/python3.13/site-packages/airflow/example_dags/example_params_trigger_ui.py
[2026-03-01T14:54:21.417+0530] {processor.py:914} INFO - Processing file /home/jenny/.local/lib/python3.13/site-packages/airflow/example_dags/example_params_trigger_ui.py for tasks to queue
[2026-03-01T14:54:21.420+0530] {logging_mixin.py:190} INFO - [2026-03-01T14:54:21.419+0530] {dagbag.py:588} INFO - Filling up the DagBag from /home/jenny/.local/lib/python3.13/site-packages/airflow/example_dags/example_params_trigger_ui.py
[2026-03-01T14:54:21.429+0530] {processor.py:925} INFO - DAG(s) 'example_params_trigger_ui' retrieved from /home/jenny/.local/lib/python3.13/site-packages/airflow/example_dags/example_params_trigger_ui.py
[2026-03-01T14:54:21.452+0530] {logging_mixin.py:190} INFO - [2026-03-01T14:54:21.452+0530] {dag.py:3239} INFO - Sync 1 DAGs
[2026-03-01T14:54:21.466+0530] {logging_mixin.py:190} INFO - [2026-03-01T14:54:21.466+0530] {dag.py:4180} INFO - Setting next_dagrun for example_params_trigger_ui to None, run_after=None
[2026-03-01T14:54:21.489+0530] {processor.py:208} INFO - Processing /home/jenny/.local/lib/python3.13/site-packages/airflow/example_dags/example_params_trigger_ui.py took 0.076 seconds
[2026-03-01T14:55:15.834+0530] {processor.py:186} INFO - Started process (PID=242505) to work on /home/jenny/.local/lib/python3.13/site-packages/airflow/example_dags/example_params_trigger_ui.py
[2026-03-01T14:55:15.835+0530] {processor.py:914} INFO - Processing file /home/jenny/.local/lib/python3.13/site-packages/airflow/example_dags/example_params_trigger_ui.py for tasks to queue
[2026-03-01T14:55:15.837+0530] {logging_mixin.py:190} INFO - [2026-03-01T14:55:15.836+0530] {dagbag.py:588} INFO - Filling up the DagBag from /home/jenny/.local/lib/python3.13/site-packages/airflow/example_dags/example_params_trigger_ui.py
[2026-03-01T14:55:15.846+0530] {processor.py:925} INFO - DAG(s) 'example_params_trigger_ui' retrieved from /home/jenny/.local/lib/python3.13/site-packages/airflow/example_dags/example_params_trigger_ui.py
[2026-03-01T14:55:15.878+0530] {logging_mixin.py:190} INFO - [2026-03-01T14:55:15.878+0530] {dag.py:3239} INFO - Sync 1 DAGs
[2026-03-01T14:55:15.889+0530] {logging_mixin.py:190} INFO - [2026-03-01T14:55:15.888+0530] {dag.py:4180} INFO - Setting next_dagrun for example_params_trigger_ui to None, run_after=None
[2026-03-01T14:55:15.913+0530] {processor.py:208} INFO - Processing /home/jenny/.local/lib/python3.13/site-packages/airflow/example_dags/example_params_trigger_ui.py took 0.083 seconds
[2026-03-01T14:56:09.677+0530] {processor.py:186} INFO - Started process (PID=246605) to work on /home/jenny/.local/lib/python3.13/site-packages/airflow/example_dags/example_params_trigger_ui.py
[2026-03-01T14:56:09.678+0530] {processor.py:914} INFO - Processing file /home/jenny/.local/lib/python3.13/site-packages/airflow/example_dags/example_params_trigger_ui.py for tasks to queue
[2026-03-01T14:56:09.681+0530] {logging_mixin.py:190} INFO - [2026-03-01T14:56:09.681+0530] {dagbag.py:588} INFO - Filling up the DagBag from /home/jenny/.local/lib/python3.13/site-packages/airflow/example_dags/example_params_trigger_ui.py
[2026-03-01T14:56:09.689+0530] {processor.py:925} INFO - DAG(s) 'example_params_trigger_ui' retrieved from /home/jenny/.local/lib/python3.13/site-packages/airflow/example_dags/example_params_trigger_ui.py
[2026-03-01T14:56:09.712+0530] {logging_mixin.py:190} INFO - [2026-03-01T14:56:09.711+0530] {dag.py:3239} INFO - Sync 1 DAGs
[2026-03-01T14:56:09.720+0530] {logging_mixin.py:190} INFO - [2026-03-01T14:56:09.720+0530] {dag.py:4180} INFO - Setting next_dagrun for example_params_trigger_ui to None, run_after=None
[2026-03-01T14:56:09.758+0530] {processor.py:208} INFO - Processing /home/jenny/.local/lib/python3.13/site-packages/airflow/example_dags/example_params_trigger_ui.py took 0.087 seconds
[2026-03-01T14:57:02.940+0530] {processor.py:186} INFO - Started process (PID=246767) to work on /home/jenny/.local/lib/python3.13/site-packages/airflow/example_dags/example_params_trigger_ui.py
[2026-03-01T14:57:02.941+0530] {processor.py:914} INFO - Processing file /home/jenny/.local/lib/python3.13/site-packages/airflow/example_dags/example_params_trigger_ui.py for tasks to queue
[2026-03-01T14:57:02.944+0530] {logging_mixin.py:190} INFO - [2026-03-01T14:57:02.944+0530] {dagbag.py:588} INFO - Filling up the DagBag from /home/jenny/.local/lib/python3.13/site-packages/airflow/example_dags/example_params_trigger_ui.py
[2026-03-01T14:57:02.953+0530] {processor.py:925} INFO - DAG(s) 'example_params_trigger_ui' retrieved from /home/jenny/.local/lib/python3.13/site-packages/airflow/example_dags/example_params_trigger_ui.py
[2026-03-01T14:57:02.975+0530] {logging_mixin.py:190} INFO - [2026-03-01T14:57:02.975+0530] {dag.py:3239} INFO - Sync 1 DAGs
[2026-03-01T14:57:02.983+0530] {logging_mixin.py:190} INFO - [2026-03-01T14:57:02.983+0530] {dag.py:4180} INFO - Setting next_dagrun for example_params_trigger_ui to None, run_after=None
[2026-03-01T14:57:03.019+0530] {processor.py:208} INFO - Processing /home/jenny/.local/lib/python3.13/site-packages/airflow/example_dags/example_params_trigger_ui.py took 0.085 seconds
[2026-03-01T14:57:58.289+0530] {processor.py:186} INFO - Started process (PID=246933) to work on /home/jenny/.local/lib/python3.13/site-packages/airflow/example_dags/example_params_trigger_ui.py
[2026-03-01T14:57:58.291+0530] {processor.py:914} INFO - Processing file /home/jenny/.local/lib/python3.13/site-packages/airflow/example_dags/example_params_trigger_ui.py for tasks to queue
[2026-03-01T14:57:58.294+0530] {logging_mixin.py:190} INFO - [2026-03-01T14:57:58.293+0530] {dagbag.py:588} INFO - Filling up the DagBag from /home/jenny/.local/lib/python3.13/site-packages/airflow/example_dags/example_params_trigger_ui.py
[2026-03-01T14:57:58.302+0530] {processor.py:925} INFO - DAG(s) 'example_params_trigger_ui' retrieved from /home/jenny/.local/lib/python3.13/site-packages/airflow/example_dags/example_params_trigger_ui.py
[2026-03-01T14:57:58.325+0530] {logging_mixin.py:190} INFO - [2026-03-01T14:57:58.325+0530] {dag.py:3239} INFO - Sync 1 DAGs
[2026-03-01T14:57:58.333+0530] {logging_mixin.py:190} INFO - [2026-03-01T14:57:58.333+0530] {dag.py:4180} INFO - Setting next_dagrun for example_params_trigger_ui to None, run_after=None
[2026-03-01T14:57:58.348+0530] {processor.py:208} INFO - Processing /home/jenny/.local/lib/python3.13/site-packages/airflow/example_dags/example_params_trigger_ui.py took 0.065 seconds
[2026-03-01T14:58:52.224+0530] {processor.py:186} INFO - Started process (PID=247244) to work on /home/jenny/.local/lib/python3.13/site-packages/airflow/example_dags/example_params_trigger_ui.py
[2026-03-01T14:58:52.226+0530] {processor.py:914} INFO - Processing file /home/jenny/.local/lib/python3.13/site-packages/airflow/example_dags/example_params_trigger_ui.py for tasks to queue
[2026-03-01T14:58:52.228+0530] {logging_mixin.py:190} INFO - [2026-03-01T14:58:52.227+0530] {dagbag.py:588} INFO - Filling up the DagBag from /home/jenny/.local/lib/python3.13/site-packages/airflow/example_dags/example_params_trigger_ui.py
[2026-03-01T14:58:52.236+0530] {processor.py:925} INFO - DAG(s) 'example_params_trigger_ui' retrieved from /home/jenny/.local/lib/python3.13/site-packages/airflow/example_dags/example_params_trigger_ui.py
[2026-03-01T14:58:52.263+0530] {logging_mixin.py:190} INFO - [2026-03-01T14:58:52.263+0530] {dag.py:3239} INFO - Sync 1 DAGs
[2026-03-01T14:58:52.272+0530] {logging_mixin.py:190} INFO - [2026-03-01T14:58:52.272+0530] {dag.py:4180} INFO - Setting next_dagrun for example_params_trigger_ui to None, run_after=None
[2026-03-01T14:58:52.289+0530] {processor.py:208} INFO - Processing /home/jenny/.local/lib/python3.13/site-packages/airflow/example_dags/example_params_trigger_ui.py took 0.070 seconds
[2026-03-01T14:59:46.738+0530] {processor.py:186} INFO - Started process (PID=247558) to work on /home/jenny/.local/lib/python3.13/site-packages/airflow/example_dags/example_params_trigger_ui.py
[2026-03-01T14:59:46.739+0530] {processor.py:914} INFO - Processing file /home/jenny/.local/lib/python3.13/site-packages/airflow/example_dags/example_params_trigger_ui.py for tasks to queue
[2026-03-01T14:59:46.743+0530] {logging_mixin.py:190} INFO - [2026-03-01T14:59:46.742+0530] {dagbag.py:588} INFO - Filling up the DagBag from /home/jenny/.local/lib/python3.13/site-packages/airflow/example_dags/example_params_trigger_ui.py
[2026-03-01T14:59:46.756+0530] {processor.py:925} INFO - DAG(s) 'example_params_trigger_ui' retrieved from /home/jenny/.local/lib/python3.13/site-packages/airflow/example_dags/example_params_trigger_ui.py
[2026-03-01T14:59:46.799+0530] {logging_mixin.py:190} INFO - [2026-03-01T14:59:46.798+0530] {dag.py:3239} INFO - Sync 1 DAGs
[2026-03-01T14:59:46.815+0530] {logging_mixin.py:190} INFO - [2026-03-01T14:59:46.815+0530] {dag.py:4180} INFO - Setting next_dagrun for example_params_trigger_ui to None, run_after=None
[2026-03-01T14:59:46.837+0530] {processor.py:208} INFO - Processing /home/jenny/.local/lib/python3.13/site-packages/airflow/example_dags/example_params_trigger_ui.py took 0.107 seconds
[2026-03-01T15:00:41.220+0530] {processor.py:186} INFO - Started process (PID=248032) to work on /home/jenny/.local/lib/python3.13/site-packages/airflow/example_dags/example_params_trigger_ui.py
[2026-03-01T15:00:41.221+0530] {processor.py:914} INFO - Processing file /home/jenny/.local/lib/python3.13/site-packages/airflow/example_dags/example_params_trigger_ui.py for tasks to queue
[2026-03-01T15:00:41.223+0530] {logging_mixin.py:190} INFO - [2026-03-01T15:00:41.222+0530] {dagbag.py:588} INFO - Filling up the DagBag from /home/jenny/.local/lib/python3.13/site-packages/airflow/example_dags/example_params_trigger_ui.py
[2026-03-01T15:00:41.232+0530] {processor.py:925} INFO - DAG(s) 'example_params_trigger_ui' retrieved from /home/jenny/.local/lib/python3.13/site-packages/airflow/example_dags/example_params_trigger_ui.py
[2026-03-01T15:00:41.265+0530] {logging_mixin.py:190} INFO - [2026-03-01T15:00:41.264+0530] {dag.py:3239} INFO - Sync 1 DAGs
[2026-03-01T15:00:41.273+0530] {logging_mixin.py:190} INFO - [2026-03-01T15:00:41.273+0530] {dag.py:4180} INFO - Setting next_dagrun for example_params_trigger_ui to None, run_after=None
[2026-03-01T15:00:41.290+0530] {processor.py:208} INFO - Processing /home/jenny/.local/lib/python3.13/site-packages/airflow/example_dags/example_params_trigger_ui.py took 0.075 seconds
[2026-03-01T15:01:36.545+0530] {processor.py:186} INFO - Started process (PID=248217) to work on /home/jenny/.local/lib/python3.13/site-packages/airflow/example_dags/example_params_trigger_ui.py
[2026-03-01T15:01:36.546+0530] {processor.py:914} INFO - Processing file /home/jenny/.local/lib/python3.13/site-packages/airflow/example_dags/example_params_trigger_ui.py for tasks to queue
[2026-03-01T15:01:36.549+0530] {logging_mixin.py:190} INFO - [2026-03-01T15:01:36.549+0530] {dagbag.py:588} INFO - Filling up the DagBag from /home/jenny/.local/lib/python3.13/site-packages/airflow/example_dags/example_params_trigger_ui.py
[2026-03-01T15:01:36.558+0530] {processor.py:925} INFO - DAG(s) 'example_params_trigger_ui' retrieved from /home/jenny/.local/lib/python3.13/site-packages/airflow/example_dags/example_params_trigger_ui.py
[2026-03-01T15:01:36.579+0530] {logging_mixin.py:190} INFO - [2026-03-01T15:01:36.579+0530] {dag.py:3239} INFO - Sync 1 DAGs
[2026-03-01T15:01:36.587+0530] {logging_mixin.py:190} INFO - [2026-03-01T15:01:36.587+0530] {dag.py:4180} INFO - Setting next_dagrun for example_params_trigger_ui to None, run_after=None
[2026-03-01T15:01:36.607+0530] {processor.py:208} INFO - Processing /home/jenny/.local/lib/python3.13/site-packages/airflow/example_dags/example_params_trigger_ui.py took 0.068 seconds
[2026-03-01T15:02:31.596+0530] {processor.py:186} INFO - Started process (PID=248430) to work on /home/jenny/.local/lib/python3.13/site-packages/airflow/example_dags/example_params_trigger_ui.py
[2026-03-01T15:02:31.597+0530] {processor.py:914} INFO - Processing file /home/jenny/.local/lib/python3.13/site-packages/airflow/example_dags/example_params_trigger_ui.py for tasks to queue
[2026-03-01T15:02:31.599+0530] {logging_mixin.py:190} INFO - [2026-03-01T15:02:31.598+0530] {dagbag.py:588} INFO - Filling up the DagBag from /home/jenny/.local/lib/python3.13/site-packages/airflow/example_dags/example_params_trigger_ui.py
[2026-03-01T15:02:31.606+0530] {processor.py:925} INFO - DAG(s) 'example_params_trigger_ui' retrieved from /home/jenny/.local/lib/python3.13/site-packages/airflow/example_dags/example_params_trigger_ui.py
[2026-03-01T15:02:31.631+0530] {logging_mixin.py:190} INFO - [2026-03-01T15:02:31.631+0530] {dag.py:3239} INFO - Sync 1 DAGs
[2026-03-01T15:02:31.640+0530] {logging_mixin.py:190} INFO - [2026-03-01T15:02:31.639+0530] {dag.py:4180} INFO - Setting next_dagrun for example_params_trigger_ui to None, run_after=None
[2026-03-01T15:02:31.655+0530] {processor.py:208} INFO - Processing /home/jenny/.local/lib/python3.13/site-packages/airflow/example_dags/example_params_trigger_ui.py took 0.063 seconds
[2026-03-01T15:03:27.195+0530] {processor.py:186} INFO - Started process (PID=248757) to work on /home/jenny/.local/lib/python3.13/site-packages/airflow/example_dags/example_params_trigger_ui.py
[2026-03-01T15:03:27.196+0530] {processor.py:914} INFO - Processing file /home/jenny/.local/lib/python3.13/site-packages/airflow/example_dags/example_params_trigger_ui.py for tasks to queue
[2026-03-01T15:03:27.198+0530] {logging_mixin.py:190} INFO - [2026-03-01T15:03:27.198+0530] {dagbag.py:588} INFO - Filling up the DagBag from /home/jenny/.local/lib/python3.13/site-packages/airflow/example_dags/example_params_trigger_ui.py
[2026-03-01T15:03:27.207+0530] {processor.py:925} INFO - DAG(s) 'example_params_trigger_ui' retrieved from /home/jenny/.local/lib/python3.13/site-packages/airflow/example_dags/example_params_trigger_ui.py
[2026-03-01T15:03:27.231+0530] {logging_mixin.py:190} INFO - [2026-03-01T15:03:27.231+0530] {dag.py:3239} INFO - Sync 1 DAGs
[2026-03-01T15:03:27.240+0530] {logging_mixin.py:190} INFO - [2026-03-01T15:03:27.239+0530] {dag.py:4180} INFO - Setting next_dagrun for example_params_trigger_ui to None, run_after=None
[2026-03-01T15:03:27.321+0530] {processor.py:208} INFO - Processing /home/jenny/.local/lib/python3.13/site-packages/airflow/example_dags/example_params_trigger_ui.py took 0.132 seconds
[2026-03-01T15:04:20.783+0530] {processor.py:186} INFO - Started process (PID=249116) to work on /home/jenny/.local/lib/python3.13/site-packages/airflow/example_dags/example_params_trigger_ui.py
[2026-03-01T15:04:20.783+0530] {processor.py:914} INFO - Processing file /home/jenny/.local/lib/python3.13/site-packages/airflow/example_dags/example_params_trigger_ui.py for tasks to queue
[2026-03-01T15:04:20.785+0530] {logging_mixin.py:190} INFO - [2026-03-01T15:04:20.785+0530] {dagbag.py:588} INFO - Filling up the DagBag from /home/jenny/.local/lib/python3.13/site-packages/airflow/example_dags/example_params_trigger_ui.py
[2026-03-01T15:04:20.792+0530] {processor.py:925} INFO - DAG(s) 'example_params_trigger_ui' retrieved from /home/jenny/.local/lib/python3.13/site-packages/airflow/example_dags/example_params_trigger_ui.py
[2026-03-01T15:04:20.817+0530] {logging_mixin.py:190} INFO - [2026-03-01T15:04:20.817+0530] {dag.py:3239} INFO - Sync 1 DAGs
[2026-03-01T15:04:20.826+0530] {logging_mixin.py:190} INFO - [2026-03-01T15:04:20.826+0530] {dag.py:4180} INFO - Setting next_dagrun for example_params_trigger_ui to None, run_after=None
[2026-03-01T15:04:20.842+0530] {processor.py:208} INFO - Processing /home/jenny/.local/lib/python3.13/site-packages/airflow/example_dags/example_params_trigger_ui.py took 0.064 seconds
[2026-03-01T15:05:13.420+0530] {processor.py:186} INFO - Started process (PID=249492) to work on /home/jenny/.local/lib/python3.13/site-packages/airflow/example_dags/example_params_trigger_ui.py
[2026-03-01T15:05:13.421+0530] {processor.py:914} INFO - Processing file /home/jenny/.local/lib/python3.13/site-packages/airflow/example_dags/example_params_trigger_ui.py for tasks to queue
[2026-03-01T15:05:13.425+0530] {logging_mixin.py:190} INFO - [2026-03-01T15:05:13.424+0530] {dagbag.py:588} INFO - Filling up the DagBag from /home/jenny/.local/lib/python3.13/site-packages/airflow/example_dags/example_params_trigger_ui.py
[2026-03-01T15:05:13.436+0530] {processor.py:925} INFO - DAG(s) 'example_params_trigger_ui' retrieved from /home/jenny/.local/lib/python3.13/site-packages/airflow/example_dags/example_params_trigger_ui.py
[2026-03-01T15:05:13.461+0530] {logging_mixin.py:190} INFO - [2026-03-01T15:05:13.461+0530] {dag.py:3239} INFO - Sync 1 DAGs
[2026-03-01T15:05:13.470+0530] {logging_mixin.py:190} INFO - [2026-03-01T15:05:13.470+0530] {dag.py:4180} INFO - Setting next_dagrun for example_params_trigger_ui to None, run_after=None
[2026-03-01T15:05:13.486+0530] {processor.py:208} INFO - Processing /home/jenny/.local/lib/python3.13/site-packages/airflow/example_dags/example_params_trigger_ui.py took 0.077 seconds
[2026-03-01T15:06:06.740+0530] {processor.py:186} INFO - Started process (PID=249659) to work on /home/jenny/.local/lib/python3.13/site-packages/airflow/example_dags/example_params_trigger_ui.py
[2026-03-01T15:06:06.741+0530] {processor.py:914} INFO - Processing file /home/jenny/.local/lib/python3.13/site-packages/airflow/example_dags/example_params_trigger_ui.py for tasks to queue
[2026-03-01T15:06:06.744+0530] {logging_mixin.py:190} INFO - [2026-03-01T15:06:06.744+0530] {dagbag.py:588} INFO - Filling up the DagBag from /home/jenny/.local/lib/python3.13/site-packages/airflow/example_dags/example_params_trigger_ui.py
[2026-03-01T15:06:06.754+0530] {processor.py:925} INFO - DAG(s) 'example_params_trigger_ui' retrieved from /home/jenny/.local/lib/python3.13/site-packages/airflow/example_dags/example_params_trigger_ui.py
[2026-03-01T15:06:06.776+0530] {logging_mixin.py:190} INFO - [2026-03-01T15:06:06.776+0530] {dag.py:3239} INFO - Sync 1 DAGs
[2026-03-01T15:06:06.784+0530] {logging_mixin.py:190} INFO - [2026-03-01T15:06:06.784+0530] {dag.py:4180} INFO - Setting next_dagrun for example_params_trigger_ui to None, run_after=None
[2026-03-01T15:06:06.799+0530] {processor.py:208} INFO - Processing /home/jenny/.local/lib/python3.13/site-packages/airflow/example_dags/example_params_trigger_ui.py took 0.065 seconds
[2026-03-01T15:07:00.277+0530] {processor.py:186} INFO - Started process (PID=250023) to work on /home/jenny/.local/lib/python3.13/site-packages/airflow/example_dags/example_params_trigger_ui.py
[2026-03-01T15:07:00.278+0530] {processor.py:914} INFO - Processing file /home/jenny/.local/lib/python3.13/site-packages/airflow/example_dags/example_params_trigger_ui.py for tasks to queue
[2026-03-01T15:07:00.280+0530] {logging_mixin.py:190} INFO - [2026-03-01T15:07:00.279+0530] {dagbag.py:588} INFO - Filling up the DagBag from /home/jenny/.local/lib/python3.13/site-packages/airflow/example_dags/example_params_trigger_ui.py
[2026-03-01T15:07:00.287+0530] {processor.py:925} INFO - DAG(s) 'example_params_trigger_ui' retrieved from /home/jenny/.local/lib/python3.13/site-packages/airflow/example_dags/example_params_trigger_ui.py
[2026-03-01T15:07:00.313+0530] {logging_mixin.py:190} INFO - [2026-03-01T15:07:00.313+0530] {dag.py:3239} INFO - Sync 1 DAGs
[2026-03-01T15:07:00.323+0530] {logging_mixin.py:190} INFO - [2026-03-01T15:07:00.323+0530] {dag.py:4180} INFO - Setting next_dagrun for example_params_trigger_ui to None, run_after=None
[2026-03-01T15:07:00.339+0530] {processor.py:208} INFO - Processing /home/jenny/.local/lib/python3.13/site-packages/airflow/example_dags/example_params_trigger_ui.py took 0.066 seconds
[2026-03-01T15:07:53.991+0530] {processor.py:186} INFO - Started process (PID=250250) to work on /home/jenny/.local/lib/python3.13/site-packages/airflow/example_dags/example_params_trigger_ui.py
[2026-03-01T15:07:53.992+0530] {processor.py:914} INFO - Processing file /home/jenny/.local/lib/python3.13/site-packages/airflow/example_dags/example_params_trigger_ui.py for tasks to queue
[2026-03-01T15:07:53.993+0530] {logging_mixin.py:190} INFO - [2026-03-01T15:07:53.993+0530] {dagbag.py:588} INFO - Filling up the DagBag from /home/jenny/.local/lib/python3.13/site-packages/airflow/example_dags/example_params_trigger_ui.py
[2026-03-01T15:07:54.000+0530] {processor.py:925} INFO - DAG(s) 'example_params_trigger_ui' retrieved from /home/jenny/.local/lib/python3.13/site-packages/airflow/example_dags/example_params_trigger_ui.py
[2026-03-01T15:07:54.023+0530] {logging_mixin.py:190} INFO - [2026-03-01T15:07:54.023+0530] {dag.py:3239} INFO - Sync 1 DAGs
[2026-03-01T15:07:54.031+0530] {logging_mixin.py:190} INFO - [2026-03-01T15:07:54.031+0530] {dag.py:4180} INFO - Setting next_dagrun for example_params_trigger_ui to None, run_after=None
[2026-03-01T15:07:54.047+0530] {processor.py:208} INFO - Processing /home/jenny/.local/lib/python3.13/site-packages/airflow/example_dags/example_params_trigger_ui.py took 0.060 seconds
[2026-03-01T15:08:45.738+0530] {processor.py:186} INFO - Started process (PID=250563) to work on /home/jenny/.local/lib/python3.13/site-packages/airflow/example_dags/example_params_trigger_ui.py
[2026-03-01T15:08:45.739+0530] {processor.py:914} INFO - Processing file /home/jenny/.local/lib/python3.13/site-packages/airflow/example_dags/example_params_trigger_ui.py for tasks to queue
[2026-03-01T15:08:45.744+0530] {logging_mixin.py:190} INFO - [2026-03-01T15:08:45.743+0530] {dagbag.py:588} INFO - Filling up the DagBag from /home/jenny/.local/lib/python3.13/site-packages/airflow/example_dags/example_params_trigger_ui.py
[2026-03-01T15:08:45.758+0530] {processor.py:925} INFO - DAG(s) 'example_params_trigger_ui' retrieved from /home/jenny/.local/lib/python3.13/site-packages/airflow/example_dags/example_params_trigger_ui.py
[2026-03-01T15:08:45.802+0530] {logging_mixin.py:190} INFO - [2026-03-01T15:08:45.802+0530] {dag.py:3239} INFO - Sync 1 DAGs
[2026-03-01T15:08:45.816+0530] {logging_mixin.py:190} INFO - [2026-03-01T15:08:45.815+0530] {dag.py:4180} INFO - Setting next_dagrun for example_params_trigger_ui to None, run_after=None
[2026-03-01T15:08:45.841+0530] {processor.py:208} INFO - Processing /home/jenny/.local/lib/python3.13/site-packages/airflow/example_dags/example_params_trigger_ui.py took 0.110 seconds
[2026-03-01T15:09:37.652+0530] {processor.py:186} INFO - Started process (PID=250837) to work on /home/jenny/.local/lib/python3.13/site-packages/airflow/example_dags/example_params_trigger_ui.py
[2026-03-01T15:09:37.653+0530] {processor.py:914} INFO - Processing file /home/jenny/.local/lib/python3.13/site-packages/airflow/example_dags/example_params_trigger_ui.py for tasks to queue
[2026-03-01T15:09:37.655+0530] {logging_mixin.py:190} INFO - [2026-03-01T15:09:37.655+0530] {dagbag.py:588} INFO - Filling up the DagBag from /home/jenny/.local/lib/python3.13/site-packages/airflow/example_dags/example_params_trigger_ui.py
[2026-03-01T15:09:37.666+0530] {processor.py:925} INFO - DAG(s) 'example_params_trigger_ui' retrieved from /home/jenny/.local/lib/python3.13/site-packages/airflow/example_dags/example_params_trigger_ui.py
[2026-03-01T15:09:37.699+0530] {logging_mixin.py:190} INFO - [2026-03-01T15:09:37.698+0530] {dag.py:3239} INFO - Sync 1 DAGs
[2026-03-01T15:09:37.707+0530] {logging_mixin.py:190} INFO - [2026-03-01T15:09:37.707+0530] {dag.py:4180} INFO - Setting next_dagrun for example_params_trigger_ui to None, run_after=None
[2026-03-01T15:09:37.724+0530] {processor.py:208} INFO - Processing /home/jenny/.local/lib/python3.13/site-packages/airflow/example_dags/example_params_trigger_ui.py took 0.076 seconds
[2026-03-01T19:40:53.883+0530] {processor.py:186} INFO - Started process (PID=251402) to work on /home/jenny/.local/lib/python3.13/site-packages/airflow/example_dags/example_params_trigger_ui.py
[2026-03-01T19:40:53.883+0530] {processor.py:914} INFO - Processing file /home/jenny/.local/lib/python3.13/site-packages/airflow/example_dags/example_params_trigger_ui.py for tasks to queue
[2026-03-01T19:40:53.884+0530] {logging_mixin.py:190} INFO - [2026-03-01T19:40:53.884+0530] {dagbag.py:588} INFO - Filling up the DagBag from /home/jenny/.local/lib/python3.13/site-packages/airflow/example_dags/example_params_trigger_ui.py
[2026-03-01T19:40:53.892+0530] {processor.py:925} INFO - DAG(s) 'example_params_trigger_ui' retrieved from /home/jenny/.local/lib/python3.13/site-packages/airflow/example_dags/example_params_trigger_ui.py
[2026-03-01T19:40:53.926+0530] {logging_mixin.py:190} INFO - [2026-03-01T19:40:53.925+0530] {dag.py:3239} INFO - Sync 1 DAGs
[2026-03-01T19:40:53.939+0530] {logging_mixin.py:190} INFO - [2026-03-01T19:40:53.938+0530] {dag.py:4180} INFO - Setting next_dagrun for example_params_trigger_ui to None, run_after=None
[2026-03-01T19:40:53.960+0530] {processor.py:208} INFO - Processing /home/jenny/.local/lib/python3.13/site-packages/airflow/example_dags/example_params_trigger_ui.py took 0.081 seconds
[2026-03-01T19:42:08.366+0530] {processor.py:186} INFO - Started process (PID=255725) to work on /home/jenny/.local/lib/python3.13/site-packages/airflow/example_dags/example_params_trigger_ui.py
[2026-03-01T19:42:08.368+0530] {processor.py:914} INFO - Processing file /home/jenny/.local/lib/python3.13/site-packages/airflow/example_dags/example_params_trigger_ui.py for tasks to queue
[2026-03-01T19:42:08.369+0530] {logging_mixin.py:190} INFO - [2026-03-01T19:42:08.369+0530] {dagbag.py:588} INFO - Filling up the DagBag from /home/jenny/.local/lib/python3.13/site-packages/airflow/example_dags/example_params_trigger_ui.py
[2026-03-01T19:42:08.380+0530] {processor.py:925} INFO - DAG(s) 'example_params_trigger_ui' retrieved from /home/jenny/.local/lib/python3.13/site-packages/airflow/example_dags/example_params_trigger_ui.py
[2026-03-01T19:42:08.402+0530] {logging_mixin.py:190} INFO - [2026-03-01T19:42:08.401+0530] {dag.py:3239} INFO - Sync 1 DAGs
[2026-03-01T19:42:08.409+0530] {logging_mixin.py:190} INFO - [2026-03-01T19:42:08.409+0530] {dag.py:4180} INFO - Setting next_dagrun for example_params_trigger_ui to None, run_after=None
[2026-03-01T19:42:08.425+0530] {processor.py:208} INFO - Processing /home/jenny/.local/lib/python3.13/site-packages/airflow/example_dags/example_params_trigger_ui.py took 0.064 seconds
[2026-03-01T19:43:02.734+0530] {processor.py:186} INFO - Started process (PID=256090) to work on /home/jenny/.local/lib/python3.13/site-packages/airflow/example_dags/example_params_trigger_ui.py
[2026-03-01T19:43:02.735+0530] {processor.py:914} INFO - Processing file /home/jenny/.local/lib/python3.13/site-packages/airflow/example_dags/example_params_trigger_ui.py for tasks to queue
[2026-03-01T19:43:02.736+0530] {logging_mixin.py:190} INFO - [2026-03-01T19:43:02.736+0530] {dagbag.py:588} INFO - Filling up the DagBag from /home/jenny/.local/lib/python3.13/site-packages/airflow/example_dags/example_params_trigger_ui.py
[2026-03-01T19:43:02.745+0530] {processor.py:925} INFO - DAG(s) 'example_params_trigger_ui' retrieved from /home/jenny/.local/lib/python3.13/site-packages/airflow/example_dags/example_params_trigger_ui.py
[2026-03-01T19:43:02.770+0530] {logging_mixin.py:190} INFO - [2026-03-01T19:43:02.770+0530] {dag.py:3239} INFO - Sync 1 DAGs
[2026-03-01T19:43:02.779+0530] {logging_mixin.py:190} INFO - [2026-03-01T19:43:02.779+0530] {dag.py:4180} INFO - Setting next_dagrun for example_params_trigger_ui to None, run_after=None
[2026-03-01T19:43:02.822+0530] {processor.py:208} INFO - Processing /home/jenny/.local/lib/python3.13/site-packages/airflow/example_dags/example_params_trigger_ui.py took 0.094 seconds
[2026-03-01T19:43:57.848+0530] {processor.py:186} INFO - Started process (PID=256266) to work on /home/jenny/.local/lib/python3.13/site-packages/airflow/example_dags/example_params_trigger_ui.py
[2026-03-01T19:43:57.850+0530] {processor.py:914} INFO - Processing file /home/jenny/.local/lib/python3.13/site-packages/airflow/example_dags/example_params_trigger_ui.py for tasks to queue
[2026-03-01T19:43:57.851+0530] {logging_mixin.py:190} INFO - [2026-03-01T19:43:57.851+0530] {dagbag.py:588} INFO - Filling up the DagBag from /home/jenny/.local/lib/python3.13/site-packages/airflow/example_dags/example_params_trigger_ui.py
[2026-03-01T19:43:57.868+0530] {processor.py:925} INFO - DAG(s) 'example_params_trigger_ui' retrieved from /home/jenny/.local/lib/python3.13/site-packages/airflow/example_dags/example_params_trigger_ui.py
[2026-03-01T19:43:57.890+0530] {logging_mixin.py:190} INFO - [2026-03-01T19:43:57.890+0530] {dag.py:3239} INFO - Sync 1 DAGs
[2026-03-01T19:43:57.899+0530] {logging_mixin.py:190} INFO - [2026-03-01T19:43:57.899+0530] {dag.py:4180} INFO - Setting next_dagrun for example_params_trigger_ui to None, run_after=None
[2026-03-01T19:43:57.918+0530] {processor.py:208} INFO - Processing /home/jenny/.local/lib/python3.13/site-packages/airflow/example_dags/example_params_trigger_ui.py took 0.075 seconds
[2026-03-01T19:44:49.783+0530] {processor.py:186} INFO - Started process (PID=256632) to work on /home/jenny/.local/lib/python3.13/site-packages/airflow/example_dags/example_params_trigger_ui.py
[2026-03-01T19:44:49.784+0530] {processor.py:914} INFO - Processing file /home/jenny/.local/lib/python3.13/site-packages/airflow/example_dags/example_params_trigger_ui.py for tasks to queue
[2026-03-01T19:44:49.786+0530] {logging_mixin.py:190} INFO - [2026-03-01T19:44:49.785+0530] {dagbag.py:588} INFO - Filling up the DagBag from /home/jenny/.local/lib/python3.13/site-packages/airflow/example_dags/example_params_trigger_ui.py
[2026-03-01T19:44:49.797+0530] {processor.py:925} INFO - DAG(s) 'example_params_trigger_ui' retrieved from /home/jenny/.local/lib/python3.13/site-packages/airflow/example_dags/example_params_trigger_ui.py
[2026-03-01T19:44:49.819+0530] {logging_mixin.py:190} INFO - [2026-03-01T19:44:49.818+0530] {dag.py:3239} INFO - Sync 1 DAGs
[2026-03-01T19:44:49.826+0530] {logging_mixin.py:190} INFO - [2026-03-01T19:44:49.826+0530] {dag.py:4180} INFO - Setting next_dagrun for example_params_trigger_ui to None, run_after=None
[2026-03-01T19:44:49.841+0530] {processor.py:208} INFO - Processing /home/jenny/.local/lib/python3.13/site-packages/airflow/example_dags/example_params_trigger_ui.py took 0.064 seconds
[2026-03-01T19:45:40.537+0530] {processor.py:186} INFO - Started process (PID=256980) to work on /home/jenny/.local/lib/python3.13/site-packages/airflow/example_dags/example_params_trigger_ui.py
[2026-03-01T19:45:40.538+0530] {processor.py:914} INFO - Processing file /home/jenny/.local/lib/python3.13/site-packages/airflow/example_dags/example_params_trigger_ui.py for tasks to queue
[2026-03-01T19:45:40.540+0530] {logging_mixin.py:190} INFO - [2026-03-01T19:45:40.539+0530] {dagbag.py:588} INFO - Filling up the DagBag from /home/jenny/.local/lib/python3.13/site-packages/airflow/example_dags/example_params_trigger_ui.py
[2026-03-01T19:45:40.551+0530] {processor.py:925} INFO - DAG(s) 'example_params_trigger_ui' retrieved from /home/jenny/.local/lib/python3.13/site-packages/airflow/example_dags/example_params_trigger_ui.py
[2026-03-01T19:45:40.576+0530] {logging_mixin.py:190} INFO - [2026-03-01T19:45:40.576+0530] {dag.py:3239} INFO - Sync 1 DAGs
[2026-03-01T19:45:40.586+0530] {logging_mixin.py:190} INFO - [2026-03-01T19:45:40.586+0530] {dag.py:4180} INFO - Setting next_dagrun for example_params_trigger_ui to None, run_after=None
[2026-03-01T19:45:40.603+0530] {processor.py:208} INFO - Processing /home/jenny/.local/lib/python3.13/site-packages/airflow/example_dags/example_params_trigger_ui.py took 0.071 seconds
[2026-03-01T19:46:32.311+0530] {processor.py:186} INFO - Started process (PID=257644) to work on /home/jenny/.local/lib/python3.13/site-packages/airflow/example_dags/example_params_trigger_ui.py
[2026-03-01T19:46:32.312+0530] {processor.py:914} INFO - Processing file /home/jenny/.local/lib/python3.13/site-packages/airflow/example_dags/example_params_trigger_ui.py for tasks to queue
[2026-03-01T19:46:32.314+0530] {logging_mixin.py:190} INFO - [2026-03-01T19:46:32.313+0530] {dagbag.py:588} INFO - Filling up the DagBag from /home/jenny/.local/lib/python3.13/site-packages/airflow/example_dags/example_params_trigger_ui.py
[2026-03-01T19:46:32.323+0530] {processor.py:925} INFO - DAG(s) 'example_params_trigger_ui' retrieved from /home/jenny/.local/lib/python3.13/site-packages/airflow/example_dags/example_params_trigger_ui.py
[2026-03-01T19:46:32.348+0530] {logging_mixin.py:190} INFO - [2026-03-01T19:46:32.348+0530] {dag.py:3239} INFO - Sync 1 DAGs
[2026-03-01T19:46:32.357+0530] {logging_mixin.py:190} INFO - [2026-03-01T19:46:32.356+0530] {dag.py:4180} INFO - Setting next_dagrun for example_params_trigger_ui to None, run_after=None
[2026-03-01T19:46:32.372+0530] {processor.py:208} INFO - Processing /home/jenny/.local/lib/python3.13/site-packages/airflow/example_dags/example_params_trigger_ui.py took 0.065 seconds
[2026-03-01T19:47:25.387+0530] {processor.py:186} INFO - Started process (PID=259299) to work on /home/jenny/.local/lib/python3.13/site-packages/airflow/example_dags/example_params_trigger_ui.py
[2026-03-01T19:47:25.388+0530] {processor.py:914} INFO - Processing file /home/jenny/.local/lib/python3.13/site-packages/airflow/example_dags/example_params_trigger_ui.py for tasks to queue
[2026-03-01T19:47:25.389+0530] {logging_mixin.py:190} INFO - [2026-03-01T19:47:25.389+0530] {dagbag.py:588} INFO - Filling up the DagBag from /home/jenny/.local/lib/python3.13/site-packages/airflow/example_dags/example_params_trigger_ui.py
[2026-03-01T19:47:25.400+0530] {processor.py:925} INFO - DAG(s) 'example_params_trigger_ui' retrieved from /home/jenny/.local/lib/python3.13/site-packages/airflow/example_dags/example_params_trigger_ui.py
[2026-03-01T19:47:25.425+0530] {logging_mixin.py:190} INFO - [2026-03-01T19:47:25.425+0530] {dag.py:3239} INFO - Sync 1 DAGs
[2026-03-01T19:47:25.434+0530] {logging_mixin.py:190} INFO - [2026-03-01T19:47:25.433+0530] {dag.py:4180} INFO - Setting next_dagrun for example_params_trigger_ui to None, run_after=None
[2026-03-01T19:47:25.490+0530] {processor.py:208} INFO - Processing /home/jenny/.local/lib/python3.13/site-packages/airflow/example_dags/example_params_trigger_ui.py took 0.110 seconds
[2026-03-01T19:48:18.866+0530] {processor.py:186} INFO - Started process (PID=260369) to work on /home/jenny/.local/lib/python3.13/site-packages/airflow/example_dags/example_params_trigger_ui.py
[2026-03-01T19:48:18.867+0530] {processor.py:914} INFO - Processing file /home/jenny/.local/lib/python3.13/site-packages/airflow/example_dags/example_params_trigger_ui.py for tasks to queue
[2026-03-01T19:48:18.868+0530] {logging_mixin.py:190} INFO - [2026-03-01T19:48:18.868+0530] {dagbag.py:588} INFO - Filling up the DagBag from /home/jenny/.local/lib/python3.13/site-packages/airflow/example_dags/example_params_trigger_ui.py
[2026-03-01T19:48:18.878+0530] {processor.py:925} INFO - DAG(s) 'example_params_trigger_ui' retrieved from /home/jenny/.local/lib/python3.13/site-packages/airflow/example_dags/example_params_trigger_ui.py
[2026-03-01T19:48:18.901+0530] {logging_mixin.py:190} INFO - [2026-03-01T19:48:18.901+0530] {dag.py:3239} INFO - Sync 1 DAGs
[2026-03-01T19:48:18.909+0530] {logging_mixin.py:190} INFO - [2026-03-01T19:48:18.909+0530] {dag.py:4180} INFO - Setting next_dagrun for example_params_trigger_ui to None, run_after=None
[2026-03-01T19:48:18.937+0530] {processor.py:208} INFO - Processing /home/jenny/.local/lib/python3.13/site-packages/airflow/example_dags/example_params_trigger_ui.py took 0.076 seconds
[2026-03-01T19:49:11.803+0530] {processor.py:186} INFO - Started process (PID=261210) to work on /home/jenny/.local/lib/python3.13/site-packages/airflow/example_dags/example_params_trigger_ui.py
[2026-03-01T19:49:11.804+0530] {processor.py:914} INFO - Processing file /home/jenny/.local/lib/python3.13/site-packages/airflow/example_dags/example_params_trigger_ui.py for tasks to queue
[2026-03-01T19:49:11.805+0530] {logging_mixin.py:190} INFO - [2026-03-01T19:49:11.805+0530] {dagbag.py:588} INFO - Filling up the DagBag from /home/jenny/.local/lib/python3.13/site-packages/airflow/example_dags/example_params_trigger_ui.py
[2026-03-01T19:49:11.814+0530] {processor.py:925} INFO - DAG(s) 'example_params_trigger_ui' retrieved from /home/jenny/.local/lib/python3.13/site-packages/airflow/example_dags/example_params_trigger_ui.py
[2026-03-01T19:49:11.839+0530] {logging_mixin.py:190} INFO - [2026-03-01T19:49:11.838+0530] {dag.py:3239} INFO - Sync 1 DAGs
[2026-03-01T19:49:11.847+0530] {logging_mixin.py:190} INFO - [2026-03-01T19:49:11.847+0530] {dag.py:4180} INFO - Setting next_dagrun for example_params_trigger_ui to None, run_after=None
[2026-03-01T19:49:11.862+0530] {processor.py:208} INFO - Processing /home/jenny/.local/lib/python3.13/site-packages/airflow/example_dags/example_params_trigger_ui.py took 0.063 seconds
[2026-03-01T19:50:05.452+0530] {processor.py:186} INFO - Started process (PID=261634) to work on /home/jenny/.local/lib/python3.13/site-packages/airflow/example_dags/example_params_trigger_ui.py
[2026-03-01T19:50:05.453+0530] {processor.py:914} INFO - Processing file /home/jenny/.local/lib/python3.13/site-packages/airflow/example_dags/example_params_trigger_ui.py for tasks to queue
[2026-03-01T19:50:05.454+0530] {logging_mixin.py:190} INFO - [2026-03-01T19:50:05.454+0530] {dagbag.py:588} INFO - Filling up the DagBag from /home/jenny/.local/lib/python3.13/site-packages/airflow/example_dags/example_params_trigger_ui.py
[2026-03-01T19:50:05.467+0530] {processor.py:925} INFO - DAG(s) 'example_params_trigger_ui' retrieved from /home/jenny/.local/lib/python3.13/site-packages/airflow/example_dags/example_params_trigger_ui.py
[2026-03-01T19:50:05.494+0530] {logging_mixin.py:190} INFO - [2026-03-01T19:50:05.494+0530] {dag.py:3239} INFO - Sync 1 DAGs
[2026-03-01T19:50:05.504+0530] {logging_mixin.py:190} INFO - [2026-03-01T19:50:05.504+0530] {dag.py:4180} INFO - Setting next_dagrun for example_params_trigger_ui to None, run_after=None
[2026-03-01T19:50:05.521+0530] {processor.py:208} INFO - Processing /home/jenny/.local/lib/python3.13/site-packages/airflow/example_dags/example_params_trigger_ui.py took 0.074 seconds
[2026-03-01T19:51:00.173+0530] {processor.py:186} INFO - Started process (PID=262084) to work on /home/jenny/.local/lib/python3.13/site-packages/airflow/example_dags/example_params_trigger_ui.py
[2026-03-01T19:51:00.174+0530] {processor.py:914} INFO - Processing file /home/jenny/.local/lib/python3.13/site-packages/airflow/example_dags/example_params_trigger_ui.py for tasks to queue
[2026-03-01T19:51:00.175+0530] {logging_mixin.py:190} INFO - [2026-03-01T19:51:00.174+0530] {dagbag.py:588} INFO - Filling up the DagBag from /home/jenny/.local/lib/python3.13/site-packages/airflow/example_dags/example_params_trigger_ui.py
[2026-03-01T19:51:00.184+0530] {processor.py:925} INFO - DAG(s) 'example_params_trigger_ui' retrieved from /home/jenny/.local/lib/python3.13/site-packages/airflow/example_dags/example_params_trigger_ui.py
[2026-03-01T19:51:00.207+0530] {logging_mixin.py:190} INFO - [2026-03-01T19:51:00.207+0530] {dag.py:3239} INFO - Sync 1 DAGs
[2026-03-01T19:51:00.215+0530] {logging_mixin.py:190} INFO - [2026-03-01T19:51:00.214+0530] {dag.py:4180} INFO - Setting next_dagrun for example_params_trigger_ui to None, run_after=None
[2026-03-01T19:51:00.230+0530] {processor.py:208} INFO - Processing /home/jenny/.local/lib/python3.13/site-packages/airflow/example_dags/example_params_trigger_ui.py took 0.060 seconds
[2026-03-01T19:51:53.644+0530] {processor.py:186} INFO - Started process (PID=262503) to work on /home/jenny/.local/lib/python3.13/site-packages/airflow/example_dags/example_params_trigger_ui.py
[2026-03-01T19:51:53.646+0530] {processor.py:914} INFO - Processing file /home/jenny/.local/lib/python3.13/site-packages/airflow/example_dags/example_params_trigger_ui.py for tasks to queue
[2026-03-01T19:51:53.647+0530] {logging_mixin.py:190} INFO - [2026-03-01T19:51:53.647+0530] {dagbag.py:588} INFO - Filling up the DagBag from /home/jenny/.local/lib/python3.13/site-packages/airflow/example_dags/example_params_trigger_ui.py
[2026-03-01T19:51:53.657+0530] {processor.py:925} INFO - DAG(s) 'example_params_trigger_ui' retrieved from /home/jenny/.local/lib/python3.13/site-packages/airflow/example_dags/example_params_trigger_ui.py
[2026-03-01T19:51:53.682+0530] {logging_mixin.py:190} INFO - [2026-03-01T19:51:53.682+0530] {dag.py:3239} INFO - Sync 1 DAGs
[2026-03-01T19:51:53.691+0530] {logging_mixin.py:190} INFO - [2026-03-01T19:51:53.691+0530] {dag.py:4180} INFO - Setting next_dagrun for example_params_trigger_ui to None, run_after=None
[2026-03-01T19:51:53.712+0530] {processor.py:208} INFO - Processing /home/jenny/.local/lib/python3.13/site-packages/airflow/example_dags/example_params_trigger_ui.py took 0.073 seconds
[2026-03-01T19:52:46.302+0530] {processor.py:186} INFO - Started process (PID=262668) to work on /home/jenny/.local/lib/python3.13/site-packages/airflow/example_dags/example_params_trigger_ui.py
[2026-03-01T19:52:46.303+0530] {processor.py:914} INFO - Processing file /home/jenny/.local/lib/python3.13/site-packages/airflow/example_dags/example_params_trigger_ui.py for tasks to queue
[2026-03-01T19:52:46.304+0530] {logging_mixin.py:190} INFO - [2026-03-01T19:52:46.304+0530] {dagbag.py:588} INFO - Filling up the DagBag from /home/jenny/.local/lib/python3.13/site-packages/airflow/example_dags/example_params_trigger_ui.py
[2026-03-01T19:52:46.314+0530] {processor.py:925} INFO - DAG(s) 'example_params_trigger_ui' retrieved from /home/jenny/.local/lib/python3.13/site-packages/airflow/example_dags/example_params_trigger_ui.py
[2026-03-01T19:52:46.342+0530] {logging_mixin.py:190} INFO - [2026-03-01T19:52:46.342+0530] {dag.py:3239} INFO - Sync 1 DAGs
[2026-03-01T19:52:46.350+0530] {logging_mixin.py:190} INFO - [2026-03-01T19:52:46.350+0530] {dag.py:4180} INFO - Setting next_dagrun for example_params_trigger_ui to None, run_after=None
[2026-03-01T19:52:46.367+0530] {processor.py:208} INFO - Processing /home/jenny/.local/lib/python3.13/site-packages/airflow/example_dags/example_params_trigger_ui.py took 0.069 seconds
[2026-03-01T19:53:40.220+0530] {processor.py:186} INFO - Started process (PID=263244) to work on /home/jenny/.local/lib/python3.13/site-packages/airflow/example_dags/example_params_trigger_ui.py
[2026-03-01T19:53:40.221+0530] {processor.py:914} INFO - Processing file /home/jenny/.local/lib/python3.13/site-packages/airflow/example_dags/example_params_trigger_ui.py for tasks to queue
[2026-03-01T19:53:40.222+0530] {logging_mixin.py:190} INFO - [2026-03-01T19:53:40.222+0530] {dagbag.py:588} INFO - Filling up the DagBag from /home/jenny/.local/lib/python3.13/site-packages/airflow/example_dags/example_params_trigger_ui.py
[2026-03-01T19:53:40.232+0530] {processor.py:925} INFO - DAG(s) 'example_params_trigger_ui' retrieved from /home/jenny/.local/lib/python3.13/site-packages/airflow/example_dags/example_params_trigger_ui.py
[2026-03-01T19:53:40.259+0530] {logging_mixin.py:190} INFO - [2026-03-01T19:53:40.259+0530] {dag.py:3239} INFO - Sync 1 DAGs
[2026-03-01T19:53:40.268+0530] {logging_mixin.py:190} INFO - [2026-03-01T19:53:40.268+0530] {dag.py:4180} INFO - Setting next_dagrun for example_params_trigger_ui to None, run_after=None
[2026-03-01T19:53:40.283+0530] {processor.py:208} INFO - Processing /home/jenny/.local/lib/python3.13/site-packages/airflow/example_dags/example_params_trigger_ui.py took 0.067 seconds
