[2026-03-01T14:14:52.037+0530] {processor.py:186} INFO - Started process (PID=212784) to work on /home/jenny/.local/lib/python3.13/site-packages/airflow/example_dags/example_workday_timetable.py
[2026-03-01T14:14:52.038+0530] {processor.py:914} INFO - Processing file /home/jenny/.local/lib/python3.13/site-packages/airflow/example_dags/example_workday_timetable.py for tasks to queue
[2026-03-01T14:14:52.039+0530] {logging_mixin.py:190} INFO - [2026-03-01T14:14:52.039+0530] {dagbag.py:588} INFO - Filling up the DagBag from /home/jenny/.local/lib/python3.13/site-packages/airflow/example_dags/example_workday_timetable.py
[2026-03-01T14:14:52.043+0530] {processor.py:925} INFO - DAG(s) 'example_workday_timetable' retrieved from /home/jenny/.local/lib/python3.13/site-packages/airflow/example_dags/example_workday_timetable.py
[2026-03-01T14:14:52.116+0530] {logging_mixin.py:190} INFO - [2026-03-01T14:14:52.115+0530] {override.py:1932} INFO - Created Permission View: can read on DAG:example_workday_timetable
[2026-03-01T14:14:52.132+0530] {logging_mixin.py:190} INFO - [2026-03-01T14:14:52.132+0530] {override.py:1932} INFO - Created Permission View: can delete on DAG:example_workday_timetable
[2026-03-01T14:14:52.140+0530] {logging_mixin.py:190} INFO - [2026-03-01T14:14:52.140+0530] {override.py:1932} INFO - Created Permission View: can edit on DAG:example_workday_timetable
[2026-03-01T14:14:52.156+0530] {logging_mixin.py:190} INFO - [2026-03-01T14:14:52.156+0530] {override.py:1932} INFO - Created Permission View: can read on DAG Run:example_workday_timetable
[2026-03-01T14:14:52.164+0530] {logging_mixin.py:190} INFO - [2026-03-01T14:14:52.164+0530] {override.py:1932} INFO - Created Permission View: menu access on DAG Run:example_workday_timetable
[2026-03-01T14:14:52.174+0530] {logging_mixin.py:190} INFO - [2026-03-01T14:14:52.174+0530] {override.py:1932} INFO - Created Permission View: can create on DAG Run:example_workday_timetable
[2026-03-01T14:14:52.188+0530] {logging_mixin.py:190} INFO - [2026-03-01T14:14:52.187+0530] {override.py:1932} INFO - Created Permission View: can delete on DAG Run:example_workday_timetable
[2026-03-01T14:14:52.188+0530] {logging_mixin.py:190} INFO - [2026-03-01T14:14:52.188+0530] {dag.py:3239} INFO - Sync 1 DAGs
[2026-03-01T14:14:52.203+0530] {logging_mixin.py:190} INFO - [2026-03-01T14:14:52.203+0530] {dag.py:3262} INFO - Creating ORM DAG for example_workday_timetable
[2026-03-01T14:14:52.234+0530] {logging_mixin.py:190} INFO - [2026-03-01T14:14:52.234+0530] {dag.py:4180} INFO - Setting next_dagrun for example_workday_timetable to 2021-01-04 00:00:00+00:00, run_after=2021-01-05 00:00:00+00:00
[2026-03-01T14:14:52.248+0530] {processor.py:208} INFO - Processing /home/jenny/.local/lib/python3.13/site-packages/airflow/example_dags/example_workday_timetable.py took 0.215 seconds
[2026-03-01T14:15:55.212+0530] {processor.py:186} INFO - Started process (PID=213378) to work on /home/jenny/.local/lib/python3.13/site-packages/airflow/example_dags/example_workday_timetable.py
[2026-03-01T14:15:55.213+0530] {processor.py:914} INFO - Processing file /home/jenny/.local/lib/python3.13/site-packages/airflow/example_dags/example_workday_timetable.py for tasks to queue
[2026-03-01T14:15:55.216+0530] {logging_mixin.py:190} INFO - [2026-03-01T14:15:55.215+0530] {dagbag.py:588} INFO - Filling up the DagBag from /home/jenny/.local/lib/python3.13/site-packages/airflow/example_dags/example_workday_timetable.py
[2026-03-01T14:15:55.220+0530] {processor.py:925} INFO - DAG(s) 'example_workday_timetable' retrieved from /home/jenny/.local/lib/python3.13/site-packages/airflow/example_dags/example_workday_timetable.py
[2026-03-01T14:15:55.230+0530] {logging_mixin.py:190} INFO - [2026-03-01T14:15:55.230+0530] {dag.py:3239} INFO - Sync 1 DAGs
[2026-03-01T14:15:55.274+0530] {logging_mixin.py:190} INFO - [2026-03-01T14:15:55.274+0530] {dag.py:4180} INFO - Setting next_dagrun for example_workday_timetable to 2021-01-04 00:00:00+00:00, run_after=2021-01-05 00:00:00+00:00
[2026-03-01T14:15:55.295+0530] {processor.py:208} INFO - Processing /home/jenny/.local/lib/python3.13/site-packages/airflow/example_dags/example_workday_timetable.py took 0.088 seconds
[2026-03-01T14:16:50.862+0530] {processor.py:186} INFO - Started process (PID=214687) to work on /home/jenny/.local/lib/python3.13/site-packages/airflow/example_dags/example_workday_timetable.py
[2026-03-01T14:16:50.863+0530] {processor.py:914} INFO - Processing file /home/jenny/.local/lib/python3.13/site-packages/airflow/example_dags/example_workday_timetable.py for tasks to queue
[2026-03-01T14:16:50.866+0530] {logging_mixin.py:190} INFO - [2026-03-01T14:16:50.865+0530] {dagbag.py:588} INFO - Filling up the DagBag from /home/jenny/.local/lib/python3.13/site-packages/airflow/example_dags/example_workday_timetable.py
[2026-03-01T14:16:50.871+0530] {processor.py:925} INFO - DAG(s) 'example_workday_timetable' retrieved from /home/jenny/.local/lib/python3.13/site-packages/airflow/example_dags/example_workday_timetable.py
[2026-03-01T14:16:50.880+0530] {logging_mixin.py:190} INFO - [2026-03-01T14:16:50.880+0530] {dag.py:3239} INFO - Sync 1 DAGs
[2026-03-01T14:16:50.930+0530] {logging_mixin.py:190} INFO - [2026-03-01T14:16:50.929+0530] {dag.py:4180} INFO - Setting next_dagrun for example_workday_timetable to 2021-01-04 00:00:00+00:00, run_after=2021-01-05 00:00:00+00:00
[2026-03-01T14:16:50.951+0530] {processor.py:208} INFO - Processing /home/jenny/.local/lib/python3.13/site-packages/airflow/example_dags/example_workday_timetable.py took 0.094 seconds
[2026-03-01T14:17:43.860+0530] {processor.py:186} INFO - Started process (PID=215221) to work on /home/jenny/.local/lib/python3.13/site-packages/airflow/example_dags/example_workday_timetable.py
[2026-03-01T14:17:43.861+0530] {processor.py:914} INFO - Processing file /home/jenny/.local/lib/python3.13/site-packages/airflow/example_dags/example_workday_timetable.py for tasks to queue
[2026-03-01T14:17:43.864+0530] {logging_mixin.py:190} INFO - [2026-03-01T14:17:43.864+0530] {dagbag.py:588} INFO - Filling up the DagBag from /home/jenny/.local/lib/python3.13/site-packages/airflow/example_dags/example_workday_timetable.py
[2026-03-01T14:17:43.869+0530] {processor.py:925} INFO - DAG(s) 'example_workday_timetable' retrieved from /home/jenny/.local/lib/python3.13/site-packages/airflow/example_dags/example_workday_timetable.py
[2026-03-01T14:17:43.879+0530] {logging_mixin.py:190} INFO - [2026-03-01T14:17:43.879+0530] {dag.py:3239} INFO - Sync 1 DAGs
[2026-03-01T14:17:43.928+0530] {logging_mixin.py:190} INFO - [2026-03-01T14:17:43.928+0530] {dag.py:4180} INFO - Setting next_dagrun for example_workday_timetable to 2021-01-04 00:00:00+00:00, run_after=2021-01-05 00:00:00+00:00
[2026-03-01T14:17:43.945+0530] {processor.py:208} INFO - Processing /home/jenny/.local/lib/python3.13/site-packages/airflow/example_dags/example_workday_timetable.py took 0.092 seconds
[2026-03-01T14:18:09.636+0530] {processor.py:186} INFO - Started process (PID=215576) to work on /home/jenny/.local/lib/python3.13/site-packages/airflow/example_dags/example_workday_timetable.py
[2026-03-01T14:18:09.637+0530] {processor.py:914} INFO - Processing file /home/jenny/.local/lib/python3.13/site-packages/airflow/example_dags/example_workday_timetable.py for tasks to queue
[2026-03-01T14:18:09.639+0530] {logging_mixin.py:190} INFO - [2026-03-01T14:18:09.638+0530] {dagbag.py:588} INFO - Filling up the DagBag from /home/jenny/.local/lib/python3.13/site-packages/airflow/example_dags/example_workday_timetable.py
[2026-03-01T14:18:09.643+0530] {processor.py:925} INFO - DAG(s) 'example_workday_timetable' retrieved from /home/jenny/.local/lib/python3.13/site-packages/airflow/example_dags/example_workday_timetable.py
[2026-03-01T14:18:09.744+0530] {logging_mixin.py:190} INFO - [2026-03-01T14:18:09.743+0530] {dag.py:3239} INFO - Sync 1 DAGs
[2026-03-01T14:18:09.798+0530] {logging_mixin.py:190} INFO - [2026-03-01T14:18:09.798+0530] {dag.py:4180} INFO - Setting next_dagrun for example_workday_timetable to 2021-01-04 00:00:00+00:00, run_after=2021-01-05 00:00:00+00:00
[2026-03-01T14:18:09.820+0530] {processor.py:208} INFO - Processing /home/jenny/.local/lib/python3.13/site-packages/airflow/example_dags/example_workday_timetable.py took 0.188 seconds
[2026-03-01T14:19:10.434+0530] {processor.py:186} INFO - Started process (PID=216258) to work on /home/jenny/.local/lib/python3.13/site-packages/airflow/example_dags/example_workday_timetable.py
[2026-03-01T14:19:10.436+0530] {processor.py:914} INFO - Processing file /home/jenny/.local/lib/python3.13/site-packages/airflow/example_dags/example_workday_timetable.py for tasks to queue
[2026-03-01T14:19:10.438+0530] {logging_mixin.py:190} INFO - [2026-03-01T14:19:10.438+0530] {dagbag.py:588} INFO - Filling up the DagBag from /home/jenny/.local/lib/python3.13/site-packages/airflow/example_dags/example_workday_timetable.py
[2026-03-01T14:19:10.443+0530] {processor.py:925} INFO - DAG(s) 'example_workday_timetable' retrieved from /home/jenny/.local/lib/python3.13/site-packages/airflow/example_dags/example_workday_timetable.py
[2026-03-01T14:19:10.452+0530] {logging_mixin.py:190} INFO - [2026-03-01T14:19:10.451+0530] {dag.py:3239} INFO - Sync 1 DAGs
[2026-03-01T14:19:10.483+0530] {logging_mixin.py:190} INFO - [2026-03-01T14:19:10.483+0530] {dag.py:4180} INFO - Setting next_dagrun for example_workday_timetable to 2021-01-04 00:00:00+00:00, run_after=2021-01-05 00:00:00+00:00
[2026-03-01T14:19:10.500+0530] {processor.py:208} INFO - Processing /home/jenny/.local/lib/python3.13/site-packages/airflow/example_dags/example_workday_timetable.py took 0.072 seconds
[2026-03-01T14:20:08.874+0530] {processor.py:186} INFO - Started process (PID=216640) to work on /home/jenny/.local/lib/python3.13/site-packages/airflow/example_dags/example_workday_timetable.py
[2026-03-01T14:20:08.875+0530] {processor.py:914} INFO - Processing file /home/jenny/.local/lib/python3.13/site-packages/airflow/example_dags/example_workday_timetable.py for tasks to queue
[2026-03-01T14:20:08.877+0530] {logging_mixin.py:190} INFO - [2026-03-01T14:20:08.877+0530] {dagbag.py:588} INFO - Filling up the DagBag from /home/jenny/.local/lib/python3.13/site-packages/airflow/example_dags/example_workday_timetable.py
[2026-03-01T14:20:08.882+0530] {processor.py:925} INFO - DAG(s) 'example_workday_timetable' retrieved from /home/jenny/.local/lib/python3.13/site-packages/airflow/example_dags/example_workday_timetable.py
[2026-03-01T14:20:08.891+0530] {logging_mixin.py:190} INFO - [2026-03-01T14:20:08.891+0530] {dag.py:3239} INFO - Sync 1 DAGs
[2026-03-01T14:20:08.929+0530] {logging_mixin.py:190} INFO - [2026-03-01T14:20:08.929+0530] {dag.py:4180} INFO - Setting next_dagrun for example_workday_timetable to 2021-01-04 00:00:00+00:00, run_after=2021-01-05 00:00:00+00:00
[2026-03-01T14:20:08.945+0530] {processor.py:208} INFO - Processing /home/jenny/.local/lib/python3.13/site-packages/airflow/example_dags/example_workday_timetable.py took 0.075 seconds
[2026-03-01T14:21:06.235+0530] {processor.py:186} INFO - Started process (PID=216816) to work on /home/jenny/.local/lib/python3.13/site-packages/airflow/example_dags/example_workday_timetable.py
[2026-03-01T14:21:06.236+0530] {processor.py:914} INFO - Processing file /home/jenny/.local/lib/python3.13/site-packages/airflow/example_dags/example_workday_timetable.py for tasks to queue
[2026-03-01T14:21:06.238+0530] {logging_mixin.py:190} INFO - [2026-03-01T14:21:06.238+0530] {dagbag.py:588} INFO - Filling up the DagBag from /home/jenny/.local/lib/python3.13/site-packages/airflow/example_dags/example_workday_timetable.py
[2026-03-01T14:21:06.243+0530] {processor.py:925} INFO - DAG(s) 'example_workday_timetable' retrieved from /home/jenny/.local/lib/python3.13/site-packages/airflow/example_dags/example_workday_timetable.py
[2026-03-01T14:21:06.252+0530] {logging_mixin.py:190} INFO - [2026-03-01T14:21:06.252+0530] {dag.py:3239} INFO - Sync 1 DAGs
[2026-03-01T14:21:06.287+0530] {logging_mixin.py:190} INFO - [2026-03-01T14:21:06.287+0530] {dag.py:4180} INFO - Setting next_dagrun for example_workday_timetable to 2021-01-04 00:00:00+00:00, run_after=2021-01-05 00:00:00+00:00
[2026-03-01T14:21:06.303+0530] {processor.py:208} INFO - Processing /home/jenny/.local/lib/python3.13/site-packages/airflow/example_dags/example_workday_timetable.py took 0.074 seconds
[2026-03-01T14:22:01.881+0530] {processor.py:186} INFO - Started process (PID=217159) to work on /home/jenny/.local/lib/python3.13/site-packages/airflow/example_dags/example_workday_timetable.py
[2026-03-01T14:22:01.881+0530] {processor.py:914} INFO - Processing file /home/jenny/.local/lib/python3.13/site-packages/airflow/example_dags/example_workday_timetable.py for tasks to queue
[2026-03-01T14:22:01.884+0530] {logging_mixin.py:190} INFO - [2026-03-01T14:22:01.884+0530] {dagbag.py:588} INFO - Filling up the DagBag from /home/jenny/.local/lib/python3.13/site-packages/airflow/example_dags/example_workday_timetable.py
[2026-03-01T14:22:01.889+0530] {processor.py:925} INFO - DAG(s) 'example_workday_timetable' retrieved from /home/jenny/.local/lib/python3.13/site-packages/airflow/example_dags/example_workday_timetable.py
[2026-03-01T14:22:01.906+0530] {logging_mixin.py:190} INFO - [2026-03-01T14:22:01.906+0530] {dag.py:3239} INFO - Sync 1 DAGs
[2026-03-01T14:22:01.940+0530] {logging_mixin.py:190} INFO - [2026-03-01T14:22:01.939+0530] {dag.py:4180} INFO - Setting next_dagrun for example_workday_timetable to 2021-01-04 00:00:00+00:00, run_after=2021-01-05 00:00:00+00:00
[2026-03-01T14:22:01.957+0530] {processor.py:208} INFO - Processing /home/jenny/.local/lib/python3.13/site-packages/airflow/example_dags/example_workday_timetable.py took 0.080 seconds
[2026-03-01T14:22:55.642+0530] {processor.py:186} INFO - Started process (PID=219004) to work on /home/jenny/.local/lib/python3.13/site-packages/airflow/example_dags/example_workday_timetable.py
[2026-03-01T14:22:55.643+0530] {processor.py:914} INFO - Processing file /home/jenny/.local/lib/python3.13/site-packages/airflow/example_dags/example_workday_timetable.py for tasks to queue
[2026-03-01T14:22:55.647+0530] {logging_mixin.py:190} INFO - [2026-03-01T14:22:55.646+0530] {dagbag.py:588} INFO - Filling up the DagBag from /home/jenny/.local/lib/python3.13/site-packages/airflow/example_dags/example_workday_timetable.py
[2026-03-01T14:22:55.652+0530] {processor.py:925} INFO - DAG(s) 'example_workday_timetable' retrieved from /home/jenny/.local/lib/python3.13/site-packages/airflow/example_dags/example_workday_timetable.py
[2026-03-01T14:22:55.660+0530] {logging_mixin.py:190} INFO - [2026-03-01T14:22:55.660+0530] {dag.py:3239} INFO - Sync 1 DAGs
[2026-03-01T14:22:55.692+0530] {logging_mixin.py:190} INFO - [2026-03-01T14:22:55.692+0530] {dag.py:4180} INFO - Setting next_dagrun for example_workday_timetable to 2021-01-04 00:00:00+00:00, run_after=2021-01-05 00:00:00+00:00
[2026-03-01T14:22:55.708+0530] {processor.py:208} INFO - Processing /home/jenny/.local/lib/python3.13/site-packages/airflow/example_dags/example_workday_timetable.py took 0.072 seconds
[2026-03-01T14:23:52.140+0530] {processor.py:186} INFO - Started process (PID=219992) to work on /home/jenny/.local/lib/python3.13/site-packages/airflow/example_dags/example_workday_timetable.py
[2026-03-01T14:23:52.141+0530] {processor.py:914} INFO - Processing file /home/jenny/.local/lib/python3.13/site-packages/airflow/example_dags/example_workday_timetable.py for tasks to queue
[2026-03-01T14:23:52.143+0530] {logging_mixin.py:190} INFO - [2026-03-01T14:23:52.143+0530] {dagbag.py:588} INFO - Filling up the DagBag from /home/jenny/.local/lib/python3.13/site-packages/airflow/example_dags/example_workday_timetable.py
[2026-03-01T14:23:52.148+0530] {processor.py:925} INFO - DAG(s) 'example_workday_timetable' retrieved from /home/jenny/.local/lib/python3.13/site-packages/airflow/example_dags/example_workday_timetable.py
[2026-03-01T14:23:52.157+0530] {logging_mixin.py:190} INFO - [2026-03-01T14:23:52.157+0530] {dag.py:3239} INFO - Sync 1 DAGs
[2026-03-01T14:23:52.188+0530] {logging_mixin.py:190} INFO - [2026-03-01T14:23:52.188+0530] {dag.py:4180} INFO - Setting next_dagrun for example_workday_timetable to 2021-01-04 00:00:00+00:00, run_after=2021-01-05 00:00:00+00:00
[2026-03-01T14:23:52.206+0530] {processor.py:208} INFO - Processing /home/jenny/.local/lib/python3.13/site-packages/airflow/example_dags/example_workday_timetable.py took 0.069 seconds
[2026-03-01T14:24:54.850+0530] {processor.py:186} INFO - Started process (PID=221079) to work on /home/jenny/.local/lib/python3.13/site-packages/airflow/example_dags/example_workday_timetable.py
[2026-03-01T14:24:54.852+0530] {processor.py:914} INFO - Processing file /home/jenny/.local/lib/python3.13/site-packages/airflow/example_dags/example_workday_timetable.py for tasks to queue
[2026-03-01T14:24:54.854+0530] {logging_mixin.py:190} INFO - [2026-03-01T14:24:54.854+0530] {dagbag.py:588} INFO - Filling up the DagBag from /home/jenny/.local/lib/python3.13/site-packages/airflow/example_dags/example_workday_timetable.py
[2026-03-01T14:24:54.858+0530] {processor.py:925} INFO - DAG(s) 'example_workday_timetable' retrieved from /home/jenny/.local/lib/python3.13/site-packages/airflow/example_dags/example_workday_timetable.py
[2026-03-01T14:24:54.868+0530] {logging_mixin.py:190} INFO - [2026-03-01T14:24:54.868+0530] {dag.py:3239} INFO - Sync 1 DAGs
[2026-03-01T14:24:54.901+0530] {logging_mixin.py:190} INFO - [2026-03-01T14:24:54.901+0530] {dag.py:4180} INFO - Setting next_dagrun for example_workday_timetable to 2021-01-04 00:00:00+00:00, run_after=2021-01-05 00:00:00+00:00
[2026-03-01T14:24:54.916+0530] {processor.py:208} INFO - Processing /home/jenny/.local/lib/python3.13/site-packages/airflow/example_dags/example_workday_timetable.py took 0.073 seconds
[2026-03-01T14:26:09.574+0530] {processor.py:186} INFO - Started process (PID=225539) to work on /home/jenny/.local/lib/python3.13/site-packages/airflow/example_dags/example_workday_timetable.py
[2026-03-01T14:26:09.575+0530] {processor.py:914} INFO - Processing file /home/jenny/.local/lib/python3.13/site-packages/airflow/example_dags/example_workday_timetable.py for tasks to queue
[2026-03-01T14:26:09.577+0530] {logging_mixin.py:190} INFO - [2026-03-01T14:26:09.577+0530] {dagbag.py:588} INFO - Filling up the DagBag from /home/jenny/.local/lib/python3.13/site-packages/airflow/example_dags/example_workday_timetable.py
[2026-03-01T14:26:09.582+0530] {processor.py:925} INFO - DAG(s) 'example_workday_timetable' retrieved from /home/jenny/.local/lib/python3.13/site-packages/airflow/example_dags/example_workday_timetable.py
[2026-03-01T14:26:09.591+0530] {logging_mixin.py:190} INFO - [2026-03-01T14:26:09.591+0530] {dag.py:3239} INFO - Sync 1 DAGs
[2026-03-01T14:26:09.626+0530] {logging_mixin.py:190} INFO - [2026-03-01T14:26:09.625+0530] {dag.py:4180} INFO - Setting next_dagrun for example_workday_timetable to 2021-01-04 00:00:00+00:00, run_after=2021-01-05 00:00:00+00:00
[2026-03-01T14:26:09.642+0530] {processor.py:208} INFO - Processing /home/jenny/.local/lib/python3.13/site-packages/airflow/example_dags/example_workday_timetable.py took 0.075 seconds
[2026-03-01T14:27:06.152+0530] {processor.py:186} INFO - Started process (PID=226722) to work on /home/jenny/.local/lib/python3.13/site-packages/airflow/example_dags/example_workday_timetable.py
[2026-03-01T14:27:06.152+0530] {processor.py:914} INFO - Processing file /home/jenny/.local/lib/python3.13/site-packages/airflow/example_dags/example_workday_timetable.py for tasks to queue
[2026-03-01T14:27:06.154+0530] {logging_mixin.py:190} INFO - [2026-03-01T14:27:06.154+0530] {dagbag.py:588} INFO - Filling up the DagBag from /home/jenny/.local/lib/python3.13/site-packages/airflow/example_dags/example_workday_timetable.py
[2026-03-01T14:27:06.158+0530] {processor.py:925} INFO - DAG(s) 'example_workday_timetable' retrieved from /home/jenny/.local/lib/python3.13/site-packages/airflow/example_dags/example_workday_timetable.py
[2026-03-01T14:27:06.169+0530] {logging_mixin.py:190} INFO - [2026-03-01T14:27:06.169+0530] {dag.py:3239} INFO - Sync 1 DAGs
[2026-03-01T14:27:06.211+0530] {logging_mixin.py:190} INFO - [2026-03-01T14:27:06.211+0530] {dag.py:4180} INFO - Setting next_dagrun for example_workday_timetable to 2021-01-04 00:00:00+00:00, run_after=2021-01-05 00:00:00+00:00
[2026-03-01T14:27:06.230+0530] {processor.py:208} INFO - Processing /home/jenny/.local/lib/python3.13/site-packages/airflow/example_dags/example_workday_timetable.py took 0.082 seconds
[2026-03-01T14:28:31.582+0530] {processor.py:186} INFO - Started process (PID=228615) to work on /home/jenny/.local/lib/python3.13/site-packages/airflow/example_dags/example_workday_timetable.py
[2026-03-01T14:28:31.583+0530] {processor.py:914} INFO - Processing file /home/jenny/.local/lib/python3.13/site-packages/airflow/example_dags/example_workday_timetable.py for tasks to queue
[2026-03-01T14:28:31.585+0530] {logging_mixin.py:190} INFO - [2026-03-01T14:28:31.584+0530] {dagbag.py:588} INFO - Filling up the DagBag from /home/jenny/.local/lib/python3.13/site-packages/airflow/example_dags/example_workday_timetable.py
[2026-03-01T14:28:31.590+0530] {processor.py:925} INFO - DAG(s) 'example_workday_timetable' retrieved from /home/jenny/.local/lib/python3.13/site-packages/airflow/example_dags/example_workday_timetable.py
[2026-03-01T14:28:31.601+0530] {logging_mixin.py:190} INFO - [2026-03-01T14:28:31.601+0530] {dag.py:3239} INFO - Sync 1 DAGs
[2026-03-01T14:28:31.646+0530] {logging_mixin.py:190} INFO - [2026-03-01T14:28:31.646+0530] {dag.py:4180} INFO - Setting next_dagrun for example_workday_timetable to 2021-01-04 00:00:00+00:00, run_after=2021-01-05 00:00:00+00:00
[2026-03-01T14:28:31.686+0530] {processor.py:208} INFO - Processing /home/jenny/.local/lib/python3.13/site-packages/airflow/example_dags/example_workday_timetable.py took 0.108 seconds
[2026-03-01T14:29:46.671+0530] {processor.py:186} INFO - Started process (PID=229897) to work on /home/jenny/.local/lib/python3.13/site-packages/airflow/example_dags/example_workday_timetable.py
[2026-03-01T14:29:46.673+0530] {processor.py:914} INFO - Processing file /home/jenny/.local/lib/python3.13/site-packages/airflow/example_dags/example_workday_timetable.py for tasks to queue
[2026-03-01T14:29:46.676+0530] {logging_mixin.py:190} INFO - [2026-03-01T14:29:46.675+0530] {dagbag.py:588} INFO - Filling up the DagBag from /home/jenny/.local/lib/python3.13/site-packages/airflow/example_dags/example_workday_timetable.py
[2026-03-01T14:29:46.681+0530] {processor.py:925} INFO - DAG(s) 'example_workday_timetable' retrieved from /home/jenny/.local/lib/python3.13/site-packages/airflow/example_dags/example_workday_timetable.py
[2026-03-01T14:29:46.690+0530] {logging_mixin.py:190} INFO - [2026-03-01T14:29:46.690+0530] {dag.py:3239} INFO - Sync 1 DAGs
[2026-03-01T14:29:46.723+0530] {logging_mixin.py:190} INFO - [2026-03-01T14:29:46.722+0530] {dag.py:4180} INFO - Setting next_dagrun for example_workday_timetable to 2021-01-04 00:00:00+00:00, run_after=2021-01-05 00:00:00+00:00
[2026-03-01T14:29:46.740+0530] {processor.py:208} INFO - Processing /home/jenny/.local/lib/python3.13/site-packages/airflow/example_dags/example_workday_timetable.py took 0.075 seconds
[2026-03-01T14:31:14.348+0530] {processor.py:186} INFO - Started process (PID=231356) to work on /home/jenny/.local/lib/python3.13/site-packages/airflow/example_dags/example_workday_timetable.py
[2026-03-01T14:31:14.350+0530] {processor.py:914} INFO - Processing file /home/jenny/.local/lib/python3.13/site-packages/airflow/example_dags/example_workday_timetable.py for tasks to queue
[2026-03-01T14:31:14.353+0530] {logging_mixin.py:190} INFO - [2026-03-01T14:31:14.352+0530] {dagbag.py:588} INFO - Filling up the DagBag from /home/jenny/.local/lib/python3.13/site-packages/airflow/example_dags/example_workday_timetable.py
[2026-03-01T14:31:14.358+0530] {processor.py:925} INFO - DAG(s) 'example_workday_timetable' retrieved from /home/jenny/.local/lib/python3.13/site-packages/airflow/example_dags/example_workday_timetable.py
[2026-03-01T14:31:14.370+0530] {logging_mixin.py:190} INFO - [2026-03-01T14:31:14.370+0530] {dag.py:3239} INFO - Sync 1 DAGs
[2026-03-01T14:31:14.418+0530] {logging_mixin.py:190} INFO - [2026-03-01T14:31:14.418+0530] {dag.py:4180} INFO - Setting next_dagrun for example_workday_timetable to 2021-01-04 00:00:00+00:00, run_after=2021-01-05 00:00:00+00:00
[2026-03-01T14:31:14.439+0530] {processor.py:208} INFO - Processing /home/jenny/.local/lib/python3.13/site-packages/airflow/example_dags/example_workday_timetable.py took 0.096 seconds
[2026-03-01T14:32:20.077+0530] {processor.py:186} INFO - Started process (PID=231786) to work on /home/jenny/.local/lib/python3.13/site-packages/airflow/example_dags/example_workday_timetable.py
[2026-03-01T14:32:20.092+0530] {processor.py:914} INFO - Processing file /home/jenny/.local/lib/python3.13/site-packages/airflow/example_dags/example_workday_timetable.py for tasks to queue
[2026-03-01T14:32:20.096+0530] {logging_mixin.py:190} INFO - [2026-03-01T14:32:20.096+0530] {dagbag.py:588} INFO - Filling up the DagBag from /home/jenny/.local/lib/python3.13/site-packages/airflow/example_dags/example_workday_timetable.py
[2026-03-01T14:32:20.105+0530] {processor.py:925} INFO - DAG(s) 'example_workday_timetable' retrieved from /home/jenny/.local/lib/python3.13/site-packages/airflow/example_dags/example_workday_timetable.py
[2026-03-01T14:32:20.115+0530] {logging_mixin.py:190} INFO - [2026-03-01T14:32:20.115+0530] {dag.py:3239} INFO - Sync 1 DAGs
[2026-03-01T14:32:20.147+0530] {logging_mixin.py:190} INFO - [2026-03-01T14:32:20.147+0530] {dag.py:4180} INFO - Setting next_dagrun for example_workday_timetable to 2021-01-04 00:00:00+00:00, run_after=2021-01-05 00:00:00+00:00
[2026-03-01T14:32:20.316+0530] {processor.py:208} INFO - Processing /home/jenny/.local/lib/python3.13/site-packages/airflow/example_dags/example_workday_timetable.py took 0.245 seconds
[2026-03-01T14:33:53.588+0530] {processor.py:186} INFO - Started process (PID=233324) to work on /home/jenny/.local/lib/python3.13/site-packages/airflow/example_dags/example_workday_timetable.py
[2026-03-01T14:33:53.590+0530] {processor.py:914} INFO - Processing file /home/jenny/.local/lib/python3.13/site-packages/airflow/example_dags/example_workday_timetable.py for tasks to queue
[2026-03-01T14:33:53.592+0530] {logging_mixin.py:190} INFO - [2026-03-01T14:33:53.592+0530] {dagbag.py:588} INFO - Filling up the DagBag from /home/jenny/.local/lib/python3.13/site-packages/airflow/example_dags/example_workday_timetable.py
[2026-03-01T14:33:53.597+0530] {processor.py:925} INFO - DAG(s) 'example_workday_timetable' retrieved from /home/jenny/.local/lib/python3.13/site-packages/airflow/example_dags/example_workday_timetable.py
[2026-03-01T14:33:53.606+0530] {logging_mixin.py:190} INFO - [2026-03-01T14:33:53.605+0530] {dag.py:3239} INFO - Sync 1 DAGs
[2026-03-01T14:33:53.639+0530] {logging_mixin.py:190} INFO - [2026-03-01T14:33:53.639+0530] {dag.py:4180} INFO - Setting next_dagrun for example_workday_timetable to 2021-01-04 00:00:00+00:00, run_after=2021-01-05 00:00:00+00:00
[2026-03-01T14:33:53.657+0530] {processor.py:208} INFO - Processing /home/jenny/.local/lib/python3.13/site-packages/airflow/example_dags/example_workday_timetable.py took 0.073 seconds
[2026-03-01T14:34:37.738+0530] {processor.py:186} INFO - Started process (PID=233457) to work on /home/jenny/.local/lib/python3.13/site-packages/airflow/example_dags/example_workday_timetable.py
[2026-03-01T14:34:37.740+0530] {processor.py:914} INFO - Processing file /home/jenny/.local/lib/python3.13/site-packages/airflow/example_dags/example_workday_timetable.py for tasks to queue
[2026-03-01T14:34:37.743+0530] {logging_mixin.py:190} INFO - [2026-03-01T14:34:37.742+0530] {dagbag.py:588} INFO - Filling up the DagBag from /home/jenny/.local/lib/python3.13/site-packages/airflow/example_dags/example_workday_timetable.py
[2026-03-01T14:34:37.750+0530] {processor.py:925} INFO - DAG(s) 'example_workday_timetable' retrieved from /home/jenny/.local/lib/python3.13/site-packages/airflow/example_dags/example_workday_timetable.py
[2026-03-01T14:34:37.759+0530] {logging_mixin.py:190} INFO - [2026-03-01T14:34:37.759+0530] {dag.py:3239} INFO - Sync 1 DAGs
[2026-03-01T14:34:37.791+0530] {logging_mixin.py:190} INFO - [2026-03-01T14:34:37.791+0530] {dag.py:4180} INFO - Setting next_dagrun for example_workday_timetable to 2021-01-04 00:00:00+00:00, run_after=2021-01-05 00:00:00+00:00
[2026-03-01T14:34:37.807+0530] {processor.py:208} INFO - Processing /home/jenny/.local/lib/python3.13/site-packages/airflow/example_dags/example_workday_timetable.py took 0.075 seconds
[2026-03-01T14:35:30.881+0530] {processor.py:186} INFO - Started process (PID=233932) to work on /home/jenny/.local/lib/python3.13/site-packages/airflow/example_dags/example_workday_timetable.py
[2026-03-01T14:35:30.881+0530] {processor.py:914} INFO - Processing file /home/jenny/.local/lib/python3.13/site-packages/airflow/example_dags/example_workday_timetable.py for tasks to queue
[2026-03-01T14:35:30.883+0530] {logging_mixin.py:190} INFO - [2026-03-01T14:35:30.883+0530] {dagbag.py:588} INFO - Filling up the DagBag from /home/jenny/.local/lib/python3.13/site-packages/airflow/example_dags/example_workday_timetable.py
[2026-03-01T14:35:30.888+0530] {processor.py:925} INFO - DAG(s) 'example_workday_timetable' retrieved from /home/jenny/.local/lib/python3.13/site-packages/airflow/example_dags/example_workday_timetable.py
[2026-03-01T14:35:30.898+0530] {logging_mixin.py:190} INFO - [2026-03-01T14:35:30.898+0530] {dag.py:3239} INFO - Sync 1 DAGs
[2026-03-01T14:35:30.938+0530] {logging_mixin.py:190} INFO - [2026-03-01T14:35:30.938+0530] {dag.py:4180} INFO - Setting next_dagrun for example_workday_timetable to 2021-01-04 00:00:00+00:00, run_after=2021-01-05 00:00:00+00:00
[2026-03-01T14:35:30.954+0530] {processor.py:208} INFO - Processing /home/jenny/.local/lib/python3.13/site-packages/airflow/example_dags/example_workday_timetable.py took 0.077 seconds
[2026-03-01T14:36:24.840+0530] {processor.py:186} INFO - Started process (PID=234077) to work on /home/jenny/.local/lib/python3.13/site-packages/airflow/example_dags/example_workday_timetable.py
[2026-03-01T14:36:24.855+0530] {processor.py:914} INFO - Processing file /home/jenny/.local/lib/python3.13/site-packages/airflow/example_dags/example_workday_timetable.py for tasks to queue
[2026-03-01T14:36:24.859+0530] {logging_mixin.py:190} INFO - [2026-03-01T14:36:24.858+0530] {dagbag.py:588} INFO - Filling up the DagBag from /home/jenny/.local/lib/python3.13/site-packages/airflow/example_dags/example_workday_timetable.py
[2026-03-01T14:36:24.867+0530] {processor.py:925} INFO - DAG(s) 'example_workday_timetable' retrieved from /home/jenny/.local/lib/python3.13/site-packages/airflow/example_dags/example_workday_timetable.py
[2026-03-01T14:36:24.877+0530] {logging_mixin.py:190} INFO - [2026-03-01T14:36:24.877+0530] {dag.py:3239} INFO - Sync 1 DAGs
[2026-03-01T14:36:24.908+0530] {logging_mixin.py:190} INFO - [2026-03-01T14:36:24.908+0530] {dag.py:4180} INFO - Setting next_dagrun for example_workday_timetable to 2021-01-04 00:00:00+00:00, run_after=2021-01-05 00:00:00+00:00
[2026-03-01T14:36:24.924+0530] {processor.py:208} INFO - Processing /home/jenny/.local/lib/python3.13/site-packages/airflow/example_dags/example_workday_timetable.py took 0.090 seconds
[2026-03-01T14:37:19.243+0530] {processor.py:186} INFO - Started process (PID=234283) to work on /home/jenny/.local/lib/python3.13/site-packages/airflow/example_dags/example_workday_timetable.py
[2026-03-01T14:37:19.244+0530] {processor.py:914} INFO - Processing file /home/jenny/.local/lib/python3.13/site-packages/airflow/example_dags/example_workday_timetable.py for tasks to queue
[2026-03-01T14:37:19.247+0530] {logging_mixin.py:190} INFO - [2026-03-01T14:37:19.246+0530] {dagbag.py:588} INFO - Filling up the DagBag from /home/jenny/.local/lib/python3.13/site-packages/airflow/example_dags/example_workday_timetable.py
[2026-03-01T14:37:19.252+0530] {processor.py:925} INFO - DAG(s) 'example_workday_timetable' retrieved from /home/jenny/.local/lib/python3.13/site-packages/airflow/example_dags/example_workday_timetable.py
[2026-03-01T14:37:19.260+0530] {logging_mixin.py:190} INFO - [2026-03-01T14:37:19.260+0530] {dag.py:3239} INFO - Sync 1 DAGs
[2026-03-01T14:37:19.292+0530] {logging_mixin.py:190} INFO - [2026-03-01T14:37:19.292+0530] {dag.py:4180} INFO - Setting next_dagrun for example_workday_timetable to 2021-01-04 00:00:00+00:00, run_after=2021-01-05 00:00:00+00:00
[2026-03-01T14:37:19.308+0530] {processor.py:208} INFO - Processing /home/jenny/.local/lib/python3.13/site-packages/airflow/example_dags/example_workday_timetable.py took 0.072 seconds
[2026-03-01T14:38:15.976+0530] {processor.py:186} INFO - Started process (PID=234534) to work on /home/jenny/.local/lib/python3.13/site-packages/airflow/example_dags/example_workday_timetable.py
[2026-03-01T14:38:15.978+0530] {processor.py:914} INFO - Processing file /home/jenny/.local/lib/python3.13/site-packages/airflow/example_dags/example_workday_timetable.py for tasks to queue
[2026-03-01T14:38:15.981+0530] {logging_mixin.py:190} INFO - [2026-03-01T14:38:15.980+0530] {dagbag.py:588} INFO - Filling up the DagBag from /home/jenny/.local/lib/python3.13/site-packages/airflow/example_dags/example_workday_timetable.py
[2026-03-01T14:38:15.986+0530] {processor.py:925} INFO - DAG(s) 'example_workday_timetable' retrieved from /home/jenny/.local/lib/python3.13/site-packages/airflow/example_dags/example_workday_timetable.py
[2026-03-01T14:38:15.994+0530] {logging_mixin.py:190} INFO - [2026-03-01T14:38:15.994+0530] {dag.py:3239} INFO - Sync 1 DAGs
[2026-03-01T14:38:16.027+0530] {logging_mixin.py:190} INFO - [2026-03-01T14:38:16.027+0530] {dag.py:4180} INFO - Setting next_dagrun for example_workday_timetable to 2021-01-04 00:00:00+00:00, run_after=2021-01-05 00:00:00+00:00
[2026-03-01T14:38:16.043+0530] {processor.py:208} INFO - Processing /home/jenny/.local/lib/python3.13/site-packages/airflow/example_dags/example_workday_timetable.py took 0.073 seconds
[2026-03-01T14:39:09.680+0530] {processor.py:186} INFO - Started process (PID=235076) to work on /home/jenny/.local/lib/python3.13/site-packages/airflow/example_dags/example_workday_timetable.py
[2026-03-01T14:39:09.681+0530] {processor.py:914} INFO - Processing file /home/jenny/.local/lib/python3.13/site-packages/airflow/example_dags/example_workday_timetable.py for tasks to queue
[2026-03-01T14:39:09.683+0530] {logging_mixin.py:190} INFO - [2026-03-01T14:39:09.683+0530] {dagbag.py:588} INFO - Filling up the DagBag from /home/jenny/.local/lib/python3.13/site-packages/airflow/example_dags/example_workday_timetable.py
[2026-03-01T14:39:09.688+0530] {processor.py:925} INFO - DAG(s) 'example_workday_timetable' retrieved from /home/jenny/.local/lib/python3.13/site-packages/airflow/example_dags/example_workday_timetable.py
[2026-03-01T14:39:09.697+0530] {logging_mixin.py:190} INFO - [2026-03-01T14:39:09.697+0530] {dag.py:3239} INFO - Sync 1 DAGs
[2026-03-01T14:39:09.732+0530] {logging_mixin.py:190} INFO - [2026-03-01T14:39:09.731+0530] {dag.py:4180} INFO - Setting next_dagrun for example_workday_timetable to 2021-01-04 00:00:00+00:00, run_after=2021-01-05 00:00:00+00:00
[2026-03-01T14:39:09.750+0530] {processor.py:208} INFO - Processing /home/jenny/.local/lib/python3.13/site-packages/airflow/example_dags/example_workday_timetable.py took 0.074 seconds
[2026-03-01T14:40:01.630+0530] {processor.py:186} INFO - Started process (PID=235291) to work on /home/jenny/.local/lib/python3.13/site-packages/airflow/example_dags/example_workday_timetable.py
[2026-03-01T14:40:01.631+0530] {processor.py:914} INFO - Processing file /home/jenny/.local/lib/python3.13/site-packages/airflow/example_dags/example_workday_timetable.py for tasks to queue
[2026-03-01T14:40:01.633+0530] {logging_mixin.py:190} INFO - [2026-03-01T14:40:01.633+0530] {dagbag.py:588} INFO - Filling up the DagBag from /home/jenny/.local/lib/python3.13/site-packages/airflow/example_dags/example_workday_timetable.py
[2026-03-01T14:40:01.638+0530] {processor.py:925} INFO - DAG(s) 'example_workday_timetable' retrieved from /home/jenny/.local/lib/python3.13/site-packages/airflow/example_dags/example_workday_timetable.py
[2026-03-01T14:40:01.647+0530] {logging_mixin.py:190} INFO - [2026-03-01T14:40:01.647+0530] {dag.py:3239} INFO - Sync 1 DAGs
[2026-03-01T14:40:01.681+0530] {logging_mixin.py:190} INFO - [2026-03-01T14:40:01.681+0530] {dag.py:4180} INFO - Setting next_dagrun for example_workday_timetable to 2021-01-04 00:00:00+00:00, run_after=2021-01-05 00:00:00+00:00
[2026-03-01T14:40:01.697+0530] {processor.py:208} INFO - Processing /home/jenny/.local/lib/python3.13/site-packages/airflow/example_dags/example_workday_timetable.py took 0.073 seconds
[2026-03-01T14:40:57.115+0530] {processor.py:186} INFO - Started process (PID=239381) to work on /home/jenny/.local/lib/python3.13/site-packages/airflow/example_dags/example_workday_timetable.py
[2026-03-01T14:40:57.117+0530] {processor.py:914} INFO - Processing file /home/jenny/.local/lib/python3.13/site-packages/airflow/example_dags/example_workday_timetable.py for tasks to queue
[2026-03-01T14:40:57.120+0530] {logging_mixin.py:190} INFO - [2026-03-01T14:40:57.119+0530] {dagbag.py:588} INFO - Filling up the DagBag from /home/jenny/.local/lib/python3.13/site-packages/airflow/example_dags/example_workday_timetable.py
[2026-03-01T14:40:57.125+0530] {processor.py:925} INFO - DAG(s) 'example_workday_timetable' retrieved from /home/jenny/.local/lib/python3.13/site-packages/airflow/example_dags/example_workday_timetable.py
[2026-03-01T14:40:57.134+0530] {logging_mixin.py:190} INFO - [2026-03-01T14:40:57.133+0530] {dag.py:3239} INFO - Sync 1 DAGs
[2026-03-01T14:40:57.166+0530] {logging_mixin.py:190} INFO - [2026-03-01T14:40:57.166+0530] {dag.py:4180} INFO - Setting next_dagrun for example_workday_timetable to 2021-01-04 00:00:00+00:00, run_after=2021-01-05 00:00:00+00:00
[2026-03-01T14:40:57.186+0530] {processor.py:208} INFO - Processing /home/jenny/.local/lib/python3.13/site-packages/airflow/example_dags/example_workday_timetable.py took 0.078 seconds
[2026-03-01T14:41:50.756+0530] {processor.py:186} INFO - Started process (PID=239528) to work on /home/jenny/.local/lib/python3.13/site-packages/airflow/example_dags/example_workday_timetable.py
[2026-03-01T14:41:50.757+0530] {processor.py:914} INFO - Processing file /home/jenny/.local/lib/python3.13/site-packages/airflow/example_dags/example_workday_timetable.py for tasks to queue
[2026-03-01T14:41:50.759+0530] {logging_mixin.py:190} INFO - [2026-03-01T14:41:50.759+0530] {dagbag.py:588} INFO - Filling up the DagBag from /home/jenny/.local/lib/python3.13/site-packages/airflow/example_dags/example_workday_timetable.py
[2026-03-01T14:41:50.763+0530] {processor.py:925} INFO - DAG(s) 'example_workday_timetable' retrieved from /home/jenny/.local/lib/python3.13/site-packages/airflow/example_dags/example_workday_timetable.py
[2026-03-01T14:41:50.775+0530] {logging_mixin.py:190} INFO - [2026-03-01T14:41:50.775+0530] {dag.py:3239} INFO - Sync 1 DAGs
[2026-03-01T14:41:50.821+0530] {logging_mixin.py:190} INFO - [2026-03-01T14:41:50.820+0530] {dag.py:4180} INFO - Setting next_dagrun for example_workday_timetable to 2021-01-04 00:00:00+00:00, run_after=2021-01-05 00:00:00+00:00
[2026-03-01T14:41:50.840+0530] {processor.py:208} INFO - Processing /home/jenny/.local/lib/python3.13/site-packages/airflow/example_dags/example_workday_timetable.py took 0.089 seconds
[2026-03-01T14:42:44.731+0530] {processor.py:186} INFO - Started process (PID=239692) to work on /home/jenny/.local/lib/python3.13/site-packages/airflow/example_dags/example_workday_timetable.py
[2026-03-01T14:42:44.732+0530] {processor.py:914} INFO - Processing file /home/jenny/.local/lib/python3.13/site-packages/airflow/example_dags/example_workday_timetable.py for tasks to queue
[2026-03-01T14:42:44.734+0530] {logging_mixin.py:190} INFO - [2026-03-01T14:42:44.733+0530] {dagbag.py:588} INFO - Filling up the DagBag from /home/jenny/.local/lib/python3.13/site-packages/airflow/example_dags/example_workday_timetable.py
[2026-03-01T14:42:44.737+0530] {processor.py:925} INFO - DAG(s) 'example_workday_timetable' retrieved from /home/jenny/.local/lib/python3.13/site-packages/airflow/example_dags/example_workday_timetable.py
[2026-03-01T14:42:44.746+0530] {logging_mixin.py:190} INFO - [2026-03-01T14:42:44.746+0530] {dag.py:3239} INFO - Sync 1 DAGs
[2026-03-01T14:42:44.781+0530] {logging_mixin.py:190} INFO - [2026-03-01T14:42:44.780+0530] {dag.py:4180} INFO - Setting next_dagrun for example_workday_timetable to 2021-01-04 00:00:00+00:00, run_after=2021-01-05 00:00:00+00:00
[2026-03-01T14:42:44.800+0530] {processor.py:208} INFO - Processing /home/jenny/.local/lib/python3.13/site-packages/airflow/example_dags/example_workday_timetable.py took 0.072 seconds
[2026-03-01T14:43:35.668+0530] {processor.py:186} INFO - Started process (PID=239833) to work on /home/jenny/.local/lib/python3.13/site-packages/airflow/example_dags/example_workday_timetable.py
[2026-03-01T14:43:35.669+0530] {processor.py:914} INFO - Processing file /home/jenny/.local/lib/python3.13/site-packages/airflow/example_dags/example_workday_timetable.py for tasks to queue
[2026-03-01T14:43:35.671+0530] {logging_mixin.py:190} INFO - [2026-03-01T14:43:35.671+0530] {dagbag.py:588} INFO - Filling up the DagBag from /home/jenny/.local/lib/python3.13/site-packages/airflow/example_dags/example_workday_timetable.py
[2026-03-01T14:43:35.676+0530] {processor.py:925} INFO - DAG(s) 'example_workday_timetable' retrieved from /home/jenny/.local/lib/python3.13/site-packages/airflow/example_dags/example_workday_timetable.py
[2026-03-01T14:43:35.686+0530] {logging_mixin.py:190} INFO - [2026-03-01T14:43:35.685+0530] {dag.py:3239} INFO - Sync 1 DAGs
[2026-03-01T14:43:35.726+0530] {logging_mixin.py:190} INFO - [2026-03-01T14:43:35.725+0530] {dag.py:4180} INFO - Setting next_dagrun for example_workday_timetable to 2021-01-04 00:00:00+00:00, run_after=2021-01-05 00:00:00+00:00
[2026-03-01T14:43:35.746+0530] {processor.py:208} INFO - Processing /home/jenny/.local/lib/python3.13/site-packages/airflow/example_dags/example_workday_timetable.py took 0.083 seconds
[2026-03-01T14:44:28.812+0530] {processor.py:186} INFO - Started process (PID=239996) to work on /home/jenny/.local/lib/python3.13/site-packages/airflow/example_dags/example_workday_timetable.py
[2026-03-01T14:44:28.813+0530] {processor.py:914} INFO - Processing file /home/jenny/.local/lib/python3.13/site-packages/airflow/example_dags/example_workday_timetable.py for tasks to queue
[2026-03-01T14:44:28.816+0530] {logging_mixin.py:190} INFO - [2026-03-01T14:44:28.816+0530] {dagbag.py:588} INFO - Filling up the DagBag from /home/jenny/.local/lib/python3.13/site-packages/airflow/example_dags/example_workday_timetable.py
[2026-03-01T14:44:28.822+0530] {processor.py:925} INFO - DAG(s) 'example_workday_timetable' retrieved from /home/jenny/.local/lib/python3.13/site-packages/airflow/example_dags/example_workday_timetable.py
[2026-03-01T14:44:28.830+0530] {logging_mixin.py:190} INFO - [2026-03-01T14:44:28.830+0530] {dag.py:3239} INFO - Sync 1 DAGs
[2026-03-01T14:44:28.862+0530] {logging_mixin.py:190} INFO - [2026-03-01T14:44:28.861+0530] {dag.py:4180} INFO - Setting next_dagrun for example_workday_timetable to 2021-01-04 00:00:00+00:00, run_after=2021-01-05 00:00:00+00:00
[2026-03-01T14:44:28.878+0530] {processor.py:208} INFO - Processing /home/jenny/.local/lib/python3.13/site-packages/airflow/example_dags/example_workday_timetable.py took 0.071 seconds
[2026-03-01T14:45:23.273+0530] {processor.py:186} INFO - Started process (PID=240191) to work on /home/jenny/.local/lib/python3.13/site-packages/airflow/example_dags/example_workday_timetable.py
[2026-03-01T14:45:23.275+0530] {processor.py:914} INFO - Processing file /home/jenny/.local/lib/python3.13/site-packages/airflow/example_dags/example_workday_timetable.py for tasks to queue
[2026-03-01T14:45:23.278+0530] {logging_mixin.py:190} INFO - [2026-03-01T14:45:23.277+0530] {dagbag.py:588} INFO - Filling up the DagBag from /home/jenny/.local/lib/python3.13/site-packages/airflow/example_dags/example_workday_timetable.py
[2026-03-01T14:45:23.283+0530] {processor.py:925} INFO - DAG(s) 'example_workday_timetable' retrieved from /home/jenny/.local/lib/python3.13/site-packages/airflow/example_dags/example_workday_timetable.py
[2026-03-01T14:45:23.291+0530] {logging_mixin.py:190} INFO - [2026-03-01T14:45:23.291+0530] {dag.py:3239} INFO - Sync 1 DAGs
[2026-03-01T14:45:23.323+0530] {logging_mixin.py:190} INFO - [2026-03-01T14:45:23.323+0530] {dag.py:4180} INFO - Setting next_dagrun for example_workday_timetable to 2021-01-04 00:00:00+00:00, run_after=2021-01-05 00:00:00+00:00
[2026-03-01T14:45:23.438+0530] {processor.py:208} INFO - Processing /home/jenny/.local/lib/python3.13/site-packages/airflow/example_dags/example_workday_timetable.py took 0.169 seconds
[2026-03-01T14:46:20.904+0530] {processor.py:186} INFO - Started process (PID=240357) to work on /home/jenny/.local/lib/python3.13/site-packages/airflow/example_dags/example_workday_timetable.py
[2026-03-01T14:46:20.906+0530] {processor.py:914} INFO - Processing file /home/jenny/.local/lib/python3.13/site-packages/airflow/example_dags/example_workday_timetable.py for tasks to queue
[2026-03-01T14:46:20.908+0530] {logging_mixin.py:190} INFO - [2026-03-01T14:46:20.908+0530] {dagbag.py:588} INFO - Filling up the DagBag from /home/jenny/.local/lib/python3.13/site-packages/airflow/example_dags/example_workday_timetable.py
[2026-03-01T14:46:20.914+0530] {processor.py:925} INFO - DAG(s) 'example_workday_timetable' retrieved from /home/jenny/.local/lib/python3.13/site-packages/airflow/example_dags/example_workday_timetable.py
[2026-03-01T14:46:20.923+0530] {logging_mixin.py:190} INFO - [2026-03-01T14:46:20.922+0530] {dag.py:3239} INFO - Sync 1 DAGs
[2026-03-01T14:46:21.053+0530] {logging_mixin.py:190} INFO - [2026-03-01T14:46:21.052+0530] {dag.py:4180} INFO - Setting next_dagrun for example_workday_timetable to 2021-01-04 00:00:00+00:00, run_after=2021-01-05 00:00:00+00:00
[2026-03-01T14:46:21.067+0530] {processor.py:208} INFO - Processing /home/jenny/.local/lib/python3.13/site-packages/airflow/example_dags/example_workday_timetable.py took 0.169 seconds
[2026-03-01T14:47:23.879+0530] {processor.py:186} INFO - Started process (PID=240542) to work on /home/jenny/.local/lib/python3.13/site-packages/airflow/example_dags/example_workday_timetable.py
[2026-03-01T14:47:23.881+0530] {processor.py:914} INFO - Processing file /home/jenny/.local/lib/python3.13/site-packages/airflow/example_dags/example_workday_timetable.py for tasks to queue
[2026-03-01T14:47:23.883+0530] {logging_mixin.py:190} INFO - [2026-03-01T14:47:23.883+0530] {dagbag.py:588} INFO - Filling up the DagBag from /home/jenny/.local/lib/python3.13/site-packages/airflow/example_dags/example_workday_timetable.py
[2026-03-01T14:47:23.888+0530] {processor.py:925} INFO - DAG(s) 'example_workday_timetable' retrieved from /home/jenny/.local/lib/python3.13/site-packages/airflow/example_dags/example_workday_timetable.py
[2026-03-01T14:47:23.994+0530] {logging_mixin.py:190} INFO - [2026-03-01T14:47:23.994+0530] {dag.py:3239} INFO - Sync 1 DAGs
[2026-03-01T14:47:24.023+0530] {logging_mixin.py:190} INFO - [2026-03-01T14:47:24.023+0530] {dag.py:4180} INFO - Setting next_dagrun for example_workday_timetable to 2021-01-04 00:00:00+00:00, run_after=2021-01-05 00:00:00+00:00
[2026-03-01T14:47:24.038+0530] {processor.py:208} INFO - Processing /home/jenny/.local/lib/python3.13/site-packages/airflow/example_dags/example_workday_timetable.py took 0.165 seconds
[2026-03-01T14:48:27.082+0530] {processor.py:186} INFO - Started process (PID=240750) to work on /home/jenny/.local/lib/python3.13/site-packages/airflow/example_dags/example_workday_timetable.py
[2026-03-01T14:48:27.084+0530] {processor.py:914} INFO - Processing file /home/jenny/.local/lib/python3.13/site-packages/airflow/example_dags/example_workday_timetable.py for tasks to queue
[2026-03-01T14:48:27.088+0530] {logging_mixin.py:190} INFO - [2026-03-01T14:48:27.087+0530] {dagbag.py:588} INFO - Filling up the DagBag from /home/jenny/.local/lib/python3.13/site-packages/airflow/example_dags/example_workday_timetable.py
[2026-03-01T14:48:27.093+0530] {processor.py:925} INFO - DAG(s) 'example_workday_timetable' retrieved from /home/jenny/.local/lib/python3.13/site-packages/airflow/example_dags/example_workday_timetable.py
[2026-03-01T14:48:27.101+0530] {logging_mixin.py:190} INFO - [2026-03-01T14:48:27.101+0530] {dag.py:3239} INFO - Sync 1 DAGs
[2026-03-01T14:48:27.132+0530] {logging_mixin.py:190} INFO - [2026-03-01T14:48:27.132+0530] {dag.py:4180} INFO - Setting next_dagrun for example_workday_timetable to 2021-01-04 00:00:00+00:00, run_after=2021-01-05 00:00:00+00:00
[2026-03-01T14:48:27.148+0530] {processor.py:208} INFO - Processing /home/jenny/.local/lib/python3.13/site-packages/airflow/example_dags/example_workday_timetable.py took 0.071 seconds
[2026-03-01T14:49:23.369+0530] {processor.py:186} INFO - Started process (PID=241083) to work on /home/jenny/.local/lib/python3.13/site-packages/airflow/example_dags/example_workday_timetable.py
[2026-03-01T14:49:23.369+0530] {processor.py:914} INFO - Processing file /home/jenny/.local/lib/python3.13/site-packages/airflow/example_dags/example_workday_timetable.py for tasks to queue
[2026-03-01T14:49:23.371+0530] {logging_mixin.py:190} INFO - [2026-03-01T14:49:23.371+0530] {dagbag.py:588} INFO - Filling up the DagBag from /home/jenny/.local/lib/python3.13/site-packages/airflow/example_dags/example_workday_timetable.py
[2026-03-01T14:49:23.375+0530] {processor.py:925} INFO - DAG(s) 'example_workday_timetable' retrieved from /home/jenny/.local/lib/python3.13/site-packages/airflow/example_dags/example_workday_timetable.py
[2026-03-01T14:49:23.384+0530] {logging_mixin.py:190} INFO - [2026-03-01T14:49:23.384+0530] {dag.py:3239} INFO - Sync 1 DAGs
[2026-03-01T14:49:23.417+0530] {logging_mixin.py:190} INFO - [2026-03-01T14:49:23.417+0530] {dag.py:4180} INFO - Setting next_dagrun for example_workday_timetable to 2021-01-04 00:00:00+00:00, run_after=2021-01-05 00:00:00+00:00
[2026-03-01T14:49:23.433+0530] {processor.py:208} INFO - Processing /home/jenny/.local/lib/python3.13/site-packages/airflow/example_dags/example_workday_timetable.py took 0.067 seconds
[2026-03-01T14:50:18.079+0530] {processor.py:186} INFO - Started process (PID=241342) to work on /home/jenny/.local/lib/python3.13/site-packages/airflow/example_dags/example_workday_timetable.py
[2026-03-01T14:50:18.081+0530] {processor.py:914} INFO - Processing file /home/jenny/.local/lib/python3.13/site-packages/airflow/example_dags/example_workday_timetable.py for tasks to queue
[2026-03-01T14:50:18.083+0530] {logging_mixin.py:190} INFO - [2026-03-01T14:50:18.083+0530] {dagbag.py:588} INFO - Filling up the DagBag from /home/jenny/.local/lib/python3.13/site-packages/airflow/example_dags/example_workday_timetable.py
[2026-03-01T14:50:18.088+0530] {processor.py:925} INFO - DAG(s) 'example_workday_timetable' retrieved from /home/jenny/.local/lib/python3.13/site-packages/airflow/example_dags/example_workday_timetable.py
[2026-03-01T14:50:18.098+0530] {logging_mixin.py:190} INFO - [2026-03-01T14:50:18.097+0530] {dag.py:3239} INFO - Sync 1 DAGs
[2026-03-01T14:50:18.134+0530] {logging_mixin.py:190} INFO - [2026-03-01T14:50:18.133+0530] {dag.py:4180} INFO - Setting next_dagrun for example_workday_timetable to 2021-01-04 00:00:00+00:00, run_after=2021-01-05 00:00:00+00:00
[2026-03-01T14:50:18.151+0530] {processor.py:208} INFO - Processing /home/jenny/.local/lib/python3.13/site-packages/airflow/example_dags/example_workday_timetable.py took 0.078 seconds
[2026-03-01T14:51:14.798+0530] {processor.py:186} INFO - Started process (PID=241795) to work on /home/jenny/.local/lib/python3.13/site-packages/airflow/example_dags/example_workday_timetable.py
[2026-03-01T14:51:14.799+0530] {processor.py:914} INFO - Processing file /home/jenny/.local/lib/python3.13/site-packages/airflow/example_dags/example_workday_timetable.py for tasks to queue
[2026-03-01T14:51:14.802+0530] {logging_mixin.py:190} INFO - [2026-03-01T14:51:14.801+0530] {dagbag.py:588} INFO - Filling up the DagBag from /home/jenny/.local/lib/python3.13/site-packages/airflow/example_dags/example_workday_timetable.py
[2026-03-01T14:51:14.807+0530] {processor.py:925} INFO - DAG(s) 'example_workday_timetable' retrieved from /home/jenny/.local/lib/python3.13/site-packages/airflow/example_dags/example_workday_timetable.py
[2026-03-01T14:51:14.821+0530] {logging_mixin.py:190} INFO - [2026-03-01T14:51:14.820+0530] {dag.py:3239} INFO - Sync 1 DAGs
[2026-03-01T14:51:14.855+0530] {logging_mixin.py:190} INFO - [2026-03-01T14:51:14.854+0530] {dag.py:4180} INFO - Setting next_dagrun for example_workday_timetable to 2021-01-04 00:00:00+00:00, run_after=2021-01-05 00:00:00+00:00
[2026-03-01T14:51:14.870+0530] {processor.py:208} INFO - Processing /home/jenny/.local/lib/python3.13/site-packages/airflow/example_dags/example_workday_timetable.py took 0.076 seconds
[2026-03-01T14:52:06.534+0530] {processor.py:186} INFO - Started process (PID=241938) to work on /home/jenny/.local/lib/python3.13/site-packages/airflow/example_dags/example_workday_timetable.py
[2026-03-01T14:52:06.535+0530] {processor.py:914} INFO - Processing file /home/jenny/.local/lib/python3.13/site-packages/airflow/example_dags/example_workday_timetable.py for tasks to queue
[2026-03-01T14:52:06.538+0530] {logging_mixin.py:190} INFO - [2026-03-01T14:52:06.537+0530] {dagbag.py:588} INFO - Filling up the DagBag from /home/jenny/.local/lib/python3.13/site-packages/airflow/example_dags/example_workday_timetable.py
[2026-03-01T14:52:06.542+0530] {processor.py:925} INFO - DAG(s) 'example_workday_timetable' retrieved from /home/jenny/.local/lib/python3.13/site-packages/airflow/example_dags/example_workday_timetable.py
[2026-03-01T14:52:06.552+0530] {logging_mixin.py:190} INFO - [2026-03-01T14:52:06.551+0530] {dag.py:3239} INFO - Sync 1 DAGs
[2026-03-01T14:52:06.589+0530] {logging_mixin.py:190} INFO - [2026-03-01T14:52:06.589+0530] {dag.py:4180} INFO - Setting next_dagrun for example_workday_timetable to 2021-01-04 00:00:00+00:00, run_after=2021-01-05 00:00:00+00:00
[2026-03-01T14:52:06.610+0530] {processor.py:208} INFO - Processing /home/jenny/.local/lib/python3.13/site-packages/airflow/example_dags/example_workday_timetable.py took 0.079 seconds
[2026-03-01T14:52:58.704+0530] {processor.py:186} INFO - Started process (PID=242098) to work on /home/jenny/.local/lib/python3.13/site-packages/airflow/example_dags/example_workday_timetable.py
[2026-03-01T14:52:58.706+0530] {processor.py:914} INFO - Processing file /home/jenny/.local/lib/python3.13/site-packages/airflow/example_dags/example_workday_timetable.py for tasks to queue
[2026-03-01T14:52:58.708+0530] {logging_mixin.py:190} INFO - [2026-03-01T14:52:58.708+0530] {dagbag.py:588} INFO - Filling up the DagBag from /home/jenny/.local/lib/python3.13/site-packages/airflow/example_dags/example_workday_timetable.py
[2026-03-01T14:52:58.713+0530] {processor.py:925} INFO - DAG(s) 'example_workday_timetable' retrieved from /home/jenny/.local/lib/python3.13/site-packages/airflow/example_dags/example_workday_timetable.py
[2026-03-01T14:52:58.722+0530] {logging_mixin.py:190} INFO - [2026-03-01T14:52:58.722+0530] {dag.py:3239} INFO - Sync 1 DAGs
[2026-03-01T14:52:58.754+0530] {logging_mixin.py:190} INFO - [2026-03-01T14:52:58.754+0530] {dag.py:4180} INFO - Setting next_dagrun for example_workday_timetable to 2021-01-04 00:00:00+00:00, run_after=2021-01-05 00:00:00+00:00
[2026-03-01T14:52:58.770+0530] {processor.py:208} INFO - Processing /home/jenny/.local/lib/python3.13/site-packages/airflow/example_dags/example_workday_timetable.py took 0.072 seconds
[2026-03-01T14:53:51.607+0530] {processor.py:186} INFO - Started process (PID=242243) to work on /home/jenny/.local/lib/python3.13/site-packages/airflow/example_dags/example_workday_timetable.py
[2026-03-01T14:53:51.609+0530] {processor.py:914} INFO - Processing file /home/jenny/.local/lib/python3.13/site-packages/airflow/example_dags/example_workday_timetable.py for tasks to queue
[2026-03-01T14:53:51.612+0530] {logging_mixin.py:190} INFO - [2026-03-01T14:53:51.611+0530] {dagbag.py:588} INFO - Filling up the DagBag from /home/jenny/.local/lib/python3.13/site-packages/airflow/example_dags/example_workday_timetable.py
[2026-03-01T14:53:51.617+0530] {processor.py:925} INFO - DAG(s) 'example_workday_timetable' retrieved from /home/jenny/.local/lib/python3.13/site-packages/airflow/example_dags/example_workday_timetable.py
[2026-03-01T14:53:51.626+0530] {logging_mixin.py:190} INFO - [2026-03-01T14:53:51.626+0530] {dag.py:3239} INFO - Sync 1 DAGs
[2026-03-01T14:53:51.657+0530] {logging_mixin.py:190} INFO - [2026-03-01T14:53:51.657+0530] {dag.py:4180} INFO - Setting next_dagrun for example_workday_timetable to 2021-01-04 00:00:00+00:00, run_after=2021-01-05 00:00:00+00:00
[2026-03-01T14:53:51.673+0530] {processor.py:208} INFO - Processing /home/jenny/.local/lib/python3.13/site-packages/airflow/example_dags/example_workday_timetable.py took 0.072 seconds
[2026-03-01T14:54:44.896+0530] {processor.py:186} INFO - Started process (PID=242404) to work on /home/jenny/.local/lib/python3.13/site-packages/airflow/example_dags/example_workday_timetable.py
[2026-03-01T14:54:44.897+0530] {processor.py:914} INFO - Processing file /home/jenny/.local/lib/python3.13/site-packages/airflow/example_dags/example_workday_timetable.py for tasks to queue
[2026-03-01T14:54:44.900+0530] {logging_mixin.py:190} INFO - [2026-03-01T14:54:44.899+0530] {dagbag.py:588} INFO - Filling up the DagBag from /home/jenny/.local/lib/python3.13/site-packages/airflow/example_dags/example_workday_timetable.py
[2026-03-01T14:54:44.904+0530] {processor.py:925} INFO - DAG(s) 'example_workday_timetable' retrieved from /home/jenny/.local/lib/python3.13/site-packages/airflow/example_dags/example_workday_timetable.py
[2026-03-01T14:54:44.913+0530] {logging_mixin.py:190} INFO - [2026-03-01T14:54:44.913+0530] {dag.py:3239} INFO - Sync 1 DAGs
[2026-03-01T14:54:44.945+0530] {logging_mixin.py:190} INFO - [2026-03-01T14:54:44.945+0530] {dag.py:4180} INFO - Setting next_dagrun for example_workday_timetable to 2021-01-04 00:00:00+00:00, run_after=2021-01-05 00:00:00+00:00
[2026-03-01T14:54:44.960+0530] {processor.py:208} INFO - Processing /home/jenny/.local/lib/python3.13/site-packages/airflow/example_dags/example_workday_timetable.py took 0.070 seconds
[2026-03-01T14:55:39.426+0530] {processor.py:186} INFO - Started process (PID=242591) to work on /home/jenny/.local/lib/python3.13/site-packages/airflow/example_dags/example_workday_timetable.py
[2026-03-01T14:55:39.426+0530] {processor.py:914} INFO - Processing file /home/jenny/.local/lib/python3.13/site-packages/airflow/example_dags/example_workday_timetable.py for tasks to queue
[2026-03-01T14:55:39.428+0530] {logging_mixin.py:190} INFO - [2026-03-01T14:55:39.428+0530] {dagbag.py:588} INFO - Filling up the DagBag from /home/jenny/.local/lib/python3.13/site-packages/airflow/example_dags/example_workday_timetable.py
[2026-03-01T14:55:39.432+0530] {processor.py:925} INFO - DAG(s) 'example_workday_timetable' retrieved from /home/jenny/.local/lib/python3.13/site-packages/airflow/example_dags/example_workday_timetable.py
[2026-03-01T14:55:39.440+0530] {logging_mixin.py:190} INFO - [2026-03-01T14:55:39.440+0530] {dag.py:3239} INFO - Sync 1 DAGs
[2026-03-01T14:55:39.474+0530] {logging_mixin.py:190} INFO - [2026-03-01T14:55:39.474+0530] {dag.py:4180} INFO - Setting next_dagrun for example_workday_timetable to 2021-01-04 00:00:00+00:00, run_after=2021-01-05 00:00:00+00:00
[2026-03-01T14:55:39.494+0530] {processor.py:208} INFO - Processing /home/jenny/.local/lib/python3.13/site-packages/airflow/example_dags/example_workday_timetable.py took 0.071 seconds
[2026-03-01T14:56:33.186+0530] {processor.py:186} INFO - Started process (PID=246682) to work on /home/jenny/.local/lib/python3.13/site-packages/airflow/example_dags/example_workday_timetable.py
[2026-03-01T14:56:33.187+0530] {processor.py:914} INFO - Processing file /home/jenny/.local/lib/python3.13/site-packages/airflow/example_dags/example_workday_timetable.py for tasks to queue
[2026-03-01T14:56:33.189+0530] {logging_mixin.py:190} INFO - [2026-03-01T14:56:33.189+0530] {dagbag.py:588} INFO - Filling up the DagBag from /home/jenny/.local/lib/python3.13/site-packages/airflow/example_dags/example_workday_timetable.py
[2026-03-01T14:56:33.195+0530] {processor.py:925} INFO - DAG(s) 'example_workday_timetable' retrieved from /home/jenny/.local/lib/python3.13/site-packages/airflow/example_dags/example_workday_timetable.py
[2026-03-01T14:56:33.206+0530] {logging_mixin.py:190} INFO - [2026-03-01T14:56:33.206+0530] {dag.py:3239} INFO - Sync 1 DAGs
[2026-03-01T14:56:33.239+0530] {logging_mixin.py:190} INFO - [2026-03-01T14:56:33.239+0530] {dag.py:4180} INFO - Setting next_dagrun for example_workday_timetable to 2021-01-04 00:00:00+00:00, run_after=2021-01-05 00:00:00+00:00
[2026-03-01T14:56:33.269+0530] {processor.py:208} INFO - Processing /home/jenny/.local/lib/python3.13/site-packages/airflow/example_dags/example_workday_timetable.py took 0.088 seconds
[2026-03-01T14:57:28.670+0530] {processor.py:186} INFO - Started process (PID=246846) to work on /home/jenny/.local/lib/python3.13/site-packages/airflow/example_dags/example_workday_timetable.py
[2026-03-01T14:57:28.672+0530] {processor.py:914} INFO - Processing file /home/jenny/.local/lib/python3.13/site-packages/airflow/example_dags/example_workday_timetable.py for tasks to queue
[2026-03-01T14:57:28.675+0530] {logging_mixin.py:190} INFO - [2026-03-01T14:57:28.674+0530] {dagbag.py:588} INFO - Filling up the DagBag from /home/jenny/.local/lib/python3.13/site-packages/airflow/example_dags/example_workday_timetable.py
[2026-03-01T14:57:28.680+0530] {processor.py:925} INFO - DAG(s) 'example_workday_timetable' retrieved from /home/jenny/.local/lib/python3.13/site-packages/airflow/example_dags/example_workday_timetable.py
[2026-03-01T14:57:28.689+0530] {logging_mixin.py:190} INFO - [2026-03-01T14:57:28.688+0530] {dag.py:3239} INFO - Sync 1 DAGs
[2026-03-01T14:57:28.724+0530] {logging_mixin.py:190} INFO - [2026-03-01T14:57:28.723+0530] {dag.py:4180} INFO - Setting next_dagrun for example_workday_timetable to 2021-01-04 00:00:00+00:00, run_after=2021-01-05 00:00:00+00:00
[2026-03-01T14:57:28.740+0530] {processor.py:208} INFO - Processing /home/jenny/.local/lib/python3.13/site-packages/airflow/example_dags/example_workday_timetable.py took 0.076 seconds
[2026-03-01T14:58:21.636+0530] {processor.py:186} INFO - Started process (PID=247045) to work on /home/jenny/.local/lib/python3.13/site-packages/airflow/example_dags/example_workday_timetable.py
[2026-03-01T14:58:21.638+0530] {processor.py:914} INFO - Processing file /home/jenny/.local/lib/python3.13/site-packages/airflow/example_dags/example_workday_timetable.py for tasks to queue
[2026-03-01T14:58:21.641+0530] {logging_mixin.py:190} INFO - [2026-03-01T14:58:21.640+0530] {dagbag.py:588} INFO - Filling up the DagBag from /home/jenny/.local/lib/python3.13/site-packages/airflow/example_dags/example_workday_timetable.py
[2026-03-01T14:58:21.646+0530] {processor.py:925} INFO - DAG(s) 'example_workday_timetable' retrieved from /home/jenny/.local/lib/python3.13/site-packages/airflow/example_dags/example_workday_timetable.py
[2026-03-01T14:58:21.655+0530] {logging_mixin.py:190} INFO - [2026-03-01T14:58:21.655+0530] {dag.py:3239} INFO - Sync 1 DAGs
[2026-03-01T14:58:21.687+0530] {logging_mixin.py:190} INFO - [2026-03-01T14:58:21.687+0530] {dag.py:4180} INFO - Setting next_dagrun for example_workday_timetable to 2021-01-04 00:00:00+00:00, run_after=2021-01-05 00:00:00+00:00
[2026-03-01T14:58:21.756+0530] {processor.py:208} INFO - Processing /home/jenny/.local/lib/python3.13/site-packages/airflow/example_dags/example_workday_timetable.py took 0.126 seconds
[2026-03-01T14:59:16.427+0530] {processor.py:186} INFO - Started process (PID=247368) to work on /home/jenny/.local/lib/python3.13/site-packages/airflow/example_dags/example_workday_timetable.py
[2026-03-01T14:59:16.428+0530] {processor.py:914} INFO - Processing file /home/jenny/.local/lib/python3.13/site-packages/airflow/example_dags/example_workday_timetable.py for tasks to queue
[2026-03-01T14:59:16.430+0530] {logging_mixin.py:190} INFO - [2026-03-01T14:59:16.430+0530] {dagbag.py:588} INFO - Filling up the DagBag from /home/jenny/.local/lib/python3.13/site-packages/airflow/example_dags/example_workday_timetable.py
[2026-03-01T14:59:16.435+0530] {processor.py:925} INFO - DAG(s) 'example_workday_timetable' retrieved from /home/jenny/.local/lib/python3.13/site-packages/airflow/example_dags/example_workday_timetable.py
[2026-03-01T14:59:16.445+0530] {logging_mixin.py:190} INFO - [2026-03-01T14:59:16.445+0530] {dag.py:3239} INFO - Sync 1 DAGs
[2026-03-01T14:59:16.478+0530] {logging_mixin.py:190} INFO - [2026-03-01T14:59:16.477+0530] {dag.py:4180} INFO - Setting next_dagrun for example_workday_timetable to 2021-01-04 00:00:00+00:00, run_after=2021-01-05 00:00:00+00:00
[2026-03-01T14:59:16.495+0530] {processor.py:208} INFO - Processing /home/jenny/.local/lib/python3.13/site-packages/airflow/example_dags/example_workday_timetable.py took 0.073 seconds
[2026-03-01T15:00:10.561+0530] {processor.py:186} INFO - Started process (PID=247927) to work on /home/jenny/.local/lib/python3.13/site-packages/airflow/example_dags/example_workday_timetable.py
[2026-03-01T15:00:10.563+0530] {processor.py:914} INFO - Processing file /home/jenny/.local/lib/python3.13/site-packages/airflow/example_dags/example_workday_timetable.py for tasks to queue
[2026-03-01T15:00:10.566+0530] {logging_mixin.py:190} INFO - [2026-03-01T15:00:10.565+0530] {dagbag.py:588} INFO - Filling up the DagBag from /home/jenny/.local/lib/python3.13/site-packages/airflow/example_dags/example_workday_timetable.py
[2026-03-01T15:00:10.571+0530] {processor.py:925} INFO - DAG(s) 'example_workday_timetable' retrieved from /home/jenny/.local/lib/python3.13/site-packages/airflow/example_dags/example_workday_timetable.py
[2026-03-01T15:00:10.580+0530] {logging_mixin.py:190} INFO - [2026-03-01T15:00:10.580+0530] {dag.py:3239} INFO - Sync 1 DAGs
[2026-03-01T15:00:10.611+0530] {logging_mixin.py:190} INFO - [2026-03-01T15:00:10.611+0530] {dag.py:4180} INFO - Setting next_dagrun for example_workday_timetable to 2021-01-04 00:00:00+00:00, run_after=2021-01-05 00:00:00+00:00
[2026-03-01T15:00:10.628+0530] {processor.py:208} INFO - Processing /home/jenny/.local/lib/python3.13/site-packages/airflow/example_dags/example_workday_timetable.py took 0.072 seconds
[2026-03-01T15:01:05.868+0530] {processor.py:186} INFO - Started process (PID=248122) to work on /home/jenny/.local/lib/python3.13/site-packages/airflow/example_dags/example_workday_timetable.py
[2026-03-01T15:01:05.869+0530] {processor.py:914} INFO - Processing file /home/jenny/.local/lib/python3.13/site-packages/airflow/example_dags/example_workday_timetable.py for tasks to queue
[2026-03-01T15:01:05.872+0530] {logging_mixin.py:190} INFO - [2026-03-01T15:01:05.871+0530] {dagbag.py:588} INFO - Filling up the DagBag from /home/jenny/.local/lib/python3.13/site-packages/airflow/example_dags/example_workday_timetable.py
[2026-03-01T15:01:05.877+0530] {processor.py:925} INFO - DAG(s) 'example_workday_timetable' retrieved from /home/jenny/.local/lib/python3.13/site-packages/airflow/example_dags/example_workday_timetable.py
[2026-03-01T15:01:05.886+0530] {logging_mixin.py:190} INFO - [2026-03-01T15:01:05.886+0530] {dag.py:3239} INFO - Sync 1 DAGs
[2026-03-01T15:01:05.918+0530] {logging_mixin.py:190} INFO - [2026-03-01T15:01:05.918+0530] {dag.py:4180} INFO - Setting next_dagrun for example_workday_timetable to 2021-01-04 00:00:00+00:00, run_after=2021-01-05 00:00:00+00:00
[2026-03-01T15:01:05.934+0530] {processor.py:208} INFO - Processing /home/jenny/.local/lib/python3.13/site-packages/airflow/example_dags/example_workday_timetable.py took 0.071 seconds
[2026-03-01T15:02:01.333+0530] {processor.py:186} INFO - Started process (PID=248294) to work on /home/jenny/.local/lib/python3.13/site-packages/airflow/example_dags/example_workday_timetable.py
[2026-03-01T15:02:01.334+0530] {processor.py:914} INFO - Processing file /home/jenny/.local/lib/python3.13/site-packages/airflow/example_dags/example_workday_timetable.py for tasks to queue
[2026-03-01T15:02:01.335+0530] {logging_mixin.py:190} INFO - [2026-03-01T15:02:01.335+0530] {dagbag.py:588} INFO - Filling up the DagBag from /home/jenny/.local/lib/python3.13/site-packages/airflow/example_dags/example_workday_timetable.py
[2026-03-01T15:02:01.340+0530] {processor.py:925} INFO - DAG(s) 'example_workday_timetable' retrieved from /home/jenny/.local/lib/python3.13/site-packages/airflow/example_dags/example_workday_timetable.py
[2026-03-01T15:02:01.356+0530] {logging_mixin.py:190} INFO - [2026-03-01T15:02:01.355+0530] {dag.py:3239} INFO - Sync 1 DAGs
[2026-03-01T15:02:01.396+0530] {logging_mixin.py:190} INFO - [2026-03-01T15:02:01.396+0530] {dag.py:4180} INFO - Setting next_dagrun for example_workday_timetable to 2021-01-04 00:00:00+00:00, run_after=2021-01-05 00:00:00+00:00
[2026-03-01T15:02:01.412+0530] {processor.py:208} INFO - Processing /home/jenny/.local/lib/python3.13/site-packages/airflow/example_dags/example_workday_timetable.py took 0.083 seconds
[2026-03-01T15:02:55.405+0530] {processor.py:186} INFO - Started process (PID=248508) to work on /home/jenny/.local/lib/python3.13/site-packages/airflow/example_dags/example_workday_timetable.py
[2026-03-01T15:02:55.406+0530] {processor.py:914} INFO - Processing file /home/jenny/.local/lib/python3.13/site-packages/airflow/example_dags/example_workday_timetable.py for tasks to queue
[2026-03-01T15:02:55.408+0530] {logging_mixin.py:190} INFO - [2026-03-01T15:02:55.407+0530] {dagbag.py:588} INFO - Filling up the DagBag from /home/jenny/.local/lib/python3.13/site-packages/airflow/example_dags/example_workday_timetable.py
[2026-03-01T15:02:55.413+0530] {processor.py:925} INFO - DAG(s) 'example_workday_timetable' retrieved from /home/jenny/.local/lib/python3.13/site-packages/airflow/example_dags/example_workday_timetable.py
[2026-03-01T15:02:55.424+0530] {logging_mixin.py:190} INFO - [2026-03-01T15:02:55.424+0530] {dag.py:3239} INFO - Sync 1 DAGs
[2026-03-01T15:02:55.472+0530] {logging_mixin.py:190} INFO - [2026-03-01T15:02:55.472+0530] {dag.py:4180} INFO - Setting next_dagrun for example_workday_timetable to 2021-01-04 00:00:00+00:00, run_after=2021-01-05 00:00:00+00:00
[2026-03-01T15:02:55.510+0530] {processor.py:208} INFO - Processing /home/jenny/.local/lib/python3.13/site-packages/airflow/example_dags/example_workday_timetable.py took 0.110 seconds
[2026-03-01T15:03:50.783+0530] {processor.py:186} INFO - Started process (PID=248825) to work on /home/jenny/.local/lib/python3.13/site-packages/airflow/example_dags/example_workday_timetable.py
[2026-03-01T15:03:50.784+0530] {processor.py:914} INFO - Processing file /home/jenny/.local/lib/python3.13/site-packages/airflow/example_dags/example_workday_timetable.py for tasks to queue
[2026-03-01T15:03:50.787+0530] {logging_mixin.py:190} INFO - [2026-03-01T15:03:50.786+0530] {dagbag.py:588} INFO - Filling up the DagBag from /home/jenny/.local/lib/python3.13/site-packages/airflow/example_dags/example_workday_timetable.py
[2026-03-01T15:03:50.793+0530] {processor.py:925} INFO - DAG(s) 'example_workday_timetable' retrieved from /home/jenny/.local/lib/python3.13/site-packages/airflow/example_dags/example_workday_timetable.py
[2026-03-01T15:03:50.802+0530] {logging_mixin.py:190} INFO - [2026-03-01T15:03:50.802+0530] {dag.py:3239} INFO - Sync 1 DAGs
[2026-03-01T15:03:50.834+0530] {logging_mixin.py:190} INFO - [2026-03-01T15:03:50.834+0530] {dag.py:4180} INFO - Setting next_dagrun for example_workday_timetable to 2021-01-04 00:00:00+00:00, run_after=2021-01-05 00:00:00+00:00
[2026-03-01T15:03:50.850+0530] {processor.py:208} INFO - Processing /home/jenny/.local/lib/python3.13/site-packages/airflow/example_dags/example_workday_timetable.py took 0.073 seconds
[2026-03-01T15:04:44.635+0530] {processor.py:186} INFO - Started process (PID=249192) to work on /home/jenny/.local/lib/python3.13/site-packages/airflow/example_dags/example_workday_timetable.py
[2026-03-01T15:04:44.635+0530] {processor.py:914} INFO - Processing file /home/jenny/.local/lib/python3.13/site-packages/airflow/example_dags/example_workday_timetable.py for tasks to queue
[2026-03-01T15:04:44.638+0530] {logging_mixin.py:190} INFO - [2026-03-01T15:04:44.638+0530] {dagbag.py:588} INFO - Filling up the DagBag from /home/jenny/.local/lib/python3.13/site-packages/airflow/example_dags/example_workday_timetable.py
[2026-03-01T15:04:44.642+0530] {processor.py:925} INFO - DAG(s) 'example_workday_timetable' retrieved from /home/jenny/.local/lib/python3.13/site-packages/airflow/example_dags/example_workday_timetable.py
[2026-03-01T15:04:44.652+0530] {logging_mixin.py:190} INFO - [2026-03-01T15:04:44.652+0530] {dag.py:3239} INFO - Sync 1 DAGs
[2026-03-01T15:04:44.687+0530] {logging_mixin.py:190} INFO - [2026-03-01T15:04:44.687+0530] {dag.py:4180} INFO - Setting next_dagrun for example_workday_timetable to 2021-01-04 00:00:00+00:00, run_after=2021-01-05 00:00:00+00:00
[2026-03-01T15:04:44.704+0530] {processor.py:208} INFO - Processing /home/jenny/.local/lib/python3.13/site-packages/airflow/example_dags/example_workday_timetable.py took 0.074 seconds
[2026-03-01T15:05:37.577+0530] {processor.py:186} INFO - Started process (PID=249562) to work on /home/jenny/.local/lib/python3.13/site-packages/airflow/example_dags/example_workday_timetable.py
[2026-03-01T15:05:37.578+0530] {processor.py:914} INFO - Processing file /home/jenny/.local/lib/python3.13/site-packages/airflow/example_dags/example_workday_timetable.py for tasks to queue
[2026-03-01T15:05:37.581+0530] {logging_mixin.py:190} INFO - [2026-03-01T15:05:37.580+0530] {dagbag.py:588} INFO - Filling up the DagBag from /home/jenny/.local/lib/python3.13/site-packages/airflow/example_dags/example_workday_timetable.py
[2026-03-01T15:05:37.585+0530] {processor.py:925} INFO - DAG(s) 'example_workday_timetable' retrieved from /home/jenny/.local/lib/python3.13/site-packages/airflow/example_dags/example_workday_timetable.py
[2026-03-01T15:05:37.594+0530] {logging_mixin.py:190} INFO - [2026-03-01T15:05:37.594+0530] {dag.py:3239} INFO - Sync 1 DAGs
[2026-03-01T15:05:37.626+0530] {logging_mixin.py:190} INFO - [2026-03-01T15:05:37.625+0530] {dag.py:4180} INFO - Setting next_dagrun for example_workday_timetable to 2021-01-04 00:00:00+00:00, run_after=2021-01-05 00:00:00+00:00
[2026-03-01T15:05:37.643+0530] {processor.py:208} INFO - Processing /home/jenny/.local/lib/python3.13/site-packages/airflow/example_dags/example_workday_timetable.py took 0.070 seconds
[2026-03-01T15:06:31.678+0530] {processor.py:186} INFO - Started process (PID=249758) to work on /home/jenny/.local/lib/python3.13/site-packages/airflow/example_dags/example_workday_timetable.py
[2026-03-01T15:06:31.679+0530] {processor.py:914} INFO - Processing file /home/jenny/.local/lib/python3.13/site-packages/airflow/example_dags/example_workday_timetable.py for tasks to queue
[2026-03-01T15:06:31.682+0530] {logging_mixin.py:190} INFO - [2026-03-01T15:06:31.681+0530] {dagbag.py:588} INFO - Filling up the DagBag from /home/jenny/.local/lib/python3.13/site-packages/airflow/example_dags/example_workday_timetable.py
[2026-03-01T15:06:31.687+0530] {processor.py:925} INFO - DAG(s) 'example_workday_timetable' retrieved from /home/jenny/.local/lib/python3.13/site-packages/airflow/example_dags/example_workday_timetable.py
[2026-03-01T15:06:31.696+0530] {logging_mixin.py:190} INFO - [2026-03-01T15:06:31.696+0530] {dag.py:3239} INFO - Sync 1 DAGs
[2026-03-01T15:06:31.728+0530] {logging_mixin.py:190} INFO - [2026-03-01T15:06:31.728+0530] {dag.py:4180} INFO - Setting next_dagrun for example_workday_timetable to 2021-01-04 00:00:00+00:00, run_after=2021-01-05 00:00:00+00:00
[2026-03-01T15:06:31.748+0530] {processor.py:208} INFO - Processing /home/jenny/.local/lib/python3.13/site-packages/airflow/example_dags/example_workday_timetable.py took 0.078 seconds
[2026-03-01T15:07:24.351+0530] {processor.py:186} INFO - Started process (PID=250118) to work on /home/jenny/.local/lib/python3.13/site-packages/airflow/example_dags/example_workday_timetable.py
[2026-03-01T15:07:24.352+0530] {processor.py:914} INFO - Processing file /home/jenny/.local/lib/python3.13/site-packages/airflow/example_dags/example_workday_timetable.py for tasks to queue
[2026-03-01T15:07:24.355+0530] {logging_mixin.py:190} INFO - [2026-03-01T15:07:24.354+0530] {dagbag.py:588} INFO - Filling up the DagBag from /home/jenny/.local/lib/python3.13/site-packages/airflow/example_dags/example_workday_timetable.py
[2026-03-01T15:07:24.360+0530] {processor.py:925} INFO - DAG(s) 'example_workday_timetable' retrieved from /home/jenny/.local/lib/python3.13/site-packages/airflow/example_dags/example_workday_timetable.py
[2026-03-01T15:07:24.369+0530] {logging_mixin.py:190} INFO - [2026-03-01T15:07:24.369+0530] {dag.py:3239} INFO - Sync 1 DAGs
[2026-03-01T15:07:24.403+0530] {logging_mixin.py:190} INFO - [2026-03-01T15:07:24.402+0530] {dag.py:4180} INFO - Setting next_dagrun for example_workday_timetable to 2021-01-04 00:00:00+00:00, run_after=2021-01-05 00:00:00+00:00
[2026-03-01T15:07:24.419+0530] {processor.py:208} INFO - Processing /home/jenny/.local/lib/python3.13/site-packages/airflow/example_dags/example_workday_timetable.py took 0.073 seconds
[2026-03-01T15:08:17.000+0530] {processor.py:186} INFO - Started process (PID=250426) to work on /home/jenny/.local/lib/python3.13/site-packages/airflow/example_dags/example_workday_timetable.py
[2026-03-01T15:08:17.001+0530] {processor.py:914} INFO - Processing file /home/jenny/.local/lib/python3.13/site-packages/airflow/example_dags/example_workday_timetable.py for tasks to queue
[2026-03-01T15:08:17.003+0530] {logging_mixin.py:190} INFO - [2026-03-01T15:08:17.003+0530] {dagbag.py:588} INFO - Filling up the DagBag from /home/jenny/.local/lib/python3.13/site-packages/airflow/example_dags/example_workday_timetable.py
[2026-03-01T15:08:17.009+0530] {processor.py:925} INFO - DAG(s) 'example_workday_timetable' retrieved from /home/jenny/.local/lib/python3.13/site-packages/airflow/example_dags/example_workday_timetable.py
[2026-03-01T15:08:17.019+0530] {logging_mixin.py:190} INFO - [2026-03-01T15:08:17.018+0530] {dag.py:3239} INFO - Sync 1 DAGs
[2026-03-01T15:08:17.058+0530] {logging_mixin.py:190} INFO - [2026-03-01T15:08:17.058+0530] {dag.py:4180} INFO - Setting next_dagrun for example_workday_timetable to 2021-01-04 00:00:00+00:00, run_after=2021-01-05 00:00:00+00:00
[2026-03-01T15:08:17.078+0530] {processor.py:208} INFO - Processing /home/jenny/.local/lib/python3.13/site-packages/airflow/example_dags/example_workday_timetable.py took 0.082 seconds
[2026-03-01T15:09:09.662+0530] {processor.py:186} INFO - Started process (PID=250713) to work on /home/jenny/.local/lib/python3.13/site-packages/airflow/example_dags/example_workday_timetable.py
[2026-03-01T15:09:09.664+0530] {processor.py:914} INFO - Processing file /home/jenny/.local/lib/python3.13/site-packages/airflow/example_dags/example_workday_timetable.py for tasks to queue
[2026-03-01T15:09:09.666+0530] {logging_mixin.py:190} INFO - [2026-03-01T15:09:09.666+0530] {dagbag.py:588} INFO - Filling up the DagBag from /home/jenny/.local/lib/python3.13/site-packages/airflow/example_dags/example_workday_timetable.py
[2026-03-01T15:09:09.671+0530] {processor.py:925} INFO - DAG(s) 'example_workday_timetable' retrieved from /home/jenny/.local/lib/python3.13/site-packages/airflow/example_dags/example_workday_timetable.py
[2026-03-01T15:09:09.684+0530] {logging_mixin.py:190} INFO - [2026-03-01T15:09:09.684+0530] {dag.py:3239} INFO - Sync 1 DAGs
[2026-03-01T15:09:09.740+0530] {logging_mixin.py:190} INFO - [2026-03-01T15:09:09.739+0530] {dag.py:4180} INFO - Setting next_dagrun for example_workday_timetable to 2021-01-04 00:00:00+00:00, run_after=2021-01-05 00:00:00+00:00
[2026-03-01T15:09:09.774+0530] {processor.py:208} INFO - Processing /home/jenny/.local/lib/python3.13/site-packages/airflow/example_dags/example_workday_timetable.py took 0.116 seconds
[2026-03-01T15:10:01.516+0530] {processor.py:186} INFO - Started process (PID=251019) to work on /home/jenny/.local/lib/python3.13/site-packages/airflow/example_dags/example_workday_timetable.py
[2026-03-01T15:10:01.517+0530] {processor.py:914} INFO - Processing file /home/jenny/.local/lib/python3.13/site-packages/airflow/example_dags/example_workday_timetable.py for tasks to queue
[2026-03-01T15:10:01.519+0530] {logging_mixin.py:190} INFO - [2026-03-01T15:10:01.519+0530] {dagbag.py:588} INFO - Filling up the DagBag from /home/jenny/.local/lib/python3.13/site-packages/airflow/example_dags/example_workday_timetable.py
[2026-03-01T15:10:01.524+0530] {processor.py:925} INFO - DAG(s) 'example_workday_timetable' retrieved from /home/jenny/.local/lib/python3.13/site-packages/airflow/example_dags/example_workday_timetable.py
[2026-03-01T15:10:01.539+0530] {logging_mixin.py:190} INFO - [2026-03-01T15:10:01.539+0530] {dag.py:3239} INFO - Sync 1 DAGs
[2026-03-01T15:10:01.587+0530] {logging_mixin.py:190} INFO - [2026-03-01T15:10:01.586+0530] {dag.py:4180} INFO - Setting next_dagrun for example_workday_timetable to 2021-01-04 00:00:00+00:00, run_after=2021-01-05 00:00:00+00:00
[2026-03-01T15:10:01.608+0530] {processor.py:208} INFO - Processing /home/jenny/.local/lib/python3.13/site-packages/airflow/example_dags/example_workday_timetable.py took 0.096 seconds
[2026-03-01T19:41:18.962+0530] {processor.py:186} INFO - Started process (PID=255495) to work on /home/jenny/.local/lib/python3.13/site-packages/airflow/example_dags/example_workday_timetable.py
[2026-03-01T19:41:18.963+0530] {processor.py:914} INFO - Processing file /home/jenny/.local/lib/python3.13/site-packages/airflow/example_dags/example_workday_timetable.py for tasks to queue
[2026-03-01T19:41:18.964+0530] {logging_mixin.py:190} INFO - [2026-03-01T19:41:18.964+0530] {dagbag.py:588} INFO - Filling up the DagBag from /home/jenny/.local/lib/python3.13/site-packages/airflow/example_dags/example_workday_timetable.py
[2026-03-01T19:41:18.970+0530] {processor.py:925} INFO - DAG(s) 'example_workday_timetable' retrieved from /home/jenny/.local/lib/python3.13/site-packages/airflow/example_dags/example_workday_timetable.py
[2026-03-01T19:41:18.979+0530] {logging_mixin.py:190} INFO - [2026-03-01T19:41:18.979+0530] {dag.py:3239} INFO - Sync 1 DAGs
[2026-03-01T19:41:19.012+0530] {logging_mixin.py:190} INFO - [2026-03-01T19:41:19.012+0530] {dag.py:4180} INFO - Setting next_dagrun for example_workday_timetable to 2021-01-04 00:00:00+00:00, run_after=2021-01-05 00:00:00+00:00
[2026-03-01T19:41:19.027+0530] {processor.py:208} INFO - Processing /home/jenny/.local/lib/python3.13/site-packages/airflow/example_dags/example_workday_timetable.py took 0.070 seconds
[2026-03-01T19:42:03.724+0530] {processor.py:186} INFO - Started process (PID=255696) to work on /home/jenny/.local/lib/python3.13/site-packages/airflow/example_dags/example_workday_timetable.py
[2026-03-01T19:42:03.724+0530] {processor.py:914} INFO - Processing file /home/jenny/.local/lib/python3.13/site-packages/airflow/example_dags/example_workday_timetable.py for tasks to queue
[2026-03-01T19:42:03.725+0530] {logging_mixin.py:190} INFO - [2026-03-01T19:42:03.725+0530] {dagbag.py:588} INFO - Filling up the DagBag from /home/jenny/.local/lib/python3.13/site-packages/airflow/example_dags/example_workday_timetable.py
[2026-03-01T19:42:03.729+0530] {processor.py:925} INFO - DAG(s) 'example_workday_timetable' retrieved from /home/jenny/.local/lib/python3.13/site-packages/airflow/example_dags/example_workday_timetable.py
[2026-03-01T19:42:03.738+0530] {logging_mixin.py:190} INFO - [2026-03-01T19:42:03.738+0530] {dag.py:3239} INFO - Sync 1 DAGs
[2026-03-01T19:42:03.772+0530] {logging_mixin.py:190} INFO - [2026-03-01T19:42:03.772+0530] {dag.py:4180} INFO - Setting next_dagrun for example_workday_timetable to 2021-01-04 00:00:00+00:00, run_after=2021-01-05 00:00:00+00:00
[2026-03-01T19:42:03.796+0530] {processor.py:208} INFO - Processing /home/jenny/.local/lib/python3.13/site-packages/airflow/example_dags/example_workday_timetable.py took 0.077 seconds
[2026-03-01T19:42:59.866+0530] {processor.py:186} INFO - Started process (PID=256086) to work on /home/jenny/.local/lib/python3.13/site-packages/airflow/example_dags/example_workday_timetable.py
[2026-03-01T19:42:59.867+0530] {processor.py:914} INFO - Processing file /home/jenny/.local/lib/python3.13/site-packages/airflow/example_dags/example_workday_timetable.py for tasks to queue
[2026-03-01T19:42:59.868+0530] {logging_mixin.py:190} INFO - [2026-03-01T19:42:59.868+0530] {dagbag.py:588} INFO - Filling up the DagBag from /home/jenny/.local/lib/python3.13/site-packages/airflow/example_dags/example_workday_timetable.py
[2026-03-01T19:42:59.872+0530] {processor.py:925} INFO - DAG(s) 'example_workday_timetable' retrieved from /home/jenny/.local/lib/python3.13/site-packages/airflow/example_dags/example_workday_timetable.py
[2026-03-01T19:42:59.882+0530] {logging_mixin.py:190} INFO - [2026-03-01T19:42:59.882+0530] {dag.py:3239} INFO - Sync 1 DAGs
[2026-03-01T19:42:59.924+0530] {logging_mixin.py:190} INFO - [2026-03-01T19:42:59.923+0530] {dag.py:4180} INFO - Setting next_dagrun for example_workday_timetable to 2021-01-04 00:00:00+00:00, run_after=2021-01-05 00:00:00+00:00
[2026-03-01T19:42:59.963+0530] {processor.py:208} INFO - Processing /home/jenny/.local/lib/python3.13/site-packages/airflow/example_dags/example_workday_timetable.py took 0.101 seconds
[2026-03-01T19:43:54.346+0530] {processor.py:186} INFO - Started process (PID=256260) to work on /home/jenny/.local/lib/python3.13/site-packages/airflow/example_dags/example_workday_timetable.py
[2026-03-01T19:43:54.347+0530] {processor.py:914} INFO - Processing file /home/jenny/.local/lib/python3.13/site-packages/airflow/example_dags/example_workday_timetable.py for tasks to queue
[2026-03-01T19:43:54.349+0530] {logging_mixin.py:190} INFO - [2026-03-01T19:43:54.348+0530] {dagbag.py:588} INFO - Filling up the DagBag from /home/jenny/.local/lib/python3.13/site-packages/airflow/example_dags/example_workday_timetable.py
[2026-03-01T19:43:54.354+0530] {processor.py:925} INFO - DAG(s) 'example_workday_timetable' retrieved from /home/jenny/.local/lib/python3.13/site-packages/airflow/example_dags/example_workday_timetable.py
[2026-03-01T19:43:54.363+0530] {logging_mixin.py:190} INFO - [2026-03-01T19:43:54.363+0530] {dag.py:3239} INFO - Sync 1 DAGs
[2026-03-01T19:43:54.396+0530] {logging_mixin.py:190} INFO - [2026-03-01T19:43:54.396+0530] {dag.py:4180} INFO - Setting next_dagrun for example_workday_timetable to 2021-01-04 00:00:00+00:00, run_after=2021-01-05 00:00:00+00:00
[2026-03-01T19:43:54.411+0530] {processor.py:208} INFO - Processing /home/jenny/.local/lib/python3.13/site-packages/airflow/example_dags/example_workday_timetable.py took 0.072 seconds
[2026-03-01T19:44:46.035+0530] {processor.py:186} INFO - Started process (PID=256558) to work on /home/jenny/.local/lib/python3.13/site-packages/airflow/example_dags/example_workday_timetable.py
[2026-03-01T19:44:46.037+0530] {processor.py:914} INFO - Processing file /home/jenny/.local/lib/python3.13/site-packages/airflow/example_dags/example_workday_timetable.py for tasks to queue
[2026-03-01T19:44:46.038+0530] {logging_mixin.py:190} INFO - [2026-03-01T19:44:46.038+0530] {dagbag.py:588} INFO - Filling up the DagBag from /home/jenny/.local/lib/python3.13/site-packages/airflow/example_dags/example_workday_timetable.py
[2026-03-01T19:44:46.044+0530] {processor.py:925} INFO - DAG(s) 'example_workday_timetable' retrieved from /home/jenny/.local/lib/python3.13/site-packages/airflow/example_dags/example_workday_timetable.py
[2026-03-01T19:44:46.053+0530] {logging_mixin.py:190} INFO - [2026-03-01T19:44:46.052+0530] {dag.py:3239} INFO - Sync 1 DAGs
[2026-03-01T19:44:46.084+0530] {logging_mixin.py:190} INFO - [2026-03-01T19:44:46.084+0530] {dag.py:4180} INFO - Setting next_dagrun for example_workday_timetable to 2021-01-04 00:00:00+00:00, run_after=2021-01-05 00:00:00+00:00
[2026-03-01T19:44:46.100+0530] {processor.py:208} INFO - Processing /home/jenny/.local/lib/python3.13/site-packages/airflow/example_dags/example_workday_timetable.py took 0.071 seconds
[2026-03-01T19:45:36.769+0530] {processor.py:186} INFO - Started process (PID=256969) to work on /home/jenny/.local/lib/python3.13/site-packages/airflow/example_dags/example_workday_timetable.py
[2026-03-01T19:45:36.770+0530] {processor.py:914} INFO - Processing file /home/jenny/.local/lib/python3.13/site-packages/airflow/example_dags/example_workday_timetable.py for tasks to queue
[2026-03-01T19:45:36.772+0530] {logging_mixin.py:190} INFO - [2026-03-01T19:45:36.771+0530] {dagbag.py:588} INFO - Filling up the DagBag from /home/jenny/.local/lib/python3.13/site-packages/airflow/example_dags/example_workday_timetable.py
[2026-03-01T19:45:36.778+0530] {processor.py:925} INFO - DAG(s) 'example_workday_timetable' retrieved from /home/jenny/.local/lib/python3.13/site-packages/airflow/example_dags/example_workday_timetable.py
[2026-03-01T19:45:36.787+0530] {logging_mixin.py:190} INFO - [2026-03-01T19:45:36.786+0530] {dag.py:3239} INFO - Sync 1 DAGs
[2026-03-01T19:45:36.823+0530] {logging_mixin.py:190} INFO - [2026-03-01T19:45:36.823+0530] {dag.py:4180} INFO - Setting next_dagrun for example_workday_timetable to 2021-01-04 00:00:00+00:00, run_after=2021-01-05 00:00:00+00:00
[2026-03-01T19:45:36.847+0530] {processor.py:208} INFO - Processing /home/jenny/.local/lib/python3.13/site-packages/airflow/example_dags/example_workday_timetable.py took 0.083 seconds
[2026-03-01T19:46:28.638+0530] {processor.py:186} INFO - Started process (PID=257561) to work on /home/jenny/.local/lib/python3.13/site-packages/airflow/example_dags/example_workday_timetable.py
[2026-03-01T19:46:28.639+0530] {processor.py:914} INFO - Processing file /home/jenny/.local/lib/python3.13/site-packages/airflow/example_dags/example_workday_timetable.py for tasks to queue
[2026-03-01T19:46:28.641+0530] {logging_mixin.py:190} INFO - [2026-03-01T19:46:28.640+0530] {dagbag.py:588} INFO - Filling up the DagBag from /home/jenny/.local/lib/python3.13/site-packages/airflow/example_dags/example_workday_timetable.py
[2026-03-01T19:46:28.647+0530] {processor.py:925} INFO - DAG(s) 'example_workday_timetable' retrieved from /home/jenny/.local/lib/python3.13/site-packages/airflow/example_dags/example_workday_timetable.py
[2026-03-01T19:46:28.657+0530] {logging_mixin.py:190} INFO - [2026-03-01T19:46:28.657+0530] {dag.py:3239} INFO - Sync 1 DAGs
[2026-03-01T19:46:28.695+0530] {logging_mixin.py:190} INFO - [2026-03-01T19:46:28.695+0530] {dag.py:4180} INFO - Setting next_dagrun for example_workday_timetable to 2021-01-04 00:00:00+00:00, run_after=2021-01-05 00:00:00+00:00
[2026-03-01T19:46:28.710+0530] {processor.py:208} INFO - Processing /home/jenny/.local/lib/python3.13/site-packages/airflow/example_dags/example_workday_timetable.py took 0.077 seconds
[2026-03-01T19:47:21.388+0530] {processor.py:186} INFO - Started process (PID=259201) to work on /home/jenny/.local/lib/python3.13/site-packages/airflow/example_dags/example_workday_timetable.py
[2026-03-01T19:47:21.389+0530] {processor.py:914} INFO - Processing file /home/jenny/.local/lib/python3.13/site-packages/airflow/example_dags/example_workday_timetable.py for tasks to queue
[2026-03-01T19:47:21.390+0530] {logging_mixin.py:190} INFO - [2026-03-01T19:47:21.389+0530] {dagbag.py:588} INFO - Filling up the DagBag from /home/jenny/.local/lib/python3.13/site-packages/airflow/example_dags/example_workday_timetable.py
[2026-03-01T19:47:21.394+0530] {processor.py:925} INFO - DAG(s) 'example_workday_timetable' retrieved from /home/jenny/.local/lib/python3.13/site-packages/airflow/example_dags/example_workday_timetable.py
[2026-03-01T19:47:21.403+0530] {logging_mixin.py:190} INFO - [2026-03-01T19:47:21.403+0530] {dag.py:3239} INFO - Sync 1 DAGs
[2026-03-01T19:47:21.438+0530] {logging_mixin.py:190} INFO - [2026-03-01T19:47:21.438+0530] {dag.py:4180} INFO - Setting next_dagrun for example_workday_timetable to 2021-01-04 00:00:00+00:00, run_after=2021-01-05 00:00:00+00:00
[2026-03-01T19:47:21.457+0530] {processor.py:208} INFO - Processing /home/jenny/.local/lib/python3.13/site-packages/airflow/example_dags/example_workday_timetable.py took 0.072 seconds
[2026-03-01T19:48:15.536+0530] {processor.py:186} INFO - Started process (PID=260259) to work on /home/jenny/.local/lib/python3.13/site-packages/airflow/example_dags/example_workday_timetable.py
[2026-03-01T19:48:15.537+0530] {processor.py:914} INFO - Processing file /home/jenny/.local/lib/python3.13/site-packages/airflow/example_dags/example_workday_timetable.py for tasks to queue
[2026-03-01T19:48:15.538+0530] {logging_mixin.py:190} INFO - [2026-03-01T19:48:15.538+0530] {dagbag.py:588} INFO - Filling up the DagBag from /home/jenny/.local/lib/python3.13/site-packages/airflow/example_dags/example_workday_timetable.py
[2026-03-01T19:48:15.544+0530] {processor.py:925} INFO - DAG(s) 'example_workday_timetable' retrieved from /home/jenny/.local/lib/python3.13/site-packages/airflow/example_dags/example_workday_timetable.py
[2026-03-01T19:48:15.553+0530] {logging_mixin.py:190} INFO - [2026-03-01T19:48:15.553+0530] {dag.py:3239} INFO - Sync 1 DAGs
[2026-03-01T19:48:15.585+0530] {logging_mixin.py:190} INFO - [2026-03-01T19:48:15.585+0530] {dag.py:4180} INFO - Setting next_dagrun for example_workday_timetable to 2021-01-04 00:00:00+00:00, run_after=2021-01-05 00:00:00+00:00
[2026-03-01T19:48:15.614+0530] {processor.py:208} INFO - Processing /home/jenny/.local/lib/python3.13/site-packages/airflow/example_dags/example_workday_timetable.py took 0.086 seconds
