[2026-03-01T14:15:22.475+0530] {processor.py:186} INFO - Started process (PID=213230) to work on /home/jenny/.local/lib/python3.13/site-packages/airflow/example_dags/example_dynamic_task_mapping_with_no_taskflow_operators.py
[2026-03-01T14:15:22.475+0530] {processor.py:914} INFO - Processing file /home/jenny/.local/lib/python3.13/site-packages/airflow/example_dags/example_dynamic_task_mapping_with_no_taskflow_operators.py for tasks to queue
[2026-03-01T14:15:22.479+0530] {logging_mixin.py:190} INFO - [2026-03-01T14:15:22.478+0530] {dagbag.py:588} INFO - Filling up the DagBag from /home/jenny/.local/lib/python3.13/site-packages/airflow/example_dags/example_dynamic_task_mapping_with_no_taskflow_operators.py
[2026-03-01T14:15:22.487+0530] {processor.py:925} INFO - DAG(s) 'example_dynamic_task_mapping_with_no_taskflow_operators' retrieved from /home/jenny/.local/lib/python3.13/site-packages/airflow/example_dags/example_dynamic_task_mapping_with_no_taskflow_operators.py
[2026-03-01T14:15:22.556+0530] {logging_mixin.py:190} INFO - [2026-03-01T14:15:22.556+0530] {override.py:1932} INFO - Created Permission View: can read on DAG:example_dynamic_task_mapping_with_no_taskflow_operators
[2026-03-01T14:15:22.567+0530] {logging_mixin.py:190} INFO - [2026-03-01T14:15:22.567+0530] {override.py:1932} INFO - Created Permission View: can delete on DAG:example_dynamic_task_mapping_with_no_taskflow_operators
[2026-03-01T14:15:22.576+0530] {logging_mixin.py:190} INFO - [2026-03-01T14:15:22.576+0530] {override.py:1932} INFO - Created Permission View: can edit on DAG:example_dynamic_task_mapping_with_no_taskflow_operators
[2026-03-01T14:15:22.592+0530] {logging_mixin.py:190} INFO - [2026-03-01T14:15:22.592+0530] {override.py:1932} INFO - Created Permission View: can read on DAG Run:example_dynamic_task_mapping_with_no_taskflow_operators
[2026-03-01T14:15:22.604+0530] {logging_mixin.py:190} INFO - [2026-03-01T14:15:22.603+0530] {override.py:1932} INFO - Created Permission View: menu access on DAG Run:example_dynamic_task_mapping_with_no_taskflow_operators
[2026-03-01T14:15:22.616+0530] {logging_mixin.py:190} INFO - [2026-03-01T14:15:22.616+0530] {override.py:1932} INFO - Created Permission View: can create on DAG Run:example_dynamic_task_mapping_with_no_taskflow_operators
[2026-03-01T14:15:22.627+0530] {logging_mixin.py:190} INFO - [2026-03-01T14:15:22.627+0530] {override.py:1932} INFO - Created Permission View: can delete on DAG Run:example_dynamic_task_mapping_with_no_taskflow_operators
[2026-03-01T14:15:22.628+0530] {logging_mixin.py:190} INFO - [2026-03-01T14:15:22.627+0530] {dag.py:3239} INFO - Sync 1 DAGs
[2026-03-01T14:15:22.637+0530] {logging_mixin.py:190} INFO - [2026-03-01T14:15:22.636+0530] {dag.py:3262} INFO - Creating ORM DAG for example_dynamic_task_mapping_with_no_taskflow_operators
[2026-03-01T14:15:22.637+0530] {logging_mixin.py:190} INFO - [2026-03-01T14:15:22.637+0530] {dag.py:4180} INFO - Setting next_dagrun for example_dynamic_task_mapping_with_no_taskflow_operators to None, run_after=None
[2026-03-01T14:15:22.650+0530] {processor.py:208} INFO - Processing /home/jenny/.local/lib/python3.13/site-packages/airflow/example_dags/example_dynamic_task_mapping_with_no_taskflow_operators.py took 0.181 seconds
[2026-03-01T14:16:24.393+0530] {processor.py:186} INFO - Started process (PID=213898) to work on /home/jenny/.local/lib/python3.13/site-packages/airflow/example_dags/example_dynamic_task_mapping_with_no_taskflow_operators.py
[2026-03-01T14:16:24.394+0530] {processor.py:914} INFO - Processing file /home/jenny/.local/lib/python3.13/site-packages/airflow/example_dags/example_dynamic_task_mapping_with_no_taskflow_operators.py for tasks to queue
[2026-03-01T14:16:24.397+0530] {logging_mixin.py:190} INFO - [2026-03-01T14:16:24.396+0530] {dagbag.py:588} INFO - Filling up the DagBag from /home/jenny/.local/lib/python3.13/site-packages/airflow/example_dags/example_dynamic_task_mapping_with_no_taskflow_operators.py
[2026-03-01T14:16:24.403+0530] {processor.py:925} INFO - DAG(s) 'example_dynamic_task_mapping_with_no_taskflow_operators' retrieved from /home/jenny/.local/lib/python3.13/site-packages/airflow/example_dags/example_dynamic_task_mapping_with_no_taskflow_operators.py
[2026-03-01T14:16:24.411+0530] {logging_mixin.py:190} INFO - [2026-03-01T14:16:24.411+0530] {dag.py:3239} INFO - Sync 1 DAGs
[2026-03-01T14:16:24.418+0530] {logging_mixin.py:190} INFO - [2026-03-01T14:16:24.418+0530] {dag.py:4180} INFO - Setting next_dagrun for example_dynamic_task_mapping_with_no_taskflow_operators to None, run_after=None
[2026-03-01T14:16:24.433+0530] {processor.py:208} INFO - Processing /home/jenny/.local/lib/python3.13/site-packages/airflow/example_dags/example_dynamic_task_mapping_with_no_taskflow_operators.py took 0.045 seconds
[2026-03-01T14:17:19.942+0530] {processor.py:186} INFO - Started process (PID=215119) to work on /home/jenny/.local/lib/python3.13/site-packages/airflow/example_dags/example_dynamic_task_mapping_with_no_taskflow_operators.py
[2026-03-01T14:17:19.944+0530] {processor.py:914} INFO - Processing file /home/jenny/.local/lib/python3.13/site-packages/airflow/example_dags/example_dynamic_task_mapping_with_no_taskflow_operators.py for tasks to queue
[2026-03-01T14:17:19.946+0530] {logging_mixin.py:190} INFO - [2026-03-01T14:17:19.946+0530] {dagbag.py:588} INFO - Filling up the DagBag from /home/jenny/.local/lib/python3.13/site-packages/airflow/example_dags/example_dynamic_task_mapping_with_no_taskflow_operators.py
[2026-03-01T14:17:19.954+0530] {processor.py:925} INFO - DAG(s) 'example_dynamic_task_mapping_with_no_taskflow_operators' retrieved from /home/jenny/.local/lib/python3.13/site-packages/airflow/example_dags/example_dynamic_task_mapping_with_no_taskflow_operators.py
[2026-03-01T14:17:19.962+0530] {logging_mixin.py:190} INFO - [2026-03-01T14:17:19.962+0530] {dag.py:3239} INFO - Sync 1 DAGs
[2026-03-01T14:17:19.971+0530] {logging_mixin.py:190} INFO - [2026-03-01T14:17:19.971+0530] {dag.py:4180} INFO - Setting next_dagrun for example_dynamic_task_mapping_with_no_taskflow_operators to None, run_after=None
[2026-03-01T14:17:19.988+0530] {processor.py:208} INFO - Processing /home/jenny/.local/lib/python3.13/site-packages/airflow/example_dags/example_dynamic_task_mapping_with_no_taskflow_operators.py took 0.051 seconds
[2026-03-01T14:18:40.568+0530] {processor.py:186} INFO - Started process (PID=215656) to work on /home/jenny/.local/lib/python3.13/site-packages/airflow/example_dags/example_dynamic_task_mapping_with_no_taskflow_operators.py
[2026-03-01T14:18:40.569+0530] {processor.py:914} INFO - Processing file /home/jenny/.local/lib/python3.13/site-packages/airflow/example_dags/example_dynamic_task_mapping_with_no_taskflow_operators.py for tasks to queue
[2026-03-01T14:18:40.572+0530] {logging_mixin.py:190} INFO - [2026-03-01T14:18:40.572+0530] {dagbag.py:588} INFO - Filling up the DagBag from /home/jenny/.local/lib/python3.13/site-packages/airflow/example_dags/example_dynamic_task_mapping_with_no_taskflow_operators.py
[2026-03-01T14:18:40.581+0530] {processor.py:925} INFO - DAG(s) 'example_dynamic_task_mapping_with_no_taskflow_operators' retrieved from /home/jenny/.local/lib/python3.13/site-packages/airflow/example_dags/example_dynamic_task_mapping_with_no_taskflow_operators.py
[2026-03-01T14:18:40.641+0530] {logging_mixin.py:190} INFO - [2026-03-01T14:18:40.641+0530] {dag.py:3239} INFO - Sync 1 DAGs
[2026-03-01T14:18:40.648+0530] {logging_mixin.py:190} INFO - [2026-03-01T14:18:40.648+0530] {dag.py:4180} INFO - Setting next_dagrun for example_dynamic_task_mapping_with_no_taskflow_operators to None, run_after=None
[2026-03-01T14:18:40.664+0530] {processor.py:208} INFO - Processing /home/jenny/.local/lib/python3.13/site-packages/airflow/example_dags/example_dynamic_task_mapping_with_no_taskflow_operators.py took 0.102 seconds
