[2026-03-01T14:15:05.070+0530] {processor.py:186} INFO - Started process (PID=212936) to work on /home/jenny/.local/lib/python3.13/site-packages/airflow/example_dags/example_setup_teardown.py
[2026-03-01T14:15:05.071+0530] {processor.py:914} INFO - Processing file /home/jenny/.local/lib/python3.13/site-packages/airflow/example_dags/example_setup_teardown.py for tasks to queue
[2026-03-01T14:15:05.074+0530] {logging_mixin.py:190} INFO - [2026-03-01T14:15:05.073+0530] {dagbag.py:588} INFO - Filling up the DagBag from /home/jenny/.local/lib/python3.13/site-packages/airflow/example_dags/example_setup_teardown.py
[2026-03-01T14:15:05.080+0530] {processor.py:925} INFO - DAG(s) 'example_setup_teardown' retrieved from /home/jenny/.local/lib/python3.13/site-packages/airflow/example_dags/example_setup_teardown.py
[2026-03-01T14:15:05.152+0530] {logging_mixin.py:190} INFO - [2026-03-01T14:15:05.152+0530] {override.py:1932} INFO - Created Permission View: can read on DAG:example_setup_teardown
[2026-03-01T14:15:05.163+0530] {logging_mixin.py:190} INFO - [2026-03-01T14:15:05.163+0530] {override.py:1932} INFO - Created Permission View: can delete on DAG:example_setup_teardown
[2026-03-01T14:15:05.176+0530] {logging_mixin.py:190} INFO - [2026-03-01T14:15:05.176+0530] {override.py:1932} INFO - Created Permission View: can edit on DAG:example_setup_teardown
[2026-03-01T14:15:05.206+0530] {logging_mixin.py:190} INFO - [2026-03-01T14:15:05.206+0530] {override.py:1932} INFO - Created Permission View: can read on DAG Run:example_setup_teardown
[2026-03-01T14:15:05.220+0530] {logging_mixin.py:190} INFO - [2026-03-01T14:15:05.220+0530] {override.py:1932} INFO - Created Permission View: menu access on DAG Run:example_setup_teardown
[2026-03-01T14:15:05.232+0530] {logging_mixin.py:190} INFO - [2026-03-01T14:15:05.232+0530] {override.py:1932} INFO - Created Permission View: can create on DAG Run:example_setup_teardown
[2026-03-01T14:15:05.247+0530] {logging_mixin.py:190} INFO - [2026-03-01T14:15:05.247+0530] {override.py:1932} INFO - Created Permission View: can delete on DAG Run:example_setup_teardown
[2026-03-01T14:15:05.248+0530] {logging_mixin.py:190} INFO - [2026-03-01T14:15:05.248+0530] {dag.py:3239} INFO - Sync 1 DAGs
[2026-03-01T14:15:05.259+0530] {logging_mixin.py:190} INFO - [2026-03-01T14:15:05.259+0530] {dag.py:3262} INFO - Creating ORM DAG for example_setup_teardown
[2026-03-01T14:15:05.259+0530] {logging_mixin.py:190} INFO - [2026-03-01T14:15:05.259+0530] {dag.py:4180} INFO - Setting next_dagrun for example_setup_teardown to None, run_after=None
[2026-03-01T14:15:05.273+0530] {processor.py:208} INFO - Processing /home/jenny/.local/lib/python3.13/site-packages/airflow/example_dags/example_setup_teardown.py took 0.209 seconds
[2026-03-01T14:16:07.202+0530] {processor.py:186} INFO - Started process (PID=213428) to work on /home/jenny/.local/lib/python3.13/site-packages/airflow/example_dags/example_setup_teardown.py
[2026-03-01T14:16:07.202+0530] {processor.py:914} INFO - Processing file /home/jenny/.local/lib/python3.13/site-packages/airflow/example_dags/example_setup_teardown.py for tasks to queue
[2026-03-01T14:16:07.205+0530] {logging_mixin.py:190} INFO - [2026-03-01T14:16:07.204+0530] {dagbag.py:588} INFO - Filling up the DagBag from /home/jenny/.local/lib/python3.13/site-packages/airflow/example_dags/example_setup_teardown.py
[2026-03-01T14:16:07.212+0530] {processor.py:925} INFO - DAG(s) 'example_setup_teardown' retrieved from /home/jenny/.local/lib/python3.13/site-packages/airflow/example_dags/example_setup_teardown.py
[2026-03-01T14:16:07.224+0530] {logging_mixin.py:190} INFO - [2026-03-01T14:16:07.224+0530] {dag.py:3239} INFO - Sync 1 DAGs
[2026-03-01T14:16:07.231+0530] {logging_mixin.py:190} INFO - [2026-03-01T14:16:07.231+0530] {dag.py:4180} INFO - Setting next_dagrun for example_setup_teardown to None, run_after=None
[2026-03-01T14:16:07.247+0530] {processor.py:208} INFO - Processing /home/jenny/.local/lib/python3.13/site-packages/airflow/example_dags/example_setup_teardown.py took 0.049 seconds
[2026-03-01T14:17:03.316+0530] {processor.py:186} INFO - Started process (PID=214912) to work on /home/jenny/.local/lib/python3.13/site-packages/airflow/example_dags/example_setup_teardown.py
[2026-03-01T14:17:03.317+0530] {processor.py:914} INFO - Processing file /home/jenny/.local/lib/python3.13/site-packages/airflow/example_dags/example_setup_teardown.py for tasks to queue
[2026-03-01T14:17:03.320+0530] {logging_mixin.py:190} INFO - [2026-03-01T14:17:03.319+0530] {dagbag.py:588} INFO - Filling up the DagBag from /home/jenny/.local/lib/python3.13/site-packages/airflow/example_dags/example_setup_teardown.py
[2026-03-01T14:17:03.326+0530] {processor.py:925} INFO - DAG(s) 'example_setup_teardown' retrieved from /home/jenny/.local/lib/python3.13/site-packages/airflow/example_dags/example_setup_teardown.py
[2026-03-01T14:17:03.335+0530] {logging_mixin.py:190} INFO - [2026-03-01T14:17:03.334+0530] {dag.py:3239} INFO - Sync 1 DAGs
[2026-03-01T14:17:03.346+0530] {logging_mixin.py:190} INFO - [2026-03-01T14:17:03.345+0530] {dag.py:4180} INFO - Setting next_dagrun for example_setup_teardown to None, run_after=None
[2026-03-01T14:17:03.361+0530] {processor.py:208} INFO - Processing /home/jenny/.local/lib/python3.13/site-packages/airflow/example_dags/example_setup_teardown.py took 0.053 seconds
