[2026-03-01T14:15:27.268+0530] {processor.py:186} INFO - Started process (PID=213292) to work on /home/jenny/.local/lib/python3.13/site-packages/airflow/example_dags/example_dataset_alias_with_no_taskflow.py
[2026-03-01T14:15:27.269+0530] {processor.py:914} INFO - Processing file /home/jenny/.local/lib/python3.13/site-packages/airflow/example_dags/example_dataset_alias_with_no_taskflow.py for tasks to queue
[2026-03-01T14:15:27.271+0530] {logging_mixin.py:190} INFO - [2026-03-01T14:15:27.270+0530] {dagbag.py:588} INFO - Filling up the DagBag from /home/jenny/.local/lib/python3.13/site-packages/airflow/example_dags/example_dataset_alias_with_no_taskflow.py
[2026-03-01T14:15:27.283+0530] {processor.py:925} INFO - DAG(s) 'dataset_s3_bucket_consumer_with_no_taskflow', 'dataset_alias_example_alias_consumer_with_no_taskflow', 'dataset_alias_example_alias_producer_with_no_taskflow', 'dataset_s3_bucket_producer_with_no_taskflow' retrieved from /home/jenny/.local/lib/python3.13/site-packages/airflow/example_dags/example_dataset_alias_with_no_taskflow.py
[2026-03-01T14:15:27.365+0530] {logging_mixin.py:190} INFO - [2026-03-01T14:15:27.365+0530] {override.py:1932} INFO - Created Permission View: can read on DAG:dataset_s3_bucket_consumer_with_no_taskflow
[2026-03-01T14:15:27.378+0530] {logging_mixin.py:190} INFO - [2026-03-01T14:15:27.377+0530] {override.py:1932} INFO - Created Permission View: can delete on DAG:dataset_s3_bucket_consumer_with_no_taskflow
[2026-03-01T14:15:27.387+0530] {logging_mixin.py:190} INFO - [2026-03-01T14:15:27.387+0530] {override.py:1932} INFO - Created Permission View: can edit on DAG:dataset_s3_bucket_consumer_with_no_taskflow
[2026-03-01T14:15:27.406+0530] {logging_mixin.py:190} INFO - [2026-03-01T14:15:27.405+0530] {override.py:1932} INFO - Created Permission View: can read on DAG Run:dataset_s3_bucket_consumer_with_no_taskflow
[2026-03-01T14:15:27.415+0530] {logging_mixin.py:190} INFO - [2026-03-01T14:15:27.415+0530] {override.py:1932} INFO - Created Permission View: menu access on DAG Run:dataset_s3_bucket_consumer_with_no_taskflow
[2026-03-01T14:15:27.425+0530] {logging_mixin.py:190} INFO - [2026-03-01T14:15:27.425+0530] {override.py:1932} INFO - Created Permission View: can create on DAG Run:dataset_s3_bucket_consumer_with_no_taskflow
[2026-03-01T14:15:27.435+0530] {logging_mixin.py:190} INFO - [2026-03-01T14:15:27.435+0530] {override.py:1932} INFO - Created Permission View: can delete on DAG Run:dataset_s3_bucket_consumer_with_no_taskflow
[2026-03-01T14:15:27.458+0530] {logging_mixin.py:190} INFO - [2026-03-01T14:15:27.458+0530] {override.py:1932} INFO - Created Permission View: can read on DAG:dataset_alias_example_alias_consumer_with_no_taskflow
[2026-03-01T14:15:27.469+0530] {logging_mixin.py:190} INFO - [2026-03-01T14:15:27.469+0530] {override.py:1932} INFO - Created Permission View: can delete on DAG:dataset_alias_example_alias_consumer_with_no_taskflow
[2026-03-01T14:15:27.478+0530] {logging_mixin.py:190} INFO - [2026-03-01T14:15:27.478+0530] {override.py:1932} INFO - Created Permission View: can edit on DAG:dataset_alias_example_alias_consumer_with_no_taskflow
[2026-03-01T14:15:27.494+0530] {logging_mixin.py:190} INFO - [2026-03-01T14:15:27.494+0530] {override.py:1932} INFO - Created Permission View: can read on DAG Run:dataset_alias_example_alias_consumer_with_no_taskflow
[2026-03-01T14:15:27.506+0530] {logging_mixin.py:190} INFO - [2026-03-01T14:15:27.506+0530] {override.py:1932} INFO - Created Permission View: menu access on DAG Run:dataset_alias_example_alias_consumer_with_no_taskflow
[2026-03-01T14:15:27.517+0530] {logging_mixin.py:190} INFO - [2026-03-01T14:15:27.517+0530] {override.py:1932} INFO - Created Permission View: can create on DAG Run:dataset_alias_example_alias_consumer_with_no_taskflow
[2026-03-01T14:15:27.526+0530] {logging_mixin.py:190} INFO - [2026-03-01T14:15:27.526+0530] {override.py:1932} INFO - Created Permission View: can delete on DAG Run:dataset_alias_example_alias_consumer_with_no_taskflow
[2026-03-01T14:15:27.545+0530] {logging_mixin.py:190} INFO - [2026-03-01T14:15:27.545+0530] {override.py:1932} INFO - Created Permission View: can read on DAG:dataset_alias_example_alias_producer_with_no_taskflow
[2026-03-01T14:15:27.556+0530] {logging_mixin.py:190} INFO - [2026-03-01T14:15:27.555+0530] {override.py:1932} INFO - Created Permission View: can delete on DAG:dataset_alias_example_alias_producer_with_no_taskflow
[2026-03-01T14:15:27.567+0530] {logging_mixin.py:190} INFO - [2026-03-01T14:15:27.567+0530] {override.py:1932} INFO - Created Permission View: can edit on DAG:dataset_alias_example_alias_producer_with_no_taskflow
[2026-03-01T14:15:27.584+0530] {logging_mixin.py:190} INFO - [2026-03-01T14:15:27.584+0530] {override.py:1932} INFO - Created Permission View: can read on DAG Run:dataset_alias_example_alias_producer_with_no_taskflow
[2026-03-01T14:15:27.597+0530] {logging_mixin.py:190} INFO - [2026-03-01T14:15:27.597+0530] {override.py:1932} INFO - Created Permission View: menu access on DAG Run:dataset_alias_example_alias_producer_with_no_taskflow
[2026-03-01T14:15:27.608+0530] {logging_mixin.py:190} INFO - [2026-03-01T14:15:27.608+0530] {override.py:1932} INFO - Created Permission View: can create on DAG Run:dataset_alias_example_alias_producer_with_no_taskflow
[2026-03-01T14:15:27.621+0530] {logging_mixin.py:190} INFO - [2026-03-01T14:15:27.621+0530] {override.py:1932} INFO - Created Permission View: can delete on DAG Run:dataset_alias_example_alias_producer_with_no_taskflow
[2026-03-01T14:15:27.643+0530] {logging_mixin.py:190} INFO - [2026-03-01T14:15:27.642+0530] {override.py:1932} INFO - Created Permission View: can read on DAG:dataset_s3_bucket_producer_with_no_taskflow
[2026-03-01T14:15:27.655+0530] {logging_mixin.py:190} INFO - [2026-03-01T14:15:27.654+0530] {override.py:1932} INFO - Created Permission View: can delete on DAG:dataset_s3_bucket_producer_with_no_taskflow
[2026-03-01T14:15:27.666+0530] {logging_mixin.py:190} INFO - [2026-03-01T14:15:27.665+0530] {override.py:1932} INFO - Created Permission View: can edit on DAG:dataset_s3_bucket_producer_with_no_taskflow
[2026-03-01T14:15:27.684+0530] {logging_mixin.py:190} INFO - [2026-03-01T14:15:27.684+0530] {override.py:1932} INFO - Created Permission View: can read on DAG Run:dataset_s3_bucket_producer_with_no_taskflow
[2026-03-01T14:15:27.694+0530] {logging_mixin.py:190} INFO - [2026-03-01T14:15:27.693+0530] {override.py:1932} INFO - Created Permission View: menu access on DAG Run:dataset_s3_bucket_producer_with_no_taskflow
[2026-03-01T14:15:27.703+0530] {logging_mixin.py:190} INFO - [2026-03-01T14:15:27.703+0530] {override.py:1932} INFO - Created Permission View: can create on DAG Run:dataset_s3_bucket_producer_with_no_taskflow
[2026-03-01T14:15:27.713+0530] {logging_mixin.py:190} INFO - [2026-03-01T14:15:27.713+0530] {override.py:1932} INFO - Created Permission View: can delete on DAG Run:dataset_s3_bucket_producer_with_no_taskflow
[2026-03-01T14:15:27.713+0530] {logging_mixin.py:190} INFO - [2026-03-01T14:15:27.713+0530] {dag.py:3239} INFO - Sync 4 DAGs
[2026-03-01T14:15:27.721+0530] {logging_mixin.py:190} INFO - [2026-03-01T14:15:27.721+0530] {dag.py:3262} INFO - Creating ORM DAG for dataset_alias_example_alias_producer_with_no_taskflow
[2026-03-01T14:15:27.721+0530] {logging_mixin.py:190} INFO - [2026-03-01T14:15:27.721+0530] {dag.py:3262} INFO - Creating ORM DAG for dataset_alias_example_alias_consumer_with_no_taskflow
[2026-03-01T14:15:27.721+0530] {logging_mixin.py:190} INFO - [2026-03-01T14:15:27.721+0530] {dag.py:3262} INFO - Creating ORM DAG for dataset_s3_bucket_producer_with_no_taskflow
[2026-03-01T14:15:27.722+0530] {logging_mixin.py:190} INFO - [2026-03-01T14:15:27.722+0530] {dag.py:3262} INFO - Creating ORM DAG for dataset_s3_bucket_consumer_with_no_taskflow
[2026-03-01T14:15:27.728+0530] {logging_mixin.py:190} INFO - [2026-03-01T14:15:27.728+0530] {dag.py:4180} INFO - Setting next_dagrun for dataset_alias_example_alias_consumer_with_no_taskflow to None, run_after=None
[2026-03-01T14:15:27.729+0530] {logging_mixin.py:190} INFO - [2026-03-01T14:15:27.728+0530] {dag.py:4180} INFO - Setting next_dagrun for dataset_alias_example_alias_producer_with_no_taskflow to None, run_after=None
[2026-03-01T14:15:27.729+0530] {logging_mixin.py:190} INFO - [2026-03-01T14:15:27.729+0530] {dag.py:4180} INFO - Setting next_dagrun for dataset_s3_bucket_consumer_with_no_taskflow to None, run_after=None
[2026-03-01T14:15:27.729+0530] {logging_mixin.py:190} INFO - [2026-03-01T14:15:27.729+0530] {dag.py:4180} INFO - Setting next_dagrun for dataset_s3_bucket_producer_with_no_taskflow to None, run_after=None
[2026-03-01T14:15:27.757+0530] {processor.py:208} INFO - Processing /home/jenny/.local/lib/python3.13/site-packages/airflow/example_dags/example_dataset_alias_with_no_taskflow.py took 0.493 seconds
[2026-03-01T14:16:28.412+0530] {processor.py:186} INFO - Started process (PID=213926) to work on /home/jenny/.local/lib/python3.13/site-packages/airflow/example_dags/example_dataset_alias_with_no_taskflow.py
[2026-03-01T14:16:28.412+0530] {processor.py:914} INFO - Processing file /home/jenny/.local/lib/python3.13/site-packages/airflow/example_dags/example_dataset_alias_with_no_taskflow.py for tasks to queue
[2026-03-01T14:16:28.414+0530] {logging_mixin.py:190} INFO - [2026-03-01T14:16:28.414+0530] {dagbag.py:588} INFO - Filling up the DagBag from /home/jenny/.local/lib/python3.13/site-packages/airflow/example_dags/example_dataset_alias_with_no_taskflow.py
[2026-03-01T14:16:28.427+0530] {processor.py:925} INFO - DAG(s) 'dataset_s3_bucket_consumer_with_no_taskflow', 'dataset_alias_example_alias_consumer_with_no_taskflow', 'dataset_alias_example_alias_producer_with_no_taskflow', 'dataset_s3_bucket_producer_with_no_taskflow' retrieved from /home/jenny/.local/lib/python3.13/site-packages/airflow/example_dags/example_dataset_alias_with_no_taskflow.py
[2026-03-01T14:16:28.439+0530] {logging_mixin.py:190} INFO - [2026-03-01T14:16:28.439+0530] {dag.py:3239} INFO - Sync 4 DAGs
[2026-03-01T14:16:28.454+0530] {logging_mixin.py:190} INFO - [2026-03-01T14:16:28.454+0530] {dag.py:4180} INFO - Setting next_dagrun for dataset_alias_example_alias_consumer_with_no_taskflow to None, run_after=None
[2026-03-01T14:16:28.456+0530] {logging_mixin.py:190} INFO - [2026-03-01T14:16:28.456+0530] {dag.py:4180} INFO - Setting next_dagrun for dataset_alias_example_alias_producer_with_no_taskflow to None, run_after=None
[2026-03-01T14:16:28.456+0530] {logging_mixin.py:190} INFO - [2026-03-01T14:16:28.456+0530] {dag.py:4180} INFO - Setting next_dagrun for dataset_s3_bucket_consumer_with_no_taskflow to None, run_after=None
[2026-03-01T14:16:28.457+0530] {logging_mixin.py:190} INFO - [2026-03-01T14:16:28.457+0530] {dag.py:4180} INFO - Setting next_dagrun for dataset_s3_bucket_producer_with_no_taskflow to None, run_after=None
[2026-03-01T14:16:28.474+0530] {processor.py:208} INFO - Processing /home/jenny/.local/lib/python3.13/site-packages/airflow/example_dags/example_dataset_alias_with_no_taskflow.py took 0.066 seconds
