[2026-03-01T14:15:02.459+0530] {processor.py:186} INFO - Started process (PID=212933) to work on /home/jenny/.local/lib/python3.13/site-packages/airflow/example_dags/example_short_circuit_decorator.py
[2026-03-01T14:15:02.460+0530] {processor.py:914} INFO - Processing file /home/jenny/.local/lib/python3.13/site-packages/airflow/example_dags/example_short_circuit_decorator.py for tasks to queue
[2026-03-01T14:15:02.462+0530] {logging_mixin.py:190} INFO - [2026-03-01T14:15:02.462+0530] {dagbag.py:588} INFO - Filling up the DagBag from /home/jenny/.local/lib/python3.13/site-packages/airflow/example_dags/example_short_circuit_decorator.py
[2026-03-01T14:15:02.470+0530] {processor.py:925} INFO - DAG(s) 'example_short_circuit_decorator' retrieved from /home/jenny/.local/lib/python3.13/site-packages/airflow/example_dags/example_short_circuit_decorator.py
[2026-03-01T14:15:02.551+0530] {logging_mixin.py:190} INFO - [2026-03-01T14:15:02.551+0530] {override.py:1932} INFO - Created Permission View: can read on DAG:example_short_circuit_decorator
[2026-03-01T14:15:02.564+0530] {logging_mixin.py:190} INFO - [2026-03-01T14:15:02.563+0530] {override.py:1932} INFO - Created Permission View: can delete on DAG:example_short_circuit_decorator
[2026-03-01T14:15:02.573+0530] {logging_mixin.py:190} INFO - [2026-03-01T14:15:02.573+0530] {override.py:1932} INFO - Created Permission View: can edit on DAG:example_short_circuit_decorator
[2026-03-01T14:15:02.594+0530] {logging_mixin.py:190} INFO - [2026-03-01T14:15:02.593+0530] {override.py:1932} INFO - Created Permission View: can read on DAG Run:example_short_circuit_decorator
[2026-03-01T14:15:02.606+0530] {logging_mixin.py:190} INFO - [2026-03-01T14:15:02.605+0530] {override.py:1932} INFO - Created Permission View: menu access on DAG Run:example_short_circuit_decorator
[2026-03-01T14:15:02.619+0530] {logging_mixin.py:190} INFO - [2026-03-01T14:15:02.619+0530] {override.py:1932} INFO - Created Permission View: can create on DAG Run:example_short_circuit_decorator
[2026-03-01T14:15:02.633+0530] {logging_mixin.py:190} INFO - [2026-03-01T14:15:02.632+0530] {override.py:1932} INFO - Created Permission View: can delete on DAG Run:example_short_circuit_decorator
[2026-03-01T14:15:02.633+0530] {logging_mixin.py:190} INFO - [2026-03-01T14:15:02.633+0530] {dag.py:3239} INFO - Sync 1 DAGs
[2026-03-01T14:15:02.644+0530] {logging_mixin.py:190} INFO - [2026-03-01T14:15:02.643+0530] {dag.py:3262} INFO - Creating ORM DAG for example_short_circuit_decorator
[2026-03-01T14:15:02.644+0530] {logging_mixin.py:190} INFO - [2026-03-01T14:15:02.644+0530] {dag.py:4180} INFO - Setting next_dagrun for example_short_circuit_decorator to None, run_after=None
[2026-03-01T14:15:02.659+0530] {processor.py:208} INFO - Processing /home/jenny/.local/lib/python3.13/site-packages/airflow/example_dags/example_short_circuit_decorator.py took 0.204 seconds
[2026-03-01T14:16:04.901+0530] {processor.py:186} INFO - Started process (PID=213425) to work on /home/jenny/.local/lib/python3.13/site-packages/airflow/example_dags/example_short_circuit_decorator.py
[2026-03-01T14:16:04.902+0530] {processor.py:914} INFO - Processing file /home/jenny/.local/lib/python3.13/site-packages/airflow/example_dags/example_short_circuit_decorator.py for tasks to queue
[2026-03-01T14:16:04.905+0530] {logging_mixin.py:190} INFO - [2026-03-01T14:16:04.904+0530] {dagbag.py:588} INFO - Filling up the DagBag from /home/jenny/.local/lib/python3.13/site-packages/airflow/example_dags/example_short_circuit_decorator.py
[2026-03-01T14:16:04.911+0530] {processor.py:925} INFO - DAG(s) 'example_short_circuit_decorator' retrieved from /home/jenny/.local/lib/python3.13/site-packages/airflow/example_dags/example_short_circuit_decorator.py
[2026-03-01T14:16:04.922+0530] {logging_mixin.py:190} INFO - [2026-03-01T14:16:04.922+0530] {dag.py:3239} INFO - Sync 1 DAGs
[2026-03-01T14:16:04.930+0530] {logging_mixin.py:190} INFO - [2026-03-01T14:16:04.930+0530] {dag.py:4180} INFO - Setting next_dagrun for example_short_circuit_decorator to None, run_after=None
[2026-03-01T14:16:04.947+0530] {processor.py:208} INFO - Processing /home/jenny/.local/lib/python3.13/site-packages/airflow/example_dags/example_short_circuit_decorator.py took 0.050 seconds
[2026-03-01T14:17:01.007+0530] {processor.py:186} INFO - Started process (PID=214910) to work on /home/jenny/.local/lib/python3.13/site-packages/airflow/example_dags/example_short_circuit_decorator.py
[2026-03-01T14:17:01.009+0530] {processor.py:914} INFO - Processing file /home/jenny/.local/lib/python3.13/site-packages/airflow/example_dags/example_short_circuit_decorator.py for tasks to queue
[2026-03-01T14:17:01.014+0530] {logging_mixin.py:190} INFO - [2026-03-01T14:17:01.013+0530] {dagbag.py:588} INFO - Filling up the DagBag from /home/jenny/.local/lib/python3.13/site-packages/airflow/example_dags/example_short_circuit_decorator.py
[2026-03-01T14:17:01.022+0530] {processor.py:925} INFO - DAG(s) 'example_short_circuit_decorator' retrieved from /home/jenny/.local/lib/python3.13/site-packages/airflow/example_dags/example_short_circuit_decorator.py
[2026-03-01T14:17:01.037+0530] {logging_mixin.py:190} INFO - [2026-03-01T14:17:01.037+0530] {dag.py:3239} INFO - Sync 1 DAGs
[2026-03-01T14:17:01.053+0530] {logging_mixin.py:190} INFO - [2026-03-01T14:17:01.053+0530] {dag.py:4180} INFO - Setting next_dagrun for example_short_circuit_decorator to None, run_after=None
[2026-03-01T14:17:01.070+0530] {processor.py:208} INFO - Processing /home/jenny/.local/lib/python3.13/site-packages/airflow/example_dags/example_short_circuit_decorator.py took 0.068 seconds
[2026-03-01T14:18:20.145+0530] {processor.py:186} INFO - Started process (PID=215611) to work on /home/jenny/.local/lib/python3.13/site-packages/airflow/example_dags/example_short_circuit_decorator.py
[2026-03-01T14:18:20.146+0530] {processor.py:914} INFO - Processing file /home/jenny/.local/lib/python3.13/site-packages/airflow/example_dags/example_short_circuit_decorator.py for tasks to queue
[2026-03-01T14:18:20.150+0530] {logging_mixin.py:190} INFO - [2026-03-01T14:18:20.150+0530] {dagbag.py:588} INFO - Filling up the DagBag from /home/jenny/.local/lib/python3.13/site-packages/airflow/example_dags/example_short_circuit_decorator.py
[2026-03-01T14:18:20.158+0530] {processor.py:925} INFO - DAG(s) 'example_short_circuit_decorator' retrieved from /home/jenny/.local/lib/python3.13/site-packages/airflow/example_dags/example_short_circuit_decorator.py
[2026-03-01T14:18:20.228+0530] {logging_mixin.py:190} INFO - [2026-03-01T14:18:20.228+0530] {dag.py:3239} INFO - Sync 1 DAGs
[2026-03-01T14:18:20.236+0530] {logging_mixin.py:190} INFO - [2026-03-01T14:18:20.236+0530] {dag.py:4180} INFO - Setting next_dagrun for example_short_circuit_decorator to None, run_after=None
[2026-03-01T14:18:20.255+0530] {processor.py:208} INFO - Processing /home/jenny/.local/lib/python3.13/site-packages/airflow/example_dags/example_short_circuit_decorator.py took 0.113 seconds
[2026-03-01T14:19:18.450+0530] {processor.py:186} INFO - Started process (PID=216426) to work on /home/jenny/.local/lib/python3.13/site-packages/airflow/example_dags/example_short_circuit_decorator.py
[2026-03-01T14:19:18.452+0530] {processor.py:914} INFO - Processing file /home/jenny/.local/lib/python3.13/site-packages/airflow/example_dags/example_short_circuit_decorator.py for tasks to queue
[2026-03-01T14:19:18.456+0530] {logging_mixin.py:190} INFO - [2026-03-01T14:19:18.455+0530] {dagbag.py:588} INFO - Filling up the DagBag from /home/jenny/.local/lib/python3.13/site-packages/airflow/example_dags/example_short_circuit_decorator.py
[2026-03-01T14:19:18.463+0530] {processor.py:925} INFO - DAG(s) 'example_short_circuit_decorator' retrieved from /home/jenny/.local/lib/python3.13/site-packages/airflow/example_dags/example_short_circuit_decorator.py
[2026-03-01T14:19:18.473+0530] {logging_mixin.py:190} INFO - [2026-03-01T14:19:18.473+0530] {dag.py:3239} INFO - Sync 1 DAGs
[2026-03-01T14:19:18.480+0530] {logging_mixin.py:190} INFO - [2026-03-01T14:19:18.480+0530] {dag.py:4180} INFO - Setting next_dagrun for example_short_circuit_decorator to None, run_after=None
[2026-03-01T14:19:18.496+0530] {processor.py:208} INFO - Processing /home/jenny/.local/lib/python3.13/site-packages/airflow/example_dags/example_short_circuit_decorator.py took 0.051 seconds
[2026-03-01T14:20:19.041+0530] {processor.py:186} INFO - Started process (PID=216686) to work on /home/jenny/.local/lib/python3.13/site-packages/airflow/example_dags/example_short_circuit_decorator.py
[2026-03-01T14:20:19.042+0530] {processor.py:914} INFO - Processing file /home/jenny/.local/lib/python3.13/site-packages/airflow/example_dags/example_short_circuit_decorator.py for tasks to queue
[2026-03-01T14:20:19.045+0530] {logging_mixin.py:190} INFO - [2026-03-01T14:20:19.045+0530] {dagbag.py:588} INFO - Filling up the DagBag from /home/jenny/.local/lib/python3.13/site-packages/airflow/example_dags/example_short_circuit_decorator.py
[2026-03-01T14:20:19.053+0530] {processor.py:925} INFO - DAG(s) 'example_short_circuit_decorator' retrieved from /home/jenny/.local/lib/python3.13/site-packages/airflow/example_dags/example_short_circuit_decorator.py
[2026-03-01T14:20:19.063+0530] {logging_mixin.py:190} INFO - [2026-03-01T14:20:19.063+0530] {dag.py:3239} INFO - Sync 1 DAGs
[2026-03-01T14:20:19.075+0530] {logging_mixin.py:190} INFO - [2026-03-01T14:20:19.075+0530] {dag.py:4180} INFO - Setting next_dagrun for example_short_circuit_decorator to None, run_after=None
[2026-03-01T14:20:19.092+0530] {processor.py:208} INFO - Processing /home/jenny/.local/lib/python3.13/site-packages/airflow/example_dags/example_short_circuit_decorator.py took 0.055 seconds
[2026-03-01T14:21:16.587+0530] {processor.py:186} INFO - Started process (PID=216853) to work on /home/jenny/.local/lib/python3.13/site-packages/airflow/example_dags/example_short_circuit_decorator.py
[2026-03-01T14:21:16.588+0530] {processor.py:914} INFO - Processing file /home/jenny/.local/lib/python3.13/site-packages/airflow/example_dags/example_short_circuit_decorator.py for tasks to queue
[2026-03-01T14:21:16.591+0530] {logging_mixin.py:190} INFO - [2026-03-01T14:21:16.590+0530] {dagbag.py:588} INFO - Filling up the DagBag from /home/jenny/.local/lib/python3.13/site-packages/airflow/example_dags/example_short_circuit_decorator.py
[2026-03-01T14:21:16.599+0530] {processor.py:925} INFO - DAG(s) 'example_short_circuit_decorator' retrieved from /home/jenny/.local/lib/python3.13/site-packages/airflow/example_dags/example_short_circuit_decorator.py
[2026-03-01T14:21:16.609+0530] {logging_mixin.py:190} INFO - [2026-03-01T14:21:16.609+0530] {dag.py:3239} INFO - Sync 1 DAGs
[2026-03-01T14:21:16.620+0530] {logging_mixin.py:190} INFO - [2026-03-01T14:21:16.620+0530] {dag.py:4180} INFO - Setting next_dagrun for example_short_circuit_decorator to None, run_after=None
[2026-03-01T14:21:16.636+0530] {processor.py:208} INFO - Processing /home/jenny/.local/lib/python3.13/site-packages/airflow/example_dags/example_short_circuit_decorator.py took 0.053 seconds
[2026-03-01T14:22:12.197+0530] {processor.py:186} INFO - Started process (PID=217564) to work on /home/jenny/.local/lib/python3.13/site-packages/airflow/example_dags/example_short_circuit_decorator.py
[2026-03-01T14:22:12.198+0530] {processor.py:914} INFO - Processing file /home/jenny/.local/lib/python3.13/site-packages/airflow/example_dags/example_short_circuit_decorator.py for tasks to queue
[2026-03-01T14:22:12.200+0530] {logging_mixin.py:190} INFO - [2026-03-01T14:22:12.200+0530] {dagbag.py:588} INFO - Filling up the DagBag from /home/jenny/.local/lib/python3.13/site-packages/airflow/example_dags/example_short_circuit_decorator.py
[2026-03-01T14:22:12.212+0530] {processor.py:925} INFO - DAG(s) 'example_short_circuit_decorator' retrieved from /home/jenny/.local/lib/python3.13/site-packages/airflow/example_dags/example_short_circuit_decorator.py
[2026-03-01T14:22:12.226+0530] {logging_mixin.py:190} INFO - [2026-03-01T14:22:12.225+0530] {dag.py:3239} INFO - Sync 1 DAGs
[2026-03-01T14:22:12.235+0530] {logging_mixin.py:190} INFO - [2026-03-01T14:22:12.235+0530] {dag.py:4180} INFO - Setting next_dagrun for example_short_circuit_decorator to None, run_after=None
[2026-03-01T14:22:12.254+0530] {processor.py:208} INFO - Processing /home/jenny/.local/lib/python3.13/site-packages/airflow/example_dags/example_short_circuit_decorator.py took 0.060 seconds
[2026-03-01T14:23:05.912+0530] {processor.py:186} INFO - Started process (PID=219242) to work on /home/jenny/.local/lib/python3.13/site-packages/airflow/example_dags/example_short_circuit_decorator.py
[2026-03-01T14:23:05.913+0530] {processor.py:914} INFO - Processing file /home/jenny/.local/lib/python3.13/site-packages/airflow/example_dags/example_short_circuit_decorator.py for tasks to queue
[2026-03-01T14:23:05.915+0530] {logging_mixin.py:190} INFO - [2026-03-01T14:23:05.915+0530] {dagbag.py:588} INFO - Filling up the DagBag from /home/jenny/.local/lib/python3.13/site-packages/airflow/example_dags/example_short_circuit_decorator.py
[2026-03-01T14:23:05.924+0530] {processor.py:925} INFO - DAG(s) 'example_short_circuit_decorator' retrieved from /home/jenny/.local/lib/python3.13/site-packages/airflow/example_dags/example_short_circuit_decorator.py
[2026-03-01T14:23:05.934+0530] {logging_mixin.py:190} INFO - [2026-03-01T14:23:05.934+0530] {dag.py:3239} INFO - Sync 1 DAGs
[2026-03-01T14:23:05.941+0530] {logging_mixin.py:190} INFO - [2026-03-01T14:23:05.941+0530] {dag.py:4180} INFO - Setting next_dagrun for example_short_circuit_decorator to None, run_after=None
[2026-03-01T14:23:05.958+0530] {processor.py:208} INFO - Processing /home/jenny/.local/lib/python3.13/site-packages/airflow/example_dags/example_short_circuit_decorator.py took 0.050 seconds
[2026-03-01T14:24:02.377+0530] {processor.py:186} INFO - Started process (PID=220105) to work on /home/jenny/.local/lib/python3.13/site-packages/airflow/example_dags/example_short_circuit_decorator.py
[2026-03-01T14:24:02.378+0530] {processor.py:914} INFO - Processing file /home/jenny/.local/lib/python3.13/site-packages/airflow/example_dags/example_short_circuit_decorator.py for tasks to queue
[2026-03-01T14:24:02.381+0530] {logging_mixin.py:190} INFO - [2026-03-01T14:24:02.381+0530] {dagbag.py:588} INFO - Filling up the DagBag from /home/jenny/.local/lib/python3.13/site-packages/airflow/example_dags/example_short_circuit_decorator.py
[2026-03-01T14:24:02.390+0530] {processor.py:925} INFO - DAG(s) 'example_short_circuit_decorator' retrieved from /home/jenny/.local/lib/python3.13/site-packages/airflow/example_dags/example_short_circuit_decorator.py
[2026-03-01T14:24:02.400+0530] {logging_mixin.py:190} INFO - [2026-03-01T14:24:02.400+0530] {dag.py:3239} INFO - Sync 1 DAGs
[2026-03-01T14:24:02.407+0530] {logging_mixin.py:190} INFO - [2026-03-01T14:24:02.407+0530] {dag.py:4180} INFO - Setting next_dagrun for example_short_circuit_decorator to None, run_after=None
[2026-03-01T14:24:02.491+0530] {processor.py:208} INFO - Processing /home/jenny/.local/lib/python3.13/site-packages/airflow/example_dags/example_short_circuit_decorator.py took 0.119 seconds
[2026-03-01T14:25:04.818+0530] {processor.py:186} INFO - Started process (PID=221127) to work on /home/jenny/.local/lib/python3.13/site-packages/airflow/example_dags/example_short_circuit_decorator.py
[2026-03-01T14:25:04.819+0530] {processor.py:914} INFO - Processing file /home/jenny/.local/lib/python3.13/site-packages/airflow/example_dags/example_short_circuit_decorator.py for tasks to queue
[2026-03-01T14:25:04.821+0530] {logging_mixin.py:190} INFO - [2026-03-01T14:25:04.821+0530] {dagbag.py:588} INFO - Filling up the DagBag from /home/jenny/.local/lib/python3.13/site-packages/airflow/example_dags/example_short_circuit_decorator.py
[2026-03-01T14:25:04.831+0530] {processor.py:925} INFO - DAG(s) 'example_short_circuit_decorator' retrieved from /home/jenny/.local/lib/python3.13/site-packages/airflow/example_dags/example_short_circuit_decorator.py
[2026-03-01T14:25:04.846+0530] {logging_mixin.py:190} INFO - [2026-03-01T14:25:04.846+0530] {dag.py:3239} INFO - Sync 1 DAGs
[2026-03-01T14:25:04.857+0530] {logging_mixin.py:190} INFO - [2026-03-01T14:25:04.857+0530] {dag.py:4180} INFO - Setting next_dagrun for example_short_circuit_decorator to None, run_after=None
[2026-03-01T14:25:04.877+0530] {processor.py:208} INFO - Processing /home/jenny/.local/lib/python3.13/site-packages/airflow/example_dags/example_short_circuit_decorator.py took 0.063 seconds
[2026-03-01T14:26:19.907+0530] {processor.py:186} INFO - Started process (PID=225576) to work on /home/jenny/.local/lib/python3.13/site-packages/airflow/example_dags/example_short_circuit_decorator.py
[2026-03-01T14:26:19.908+0530] {processor.py:914} INFO - Processing file /home/jenny/.local/lib/python3.13/site-packages/airflow/example_dags/example_short_circuit_decorator.py for tasks to queue
[2026-03-01T14:26:19.911+0530] {logging_mixin.py:190} INFO - [2026-03-01T14:26:19.910+0530] {dagbag.py:588} INFO - Filling up the DagBag from /home/jenny/.local/lib/python3.13/site-packages/airflow/example_dags/example_short_circuit_decorator.py
[2026-03-01T14:26:19.918+0530] {processor.py:925} INFO - DAG(s) 'example_short_circuit_decorator' retrieved from /home/jenny/.local/lib/python3.13/site-packages/airflow/example_dags/example_short_circuit_decorator.py
[2026-03-01T14:26:19.929+0530] {logging_mixin.py:190} INFO - [2026-03-01T14:26:19.929+0530] {dag.py:3239} INFO - Sync 1 DAGs
[2026-03-01T14:26:19.936+0530] {logging_mixin.py:190} INFO - [2026-03-01T14:26:19.936+0530] {dag.py:4180} INFO - Setting next_dagrun for example_short_circuit_decorator to None, run_after=None
[2026-03-01T14:26:19.953+0530] {processor.py:208} INFO - Processing /home/jenny/.local/lib/python3.13/site-packages/airflow/example_dags/example_short_circuit_decorator.py took 0.052 seconds
[2026-03-01T14:27:16.311+0530] {processor.py:186} INFO - Started process (PID=226808) to work on /home/jenny/.local/lib/python3.13/site-packages/airflow/example_dags/example_short_circuit_decorator.py
[2026-03-01T14:27:16.312+0530] {processor.py:914} INFO - Processing file /home/jenny/.local/lib/python3.13/site-packages/airflow/example_dags/example_short_circuit_decorator.py for tasks to queue
[2026-03-01T14:27:16.313+0530] {logging_mixin.py:190} INFO - [2026-03-01T14:27:16.313+0530] {dagbag.py:588} INFO - Filling up the DagBag from /home/jenny/.local/lib/python3.13/site-packages/airflow/example_dags/example_short_circuit_decorator.py
[2026-03-01T14:27:16.321+0530] {processor.py:925} INFO - DAG(s) 'example_short_circuit_decorator' retrieved from /home/jenny/.local/lib/python3.13/site-packages/airflow/example_dags/example_short_circuit_decorator.py
[2026-03-01T14:27:16.331+0530] {logging_mixin.py:190} INFO - [2026-03-01T14:27:16.331+0530] {dag.py:3239} INFO - Sync 1 DAGs
[2026-03-01T14:27:16.340+0530] {logging_mixin.py:190} INFO - [2026-03-01T14:27:16.339+0530] {dag.py:4180} INFO - Setting next_dagrun for example_short_circuit_decorator to None, run_after=None
[2026-03-01T14:27:16.355+0530] {processor.py:208} INFO - Processing /home/jenny/.local/lib/python3.13/site-packages/airflow/example_dags/example_short_circuit_decorator.py took 0.047 seconds
[2026-03-01T14:28:42.937+0530] {processor.py:186} INFO - Started process (PID=228719) to work on /home/jenny/.local/lib/python3.13/site-packages/airflow/example_dags/example_short_circuit_decorator.py
[2026-03-01T14:28:42.939+0530] {processor.py:914} INFO - Processing file /home/jenny/.local/lib/python3.13/site-packages/airflow/example_dags/example_short_circuit_decorator.py for tasks to queue
[2026-03-01T14:28:42.941+0530] {logging_mixin.py:190} INFO - [2026-03-01T14:28:42.941+0530] {dagbag.py:588} INFO - Filling up the DagBag from /home/jenny/.local/lib/python3.13/site-packages/airflow/example_dags/example_short_circuit_decorator.py
[2026-03-01T14:28:42.948+0530] {processor.py:925} INFO - DAG(s) 'example_short_circuit_decorator' retrieved from /home/jenny/.local/lib/python3.13/site-packages/airflow/example_dags/example_short_circuit_decorator.py
[2026-03-01T14:28:42.959+0530] {logging_mixin.py:190} INFO - [2026-03-01T14:28:42.959+0530] {dag.py:3239} INFO - Sync 1 DAGs
[2026-03-01T14:28:42.966+0530] {logging_mixin.py:190} INFO - [2026-03-01T14:28:42.966+0530] {dag.py:4180} INFO - Setting next_dagrun for example_short_circuit_decorator to None, run_after=None
[2026-03-01T14:28:43.008+0530] {processor.py:208} INFO - Processing /home/jenny/.local/lib/python3.13/site-packages/airflow/example_dags/example_short_circuit_decorator.py took 0.075 seconds
[2026-03-01T14:29:55.850+0530] {processor.py:186} INFO - Started process (PID=230001) to work on /home/jenny/.local/lib/python3.13/site-packages/airflow/example_dags/example_short_circuit_decorator.py
[2026-03-01T14:29:55.852+0530] {processor.py:914} INFO - Processing file /home/jenny/.local/lib/python3.13/site-packages/airflow/example_dags/example_short_circuit_decorator.py for tasks to queue
[2026-03-01T14:29:55.855+0530] {logging_mixin.py:190} INFO - [2026-03-01T14:29:55.855+0530] {dagbag.py:588} INFO - Filling up the DagBag from /home/jenny/.local/lib/python3.13/site-packages/airflow/example_dags/example_short_circuit_decorator.py
[2026-03-01T14:29:55.864+0530] {processor.py:925} INFO - DAG(s) 'example_short_circuit_decorator' retrieved from /home/jenny/.local/lib/python3.13/site-packages/airflow/example_dags/example_short_circuit_decorator.py
[2026-03-01T14:29:55.874+0530] {logging_mixin.py:190} INFO - [2026-03-01T14:29:55.874+0530] {dag.py:3239} INFO - Sync 1 DAGs
[2026-03-01T14:29:55.882+0530] {logging_mixin.py:190} INFO - [2026-03-01T14:29:55.881+0530] {dag.py:4180} INFO - Setting next_dagrun for example_short_circuit_decorator to None, run_after=None
[2026-03-01T14:29:55.898+0530] {processor.py:208} INFO - Processing /home/jenny/.local/lib/python3.13/site-packages/airflow/example_dags/example_short_circuit_decorator.py took 0.052 seconds
[2026-03-01T14:31:37.214+0530] {processor.py:186} INFO - Started process (PID=231604) to work on /home/jenny/.local/lib/python3.13/site-packages/airflow/example_dags/example_short_circuit_decorator.py
[2026-03-01T14:31:37.215+0530] {processor.py:914} INFO - Processing file /home/jenny/.local/lib/python3.13/site-packages/airflow/example_dags/example_short_circuit_decorator.py for tasks to queue
[2026-03-01T14:31:37.218+0530] {logging_mixin.py:190} INFO - [2026-03-01T14:31:37.217+0530] {dagbag.py:588} INFO - Filling up the DagBag from /home/jenny/.local/lib/python3.13/site-packages/airflow/example_dags/example_short_circuit_decorator.py
[2026-03-01T14:31:37.228+0530] {processor.py:925} INFO - DAG(s) 'example_short_circuit_decorator' retrieved from /home/jenny/.local/lib/python3.13/site-packages/airflow/example_dags/example_short_circuit_decorator.py
[2026-03-01T14:31:37.244+0530] {logging_mixin.py:190} INFO - [2026-03-01T14:31:37.244+0530] {dag.py:3239} INFO - Sync 1 DAGs
[2026-03-01T14:31:37.252+0530] {logging_mixin.py:190} INFO - [2026-03-01T14:31:37.252+0530] {dag.py:4180} INFO - Setting next_dagrun for example_short_circuit_decorator to None, run_after=None
[2026-03-01T14:31:37.268+0530] {processor.py:208} INFO - Processing /home/jenny/.local/lib/python3.13/site-packages/airflow/example_dags/example_short_circuit_decorator.py took 0.059 seconds
[2026-03-01T14:32:36.530+0530] {processor.py:186} INFO - Started process (PID=231963) to work on /home/jenny/.local/lib/python3.13/site-packages/airflow/example_dags/example_short_circuit_decorator.py
[2026-03-01T14:32:36.531+0530] {processor.py:914} INFO - Processing file /home/jenny/.local/lib/python3.13/site-packages/airflow/example_dags/example_short_circuit_decorator.py for tasks to queue
[2026-03-01T14:32:36.534+0530] {logging_mixin.py:190} INFO - [2026-03-01T14:32:36.534+0530] {dagbag.py:588} INFO - Filling up the DagBag from /home/jenny/.local/lib/python3.13/site-packages/airflow/example_dags/example_short_circuit_decorator.py
[2026-03-01T14:32:36.542+0530] {processor.py:925} INFO - DAG(s) 'example_short_circuit_decorator' retrieved from /home/jenny/.local/lib/python3.13/site-packages/airflow/example_dags/example_short_circuit_decorator.py
[2026-03-01T14:32:36.553+0530] {logging_mixin.py:190} INFO - [2026-03-01T14:32:36.552+0530] {dag.py:3239} INFO - Sync 1 DAGs
[2026-03-01T14:32:36.560+0530] {logging_mixin.py:190} INFO - [2026-03-01T14:32:36.560+0530] {dag.py:4180} INFO - Setting next_dagrun for example_short_circuit_decorator to None, run_after=None
[2026-03-01T14:32:36.597+0530] {processor.py:208} INFO - Processing /home/jenny/.local/lib/python3.13/site-packages/airflow/example_dags/example_short_circuit_decorator.py took 0.072 seconds
[2026-03-01T14:34:01.623+0530] {processor.py:186} INFO - Started process (PID=233334) to work on /home/jenny/.local/lib/python3.13/site-packages/airflow/example_dags/example_short_circuit_decorator.py
[2026-03-01T14:34:01.624+0530] {processor.py:914} INFO - Processing file /home/jenny/.local/lib/python3.13/site-packages/airflow/example_dags/example_short_circuit_decorator.py for tasks to queue
[2026-03-01T14:34:01.627+0530] {logging_mixin.py:190} INFO - [2026-03-01T14:34:01.627+0530] {dagbag.py:588} INFO - Filling up the DagBag from /home/jenny/.local/lib/python3.13/site-packages/airflow/example_dags/example_short_circuit_decorator.py
[2026-03-01T14:34:01.636+0530] {processor.py:925} INFO - DAG(s) 'example_short_circuit_decorator' retrieved from /home/jenny/.local/lib/python3.13/site-packages/airflow/example_dags/example_short_circuit_decorator.py
[2026-03-01T14:34:01.646+0530] {logging_mixin.py:190} INFO - [2026-03-01T14:34:01.645+0530] {dag.py:3239} INFO - Sync 1 DAGs
[2026-03-01T14:34:01.653+0530] {logging_mixin.py:190} INFO - [2026-03-01T14:34:01.653+0530] {dag.py:4180} INFO - Setting next_dagrun for example_short_circuit_decorator to None, run_after=None
[2026-03-01T14:34:01.669+0530] {processor.py:208} INFO - Processing /home/jenny/.local/lib/python3.13/site-packages/airflow/example_dags/example_short_circuit_decorator.py took 0.053 seconds
[2026-03-01T14:34:59.454+0530] {processor.py:186} INFO - Started process (PID=233815) to work on /home/jenny/.local/lib/python3.13/site-packages/airflow/example_dags/example_short_circuit_decorator.py
[2026-03-01T14:34:59.455+0530] {processor.py:914} INFO - Processing file /home/jenny/.local/lib/python3.13/site-packages/airflow/example_dags/example_short_circuit_decorator.py for tasks to queue
[2026-03-01T14:34:59.457+0530] {logging_mixin.py:190} INFO - [2026-03-01T14:34:59.456+0530] {dagbag.py:588} INFO - Filling up the DagBag from /home/jenny/.local/lib/python3.13/site-packages/airflow/example_dags/example_short_circuit_decorator.py
[2026-03-01T14:34:59.465+0530] {processor.py:925} INFO - DAG(s) 'example_short_circuit_decorator' retrieved from /home/jenny/.local/lib/python3.13/site-packages/airflow/example_dags/example_short_circuit_decorator.py
[2026-03-01T14:34:59.477+0530] {logging_mixin.py:190} INFO - [2026-03-01T14:34:59.477+0530] {dag.py:3239} INFO - Sync 1 DAGs
[2026-03-01T14:34:59.487+0530] {logging_mixin.py:190} INFO - [2026-03-01T14:34:59.487+0530] {dag.py:4180} INFO - Setting next_dagrun for example_short_circuit_decorator to None, run_after=None
[2026-03-01T14:34:59.505+0530] {processor.py:208} INFO - Processing /home/jenny/.local/lib/python3.13/site-packages/airflow/example_dags/example_short_circuit_decorator.py took 0.055 seconds
[2026-03-01T14:35:51.702+0530] {processor.py:186} INFO - Started process (PID=233984) to work on /home/jenny/.local/lib/python3.13/site-packages/airflow/example_dags/example_short_circuit_decorator.py
[2026-03-01T14:35:51.703+0530] {processor.py:914} INFO - Processing file /home/jenny/.local/lib/python3.13/site-packages/airflow/example_dags/example_short_circuit_decorator.py for tasks to queue
[2026-03-01T14:35:51.704+0530] {logging_mixin.py:190} INFO - [2026-03-01T14:35:51.704+0530] {dagbag.py:588} INFO - Filling up the DagBag from /home/jenny/.local/lib/python3.13/site-packages/airflow/example_dags/example_short_circuit_decorator.py
[2026-03-01T14:35:51.712+0530] {processor.py:925} INFO - DAG(s) 'example_short_circuit_decorator' retrieved from /home/jenny/.local/lib/python3.13/site-packages/airflow/example_dags/example_short_circuit_decorator.py
[2026-03-01T14:35:51.722+0530] {logging_mixin.py:190} INFO - [2026-03-01T14:35:51.722+0530] {dag.py:3239} INFO - Sync 1 DAGs
[2026-03-01T14:35:51.729+0530] {logging_mixin.py:190} INFO - [2026-03-01T14:35:51.729+0530] {dag.py:4180} INFO - Setting next_dagrun for example_short_circuit_decorator to None, run_after=None
[2026-03-01T14:35:51.747+0530] {processor.py:208} INFO - Processing /home/jenny/.local/lib/python3.13/site-packages/airflow/example_dags/example_short_circuit_decorator.py took 0.049 seconds
[2026-03-01T14:36:47.760+0530] {processor.py:186} INFO - Started process (PID=234153) to work on /home/jenny/.local/lib/python3.13/site-packages/airflow/example_dags/example_short_circuit_decorator.py
[2026-03-01T14:36:47.760+0530] {processor.py:914} INFO - Processing file /home/jenny/.local/lib/python3.13/site-packages/airflow/example_dags/example_short_circuit_decorator.py for tasks to queue
[2026-03-01T14:36:47.762+0530] {logging_mixin.py:190} INFO - [2026-03-01T14:36:47.762+0530] {dagbag.py:588} INFO - Filling up the DagBag from /home/jenny/.local/lib/python3.13/site-packages/airflow/example_dags/example_short_circuit_decorator.py
[2026-03-01T14:36:47.769+0530] {processor.py:925} INFO - DAG(s) 'example_short_circuit_decorator' retrieved from /home/jenny/.local/lib/python3.13/site-packages/airflow/example_dags/example_short_circuit_decorator.py
[2026-03-01T14:36:47.779+0530] {logging_mixin.py:190} INFO - [2026-03-01T14:36:47.779+0530] {dag.py:3239} INFO - Sync 1 DAGs
[2026-03-01T14:36:47.787+0530] {logging_mixin.py:190} INFO - [2026-03-01T14:36:47.787+0530] {dag.py:4180} INFO - Setting next_dagrun for example_short_circuit_decorator to None, run_after=None
[2026-03-01T14:36:47.817+0530] {processor.py:208} INFO - Processing /home/jenny/.local/lib/python3.13/site-packages/airflow/example_dags/example_short_circuit_decorator.py took 0.061 seconds
[2026-03-01T14:37:42.414+0530] {processor.py:186} INFO - Started process (PID=234337) to work on /home/jenny/.local/lib/python3.13/site-packages/airflow/example_dags/example_short_circuit_decorator.py
[2026-03-01T14:37:42.415+0530] {processor.py:914} INFO - Processing file /home/jenny/.local/lib/python3.13/site-packages/airflow/example_dags/example_short_circuit_decorator.py for tasks to queue
[2026-03-01T14:37:42.417+0530] {logging_mixin.py:190} INFO - [2026-03-01T14:37:42.417+0530] {dagbag.py:588} INFO - Filling up the DagBag from /home/jenny/.local/lib/python3.13/site-packages/airflow/example_dags/example_short_circuit_decorator.py
[2026-03-01T14:37:42.424+0530] {processor.py:925} INFO - DAG(s) 'example_short_circuit_decorator' retrieved from /home/jenny/.local/lib/python3.13/site-packages/airflow/example_dags/example_short_circuit_decorator.py
[2026-03-01T14:37:42.434+0530] {logging_mixin.py:190} INFO - [2026-03-01T14:37:42.433+0530] {dag.py:3239} INFO - Sync 1 DAGs
[2026-03-01T14:37:42.441+0530] {logging_mixin.py:190} INFO - [2026-03-01T14:37:42.441+0530] {dag.py:4180} INFO - Setting next_dagrun for example_short_circuit_decorator to None, run_after=None
[2026-03-01T14:37:42.457+0530] {processor.py:208} INFO - Processing /home/jenny/.local/lib/python3.13/site-packages/airflow/example_dags/example_short_circuit_decorator.py took 0.045 seconds
[2026-03-01T14:38:37.588+0530] {processor.py:186} INFO - Started process (PID=234845) to work on /home/jenny/.local/lib/python3.13/site-packages/airflow/example_dags/example_short_circuit_decorator.py
[2026-03-01T14:38:37.588+0530] {processor.py:914} INFO - Processing file /home/jenny/.local/lib/python3.13/site-packages/airflow/example_dags/example_short_circuit_decorator.py for tasks to queue
[2026-03-01T14:38:37.590+0530] {logging_mixin.py:190} INFO - [2026-03-01T14:38:37.590+0530] {dagbag.py:588} INFO - Filling up the DagBag from /home/jenny/.local/lib/python3.13/site-packages/airflow/example_dags/example_short_circuit_decorator.py
[2026-03-01T14:38:37.598+0530] {processor.py:925} INFO - DAG(s) 'example_short_circuit_decorator' retrieved from /home/jenny/.local/lib/python3.13/site-packages/airflow/example_dags/example_short_circuit_decorator.py
[2026-03-01T14:38:37.610+0530] {logging_mixin.py:190} INFO - [2026-03-01T14:38:37.610+0530] {dag.py:3239} INFO - Sync 1 DAGs
[2026-03-01T14:38:37.620+0530] {logging_mixin.py:190} INFO - [2026-03-01T14:38:37.620+0530] {dag.py:4180} INFO - Setting next_dagrun for example_short_circuit_decorator to None, run_after=None
[2026-03-01T14:38:37.638+0530] {processor.py:208} INFO - Processing /home/jenny/.local/lib/python3.13/site-packages/airflow/example_dags/example_short_circuit_decorator.py took 0.054 seconds
[2026-03-01T14:39:30.165+0530] {processor.py:186} INFO - Started process (PID=235146) to work on /home/jenny/.local/lib/python3.13/site-packages/airflow/example_dags/example_short_circuit_decorator.py
[2026-03-01T14:39:30.166+0530] {processor.py:914} INFO - Processing file /home/jenny/.local/lib/python3.13/site-packages/airflow/example_dags/example_short_circuit_decorator.py for tasks to queue
[2026-03-01T14:39:30.168+0530] {logging_mixin.py:190} INFO - [2026-03-01T14:39:30.168+0530] {dagbag.py:588} INFO - Filling up the DagBag from /home/jenny/.local/lib/python3.13/site-packages/airflow/example_dags/example_short_circuit_decorator.py
[2026-03-01T14:39:30.177+0530] {processor.py:925} INFO - DAG(s) 'example_short_circuit_decorator' retrieved from /home/jenny/.local/lib/python3.13/site-packages/airflow/example_dags/example_short_circuit_decorator.py
[2026-03-01T14:39:30.187+0530] {logging_mixin.py:190} INFO - [2026-03-01T14:39:30.187+0530] {dag.py:3239} INFO - Sync 1 DAGs
[2026-03-01T14:39:30.195+0530] {logging_mixin.py:190} INFO - [2026-03-01T14:39:30.195+0530] {dag.py:4180} INFO - Setting next_dagrun for example_short_circuit_decorator to None, run_after=None
[2026-03-01T14:39:30.211+0530] {processor.py:208} INFO - Processing /home/jenny/.local/lib/python3.13/site-packages/airflow/example_dags/example_short_circuit_decorator.py took 0.050 seconds
[2026-03-01T14:40:23.324+0530] {processor.py:186} INFO - Started process (PID=235345) to work on /home/jenny/.local/lib/python3.13/site-packages/airflow/example_dags/example_short_circuit_decorator.py
[2026-03-01T14:40:23.325+0530] {processor.py:914} INFO - Processing file /home/jenny/.local/lib/python3.13/site-packages/airflow/example_dags/example_short_circuit_decorator.py for tasks to queue
[2026-03-01T14:40:23.328+0530] {logging_mixin.py:190} INFO - [2026-03-01T14:40:23.327+0530] {dagbag.py:588} INFO - Filling up the DagBag from /home/jenny/.local/lib/python3.13/site-packages/airflow/example_dags/example_short_circuit_decorator.py
[2026-03-01T14:40:23.336+0530] {processor.py:925} INFO - DAG(s) 'example_short_circuit_decorator' retrieved from /home/jenny/.local/lib/python3.13/site-packages/airflow/example_dags/example_short_circuit_decorator.py
[2026-03-01T14:40:23.346+0530] {logging_mixin.py:190} INFO - [2026-03-01T14:40:23.346+0530] {dag.py:3239} INFO - Sync 1 DAGs
[2026-03-01T14:40:23.354+0530] {logging_mixin.py:190} INFO - [2026-03-01T14:40:23.354+0530] {dag.py:4180} INFO - Setting next_dagrun for example_short_circuit_decorator to None, run_after=None
[2026-03-01T14:40:23.370+0530] {processor.py:208} INFO - Processing /home/jenny/.local/lib/python3.13/site-packages/airflow/example_dags/example_short_circuit_decorator.py took 0.050 seconds
[2026-03-01T14:41:18.566+0530] {processor.py:186} INFO - Started process (PID=239438) to work on /home/jenny/.local/lib/python3.13/site-packages/airflow/example_dags/example_short_circuit_decorator.py
[2026-03-01T14:41:18.566+0530] {processor.py:914} INFO - Processing file /home/jenny/.local/lib/python3.13/site-packages/airflow/example_dags/example_short_circuit_decorator.py for tasks to queue
[2026-03-01T14:41:18.568+0530] {logging_mixin.py:190} INFO - [2026-03-01T14:41:18.567+0530] {dagbag.py:588} INFO - Filling up the DagBag from /home/jenny/.local/lib/python3.13/site-packages/airflow/example_dags/example_short_circuit_decorator.py
[2026-03-01T14:41:18.575+0530] {processor.py:925} INFO - DAG(s) 'example_short_circuit_decorator' retrieved from /home/jenny/.local/lib/python3.13/site-packages/airflow/example_dags/example_short_circuit_decorator.py
[2026-03-01T14:41:18.588+0530] {logging_mixin.py:190} INFO - [2026-03-01T14:41:18.587+0530] {dag.py:3239} INFO - Sync 1 DAGs
[2026-03-01T14:41:18.597+0530] {logging_mixin.py:190} INFO - [2026-03-01T14:41:18.597+0530] {dag.py:4180} INFO - Setting next_dagrun for example_short_circuit_decorator to None, run_after=None
[2026-03-01T14:41:18.615+0530] {processor.py:208} INFO - Processing /home/jenny/.local/lib/python3.13/site-packages/airflow/example_dags/example_short_circuit_decorator.py took 0.053 seconds
[2026-03-01T14:42:10.206+0530] {processor.py:186} INFO - Started process (PID=239578) to work on /home/jenny/.local/lib/python3.13/site-packages/airflow/example_dags/example_short_circuit_decorator.py
[2026-03-01T14:42:10.206+0530] {processor.py:914} INFO - Processing file /home/jenny/.local/lib/python3.13/site-packages/airflow/example_dags/example_short_circuit_decorator.py for tasks to queue
[2026-03-01T14:42:10.208+0530] {logging_mixin.py:190} INFO - [2026-03-01T14:42:10.208+0530] {dagbag.py:588} INFO - Filling up the DagBag from /home/jenny/.local/lib/python3.13/site-packages/airflow/example_dags/example_short_circuit_decorator.py
[2026-03-01T14:42:10.215+0530] {processor.py:925} INFO - DAG(s) 'example_short_circuit_decorator' retrieved from /home/jenny/.local/lib/python3.13/site-packages/airflow/example_dags/example_short_circuit_decorator.py
[2026-03-01T14:42:10.227+0530] {logging_mixin.py:190} INFO - [2026-03-01T14:42:10.227+0530] {dag.py:3239} INFO - Sync 1 DAGs
[2026-03-01T14:42:10.235+0530] {logging_mixin.py:190} INFO - [2026-03-01T14:42:10.235+0530] {dag.py:4180} INFO - Setting next_dagrun for example_short_circuit_decorator to None, run_after=None
[2026-03-01T14:42:10.253+0530] {processor.py:208} INFO - Processing /home/jenny/.local/lib/python3.13/site-packages/airflow/example_dags/example_short_circuit_decorator.py took 0.052 seconds
[2026-03-01T14:43:04.251+0530] {processor.py:186} INFO - Started process (PID=239742) to work on /home/jenny/.local/lib/python3.13/site-packages/airflow/example_dags/example_short_circuit_decorator.py
[2026-03-01T14:43:04.252+0530] {processor.py:914} INFO - Processing file /home/jenny/.local/lib/python3.13/site-packages/airflow/example_dags/example_short_circuit_decorator.py for tasks to queue
[2026-03-01T14:43:04.254+0530] {logging_mixin.py:190} INFO - [2026-03-01T14:43:04.254+0530] {dagbag.py:588} INFO - Filling up the DagBag from /home/jenny/.local/lib/python3.13/site-packages/airflow/example_dags/example_short_circuit_decorator.py
[2026-03-01T14:43:04.263+0530] {processor.py:925} INFO - DAG(s) 'example_short_circuit_decorator' retrieved from /home/jenny/.local/lib/python3.13/site-packages/airflow/example_dags/example_short_circuit_decorator.py
[2026-03-01T14:43:04.273+0530] {logging_mixin.py:190} INFO - [2026-03-01T14:43:04.273+0530] {dag.py:3239} INFO - Sync 1 DAGs
[2026-03-01T14:43:04.281+0530] {logging_mixin.py:190} INFO - [2026-03-01T14:43:04.281+0530] {dag.py:4180} INFO - Setting next_dagrun for example_short_circuit_decorator to None, run_after=None
[2026-03-01T14:43:04.297+0530] {processor.py:208} INFO - Processing /home/jenny/.local/lib/python3.13/site-packages/airflow/example_dags/example_short_circuit_decorator.py took 0.051 seconds
[2026-03-01T14:43:56.897+0530] {processor.py:186} INFO - Started process (PID=239910) to work on /home/jenny/.local/lib/python3.13/site-packages/airflow/example_dags/example_short_circuit_decorator.py
[2026-03-01T14:43:56.898+0530] {processor.py:914} INFO - Processing file /home/jenny/.local/lib/python3.13/site-packages/airflow/example_dags/example_short_circuit_decorator.py for tasks to queue
[2026-03-01T14:43:56.901+0530] {logging_mixin.py:190} INFO - [2026-03-01T14:43:56.901+0530] {dagbag.py:588} INFO - Filling up the DagBag from /home/jenny/.local/lib/python3.13/site-packages/airflow/example_dags/example_short_circuit_decorator.py
[2026-03-01T14:43:56.910+0530] {processor.py:925} INFO - DAG(s) 'example_short_circuit_decorator' retrieved from /home/jenny/.local/lib/python3.13/site-packages/airflow/example_dags/example_short_circuit_decorator.py
[2026-03-01T14:43:56.920+0530] {logging_mixin.py:190} INFO - [2026-03-01T14:43:56.920+0530] {dag.py:3239} INFO - Sync 1 DAGs
[2026-03-01T14:43:56.927+0530] {logging_mixin.py:190} INFO - [2026-03-01T14:43:56.927+0530] {dag.py:4180} INFO - Setting next_dagrun for example_short_circuit_decorator to None, run_after=None
[2026-03-01T14:43:56.942+0530] {processor.py:208} INFO - Processing /home/jenny/.local/lib/python3.13/site-packages/airflow/example_dags/example_short_circuit_decorator.py took 0.051 seconds
[2026-03-01T14:44:49.043+0530] {processor.py:186} INFO - Started process (PID=240050) to work on /home/jenny/.local/lib/python3.13/site-packages/airflow/example_dags/example_short_circuit_decorator.py
[2026-03-01T14:44:49.045+0530] {processor.py:914} INFO - Processing file /home/jenny/.local/lib/python3.13/site-packages/airflow/example_dags/example_short_circuit_decorator.py for tasks to queue
[2026-03-01T14:44:49.047+0530] {logging_mixin.py:190} INFO - [2026-03-01T14:44:49.047+0530] {dagbag.py:588} INFO - Filling up the DagBag from /home/jenny/.local/lib/python3.13/site-packages/airflow/example_dags/example_short_circuit_decorator.py
[2026-03-01T14:44:49.056+0530] {processor.py:925} INFO - DAG(s) 'example_short_circuit_decorator' retrieved from /home/jenny/.local/lib/python3.13/site-packages/airflow/example_dags/example_short_circuit_decorator.py
[2026-03-01T14:44:49.066+0530] {logging_mixin.py:190} INFO - [2026-03-01T14:44:49.066+0530] {dag.py:3239} INFO - Sync 1 DAGs
[2026-03-01T14:44:49.074+0530] {logging_mixin.py:190} INFO - [2026-03-01T14:44:49.073+0530] {dag.py:4180} INFO - Setting next_dagrun for example_short_circuit_decorator to None, run_after=None
[2026-03-01T14:44:49.089+0530] {processor.py:208} INFO - Processing /home/jenny/.local/lib/python3.13/site-packages/airflow/example_dags/example_short_circuit_decorator.py took 0.052 seconds
[2026-03-01T14:45:45.577+0530] {processor.py:186} INFO - Started process (PID=240265) to work on /home/jenny/.local/lib/python3.13/site-packages/airflow/example_dags/example_short_circuit_decorator.py
[2026-03-01T14:45:45.578+0530] {processor.py:914} INFO - Processing file /home/jenny/.local/lib/python3.13/site-packages/airflow/example_dags/example_short_circuit_decorator.py for tasks to queue
[2026-03-01T14:45:45.581+0530] {logging_mixin.py:190} INFO - [2026-03-01T14:45:45.581+0530] {dagbag.py:588} INFO - Filling up the DagBag from /home/jenny/.local/lib/python3.13/site-packages/airflow/example_dags/example_short_circuit_decorator.py
[2026-03-01T14:45:45.589+0530] {processor.py:925} INFO - DAG(s) 'example_short_circuit_decorator' retrieved from /home/jenny/.local/lib/python3.13/site-packages/airflow/example_dags/example_short_circuit_decorator.py
[2026-03-01T14:45:45.599+0530] {logging_mixin.py:190} INFO - [2026-03-01T14:45:45.599+0530] {dag.py:3239} INFO - Sync 1 DAGs
[2026-03-01T14:45:45.607+0530] {logging_mixin.py:190} INFO - [2026-03-01T14:45:45.606+0530] {dag.py:4180} INFO - Setting next_dagrun for example_short_circuit_decorator to None, run_after=None
[2026-03-01T14:45:45.722+0530] {processor.py:208} INFO - Processing /home/jenny/.local/lib/python3.13/site-packages/airflow/example_dags/example_short_circuit_decorator.py took 0.152 seconds
[2026-03-01T14:46:49.309+0530] {processor.py:186} INFO - Started process (PID=240440) to work on /home/jenny/.local/lib/python3.13/site-packages/airflow/example_dags/example_short_circuit_decorator.py
[2026-03-01T14:46:49.310+0530] {processor.py:914} INFO - Processing file /home/jenny/.local/lib/python3.13/site-packages/airflow/example_dags/example_short_circuit_decorator.py for tasks to queue
[2026-03-01T14:46:49.313+0530] {logging_mixin.py:190} INFO - [2026-03-01T14:46:49.312+0530] {dagbag.py:588} INFO - Filling up the DagBag from /home/jenny/.local/lib/python3.13/site-packages/airflow/example_dags/example_short_circuit_decorator.py
[2026-03-01T14:46:49.322+0530] {processor.py:925} INFO - DAG(s) 'example_short_circuit_decorator' retrieved from /home/jenny/.local/lib/python3.13/site-packages/airflow/example_dags/example_short_circuit_decorator.py
[2026-03-01T14:46:49.331+0530] {logging_mixin.py:190} INFO - [2026-03-01T14:46:49.331+0530] {dag.py:3239} INFO - Sync 1 DAGs
[2026-03-01T14:46:49.438+0530] {logging_mixin.py:190} INFO - [2026-03-01T14:46:49.438+0530] {dag.py:4180} INFO - Setting next_dagrun for example_short_circuit_decorator to None, run_after=None
[2026-03-01T14:46:49.468+0530] {processor.py:208} INFO - Processing /home/jenny/.local/lib/python3.13/site-packages/airflow/example_dags/example_short_circuit_decorator.py took 0.165 seconds
[2026-03-01T14:47:52.724+0530] {processor.py:186} INFO - Started process (PID=240623) to work on /home/jenny/.local/lib/python3.13/site-packages/airflow/example_dags/example_short_circuit_decorator.py
[2026-03-01T14:47:52.726+0530] {processor.py:914} INFO - Processing file /home/jenny/.local/lib/python3.13/site-packages/airflow/example_dags/example_short_circuit_decorator.py for tasks to queue
[2026-03-01T14:47:52.728+0530] {logging_mixin.py:190} INFO - [2026-03-01T14:47:52.728+0530] {dagbag.py:588} INFO - Filling up the DagBag from /home/jenny/.local/lib/python3.13/site-packages/airflow/example_dags/example_short_circuit_decorator.py
[2026-03-01T14:47:52.839+0530] {processor.py:925} INFO - DAG(s) 'example_short_circuit_decorator' retrieved from /home/jenny/.local/lib/python3.13/site-packages/airflow/example_dags/example_short_circuit_decorator.py
[2026-03-01T14:47:52.847+0530] {logging_mixin.py:190} INFO - [2026-03-01T14:47:52.847+0530] {dag.py:3239} INFO - Sync 1 DAGs
[2026-03-01T14:47:52.853+0530] {logging_mixin.py:190} INFO - [2026-03-01T14:47:52.853+0530] {dag.py:4180} INFO - Setting next_dagrun for example_short_circuit_decorator to None, run_after=None
[2026-03-01T14:47:52.869+0530] {processor.py:208} INFO - Processing /home/jenny/.local/lib/python3.13/site-packages/airflow/example_dags/example_short_circuit_decorator.py took 0.151 seconds
[2026-03-01T14:48:50.707+0530] {processor.py:186} INFO - Started process (PID=240945) to work on /home/jenny/.local/lib/python3.13/site-packages/airflow/example_dags/example_short_circuit_decorator.py
[2026-03-01T14:48:50.708+0530] {processor.py:914} INFO - Processing file /home/jenny/.local/lib/python3.13/site-packages/airflow/example_dags/example_short_circuit_decorator.py for tasks to queue
[2026-03-01T14:48:50.711+0530] {logging_mixin.py:190} INFO - [2026-03-01T14:48:50.710+0530] {dagbag.py:588} INFO - Filling up the DagBag from /home/jenny/.local/lib/python3.13/site-packages/airflow/example_dags/example_short_circuit_decorator.py
[2026-03-01T14:48:50.719+0530] {processor.py:925} INFO - DAG(s) 'example_short_circuit_decorator' retrieved from /home/jenny/.local/lib/python3.13/site-packages/airflow/example_dags/example_short_circuit_decorator.py
[2026-03-01T14:48:50.729+0530] {logging_mixin.py:190} INFO - [2026-03-01T14:48:50.729+0530] {dag.py:3239} INFO - Sync 1 DAGs
[2026-03-01T14:48:50.737+0530] {logging_mixin.py:190} INFO - [2026-03-01T14:48:50.737+0530] {dag.py:4180} INFO - Setting next_dagrun for example_short_circuit_decorator to None, run_after=None
[2026-03-01T14:48:50.752+0530] {processor.py:208} INFO - Processing /home/jenny/.local/lib/python3.13/site-packages/airflow/example_dags/example_short_circuit_decorator.py took 0.049 seconds
[2026-03-01T14:49:44.046+0530] {processor.py:186} INFO - Started process (PID=241203) to work on /home/jenny/.local/lib/python3.13/site-packages/airflow/example_dags/example_short_circuit_decorator.py
[2026-03-01T14:49:44.047+0530] {processor.py:914} INFO - Processing file /home/jenny/.local/lib/python3.13/site-packages/airflow/example_dags/example_short_circuit_decorator.py for tasks to queue
[2026-03-01T14:49:44.050+0530] {logging_mixin.py:190} INFO - [2026-03-01T14:49:44.050+0530] {dagbag.py:588} INFO - Filling up the DagBag from /home/jenny/.local/lib/python3.13/site-packages/airflow/example_dags/example_short_circuit_decorator.py
[2026-03-01T14:49:44.059+0530] {processor.py:925} INFO - DAG(s) 'example_short_circuit_decorator' retrieved from /home/jenny/.local/lib/python3.13/site-packages/airflow/example_dags/example_short_circuit_decorator.py
[2026-03-01T14:49:44.069+0530] {logging_mixin.py:190} INFO - [2026-03-01T14:49:44.069+0530] {dag.py:3239} INFO - Sync 1 DAGs
[2026-03-01T14:49:44.076+0530] {logging_mixin.py:190} INFO - [2026-03-01T14:49:44.076+0530] {dag.py:4180} INFO - Setting next_dagrun for example_short_circuit_decorator to None, run_after=None
[2026-03-01T14:49:44.091+0530] {processor.py:208} INFO - Processing /home/jenny/.local/lib/python3.13/site-packages/airflow/example_dags/example_short_circuit_decorator.py took 0.051 seconds
[2026-03-01T14:50:41.206+0530] {processor.py:186} INFO - Started process (PID=241432) to work on /home/jenny/.local/lib/python3.13/site-packages/airflow/example_dags/example_short_circuit_decorator.py
[2026-03-01T14:50:41.230+0530] {processor.py:914} INFO - Processing file /home/jenny/.local/lib/python3.13/site-packages/airflow/example_dags/example_short_circuit_decorator.py for tasks to queue
[2026-03-01T14:50:41.233+0530] {logging_mixin.py:190} INFO - [2026-03-01T14:50:41.232+0530] {dagbag.py:588} INFO - Filling up the DagBag from /home/jenny/.local/lib/python3.13/site-packages/airflow/example_dags/example_short_circuit_decorator.py
[2026-03-01T14:50:41.244+0530] {processor.py:925} INFO - DAG(s) 'example_short_circuit_decorator' retrieved from /home/jenny/.local/lib/python3.13/site-packages/airflow/example_dags/example_short_circuit_decorator.py
[2026-03-01T14:50:41.265+0530] {logging_mixin.py:190} INFO - [2026-03-01T14:50:41.265+0530] {dag.py:3239} INFO - Sync 1 DAGs
[2026-03-01T14:50:41.276+0530] {logging_mixin.py:190} INFO - [2026-03-01T14:50:41.276+0530] {dag.py:4180} INFO - Setting next_dagrun for example_short_circuit_decorator to None, run_after=None
[2026-03-01T14:50:41.295+0530] {processor.py:208} INFO - Processing /home/jenny/.local/lib/python3.13/site-packages/airflow/example_dags/example_short_circuit_decorator.py took 0.094 seconds
[2026-03-01T14:51:34.110+0530] {processor.py:186} INFO - Started process (PID=241846) to work on /home/jenny/.local/lib/python3.13/site-packages/airflow/example_dags/example_short_circuit_decorator.py
[2026-03-01T14:51:34.111+0530] {processor.py:914} INFO - Processing file /home/jenny/.local/lib/python3.13/site-packages/airflow/example_dags/example_short_circuit_decorator.py for tasks to queue
[2026-03-01T14:51:34.113+0530] {logging_mixin.py:190} INFO - [2026-03-01T14:51:34.112+0530] {dagbag.py:588} INFO - Filling up the DagBag from /home/jenny/.local/lib/python3.13/site-packages/airflow/example_dags/example_short_circuit_decorator.py
[2026-03-01T14:51:34.124+0530] {processor.py:925} INFO - DAG(s) 'example_short_circuit_decorator' retrieved from /home/jenny/.local/lib/python3.13/site-packages/airflow/example_dags/example_short_circuit_decorator.py
[2026-03-01T14:51:34.138+0530] {logging_mixin.py:190} INFO - [2026-03-01T14:51:34.138+0530] {dag.py:3239} INFO - Sync 1 DAGs
[2026-03-01T14:51:34.146+0530] {logging_mixin.py:190} INFO - [2026-03-01T14:51:34.146+0530] {dag.py:4180} INFO - Setting next_dagrun for example_short_circuit_decorator to None, run_after=None
[2026-03-01T14:51:34.162+0530] {processor.py:208} INFO - Processing /home/jenny/.local/lib/python3.13/site-packages/airflow/example_dags/example_short_circuit_decorator.py took 0.056 seconds
[2026-03-01T14:52:27.264+0530] {processor.py:186} INFO - Started process (PID=242009) to work on /home/jenny/.local/lib/python3.13/site-packages/airflow/example_dags/example_short_circuit_decorator.py
[2026-03-01T14:52:27.264+0530] {processor.py:914} INFO - Processing file /home/jenny/.local/lib/python3.13/site-packages/airflow/example_dags/example_short_circuit_decorator.py for tasks to queue
[2026-03-01T14:52:27.266+0530] {logging_mixin.py:190} INFO - [2026-03-01T14:52:27.266+0530] {dagbag.py:588} INFO - Filling up the DagBag from /home/jenny/.local/lib/python3.13/site-packages/airflow/example_dags/example_short_circuit_decorator.py
[2026-03-01T14:52:27.273+0530] {processor.py:925} INFO - DAG(s) 'example_short_circuit_decorator' retrieved from /home/jenny/.local/lib/python3.13/site-packages/airflow/example_dags/example_short_circuit_decorator.py
[2026-03-01T14:52:27.285+0530] {logging_mixin.py:190} INFO - [2026-03-01T14:52:27.285+0530] {dag.py:3239} INFO - Sync 1 DAGs
[2026-03-01T14:52:27.294+0530] {logging_mixin.py:190} INFO - [2026-03-01T14:52:27.294+0530] {dag.py:4180} INFO - Setting next_dagrun for example_short_circuit_decorator to None, run_after=None
[2026-03-01T14:52:27.310+0530] {processor.py:208} INFO - Processing /home/jenny/.local/lib/python3.13/site-packages/airflow/example_dags/example_short_circuit_decorator.py took 0.050 seconds
[2026-03-01T14:53:19.824+0530] {processor.py:186} INFO - Started process (PID=242151) to work on /home/jenny/.local/lib/python3.13/site-packages/airflow/example_dags/example_short_circuit_decorator.py
[2026-03-01T14:53:19.825+0530] {processor.py:914} INFO - Processing file /home/jenny/.local/lib/python3.13/site-packages/airflow/example_dags/example_short_circuit_decorator.py for tasks to queue
[2026-03-01T14:53:19.828+0530] {logging_mixin.py:190} INFO - [2026-03-01T14:53:19.828+0530] {dagbag.py:588} INFO - Filling up the DagBag from /home/jenny/.local/lib/python3.13/site-packages/airflow/example_dags/example_short_circuit_decorator.py
[2026-03-01T14:53:19.836+0530] {processor.py:925} INFO - DAG(s) 'example_short_circuit_decorator' retrieved from /home/jenny/.local/lib/python3.13/site-packages/airflow/example_dags/example_short_circuit_decorator.py
[2026-03-01T14:53:19.847+0530] {logging_mixin.py:190} INFO - [2026-03-01T14:53:19.846+0530] {dag.py:3239} INFO - Sync 1 DAGs
[2026-03-01T14:53:19.854+0530] {logging_mixin.py:190} INFO - [2026-03-01T14:53:19.854+0530] {dag.py:4180} INFO - Setting next_dagrun for example_short_circuit_decorator to None, run_after=None
[2026-03-01T14:53:19.872+0530] {processor.py:208} INFO - Processing /home/jenny/.local/lib/python3.13/site-packages/airflow/example_dags/example_short_circuit_decorator.py took 0.053 seconds
[2026-03-01T14:54:12.237+0530] {processor.py:186} INFO - Started process (PID=242318) to work on /home/jenny/.local/lib/python3.13/site-packages/airflow/example_dags/example_short_circuit_decorator.py
[2026-03-01T14:54:12.238+0530] {processor.py:914} INFO - Processing file /home/jenny/.local/lib/python3.13/site-packages/airflow/example_dags/example_short_circuit_decorator.py for tasks to queue
[2026-03-01T14:54:12.241+0530] {logging_mixin.py:190} INFO - [2026-03-01T14:54:12.240+0530] {dagbag.py:588} INFO - Filling up the DagBag from /home/jenny/.local/lib/python3.13/site-packages/airflow/example_dags/example_short_circuit_decorator.py
[2026-03-01T14:54:12.250+0530] {processor.py:925} INFO - DAG(s) 'example_short_circuit_decorator' retrieved from /home/jenny/.local/lib/python3.13/site-packages/airflow/example_dags/example_short_circuit_decorator.py
[2026-03-01T14:54:12.260+0530] {logging_mixin.py:190} INFO - [2026-03-01T14:54:12.260+0530] {dag.py:3239} INFO - Sync 1 DAGs
[2026-03-01T14:54:12.267+0530] {logging_mixin.py:190} INFO - [2026-03-01T14:54:12.267+0530] {dag.py:4180} INFO - Setting next_dagrun for example_short_circuit_decorator to None, run_after=None
[2026-03-01T14:54:12.285+0530] {processor.py:208} INFO - Processing /home/jenny/.local/lib/python3.13/site-packages/airflow/example_dags/example_short_circuit_decorator.py took 0.054 seconds
[2026-03-01T14:55:06.679+0530] {processor.py:186} INFO - Started process (PID=242459) to work on /home/jenny/.local/lib/python3.13/site-packages/airflow/example_dags/example_short_circuit_decorator.py
[2026-03-01T14:55:06.680+0530] {processor.py:914} INFO - Processing file /home/jenny/.local/lib/python3.13/site-packages/airflow/example_dags/example_short_circuit_decorator.py for tasks to queue
[2026-03-01T14:55:06.683+0530] {logging_mixin.py:190} INFO - [2026-03-01T14:55:06.682+0530] {dagbag.py:588} INFO - Filling up the DagBag from /home/jenny/.local/lib/python3.13/site-packages/airflow/example_dags/example_short_circuit_decorator.py
[2026-03-01T14:55:06.692+0530] {processor.py:925} INFO - DAG(s) 'example_short_circuit_decorator' retrieved from /home/jenny/.local/lib/python3.13/site-packages/airflow/example_dags/example_short_circuit_decorator.py
[2026-03-01T14:55:06.701+0530] {logging_mixin.py:190} INFO - [2026-03-01T14:55:06.701+0530] {dag.py:3239} INFO - Sync 1 DAGs
[2026-03-01T14:55:06.709+0530] {logging_mixin.py:190} INFO - [2026-03-01T14:55:06.709+0530] {dag.py:4180} INFO - Setting next_dagrun for example_short_circuit_decorator to None, run_after=None
[2026-03-01T14:55:06.725+0530] {processor.py:208} INFO - Processing /home/jenny/.local/lib/python3.13/site-packages/airflow/example_dags/example_short_circuit_decorator.py took 0.052 seconds
[2026-03-01T14:56:00.873+0530] {processor.py:186} INFO - Started process (PID=246591) to work on /home/jenny/.local/lib/python3.13/site-packages/airflow/example_dags/example_short_circuit_decorator.py
[2026-03-01T14:56:00.875+0530] {processor.py:914} INFO - Processing file /home/jenny/.local/lib/python3.13/site-packages/airflow/example_dags/example_short_circuit_decorator.py for tasks to queue
[2026-03-01T14:56:00.878+0530] {logging_mixin.py:190} INFO - [2026-03-01T14:56:00.877+0530] {dagbag.py:588} INFO - Filling up the DagBag from /home/jenny/.local/lib/python3.13/site-packages/airflow/example_dags/example_short_circuit_decorator.py
[2026-03-01T14:56:00.887+0530] {processor.py:925} INFO - DAG(s) 'example_short_circuit_decorator' retrieved from /home/jenny/.local/lib/python3.13/site-packages/airflow/example_dags/example_short_circuit_decorator.py
[2026-03-01T14:56:00.897+0530] {logging_mixin.py:190} INFO - [2026-03-01T14:56:00.897+0530] {dag.py:3239} INFO - Sync 1 DAGs
[2026-03-01T14:56:00.906+0530] {logging_mixin.py:190} INFO - [2026-03-01T14:56:00.906+0530] {dag.py:4180} INFO - Setting next_dagrun for example_short_circuit_decorator to None, run_after=None
[2026-03-01T14:56:00.949+0530] {processor.py:208} INFO - Processing /home/jenny/.local/lib/python3.13/site-packages/airflow/example_dags/example_short_circuit_decorator.py took 0.081 seconds
[2026-03-01T14:56:54.183+0530] {processor.py:186} INFO - Started process (PID=246733) to work on /home/jenny/.local/lib/python3.13/site-packages/airflow/example_dags/example_short_circuit_decorator.py
[2026-03-01T14:56:54.184+0530] {processor.py:914} INFO - Processing file /home/jenny/.local/lib/python3.13/site-packages/airflow/example_dags/example_short_circuit_decorator.py for tasks to queue
[2026-03-01T14:56:54.186+0530] {logging_mixin.py:190} INFO - [2026-03-01T14:56:54.185+0530] {dagbag.py:588} INFO - Filling up the DagBag from /home/jenny/.local/lib/python3.13/site-packages/airflow/example_dags/example_short_circuit_decorator.py
[2026-03-01T14:56:54.193+0530] {processor.py:925} INFO - DAG(s) 'example_short_circuit_decorator' retrieved from /home/jenny/.local/lib/python3.13/site-packages/airflow/example_dags/example_short_circuit_decorator.py
[2026-03-01T14:56:54.204+0530] {logging_mixin.py:190} INFO - [2026-03-01T14:56:54.204+0530] {dag.py:3239} INFO - Sync 1 DAGs
[2026-03-01T14:56:54.212+0530] {logging_mixin.py:190} INFO - [2026-03-01T14:56:54.212+0530] {dag.py:4180} INFO - Setting next_dagrun for example_short_circuit_decorator to None, run_after=None
[2026-03-01T14:56:54.227+0530] {processor.py:208} INFO - Processing /home/jenny/.local/lib/python3.13/site-packages/airflow/example_dags/example_short_circuit_decorator.py took 0.049 seconds
[2026-03-01T14:57:49.192+0530] {processor.py:186} INFO - Started process (PID=246896) to work on /home/jenny/.local/lib/python3.13/site-packages/airflow/example_dags/example_short_circuit_decorator.py
[2026-03-01T14:57:49.193+0530] {processor.py:914} INFO - Processing file /home/jenny/.local/lib/python3.13/site-packages/airflow/example_dags/example_short_circuit_decorator.py for tasks to queue
[2026-03-01T14:57:49.196+0530] {logging_mixin.py:190} INFO - [2026-03-01T14:57:49.196+0530] {dagbag.py:588} INFO - Filling up the DagBag from /home/jenny/.local/lib/python3.13/site-packages/airflow/example_dags/example_short_circuit_decorator.py
[2026-03-01T14:57:49.205+0530] {processor.py:925} INFO - DAG(s) 'example_short_circuit_decorator' retrieved from /home/jenny/.local/lib/python3.13/site-packages/airflow/example_dags/example_short_circuit_decorator.py
[2026-03-01T14:57:49.216+0530] {logging_mixin.py:190} INFO - [2026-03-01T14:57:49.215+0530] {dag.py:3239} INFO - Sync 1 DAGs
[2026-03-01T14:57:49.223+0530] {logging_mixin.py:190} INFO - [2026-03-01T14:57:49.223+0530] {dag.py:4180} INFO - Setting next_dagrun for example_short_circuit_decorator to None, run_after=None
[2026-03-01T14:57:49.239+0530] {processor.py:208} INFO - Processing /home/jenny/.local/lib/python3.13/site-packages/airflow/example_dags/example_short_circuit_decorator.py took 0.053 seconds
[2026-03-01T14:58:43.223+0530] {processor.py:186} INFO - Started process (PID=247142) to work on /home/jenny/.local/lib/python3.13/site-packages/airflow/example_dags/example_short_circuit_decorator.py
[2026-03-01T14:58:43.224+0530] {processor.py:914} INFO - Processing file /home/jenny/.local/lib/python3.13/site-packages/airflow/example_dags/example_short_circuit_decorator.py for tasks to queue
[2026-03-01T14:58:43.226+0530] {logging_mixin.py:190} INFO - [2026-03-01T14:58:43.226+0530] {dagbag.py:588} INFO - Filling up the DagBag from /home/jenny/.local/lib/python3.13/site-packages/airflow/example_dags/example_short_circuit_decorator.py
[2026-03-01T14:58:43.235+0530] {processor.py:925} INFO - DAG(s) 'example_short_circuit_decorator' retrieved from /home/jenny/.local/lib/python3.13/site-packages/airflow/example_dags/example_short_circuit_decorator.py
[2026-03-01T14:58:43.249+0530] {logging_mixin.py:190} INFO - [2026-03-01T14:58:43.249+0530] {dag.py:3239} INFO - Sync 1 DAGs
[2026-03-01T14:58:43.259+0530] {logging_mixin.py:190} INFO - [2026-03-01T14:58:43.259+0530] {dag.py:4180} INFO - Setting next_dagrun for example_short_circuit_decorator to None, run_after=None
[2026-03-01T14:58:43.281+0530] {processor.py:208} INFO - Processing /home/jenny/.local/lib/python3.13/site-packages/airflow/example_dags/example_short_circuit_decorator.py took 0.062 seconds
[2026-03-01T14:59:38.250+0530] {processor.py:186} INFO - Started process (PID=247441) to work on /home/jenny/.local/lib/python3.13/site-packages/airflow/example_dags/example_short_circuit_decorator.py
[2026-03-01T14:59:38.251+0530] {processor.py:914} INFO - Processing file /home/jenny/.local/lib/python3.13/site-packages/airflow/example_dags/example_short_circuit_decorator.py for tasks to queue
[2026-03-01T14:59:38.254+0530] {logging_mixin.py:190} INFO - [2026-03-01T14:59:38.253+0530] {dagbag.py:588} INFO - Filling up the DagBag from /home/jenny/.local/lib/python3.13/site-packages/airflow/example_dags/example_short_circuit_decorator.py
[2026-03-01T14:59:38.264+0530] {processor.py:925} INFO - DAG(s) 'example_short_circuit_decorator' retrieved from /home/jenny/.local/lib/python3.13/site-packages/airflow/example_dags/example_short_circuit_decorator.py
[2026-03-01T14:59:38.280+0530] {logging_mixin.py:190} INFO - [2026-03-01T14:59:38.280+0530] {dag.py:3239} INFO - Sync 1 DAGs
[2026-03-01T14:59:38.294+0530] {logging_mixin.py:190} INFO - [2026-03-01T14:59:38.293+0530] {dag.py:4180} INFO - Setting next_dagrun for example_short_circuit_decorator to None, run_after=None
[2026-03-01T14:59:38.315+0530] {processor.py:208} INFO - Processing /home/jenny/.local/lib/python3.13/site-packages/airflow/example_dags/example_short_circuit_decorator.py took 0.071 seconds
[2026-03-01T15:00:32.302+0530] {processor.py:186} INFO - Started process (PID=248017) to work on /home/jenny/.local/lib/python3.13/site-packages/airflow/example_dags/example_short_circuit_decorator.py
[2026-03-01T15:00:32.303+0530] {processor.py:914} INFO - Processing file /home/jenny/.local/lib/python3.13/site-packages/airflow/example_dags/example_short_circuit_decorator.py for tasks to queue
[2026-03-01T15:00:32.305+0530] {logging_mixin.py:190} INFO - [2026-03-01T15:00:32.305+0530] {dagbag.py:588} INFO - Filling up the DagBag from /home/jenny/.local/lib/python3.13/site-packages/airflow/example_dags/example_short_circuit_decorator.py
[2026-03-01T15:00:32.314+0530] {processor.py:925} INFO - DAG(s) 'example_short_circuit_decorator' retrieved from /home/jenny/.local/lib/python3.13/site-packages/airflow/example_dags/example_short_circuit_decorator.py
[2026-03-01T15:00:32.324+0530] {logging_mixin.py:190} INFO - [2026-03-01T15:00:32.324+0530] {dag.py:3239} INFO - Sync 1 DAGs
[2026-03-01T15:00:32.332+0530] {logging_mixin.py:190} INFO - [2026-03-01T15:00:32.332+0530] {dag.py:4180} INFO - Setting next_dagrun for example_short_circuit_decorator to None, run_after=None
[2026-03-01T15:00:32.349+0530] {processor.py:208} INFO - Processing /home/jenny/.local/lib/python3.13/site-packages/airflow/example_dags/example_short_circuit_decorator.py took 0.052 seconds
[2026-03-01T15:01:28.681+0530] {processor.py:186} INFO - Started process (PID=248203) to work on /home/jenny/.local/lib/python3.13/site-packages/airflow/example_dags/example_short_circuit_decorator.py
[2026-03-01T15:01:28.682+0530] {processor.py:914} INFO - Processing file /home/jenny/.local/lib/python3.13/site-packages/airflow/example_dags/example_short_circuit_decorator.py for tasks to queue
[2026-03-01T15:01:28.684+0530] {logging_mixin.py:190} INFO - [2026-03-01T15:01:28.683+0530] {dagbag.py:588} INFO - Filling up the DagBag from /home/jenny/.local/lib/python3.13/site-packages/airflow/example_dags/example_short_circuit_decorator.py
[2026-03-01T15:01:28.691+0530] {processor.py:925} INFO - DAG(s) 'example_short_circuit_decorator' retrieved from /home/jenny/.local/lib/python3.13/site-packages/airflow/example_dags/example_short_circuit_decorator.py
[2026-03-01T15:01:28.702+0530] {logging_mixin.py:190} INFO - [2026-03-01T15:01:28.701+0530] {dag.py:3239} INFO - Sync 1 DAGs
[2026-03-01T15:01:28.711+0530] {logging_mixin.py:190} INFO - [2026-03-01T15:01:28.711+0530] {dag.py:4180} INFO - Setting next_dagrun for example_short_circuit_decorator to None, run_after=None
[2026-03-01T15:01:28.728+0530] {processor.py:208} INFO - Processing /home/jenny/.local/lib/python3.13/site-packages/airflow/example_dags/example_short_circuit_decorator.py took 0.051 seconds
[2026-03-01T15:02:21.855+0530] {processor.py:186} INFO - Started process (PID=248390) to work on /home/jenny/.local/lib/python3.13/site-packages/airflow/example_dags/example_short_circuit_decorator.py
[2026-03-01T15:02:21.856+0530] {processor.py:914} INFO - Processing file /home/jenny/.local/lib/python3.13/site-packages/airflow/example_dags/example_short_circuit_decorator.py for tasks to queue
[2026-03-01T15:02:21.858+0530] {logging_mixin.py:190} INFO - [2026-03-01T15:02:21.858+0530] {dagbag.py:588} INFO - Filling up the DagBag from /home/jenny/.local/lib/python3.13/site-packages/airflow/example_dags/example_short_circuit_decorator.py
[2026-03-01T15:02:21.866+0530] {processor.py:925} INFO - DAG(s) 'example_short_circuit_decorator' retrieved from /home/jenny/.local/lib/python3.13/site-packages/airflow/example_dags/example_short_circuit_decorator.py
[2026-03-01T15:02:21.878+0530] {logging_mixin.py:190} INFO - [2026-03-01T15:02:21.878+0530] {dag.py:3239} INFO - Sync 1 DAGs
[2026-03-01T15:02:21.887+0530] {logging_mixin.py:190} INFO - [2026-03-01T15:02:21.886+0530] {dag.py:4180} INFO - Setting next_dagrun for example_short_circuit_decorator to None, run_after=None
[2026-03-01T15:02:21.903+0530] {processor.py:208} INFO - Processing /home/jenny/.local/lib/python3.13/site-packages/airflow/example_dags/example_short_circuit_decorator.py took 0.053 seconds
[2026-03-01T15:03:18.096+0530] {processor.py:186} INFO - Started process (PID=248710) to work on /home/jenny/.local/lib/python3.13/site-packages/airflow/example_dags/example_short_circuit_decorator.py
[2026-03-01T15:03:18.097+0530] {processor.py:914} INFO - Processing file /home/jenny/.local/lib/python3.13/site-packages/airflow/example_dags/example_short_circuit_decorator.py for tasks to queue
[2026-03-01T15:03:18.099+0530] {logging_mixin.py:190} INFO - [2026-03-01T15:03:18.099+0530] {dagbag.py:588} INFO - Filling up the DagBag from /home/jenny/.local/lib/python3.13/site-packages/airflow/example_dags/example_short_circuit_decorator.py
[2026-03-01T15:03:18.108+0530] {processor.py:925} INFO - DAG(s) 'example_short_circuit_decorator' retrieved from /home/jenny/.local/lib/python3.13/site-packages/airflow/example_dags/example_short_circuit_decorator.py
[2026-03-01T15:03:18.118+0530] {logging_mixin.py:190} INFO - [2026-03-01T15:03:18.118+0530] {dag.py:3239} INFO - Sync 1 DAGs
[2026-03-01T15:03:18.126+0530] {logging_mixin.py:190} INFO - [2026-03-01T15:03:18.126+0530] {dag.py:4180} INFO - Setting next_dagrun for example_short_circuit_decorator to None, run_after=None
[2026-03-01T15:03:18.149+0530] {processor.py:208} INFO - Processing /home/jenny/.local/lib/python3.13/site-packages/airflow/example_dags/example_short_circuit_decorator.py took 0.058 seconds
[2026-03-01T15:04:12.563+0530] {processor.py:186} INFO - Started process (PID=249077) to work on /home/jenny/.local/lib/python3.13/site-packages/airflow/example_dags/example_short_circuit_decorator.py
[2026-03-01T15:04:12.564+0530] {processor.py:914} INFO - Processing file /home/jenny/.local/lib/python3.13/site-packages/airflow/example_dags/example_short_circuit_decorator.py for tasks to queue
[2026-03-01T15:04:12.566+0530] {logging_mixin.py:190} INFO - [2026-03-01T15:04:12.565+0530] {dagbag.py:588} INFO - Filling up the DagBag from /home/jenny/.local/lib/python3.13/site-packages/airflow/example_dags/example_short_circuit_decorator.py
[2026-03-01T15:04:12.576+0530] {processor.py:925} INFO - DAG(s) 'example_short_circuit_decorator' retrieved from /home/jenny/.local/lib/python3.13/site-packages/airflow/example_dags/example_short_circuit_decorator.py
[2026-03-01T15:04:12.591+0530] {logging_mixin.py:190} INFO - [2026-03-01T15:04:12.591+0530] {dag.py:3239} INFO - Sync 1 DAGs
[2026-03-01T15:04:12.602+0530] {logging_mixin.py:190} INFO - [2026-03-01T15:04:12.602+0530] {dag.py:4180} INFO - Setting next_dagrun for example_short_circuit_decorator to None, run_after=None
[2026-03-01T15:04:12.624+0530] {processor.py:208} INFO - Processing /home/jenny/.local/lib/python3.13/site-packages/airflow/example_dags/example_short_circuit_decorator.py took 0.064 seconds
[2026-03-01T15:05:04.984+0530] {processor.py:186} INFO - Started process (PID=249412) to work on /home/jenny/.local/lib/python3.13/site-packages/airflow/example_dags/example_short_circuit_decorator.py
[2026-03-01T15:05:04.985+0530] {processor.py:914} INFO - Processing file /home/jenny/.local/lib/python3.13/site-packages/airflow/example_dags/example_short_circuit_decorator.py for tasks to queue
[2026-03-01T15:05:04.988+0530] {logging_mixin.py:190} INFO - [2026-03-01T15:05:04.987+0530] {dagbag.py:588} INFO - Filling up the DagBag from /home/jenny/.local/lib/python3.13/site-packages/airflow/example_dags/example_short_circuit_decorator.py
[2026-03-01T15:05:05.005+0530] {processor.py:925} INFO - DAG(s) 'example_short_circuit_decorator' retrieved from /home/jenny/.local/lib/python3.13/site-packages/airflow/example_dags/example_short_circuit_decorator.py
[2026-03-01T15:05:05.023+0530] {logging_mixin.py:190} INFO - [2026-03-01T15:05:05.023+0530] {dag.py:3239} INFO - Sync 1 DAGs
[2026-03-01T15:05:05.033+0530] {logging_mixin.py:190} INFO - [2026-03-01T15:05:05.033+0530] {dag.py:4180} INFO - Setting next_dagrun for example_short_circuit_decorator to None, run_after=None
[2026-03-01T15:05:05.059+0530] {processor.py:208} INFO - Processing /home/jenny/.local/lib/python3.13/site-packages/airflow/example_dags/example_short_circuit_decorator.py took 0.083 seconds
[2026-03-01T15:05:58.230+0530] {processor.py:186} INFO - Started process (PID=249644) to work on /home/jenny/.local/lib/python3.13/site-packages/airflow/example_dags/example_short_circuit_decorator.py
[2026-03-01T15:05:58.232+0530] {processor.py:914} INFO - Processing file /home/jenny/.local/lib/python3.13/site-packages/airflow/example_dags/example_short_circuit_decorator.py for tasks to queue
[2026-03-01T15:05:58.235+0530] {logging_mixin.py:190} INFO - [2026-03-01T15:05:58.234+0530] {dagbag.py:588} INFO - Filling up the DagBag from /home/jenny/.local/lib/python3.13/site-packages/airflow/example_dags/example_short_circuit_decorator.py
[2026-03-01T15:05:58.244+0530] {processor.py:925} INFO - DAG(s) 'example_short_circuit_decorator' retrieved from /home/jenny/.local/lib/python3.13/site-packages/airflow/example_dags/example_short_circuit_decorator.py
[2026-03-01T15:05:58.254+0530] {logging_mixin.py:190} INFO - [2026-03-01T15:05:58.253+0530] {dag.py:3239} INFO - Sync 1 DAGs
[2026-03-01T15:05:58.262+0530] {logging_mixin.py:190} INFO - [2026-03-01T15:05:58.261+0530] {dag.py:4180} INFO - Setting next_dagrun for example_short_circuit_decorator to None, run_after=None
[2026-03-01T15:05:58.279+0530] {processor.py:208} INFO - Processing /home/jenny/.local/lib/python3.13/site-packages/airflow/example_dags/example_short_circuit_decorator.py took 0.055 seconds
[2026-03-01T15:06:51.263+0530] {processor.py:186} INFO - Started process (PID=249928) to work on /home/jenny/.local/lib/python3.13/site-packages/airflow/example_dags/example_short_circuit_decorator.py
[2026-03-01T15:06:51.264+0530] {processor.py:914} INFO - Processing file /home/jenny/.local/lib/python3.13/site-packages/airflow/example_dags/example_short_circuit_decorator.py for tasks to queue
[2026-03-01T15:06:51.266+0530] {logging_mixin.py:190} INFO - [2026-03-01T15:06:51.265+0530] {dagbag.py:588} INFO - Filling up the DagBag from /home/jenny/.local/lib/python3.13/site-packages/airflow/example_dags/example_short_circuit_decorator.py
[2026-03-01T15:06:51.274+0530] {processor.py:925} INFO - DAG(s) 'example_short_circuit_decorator' retrieved from /home/jenny/.local/lib/python3.13/site-packages/airflow/example_dags/example_short_circuit_decorator.py
[2026-03-01T15:06:51.284+0530] {logging_mixin.py:190} INFO - [2026-03-01T15:06:51.284+0530] {dag.py:3239} INFO - Sync 1 DAGs
[2026-03-01T15:06:51.292+0530] {logging_mixin.py:190} INFO - [2026-03-01T15:06:51.292+0530] {dag.py:4180} INFO - Setting next_dagrun for example_short_circuit_decorator to None, run_after=None
[2026-03-01T15:06:51.308+0530] {processor.py:208} INFO - Processing /home/jenny/.local/lib/python3.13/site-packages/airflow/example_dags/example_short_circuit_decorator.py took 0.049 seconds
[2026-03-01T15:07:44.964+0530] {processor.py:186} INFO - Started process (PID=250235) to work on /home/jenny/.local/lib/python3.13/site-packages/airflow/example_dags/example_short_circuit_decorator.py
[2026-03-01T15:07:44.965+0530] {processor.py:914} INFO - Processing file /home/jenny/.local/lib/python3.13/site-packages/airflow/example_dags/example_short_circuit_decorator.py for tasks to queue
[2026-03-01T15:07:44.967+0530] {logging_mixin.py:190} INFO - [2026-03-01T15:07:44.966+0530] {dagbag.py:588} INFO - Filling up the DagBag from /home/jenny/.local/lib/python3.13/site-packages/airflow/example_dags/example_short_circuit_decorator.py
[2026-03-01T15:07:44.975+0530] {processor.py:925} INFO - DAG(s) 'example_short_circuit_decorator' retrieved from /home/jenny/.local/lib/python3.13/site-packages/airflow/example_dags/example_short_circuit_decorator.py
[2026-03-01T15:07:44.989+0530] {logging_mixin.py:190} INFO - [2026-03-01T15:07:44.989+0530] {dag.py:3239} INFO - Sync 1 DAGs
[2026-03-01T15:07:45.000+0530] {logging_mixin.py:190} INFO - [2026-03-01T15:07:44.999+0530] {dag.py:4180} INFO - Setting next_dagrun for example_short_circuit_decorator to None, run_after=None
[2026-03-01T15:07:45.017+0530] {processor.py:208} INFO - Processing /home/jenny/.local/lib/python3.13/site-packages/airflow/example_dags/example_short_circuit_decorator.py took 0.057 seconds
[2026-03-01T15:08:37.083+0530] {processor.py:186} INFO - Started process (PID=250483) to work on /home/jenny/.local/lib/python3.13/site-packages/airflow/example_dags/example_short_circuit_decorator.py
[2026-03-01T15:08:37.084+0530] {processor.py:914} INFO - Processing file /home/jenny/.local/lib/python3.13/site-packages/airflow/example_dags/example_short_circuit_decorator.py for tasks to queue
[2026-03-01T15:08:37.088+0530] {logging_mixin.py:190} INFO - [2026-03-01T15:08:37.087+0530] {dagbag.py:588} INFO - Filling up the DagBag from /home/jenny/.local/lib/python3.13/site-packages/airflow/example_dags/example_short_circuit_decorator.py
[2026-03-01T15:08:37.099+0530] {processor.py:925} INFO - DAG(s) 'example_short_circuit_decorator' retrieved from /home/jenny/.local/lib/python3.13/site-packages/airflow/example_dags/example_short_circuit_decorator.py
[2026-03-01T15:08:37.115+0530] {logging_mixin.py:190} INFO - [2026-03-01T15:08:37.115+0530] {dag.py:3239} INFO - Sync 1 DAGs
[2026-03-01T15:08:37.127+0530] {logging_mixin.py:190} INFO - [2026-03-01T15:08:37.127+0530] {dag.py:4180} INFO - Setting next_dagrun for example_short_circuit_decorator to None, run_after=None
[2026-03-01T15:08:37.149+0530] {processor.py:208} INFO - Processing /home/jenny/.local/lib/python3.13/site-packages/airflow/example_dags/example_short_circuit_decorator.py took 0.072 seconds
[2026-03-01T15:09:29.482+0530] {processor.py:186} INFO - Started process (PID=250805) to work on /home/jenny/.local/lib/python3.13/site-packages/airflow/example_dags/example_short_circuit_decorator.py
[2026-03-01T15:09:29.483+0530] {processor.py:914} INFO - Processing file /home/jenny/.local/lib/python3.13/site-packages/airflow/example_dags/example_short_circuit_decorator.py for tasks to queue
[2026-03-01T15:09:29.485+0530] {logging_mixin.py:190} INFO - [2026-03-01T15:09:29.485+0530] {dagbag.py:588} INFO - Filling up the DagBag from /home/jenny/.local/lib/python3.13/site-packages/airflow/example_dags/example_short_circuit_decorator.py
[2026-03-01T15:09:29.498+0530] {processor.py:925} INFO - DAG(s) 'example_short_circuit_decorator' retrieved from /home/jenny/.local/lib/python3.13/site-packages/airflow/example_dags/example_short_circuit_decorator.py
[2026-03-01T15:09:29.517+0530] {logging_mixin.py:190} INFO - [2026-03-01T15:09:29.517+0530] {dag.py:3239} INFO - Sync 1 DAGs
[2026-03-01T15:09:29.529+0530] {logging_mixin.py:190} INFO - [2026-03-01T15:09:29.528+0530] {dag.py:4180} INFO - Setting next_dagrun for example_short_circuit_decorator to None, run_after=None
[2026-03-01T15:09:29.569+0530] {processor.py:208} INFO - Processing /home/jenny/.local/lib/python3.13/site-packages/airflow/example_dags/example_short_circuit_decorator.py took 0.093 seconds
[2026-03-01T15:10:21.739+0530] {processor.py:186} INFO - Started process (PID=251228) to work on /home/jenny/.local/lib/python3.13/site-packages/airflow/example_dags/example_short_circuit_decorator.py
[2026-03-01T15:10:21.740+0530] {processor.py:914} INFO - Processing file /home/jenny/.local/lib/python3.13/site-packages/airflow/example_dags/example_short_circuit_decorator.py for tasks to queue
[2026-03-01T15:10:21.742+0530] {logging_mixin.py:190} INFO - [2026-03-01T15:10:21.741+0530] {dagbag.py:588} INFO - Filling up the DagBag from /home/jenny/.local/lib/python3.13/site-packages/airflow/example_dags/example_short_circuit_decorator.py
[2026-03-01T15:10:21.753+0530] {processor.py:925} INFO - DAG(s) 'example_short_circuit_decorator' retrieved from /home/jenny/.local/lib/python3.13/site-packages/airflow/example_dags/example_short_circuit_decorator.py
[2026-03-01T15:10:21.769+0530] {logging_mixin.py:190} INFO - [2026-03-01T15:10:21.769+0530] {dag.py:3239} INFO - Sync 1 DAGs
[2026-03-01T15:10:21.781+0530] {logging_mixin.py:190} INFO - [2026-03-01T15:10:21.781+0530] {dag.py:4180} INFO - Setting next_dagrun for example_short_circuit_decorator to None, run_after=None
[2026-03-01T15:10:21.806+0530] {processor.py:208} INFO - Processing /home/jenny/.local/lib/python3.13/site-packages/airflow/example_dags/example_short_circuit_decorator.py took 0.073 seconds
[2026-03-01T19:41:29.200+0530] {processor.py:186} INFO - Started process (PID=255508) to work on /home/jenny/.local/lib/python3.13/site-packages/airflow/example_dags/example_short_circuit_decorator.py
[2026-03-01T19:41:29.201+0530] {processor.py:914} INFO - Processing file /home/jenny/.local/lib/python3.13/site-packages/airflow/example_dags/example_short_circuit_decorator.py for tasks to queue
[2026-03-01T19:41:29.203+0530] {logging_mixin.py:190} INFO - [2026-03-01T19:41:29.202+0530] {dagbag.py:588} INFO - Filling up the DagBag from /home/jenny/.local/lib/python3.13/site-packages/airflow/example_dags/example_short_circuit_decorator.py
[2026-03-01T19:41:29.212+0530] {processor.py:925} INFO - DAG(s) 'example_short_circuit_decorator' retrieved from /home/jenny/.local/lib/python3.13/site-packages/airflow/example_dags/example_short_circuit_decorator.py
[2026-03-01T19:41:29.223+0530] {logging_mixin.py:190} INFO - [2026-03-01T19:41:29.223+0530] {dag.py:3239} INFO - Sync 1 DAGs
[2026-03-01T19:41:29.234+0530] {logging_mixin.py:190} INFO - [2026-03-01T19:41:29.234+0530] {dag.py:4180} INFO - Setting next_dagrun for example_short_circuit_decorator to None, run_after=None
[2026-03-01T19:41:29.254+0530] {processor.py:208} INFO - Processing /home/jenny/.local/lib/python3.13/site-packages/airflow/example_dags/example_short_circuit_decorator.py took 0.060 seconds
[2026-03-01T19:42:26.326+0530] {processor.py:186} INFO - Started process (PID=255770) to work on /home/jenny/.local/lib/python3.13/site-packages/airflow/example_dags/example_short_circuit_decorator.py
[2026-03-01T19:42:26.327+0530] {processor.py:914} INFO - Processing file /home/jenny/.local/lib/python3.13/site-packages/airflow/example_dags/example_short_circuit_decorator.py for tasks to queue
[2026-03-01T19:42:26.327+0530] {logging_mixin.py:190} INFO - [2026-03-01T19:42:26.327+0530] {dagbag.py:588} INFO - Filling up the DagBag from /home/jenny/.local/lib/python3.13/site-packages/airflow/example_dags/example_short_circuit_decorator.py
[2026-03-01T19:42:26.334+0530] {processor.py:925} INFO - DAG(s) 'example_short_circuit_decorator' retrieved from /home/jenny/.local/lib/python3.13/site-packages/airflow/example_dags/example_short_circuit_decorator.py
[2026-03-01T19:42:26.345+0530] {logging_mixin.py:190} INFO - [2026-03-01T19:42:26.345+0530] {dag.py:3239} INFO - Sync 1 DAGs
[2026-03-01T19:42:26.354+0530] {logging_mixin.py:190} INFO - [2026-03-01T19:42:26.354+0530] {dag.py:4180} INFO - Setting next_dagrun for example_short_circuit_decorator to None, run_after=None
[2026-03-01T19:42:26.369+0530] {processor.py:208} INFO - Processing /home/jenny/.local/lib/python3.13/site-packages/airflow/example_dags/example_short_circuit_decorator.py took 0.047 seconds
[2026-03-01T19:43:20.515+0530] {processor.py:186} INFO - Started process (PID=256163) to work on /home/jenny/.local/lib/python3.13/site-packages/airflow/example_dags/example_short_circuit_decorator.py
[2026-03-01T19:43:20.516+0530] {processor.py:914} INFO - Processing file /home/jenny/.local/lib/python3.13/site-packages/airflow/example_dags/example_short_circuit_decorator.py for tasks to queue
[2026-03-01T19:43:20.517+0530] {logging_mixin.py:190} INFO - [2026-03-01T19:43:20.516+0530] {dagbag.py:588} INFO - Filling up the DagBag from /home/jenny/.local/lib/python3.13/site-packages/airflow/example_dags/example_short_circuit_decorator.py
[2026-03-01T19:43:20.526+0530] {processor.py:925} INFO - DAG(s) 'example_short_circuit_decorator' retrieved from /home/jenny/.local/lib/python3.13/site-packages/airflow/example_dags/example_short_circuit_decorator.py
[2026-03-01T19:43:20.536+0530] {logging_mixin.py:190} INFO - [2026-03-01T19:43:20.536+0530] {dag.py:3239} INFO - Sync 1 DAGs
[2026-03-01T19:43:20.544+0530] {logging_mixin.py:190} INFO - [2026-03-01T19:43:20.544+0530] {dag.py:4180} INFO - Setting next_dagrun for example_short_circuit_decorator to None, run_after=None
[2026-03-01T19:43:20.584+0530] {processor.py:208} INFO - Processing /home/jenny/.local/lib/python3.13/site-packages/airflow/example_dags/example_short_circuit_decorator.py took 0.074 seconds
[2026-03-01T19:44:14.434+0530] {processor.py:186} INFO - Started process (PID=256313) to work on /home/jenny/.local/lib/python3.13/site-packages/airflow/example_dags/example_short_circuit_decorator.py
[2026-03-01T19:44:14.434+0530] {processor.py:914} INFO - Processing file /home/jenny/.local/lib/python3.13/site-packages/airflow/example_dags/example_short_circuit_decorator.py for tasks to queue
[2026-03-01T19:44:14.436+0530] {logging_mixin.py:190} INFO - [2026-03-01T19:44:14.435+0530] {dagbag.py:588} INFO - Filling up the DagBag from /home/jenny/.local/lib/python3.13/site-packages/airflow/example_dags/example_short_circuit_decorator.py
[2026-03-01T19:44:14.444+0530] {processor.py:925} INFO - DAG(s) 'example_short_circuit_decorator' retrieved from /home/jenny/.local/lib/python3.13/site-packages/airflow/example_dags/example_short_circuit_decorator.py
[2026-03-01T19:44:14.455+0530] {logging_mixin.py:190} INFO - [2026-03-01T19:44:14.455+0530] {dag.py:3239} INFO - Sync 1 DAGs
[2026-03-01T19:44:14.464+0530] {logging_mixin.py:190} INFO - [2026-03-01T19:44:14.464+0530] {dag.py:4180} INFO - Setting next_dagrun for example_short_circuit_decorator to None, run_after=None
[2026-03-01T19:44:14.479+0530] {processor.py:208} INFO - Processing /home/jenny/.local/lib/python3.13/site-packages/airflow/example_dags/example_short_circuit_decorator.py took 0.050 seconds
[2026-03-01T19:45:06.285+0530] {processor.py:186} INFO - Started process (PID=256759) to work on /home/jenny/.local/lib/python3.13/site-packages/airflow/example_dags/example_short_circuit_decorator.py
[2026-03-01T19:45:06.286+0530] {processor.py:914} INFO - Processing file /home/jenny/.local/lib/python3.13/site-packages/airflow/example_dags/example_short_circuit_decorator.py for tasks to queue
[2026-03-01T19:45:06.287+0530] {logging_mixin.py:190} INFO - [2026-03-01T19:45:06.287+0530] {dagbag.py:588} INFO - Filling up the DagBag from /home/jenny/.local/lib/python3.13/site-packages/airflow/example_dags/example_short_circuit_decorator.py
[2026-03-01T19:45:06.294+0530] {processor.py:925} INFO - DAG(s) 'example_short_circuit_decorator' retrieved from /home/jenny/.local/lib/python3.13/site-packages/airflow/example_dags/example_short_circuit_decorator.py
[2026-03-01T19:45:06.305+0530] {logging_mixin.py:190} INFO - [2026-03-01T19:45:06.305+0530] {dag.py:3239} INFO - Sync 1 DAGs
[2026-03-01T19:45:06.313+0530] {logging_mixin.py:190} INFO - [2026-03-01T19:45:06.313+0530] {dag.py:4180} INFO - Setting next_dagrun for example_short_circuit_decorator to None, run_after=None
[2026-03-01T19:45:06.328+0530] {processor.py:208} INFO - Processing /home/jenny/.local/lib/python3.13/site-packages/airflow/example_dags/example_short_circuit_decorator.py took 0.047 seconds
[2026-03-01T19:45:57.729+0530] {processor.py:186} INFO - Started process (PID=257210) to work on /home/jenny/.local/lib/python3.13/site-packages/airflow/example_dags/example_short_circuit_decorator.py
[2026-03-01T19:45:57.731+0530] {processor.py:914} INFO - Processing file /home/jenny/.local/lib/python3.13/site-packages/airflow/example_dags/example_short_circuit_decorator.py for tasks to queue
[2026-03-01T19:45:57.732+0530] {logging_mixin.py:190} INFO - [2026-03-01T19:45:57.732+0530] {dagbag.py:588} INFO - Filling up the DagBag from /home/jenny/.local/lib/python3.13/site-packages/airflow/example_dags/example_short_circuit_decorator.py
[2026-03-01T19:45:57.741+0530] {processor.py:925} INFO - DAG(s) 'example_short_circuit_decorator' retrieved from /home/jenny/.local/lib/python3.13/site-packages/airflow/example_dags/example_short_circuit_decorator.py
[2026-03-01T19:45:57.752+0530] {logging_mixin.py:190} INFO - [2026-03-01T19:45:57.751+0530] {dag.py:3239} INFO - Sync 1 DAGs
[2026-03-01T19:45:57.763+0530] {logging_mixin.py:190} INFO - [2026-03-01T19:45:57.762+0530] {dag.py:4180} INFO - Setting next_dagrun for example_short_circuit_decorator to None, run_after=None
[2026-03-01T19:45:57.787+0530] {processor.py:208} INFO - Processing /home/jenny/.local/lib/python3.13/site-packages/airflow/example_dags/example_short_circuit_decorator.py took 0.063 seconds
[2026-03-01T19:46:50.530+0530] {processor.py:186} INFO - Started process (PID=258461) to work on /home/jenny/.local/lib/python3.13/site-packages/airflow/example_dags/example_short_circuit_decorator.py
[2026-03-01T19:46:50.531+0530] {processor.py:914} INFO - Processing file /home/jenny/.local/lib/python3.13/site-packages/airflow/example_dags/example_short_circuit_decorator.py for tasks to queue
[2026-03-01T19:46:50.533+0530] {logging_mixin.py:190} INFO - [2026-03-01T19:46:50.532+0530] {dagbag.py:588} INFO - Filling up the DagBag from /home/jenny/.local/lib/python3.13/site-packages/airflow/example_dags/example_short_circuit_decorator.py
[2026-03-01T19:46:50.541+0530] {processor.py:925} INFO - DAG(s) 'example_short_circuit_decorator' retrieved from /home/jenny/.local/lib/python3.13/site-packages/airflow/example_dags/example_short_circuit_decorator.py
[2026-03-01T19:46:50.552+0530] {logging_mixin.py:190} INFO - [2026-03-01T19:46:50.552+0530] {dag.py:3239} INFO - Sync 1 DAGs
[2026-03-01T19:46:50.560+0530] {logging_mixin.py:190} INFO - [2026-03-01T19:46:50.560+0530] {dag.py:4180} INFO - Setting next_dagrun for example_short_circuit_decorator to None, run_after=None
[2026-03-01T19:46:50.577+0530] {processor.py:208} INFO - Processing /home/jenny/.local/lib/python3.13/site-packages/airflow/example_dags/example_short_circuit_decorator.py took 0.051 seconds
[2026-03-01T19:47:43.363+0530] {processor.py:186} INFO - Started process (PID=259768) to work on /home/jenny/.local/lib/python3.13/site-packages/airflow/example_dags/example_short_circuit_decorator.py
[2026-03-01T19:47:43.364+0530] {processor.py:914} INFO - Processing file /home/jenny/.local/lib/python3.13/site-packages/airflow/example_dags/example_short_circuit_decorator.py for tasks to queue
[2026-03-01T19:47:43.366+0530] {logging_mixin.py:190} INFO - [2026-03-01T19:47:43.366+0530] {dagbag.py:588} INFO - Filling up the DagBag from /home/jenny/.local/lib/python3.13/site-packages/airflow/example_dags/example_short_circuit_decorator.py
[2026-03-01T19:47:43.375+0530] {processor.py:925} INFO - DAG(s) 'example_short_circuit_decorator' retrieved from /home/jenny/.local/lib/python3.13/site-packages/airflow/example_dags/example_short_circuit_decorator.py
[2026-03-01T19:47:43.386+0530] {logging_mixin.py:190} INFO - [2026-03-01T19:47:43.386+0530] {dag.py:3239} INFO - Sync 1 DAGs
[2026-03-01T19:47:43.394+0530] {logging_mixin.py:190} INFO - [2026-03-01T19:47:43.394+0530] {dag.py:4180} INFO - Setting next_dagrun for example_short_circuit_decorator to None, run_after=None
[2026-03-01T19:47:43.435+0530] {processor.py:208} INFO - Processing /home/jenny/.local/lib/python3.13/site-packages/airflow/example_dags/example_short_circuit_decorator.py took 0.079 seconds
