[2026-03-01T14:14:46.411+0530] {processor.py:186} INFO - Started process (PID=212706) to work on /home/jenny/.local/lib/python3.13/site-packages/airflow/example_dags/tutorial_objectstorage.py
[2026-03-01T14:14:46.412+0530] {processor.py:914} INFO - Processing file /home/jenny/.local/lib/python3.13/site-packages/airflow/example_dags/tutorial_objectstorage.py for tasks to queue
[2026-03-01T14:14:46.413+0530] {logging_mixin.py:190} INFO - [2026-03-01T14:14:46.413+0530] {dagbag.py:588} INFO - Filling up the DagBag from /home/jenny/.local/lib/python3.13/site-packages/airflow/example_dags/tutorial_objectstorage.py
[2026-03-01T14:14:46.421+0530] {processor.py:925} INFO - DAG(s) 'tutorial_objectstorage' retrieved from /home/jenny/.local/lib/python3.13/site-packages/airflow/example_dags/tutorial_objectstorage.py
[2026-03-01T14:14:46.509+0530] {logging_mixin.py:190} INFO - [2026-03-01T14:14:46.508+0530] {override.py:1932} INFO - Created Permission View: can read on DAG:tutorial_objectstorage
[2026-03-01T14:14:46.521+0530] {logging_mixin.py:190} INFO - [2026-03-01T14:14:46.521+0530] {override.py:1932} INFO - Created Permission View: can delete on DAG:tutorial_objectstorage
[2026-03-01T14:14:46.531+0530] {logging_mixin.py:190} INFO - [2026-03-01T14:14:46.531+0530] {override.py:1932} INFO - Created Permission View: can edit on DAG:tutorial_objectstorage
[2026-03-01T14:14:46.547+0530] {logging_mixin.py:190} INFO - [2026-03-01T14:14:46.547+0530] {override.py:1932} INFO - Created Permission View: can read on DAG Run:tutorial_objectstorage
[2026-03-01T14:14:46.557+0530] {logging_mixin.py:190} INFO - [2026-03-01T14:14:46.556+0530] {override.py:1932} INFO - Created Permission View: menu access on DAG Run:tutorial_objectstorage
[2026-03-01T14:14:46.565+0530] {logging_mixin.py:190} INFO - [2026-03-01T14:14:46.565+0530] {override.py:1932} INFO - Created Permission View: can create on DAG Run:tutorial_objectstorage
[2026-03-01T14:14:46.576+0530] {logging_mixin.py:190} INFO - [2026-03-01T14:14:46.575+0530] {override.py:1932} INFO - Created Permission View: can delete on DAG Run:tutorial_objectstorage
[2026-03-01T14:14:46.576+0530] {logging_mixin.py:190} INFO - [2026-03-01T14:14:46.576+0530] {dag.py:3239} INFO - Sync 1 DAGs
[2026-03-01T14:14:46.584+0530] {logging_mixin.py:190} INFO - [2026-03-01T14:14:46.584+0530] {dag.py:3262} INFO - Creating ORM DAG for tutorial_objectstorage
[2026-03-01T14:14:46.584+0530] {logging_mixin.py:190} INFO - [2026-03-01T14:14:46.584+0530] {dag.py:4180} INFO - Setting next_dagrun for tutorial_objectstorage to None, run_after=None
[2026-03-01T14:14:46.598+0530] {processor.py:208} INFO - Processing /home/jenny/.local/lib/python3.13/site-packages/airflow/example_dags/tutorial_objectstorage.py took 0.191 seconds
[2026-03-01T14:15:49.991+0530] {processor.py:186} INFO - Started process (PID=213370) to work on /home/jenny/.local/lib/python3.13/site-packages/airflow/example_dags/tutorial_objectstorage.py
[2026-03-01T14:15:49.992+0530] {processor.py:914} INFO - Processing file /home/jenny/.local/lib/python3.13/site-packages/airflow/example_dags/tutorial_objectstorage.py for tasks to queue
[2026-03-01T14:15:49.995+0530] {logging_mixin.py:190} INFO - [2026-03-01T14:15:49.994+0530] {dagbag.py:588} INFO - Filling up the DagBag from /home/jenny/.local/lib/python3.13/site-packages/airflow/example_dags/tutorial_objectstorage.py
[2026-03-01T14:15:50.003+0530] {processor.py:925} INFO - DAG(s) 'tutorial_objectstorage' retrieved from /home/jenny/.local/lib/python3.13/site-packages/airflow/example_dags/tutorial_objectstorage.py
[2026-03-01T14:15:50.011+0530] {logging_mixin.py:190} INFO - [2026-03-01T14:15:50.011+0530] {dag.py:3239} INFO - Sync 1 DAGs
[2026-03-01T14:15:50.019+0530] {logging_mixin.py:190} INFO - [2026-03-01T14:15:50.019+0530] {dag.py:4180} INFO - Setting next_dagrun for tutorial_objectstorage to None, run_after=None
[2026-03-01T14:15:50.036+0530] {processor.py:208} INFO - Processing /home/jenny/.local/lib/python3.13/site-packages/airflow/example_dags/tutorial_objectstorage.py took 0.049 seconds
[2026-03-01T14:16:46.202+0530] {processor.py:186} INFO - Started process (PID=214508) to work on /home/jenny/.local/lib/python3.13/site-packages/airflow/example_dags/tutorial_objectstorage.py
[2026-03-01T14:16:46.203+0530] {processor.py:914} INFO - Processing file /home/jenny/.local/lib/python3.13/site-packages/airflow/example_dags/tutorial_objectstorage.py for tasks to queue
[2026-03-01T14:16:46.206+0530] {logging_mixin.py:190} INFO - [2026-03-01T14:16:46.206+0530] {dagbag.py:588} INFO - Filling up the DagBag from /home/jenny/.local/lib/python3.13/site-packages/airflow/example_dags/tutorial_objectstorage.py
[2026-03-01T14:16:46.214+0530] {processor.py:925} INFO - DAG(s) 'tutorial_objectstorage' retrieved from /home/jenny/.local/lib/python3.13/site-packages/airflow/example_dags/tutorial_objectstorage.py
[2026-03-01T14:16:46.222+0530] {logging_mixin.py:190} INFO - [2026-03-01T14:16:46.222+0530] {dag.py:3239} INFO - Sync 1 DAGs
[2026-03-01T14:16:46.230+0530] {logging_mixin.py:190} INFO - [2026-03-01T14:16:46.229+0530] {dag.py:4180} INFO - Setting next_dagrun for tutorial_objectstorage to None, run_after=None
[2026-03-01T14:16:46.248+0530] {processor.py:208} INFO - Processing /home/jenny/.local/lib/python3.13/site-packages/airflow/example_dags/tutorial_objectstorage.py took 0.052 seconds
[2026-03-01T14:17:39.312+0530] {processor.py:186} INFO - Started process (PID=215166) to work on /home/jenny/.local/lib/python3.13/site-packages/airflow/example_dags/tutorial_objectstorage.py
[2026-03-01T14:17:39.313+0530] {processor.py:914} INFO - Processing file /home/jenny/.local/lib/python3.13/site-packages/airflow/example_dags/tutorial_objectstorage.py for tasks to queue
[2026-03-01T14:17:39.316+0530] {logging_mixin.py:190} INFO - [2026-03-01T14:17:39.315+0530] {dagbag.py:588} INFO - Filling up the DagBag from /home/jenny/.local/lib/python3.13/site-packages/airflow/example_dags/tutorial_objectstorage.py
[2026-03-01T14:17:39.323+0530] {processor.py:925} INFO - DAG(s) 'tutorial_objectstorage' retrieved from /home/jenny/.local/lib/python3.13/site-packages/airflow/example_dags/tutorial_objectstorage.py
[2026-03-01T14:17:39.336+0530] {logging_mixin.py:190} INFO - [2026-03-01T14:17:39.336+0530] {dag.py:3239} INFO - Sync 1 DAGs
[2026-03-01T14:17:39.349+0530] {logging_mixin.py:190} INFO - [2026-03-01T14:17:39.349+0530] {dag.py:4180} INFO - Setting next_dagrun for tutorial_objectstorage to None, run_after=None
[2026-03-01T14:17:39.365+0530] {processor.py:208} INFO - Processing /home/jenny/.local/lib/python3.13/site-packages/airflow/example_dags/tutorial_objectstorage.py took 0.057 seconds
[2026-03-01T14:18:04.303+0530] {processor.py:186} INFO - Started process (PID=215567) to work on /home/jenny/.local/lib/python3.13/site-packages/airflow/example_dags/tutorial_objectstorage.py
[2026-03-01T14:18:04.304+0530] {processor.py:914} INFO - Processing file /home/jenny/.local/lib/python3.13/site-packages/airflow/example_dags/tutorial_objectstorage.py for tasks to queue
[2026-03-01T14:18:04.307+0530] {logging_mixin.py:190} INFO - [2026-03-01T14:18:04.307+0530] {dagbag.py:588} INFO - Filling up the DagBag from /home/jenny/.local/lib/python3.13/site-packages/airflow/example_dags/tutorial_objectstorage.py
[2026-03-01T14:18:04.315+0530] {processor.py:925} INFO - DAG(s) 'tutorial_objectstorage' retrieved from /home/jenny/.local/lib/python3.13/site-packages/airflow/example_dags/tutorial_objectstorage.py
[2026-03-01T14:18:04.378+0530] {logging_mixin.py:190} INFO - [2026-03-01T14:18:04.378+0530] {dag.py:3239} INFO - Sync 1 DAGs
[2026-03-01T14:18:04.384+0530] {logging_mixin.py:190} INFO - [2026-03-01T14:18:04.384+0530] {dag.py:4180} INFO - Setting next_dagrun for tutorial_objectstorage to None, run_after=None
[2026-03-01T14:18:04.399+0530] {processor.py:208} INFO - Processing /home/jenny/.local/lib/python3.13/site-packages/airflow/example_dags/tutorial_objectstorage.py took 0.101 seconds
[2026-03-01T14:19:06.405+0530] {processor.py:186} INFO - Started process (PID=216150) to work on /home/jenny/.local/lib/python3.13/site-packages/airflow/example_dags/tutorial_objectstorage.py
[2026-03-01T14:19:06.405+0530] {processor.py:914} INFO - Processing file /home/jenny/.local/lib/python3.13/site-packages/airflow/example_dags/tutorial_objectstorage.py for tasks to queue
[2026-03-01T14:19:06.407+0530] {logging_mixin.py:190} INFO - [2026-03-01T14:19:06.407+0530] {dagbag.py:588} INFO - Filling up the DagBag from /home/jenny/.local/lib/python3.13/site-packages/airflow/example_dags/tutorial_objectstorage.py
[2026-03-01T14:19:06.415+0530] {processor.py:925} INFO - DAG(s) 'tutorial_objectstorage' retrieved from /home/jenny/.local/lib/python3.13/site-packages/airflow/example_dags/tutorial_objectstorage.py
[2026-03-01T14:19:06.425+0530] {logging_mixin.py:190} INFO - [2026-03-01T14:19:06.424+0530] {dag.py:3239} INFO - Sync 1 DAGs
[2026-03-01T14:19:06.435+0530] {logging_mixin.py:190} INFO - [2026-03-01T14:19:06.435+0530] {dag.py:4180} INFO - Setting next_dagrun for tutorial_objectstorage to None, run_after=None
[2026-03-01T14:19:06.456+0530] {processor.py:208} INFO - Processing /home/jenny/.local/lib/python3.13/site-packages/airflow/example_dags/tutorial_objectstorage.py took 0.055 seconds
[2026-03-01T14:20:04.393+0530] {processor.py:186} INFO - Started process (PID=216631) to work on /home/jenny/.local/lib/python3.13/site-packages/airflow/example_dags/tutorial_objectstorage.py
[2026-03-01T14:20:04.394+0530] {processor.py:914} INFO - Processing file /home/jenny/.local/lib/python3.13/site-packages/airflow/example_dags/tutorial_objectstorage.py for tasks to queue
[2026-03-01T14:20:04.396+0530] {logging_mixin.py:190} INFO - [2026-03-01T14:20:04.396+0530] {dagbag.py:588} INFO - Filling up the DagBag from /home/jenny/.local/lib/python3.13/site-packages/airflow/example_dags/tutorial_objectstorage.py
[2026-03-01T14:20:04.402+0530] {processor.py:925} INFO - DAG(s) 'tutorial_objectstorage' retrieved from /home/jenny/.local/lib/python3.13/site-packages/airflow/example_dags/tutorial_objectstorage.py
[2026-03-01T14:20:04.411+0530] {logging_mixin.py:190} INFO - [2026-03-01T14:20:04.411+0530] {dag.py:3239} INFO - Sync 1 DAGs
[2026-03-01T14:20:04.419+0530] {logging_mixin.py:190} INFO - [2026-03-01T14:20:04.419+0530] {dag.py:4180} INFO - Setting next_dagrun for tutorial_objectstorage to None, run_after=None
[2026-03-01T14:20:04.438+0530] {processor.py:208} INFO - Processing /home/jenny/.local/lib/python3.13/site-packages/airflow/example_dags/tutorial_objectstorage.py took 0.050 seconds
[2026-03-01T14:21:01.067+0530] {processor.py:186} INFO - Started process (PID=216807) to work on /home/jenny/.local/lib/python3.13/site-packages/airflow/example_dags/tutorial_objectstorage.py
[2026-03-01T14:21:01.068+0530] {processor.py:914} INFO - Processing file /home/jenny/.local/lib/python3.13/site-packages/airflow/example_dags/tutorial_objectstorage.py for tasks to queue
[2026-03-01T14:21:01.069+0530] {logging_mixin.py:190} INFO - [2026-03-01T14:21:01.069+0530] {dagbag.py:588} INFO - Filling up the DagBag from /home/jenny/.local/lib/python3.13/site-packages/airflow/example_dags/tutorial_objectstorage.py
[2026-03-01T14:21:01.076+0530] {processor.py:925} INFO - DAG(s) 'tutorial_objectstorage' retrieved from /home/jenny/.local/lib/python3.13/site-packages/airflow/example_dags/tutorial_objectstorage.py
[2026-03-01T14:21:01.085+0530] {logging_mixin.py:190} INFO - [2026-03-01T14:21:01.085+0530] {dag.py:3239} INFO - Sync 1 DAGs
[2026-03-01T14:21:01.096+0530] {logging_mixin.py:190} INFO - [2026-03-01T14:21:01.096+0530] {dag.py:4180} INFO - Setting next_dagrun for tutorial_objectstorage to None, run_after=None
[2026-03-01T14:21:01.113+0530] {processor.py:208} INFO - Processing /home/jenny/.local/lib/python3.13/site-packages/airflow/example_dags/tutorial_objectstorage.py took 0.051 seconds
[2026-03-01T14:21:57.386+0530] {processor.py:186} INFO - Started process (PID=217024) to work on /home/jenny/.local/lib/python3.13/site-packages/airflow/example_dags/tutorial_objectstorage.py
[2026-03-01T14:21:57.387+0530] {processor.py:914} INFO - Processing file /home/jenny/.local/lib/python3.13/site-packages/airflow/example_dags/tutorial_objectstorage.py for tasks to queue
[2026-03-01T14:21:57.389+0530] {logging_mixin.py:190} INFO - [2026-03-01T14:21:57.389+0530] {dagbag.py:588} INFO - Filling up the DagBag from /home/jenny/.local/lib/python3.13/site-packages/airflow/example_dags/tutorial_objectstorage.py
[2026-03-01T14:21:57.399+0530] {processor.py:925} INFO - DAG(s) 'tutorial_objectstorage' retrieved from /home/jenny/.local/lib/python3.13/site-packages/airflow/example_dags/tutorial_objectstorage.py
[2026-03-01T14:21:57.406+0530] {logging_mixin.py:190} INFO - [2026-03-01T14:21:57.406+0530] {dag.py:3239} INFO - Sync 1 DAGs
[2026-03-01T14:21:57.413+0530] {logging_mixin.py:190} INFO - [2026-03-01T14:21:57.413+0530] {dag.py:4180} INFO - Setting next_dagrun for tutorial_objectstorage to None, run_after=None
[2026-03-01T14:21:57.429+0530] {processor.py:208} INFO - Processing /home/jenny/.local/lib/python3.13/site-packages/airflow/example_dags/tutorial_objectstorage.py took 0.046 seconds
[2026-03-01T14:22:51.107+0530] {processor.py:186} INFO - Started process (PID=218846) to work on /home/jenny/.local/lib/python3.13/site-packages/airflow/example_dags/tutorial_objectstorage.py
[2026-03-01T14:22:51.108+0530] {processor.py:914} INFO - Processing file /home/jenny/.local/lib/python3.13/site-packages/airflow/example_dags/tutorial_objectstorage.py for tasks to queue
[2026-03-01T14:22:51.110+0530] {logging_mixin.py:190} INFO - [2026-03-01T14:22:51.110+0530] {dagbag.py:588} INFO - Filling up the DagBag from /home/jenny/.local/lib/python3.13/site-packages/airflow/example_dags/tutorial_objectstorage.py
[2026-03-01T14:22:51.119+0530] {processor.py:925} INFO - DAG(s) 'tutorial_objectstorage' retrieved from /home/jenny/.local/lib/python3.13/site-packages/airflow/example_dags/tutorial_objectstorage.py
[2026-03-01T14:22:51.130+0530] {logging_mixin.py:190} INFO - [2026-03-01T14:22:51.130+0530] {dag.py:3239} INFO - Sync 1 DAGs
[2026-03-01T14:22:51.139+0530] {logging_mixin.py:190} INFO - [2026-03-01T14:22:51.138+0530] {dag.py:4180} INFO - Setting next_dagrun for tutorial_objectstorage to None, run_after=None
[2026-03-01T14:22:51.154+0530] {processor.py:208} INFO - Processing /home/jenny/.local/lib/python3.13/site-packages/airflow/example_dags/tutorial_objectstorage.py took 0.051 seconds
[2026-03-01T14:23:47.806+0530] {processor.py:186} INFO - Started process (PID=219959) to work on /home/jenny/.local/lib/python3.13/site-packages/airflow/example_dags/tutorial_objectstorage.py
[2026-03-01T14:23:47.807+0530] {processor.py:914} INFO - Processing file /home/jenny/.local/lib/python3.13/site-packages/airflow/example_dags/tutorial_objectstorage.py for tasks to queue
[2026-03-01T14:23:47.809+0530] {logging_mixin.py:190} INFO - [2026-03-01T14:23:47.809+0530] {dagbag.py:588} INFO - Filling up the DagBag from /home/jenny/.local/lib/python3.13/site-packages/airflow/example_dags/tutorial_objectstorage.py
[2026-03-01T14:23:47.817+0530] {processor.py:925} INFO - DAG(s) 'tutorial_objectstorage' retrieved from /home/jenny/.local/lib/python3.13/site-packages/airflow/example_dags/tutorial_objectstorage.py
[2026-03-01T14:23:47.827+0530] {logging_mixin.py:190} INFO - [2026-03-01T14:23:47.827+0530] {dag.py:3239} INFO - Sync 1 DAGs
[2026-03-01T14:23:47.835+0530] {logging_mixin.py:190} INFO - [2026-03-01T14:23:47.835+0530] {dag.py:4180} INFO - Setting next_dagrun for tutorial_objectstorage to None, run_after=None
[2026-03-01T14:23:47.863+0530] {processor.py:208} INFO - Processing /home/jenny/.local/lib/python3.13/site-packages/airflow/example_dags/tutorial_objectstorage.py took 0.061 seconds
[2026-03-01T14:24:49.662+0530] {processor.py:186} INFO - Started process (PID=220900) to work on /home/jenny/.local/lib/python3.13/site-packages/airflow/example_dags/tutorial_objectstorage.py
[2026-03-01T14:24:49.663+0530] {processor.py:914} INFO - Processing file /home/jenny/.local/lib/python3.13/site-packages/airflow/example_dags/tutorial_objectstorage.py for tasks to queue
[2026-03-01T14:24:49.666+0530] {logging_mixin.py:190} INFO - [2026-03-01T14:24:49.666+0530] {dagbag.py:588} INFO - Filling up the DagBag from /home/jenny/.local/lib/python3.13/site-packages/airflow/example_dags/tutorial_objectstorage.py
[2026-03-01T14:24:49.674+0530] {processor.py:925} INFO - DAG(s) 'tutorial_objectstorage' retrieved from /home/jenny/.local/lib/python3.13/site-packages/airflow/example_dags/tutorial_objectstorage.py
[2026-03-01T14:24:49.687+0530] {logging_mixin.py:190} INFO - [2026-03-01T14:24:49.687+0530] {dag.py:3239} INFO - Sync 1 DAGs
[2026-03-01T14:24:49.702+0530] {logging_mixin.py:190} INFO - [2026-03-01T14:24:49.701+0530] {dag.py:4180} INFO - Setting next_dagrun for tutorial_objectstorage to None, run_after=None
[2026-03-01T14:24:49.719+0530] {processor.py:208} INFO - Processing /home/jenny/.local/lib/python3.13/site-packages/airflow/example_dags/tutorial_objectstorage.py took 0.062 seconds
[2026-03-01T14:26:04.411+0530] {processor.py:186} INFO - Started process (PID=225529) to work on /home/jenny/.local/lib/python3.13/site-packages/airflow/example_dags/tutorial_objectstorage.py
[2026-03-01T14:26:04.413+0530] {processor.py:914} INFO - Processing file /home/jenny/.local/lib/python3.13/site-packages/airflow/example_dags/tutorial_objectstorage.py for tasks to queue
[2026-03-01T14:26:04.416+0530] {logging_mixin.py:190} INFO - [2026-03-01T14:26:04.415+0530] {dagbag.py:588} INFO - Filling up the DagBag from /home/jenny/.local/lib/python3.13/site-packages/airflow/example_dags/tutorial_objectstorage.py
[2026-03-01T14:26:04.424+0530] {processor.py:925} INFO - DAG(s) 'tutorial_objectstorage' retrieved from /home/jenny/.local/lib/python3.13/site-packages/airflow/example_dags/tutorial_objectstorage.py
[2026-03-01T14:26:04.432+0530] {logging_mixin.py:190} INFO - [2026-03-01T14:26:04.432+0530] {dag.py:3239} INFO - Sync 1 DAGs
[2026-03-01T14:26:04.439+0530] {logging_mixin.py:190} INFO - [2026-03-01T14:26:04.439+0530] {dag.py:4180} INFO - Setting next_dagrun for tutorial_objectstorage to None, run_after=None
[2026-03-01T14:26:04.454+0530] {processor.py:208} INFO - Processing /home/jenny/.local/lib/python3.13/site-packages/airflow/example_dags/tutorial_objectstorage.py took 0.049 seconds
[2026-03-01T14:27:01.126+0530] {processor.py:186} INFO - Started process (PID=226584) to work on /home/jenny/.local/lib/python3.13/site-packages/airflow/example_dags/tutorial_objectstorage.py
[2026-03-01T14:27:01.128+0530] {processor.py:914} INFO - Processing file /home/jenny/.local/lib/python3.13/site-packages/airflow/example_dags/tutorial_objectstorage.py for tasks to queue
[2026-03-01T14:27:01.130+0530] {logging_mixin.py:190} INFO - [2026-03-01T14:27:01.129+0530] {dagbag.py:588} INFO - Filling up the DagBag from /home/jenny/.local/lib/python3.13/site-packages/airflow/example_dags/tutorial_objectstorage.py
[2026-03-01T14:27:01.137+0530] {processor.py:925} INFO - DAG(s) 'tutorial_objectstorage' retrieved from /home/jenny/.local/lib/python3.13/site-packages/airflow/example_dags/tutorial_objectstorage.py
[2026-03-01T14:27:01.149+0530] {logging_mixin.py:190} INFO - [2026-03-01T14:27:01.149+0530] {dag.py:3239} INFO - Sync 1 DAGs
[2026-03-01T14:27:01.161+0530] {logging_mixin.py:190} INFO - [2026-03-01T14:27:01.161+0530] {dag.py:4180} INFO - Setting next_dagrun for tutorial_objectstorage to None, run_after=None
[2026-03-01T14:27:01.181+0530] {processor.py:208} INFO - Processing /home/jenny/.local/lib/python3.13/site-packages/airflow/example_dags/tutorial_objectstorage.py took 0.059 seconds
[2026-03-01T14:28:26.402+0530] {processor.py:186} INFO - Started process (PID=228502) to work on /home/jenny/.local/lib/python3.13/site-packages/airflow/example_dags/tutorial_objectstorage.py
[2026-03-01T14:28:26.403+0530] {processor.py:914} INFO - Processing file /home/jenny/.local/lib/python3.13/site-packages/airflow/example_dags/tutorial_objectstorage.py for tasks to queue
[2026-03-01T14:28:26.406+0530] {logging_mixin.py:190} INFO - [2026-03-01T14:28:26.405+0530] {dagbag.py:588} INFO - Filling up the DagBag from /home/jenny/.local/lib/python3.13/site-packages/airflow/example_dags/tutorial_objectstorage.py
[2026-03-01T14:28:26.413+0530] {processor.py:925} INFO - DAG(s) 'tutorial_objectstorage' retrieved from /home/jenny/.local/lib/python3.13/site-packages/airflow/example_dags/tutorial_objectstorage.py
[2026-03-01T14:28:26.421+0530] {logging_mixin.py:190} INFO - [2026-03-01T14:28:26.421+0530] {dag.py:3239} INFO - Sync 1 DAGs
[2026-03-01T14:28:26.428+0530] {logging_mixin.py:190} INFO - [2026-03-01T14:28:26.428+0530] {dag.py:4180} INFO - Setting next_dagrun for tutorial_objectstorage to None, run_after=None
[2026-03-01T14:28:26.444+0530] {processor.py:208} INFO - Processing /home/jenny/.local/lib/python3.13/site-packages/airflow/example_dags/tutorial_objectstorage.py took 0.047 seconds
[2026-03-01T14:29:42.674+0530] {processor.py:186} INFO - Started process (PID=229822) to work on /home/jenny/.local/lib/python3.13/site-packages/airflow/example_dags/tutorial_objectstorage.py
[2026-03-01T14:29:42.676+0530] {processor.py:914} INFO - Processing file /home/jenny/.local/lib/python3.13/site-packages/airflow/example_dags/tutorial_objectstorage.py for tasks to queue
[2026-03-01T14:29:42.679+0530] {logging_mixin.py:190} INFO - [2026-03-01T14:29:42.678+0530] {dagbag.py:588} INFO - Filling up the DagBag from /home/jenny/.local/lib/python3.13/site-packages/airflow/example_dags/tutorial_objectstorage.py
[2026-03-01T14:29:42.686+0530] {processor.py:925} INFO - DAG(s) 'tutorial_objectstorage' retrieved from /home/jenny/.local/lib/python3.13/site-packages/airflow/example_dags/tutorial_objectstorage.py
[2026-03-01T14:29:42.694+0530] {logging_mixin.py:190} INFO - [2026-03-01T14:29:42.694+0530] {dag.py:3239} INFO - Sync 1 DAGs
[2026-03-01T14:29:42.702+0530] {logging_mixin.py:190} INFO - [2026-03-01T14:29:42.701+0530] {dag.py:4180} INFO - Setting next_dagrun for tutorial_objectstorage to None, run_after=None
[2026-03-01T14:29:42.737+0530] {processor.py:208} INFO - Processing /home/jenny/.local/lib/python3.13/site-packages/airflow/example_dags/tutorial_objectstorage.py took 0.069 seconds
[2026-03-01T14:31:09.346+0530] {processor.py:186} INFO - Started process (PID=231344) to work on /home/jenny/.local/lib/python3.13/site-packages/airflow/example_dags/tutorial_objectstorage.py
[2026-03-01T14:31:09.347+0530] {processor.py:914} INFO - Processing file /home/jenny/.local/lib/python3.13/site-packages/airflow/example_dags/tutorial_objectstorage.py for tasks to queue
[2026-03-01T14:31:09.350+0530] {logging_mixin.py:190} INFO - [2026-03-01T14:31:09.349+0530] {dagbag.py:588} INFO - Filling up the DagBag from /home/jenny/.local/lib/python3.13/site-packages/airflow/example_dags/tutorial_objectstorage.py
[2026-03-01T14:31:09.359+0530] {processor.py:925} INFO - DAG(s) 'tutorial_objectstorage' retrieved from /home/jenny/.local/lib/python3.13/site-packages/airflow/example_dags/tutorial_objectstorage.py
[2026-03-01T14:31:09.371+0530] {logging_mixin.py:190} INFO - [2026-03-01T14:31:09.371+0530] {dag.py:3239} INFO - Sync 1 DAGs
[2026-03-01T14:31:09.382+0530] {logging_mixin.py:190} INFO - [2026-03-01T14:31:09.382+0530] {dag.py:4180} INFO - Setting next_dagrun for tutorial_objectstorage to None, run_after=None
[2026-03-01T14:31:09.404+0530] {processor.py:208} INFO - Processing /home/jenny/.local/lib/python3.13/site-packages/airflow/example_dags/tutorial_objectstorage.py took 0.063 seconds
[2026-03-01T14:32:14.747+0530] {processor.py:186} INFO - Started process (PID=231756) to work on /home/jenny/.local/lib/python3.13/site-packages/airflow/example_dags/tutorial_objectstorage.py
[2026-03-01T14:32:14.748+0530] {processor.py:914} INFO - Processing file /home/jenny/.local/lib/python3.13/site-packages/airflow/example_dags/tutorial_objectstorage.py for tasks to queue
[2026-03-01T14:32:14.750+0530] {logging_mixin.py:190} INFO - [2026-03-01T14:32:14.750+0530] {dagbag.py:588} INFO - Filling up the DagBag from /home/jenny/.local/lib/python3.13/site-packages/airflow/example_dags/tutorial_objectstorage.py
[2026-03-01T14:32:14.757+0530] {processor.py:925} INFO - DAG(s) 'tutorial_objectstorage' retrieved from /home/jenny/.local/lib/python3.13/site-packages/airflow/example_dags/tutorial_objectstorage.py
[2026-03-01T14:32:14.765+0530] {logging_mixin.py:190} INFO - [2026-03-01T14:32:14.765+0530] {dag.py:3239} INFO - Sync 1 DAGs
[2026-03-01T14:32:14.774+0530] {logging_mixin.py:190} INFO - [2026-03-01T14:32:14.774+0530] {dag.py:4180} INFO - Setting next_dagrun for tutorial_objectstorage to None, run_after=None
[2026-03-01T14:32:14.811+0530] {processor.py:208} INFO - Processing /home/jenny/.local/lib/python3.13/site-packages/airflow/example_dags/tutorial_objectstorage.py took 0.068 seconds
[2026-03-01T14:33:49.566+0530] {processor.py:186} INFO - Started process (PID=233315) to work on /home/jenny/.local/lib/python3.13/site-packages/airflow/example_dags/tutorial_objectstorage.py
[2026-03-01T14:33:49.567+0530] {processor.py:914} INFO - Processing file /home/jenny/.local/lib/python3.13/site-packages/airflow/example_dags/tutorial_objectstorage.py for tasks to queue
[2026-03-01T14:33:49.570+0530] {logging_mixin.py:190} INFO - [2026-03-01T14:33:49.569+0530] {dagbag.py:588} INFO - Filling up the DagBag from /home/jenny/.local/lib/python3.13/site-packages/airflow/example_dags/tutorial_objectstorage.py
[2026-03-01T14:33:49.577+0530] {processor.py:925} INFO - DAG(s) 'tutorial_objectstorage' retrieved from /home/jenny/.local/lib/python3.13/site-packages/airflow/example_dags/tutorial_objectstorage.py
[2026-03-01T14:33:49.585+0530] {logging_mixin.py:190} INFO - [2026-03-01T14:33:49.585+0530] {dag.py:3239} INFO - Sync 1 DAGs
[2026-03-01T14:33:49.592+0530] {logging_mixin.py:190} INFO - [2026-03-01T14:33:49.592+0530] {dag.py:4180} INFO - Setting next_dagrun for tutorial_objectstorage to None, run_after=None
[2026-03-01T14:33:49.608+0530] {processor.py:208} INFO - Processing /home/jenny/.local/lib/python3.13/site-packages/airflow/example_dags/tutorial_objectstorage.py took 0.048 seconds
[2026-03-01T14:34:32.579+0530] {processor.py:186} INFO - Started process (PID=233449) to work on /home/jenny/.local/lib/python3.13/site-packages/airflow/example_dags/tutorial_objectstorage.py
[2026-03-01T14:34:32.580+0530] {processor.py:914} INFO - Processing file /home/jenny/.local/lib/python3.13/site-packages/airflow/example_dags/tutorial_objectstorage.py for tasks to queue
[2026-03-01T14:34:32.583+0530] {logging_mixin.py:190} INFO - [2026-03-01T14:34:32.583+0530] {dagbag.py:588} INFO - Filling up the DagBag from /home/jenny/.local/lib/python3.13/site-packages/airflow/example_dags/tutorial_objectstorage.py
[2026-03-01T14:34:32.591+0530] {processor.py:925} INFO - DAG(s) 'tutorial_objectstorage' retrieved from /home/jenny/.local/lib/python3.13/site-packages/airflow/example_dags/tutorial_objectstorage.py
[2026-03-01T14:34:32.600+0530] {logging_mixin.py:190} INFO - [2026-03-01T14:34:32.600+0530] {dag.py:3239} INFO - Sync 1 DAGs
[2026-03-01T14:34:32.607+0530] {logging_mixin.py:190} INFO - [2026-03-01T14:34:32.607+0530] {dag.py:4180} INFO - Setting next_dagrun for tutorial_objectstorage to None, run_after=None
[2026-03-01T14:34:32.622+0530] {processor.py:208} INFO - Processing /home/jenny/.local/lib/python3.13/site-packages/airflow/example_dags/tutorial_objectstorage.py took 0.048 seconds
[2026-03-01T14:35:26.422+0530] {processor.py:186} INFO - Started process (PID=233902) to work on /home/jenny/.local/lib/python3.13/site-packages/airflow/example_dags/tutorial_objectstorage.py
[2026-03-01T14:35:26.423+0530] {processor.py:914} INFO - Processing file /home/jenny/.local/lib/python3.13/site-packages/airflow/example_dags/tutorial_objectstorage.py for tasks to queue
[2026-03-01T14:35:26.426+0530] {logging_mixin.py:190} INFO - [2026-03-01T14:35:26.425+0530] {dagbag.py:588} INFO - Filling up the DagBag from /home/jenny/.local/lib/python3.13/site-packages/airflow/example_dags/tutorial_objectstorage.py
[2026-03-01T14:35:26.432+0530] {processor.py:925} INFO - DAG(s) 'tutorial_objectstorage' retrieved from /home/jenny/.local/lib/python3.13/site-packages/airflow/example_dags/tutorial_objectstorage.py
[2026-03-01T14:35:26.441+0530] {logging_mixin.py:190} INFO - [2026-03-01T14:35:26.441+0530] {dag.py:3239} INFO - Sync 1 DAGs
[2026-03-01T14:35:26.448+0530] {logging_mixin.py:190} INFO - [2026-03-01T14:35:26.448+0530] {dag.py:4180} INFO - Setting next_dagrun for tutorial_objectstorage to None, run_after=None
[2026-03-01T14:35:26.463+0530] {processor.py:208} INFO - Processing /home/jenny/.local/lib/python3.13/site-packages/airflow/example_dags/tutorial_objectstorage.py took 0.046 seconds
[2026-03-01T14:36:20.830+0530] {processor.py:186} INFO - Started process (PID=234070) to work on /home/jenny/.local/lib/python3.13/site-packages/airflow/example_dags/tutorial_objectstorage.py
[2026-03-01T14:36:20.831+0530] {processor.py:914} INFO - Processing file /home/jenny/.local/lib/python3.13/site-packages/airflow/example_dags/tutorial_objectstorage.py for tasks to queue
[2026-03-01T14:36:20.834+0530] {logging_mixin.py:190} INFO - [2026-03-01T14:36:20.833+0530] {dagbag.py:588} INFO - Filling up the DagBag from /home/jenny/.local/lib/python3.13/site-packages/airflow/example_dags/tutorial_objectstorage.py
[2026-03-01T14:36:20.841+0530] {processor.py:925} INFO - DAG(s) 'tutorial_objectstorage' retrieved from /home/jenny/.local/lib/python3.13/site-packages/airflow/example_dags/tutorial_objectstorage.py
[2026-03-01T14:36:20.849+0530] {logging_mixin.py:190} INFO - [2026-03-01T14:36:20.849+0530] {dag.py:3239} INFO - Sync 1 DAGs
[2026-03-01T14:36:20.857+0530] {logging_mixin.py:190} INFO - [2026-03-01T14:36:20.856+0530] {dag.py:4180} INFO - Setting next_dagrun for tutorial_objectstorage to None, run_after=None
[2026-03-01T14:36:20.889+0530] {processor.py:208} INFO - Processing /home/jenny/.local/lib/python3.13/site-packages/airflow/example_dags/tutorial_objectstorage.py took 0.064 seconds
[2026-03-01T14:37:15.311+0530] {processor.py:186} INFO - Started process (PID=234278) to work on /home/jenny/.local/lib/python3.13/site-packages/airflow/example_dags/tutorial_objectstorage.py
[2026-03-01T14:37:15.313+0530] {processor.py:914} INFO - Processing file /home/jenny/.local/lib/python3.13/site-packages/airflow/example_dags/tutorial_objectstorage.py for tasks to queue
[2026-03-01T14:37:15.316+0530] {logging_mixin.py:190} INFO - [2026-03-01T14:37:15.316+0530] {dagbag.py:588} INFO - Filling up the DagBag from /home/jenny/.local/lib/python3.13/site-packages/airflow/example_dags/tutorial_objectstorage.py
[2026-03-01T14:37:15.324+0530] {processor.py:925} INFO - DAG(s) 'tutorial_objectstorage' retrieved from /home/jenny/.local/lib/python3.13/site-packages/airflow/example_dags/tutorial_objectstorage.py
[2026-03-01T14:37:15.332+0530] {logging_mixin.py:190} INFO - [2026-03-01T14:37:15.332+0530] {dag.py:3239} INFO - Sync 1 DAGs
[2026-03-01T14:37:15.339+0530] {logging_mixin.py:190} INFO - [2026-03-01T14:37:15.339+0530] {dag.py:4180} INFO - Setting next_dagrun for tutorial_objectstorage to None, run_after=None
[2026-03-01T14:37:15.354+0530] {processor.py:208} INFO - Processing /home/jenny/.local/lib/python3.13/site-packages/airflow/example_dags/tutorial_objectstorage.py took 0.048 seconds
[2026-03-01T14:38:10.813+0530] {processor.py:186} INFO - Started process (PID=234506) to work on /home/jenny/.local/lib/python3.13/site-packages/airflow/example_dags/tutorial_objectstorage.py
[2026-03-01T14:38:10.814+0530] {processor.py:914} INFO - Processing file /home/jenny/.local/lib/python3.13/site-packages/airflow/example_dags/tutorial_objectstorage.py for tasks to queue
[2026-03-01T14:38:10.817+0530] {logging_mixin.py:190} INFO - [2026-03-01T14:38:10.816+0530] {dagbag.py:588} INFO - Filling up the DagBag from /home/jenny/.local/lib/python3.13/site-packages/airflow/example_dags/tutorial_objectstorage.py
[2026-03-01T14:38:10.824+0530] {processor.py:925} INFO - DAG(s) 'tutorial_objectstorage' retrieved from /home/jenny/.local/lib/python3.13/site-packages/airflow/example_dags/tutorial_objectstorage.py
[2026-03-01T14:38:10.833+0530] {logging_mixin.py:190} INFO - [2026-03-01T14:38:10.833+0530] {dag.py:3239} INFO - Sync 1 DAGs
[2026-03-01T14:38:10.840+0530] {logging_mixin.py:190} INFO - [2026-03-01T14:38:10.840+0530] {dag.py:4180} INFO - Setting next_dagrun for tutorial_objectstorage to None, run_after=None
[2026-03-01T14:38:10.855+0530] {processor.py:208} INFO - Processing /home/jenny/.local/lib/python3.13/site-packages/airflow/example_dags/tutorial_objectstorage.py took 0.046 seconds
[2026-03-01T14:39:04.381+0530] {processor.py:186} INFO - Started process (PID=235068) to work on /home/jenny/.local/lib/python3.13/site-packages/airflow/example_dags/tutorial_objectstorage.py
[2026-03-01T14:39:04.381+0530] {processor.py:914} INFO - Processing file /home/jenny/.local/lib/python3.13/site-packages/airflow/example_dags/tutorial_objectstorage.py for tasks to queue
[2026-03-01T14:39:04.383+0530] {logging_mixin.py:190} INFO - [2026-03-01T14:39:04.383+0530] {dagbag.py:588} INFO - Filling up the DagBag from /home/jenny/.local/lib/python3.13/site-packages/airflow/example_dags/tutorial_objectstorage.py
[2026-03-01T14:39:04.390+0530] {processor.py:925} INFO - DAG(s) 'tutorial_objectstorage' retrieved from /home/jenny/.local/lib/python3.13/site-packages/airflow/example_dags/tutorial_objectstorage.py
[2026-03-01T14:39:04.399+0530] {logging_mixin.py:190} INFO - [2026-03-01T14:39:04.399+0530] {dag.py:3239} INFO - Sync 1 DAGs
[2026-03-01T14:39:04.406+0530] {logging_mixin.py:190} INFO - [2026-03-01T14:39:04.406+0530] {dag.py:4180} INFO - Setting next_dagrun for tutorial_objectstorage to None, run_after=None
[2026-03-01T14:39:04.422+0530] {processor.py:208} INFO - Processing /home/jenny/.local/lib/python3.13/site-packages/airflow/example_dags/tutorial_objectstorage.py took 0.045 seconds
[2026-03-01T14:39:56.465+0530] {processor.py:186} INFO - Started process (PID=235220) to work on /home/jenny/.local/lib/python3.13/site-packages/airflow/example_dags/tutorial_objectstorage.py
[2026-03-01T14:39:56.466+0530] {processor.py:914} INFO - Processing file /home/jenny/.local/lib/python3.13/site-packages/airflow/example_dags/tutorial_objectstorage.py for tasks to queue
[2026-03-01T14:39:56.469+0530] {logging_mixin.py:190} INFO - [2026-03-01T14:39:56.468+0530] {dagbag.py:588} INFO - Filling up the DagBag from /home/jenny/.local/lib/python3.13/site-packages/airflow/example_dags/tutorial_objectstorage.py
[2026-03-01T14:39:56.476+0530] {processor.py:925} INFO - DAG(s) 'tutorial_objectstorage' retrieved from /home/jenny/.local/lib/python3.13/site-packages/airflow/example_dags/tutorial_objectstorage.py
[2026-03-01T14:39:56.484+0530] {logging_mixin.py:190} INFO - [2026-03-01T14:39:56.484+0530] {dag.py:3239} INFO - Sync 1 DAGs
[2026-03-01T14:39:56.492+0530] {logging_mixin.py:190} INFO - [2026-03-01T14:39:56.491+0530] {dag.py:4180} INFO - Setting next_dagrun for tutorial_objectstorage to None, run_after=None
[2026-03-01T14:39:56.507+0530] {processor.py:208} INFO - Processing /home/jenny/.local/lib/python3.13/site-packages/airflow/example_dags/tutorial_objectstorage.py took 0.047 seconds
[2026-03-01T14:40:52.433+0530] {processor.py:186} INFO - Started process (PID=239351) to work on /home/jenny/.local/lib/python3.13/site-packages/airflow/example_dags/tutorial_objectstorage.py
[2026-03-01T14:40:52.435+0530] {processor.py:914} INFO - Processing file /home/jenny/.local/lib/python3.13/site-packages/airflow/example_dags/tutorial_objectstorage.py for tasks to queue
[2026-03-01T14:40:52.438+0530] {logging_mixin.py:190} INFO - [2026-03-01T14:40:52.437+0530] {dagbag.py:588} INFO - Filling up the DagBag from /home/jenny/.local/lib/python3.13/site-packages/airflow/example_dags/tutorial_objectstorage.py
[2026-03-01T14:40:52.445+0530] {processor.py:925} INFO - DAG(s) 'tutorial_objectstorage' retrieved from /home/jenny/.local/lib/python3.13/site-packages/airflow/example_dags/tutorial_objectstorage.py
[2026-03-01T14:40:52.453+0530] {logging_mixin.py:190} INFO - [2026-03-01T14:40:52.453+0530] {dag.py:3239} INFO - Sync 1 DAGs
[2026-03-01T14:40:52.460+0530] {logging_mixin.py:190} INFO - [2026-03-01T14:40:52.460+0530] {dag.py:4180} INFO - Setting next_dagrun for tutorial_objectstorage to None, run_after=None
[2026-03-01T14:40:52.475+0530] {processor.py:208} INFO - Processing /home/jenny/.local/lib/python3.13/site-packages/airflow/example_dags/tutorial_objectstorage.py took 0.046 seconds
[2026-03-01T14:41:45.737+0530] {processor.py:186} INFO - Started process (PID=239523) to work on /home/jenny/.local/lib/python3.13/site-packages/airflow/example_dags/tutorial_objectstorage.py
[2026-03-01T14:41:45.739+0530] {processor.py:914} INFO - Processing file /home/jenny/.local/lib/python3.13/site-packages/airflow/example_dags/tutorial_objectstorage.py for tasks to queue
[2026-03-01T14:41:45.742+0530] {logging_mixin.py:190} INFO - [2026-03-01T14:41:45.742+0530] {dagbag.py:588} INFO - Filling up the DagBag from /home/jenny/.local/lib/python3.13/site-packages/airflow/example_dags/tutorial_objectstorage.py
[2026-03-01T14:41:45.749+0530] {processor.py:925} INFO - DAG(s) 'tutorial_objectstorage' retrieved from /home/jenny/.local/lib/python3.13/site-packages/airflow/example_dags/tutorial_objectstorage.py
[2026-03-01T14:41:45.758+0530] {logging_mixin.py:190} INFO - [2026-03-01T14:41:45.758+0530] {dag.py:3239} INFO - Sync 1 DAGs
[2026-03-01T14:41:45.765+0530] {logging_mixin.py:190} INFO - [2026-03-01T14:41:45.765+0530] {dag.py:4180} INFO - Setting next_dagrun for tutorial_objectstorage to None, run_after=None
[2026-03-01T14:41:45.782+0530] {processor.py:208} INFO - Processing /home/jenny/.local/lib/python3.13/site-packages/airflow/example_dags/tutorial_objectstorage.py took 0.049 seconds
[2026-03-01T14:42:39.591+0530] {processor.py:186} INFO - Started process (PID=239663) to work on /home/jenny/.local/lib/python3.13/site-packages/airflow/example_dags/tutorial_objectstorage.py
[2026-03-01T14:42:39.592+0530] {processor.py:914} INFO - Processing file /home/jenny/.local/lib/python3.13/site-packages/airflow/example_dags/tutorial_objectstorage.py for tasks to queue
[2026-03-01T14:42:39.595+0530] {logging_mixin.py:190} INFO - [2026-03-01T14:42:39.594+0530] {dagbag.py:588} INFO - Filling up the DagBag from /home/jenny/.local/lib/python3.13/site-packages/airflow/example_dags/tutorial_objectstorage.py
[2026-03-01T14:42:39.602+0530] {processor.py:925} INFO - DAG(s) 'tutorial_objectstorage' retrieved from /home/jenny/.local/lib/python3.13/site-packages/airflow/example_dags/tutorial_objectstorage.py
[2026-03-01T14:42:39.611+0530] {logging_mixin.py:190} INFO - [2026-03-01T14:42:39.610+0530] {dag.py:3239} INFO - Sync 1 DAGs
[2026-03-01T14:42:39.619+0530] {logging_mixin.py:190} INFO - [2026-03-01T14:42:39.619+0530] {dag.py:4180} INFO - Setting next_dagrun for tutorial_objectstorage to None, run_after=None
[2026-03-01T14:42:39.637+0530] {processor.py:208} INFO - Processing /home/jenny/.local/lib/python3.13/site-packages/airflow/example_dags/tutorial_objectstorage.py took 0.052 seconds
[2026-03-01T14:43:31.089+0530] {processor.py:186} INFO - Started process (PID=239826) to work on /home/jenny/.local/lib/python3.13/site-packages/airflow/example_dags/tutorial_objectstorage.py
[2026-03-01T14:43:31.090+0530] {processor.py:914} INFO - Processing file /home/jenny/.local/lib/python3.13/site-packages/airflow/example_dags/tutorial_objectstorage.py for tasks to queue
[2026-03-01T14:43:31.092+0530] {logging_mixin.py:190} INFO - [2026-03-01T14:43:31.092+0530] {dagbag.py:588} INFO - Filling up the DagBag from /home/jenny/.local/lib/python3.13/site-packages/airflow/example_dags/tutorial_objectstorage.py
[2026-03-01T14:43:31.098+0530] {processor.py:925} INFO - DAG(s) 'tutorial_objectstorage' retrieved from /home/jenny/.local/lib/python3.13/site-packages/airflow/example_dags/tutorial_objectstorage.py
[2026-03-01T14:43:31.106+0530] {logging_mixin.py:190} INFO - [2026-03-01T14:43:31.106+0530] {dag.py:3239} INFO - Sync 1 DAGs
[2026-03-01T14:43:31.114+0530] {logging_mixin.py:190} INFO - [2026-03-01T14:43:31.114+0530] {dag.py:4180} INFO - Setting next_dagrun for tutorial_objectstorage to None, run_after=None
[2026-03-01T14:43:31.146+0530] {processor.py:208} INFO - Processing /home/jenny/.local/lib/python3.13/site-packages/airflow/example_dags/tutorial_objectstorage.py took 0.060 seconds
[2026-03-01T14:44:23.426+0530] {processor.py:186} INFO - Started process (PID=239968) to work on /home/jenny/.local/lib/python3.13/site-packages/airflow/example_dags/tutorial_objectstorage.py
[2026-03-01T14:44:23.427+0530] {processor.py:914} INFO - Processing file /home/jenny/.local/lib/python3.13/site-packages/airflow/example_dags/tutorial_objectstorage.py for tasks to queue
[2026-03-01T14:44:23.429+0530] {logging_mixin.py:190} INFO - [2026-03-01T14:44:23.429+0530] {dagbag.py:588} INFO - Filling up the DagBag from /home/jenny/.local/lib/python3.13/site-packages/airflow/example_dags/tutorial_objectstorage.py
[2026-03-01T14:44:23.436+0530] {processor.py:925} INFO - DAG(s) 'tutorial_objectstorage' retrieved from /home/jenny/.local/lib/python3.13/site-packages/airflow/example_dags/tutorial_objectstorage.py
[2026-03-01T14:44:23.447+0530] {logging_mixin.py:190} INFO - [2026-03-01T14:44:23.447+0530] {dag.py:3239} INFO - Sync 1 DAGs
[2026-03-01T14:44:23.457+0530] {logging_mixin.py:190} INFO - [2026-03-01T14:44:23.457+0530] {dag.py:4180} INFO - Setting next_dagrun for tutorial_objectstorage to None, run_after=None
[2026-03-01T14:44:23.476+0530] {processor.py:208} INFO - Processing /home/jenny/.local/lib/python3.13/site-packages/airflow/example_dags/tutorial_objectstorage.py took 0.054 seconds
[2026-03-01T14:45:19.435+0530] {processor.py:186} INFO - Started process (PID=240185) to work on /home/jenny/.local/lib/python3.13/site-packages/airflow/example_dags/tutorial_objectstorage.py
[2026-03-01T14:45:19.436+0530] {processor.py:914} INFO - Processing file /home/jenny/.local/lib/python3.13/site-packages/airflow/example_dags/tutorial_objectstorage.py for tasks to queue
[2026-03-01T14:45:19.437+0530] {logging_mixin.py:190} INFO - [2026-03-01T14:45:19.437+0530] {dagbag.py:588} INFO - Filling up the DagBag from /home/jenny/.local/lib/python3.13/site-packages/airflow/example_dags/tutorial_objectstorage.py
[2026-03-01T14:45:19.443+0530] {processor.py:925} INFO - DAG(s) 'tutorial_objectstorage' retrieved from /home/jenny/.local/lib/python3.13/site-packages/airflow/example_dags/tutorial_objectstorage.py
[2026-03-01T14:45:19.452+0530] {logging_mixin.py:190} INFO - [2026-03-01T14:45:19.452+0530] {dag.py:3239} INFO - Sync 1 DAGs
[2026-03-01T14:45:19.460+0530] {logging_mixin.py:190} INFO - [2026-03-01T14:45:19.460+0530] {dag.py:4180} INFO - Setting next_dagrun for tutorial_objectstorage to None, run_after=None
[2026-03-01T14:45:19.476+0530] {processor.py:208} INFO - Processing /home/jenny/.local/lib/python3.13/site-packages/airflow/example_dags/tutorial_objectstorage.py took 0.044 seconds
[2026-03-01T14:46:15.589+0530] {processor.py:186} INFO - Started process (PID=240351) to work on /home/jenny/.local/lib/python3.13/site-packages/airflow/example_dags/tutorial_objectstorage.py
[2026-03-01T14:46:15.590+0530] {processor.py:914} INFO - Processing file /home/jenny/.local/lib/python3.13/site-packages/airflow/example_dags/tutorial_objectstorage.py for tasks to queue
[2026-03-01T14:46:15.592+0530] {logging_mixin.py:190} INFO - [2026-03-01T14:46:15.592+0530] {dagbag.py:588} INFO - Filling up the DagBag from /home/jenny/.local/lib/python3.13/site-packages/airflow/example_dags/tutorial_objectstorage.py
[2026-03-01T14:46:15.600+0530] {processor.py:925} INFO - DAG(s) 'tutorial_objectstorage' retrieved from /home/jenny/.local/lib/python3.13/site-packages/airflow/example_dags/tutorial_objectstorage.py
[2026-03-01T14:46:15.610+0530] {logging_mixin.py:190} INFO - [2026-03-01T14:46:15.610+0530] {dag.py:3239} INFO - Sync 1 DAGs
[2026-03-01T14:46:15.719+0530] {logging_mixin.py:190} INFO - [2026-03-01T14:46:15.719+0530] {dag.py:4180} INFO - Setting next_dagrun for tutorial_objectstorage to None, run_after=None
[2026-03-01T14:46:15.759+0530] {processor.py:208} INFO - Processing /home/jenny/.local/lib/python3.13/site-packages/airflow/example_dags/tutorial_objectstorage.py took 0.175 seconds
[2026-03-01T14:47:20.245+0530] {processor.py:186} INFO - Started process (PID=240535) to work on /home/jenny/.local/lib/python3.13/site-packages/airflow/example_dags/tutorial_objectstorage.py
[2026-03-01T14:47:20.246+0530] {processor.py:914} INFO - Processing file /home/jenny/.local/lib/python3.13/site-packages/airflow/example_dags/tutorial_objectstorage.py for tasks to queue
[2026-03-01T14:47:20.248+0530] {logging_mixin.py:190} INFO - [2026-03-01T14:47:20.248+0530] {dagbag.py:588} INFO - Filling up the DagBag from /home/jenny/.local/lib/python3.13/site-packages/airflow/example_dags/tutorial_objectstorage.py
[2026-03-01T14:47:20.256+0530] {processor.py:925} INFO - DAG(s) 'tutorial_objectstorage' retrieved from /home/jenny/.local/lib/python3.13/site-packages/airflow/example_dags/tutorial_objectstorage.py
[2026-03-01T14:47:20.365+0530] {logging_mixin.py:190} INFO - [2026-03-01T14:47:20.365+0530] {dag.py:3239} INFO - Sync 1 DAGs
[2026-03-01T14:47:20.371+0530] {logging_mixin.py:190} INFO - [2026-03-01T14:47:20.371+0530] {dag.py:4180} INFO - Setting next_dagrun for tutorial_objectstorage to None, run_after=None
[2026-03-01T14:47:20.385+0530] {processor.py:208} INFO - Processing /home/jenny/.local/lib/python3.13/site-packages/airflow/example_dags/tutorial_objectstorage.py took 0.145 seconds
[2026-03-01T14:48:22.771+0530] {processor.py:186} INFO - Started process (PID=240718) to work on /home/jenny/.local/lib/python3.13/site-packages/airflow/example_dags/tutorial_objectstorage.py
[2026-03-01T14:48:22.772+0530] {processor.py:914} INFO - Processing file /home/jenny/.local/lib/python3.13/site-packages/airflow/example_dags/tutorial_objectstorage.py for tasks to queue
[2026-03-01T14:48:22.775+0530] {logging_mixin.py:190} INFO - [2026-03-01T14:48:22.775+0530] {dagbag.py:588} INFO - Filling up the DagBag from /home/jenny/.local/lib/python3.13/site-packages/airflow/example_dags/tutorial_objectstorage.py
[2026-03-01T14:48:22.783+0530] {processor.py:925} INFO - DAG(s) 'tutorial_objectstorage' retrieved from /home/jenny/.local/lib/python3.13/site-packages/airflow/example_dags/tutorial_objectstorage.py
[2026-03-01T14:48:22.791+0530] {logging_mixin.py:190} INFO - [2026-03-01T14:48:22.791+0530] {dag.py:3239} INFO - Sync 1 DAGs
[2026-03-01T14:48:22.798+0530] {logging_mixin.py:190} INFO - [2026-03-01T14:48:22.798+0530] {dag.py:4180} INFO - Setting next_dagrun for tutorial_objectstorage to None, run_after=None
[2026-03-01T14:48:22.814+0530] {processor.py:208} INFO - Processing /home/jenny/.local/lib/python3.13/site-packages/airflow/example_dags/tutorial_objectstorage.py took 0.049 seconds
[2026-03-01T14:49:18.192+0530] {processor.py:186} INFO - Started process (PID=241075) to work on /home/jenny/.local/lib/python3.13/site-packages/airflow/example_dags/tutorial_objectstorage.py
[2026-03-01T14:49:18.193+0530] {processor.py:914} INFO - Processing file /home/jenny/.local/lib/python3.13/site-packages/airflow/example_dags/tutorial_objectstorage.py for tasks to queue
[2026-03-01T14:49:18.195+0530] {logging_mixin.py:190} INFO - [2026-03-01T14:49:18.194+0530] {dagbag.py:588} INFO - Filling up the DagBag from /home/jenny/.local/lib/python3.13/site-packages/airflow/example_dags/tutorial_objectstorage.py
[2026-03-01T14:49:18.202+0530] {processor.py:925} INFO - DAG(s) 'tutorial_objectstorage' retrieved from /home/jenny/.local/lib/python3.13/site-packages/airflow/example_dags/tutorial_objectstorage.py
[2026-03-01T14:49:18.211+0530] {logging_mixin.py:190} INFO - [2026-03-01T14:49:18.211+0530] {dag.py:3239} INFO - Sync 1 DAGs
[2026-03-01T14:49:18.218+0530] {logging_mixin.py:190} INFO - [2026-03-01T14:49:18.218+0530] {dag.py:4180} INFO - Setting next_dagrun for tutorial_objectstorage to None, run_after=None
[2026-03-01T14:49:18.234+0530] {processor.py:208} INFO - Processing /home/jenny/.local/lib/python3.13/site-packages/airflow/example_dags/tutorial_objectstorage.py took 0.046 seconds
[2026-03-01T14:50:12.903+0530] {processor.py:186} INFO - Started process (PID=241337) to work on /home/jenny/.local/lib/python3.13/site-packages/airflow/example_dags/tutorial_objectstorage.py
[2026-03-01T14:50:12.905+0530] {processor.py:914} INFO - Processing file /home/jenny/.local/lib/python3.13/site-packages/airflow/example_dags/tutorial_objectstorage.py for tasks to queue
[2026-03-01T14:50:12.908+0530] {logging_mixin.py:190} INFO - [2026-03-01T14:50:12.908+0530] {dagbag.py:588} INFO - Filling up the DagBag from /home/jenny/.local/lib/python3.13/site-packages/airflow/example_dags/tutorial_objectstorage.py
[2026-03-01T14:50:12.915+0530] {processor.py:925} INFO - DAG(s) 'tutorial_objectstorage' retrieved from /home/jenny/.local/lib/python3.13/site-packages/airflow/example_dags/tutorial_objectstorage.py
[2026-03-01T14:50:12.924+0530] {logging_mixin.py:190} INFO - [2026-03-01T14:50:12.924+0530] {dag.py:3239} INFO - Sync 1 DAGs
[2026-03-01T14:50:12.931+0530] {logging_mixin.py:190} INFO - [2026-03-01T14:50:12.931+0530] {dag.py:4180} INFO - Setting next_dagrun for tutorial_objectstorage to None, run_after=None
[2026-03-01T14:50:12.960+0530] {processor.py:208} INFO - Processing /home/jenny/.local/lib/python3.13/site-packages/airflow/example_dags/tutorial_objectstorage.py took 0.064 seconds
[2026-03-01T14:51:09.634+0530] {processor.py:186} INFO - Started process (PID=241767) to work on /home/jenny/.local/lib/python3.13/site-packages/airflow/example_dags/tutorial_objectstorage.py
[2026-03-01T14:51:09.635+0530] {processor.py:914} INFO - Processing file /home/jenny/.local/lib/python3.13/site-packages/airflow/example_dags/tutorial_objectstorage.py for tasks to queue
[2026-03-01T14:51:09.637+0530] {logging_mixin.py:190} INFO - [2026-03-01T14:51:09.636+0530] {dagbag.py:588} INFO - Filling up the DagBag from /home/jenny/.local/lib/python3.13/site-packages/airflow/example_dags/tutorial_objectstorage.py
[2026-03-01T14:51:09.644+0530] {processor.py:925} INFO - DAG(s) 'tutorial_objectstorage' retrieved from /home/jenny/.local/lib/python3.13/site-packages/airflow/example_dags/tutorial_objectstorage.py
[2026-03-01T14:51:09.652+0530] {logging_mixin.py:190} INFO - [2026-03-01T14:51:09.652+0530] {dag.py:3239} INFO - Sync 1 DAGs
[2026-03-01T14:51:09.659+0530] {logging_mixin.py:190} INFO - [2026-03-01T14:51:09.659+0530] {dag.py:4180} INFO - Setting next_dagrun for tutorial_objectstorage to None, run_after=None
[2026-03-01T14:51:09.682+0530] {processor.py:208} INFO - Processing /home/jenny/.local/lib/python3.13/site-packages/airflow/example_dags/tutorial_objectstorage.py took 0.051 seconds
[2026-03-01T14:52:02.314+0530] {processor.py:186} INFO - Started process (PID=241932) to work on /home/jenny/.local/lib/python3.13/site-packages/airflow/example_dags/tutorial_objectstorage.py
[2026-03-01T14:52:02.315+0530] {processor.py:914} INFO - Processing file /home/jenny/.local/lib/python3.13/site-packages/airflow/example_dags/tutorial_objectstorage.py for tasks to queue
[2026-03-01T14:52:02.318+0530] {logging_mixin.py:190} INFO - [2026-03-01T14:52:02.318+0530] {dagbag.py:588} INFO - Filling up the DagBag from /home/jenny/.local/lib/python3.13/site-packages/airflow/example_dags/tutorial_objectstorage.py
[2026-03-01T14:52:02.325+0530] {processor.py:925} INFO - DAG(s) 'tutorial_objectstorage' retrieved from /home/jenny/.local/lib/python3.13/site-packages/airflow/example_dags/tutorial_objectstorage.py
[2026-03-01T14:52:02.334+0530] {logging_mixin.py:190} INFO - [2026-03-01T14:52:02.334+0530] {dag.py:3239} INFO - Sync 1 DAGs
[2026-03-01T14:52:02.341+0530] {logging_mixin.py:190} INFO - [2026-03-01T14:52:02.341+0530] {dag.py:4180} INFO - Setting next_dagrun for tutorial_objectstorage to None, run_after=None
[2026-03-01T14:52:02.356+0530] {processor.py:208} INFO - Processing /home/jenny/.local/lib/python3.13/site-packages/airflow/example_dags/tutorial_objectstorage.py took 0.048 seconds
[2026-03-01T14:52:55.008+0530] {processor.py:186} INFO - Started process (PID=242069) to work on /home/jenny/.local/lib/python3.13/site-packages/airflow/example_dags/tutorial_objectstorage.py
[2026-03-01T14:52:55.009+0530] {processor.py:914} INFO - Processing file /home/jenny/.local/lib/python3.13/site-packages/airflow/example_dags/tutorial_objectstorage.py for tasks to queue
[2026-03-01T14:52:55.012+0530] {logging_mixin.py:190} INFO - [2026-03-01T14:52:55.012+0530] {dagbag.py:588} INFO - Filling up the DagBag from /home/jenny/.local/lib/python3.13/site-packages/airflow/example_dags/tutorial_objectstorage.py
[2026-03-01T14:52:55.019+0530] {processor.py:925} INFO - DAG(s) 'tutorial_objectstorage' retrieved from /home/jenny/.local/lib/python3.13/site-packages/airflow/example_dags/tutorial_objectstorage.py
[2026-03-01T14:52:55.028+0530] {logging_mixin.py:190} INFO - [2026-03-01T14:52:55.028+0530] {dag.py:3239} INFO - Sync 1 DAGs
[2026-03-01T14:52:55.035+0530] {logging_mixin.py:190} INFO - [2026-03-01T14:52:55.035+0530] {dag.py:4180} INFO - Setting next_dagrun for tutorial_objectstorage to None, run_after=None
[2026-03-01T14:52:55.050+0530] {processor.py:208} INFO - Processing /home/jenny/.local/lib/python3.13/site-packages/airflow/example_dags/tutorial_objectstorage.py took 0.046 seconds
[2026-03-01T14:53:47.606+0530] {processor.py:186} INFO - Started process (PID=242232) to work on /home/jenny/.local/lib/python3.13/site-packages/airflow/example_dags/tutorial_objectstorage.py
[2026-03-01T14:53:47.607+0530] {processor.py:914} INFO - Processing file /home/jenny/.local/lib/python3.13/site-packages/airflow/example_dags/tutorial_objectstorage.py for tasks to queue
[2026-03-01T14:53:47.610+0530] {logging_mixin.py:190} INFO - [2026-03-01T14:53:47.610+0530] {dagbag.py:588} INFO - Filling up the DagBag from /home/jenny/.local/lib/python3.13/site-packages/airflow/example_dags/tutorial_objectstorage.py
[2026-03-01T14:53:47.620+0530] {processor.py:925} INFO - DAG(s) 'tutorial_objectstorage' retrieved from /home/jenny/.local/lib/python3.13/site-packages/airflow/example_dags/tutorial_objectstorage.py
[2026-03-01T14:53:47.628+0530] {logging_mixin.py:190} INFO - [2026-03-01T14:53:47.628+0530] {dag.py:3239} INFO - Sync 1 DAGs
[2026-03-01T14:53:47.636+0530] {logging_mixin.py:190} INFO - [2026-03-01T14:53:47.636+0530] {dag.py:4180} INFO - Setting next_dagrun for tutorial_objectstorage to None, run_after=None
[2026-03-01T14:53:47.651+0530] {processor.py:208} INFO - Processing /home/jenny/.local/lib/python3.13/site-packages/airflow/example_dags/tutorial_objectstorage.py took 0.051 seconds
[2026-03-01T14:54:40.899+0530] {processor.py:186} INFO - Started process (PID=242375) to work on /home/jenny/.local/lib/python3.13/site-packages/airflow/example_dags/tutorial_objectstorage.py
[2026-03-01T14:54:40.900+0530] {processor.py:914} INFO - Processing file /home/jenny/.local/lib/python3.13/site-packages/airflow/example_dags/tutorial_objectstorage.py for tasks to queue
[2026-03-01T14:54:40.903+0530] {logging_mixin.py:190} INFO - [2026-03-01T14:54:40.903+0530] {dagbag.py:588} INFO - Filling up the DagBag from /home/jenny/.local/lib/python3.13/site-packages/airflow/example_dags/tutorial_objectstorage.py
[2026-03-01T14:54:40.911+0530] {processor.py:925} INFO - DAG(s) 'tutorial_objectstorage' retrieved from /home/jenny/.local/lib/python3.13/site-packages/airflow/example_dags/tutorial_objectstorage.py
[2026-03-01T14:54:40.919+0530] {logging_mixin.py:190} INFO - [2026-03-01T14:54:40.919+0530] {dag.py:3239} INFO - Sync 1 DAGs
[2026-03-01T14:54:40.927+0530] {logging_mixin.py:190} INFO - [2026-03-01T14:54:40.926+0530] {dag.py:4180} INFO - Setting next_dagrun for tutorial_objectstorage to None, run_after=None
[2026-03-01T14:54:40.941+0530] {processor.py:208} INFO - Processing /home/jenny/.local/lib/python3.13/site-packages/airflow/example_dags/tutorial_objectstorage.py took 0.047 seconds
[2026-03-01T14:55:34.179+0530] {processor.py:186} INFO - Started process (PID=242586) to work on /home/jenny/.local/lib/python3.13/site-packages/airflow/example_dags/tutorial_objectstorage.py
[2026-03-01T14:55:34.180+0530] {processor.py:914} INFO - Processing file /home/jenny/.local/lib/python3.13/site-packages/airflow/example_dags/tutorial_objectstorage.py for tasks to queue
[2026-03-01T14:55:34.181+0530] {logging_mixin.py:190} INFO - [2026-03-01T14:55:34.181+0530] {dagbag.py:588} INFO - Filling up the DagBag from /home/jenny/.local/lib/python3.13/site-packages/airflow/example_dags/tutorial_objectstorage.py
[2026-03-01T14:55:34.188+0530] {processor.py:925} INFO - DAG(s) 'tutorial_objectstorage' retrieved from /home/jenny/.local/lib/python3.13/site-packages/airflow/example_dags/tutorial_objectstorage.py
[2026-03-01T14:55:34.197+0530] {logging_mixin.py:190} INFO - [2026-03-01T14:55:34.197+0530] {dag.py:3239} INFO - Sync 1 DAGs
[2026-03-01T14:55:34.205+0530] {logging_mixin.py:190} INFO - [2026-03-01T14:55:34.205+0530] {dag.py:4180} INFO - Setting next_dagrun for tutorial_objectstorage to None, run_after=None
[2026-03-01T14:55:34.224+0530] {processor.py:208} INFO - Processing /home/jenny/.local/lib/python3.13/site-packages/airflow/example_dags/tutorial_objectstorage.py took 0.049 seconds
[2026-03-01T14:56:29.223+0530] {processor.py:186} INFO - Started process (PID=246675) to work on /home/jenny/.local/lib/python3.13/site-packages/airflow/example_dags/tutorial_objectstorage.py
[2026-03-01T14:56:29.224+0530] {processor.py:914} INFO - Processing file /home/jenny/.local/lib/python3.13/site-packages/airflow/example_dags/tutorial_objectstorage.py for tasks to queue
[2026-03-01T14:56:29.227+0530] {logging_mixin.py:190} INFO - [2026-03-01T14:56:29.227+0530] {dagbag.py:588} INFO - Filling up the DagBag from /home/jenny/.local/lib/python3.13/site-packages/airflow/example_dags/tutorial_objectstorage.py
[2026-03-01T14:56:29.234+0530] {processor.py:925} INFO - DAG(s) 'tutorial_objectstorage' retrieved from /home/jenny/.local/lib/python3.13/site-packages/airflow/example_dags/tutorial_objectstorage.py
[2026-03-01T14:56:29.243+0530] {logging_mixin.py:190} INFO - [2026-03-01T14:56:29.243+0530] {dag.py:3239} INFO - Sync 1 DAGs
[2026-03-01T14:56:29.251+0530] {logging_mixin.py:190} INFO - [2026-03-01T14:56:29.251+0530] {dag.py:4180} INFO - Setting next_dagrun for tutorial_objectstorage to None, run_after=None
[2026-03-01T14:56:29.290+0530] {processor.py:208} INFO - Processing /home/jenny/.local/lib/python3.13/site-packages/airflow/example_dags/tutorial_objectstorage.py took 0.073 seconds
[2026-03-01T14:57:23.234+0530] {processor.py:186} INFO - Started process (PID=246816) to work on /home/jenny/.local/lib/python3.13/site-packages/airflow/example_dags/tutorial_objectstorage.py
[2026-03-01T14:57:23.235+0530] {processor.py:914} INFO - Processing file /home/jenny/.local/lib/python3.13/site-packages/airflow/example_dags/tutorial_objectstorage.py for tasks to queue
[2026-03-01T14:57:23.238+0530] {logging_mixin.py:190} INFO - [2026-03-01T14:57:23.238+0530] {dagbag.py:588} INFO - Filling up the DagBag from /home/jenny/.local/lib/python3.13/site-packages/airflow/example_dags/tutorial_objectstorage.py
[2026-03-01T14:57:23.245+0530] {processor.py:925} INFO - DAG(s) 'tutorial_objectstorage' retrieved from /home/jenny/.local/lib/python3.13/site-packages/airflow/example_dags/tutorial_objectstorage.py
[2026-03-01T14:57:23.254+0530] {logging_mixin.py:190} INFO - [2026-03-01T14:57:23.254+0530] {dag.py:3239} INFO - Sync 1 DAGs
[2026-03-01T14:57:23.261+0530] {logging_mixin.py:190} INFO - [2026-03-01T14:57:23.261+0530] {dag.py:4180} INFO - Setting next_dagrun for tutorial_objectstorage to None, run_after=None
[2026-03-01T14:57:23.276+0530] {processor.py:208} INFO - Processing /home/jenny/.local/lib/python3.13/site-packages/airflow/example_dags/tutorial_objectstorage.py took 0.047 seconds
[2026-03-01T14:58:16.478+0530] {processor.py:186} INFO - Started process (PID=246985) to work on /home/jenny/.local/lib/python3.13/site-packages/airflow/example_dags/tutorial_objectstorage.py
[2026-03-01T14:58:16.479+0530] {processor.py:914} INFO - Processing file /home/jenny/.local/lib/python3.13/site-packages/airflow/example_dags/tutorial_objectstorage.py for tasks to queue
[2026-03-01T14:58:16.482+0530] {logging_mixin.py:190} INFO - [2026-03-01T14:58:16.481+0530] {dagbag.py:588} INFO - Filling up the DagBag from /home/jenny/.local/lib/python3.13/site-packages/airflow/example_dags/tutorial_objectstorage.py
[2026-03-01T14:58:16.490+0530] {processor.py:925} INFO - DAG(s) 'tutorial_objectstorage' retrieved from /home/jenny/.local/lib/python3.13/site-packages/airflow/example_dags/tutorial_objectstorage.py
[2026-03-01T14:58:16.503+0530] {logging_mixin.py:190} INFO - [2026-03-01T14:58:16.502+0530] {dag.py:3239} INFO - Sync 1 DAGs
[2026-03-01T14:58:16.513+0530] {logging_mixin.py:190} INFO - [2026-03-01T14:58:16.512+0530] {dag.py:4180} INFO - Setting next_dagrun for tutorial_objectstorage to None, run_after=None
[2026-03-01T14:58:16.539+0530] {processor.py:208} INFO - Processing /home/jenny/.local/lib/python3.13/site-packages/airflow/example_dags/tutorial_objectstorage.py took 0.065 seconds
[2026-03-01T14:59:12.524+0530] {processor.py:186} INFO - Started process (PID=247362) to work on /home/jenny/.local/lib/python3.13/site-packages/airflow/example_dags/tutorial_objectstorage.py
[2026-03-01T14:59:12.525+0530] {processor.py:914} INFO - Processing file /home/jenny/.local/lib/python3.13/site-packages/airflow/example_dags/tutorial_objectstorage.py for tasks to queue
[2026-03-01T14:59:12.527+0530] {logging_mixin.py:190} INFO - [2026-03-01T14:59:12.527+0530] {dagbag.py:588} INFO - Filling up the DagBag from /home/jenny/.local/lib/python3.13/site-packages/airflow/example_dags/tutorial_objectstorage.py
[2026-03-01T14:59:12.534+0530] {processor.py:925} INFO - DAG(s) 'tutorial_objectstorage' retrieved from /home/jenny/.local/lib/python3.13/site-packages/airflow/example_dags/tutorial_objectstorage.py
[2026-03-01T14:59:12.544+0530] {logging_mixin.py:190} INFO - [2026-03-01T14:59:12.544+0530] {dag.py:3239} INFO - Sync 1 DAGs
[2026-03-01T14:59:12.552+0530] {logging_mixin.py:190} INFO - [2026-03-01T14:59:12.552+0530] {dag.py:4180} INFO - Setting next_dagrun for tutorial_objectstorage to None, run_after=None
[2026-03-01T14:59:12.576+0530] {processor.py:208} INFO - Processing /home/jenny/.local/lib/python3.13/site-packages/airflow/example_dags/tutorial_objectstorage.py took 0.057 seconds
[2026-03-01T15:00:05.393+0530] {processor.py:186} INFO - Started process (PID=247918) to work on /home/jenny/.local/lib/python3.13/site-packages/airflow/example_dags/tutorial_objectstorage.py
[2026-03-01T15:00:05.395+0530] {processor.py:914} INFO - Processing file /home/jenny/.local/lib/python3.13/site-packages/airflow/example_dags/tutorial_objectstorage.py for tasks to queue
[2026-03-01T15:00:05.398+0530] {logging_mixin.py:190} INFO - [2026-03-01T15:00:05.397+0530] {dagbag.py:588} INFO - Filling up the DagBag from /home/jenny/.local/lib/python3.13/site-packages/airflow/example_dags/tutorial_objectstorage.py
[2026-03-01T15:00:05.406+0530] {processor.py:925} INFO - DAG(s) 'tutorial_objectstorage' retrieved from /home/jenny/.local/lib/python3.13/site-packages/airflow/example_dags/tutorial_objectstorage.py
[2026-03-01T15:00:05.414+0530] {logging_mixin.py:190} INFO - [2026-03-01T15:00:05.414+0530] {dag.py:3239} INFO - Sync 1 DAGs
[2026-03-01T15:00:05.421+0530] {logging_mixin.py:190} INFO - [2026-03-01T15:00:05.421+0530] {dag.py:4180} INFO - Setting next_dagrun for tutorial_objectstorage to None, run_after=None
[2026-03-01T15:00:05.436+0530] {processor.py:208} INFO - Processing /home/jenny/.local/lib/python3.13/site-packages/airflow/example_dags/tutorial_objectstorage.py took 0.049 seconds
[2026-03-01T15:01:00.715+0530] {processor.py:186} INFO - Started process (PID=248115) to work on /home/jenny/.local/lib/python3.13/site-packages/airflow/example_dags/tutorial_objectstorage.py
[2026-03-01T15:01:00.717+0530] {processor.py:914} INFO - Processing file /home/jenny/.local/lib/python3.13/site-packages/airflow/example_dags/tutorial_objectstorage.py for tasks to queue
[2026-03-01T15:01:00.719+0530] {logging_mixin.py:190} INFO - [2026-03-01T15:01:00.719+0530] {dagbag.py:588} INFO - Filling up the DagBag from /home/jenny/.local/lib/python3.13/site-packages/airflow/example_dags/tutorial_objectstorage.py
[2026-03-01T15:01:00.726+0530] {processor.py:925} INFO - DAG(s) 'tutorial_objectstorage' retrieved from /home/jenny/.local/lib/python3.13/site-packages/airflow/example_dags/tutorial_objectstorage.py
[2026-03-01T15:01:00.735+0530] {logging_mixin.py:190} INFO - [2026-03-01T15:01:00.735+0530] {dag.py:3239} INFO - Sync 1 DAGs
[2026-03-01T15:01:00.743+0530] {logging_mixin.py:190} INFO - [2026-03-01T15:01:00.743+0530] {dag.py:4180} INFO - Setting next_dagrun for tutorial_objectstorage to None, run_after=None
[2026-03-01T15:01:00.758+0530] {processor.py:208} INFO - Processing /home/jenny/.local/lib/python3.13/site-packages/airflow/example_dags/tutorial_objectstorage.py took 0.049 seconds
[2026-03-01T15:01:56.827+0530] {processor.py:186} INFO - Started process (PID=248284) to work on /home/jenny/.local/lib/python3.13/site-packages/airflow/example_dags/tutorial_objectstorage.py
[2026-03-01T15:01:56.828+0530] {processor.py:914} INFO - Processing file /home/jenny/.local/lib/python3.13/site-packages/airflow/example_dags/tutorial_objectstorage.py for tasks to queue
[2026-03-01T15:01:56.830+0530] {logging_mixin.py:190} INFO - [2026-03-01T15:01:56.829+0530] {dagbag.py:588} INFO - Filling up the DagBag from /home/jenny/.local/lib/python3.13/site-packages/airflow/example_dags/tutorial_objectstorage.py
[2026-03-01T15:01:56.835+0530] {processor.py:925} INFO - DAG(s) 'tutorial_objectstorage' retrieved from /home/jenny/.local/lib/python3.13/site-packages/airflow/example_dags/tutorial_objectstorage.py
[2026-03-01T15:01:56.844+0530] {logging_mixin.py:190} INFO - [2026-03-01T15:01:56.844+0530] {dag.py:3239} INFO - Sync 1 DAGs
[2026-03-01T15:01:56.851+0530] {logging_mixin.py:190} INFO - [2026-03-01T15:01:56.851+0530] {dag.py:4180} INFO - Setting next_dagrun for tutorial_objectstorage to None, run_after=None
[2026-03-01T15:01:56.867+0530] {processor.py:208} INFO - Processing /home/jenny/.local/lib/python3.13/site-packages/airflow/example_dags/tutorial_objectstorage.py took 0.043 seconds
[2026-03-01T15:02:51.045+0530] {processor.py:186} INFO - Started process (PID=248495) to work on /home/jenny/.local/lib/python3.13/site-packages/airflow/example_dags/tutorial_objectstorage.py
[2026-03-01T15:02:51.059+0530] {processor.py:914} INFO - Processing file /home/jenny/.local/lib/python3.13/site-packages/airflow/example_dags/tutorial_objectstorage.py for tasks to queue
[2026-03-01T15:02:51.063+0530] {logging_mixin.py:190} INFO - [2026-03-01T15:02:51.062+0530] {dagbag.py:588} INFO - Filling up the DagBag from /home/jenny/.local/lib/python3.13/site-packages/airflow/example_dags/tutorial_objectstorage.py
[2026-03-01T15:02:51.072+0530] {processor.py:925} INFO - DAG(s) 'tutorial_objectstorage' retrieved from /home/jenny/.local/lib/python3.13/site-packages/airflow/example_dags/tutorial_objectstorage.py
[2026-03-01T15:02:51.084+0530] {logging_mixin.py:190} INFO - [2026-03-01T15:02:51.084+0530] {dag.py:3239} INFO - Sync 1 DAGs
[2026-03-01T15:02:51.093+0530] {logging_mixin.py:190} INFO - [2026-03-01T15:02:51.093+0530] {dag.py:4180} INFO - Setting next_dagrun for tutorial_objectstorage to None, run_after=None
[2026-03-01T15:02:51.135+0530] {processor.py:208} INFO - Processing /home/jenny/.local/lib/python3.13/site-packages/airflow/example_dags/tutorial_objectstorage.py took 0.095 seconds
[2026-03-01T15:03:46.340+0530] {processor.py:186} INFO - Started process (PID=248815) to work on /home/jenny/.local/lib/python3.13/site-packages/airflow/example_dags/tutorial_objectstorage.py
[2026-03-01T15:03:46.340+0530] {processor.py:914} INFO - Processing file /home/jenny/.local/lib/python3.13/site-packages/airflow/example_dags/tutorial_objectstorage.py for tasks to queue
[2026-03-01T15:03:46.342+0530] {logging_mixin.py:190} INFO - [2026-03-01T15:03:46.342+0530] {dagbag.py:588} INFO - Filling up the DagBag from /home/jenny/.local/lib/python3.13/site-packages/airflow/example_dags/tutorial_objectstorage.py
[2026-03-01T15:03:46.348+0530] {processor.py:925} INFO - DAG(s) 'tutorial_objectstorage' retrieved from /home/jenny/.local/lib/python3.13/site-packages/airflow/example_dags/tutorial_objectstorage.py
[2026-03-01T15:03:46.359+0530] {logging_mixin.py:190} INFO - [2026-03-01T15:03:46.359+0530] {dag.py:3239} INFO - Sync 1 DAGs
[2026-03-01T15:03:46.368+0530] {logging_mixin.py:190} INFO - [2026-03-01T15:03:46.368+0530] {dag.py:4180} INFO - Setting next_dagrun for tutorial_objectstorage to None, run_after=None
[2026-03-01T15:03:46.386+0530] {processor.py:208} INFO - Processing /home/jenny/.local/lib/python3.13/site-packages/airflow/example_dags/tutorial_objectstorage.py took 0.051 seconds
[2026-03-01T15:04:39.474+0530] {processor.py:186} INFO - Started process (PID=249163) to work on /home/jenny/.local/lib/python3.13/site-packages/airflow/example_dags/tutorial_objectstorage.py
[2026-03-01T15:04:39.475+0530] {processor.py:914} INFO - Processing file /home/jenny/.local/lib/python3.13/site-packages/airflow/example_dags/tutorial_objectstorage.py for tasks to queue
[2026-03-01T15:04:39.477+0530] {logging_mixin.py:190} INFO - [2026-03-01T15:04:39.477+0530] {dagbag.py:588} INFO - Filling up the DagBag from /home/jenny/.local/lib/python3.13/site-packages/airflow/example_dags/tutorial_objectstorage.py
[2026-03-01T15:04:39.483+0530] {processor.py:925} INFO - DAG(s) 'tutorial_objectstorage' retrieved from /home/jenny/.local/lib/python3.13/site-packages/airflow/example_dags/tutorial_objectstorage.py
[2026-03-01T15:04:39.492+0530] {logging_mixin.py:190} INFO - [2026-03-01T15:04:39.492+0530] {dag.py:3239} INFO - Sync 1 DAGs
[2026-03-01T15:04:39.501+0530] {logging_mixin.py:190} INFO - [2026-03-01T15:04:39.501+0530] {dag.py:4180} INFO - Setting next_dagrun for tutorial_objectstorage to None, run_after=None
[2026-03-01T15:04:39.517+0530] {processor.py:208} INFO - Processing /home/jenny/.local/lib/python3.13/site-packages/airflow/example_dags/tutorial_objectstorage.py took 0.046 seconds
[2026-03-01T15:05:33.333+0530] {processor.py:186} INFO - Started process (PID=249555) to work on /home/jenny/.local/lib/python3.13/site-packages/airflow/example_dags/tutorial_objectstorage.py
[2026-03-01T15:05:33.334+0530] {processor.py:914} INFO - Processing file /home/jenny/.local/lib/python3.13/site-packages/airflow/example_dags/tutorial_objectstorage.py for tasks to queue
[2026-03-01T15:05:33.337+0530] {logging_mixin.py:190} INFO - [2026-03-01T15:05:33.337+0530] {dagbag.py:588} INFO - Filling up the DagBag from /home/jenny/.local/lib/python3.13/site-packages/airflow/example_dags/tutorial_objectstorage.py
[2026-03-01T15:05:33.345+0530] {processor.py:925} INFO - DAG(s) 'tutorial_objectstorage' retrieved from /home/jenny/.local/lib/python3.13/site-packages/airflow/example_dags/tutorial_objectstorage.py
[2026-03-01T15:05:33.354+0530] {logging_mixin.py:190} INFO - [2026-03-01T15:05:33.354+0530] {dag.py:3239} INFO - Sync 1 DAGs
[2026-03-01T15:05:33.361+0530] {logging_mixin.py:190} INFO - [2026-03-01T15:05:33.361+0530] {dag.py:4180} INFO - Setting next_dagrun for tutorial_objectstorage to None, run_after=None
[2026-03-01T15:05:33.377+0530] {processor.py:208} INFO - Processing /home/jenny/.local/lib/python3.13/site-packages/airflow/example_dags/tutorial_objectstorage.py took 0.048 seconds
[2026-03-01T15:06:26.506+0530] {processor.py:186} INFO - Started process (PID=249726) to work on /home/jenny/.local/lib/python3.13/site-packages/airflow/example_dags/tutorial_objectstorage.py
[2026-03-01T15:06:26.507+0530] {processor.py:914} INFO - Processing file /home/jenny/.local/lib/python3.13/site-packages/airflow/example_dags/tutorial_objectstorage.py for tasks to queue
[2026-03-01T15:06:26.510+0530] {logging_mixin.py:190} INFO - [2026-03-01T15:06:26.509+0530] {dagbag.py:588} INFO - Filling up the DagBag from /home/jenny/.local/lib/python3.13/site-packages/airflow/example_dags/tutorial_objectstorage.py
[2026-03-01T15:06:26.520+0530] {processor.py:925} INFO - DAG(s) 'tutorial_objectstorage' retrieved from /home/jenny/.local/lib/python3.13/site-packages/airflow/example_dags/tutorial_objectstorage.py
[2026-03-01T15:06:26.532+0530] {logging_mixin.py:190} INFO - [2026-03-01T15:06:26.532+0530] {dag.py:3239} INFO - Sync 1 DAGs
[2026-03-01T15:06:26.548+0530] {logging_mixin.py:190} INFO - [2026-03-01T15:06:26.548+0530] {dag.py:4180} INFO - Setting next_dagrun for tutorial_objectstorage to None, run_after=None
[2026-03-01T15:06:26.578+0530] {processor.py:208} INFO - Processing /home/jenny/.local/lib/python3.13/site-packages/airflow/example_dags/tutorial_objectstorage.py took 0.079 seconds
[2026-03-01T15:07:19.434+0530] {processor.py:186} INFO - Started process (PID=250112) to work on /home/jenny/.local/lib/python3.13/site-packages/airflow/example_dags/tutorial_objectstorage.py
[2026-03-01T15:07:19.436+0530] {processor.py:914} INFO - Processing file /home/jenny/.local/lib/python3.13/site-packages/airflow/example_dags/tutorial_objectstorage.py for tasks to queue
[2026-03-01T15:07:19.439+0530] {logging_mixin.py:190} INFO - [2026-03-01T15:07:19.438+0530] {dagbag.py:588} INFO - Filling up the DagBag from /home/jenny/.local/lib/python3.13/site-packages/airflow/example_dags/tutorial_objectstorage.py
[2026-03-01T15:07:19.447+0530] {processor.py:925} INFO - DAG(s) 'tutorial_objectstorage' retrieved from /home/jenny/.local/lib/python3.13/site-packages/airflow/example_dags/tutorial_objectstorage.py
[2026-03-01T15:07:19.455+0530] {logging_mixin.py:190} INFO - [2026-03-01T15:07:19.455+0530] {dag.py:3239} INFO - Sync 1 DAGs
[2026-03-01T15:07:19.463+0530] {logging_mixin.py:190} INFO - [2026-03-01T15:07:19.463+0530] {dag.py:4180} INFO - Setting next_dagrun for tutorial_objectstorage to None, run_after=None
[2026-03-01T15:07:19.478+0530] {processor.py:208} INFO - Processing /home/jenny/.local/lib/python3.13/site-packages/airflow/example_dags/tutorial_objectstorage.py took 0.049 seconds
[2026-03-01T15:08:11.317+0530] {processor.py:186} INFO - Started process (PID=250396) to work on /home/jenny/.local/lib/python3.13/site-packages/airflow/example_dags/tutorial_objectstorage.py
[2026-03-01T15:08:11.318+0530] {processor.py:914} INFO - Processing file /home/jenny/.local/lib/python3.13/site-packages/airflow/example_dags/tutorial_objectstorage.py for tasks to queue
[2026-03-01T15:08:11.320+0530] {logging_mixin.py:190} INFO - [2026-03-01T15:08:11.319+0530] {dagbag.py:588} INFO - Filling up the DagBag from /home/jenny/.local/lib/python3.13/site-packages/airflow/example_dags/tutorial_objectstorage.py
[2026-03-01T15:08:11.326+0530] {processor.py:925} INFO - DAG(s) 'tutorial_objectstorage' retrieved from /home/jenny/.local/lib/python3.13/site-packages/airflow/example_dags/tutorial_objectstorage.py
[2026-03-01T15:08:11.338+0530] {logging_mixin.py:190} INFO - [2026-03-01T15:08:11.337+0530] {dag.py:3239} INFO - Sync 1 DAGs
[2026-03-01T15:08:11.347+0530] {logging_mixin.py:190} INFO - [2026-03-01T15:08:11.347+0530] {dag.py:4180} INFO - Setting next_dagrun for tutorial_objectstorage to None, run_after=None
[2026-03-01T15:08:11.364+0530] {processor.py:208} INFO - Processing /home/jenny/.local/lib/python3.13/site-packages/airflow/example_dags/tutorial_objectstorage.py took 0.052 seconds
[2026-03-01T15:09:04.310+0530] {processor.py:186} INFO - Started process (PID=250682) to work on /home/jenny/.local/lib/python3.13/site-packages/airflow/example_dags/tutorial_objectstorage.py
[2026-03-01T15:09:04.311+0530] {processor.py:914} INFO - Processing file /home/jenny/.local/lib/python3.13/site-packages/airflow/example_dags/tutorial_objectstorage.py for tasks to queue
[2026-03-01T15:09:04.313+0530] {logging_mixin.py:190} INFO - [2026-03-01T15:09:04.313+0530] {dagbag.py:588} INFO - Filling up the DagBag from /home/jenny/.local/lib/python3.13/site-packages/airflow/example_dags/tutorial_objectstorage.py
[2026-03-01T15:09:04.321+0530] {processor.py:925} INFO - DAG(s) 'tutorial_objectstorage' retrieved from /home/jenny/.local/lib/python3.13/site-packages/airflow/example_dags/tutorial_objectstorage.py
[2026-03-01T15:09:04.333+0530] {logging_mixin.py:190} INFO - [2026-03-01T15:09:04.333+0530] {dag.py:3239} INFO - Sync 1 DAGs
[2026-03-01T15:09:04.346+0530] {logging_mixin.py:190} INFO - [2026-03-01T15:09:04.345+0530] {dag.py:4180} INFO - Setting next_dagrun for tutorial_objectstorage to None, run_after=None
[2026-03-01T15:09:04.362+0530] {processor.py:208} INFO - Processing /home/jenny/.local/lib/python3.13/site-packages/airflow/example_dags/tutorial_objectstorage.py took 0.056 seconds
[2026-03-01T15:09:57.129+0530] {processor.py:186} INFO - Started process (PID=250938) to work on /home/jenny/.local/lib/python3.13/site-packages/airflow/example_dags/tutorial_objectstorage.py
[2026-03-01T15:09:57.129+0530] {processor.py:914} INFO - Processing file /home/jenny/.local/lib/python3.13/site-packages/airflow/example_dags/tutorial_objectstorage.py for tasks to queue
[2026-03-01T15:09:57.132+0530] {logging_mixin.py:190} INFO - [2026-03-01T15:09:57.131+0530] {dagbag.py:588} INFO - Filling up the DagBag from /home/jenny/.local/lib/python3.13/site-packages/airflow/example_dags/tutorial_objectstorage.py
[2026-03-01T15:09:57.139+0530] {processor.py:925} INFO - DAG(s) 'tutorial_objectstorage' retrieved from /home/jenny/.local/lib/python3.13/site-packages/airflow/example_dags/tutorial_objectstorage.py
[2026-03-01T15:09:57.149+0530] {logging_mixin.py:190} INFO - [2026-03-01T15:09:57.148+0530] {dag.py:3239} INFO - Sync 1 DAGs
[2026-03-01T15:09:57.156+0530] {logging_mixin.py:190} INFO - [2026-03-01T15:09:57.156+0530] {dag.py:4180} INFO - Setting next_dagrun for tutorial_objectstorage to None, run_after=None
[2026-03-01T15:09:57.172+0530] {processor.py:208} INFO - Processing /home/jenny/.local/lib/python3.13/site-packages/airflow/example_dags/tutorial_objectstorage.py took 0.048 seconds
[2026-03-01T19:41:14.034+0530] {processor.py:186} INFO - Started process (PID=255462) to work on /home/jenny/.local/lib/python3.13/site-packages/airflow/example_dags/tutorial_objectstorage.py
[2026-03-01T19:41:14.035+0530] {processor.py:914} INFO - Processing file /home/jenny/.local/lib/python3.13/site-packages/airflow/example_dags/tutorial_objectstorage.py for tasks to queue
[2026-03-01T19:41:14.036+0530] {logging_mixin.py:190} INFO - [2026-03-01T19:41:14.035+0530] {dagbag.py:588} INFO - Filling up the DagBag from /home/jenny/.local/lib/python3.13/site-packages/airflow/example_dags/tutorial_objectstorage.py
[2026-03-01T19:41:14.043+0530] {processor.py:925} INFO - DAG(s) 'tutorial_objectstorage' retrieved from /home/jenny/.local/lib/python3.13/site-packages/airflow/example_dags/tutorial_objectstorage.py
[2026-03-01T19:41:14.052+0530] {logging_mixin.py:190} INFO - [2026-03-01T19:41:14.052+0530] {dag.py:3239} INFO - Sync 1 DAGs
[2026-03-01T19:41:14.060+0530] {logging_mixin.py:190} INFO - [2026-03-01T19:41:14.060+0530] {dag.py:4180} INFO - Setting next_dagrun for tutorial_objectstorage to None, run_after=None
[2026-03-01T19:41:14.078+0530] {processor.py:208} INFO - Processing /home/jenny/.local/lib/python3.13/site-packages/airflow/example_dags/tutorial_objectstorage.py took 0.048 seconds
[2026-03-01T19:41:59.357+0530] {processor.py:186} INFO - Started process (PID=255689) to work on /home/jenny/.local/lib/python3.13/site-packages/airflow/example_dags/tutorial_objectstorage.py
[2026-03-01T19:41:59.358+0530] {processor.py:914} INFO - Processing file /home/jenny/.local/lib/python3.13/site-packages/airflow/example_dags/tutorial_objectstorage.py for tasks to queue
[2026-03-01T19:41:59.360+0530] {logging_mixin.py:190} INFO - [2026-03-01T19:41:59.359+0530] {dagbag.py:588} INFO - Filling up the DagBag from /home/jenny/.local/lib/python3.13/site-packages/airflow/example_dags/tutorial_objectstorage.py
[2026-03-01T19:41:59.369+0530] {processor.py:925} INFO - DAG(s) 'tutorial_objectstorage' retrieved from /home/jenny/.local/lib/python3.13/site-packages/airflow/example_dags/tutorial_objectstorage.py
[2026-03-01T19:41:59.377+0530] {logging_mixin.py:190} INFO - [2026-03-01T19:41:59.377+0530] {dag.py:3239} INFO - Sync 1 DAGs
[2026-03-01T19:41:59.384+0530] {logging_mixin.py:190} INFO - [2026-03-01T19:41:59.384+0530] {dag.py:4180} INFO - Setting next_dagrun for tutorial_objectstorage to None, run_after=None
[2026-03-01T19:41:59.399+0530] {processor.py:208} INFO - Processing /home/jenny/.local/lib/python3.13/site-packages/airflow/example_dags/tutorial_objectstorage.py took 0.047 seconds
[2026-03-01T19:42:54.388+0530] {processor.py:186} INFO - Started process (PID=256077) to work on /home/jenny/.local/lib/python3.13/site-packages/airflow/example_dags/tutorial_objectstorage.py
[2026-03-01T19:42:54.389+0530] {processor.py:914} INFO - Processing file /home/jenny/.local/lib/python3.13/site-packages/airflow/example_dags/tutorial_objectstorage.py for tasks to queue
[2026-03-01T19:42:54.390+0530] {logging_mixin.py:190} INFO - [2026-03-01T19:42:54.389+0530] {dagbag.py:588} INFO - Filling up the DagBag from /home/jenny/.local/lib/python3.13/site-packages/airflow/example_dags/tutorial_objectstorage.py
[2026-03-01T19:42:54.397+0530] {processor.py:925} INFO - DAG(s) 'tutorial_objectstorage' retrieved from /home/jenny/.local/lib/python3.13/site-packages/airflow/example_dags/tutorial_objectstorage.py
[2026-03-01T19:42:54.407+0530] {logging_mixin.py:190} INFO - [2026-03-01T19:42:54.407+0530] {dag.py:3239} INFO - Sync 1 DAGs
[2026-03-01T19:42:54.416+0530] {logging_mixin.py:190} INFO - [2026-03-01T19:42:54.415+0530] {dag.py:4180} INFO - Setting next_dagrun for tutorial_objectstorage to None, run_after=None
[2026-03-01T19:42:54.456+0530] {processor.py:208} INFO - Processing /home/jenny/.local/lib/python3.13/site-packages/airflow/example_dags/tutorial_objectstorage.py took 0.072 seconds
[2026-03-01T19:43:49.176+0530] {processor.py:186} INFO - Started process (PID=256252) to work on /home/jenny/.local/lib/python3.13/site-packages/airflow/example_dags/tutorial_objectstorage.py
[2026-03-01T19:43:49.178+0530] {processor.py:914} INFO - Processing file /home/jenny/.local/lib/python3.13/site-packages/airflow/example_dags/tutorial_objectstorage.py for tasks to queue
[2026-03-01T19:43:49.179+0530] {logging_mixin.py:190} INFO - [2026-03-01T19:43:49.179+0530] {dagbag.py:588} INFO - Filling up the DagBag from /home/jenny/.local/lib/python3.13/site-packages/airflow/example_dags/tutorial_objectstorage.py
[2026-03-01T19:43:49.189+0530] {processor.py:925} INFO - DAG(s) 'tutorial_objectstorage' retrieved from /home/jenny/.local/lib/python3.13/site-packages/airflow/example_dags/tutorial_objectstorage.py
[2026-03-01T19:43:49.197+0530] {logging_mixin.py:190} INFO - [2026-03-01T19:43:49.197+0530] {dag.py:3239} INFO - Sync 1 DAGs
[2026-03-01T19:43:49.204+0530] {logging_mixin.py:190} INFO - [2026-03-01T19:43:49.204+0530] {dag.py:4180} INFO - Setting next_dagrun for tutorial_objectstorage to None, run_after=None
[2026-03-01T19:43:49.219+0530] {processor.py:208} INFO - Processing /home/jenny/.local/lib/python3.13/site-packages/airflow/example_dags/tutorial_objectstorage.py took 0.049 seconds
[2026-03-01T19:44:41.653+0530] {processor.py:186} INFO - Started process (PID=256447) to work on /home/jenny/.local/lib/python3.13/site-packages/airflow/example_dags/tutorial_objectstorage.py
[2026-03-01T19:44:41.654+0530] {processor.py:914} INFO - Processing file /home/jenny/.local/lib/python3.13/site-packages/airflow/example_dags/tutorial_objectstorage.py for tasks to queue
[2026-03-01T19:44:41.656+0530] {logging_mixin.py:190} INFO - [2026-03-01T19:44:41.655+0530] {dagbag.py:588} INFO - Filling up the DagBag from /home/jenny/.local/lib/python3.13/site-packages/airflow/example_dags/tutorial_objectstorage.py
[2026-03-01T19:44:41.665+0530] {processor.py:925} INFO - DAG(s) 'tutorial_objectstorage' retrieved from /home/jenny/.local/lib/python3.13/site-packages/airflow/example_dags/tutorial_objectstorage.py
[2026-03-01T19:44:41.676+0530] {logging_mixin.py:190} INFO - [2026-03-01T19:44:41.676+0530] {dag.py:3239} INFO - Sync 1 DAGs
[2026-03-01T19:44:41.685+0530] {logging_mixin.py:190} INFO - [2026-03-01T19:44:41.684+0530] {dag.py:4180} INFO - Setting next_dagrun for tutorial_objectstorage to None, run_after=None
[2026-03-01T19:44:41.699+0530] {processor.py:208} INFO - Processing /home/jenny/.local/lib/python3.13/site-packages/airflow/example_dags/tutorial_objectstorage.py took 0.055 seconds
[2026-03-01T19:45:31.923+0530] {processor.py:186} INFO - Started process (PID=256964) to work on /home/jenny/.local/lib/python3.13/site-packages/airflow/example_dags/tutorial_objectstorage.py
[2026-03-01T19:45:31.924+0530] {processor.py:914} INFO - Processing file /home/jenny/.local/lib/python3.13/site-packages/airflow/example_dags/tutorial_objectstorage.py for tasks to queue
[2026-03-01T19:45:31.925+0530] {logging_mixin.py:190} INFO - [2026-03-01T19:45:31.925+0530] {dagbag.py:588} INFO - Filling up the DagBag from /home/jenny/.local/lib/python3.13/site-packages/airflow/example_dags/tutorial_objectstorage.py
[2026-03-01T19:45:31.932+0530] {processor.py:925} INFO - DAG(s) 'tutorial_objectstorage' retrieved from /home/jenny/.local/lib/python3.13/site-packages/airflow/example_dags/tutorial_objectstorage.py
[2026-03-01T19:45:31.940+0530] {logging_mixin.py:190} INFO - [2026-03-01T19:45:31.940+0530] {dag.py:3239} INFO - Sync 1 DAGs
[2026-03-01T19:45:31.948+0530] {logging_mixin.py:190} INFO - [2026-03-01T19:45:31.948+0530] {dag.py:4180} INFO - Setting next_dagrun for tutorial_objectstorage to None, run_after=None
[2026-03-01T19:45:31.963+0530] {processor.py:208} INFO - Processing /home/jenny/.local/lib/python3.13/site-packages/airflow/example_dags/tutorial_objectstorage.py took 0.043 seconds
[2026-03-01T19:46:24.639+0530] {processor.py:186} INFO - Started process (PID=257553) to work on /home/jenny/.local/lib/python3.13/site-packages/airflow/example_dags/tutorial_objectstorage.py
[2026-03-01T19:46:24.640+0530] {processor.py:914} INFO - Processing file /home/jenny/.local/lib/python3.13/site-packages/airflow/example_dags/tutorial_objectstorage.py for tasks to queue
[2026-03-01T19:46:24.642+0530] {logging_mixin.py:190} INFO - [2026-03-01T19:46:24.641+0530] {dagbag.py:588} INFO - Filling up the DagBag from /home/jenny/.local/lib/python3.13/site-packages/airflow/example_dags/tutorial_objectstorage.py
[2026-03-01T19:46:24.651+0530] {processor.py:925} INFO - DAG(s) 'tutorial_objectstorage' retrieved from /home/jenny/.local/lib/python3.13/site-packages/airflow/example_dags/tutorial_objectstorage.py
[2026-03-01T19:46:24.661+0530] {logging_mixin.py:190} INFO - [2026-03-01T19:46:24.660+0530] {dag.py:3239} INFO - Sync 1 DAGs
[2026-03-01T19:46:24.671+0530] {logging_mixin.py:190} INFO - [2026-03-01T19:46:24.671+0530] {dag.py:4180} INFO - Setting next_dagrun for tutorial_objectstorage to None, run_after=None
[2026-03-01T19:46:24.694+0530] {processor.py:208} INFO - Processing /home/jenny/.local/lib/python3.13/site-packages/airflow/example_dags/tutorial_objectstorage.py took 0.061 seconds
[2026-03-01T19:47:17.505+0530] {processor.py:186} INFO - Started process (PID=259104) to work on /home/jenny/.local/lib/python3.13/site-packages/airflow/example_dags/tutorial_objectstorage.py
[2026-03-01T19:47:17.506+0530] {processor.py:914} INFO - Processing file /home/jenny/.local/lib/python3.13/site-packages/airflow/example_dags/tutorial_objectstorage.py for tasks to queue
[2026-03-01T19:47:17.507+0530] {logging_mixin.py:190} INFO - [2026-03-01T19:47:17.507+0530] {dagbag.py:588} INFO - Filling up the DagBag from /home/jenny/.local/lib/python3.13/site-packages/airflow/example_dags/tutorial_objectstorage.py
[2026-03-01T19:47:17.516+0530] {processor.py:925} INFO - DAG(s) 'tutorial_objectstorage' retrieved from /home/jenny/.local/lib/python3.13/site-packages/airflow/example_dags/tutorial_objectstorage.py
[2026-03-01T19:47:17.524+0530] {logging_mixin.py:190} INFO - [2026-03-01T19:47:17.524+0530] {dag.py:3239} INFO - Sync 1 DAGs
[2026-03-01T19:47:17.531+0530] {logging_mixin.py:190} INFO - [2026-03-01T19:47:17.531+0530] {dag.py:4180} INFO - Setting next_dagrun for tutorial_objectstorage to None, run_after=None
[2026-03-01T19:47:17.546+0530] {processor.py:208} INFO - Processing /home/jenny/.local/lib/python3.13/site-packages/airflow/example_dags/tutorial_objectstorage.py took 0.048 seconds
[2026-03-01T19:48:09.871+0530] {processor.py:186} INFO - Started process (PID=260230) to work on /home/jenny/.local/lib/python3.13/site-packages/airflow/example_dags/tutorial_objectstorage.py
[2026-03-01T19:48:09.873+0530] {processor.py:914} INFO - Processing file /home/jenny/.local/lib/python3.13/site-packages/airflow/example_dags/tutorial_objectstorage.py for tasks to queue
[2026-03-01T19:48:09.874+0530] {logging_mixin.py:190} INFO - [2026-03-01T19:48:09.874+0530] {dagbag.py:588} INFO - Filling up the DagBag from /home/jenny/.local/lib/python3.13/site-packages/airflow/example_dags/tutorial_objectstorage.py
[2026-03-01T19:48:09.884+0530] {processor.py:925} INFO - DAG(s) 'tutorial_objectstorage' retrieved from /home/jenny/.local/lib/python3.13/site-packages/airflow/example_dags/tutorial_objectstorage.py
[2026-03-01T19:48:09.891+0530] {logging_mixin.py:190} INFO - [2026-03-01T19:48:09.891+0530] {dag.py:3239} INFO - Sync 1 DAGs
[2026-03-01T19:48:09.899+0530] {logging_mixin.py:190} INFO - [2026-03-01T19:48:09.898+0530] {dag.py:4180} INFO - Setting next_dagrun for tutorial_objectstorage to None, run_after=None
[2026-03-01T19:48:09.937+0530] {processor.py:208} INFO - Processing /home/jenny/.local/lib/python3.13/site-packages/airflow/example_dags/tutorial_objectstorage.py took 0.073 seconds
[2026-03-01T19:49:03.740+0530] {processor.py:186} INFO - Started process (PID=261144) to work on /home/jenny/.local/lib/python3.13/site-packages/airflow/example_dags/tutorial_objectstorage.py
[2026-03-01T19:49:03.742+0530] {processor.py:914} INFO - Processing file /home/jenny/.local/lib/python3.13/site-packages/airflow/example_dags/tutorial_objectstorage.py for tasks to queue
[2026-03-01T19:49:03.743+0530] {logging_mixin.py:190} INFO - [2026-03-01T19:49:03.743+0530] {dagbag.py:588} INFO - Filling up the DagBag from /home/jenny/.local/lib/python3.13/site-packages/airflow/example_dags/tutorial_objectstorage.py
[2026-03-01T19:49:03.752+0530] {processor.py:925} INFO - DAG(s) 'tutorial_objectstorage' retrieved from /home/jenny/.local/lib/python3.13/site-packages/airflow/example_dags/tutorial_objectstorage.py
[2026-03-01T19:49:03.761+0530] {logging_mixin.py:190} INFO - [2026-03-01T19:49:03.760+0530] {dag.py:3239} INFO - Sync 1 DAGs
[2026-03-01T19:49:03.768+0530] {logging_mixin.py:190} INFO - [2026-03-01T19:49:03.768+0530] {dag.py:4180} INFO - Setting next_dagrun for tutorial_objectstorage to None, run_after=None
[2026-03-01T19:49:03.783+0530] {processor.py:208} INFO - Processing /home/jenny/.local/lib/python3.13/site-packages/airflow/example_dags/tutorial_objectstorage.py took 0.047 seconds
[2026-03-01T19:49:57.448+0530] {processor.py:186} INFO - Started process (PID=261596) to work on /home/jenny/.local/lib/python3.13/site-packages/airflow/example_dags/tutorial_objectstorage.py
[2026-03-01T19:49:57.448+0530] {processor.py:914} INFO - Processing file /home/jenny/.local/lib/python3.13/site-packages/airflow/example_dags/tutorial_objectstorage.py for tasks to queue
[2026-03-01T19:49:57.450+0530] {logging_mixin.py:190} INFO - [2026-03-01T19:49:57.449+0530] {dagbag.py:588} INFO - Filling up the DagBag from /home/jenny/.local/lib/python3.13/site-packages/airflow/example_dags/tutorial_objectstorage.py
[2026-03-01T19:49:57.457+0530] {processor.py:925} INFO - DAG(s) 'tutorial_objectstorage' retrieved from /home/jenny/.local/lib/python3.13/site-packages/airflow/example_dags/tutorial_objectstorage.py
[2026-03-01T19:49:57.466+0530] {logging_mixin.py:190} INFO - [2026-03-01T19:49:57.466+0530] {dag.py:3239} INFO - Sync 1 DAGs
[2026-03-01T19:49:57.474+0530] {logging_mixin.py:190} INFO - [2026-03-01T19:49:57.474+0530] {dag.py:4180} INFO - Setting next_dagrun for tutorial_objectstorage to None, run_after=None
[2026-03-01T19:49:57.490+0530] {processor.py:208} INFO - Processing /home/jenny/.local/lib/python3.13/site-packages/airflow/example_dags/tutorial_objectstorage.py took 0.046 seconds
[2026-03-01T19:50:50.718+0530] {processor.py:186} INFO - Started process (PID=262014) to work on /home/jenny/.local/lib/python3.13/site-packages/airflow/example_dags/tutorial_objectstorage.py
[2026-03-01T19:50:50.719+0530] {processor.py:914} INFO - Processing file /home/jenny/.local/lib/python3.13/site-packages/airflow/example_dags/tutorial_objectstorage.py for tasks to queue
[2026-03-01T19:50:50.720+0530] {logging_mixin.py:190} INFO - [2026-03-01T19:50:50.720+0530] {dagbag.py:588} INFO - Filling up the DagBag from /home/jenny/.local/lib/python3.13/site-packages/airflow/example_dags/tutorial_objectstorage.py
[2026-03-01T19:50:50.729+0530] {processor.py:925} INFO - DAG(s) 'tutorial_objectstorage' retrieved from /home/jenny/.local/lib/python3.13/site-packages/airflow/example_dags/tutorial_objectstorage.py
[2026-03-01T19:50:50.738+0530] {logging_mixin.py:190} INFO - [2026-03-01T19:50:50.738+0530] {dag.py:3239} INFO - Sync 1 DAGs
[2026-03-01T19:50:50.749+0530] {logging_mixin.py:190} INFO - [2026-03-01T19:50:50.749+0530] {dag.py:4180} INFO - Setting next_dagrun for tutorial_objectstorage to None, run_after=None
[2026-03-01T19:50:50.769+0530] {processor.py:208} INFO - Processing /home/jenny/.local/lib/python3.13/site-packages/airflow/example_dags/tutorial_objectstorage.py took 0.055 seconds
[2026-03-01T19:51:44.477+0530] {processor.py:186} INFO - Started process (PID=262490) to work on /home/jenny/.local/lib/python3.13/site-packages/airflow/example_dags/tutorial_objectstorage.py
[2026-03-01T19:51:44.477+0530] {processor.py:914} INFO - Processing file /home/jenny/.local/lib/python3.13/site-packages/airflow/example_dags/tutorial_objectstorage.py for tasks to queue
[2026-03-01T19:51:44.478+0530] {logging_mixin.py:190} INFO - [2026-03-01T19:51:44.478+0530] {dagbag.py:588} INFO - Filling up the DagBag from /home/jenny/.local/lib/python3.13/site-packages/airflow/example_dags/tutorial_objectstorage.py
[2026-03-01T19:51:44.487+0530] {processor.py:925} INFO - DAG(s) 'tutorial_objectstorage' retrieved from /home/jenny/.local/lib/python3.13/site-packages/airflow/example_dags/tutorial_objectstorage.py
[2026-03-01T19:51:44.495+0530] {logging_mixin.py:190} INFO - [2026-03-01T19:51:44.495+0530] {dag.py:3239} INFO - Sync 1 DAGs
[2026-03-01T19:51:44.504+0530] {logging_mixin.py:190} INFO - [2026-03-01T19:51:44.504+0530] {dag.py:4180} INFO - Setting next_dagrun for tutorial_objectstorage to None, run_after=None
[2026-03-01T19:51:44.521+0530] {processor.py:208} INFO - Processing /home/jenny/.local/lib/python3.13/site-packages/airflow/example_dags/tutorial_objectstorage.py took 0.048 seconds
[2026-03-01T19:52:37.300+0530] {processor.py:186} INFO - Started process (PID=262632) to work on /home/jenny/.local/lib/python3.13/site-packages/airflow/example_dags/tutorial_objectstorage.py
[2026-03-01T19:52:37.301+0530] {processor.py:914} INFO - Processing file /home/jenny/.local/lib/python3.13/site-packages/airflow/example_dags/tutorial_objectstorage.py for tasks to queue
[2026-03-01T19:52:37.302+0530] {logging_mixin.py:190} INFO - [2026-03-01T19:52:37.302+0530] {dagbag.py:588} INFO - Filling up the DagBag from /home/jenny/.local/lib/python3.13/site-packages/airflow/example_dags/tutorial_objectstorage.py
[2026-03-01T19:52:37.310+0530] {processor.py:925} INFO - DAG(s) 'tutorial_objectstorage' retrieved from /home/jenny/.local/lib/python3.13/site-packages/airflow/example_dags/tutorial_objectstorage.py
[2026-03-01T19:52:37.318+0530] {logging_mixin.py:190} INFO - [2026-03-01T19:52:37.318+0530] {dag.py:3239} INFO - Sync 1 DAGs
[2026-03-01T19:52:37.326+0530] {logging_mixin.py:190} INFO - [2026-03-01T19:52:37.326+0530] {dag.py:4180} INFO - Setting next_dagrun for tutorial_objectstorage to None, run_after=None
[2026-03-01T19:52:37.340+0530] {processor.py:208} INFO - Processing /home/jenny/.local/lib/python3.13/site-packages/airflow/example_dags/tutorial_objectstorage.py took 0.045 seconds
[2026-03-01T19:53:32.551+0530] {processor.py:186} INFO - Started process (PID=262830) to work on /home/jenny/.local/lib/python3.13/site-packages/airflow/example_dags/tutorial_objectstorage.py
[2026-03-01T19:53:32.552+0530] {processor.py:914} INFO - Processing file /home/jenny/.local/lib/python3.13/site-packages/airflow/example_dags/tutorial_objectstorage.py for tasks to queue
[2026-03-01T19:53:32.554+0530] {logging_mixin.py:190} INFO - [2026-03-01T19:53:32.553+0530] {dagbag.py:588} INFO - Filling up the DagBag from /home/jenny/.local/lib/python3.13/site-packages/airflow/example_dags/tutorial_objectstorage.py
[2026-03-01T19:53:32.563+0530] {processor.py:925} INFO - DAG(s) 'tutorial_objectstorage' retrieved from /home/jenny/.local/lib/python3.13/site-packages/airflow/example_dags/tutorial_objectstorage.py
[2026-03-01T19:53:32.572+0530] {logging_mixin.py:190} INFO - [2026-03-01T19:53:32.572+0530] {dag.py:3239} INFO - Sync 1 DAGs
[2026-03-01T19:53:32.579+0530] {logging_mixin.py:190} INFO - [2026-03-01T19:53:32.579+0530] {dag.py:4180} INFO - Setting next_dagrun for tutorial_objectstorage to None, run_after=None
[2026-03-01T19:53:32.595+0530] {processor.py:208} INFO - Processing /home/jenny/.local/lib/python3.13/site-packages/airflow/example_dags/tutorial_objectstorage.py took 0.049 seconds
