[2026-03-01T14:14:42.770+0530] {processor.py:186} INFO - Started process (PID=212693) to work on /home/jenny/.local/lib/python3.13/site-packages/airflow/example_dags/tutorial_taskflow_templates.py
[2026-03-01T14:14:42.770+0530] {processor.py:914} INFO - Processing file /home/jenny/.local/lib/python3.13/site-packages/airflow/example_dags/tutorial_taskflow_templates.py for tasks to queue
[2026-03-01T14:14:42.772+0530] {logging_mixin.py:190} INFO - [2026-03-01T14:14:42.771+0530] {dagbag.py:588} INFO - Filling up the DagBag from /home/jenny/.local/lib/python3.13/site-packages/airflow/example_dags/tutorial_taskflow_templates.py
[2026-03-01T14:14:42.780+0530] {processor.py:925} INFO - DAG(s) 'tutorial_taskflow_templates' retrieved from /home/jenny/.local/lib/python3.13/site-packages/airflow/example_dags/tutorial_taskflow_templates.py
[2026-03-01T14:14:42.858+0530] {logging_mixin.py:190} INFO - [2026-03-01T14:14:42.854+0530] {override.py:1932} INFO - Created Permission View: can read on DAG:tutorial_taskflow_templates
[2026-03-01T14:14:42.868+0530] {logging_mixin.py:190} INFO - [2026-03-01T14:14:42.868+0530] {override.py:1932} INFO - Created Permission View: can delete on DAG:tutorial_taskflow_templates
[2026-03-01T14:14:42.877+0530] {logging_mixin.py:190} INFO - [2026-03-01T14:14:42.876+0530] {override.py:1932} INFO - Created Permission View: can edit on DAG:tutorial_taskflow_templates
[2026-03-01T14:14:42.894+0530] {logging_mixin.py:190} INFO - [2026-03-01T14:14:42.894+0530] {override.py:1932} INFO - Created Permission View: can read on DAG Run:tutorial_taskflow_templates
[2026-03-01T14:14:42.906+0530] {logging_mixin.py:190} INFO - [2026-03-01T14:14:42.906+0530] {override.py:1932} INFO - Created Permission View: menu access on DAG Run:tutorial_taskflow_templates
[2026-03-01T14:14:42.916+0530] {logging_mixin.py:190} INFO - [2026-03-01T14:14:42.916+0530] {override.py:1932} INFO - Created Permission View: can create on DAG Run:tutorial_taskflow_templates
[2026-03-01T14:14:42.926+0530] {logging_mixin.py:190} INFO - [2026-03-01T14:14:42.925+0530] {override.py:1932} INFO - Created Permission View: can delete on DAG Run:tutorial_taskflow_templates
[2026-03-01T14:14:42.926+0530] {logging_mixin.py:190} INFO - [2026-03-01T14:14:42.926+0530] {dag.py:3239} INFO - Sync 1 DAGs
[2026-03-01T14:14:42.939+0530] {logging_mixin.py:190} INFO - [2026-03-01T14:14:42.939+0530] {dag.py:3262} INFO - Creating ORM DAG for tutorial_taskflow_templates
[2026-03-01T14:14:42.945+0530] {logging_mixin.py:190} INFO - [2026-03-01T14:14:42.945+0530] {dag.py:4180} INFO - Setting next_dagrun for tutorial_taskflow_templates to 2026-02-28 00:00:00+00:00, run_after=2026-03-01 00:00:00+00:00
[2026-03-01T14:14:42.964+0530] {processor.py:208} INFO - Processing /home/jenny/.local/lib/python3.13/site-packages/airflow/example_dags/tutorial_taskflow_templates.py took 0.197 seconds
[2026-03-01T14:15:47.165+0530] {processor.py:186} INFO - Started process (PID=213365) to work on /home/jenny/.local/lib/python3.13/site-packages/airflow/example_dags/tutorial_taskflow_templates.py
[2026-03-01T14:15:47.166+0530] {processor.py:914} INFO - Processing file /home/jenny/.local/lib/python3.13/site-packages/airflow/example_dags/tutorial_taskflow_templates.py for tasks to queue
[2026-03-01T14:15:47.167+0530] {logging_mixin.py:190} INFO - [2026-03-01T14:15:47.167+0530] {dagbag.py:588} INFO - Filling up the DagBag from /home/jenny/.local/lib/python3.13/site-packages/airflow/example_dags/tutorial_taskflow_templates.py
[2026-03-01T14:15:47.176+0530] {processor.py:925} INFO - DAG(s) 'tutorial_taskflow_templates' retrieved from /home/jenny/.local/lib/python3.13/site-packages/airflow/example_dags/tutorial_taskflow_templates.py
[2026-03-01T14:15:47.186+0530] {logging_mixin.py:190} INFO - [2026-03-01T14:15:47.186+0530] {dag.py:3239} INFO - Sync 1 DAGs
[2026-03-01T14:15:47.201+0530] {logging_mixin.py:190} INFO - [2026-03-01T14:15:47.200+0530] {dag.py:4180} INFO - Setting next_dagrun for tutorial_taskflow_templates to 2026-02-28 00:00:00+00:00, run_after=2026-03-01 00:00:00+00:00
[2026-03-01T14:15:47.218+0530] {processor.py:208} INFO - Processing /home/jenny/.local/lib/python3.13/site-packages/airflow/example_dags/tutorial_taskflow_templates.py took 0.056 seconds
[2026-03-01T14:16:43.004+0530] {processor.py:186} INFO - Started process (PID=214144) to work on /home/jenny/.local/lib/python3.13/site-packages/airflow/example_dags/tutorial_taskflow_templates.py
[2026-03-01T14:16:43.005+0530] {processor.py:914} INFO - Processing file /home/jenny/.local/lib/python3.13/site-packages/airflow/example_dags/tutorial_taskflow_templates.py for tasks to queue
[2026-03-01T14:16:43.008+0530] {logging_mixin.py:190} INFO - [2026-03-01T14:16:43.008+0530] {dagbag.py:588} INFO - Filling up the DagBag from /home/jenny/.local/lib/python3.13/site-packages/airflow/example_dags/tutorial_taskflow_templates.py
[2026-03-01T14:16:43.019+0530] {processor.py:925} INFO - DAG(s) 'tutorial_taskflow_templates' retrieved from /home/jenny/.local/lib/python3.13/site-packages/airflow/example_dags/tutorial_taskflow_templates.py
[2026-03-01T14:16:43.028+0530] {logging_mixin.py:190} INFO - [2026-03-01T14:16:43.027+0530] {dag.py:3239} INFO - Sync 1 DAGs
[2026-03-01T14:16:43.041+0530] {logging_mixin.py:190} INFO - [2026-03-01T14:16:43.041+0530] {dag.py:4180} INFO - Setting next_dagrun for tutorial_taskflow_templates to 2026-02-28 00:00:00+00:00, run_after=2026-03-01 00:00:00+00:00
[2026-03-01T14:16:43.059+0530] {processor.py:208} INFO - Processing /home/jenny/.local/lib/python3.13/site-packages/airflow/example_dags/tutorial_taskflow_templates.py took 0.060 seconds
[2026-03-01T14:17:36.573+0530] {processor.py:186} INFO - Started process (PID=215163) to work on /home/jenny/.local/lib/python3.13/site-packages/airflow/example_dags/tutorial_taskflow_templates.py
[2026-03-01T14:17:36.573+0530] {processor.py:914} INFO - Processing file /home/jenny/.local/lib/python3.13/site-packages/airflow/example_dags/tutorial_taskflow_templates.py for tasks to queue
[2026-03-01T14:17:36.575+0530] {logging_mixin.py:190} INFO - [2026-03-01T14:17:36.575+0530] {dagbag.py:588} INFO - Filling up the DagBag from /home/jenny/.local/lib/python3.13/site-packages/airflow/example_dags/tutorial_taskflow_templates.py
[2026-03-01T14:17:36.584+0530] {processor.py:925} INFO - DAG(s) 'tutorial_taskflow_templates' retrieved from /home/jenny/.local/lib/python3.13/site-packages/airflow/example_dags/tutorial_taskflow_templates.py
[2026-03-01T14:17:36.594+0530] {logging_mixin.py:190} INFO - [2026-03-01T14:17:36.594+0530] {dag.py:3239} INFO - Sync 1 DAGs
[2026-03-01T14:17:36.608+0530] {logging_mixin.py:190} INFO - [2026-03-01T14:17:36.608+0530] {dag.py:4180} INFO - Setting next_dagrun for tutorial_taskflow_templates to 2026-02-28 00:00:00+00:00, run_after=2026-03-01 00:00:00+00:00
[2026-03-01T14:17:36.625+0530] {processor.py:208} INFO - Processing /home/jenny/.local/lib/python3.13/site-packages/airflow/example_dags/tutorial_taskflow_templates.py took 0.055 seconds
[2026-03-01T14:18:00.646+0530] {processor.py:186} INFO - Started process (PID=215563) to work on /home/jenny/.local/lib/python3.13/site-packages/airflow/example_dags/tutorial_taskflow_templates.py
[2026-03-01T14:18:00.647+0530] {processor.py:914} INFO - Processing file /home/jenny/.local/lib/python3.13/site-packages/airflow/example_dags/tutorial_taskflow_templates.py for tasks to queue
[2026-03-01T14:18:00.648+0530] {logging_mixin.py:190} INFO - [2026-03-01T14:18:00.648+0530] {dagbag.py:588} INFO - Filling up the DagBag from /home/jenny/.local/lib/python3.13/site-packages/airflow/example_dags/tutorial_taskflow_templates.py
[2026-03-01T14:18:00.656+0530] {processor.py:925} INFO - DAG(s) 'tutorial_taskflow_templates' retrieved from /home/jenny/.local/lib/python3.13/site-packages/airflow/example_dags/tutorial_taskflow_templates.py
[2026-03-01T14:18:00.722+0530] {logging_mixin.py:190} INFO - [2026-03-01T14:18:00.722+0530] {dag.py:3239} INFO - Sync 1 DAGs
[2026-03-01T14:18:00.734+0530] {logging_mixin.py:190} INFO - [2026-03-01T14:18:00.734+0530] {dag.py:4180} INFO - Setting next_dagrun for tutorial_taskflow_templates to 2026-02-28 00:00:00+00:00, run_after=2026-03-01 00:00:00+00:00
[2026-03-01T14:18:00.765+0530] {processor.py:208} INFO - Processing /home/jenny/.local/lib/python3.13/site-packages/airflow/example_dags/tutorial_taskflow_templates.py took 0.122 seconds
[2026-03-01T14:19:02.966+0530] {processor.py:186} INFO - Started process (PID=215995) to work on /home/jenny/.local/lib/python3.13/site-packages/airflow/example_dags/tutorial_taskflow_templates.py
[2026-03-01T14:19:02.967+0530] {processor.py:914} INFO - Processing file /home/jenny/.local/lib/python3.13/site-packages/airflow/example_dags/tutorial_taskflow_templates.py for tasks to queue
[2026-03-01T14:19:02.971+0530] {logging_mixin.py:190} INFO - [2026-03-01T14:19:02.970+0530] {dagbag.py:588} INFO - Filling up the DagBag from /home/jenny/.local/lib/python3.13/site-packages/airflow/example_dags/tutorial_taskflow_templates.py
[2026-03-01T14:19:02.980+0530] {processor.py:925} INFO - DAG(s) 'tutorial_taskflow_templates' retrieved from /home/jenny/.local/lib/python3.13/site-packages/airflow/example_dags/tutorial_taskflow_templates.py
[2026-03-01T14:19:02.990+0530] {logging_mixin.py:190} INFO - [2026-03-01T14:19:02.990+0530] {dag.py:3239} INFO - Sync 1 DAGs
[2026-03-01T14:19:03.002+0530] {logging_mixin.py:190} INFO - [2026-03-01T14:19:03.002+0530] {dag.py:4180} INFO - Setting next_dagrun for tutorial_taskflow_templates to 2026-02-28 00:00:00+00:00, run_after=2026-03-01 00:00:00+00:00
[2026-03-01T14:19:03.018+0530] {processor.py:208} INFO - Processing /home/jenny/.local/lib/python3.13/site-packages/airflow/example_dags/tutorial_taskflow_templates.py took 0.057 seconds
[2026-03-01T14:20:01.680+0530] {processor.py:186} INFO - Started process (PID=216628) to work on /home/jenny/.local/lib/python3.13/site-packages/airflow/example_dags/tutorial_taskflow_templates.py
[2026-03-01T14:20:01.681+0530] {processor.py:914} INFO - Processing file /home/jenny/.local/lib/python3.13/site-packages/airflow/example_dags/tutorial_taskflow_templates.py for tasks to queue
[2026-03-01T14:20:01.684+0530] {logging_mixin.py:190} INFO - [2026-03-01T14:20:01.683+0530] {dagbag.py:588} INFO - Filling up the DagBag from /home/jenny/.local/lib/python3.13/site-packages/airflow/example_dags/tutorial_taskflow_templates.py
[2026-03-01T14:20:01.694+0530] {processor.py:925} INFO - DAG(s) 'tutorial_taskflow_templates' retrieved from /home/jenny/.local/lib/python3.13/site-packages/airflow/example_dags/tutorial_taskflow_templates.py
[2026-03-01T14:20:01.702+0530] {logging_mixin.py:190} INFO - [2026-03-01T14:20:01.702+0530] {dag.py:3239} INFO - Sync 1 DAGs
[2026-03-01T14:20:01.715+0530] {logging_mixin.py:190} INFO - [2026-03-01T14:20:01.714+0530] {dag.py:4180} INFO - Setting next_dagrun for tutorial_taskflow_templates to 2026-02-28 00:00:00+00:00, run_after=2026-03-01 00:00:00+00:00
[2026-03-01T14:20:01.733+0530] {processor.py:208} INFO - Processing /home/jenny/.local/lib/python3.13/site-packages/airflow/example_dags/tutorial_taskflow_templates.py took 0.059 seconds
[2026-03-01T14:20:58.386+0530] {processor.py:186} INFO - Started process (PID=216804) to work on /home/jenny/.local/lib/python3.13/site-packages/airflow/example_dags/tutorial_taskflow_templates.py
[2026-03-01T14:20:58.387+0530] {processor.py:914} INFO - Processing file /home/jenny/.local/lib/python3.13/site-packages/airflow/example_dags/tutorial_taskflow_templates.py for tasks to queue
[2026-03-01T14:20:58.390+0530] {logging_mixin.py:190} INFO - [2026-03-01T14:20:58.389+0530] {dagbag.py:588} INFO - Filling up the DagBag from /home/jenny/.local/lib/python3.13/site-packages/airflow/example_dags/tutorial_taskflow_templates.py
[2026-03-01T14:20:58.399+0530] {processor.py:925} INFO - DAG(s) 'tutorial_taskflow_templates' retrieved from /home/jenny/.local/lib/python3.13/site-packages/airflow/example_dags/tutorial_taskflow_templates.py
[2026-03-01T14:20:58.410+0530] {logging_mixin.py:190} INFO - [2026-03-01T14:20:58.410+0530] {dag.py:3239} INFO - Sync 1 DAGs
[2026-03-01T14:20:58.427+0530] {logging_mixin.py:190} INFO - [2026-03-01T14:20:58.427+0530] {dag.py:4180} INFO - Setting next_dagrun for tutorial_taskflow_templates to 2026-02-28 00:00:00+00:00, run_after=2026-03-01 00:00:00+00:00
[2026-03-01T14:20:58.450+0530] {processor.py:208} INFO - Processing /home/jenny/.local/lib/python3.13/site-packages/airflow/example_dags/tutorial_taskflow_templates.py took 0.069 seconds
[2026-03-01T14:21:55.546+0530] {processor.py:186} INFO - Started process (PID=216974) to work on /home/jenny/.local/lib/python3.13/site-packages/airflow/example_dags/tutorial_taskflow_templates.py
[2026-03-01T14:21:55.547+0530] {processor.py:914} INFO - Processing file /home/jenny/.local/lib/python3.13/site-packages/airflow/example_dags/tutorial_taskflow_templates.py for tasks to queue
[2026-03-01T14:21:55.549+0530] {logging_mixin.py:190} INFO - [2026-03-01T14:21:55.548+0530] {dagbag.py:588} INFO - Filling up the DagBag from /home/jenny/.local/lib/python3.13/site-packages/airflow/example_dags/tutorial_taskflow_templates.py
[2026-03-01T14:21:55.558+0530] {processor.py:925} INFO - DAG(s) 'tutorial_taskflow_templates' retrieved from /home/jenny/.local/lib/python3.13/site-packages/airflow/example_dags/tutorial_taskflow_templates.py
[2026-03-01T14:21:55.571+0530] {logging_mixin.py:190} INFO - [2026-03-01T14:21:55.570+0530] {dag.py:3239} INFO - Sync 1 DAGs
[2026-03-01T14:21:55.583+0530] {logging_mixin.py:190} INFO - [2026-03-01T14:21:55.583+0530] {dag.py:4180} INFO - Setting next_dagrun for tutorial_taskflow_templates to 2026-02-28 00:00:00+00:00, run_after=2026-03-01 00:00:00+00:00
[2026-03-01T14:21:55.600+0530] {processor.py:208} INFO - Processing /home/jenny/.local/lib/python3.13/site-packages/airflow/example_dags/tutorial_taskflow_templates.py took 0.058 seconds
[2026-03-01T14:22:48.392+0530] {processor.py:186} INFO - Started process (PID=218797) to work on /home/jenny/.local/lib/python3.13/site-packages/airflow/example_dags/tutorial_taskflow_templates.py
[2026-03-01T14:22:48.393+0530] {processor.py:914} INFO - Processing file /home/jenny/.local/lib/python3.13/site-packages/airflow/example_dags/tutorial_taskflow_templates.py for tasks to queue
[2026-03-01T14:22:48.396+0530] {logging_mixin.py:190} INFO - [2026-03-01T14:22:48.396+0530] {dagbag.py:588} INFO - Filling up the DagBag from /home/jenny/.local/lib/python3.13/site-packages/airflow/example_dags/tutorial_taskflow_templates.py
[2026-03-01T14:22:48.406+0530] {processor.py:925} INFO - DAG(s) 'tutorial_taskflow_templates' retrieved from /home/jenny/.local/lib/python3.13/site-packages/airflow/example_dags/tutorial_taskflow_templates.py
[2026-03-01T14:22:48.415+0530] {logging_mixin.py:190} INFO - [2026-03-01T14:22:48.415+0530] {dag.py:3239} INFO - Sync 1 DAGs
[2026-03-01T14:22:48.428+0530] {logging_mixin.py:190} INFO - [2026-03-01T14:22:48.428+0530] {dag.py:4180} INFO - Setting next_dagrun for tutorial_taskflow_templates to 2026-02-28 00:00:00+00:00, run_after=2026-03-01 00:00:00+00:00
[2026-03-01T14:22:48.452+0530] {processor.py:208} INFO - Processing /home/jenny/.local/lib/python3.13/site-packages/airflow/example_dags/tutorial_taskflow_templates.py took 0.067 seconds
[2026-03-01T14:23:44.306+0530] {processor.py:186} INFO - Started process (PID=219956) to work on /home/jenny/.local/lib/python3.13/site-packages/airflow/example_dags/tutorial_taskflow_templates.py
[2026-03-01T14:23:44.308+0530] {processor.py:914} INFO - Processing file /home/jenny/.local/lib/python3.13/site-packages/airflow/example_dags/tutorial_taskflow_templates.py for tasks to queue
[2026-03-01T14:23:44.310+0530] {logging_mixin.py:190} INFO - [2026-03-01T14:23:44.309+0530] {dagbag.py:588} INFO - Filling up the DagBag from /home/jenny/.local/lib/python3.13/site-packages/airflow/example_dags/tutorial_taskflow_templates.py
[2026-03-01T14:23:44.321+0530] {processor.py:925} INFO - DAG(s) 'tutorial_taskflow_templates' retrieved from /home/jenny/.local/lib/python3.13/site-packages/airflow/example_dags/tutorial_taskflow_templates.py
[2026-03-01T14:23:44.331+0530] {logging_mixin.py:190} INFO - [2026-03-01T14:23:44.331+0530] {dag.py:3239} INFO - Sync 1 DAGs
[2026-03-01T14:23:44.343+0530] {logging_mixin.py:190} INFO - [2026-03-01T14:23:44.343+0530] {dag.py:4180} INFO - Setting next_dagrun for tutorial_taskflow_templates to 2026-02-28 00:00:00+00:00, run_after=2026-03-01 00:00:00+00:00
[2026-03-01T14:23:44.359+0530] {processor.py:208} INFO - Processing /home/jenny/.local/lib/python3.13/site-packages/airflow/example_dags/tutorial_taskflow_templates.py took 0.056 seconds
[2026-03-01T14:24:45.114+0530] {processor.py:186} INFO - Started process (PID=220781) to work on /home/jenny/.local/lib/python3.13/site-packages/airflow/example_dags/tutorial_taskflow_templates.py
[2026-03-01T14:24:45.114+0530] {processor.py:914} INFO - Processing file /home/jenny/.local/lib/python3.13/site-packages/airflow/example_dags/tutorial_taskflow_templates.py for tasks to queue
[2026-03-01T14:24:45.116+0530] {logging_mixin.py:190} INFO - [2026-03-01T14:24:45.116+0530] {dagbag.py:588} INFO - Filling up the DagBag from /home/jenny/.local/lib/python3.13/site-packages/airflow/example_dags/tutorial_taskflow_templates.py
[2026-03-01T14:24:45.127+0530] {processor.py:925} INFO - DAG(s) 'tutorial_taskflow_templates' retrieved from /home/jenny/.local/lib/python3.13/site-packages/airflow/example_dags/tutorial_taskflow_templates.py
[2026-03-01T14:24:45.138+0530] {logging_mixin.py:190} INFO - [2026-03-01T14:24:45.138+0530] {dag.py:3239} INFO - Sync 1 DAGs
[2026-03-01T14:24:45.151+0530] {logging_mixin.py:190} INFO - [2026-03-01T14:24:45.150+0530] {dag.py:4180} INFO - Setting next_dagrun for tutorial_taskflow_templates to 2026-02-28 00:00:00+00:00, run_after=2026-03-01 00:00:00+00:00
[2026-03-01T14:24:45.168+0530] {processor.py:208} INFO - Processing /home/jenny/.local/lib/python3.13/site-packages/airflow/example_dags/tutorial_taskflow_templates.py took 0.059 seconds
[2026-03-01T14:26:01.705+0530] {processor.py:186} INFO - Started process (PID=225523) to work on /home/jenny/.local/lib/python3.13/site-packages/airflow/example_dags/tutorial_taskflow_templates.py
[2026-03-01T14:26:01.706+0530] {processor.py:914} INFO - Processing file /home/jenny/.local/lib/python3.13/site-packages/airflow/example_dags/tutorial_taskflow_templates.py for tasks to queue
[2026-03-01T14:26:01.709+0530] {logging_mixin.py:190} INFO - [2026-03-01T14:26:01.708+0530] {dagbag.py:588} INFO - Filling up the DagBag from /home/jenny/.local/lib/python3.13/site-packages/airflow/example_dags/tutorial_taskflow_templates.py
[2026-03-01T14:26:01.718+0530] {processor.py:925} INFO - DAG(s) 'tutorial_taskflow_templates' retrieved from /home/jenny/.local/lib/python3.13/site-packages/airflow/example_dags/tutorial_taskflow_templates.py
[2026-03-01T14:26:01.728+0530] {logging_mixin.py:190} INFO - [2026-03-01T14:26:01.728+0530] {dag.py:3239} INFO - Sync 1 DAGs
[2026-03-01T14:26:01.740+0530] {logging_mixin.py:190} INFO - [2026-03-01T14:26:01.740+0530] {dag.py:4180} INFO - Setting next_dagrun for tutorial_taskflow_templates to 2026-02-28 00:00:00+00:00, run_after=2026-03-01 00:00:00+00:00
[2026-03-01T14:26:01.760+0530] {processor.py:208} INFO - Processing /home/jenny/.local/lib/python3.13/site-packages/airflow/example_dags/tutorial_taskflow_templates.py took 0.060 seconds
[2026-03-01T14:26:58.238+0530] {processor.py:186} INFO - Started process (PID=226535) to work on /home/jenny/.local/lib/python3.13/site-packages/airflow/example_dags/tutorial_taskflow_templates.py
[2026-03-01T14:26:58.239+0530] {processor.py:914} INFO - Processing file /home/jenny/.local/lib/python3.13/site-packages/airflow/example_dags/tutorial_taskflow_templates.py for tasks to queue
[2026-03-01T14:26:58.242+0530] {logging_mixin.py:190} INFO - [2026-03-01T14:26:58.241+0530] {dagbag.py:588} INFO - Filling up the DagBag from /home/jenny/.local/lib/python3.13/site-packages/airflow/example_dags/tutorial_taskflow_templates.py
[2026-03-01T14:26:58.252+0530] {processor.py:925} INFO - DAG(s) 'tutorial_taskflow_templates' retrieved from /home/jenny/.local/lib/python3.13/site-packages/airflow/example_dags/tutorial_taskflow_templates.py
[2026-03-01T14:26:58.261+0530] {logging_mixin.py:190} INFO - [2026-03-01T14:26:58.261+0530] {dag.py:3239} INFO - Sync 1 DAGs
[2026-03-01T14:26:58.275+0530] {logging_mixin.py:190} INFO - [2026-03-01T14:26:58.275+0530] {dag.py:4180} INFO - Setting next_dagrun for tutorial_taskflow_templates to 2026-02-28 00:00:00+00:00, run_after=2026-03-01 00:00:00+00:00
[2026-03-01T14:26:58.291+0530] {processor.py:208} INFO - Processing /home/jenny/.local/lib/python3.13/site-packages/airflow/example_dags/tutorial_taskflow_templates.py took 0.057 seconds
[2026-03-01T14:27:55.807+0530] {processor.py:186} INFO - Started process (PID=227652) to work on /home/jenny/.local/lib/python3.13/site-packages/airflow/example_dags/tutorial_taskflow_templates.py
[2026-03-01T14:27:55.808+0530] {processor.py:914} INFO - Processing file /home/jenny/.local/lib/python3.13/site-packages/airflow/example_dags/tutorial_taskflow_templates.py for tasks to queue
[2026-03-01T14:27:55.810+0530] {logging_mixin.py:190} INFO - [2026-03-01T14:27:55.810+0530] {dagbag.py:588} INFO - Filling up the DagBag from /home/jenny/.local/lib/python3.13/site-packages/airflow/example_dags/tutorial_taskflow_templates.py
[2026-03-01T14:27:55.823+0530] {processor.py:925} INFO - DAG(s) 'tutorial_taskflow_templates' retrieved from /home/jenny/.local/lib/python3.13/site-packages/airflow/example_dags/tutorial_taskflow_templates.py
[2026-03-01T14:27:55.836+0530] {logging_mixin.py:190} INFO - [2026-03-01T14:27:55.836+0530] {dag.py:3239} INFO - Sync 1 DAGs
[2026-03-01T14:27:55.855+0530] {logging_mixin.py:190} INFO - [2026-03-01T14:27:55.855+0530] {dag.py:4180} INFO - Setting next_dagrun for tutorial_taskflow_templates to 2026-02-28 00:00:00+00:00, run_after=2026-03-01 00:00:00+00:00
[2026-03-01T14:27:55.875+0530] {processor.py:208} INFO - Processing /home/jenny/.local/lib/python3.13/site-packages/airflow/example_dags/tutorial_taskflow_templates.py took 0.073 seconds
[2026-03-01T14:29:39.168+0530] {processor.py:186} INFO - Started process (PID=229794) to work on /home/jenny/.local/lib/python3.13/site-packages/airflow/example_dags/tutorial_taskflow_templates.py
[2026-03-01T14:29:39.169+0530] {processor.py:914} INFO - Processing file /home/jenny/.local/lib/python3.13/site-packages/airflow/example_dags/tutorial_taskflow_templates.py for tasks to queue
[2026-03-01T14:29:39.171+0530] {logging_mixin.py:190} INFO - [2026-03-01T14:29:39.171+0530] {dagbag.py:588} INFO - Filling up the DagBag from /home/jenny/.local/lib/python3.13/site-packages/airflow/example_dags/tutorial_taskflow_templates.py
[2026-03-01T14:29:39.181+0530] {processor.py:925} INFO - DAG(s) 'tutorial_taskflow_templates' retrieved from /home/jenny/.local/lib/python3.13/site-packages/airflow/example_dags/tutorial_taskflow_templates.py
[2026-03-01T14:29:39.190+0530] {logging_mixin.py:190} INFO - [2026-03-01T14:29:39.190+0530] {dag.py:3239} INFO - Sync 1 DAGs
[2026-03-01T14:29:39.203+0530] {logging_mixin.py:190} INFO - [2026-03-01T14:29:39.202+0530] {dag.py:4180} INFO - Setting next_dagrun for tutorial_taskflow_templates to 2026-02-28 00:00:00+00:00, run_after=2026-03-01 00:00:00+00:00
[2026-03-01T14:29:39.218+0530] {processor.py:208} INFO - Processing /home/jenny/.local/lib/python3.13/site-packages/airflow/example_dags/tutorial_taskflow_templates.py took 0.055 seconds
[2026-03-01T14:30:28.770+0530] {processor.py:186} INFO - Started process (PID=230160) to work on /home/jenny/.local/lib/python3.13/site-packages/airflow/example_dags/tutorial_taskflow_templates.py
[2026-03-01T14:30:28.770+0530] {processor.py:914} INFO - Processing file /home/jenny/.local/lib/python3.13/site-packages/airflow/example_dags/tutorial_taskflow_templates.py for tasks to queue
[2026-03-01T14:30:28.772+0530] {logging_mixin.py:190} INFO - [2026-03-01T14:30:28.772+0530] {dagbag.py:588} INFO - Filling up the DagBag from /home/jenny/.local/lib/python3.13/site-packages/airflow/example_dags/tutorial_taskflow_templates.py
[2026-03-01T14:30:28.782+0530] {processor.py:925} INFO - DAG(s) 'tutorial_taskflow_templates' retrieved from /home/jenny/.local/lib/python3.13/site-packages/airflow/example_dags/tutorial_taskflow_templates.py
[2026-03-01T14:30:28.793+0530] {logging_mixin.py:190} INFO - [2026-03-01T14:30:28.793+0530] {dag.py:3239} INFO - Sync 1 DAGs
[2026-03-01T14:30:28.809+0530] {logging_mixin.py:190} INFO - [2026-03-01T14:30:28.808+0530] {dag.py:4180} INFO - Setting next_dagrun for tutorial_taskflow_templates to 2026-02-28 00:00:00+00:00, run_after=2026-03-01 00:00:00+00:00
[2026-03-01T14:30:28.828+0530] {processor.py:208} INFO - Processing /home/jenny/.local/lib/python3.13/site-packages/airflow/example_dags/tutorial_taskflow_templates.py took 0.064 seconds
[2026-03-01T14:31:33.200+0530] {processor.py:186} INFO - Started process (PID=231598) to work on /home/jenny/.local/lib/python3.13/site-packages/airflow/example_dags/tutorial_taskflow_templates.py
[2026-03-01T14:31:33.201+0530] {processor.py:914} INFO - Processing file /home/jenny/.local/lib/python3.13/site-packages/airflow/example_dags/tutorial_taskflow_templates.py for tasks to queue
[2026-03-01T14:31:33.203+0530] {logging_mixin.py:190} INFO - [2026-03-01T14:31:33.203+0530] {dagbag.py:588} INFO - Filling up the DagBag from /home/jenny/.local/lib/python3.13/site-packages/airflow/example_dags/tutorial_taskflow_templates.py
[2026-03-01T14:31:33.215+0530] {processor.py:925} INFO - DAG(s) 'tutorial_taskflow_templates' retrieved from /home/jenny/.local/lib/python3.13/site-packages/airflow/example_dags/tutorial_taskflow_templates.py
[2026-03-01T14:31:33.228+0530] {logging_mixin.py:190} INFO - [2026-03-01T14:31:33.228+0530] {dag.py:3239} INFO - Sync 1 DAGs
[2026-03-01T14:31:33.249+0530] {logging_mixin.py:190} INFO - [2026-03-01T14:31:33.249+0530] {dag.py:4180} INFO - Setting next_dagrun for tutorial_taskflow_templates to 2026-02-28 00:00:00+00:00, run_after=2026-03-01 00:00:00+00:00
[2026-03-01T14:31:33.268+0530] {processor.py:208} INFO - Processing /home/jenny/.local/lib/python3.13/site-packages/airflow/example_dags/tutorial_taskflow_templates.py took 0.072 seconds
[2026-03-01T14:32:11.227+0530] {processor.py:186} INFO - Started process (PID=231753) to work on /home/jenny/.local/lib/python3.13/site-packages/airflow/example_dags/tutorial_taskflow_templates.py
[2026-03-01T14:32:11.228+0530] {processor.py:914} INFO - Processing file /home/jenny/.local/lib/python3.13/site-packages/airflow/example_dags/tutorial_taskflow_templates.py for tasks to queue
[2026-03-01T14:32:11.230+0530] {logging_mixin.py:190} INFO - [2026-03-01T14:32:11.230+0530] {dagbag.py:588} INFO - Filling up the DagBag from /home/jenny/.local/lib/python3.13/site-packages/airflow/example_dags/tutorial_taskflow_templates.py
[2026-03-01T14:32:11.240+0530] {processor.py:925} INFO - DAG(s) 'tutorial_taskflow_templates' retrieved from /home/jenny/.local/lib/python3.13/site-packages/airflow/example_dags/tutorial_taskflow_templates.py
[2026-03-01T14:32:11.249+0530] {logging_mixin.py:190} INFO - [2026-03-01T14:32:11.249+0530] {dag.py:3239} INFO - Sync 1 DAGs
[2026-03-01T14:32:11.262+0530] {logging_mixin.py:190} INFO - [2026-03-01T14:32:11.261+0530] {dag.py:4180} INFO - Setting next_dagrun for tutorial_taskflow_templates to 2026-02-28 00:00:00+00:00, run_after=2026-03-01 00:00:00+00:00
[2026-03-01T14:32:11.300+0530] {processor.py:208} INFO - Processing /home/jenny/.local/lib/python3.13/site-packages/airflow/example_dags/tutorial_taskflow_templates.py took 0.078 seconds
[2026-03-01T14:33:46.120+0530] {processor.py:186} INFO - Started process (PID=233286) to work on /home/jenny/.local/lib/python3.13/site-packages/airflow/example_dags/tutorial_taskflow_templates.py
[2026-03-01T14:33:46.121+0530] {processor.py:914} INFO - Processing file /home/jenny/.local/lib/python3.13/site-packages/airflow/example_dags/tutorial_taskflow_templates.py for tasks to queue
[2026-03-01T14:33:46.123+0530] {logging_mixin.py:190} INFO - [2026-03-01T14:33:46.122+0530] {dagbag.py:588} INFO - Filling up the DagBag from /home/jenny/.local/lib/python3.13/site-packages/airflow/example_dags/tutorial_taskflow_templates.py
[2026-03-01T14:33:46.133+0530] {processor.py:925} INFO - DAG(s) 'tutorial_taskflow_templates' retrieved from /home/jenny/.local/lib/python3.13/site-packages/airflow/example_dags/tutorial_taskflow_templates.py
[2026-03-01T14:33:46.142+0530] {logging_mixin.py:190} INFO - [2026-03-01T14:33:46.142+0530] {dag.py:3239} INFO - Sync 1 DAGs
[2026-03-01T14:33:46.154+0530] {logging_mixin.py:190} INFO - [2026-03-01T14:33:46.153+0530] {dag.py:4180} INFO - Setting next_dagrun for tutorial_taskflow_templates to 2026-02-28 00:00:00+00:00, run_after=2026-03-01 00:00:00+00:00
[2026-03-01T14:33:46.171+0530] {processor.py:208} INFO - Processing /home/jenny/.local/lib/python3.13/site-packages/airflow/example_dags/tutorial_taskflow_templates.py took 0.055 seconds
[2026-03-01T14:34:30.270+0530] {processor.py:186} INFO - Started process (PID=233422) to work on /home/jenny/.local/lib/python3.13/site-packages/airflow/example_dags/tutorial_taskflow_templates.py
[2026-03-01T14:34:30.271+0530] {processor.py:914} INFO - Processing file /home/jenny/.local/lib/python3.13/site-packages/airflow/example_dags/tutorial_taskflow_templates.py for tasks to queue
[2026-03-01T14:34:30.273+0530] {logging_mixin.py:190} INFO - [2026-03-01T14:34:30.272+0530] {dagbag.py:588} INFO - Filling up the DagBag from /home/jenny/.local/lib/python3.13/site-packages/airflow/example_dags/tutorial_taskflow_templates.py
[2026-03-01T14:34:30.283+0530] {processor.py:925} INFO - DAG(s) 'tutorial_taskflow_templates' retrieved from /home/jenny/.local/lib/python3.13/site-packages/airflow/example_dags/tutorial_taskflow_templates.py
[2026-03-01T14:34:30.292+0530] {logging_mixin.py:190} INFO - [2026-03-01T14:34:30.292+0530] {dag.py:3239} INFO - Sync 1 DAGs
[2026-03-01T14:34:30.308+0530] {logging_mixin.py:190} INFO - [2026-03-01T14:34:30.307+0530] {dag.py:4180} INFO - Setting next_dagrun for tutorial_taskflow_templates to 2026-02-28 00:00:00+00:00, run_after=2026-03-01 00:00:00+00:00
[2026-03-01T14:34:30.326+0530] {processor.py:208} INFO - Processing /home/jenny/.local/lib/python3.13/site-packages/airflow/example_dags/tutorial_taskflow_templates.py took 0.059 seconds
[2026-03-01T14:35:22.958+0530] {processor.py:186} INFO - Started process (PID=233899) to work on /home/jenny/.local/lib/python3.13/site-packages/airflow/example_dags/tutorial_taskflow_templates.py
[2026-03-01T14:35:22.959+0530] {processor.py:914} INFO - Processing file /home/jenny/.local/lib/python3.13/site-packages/airflow/example_dags/tutorial_taskflow_templates.py for tasks to queue
[2026-03-01T14:35:22.962+0530] {logging_mixin.py:190} INFO - [2026-03-01T14:35:22.962+0530] {dagbag.py:588} INFO - Filling up the DagBag from /home/jenny/.local/lib/python3.13/site-packages/airflow/example_dags/tutorial_taskflow_templates.py
[2026-03-01T14:35:22.972+0530] {processor.py:925} INFO - DAG(s) 'tutorial_taskflow_templates' retrieved from /home/jenny/.local/lib/python3.13/site-packages/airflow/example_dags/tutorial_taskflow_templates.py
[2026-03-01T14:35:22.981+0530] {logging_mixin.py:190} INFO - [2026-03-01T14:35:22.981+0530] {dag.py:3239} INFO - Sync 1 DAGs
[2026-03-01T14:35:22.993+0530] {logging_mixin.py:190} INFO - [2026-03-01T14:35:22.993+0530] {dag.py:4180} INFO - Setting next_dagrun for tutorial_taskflow_templates to 2026-02-28 00:00:00+00:00, run_after=2026-03-01 00:00:00+00:00
[2026-03-01T14:35:23.008+0530] {processor.py:208} INFO - Processing /home/jenny/.local/lib/python3.13/site-packages/airflow/example_dags/tutorial_taskflow_templates.py took 0.056 seconds
[2026-03-01T14:36:17.479+0530] {processor.py:186} INFO - Started process (PID=234067) to work on /home/jenny/.local/lib/python3.13/site-packages/airflow/example_dags/tutorial_taskflow_templates.py
[2026-03-01T14:36:17.481+0530] {processor.py:914} INFO - Processing file /home/jenny/.local/lib/python3.13/site-packages/airflow/example_dags/tutorial_taskflow_templates.py for tasks to queue
[2026-03-01T14:36:17.484+0530] {logging_mixin.py:190} INFO - [2026-03-01T14:36:17.483+0530] {dagbag.py:588} INFO - Filling up the DagBag from /home/jenny/.local/lib/python3.13/site-packages/airflow/example_dags/tutorial_taskflow_templates.py
[2026-03-01T14:36:17.493+0530] {processor.py:925} INFO - DAG(s) 'tutorial_taskflow_templates' retrieved from /home/jenny/.local/lib/python3.13/site-packages/airflow/example_dags/tutorial_taskflow_templates.py
[2026-03-01T14:36:17.502+0530] {logging_mixin.py:190} INFO - [2026-03-01T14:36:17.502+0530] {dag.py:3239} INFO - Sync 1 DAGs
[2026-03-01T14:36:17.514+0530] {logging_mixin.py:190} INFO - [2026-03-01T14:36:17.514+0530] {dag.py:4180} INFO - Setting next_dagrun for tutorial_taskflow_templates to 2026-02-28 00:00:00+00:00, run_after=2026-03-01 00:00:00+00:00
[2026-03-01T14:36:17.539+0530] {processor.py:208} INFO - Processing /home/jenny/.local/lib/python3.13/site-packages/airflow/example_dags/tutorial_taskflow_templates.py took 0.065 seconds
[2026-03-01T14:37:12.663+0530] {processor.py:186} INFO - Started process (PID=234251) to work on /home/jenny/.local/lib/python3.13/site-packages/airflow/example_dags/tutorial_taskflow_templates.py
[2026-03-01T14:37:12.665+0530] {processor.py:914} INFO - Processing file /home/jenny/.local/lib/python3.13/site-packages/airflow/example_dags/tutorial_taskflow_templates.py for tasks to queue
[2026-03-01T14:37:12.668+0530] {logging_mixin.py:190} INFO - [2026-03-01T14:37:12.668+0530] {dagbag.py:588} INFO - Filling up the DagBag from /home/jenny/.local/lib/python3.13/site-packages/airflow/example_dags/tutorial_taskflow_templates.py
[2026-03-01T14:37:12.679+0530] {processor.py:925} INFO - DAG(s) 'tutorial_taskflow_templates' retrieved from /home/jenny/.local/lib/python3.13/site-packages/airflow/example_dags/tutorial_taskflow_templates.py
[2026-03-01T14:37:12.688+0530] {logging_mixin.py:190} INFO - [2026-03-01T14:37:12.688+0530] {dag.py:3239} INFO - Sync 1 DAGs
[2026-03-01T14:37:12.700+0530] {logging_mixin.py:190} INFO - [2026-03-01T14:37:12.700+0530] {dag.py:4180} INFO - Setting next_dagrun for tutorial_taskflow_templates to 2026-02-28 00:00:00+00:00, run_after=2026-03-01 00:00:00+00:00
[2026-03-01T14:37:12.732+0530] {processor.py:208} INFO - Processing /home/jenny/.local/lib/python3.13/site-packages/airflow/example_dags/tutorial_taskflow_templates.py took 0.075 seconds
[2026-03-01T14:38:08.223+0530] {processor.py:186} INFO - Started process (PID=234502) to work on /home/jenny/.local/lib/python3.13/site-packages/airflow/example_dags/tutorial_taskflow_templates.py
[2026-03-01T14:38:08.224+0530] {processor.py:914} INFO - Processing file /home/jenny/.local/lib/python3.13/site-packages/airflow/example_dags/tutorial_taskflow_templates.py for tasks to queue
[2026-03-01T14:38:08.226+0530] {logging_mixin.py:190} INFO - [2026-03-01T14:38:08.226+0530] {dagbag.py:588} INFO - Filling up the DagBag from /home/jenny/.local/lib/python3.13/site-packages/airflow/example_dags/tutorial_taskflow_templates.py
[2026-03-01T14:38:08.234+0530] {processor.py:925} INFO - DAG(s) 'tutorial_taskflow_templates' retrieved from /home/jenny/.local/lib/python3.13/site-packages/airflow/example_dags/tutorial_taskflow_templates.py
[2026-03-01T14:38:08.244+0530] {logging_mixin.py:190} INFO - [2026-03-01T14:38:08.244+0530] {dag.py:3239} INFO - Sync 1 DAGs
[2026-03-01T14:38:08.257+0530] {logging_mixin.py:190} INFO - [2026-03-01T14:38:08.257+0530] {dag.py:4180} INFO - Setting next_dagrun for tutorial_taskflow_templates to 2026-02-28 00:00:00+00:00, run_after=2026-03-01 00:00:00+00:00
[2026-03-01T14:38:08.273+0530] {processor.py:208} INFO - Processing /home/jenny/.local/lib/python3.13/site-packages/airflow/example_dags/tutorial_taskflow_templates.py took 0.054 seconds
[2026-03-01T14:39:02.234+0530] {processor.py:186} INFO - Started process (PID=235063) to work on /home/jenny/.local/lib/python3.13/site-packages/airflow/example_dags/tutorial_taskflow_templates.py
[2026-03-01T14:39:02.235+0530] {processor.py:914} INFO - Processing file /home/jenny/.local/lib/python3.13/site-packages/airflow/example_dags/tutorial_taskflow_templates.py for tasks to queue
[2026-03-01T14:39:02.236+0530] {logging_mixin.py:190} INFO - [2026-03-01T14:39:02.236+0530] {dagbag.py:588} INFO - Filling up the DagBag from /home/jenny/.local/lib/python3.13/site-packages/airflow/example_dags/tutorial_taskflow_templates.py
[2026-03-01T14:39:02.246+0530] {processor.py:925} INFO - DAG(s) 'tutorial_taskflow_templates' retrieved from /home/jenny/.local/lib/python3.13/site-packages/airflow/example_dags/tutorial_taskflow_templates.py
[2026-03-01T14:39:02.256+0530] {logging_mixin.py:190} INFO - [2026-03-01T14:39:02.256+0530] {dag.py:3239} INFO - Sync 1 DAGs
[2026-03-01T14:39:02.270+0530] {logging_mixin.py:190} INFO - [2026-03-01T14:39:02.269+0530] {dag.py:4180} INFO - Setting next_dagrun for tutorial_taskflow_templates to 2026-02-28 00:00:00+00:00, run_after=2026-03-01 00:00:00+00:00
[2026-03-01T14:39:02.287+0530] {processor.py:208} INFO - Processing /home/jenny/.local/lib/python3.13/site-packages/airflow/example_dags/tutorial_taskflow_templates.py took 0.058 seconds
[2026-03-01T14:39:54.763+0530] {processor.py:186} INFO - Started process (PID=235217) to work on /home/jenny/.local/lib/python3.13/site-packages/airflow/example_dags/tutorial_taskflow_templates.py
[2026-03-01T14:39:54.764+0530] {processor.py:914} INFO - Processing file /home/jenny/.local/lib/python3.13/site-packages/airflow/example_dags/tutorial_taskflow_templates.py for tasks to queue
[2026-03-01T14:39:54.766+0530] {logging_mixin.py:190} INFO - [2026-03-01T14:39:54.766+0530] {dagbag.py:588} INFO - Filling up the DagBag from /home/jenny/.local/lib/python3.13/site-packages/airflow/example_dags/tutorial_taskflow_templates.py
[2026-03-01T14:39:54.776+0530] {processor.py:925} INFO - DAG(s) 'tutorial_taskflow_templates' retrieved from /home/jenny/.local/lib/python3.13/site-packages/airflow/example_dags/tutorial_taskflow_templates.py
[2026-03-01T14:39:54.785+0530] {logging_mixin.py:190} INFO - [2026-03-01T14:39:54.785+0530] {dag.py:3239} INFO - Sync 1 DAGs
[2026-03-01T14:39:54.797+0530] {logging_mixin.py:190} INFO - [2026-03-01T14:39:54.797+0530] {dag.py:4180} INFO - Setting next_dagrun for tutorial_taskflow_templates to 2026-02-28 00:00:00+00:00, run_after=2026-03-01 00:00:00+00:00
[2026-03-01T14:39:54.813+0530] {processor.py:208} INFO - Processing /home/jenny/.local/lib/python3.13/site-packages/airflow/example_dags/tutorial_taskflow_templates.py took 0.055 seconds
[2026-03-01T14:40:49.001+0530] {processor.py:186} INFO - Started process (PID=238559) to work on /home/jenny/.local/lib/python3.13/site-packages/airflow/example_dags/tutorial_taskflow_templates.py
[2026-03-01T14:40:49.002+0530] {processor.py:914} INFO - Processing file /home/jenny/.local/lib/python3.13/site-packages/airflow/example_dags/tutorial_taskflow_templates.py for tasks to queue
[2026-03-01T14:40:49.004+0530] {logging_mixin.py:190} INFO - [2026-03-01T14:40:49.004+0530] {dagbag.py:588} INFO - Filling up the DagBag from /home/jenny/.local/lib/python3.13/site-packages/airflow/example_dags/tutorial_taskflow_templates.py
[2026-03-01T14:40:49.014+0530] {processor.py:925} INFO - DAG(s) 'tutorial_taskflow_templates' retrieved from /home/jenny/.local/lib/python3.13/site-packages/airflow/example_dags/tutorial_taskflow_templates.py
[2026-03-01T14:40:49.026+0530] {logging_mixin.py:190} INFO - [2026-03-01T14:40:49.026+0530] {dag.py:3239} INFO - Sync 1 DAGs
[2026-03-01T14:40:49.043+0530] {logging_mixin.py:190} INFO - [2026-03-01T14:40:49.042+0530] {dag.py:4180} INFO - Setting next_dagrun for tutorial_taskflow_templates to 2026-02-28 00:00:00+00:00, run_after=2026-03-01 00:00:00+00:00
[2026-03-01T14:40:49.063+0530] {processor.py:208} INFO - Processing /home/jenny/.local/lib/python3.13/site-packages/airflow/example_dags/tutorial_taskflow_templates.py took 0.065 seconds
[2026-03-01T14:41:42.883+0530] {processor.py:186} INFO - Started process (PID=239519) to work on /home/jenny/.local/lib/python3.13/site-packages/airflow/example_dags/tutorial_taskflow_templates.py
[2026-03-01T14:41:42.884+0530] {processor.py:914} INFO - Processing file /home/jenny/.local/lib/python3.13/site-packages/airflow/example_dags/tutorial_taskflow_templates.py for tasks to queue
[2026-03-01T14:41:42.887+0530] {logging_mixin.py:190} INFO - [2026-03-01T14:41:42.887+0530] {dagbag.py:588} INFO - Filling up the DagBag from /home/jenny/.local/lib/python3.13/site-packages/airflow/example_dags/tutorial_taskflow_templates.py
[2026-03-01T14:41:42.897+0530] {processor.py:925} INFO - DAG(s) 'tutorial_taskflow_templates' retrieved from /home/jenny/.local/lib/python3.13/site-packages/airflow/example_dags/tutorial_taskflow_templates.py
[2026-03-01T14:41:42.907+0530] {logging_mixin.py:190} INFO - [2026-03-01T14:41:42.906+0530] {dag.py:3239} INFO - Sync 1 DAGs
[2026-03-01T14:41:42.922+0530] {logging_mixin.py:190} INFO - [2026-03-01T14:41:42.922+0530] {dag.py:4180} INFO - Setting next_dagrun for tutorial_taskflow_templates to 2026-02-28 00:00:00+00:00, run_after=2026-03-01 00:00:00+00:00
[2026-03-01T14:41:42.939+0530] {processor.py:208} INFO - Processing /home/jenny/.local/lib/python3.13/site-packages/airflow/example_dags/tutorial_taskflow_templates.py took 0.063 seconds
[2026-03-01T14:42:36.131+0530] {processor.py:186} INFO - Started process (PID=239660) to work on /home/jenny/.local/lib/python3.13/site-packages/airflow/example_dags/tutorial_taskflow_templates.py
[2026-03-01T14:42:36.132+0530] {processor.py:914} INFO - Processing file /home/jenny/.local/lib/python3.13/site-packages/airflow/example_dags/tutorial_taskflow_templates.py for tasks to queue
[2026-03-01T14:42:36.135+0530] {logging_mixin.py:190} INFO - [2026-03-01T14:42:36.135+0530] {dagbag.py:588} INFO - Filling up the DagBag from /home/jenny/.local/lib/python3.13/site-packages/airflow/example_dags/tutorial_taskflow_templates.py
[2026-03-01T14:42:36.145+0530] {processor.py:925} INFO - DAG(s) 'tutorial_taskflow_templates' retrieved from /home/jenny/.local/lib/python3.13/site-packages/airflow/example_dags/tutorial_taskflow_templates.py
[2026-03-01T14:42:36.154+0530] {logging_mixin.py:190} INFO - [2026-03-01T14:42:36.154+0530] {dag.py:3239} INFO - Sync 1 DAGs
[2026-03-01T14:42:36.168+0530] {logging_mixin.py:190} INFO - [2026-03-01T14:42:36.168+0530] {dag.py:4180} INFO - Setting next_dagrun for tutorial_taskflow_templates to 2026-02-28 00:00:00+00:00, run_after=2026-03-01 00:00:00+00:00
[2026-03-01T14:42:36.186+0530] {processor.py:208} INFO - Processing /home/jenny/.local/lib/python3.13/site-packages/airflow/example_dags/tutorial_taskflow_templates.py took 0.061 seconds
[2026-03-01T14:43:28.043+0530] {processor.py:186} INFO - Started process (PID=239822) to work on /home/jenny/.local/lib/python3.13/site-packages/airflow/example_dags/tutorial_taskflow_templates.py
[2026-03-01T14:43:28.044+0530] {processor.py:914} INFO - Processing file /home/jenny/.local/lib/python3.13/site-packages/airflow/example_dags/tutorial_taskflow_templates.py for tasks to queue
[2026-03-01T14:43:28.047+0530] {logging_mixin.py:190} INFO - [2026-03-01T14:43:28.046+0530] {dagbag.py:588} INFO - Filling up the DagBag from /home/jenny/.local/lib/python3.13/site-packages/airflow/example_dags/tutorial_taskflow_templates.py
[2026-03-01T14:43:28.055+0530] {processor.py:925} INFO - DAG(s) 'tutorial_taskflow_templates' retrieved from /home/jenny/.local/lib/python3.13/site-packages/airflow/example_dags/tutorial_taskflow_templates.py
[2026-03-01T14:43:28.067+0530] {logging_mixin.py:190} INFO - [2026-03-01T14:43:28.067+0530] {dag.py:3239} INFO - Sync 1 DAGs
[2026-03-01T14:43:28.083+0530] {logging_mixin.py:190} INFO - [2026-03-01T14:43:28.083+0530] {dag.py:4180} INFO - Setting next_dagrun for tutorial_taskflow_templates to 2026-02-28 00:00:00+00:00, run_after=2026-03-01 00:00:00+00:00
[2026-03-01T14:43:28.101+0530] {processor.py:208} INFO - Processing /home/jenny/.local/lib/python3.13/site-packages/airflow/example_dags/tutorial_taskflow_templates.py took 0.062 seconds
[2026-03-01T14:44:20.368+0530] {processor.py:186} INFO - Started process (PID=239964) to work on /home/jenny/.local/lib/python3.13/site-packages/airflow/example_dags/tutorial_taskflow_templates.py
[2026-03-01T14:44:20.369+0530] {processor.py:914} INFO - Processing file /home/jenny/.local/lib/python3.13/site-packages/airflow/example_dags/tutorial_taskflow_templates.py for tasks to queue
[2026-03-01T14:44:20.372+0530] {logging_mixin.py:190} INFO - [2026-03-01T14:44:20.371+0530] {dagbag.py:588} INFO - Filling up the DagBag from /home/jenny/.local/lib/python3.13/site-packages/airflow/example_dags/tutorial_taskflow_templates.py
[2026-03-01T14:44:20.380+0530] {processor.py:925} INFO - DAG(s) 'tutorial_taskflow_templates' retrieved from /home/jenny/.local/lib/python3.13/site-packages/airflow/example_dags/tutorial_taskflow_templates.py
[2026-03-01T14:44:20.390+0530] {logging_mixin.py:190} INFO - [2026-03-01T14:44:20.390+0530] {dag.py:3239} INFO - Sync 1 DAGs
[2026-03-01T14:44:20.402+0530] {logging_mixin.py:190} INFO - [2026-03-01T14:44:20.402+0530] {dag.py:4180} INFO - Setting next_dagrun for tutorial_taskflow_templates to 2026-02-28 00:00:00+00:00, run_after=2026-03-01 00:00:00+00:00
[2026-03-01T14:44:20.418+0530] {processor.py:208} INFO - Processing /home/jenny/.local/lib/python3.13/site-packages/airflow/example_dags/tutorial_taskflow_templates.py took 0.056 seconds
[2026-03-01T14:45:15.871+0530] {processor.py:186} INFO - Started process (PID=240180) to work on /home/jenny/.local/lib/python3.13/site-packages/airflow/example_dags/tutorial_taskflow_templates.py
[2026-03-01T14:45:15.873+0530] {processor.py:914} INFO - Processing file /home/jenny/.local/lib/python3.13/site-packages/airflow/example_dags/tutorial_taskflow_templates.py for tasks to queue
[2026-03-01T14:45:15.876+0530] {logging_mixin.py:190} INFO - [2026-03-01T14:45:15.876+0530] {dagbag.py:588} INFO - Filling up the DagBag from /home/jenny/.local/lib/python3.13/site-packages/airflow/example_dags/tutorial_taskflow_templates.py
[2026-03-01T14:45:15.885+0530] {processor.py:925} INFO - DAG(s) 'tutorial_taskflow_templates' retrieved from /home/jenny/.local/lib/python3.13/site-packages/airflow/example_dags/tutorial_taskflow_templates.py
[2026-03-01T14:45:15.894+0530] {logging_mixin.py:190} INFO - [2026-03-01T14:45:15.894+0530] {dag.py:3239} INFO - Sync 1 DAGs
[2026-03-01T14:45:15.907+0530] {logging_mixin.py:190} INFO - [2026-03-01T14:45:15.907+0530] {dag.py:4180} INFO - Setting next_dagrun for tutorial_taskflow_templates to 2026-02-28 00:00:00+00:00, run_after=2026-03-01 00:00:00+00:00
[2026-03-01T14:45:16.036+0530] {processor.py:208} INFO - Processing /home/jenny/.local/lib/python3.13/site-packages/airflow/example_dags/tutorial_taskflow_templates.py took 0.171 seconds
[2026-03-01T14:46:11.905+0530] {processor.py:186} INFO - Started process (PID=240348) to work on /home/jenny/.local/lib/python3.13/site-packages/airflow/example_dags/tutorial_taskflow_templates.py
[2026-03-01T14:46:11.906+0530] {processor.py:914} INFO - Processing file /home/jenny/.local/lib/python3.13/site-packages/airflow/example_dags/tutorial_taskflow_templates.py for tasks to queue
[2026-03-01T14:46:11.909+0530] {logging_mixin.py:190} INFO - [2026-03-01T14:46:11.909+0530] {dagbag.py:588} INFO - Filling up the DagBag from /home/jenny/.local/lib/python3.13/site-packages/airflow/example_dags/tutorial_taskflow_templates.py
[2026-03-01T14:46:11.919+0530] {processor.py:925} INFO - DAG(s) 'tutorial_taskflow_templates' retrieved from /home/jenny/.local/lib/python3.13/site-packages/airflow/example_dags/tutorial_taskflow_templates.py
[2026-03-01T14:46:11.928+0530] {logging_mixin.py:190} INFO - [2026-03-01T14:46:11.928+0530] {dag.py:3239} INFO - Sync 1 DAGs
[2026-03-01T14:46:12.041+0530] {logging_mixin.py:190} INFO - [2026-03-01T14:46:12.041+0530] {dag.py:4180} INFO - Setting next_dagrun for tutorial_taskflow_templates to 2026-02-28 00:00:00+00:00, run_after=2026-03-01 00:00:00+00:00
[2026-03-01T14:46:12.056+0530] {processor.py:208} INFO - Processing /home/jenny/.local/lib/python3.13/site-packages/airflow/example_dags/tutorial_taskflow_templates.py took 0.156 seconds
[2026-03-01T14:47:16.591+0530] {processor.py:186} INFO - Started process (PID=240531) to work on /home/jenny/.local/lib/python3.13/site-packages/airflow/example_dags/tutorial_taskflow_templates.py
[2026-03-01T14:47:16.592+0530] {processor.py:914} INFO - Processing file /home/jenny/.local/lib/python3.13/site-packages/airflow/example_dags/tutorial_taskflow_templates.py for tasks to queue
[2026-03-01T14:47:16.594+0530] {logging_mixin.py:190} INFO - [2026-03-01T14:47:16.593+0530] {dagbag.py:588} INFO - Filling up the DagBag from /home/jenny/.local/lib/python3.13/site-packages/airflow/example_dags/tutorial_taskflow_templates.py
[2026-03-01T14:47:16.602+0530] {processor.py:925} INFO - DAG(s) 'tutorial_taskflow_templates' retrieved from /home/jenny/.local/lib/python3.13/site-packages/airflow/example_dags/tutorial_taskflow_templates.py
[2026-03-01T14:47:16.711+0530] {logging_mixin.py:190} INFO - [2026-03-01T14:47:16.711+0530] {dag.py:3239} INFO - Sync 1 DAGs
[2026-03-01T14:47:16.721+0530] {logging_mixin.py:190} INFO - [2026-03-01T14:47:16.721+0530] {dag.py:4180} INFO - Setting next_dagrun for tutorial_taskflow_templates to 2026-02-28 00:00:00+00:00, run_after=2026-03-01 00:00:00+00:00
[2026-03-01T14:47:16.736+0530] {processor.py:208} INFO - Processing /home/jenny/.local/lib/python3.13/site-packages/airflow/example_dags/tutorial_taskflow_templates.py took 0.148 seconds
[2026-03-01T14:48:19.897+0530] {processor.py:186} INFO - Started process (PID=240712) to work on /home/jenny/.local/lib/python3.13/site-packages/airflow/example_dags/tutorial_taskflow_templates.py
[2026-03-01T14:48:19.898+0530] {processor.py:914} INFO - Processing file /home/jenny/.local/lib/python3.13/site-packages/airflow/example_dags/tutorial_taskflow_templates.py for tasks to queue
[2026-03-01T14:48:19.902+0530] {logging_mixin.py:190} INFO - [2026-03-01T14:48:19.901+0530] {dagbag.py:588} INFO - Filling up the DagBag from /home/jenny/.local/lib/python3.13/site-packages/airflow/example_dags/tutorial_taskflow_templates.py
[2026-03-01T14:48:19.915+0530] {processor.py:925} INFO - DAG(s) 'tutorial_taskflow_templates' retrieved from /home/jenny/.local/lib/python3.13/site-packages/airflow/example_dags/tutorial_taskflow_templates.py
[2026-03-01T14:48:19.932+0530] {logging_mixin.py:190} INFO - [2026-03-01T14:48:19.932+0530] {dag.py:3239} INFO - Sync 1 DAGs
[2026-03-01T14:48:19.949+0530] {logging_mixin.py:190} INFO - [2026-03-01T14:48:19.949+0530] {dag.py:4180} INFO - Setting next_dagrun for tutorial_taskflow_templates to 2026-02-28 00:00:00+00:00, run_after=2026-03-01 00:00:00+00:00
[2026-03-01T14:48:19.964+0530] {processor.py:208} INFO - Processing /home/jenny/.local/lib/python3.13/site-packages/airflow/example_dags/tutorial_taskflow_templates.py took 0.076 seconds
[2026-03-01T14:49:14.714+0530] {processor.py:186} INFO - Started process (PID=241062) to work on /home/jenny/.local/lib/python3.13/site-packages/airflow/example_dags/tutorial_taskflow_templates.py
[2026-03-01T14:49:14.715+0530] {processor.py:914} INFO - Processing file /home/jenny/.local/lib/python3.13/site-packages/airflow/example_dags/tutorial_taskflow_templates.py for tasks to queue
[2026-03-01T14:49:14.718+0530] {logging_mixin.py:190} INFO - [2026-03-01T14:49:14.717+0530] {dagbag.py:588} INFO - Filling up the DagBag from /home/jenny/.local/lib/python3.13/site-packages/airflow/example_dags/tutorial_taskflow_templates.py
[2026-03-01T14:49:14.727+0530] {processor.py:925} INFO - DAG(s) 'tutorial_taskflow_templates' retrieved from /home/jenny/.local/lib/python3.13/site-packages/airflow/example_dags/tutorial_taskflow_templates.py
[2026-03-01T14:49:14.736+0530] {logging_mixin.py:190} INFO - [2026-03-01T14:49:14.735+0530] {dag.py:3239} INFO - Sync 1 DAGs
[2026-03-01T14:49:14.748+0530] {logging_mixin.py:190} INFO - [2026-03-01T14:49:14.748+0530] {dag.py:4180} INFO - Setting next_dagrun for tutorial_taskflow_templates to 2026-02-28 00:00:00+00:00, run_after=2026-03-01 00:00:00+00:00
[2026-03-01T14:49:14.763+0530] {processor.py:208} INFO - Processing /home/jenny/.local/lib/python3.13/site-packages/airflow/example_dags/tutorial_taskflow_templates.py took 0.056 seconds
[2026-03-01T14:50:10.022+0530] {processor.py:186} INFO - Started process (PID=241272) to work on /home/jenny/.local/lib/python3.13/site-packages/airflow/example_dags/tutorial_taskflow_templates.py
[2026-03-01T14:50:10.023+0530] {processor.py:914} INFO - Processing file /home/jenny/.local/lib/python3.13/site-packages/airflow/example_dags/tutorial_taskflow_templates.py for tasks to queue
[2026-03-01T14:50:10.024+0530] {logging_mixin.py:190} INFO - [2026-03-01T14:50:10.024+0530] {dagbag.py:588} INFO - Filling up the DagBag from /home/jenny/.local/lib/python3.13/site-packages/airflow/example_dags/tutorial_taskflow_templates.py
[2026-03-01T14:50:10.034+0530] {processor.py:925} INFO - DAG(s) 'tutorial_taskflow_templates' retrieved from /home/jenny/.local/lib/python3.13/site-packages/airflow/example_dags/tutorial_taskflow_templates.py
[2026-03-01T14:50:10.044+0530] {logging_mixin.py:190} INFO - [2026-03-01T14:50:10.044+0530] {dag.py:3239} INFO - Sync 1 DAGs
[2026-03-01T14:50:10.056+0530] {logging_mixin.py:190} INFO - [2026-03-01T14:50:10.056+0530] {dag.py:4180} INFO - Setting next_dagrun for tutorial_taskflow_templates to 2026-02-28 00:00:00+00:00, run_after=2026-03-01 00:00:00+00:00
[2026-03-01T14:50:10.071+0530] {processor.py:208} INFO - Processing /home/jenny/.local/lib/python3.13/site-packages/airflow/example_dags/tutorial_taskflow_templates.py took 0.053 seconds
[2026-03-01T14:51:06.782+0530] {processor.py:186} INFO - Started process (PID=241762) to work on /home/jenny/.local/lib/python3.13/site-packages/airflow/example_dags/tutorial_taskflow_templates.py
[2026-03-01T14:51:06.783+0530] {processor.py:914} INFO - Processing file /home/jenny/.local/lib/python3.13/site-packages/airflow/example_dags/tutorial_taskflow_templates.py for tasks to queue
[2026-03-01T14:51:06.784+0530] {logging_mixin.py:190} INFO - [2026-03-01T14:51:06.784+0530] {dagbag.py:588} INFO - Filling up the DagBag from /home/jenny/.local/lib/python3.13/site-packages/airflow/example_dags/tutorial_taskflow_templates.py
[2026-03-01T14:51:06.792+0530] {processor.py:925} INFO - DAG(s) 'tutorial_taskflow_templates' retrieved from /home/jenny/.local/lib/python3.13/site-packages/airflow/example_dags/tutorial_taskflow_templates.py
[2026-03-01T14:51:06.802+0530] {logging_mixin.py:190} INFO - [2026-03-01T14:51:06.802+0530] {dag.py:3239} INFO - Sync 1 DAGs
[2026-03-01T14:51:06.814+0530] {logging_mixin.py:190} INFO - [2026-03-01T14:51:06.814+0530] {dag.py:4180} INFO - Setting next_dagrun for tutorial_taskflow_templates to 2026-02-28 00:00:00+00:00, run_after=2026-03-01 00:00:00+00:00
[2026-03-01T14:51:06.830+0530] {processor.py:208} INFO - Processing /home/jenny/.local/lib/python3.13/site-packages/airflow/example_dags/tutorial_taskflow_templates.py took 0.052 seconds
[2026-03-01T14:51:59.421+0530] {processor.py:186} INFO - Started process (PID=241928) to work on /home/jenny/.local/lib/python3.13/site-packages/airflow/example_dags/tutorial_taskflow_templates.py
[2026-03-01T14:51:59.422+0530] {processor.py:914} INFO - Processing file /home/jenny/.local/lib/python3.13/site-packages/airflow/example_dags/tutorial_taskflow_templates.py for tasks to queue
[2026-03-01T14:51:59.424+0530] {logging_mixin.py:190} INFO - [2026-03-01T14:51:59.424+0530] {dagbag.py:588} INFO - Filling up the DagBag from /home/jenny/.local/lib/python3.13/site-packages/airflow/example_dags/tutorial_taskflow_templates.py
[2026-03-01T14:51:59.439+0530] {processor.py:925} INFO - DAG(s) 'tutorial_taskflow_templates' retrieved from /home/jenny/.local/lib/python3.13/site-packages/airflow/example_dags/tutorial_taskflow_templates.py
[2026-03-01T14:51:59.453+0530] {logging_mixin.py:190} INFO - [2026-03-01T14:51:59.453+0530] {dag.py:3239} INFO - Sync 1 DAGs
[2026-03-01T14:51:59.468+0530] {logging_mixin.py:190} INFO - [2026-03-01T14:51:59.468+0530] {dag.py:4180} INFO - Setting next_dagrun for tutorial_taskflow_templates to 2026-02-28 00:00:00+00:00, run_after=2026-03-01 00:00:00+00:00
[2026-03-01T14:51:59.486+0530] {processor.py:208} INFO - Processing /home/jenny/.local/lib/python3.13/site-packages/airflow/example_dags/tutorial_taskflow_templates.py took 0.069 seconds
[2026-03-01T14:52:51.550+0530] {processor.py:186} INFO - Started process (PID=242064) to work on /home/jenny/.local/lib/python3.13/site-packages/airflow/example_dags/tutorial_taskflow_templates.py
[2026-03-01T14:52:51.551+0530] {processor.py:914} INFO - Processing file /home/jenny/.local/lib/python3.13/site-packages/airflow/example_dags/tutorial_taskflow_templates.py for tasks to queue
[2026-03-01T14:52:51.554+0530] {logging_mixin.py:190} INFO - [2026-03-01T14:52:51.554+0530] {dagbag.py:588} INFO - Filling up the DagBag from /home/jenny/.local/lib/python3.13/site-packages/airflow/example_dags/tutorial_taskflow_templates.py
[2026-03-01T14:52:51.564+0530] {processor.py:925} INFO - DAG(s) 'tutorial_taskflow_templates' retrieved from /home/jenny/.local/lib/python3.13/site-packages/airflow/example_dags/tutorial_taskflow_templates.py
[2026-03-01T14:52:51.576+0530] {logging_mixin.py:190} INFO - [2026-03-01T14:52:51.576+0530] {dag.py:3239} INFO - Sync 1 DAGs
[2026-03-01T14:52:51.594+0530] {logging_mixin.py:190} INFO - [2026-03-01T14:52:51.593+0530] {dag.py:4180} INFO - Setting next_dagrun for tutorial_taskflow_templates to 2026-02-28 00:00:00+00:00, run_after=2026-03-01 00:00:00+00:00
[2026-03-01T14:52:51.610+0530] {processor.py:208} INFO - Processing /home/jenny/.local/lib/python3.13/site-packages/airflow/example_dags/tutorial_taskflow_templates.py took 0.064 seconds
[2026-03-01T14:53:44.151+0530] {processor.py:186} INFO - Started process (PID=242228) to work on /home/jenny/.local/lib/python3.13/site-packages/airflow/example_dags/tutorial_taskflow_templates.py
[2026-03-01T14:53:44.152+0530] {processor.py:914} INFO - Processing file /home/jenny/.local/lib/python3.13/site-packages/airflow/example_dags/tutorial_taskflow_templates.py for tasks to queue
[2026-03-01T14:53:44.154+0530] {logging_mixin.py:190} INFO - [2026-03-01T14:53:44.154+0530] {dagbag.py:588} INFO - Filling up the DagBag from /home/jenny/.local/lib/python3.13/site-packages/airflow/example_dags/tutorial_taskflow_templates.py
[2026-03-01T14:53:44.163+0530] {processor.py:925} INFO - DAG(s) 'tutorial_taskflow_templates' retrieved from /home/jenny/.local/lib/python3.13/site-packages/airflow/example_dags/tutorial_taskflow_templates.py
[2026-03-01T14:53:44.173+0530] {logging_mixin.py:190} INFO - [2026-03-01T14:53:44.173+0530] {dag.py:3239} INFO - Sync 1 DAGs
[2026-03-01T14:53:44.185+0530] {logging_mixin.py:190} INFO - [2026-03-01T14:53:44.185+0530] {dag.py:4180} INFO - Setting next_dagrun for tutorial_taskflow_templates to 2026-02-28 00:00:00+00:00, run_after=2026-03-01 00:00:00+00:00
[2026-03-01T14:53:44.200+0530] {processor.py:208} INFO - Processing /home/jenny/.local/lib/python3.13/site-packages/airflow/example_dags/tutorial_taskflow_templates.py took 0.056 seconds
[2026-03-01T14:54:38.024+0530] {processor.py:186} INFO - Started process (PID=242372) to work on /home/jenny/.local/lib/python3.13/site-packages/airflow/example_dags/tutorial_taskflow_templates.py
[2026-03-01T14:54:38.025+0530] {processor.py:914} INFO - Processing file /home/jenny/.local/lib/python3.13/site-packages/airflow/example_dags/tutorial_taskflow_templates.py for tasks to queue
[2026-03-01T14:54:38.028+0530] {logging_mixin.py:190} INFO - [2026-03-01T14:54:38.027+0530] {dagbag.py:588} INFO - Filling up the DagBag from /home/jenny/.local/lib/python3.13/site-packages/airflow/example_dags/tutorial_taskflow_templates.py
[2026-03-01T14:54:38.037+0530] {processor.py:925} INFO - DAG(s) 'tutorial_taskflow_templates' retrieved from /home/jenny/.local/lib/python3.13/site-packages/airflow/example_dags/tutorial_taskflow_templates.py
[2026-03-01T14:54:38.047+0530] {logging_mixin.py:190} INFO - [2026-03-01T14:54:38.047+0530] {dag.py:3239} INFO - Sync 1 DAGs
[2026-03-01T14:54:38.059+0530] {logging_mixin.py:190} INFO - [2026-03-01T14:54:38.059+0530] {dag.py:4180} INFO - Setting next_dagrun for tutorial_taskflow_templates to 2026-02-28 00:00:00+00:00, run_after=2026-03-01 00:00:00+00:00
[2026-03-01T14:54:38.074+0530] {processor.py:208} INFO - Processing /home/jenny/.local/lib/python3.13/site-packages/airflow/example_dags/tutorial_taskflow_templates.py took 0.056 seconds
[2026-03-01T14:55:31.291+0530] {processor.py:186} INFO - Started process (PID=242583) to work on /home/jenny/.local/lib/python3.13/site-packages/airflow/example_dags/tutorial_taskflow_templates.py
[2026-03-01T14:55:31.293+0530] {processor.py:914} INFO - Processing file /home/jenny/.local/lib/python3.13/site-packages/airflow/example_dags/tutorial_taskflow_templates.py for tasks to queue
[2026-03-01T14:55:31.296+0530] {logging_mixin.py:190} INFO - [2026-03-01T14:55:31.295+0530] {dagbag.py:588} INFO - Filling up the DagBag from /home/jenny/.local/lib/python3.13/site-packages/airflow/example_dags/tutorial_taskflow_templates.py
[2026-03-01T14:55:31.305+0530] {processor.py:925} INFO - DAG(s) 'tutorial_taskflow_templates' retrieved from /home/jenny/.local/lib/python3.13/site-packages/airflow/example_dags/tutorial_taskflow_templates.py
[2026-03-01T14:55:31.315+0530] {logging_mixin.py:190} INFO - [2026-03-01T14:55:31.314+0530] {dag.py:3239} INFO - Sync 1 DAGs
[2026-03-01T14:55:31.327+0530] {logging_mixin.py:190} INFO - [2026-03-01T14:55:31.327+0530] {dag.py:4180} INFO - Setting next_dagrun for tutorial_taskflow_templates to 2026-02-28 00:00:00+00:00, run_after=2026-03-01 00:00:00+00:00
[2026-03-01T14:55:31.342+0530] {processor.py:208} INFO - Processing /home/jenny/.local/lib/python3.13/site-packages/airflow/example_dags/tutorial_taskflow_templates.py took 0.057 seconds
[2026-03-01T14:56:26.366+0530] {processor.py:186} INFO - Started process (PID=246648) to work on /home/jenny/.local/lib/python3.13/site-packages/airflow/example_dags/tutorial_taskflow_templates.py
[2026-03-01T14:56:26.368+0530] {processor.py:914} INFO - Processing file /home/jenny/.local/lib/python3.13/site-packages/airflow/example_dags/tutorial_taskflow_templates.py for tasks to queue
[2026-03-01T14:56:26.371+0530] {logging_mixin.py:190} INFO - [2026-03-01T14:56:26.370+0530] {dagbag.py:588} INFO - Filling up the DagBag from /home/jenny/.local/lib/python3.13/site-packages/airflow/example_dags/tutorial_taskflow_templates.py
[2026-03-01T14:56:26.380+0530] {processor.py:925} INFO - DAG(s) 'tutorial_taskflow_templates' retrieved from /home/jenny/.local/lib/python3.13/site-packages/airflow/example_dags/tutorial_taskflow_templates.py
[2026-03-01T14:56:26.390+0530] {logging_mixin.py:190} INFO - [2026-03-01T14:56:26.390+0530] {dag.py:3239} INFO - Sync 1 DAGs
[2026-03-01T14:56:26.402+0530] {logging_mixin.py:190} INFO - [2026-03-01T14:56:26.402+0530] {dag.py:4180} INFO - Setting next_dagrun for tutorial_taskflow_templates to 2026-02-28 00:00:00+00:00, run_after=2026-03-01 00:00:00+00:00
[2026-03-01T14:56:26.446+0530] {processor.py:208} INFO - Processing /home/jenny/.local/lib/python3.13/site-packages/airflow/example_dags/tutorial_taskflow_templates.py took 0.085 seconds
[2026-03-01T14:57:20.042+0530] {processor.py:186} INFO - Started process (PID=246812) to work on /home/jenny/.local/lib/python3.13/site-packages/airflow/example_dags/tutorial_taskflow_templates.py
[2026-03-01T14:57:20.043+0530] {processor.py:914} INFO - Processing file /home/jenny/.local/lib/python3.13/site-packages/airflow/example_dags/tutorial_taskflow_templates.py for tasks to queue
[2026-03-01T14:57:20.046+0530] {logging_mixin.py:190} INFO - [2026-03-01T14:57:20.045+0530] {dagbag.py:588} INFO - Filling up the DagBag from /home/jenny/.local/lib/python3.13/site-packages/airflow/example_dags/tutorial_taskflow_templates.py
[2026-03-01T14:57:20.055+0530] {processor.py:925} INFO - DAG(s) 'tutorial_taskflow_templates' retrieved from /home/jenny/.local/lib/python3.13/site-packages/airflow/example_dags/tutorial_taskflow_templates.py
[2026-03-01T14:57:20.065+0530] {logging_mixin.py:190} INFO - [2026-03-01T14:57:20.064+0530] {dag.py:3239} INFO - Sync 1 DAGs
[2026-03-01T14:57:20.077+0530] {logging_mixin.py:190} INFO - [2026-03-01T14:57:20.077+0530] {dag.py:4180} INFO - Setting next_dagrun for tutorial_taskflow_templates to 2026-02-28 00:00:00+00:00, run_after=2026-03-01 00:00:00+00:00
[2026-03-01T14:57:20.100+0530] {processor.py:208} INFO - Processing /home/jenny/.local/lib/python3.13/site-packages/airflow/example_dags/tutorial_taskflow_templates.py took 0.062 seconds
[2026-03-01T14:58:13.985+0530] {processor.py:186} INFO - Started process (PID=246979) to work on /home/jenny/.local/lib/python3.13/site-packages/airflow/example_dags/tutorial_taskflow_templates.py
[2026-03-01T14:58:13.986+0530] {processor.py:914} INFO - Processing file /home/jenny/.local/lib/python3.13/site-packages/airflow/example_dags/tutorial_taskflow_templates.py for tasks to queue
[2026-03-01T14:58:13.989+0530] {logging_mixin.py:190} INFO - [2026-03-01T14:58:13.988+0530] {dagbag.py:588} INFO - Filling up the DagBag from /home/jenny/.local/lib/python3.13/site-packages/airflow/example_dags/tutorial_taskflow_templates.py
[2026-03-01T14:58:13.998+0530] {processor.py:925} INFO - DAG(s) 'tutorial_taskflow_templates' retrieved from /home/jenny/.local/lib/python3.13/site-packages/airflow/example_dags/tutorial_taskflow_templates.py
[2026-03-01T14:58:14.007+0530] {logging_mixin.py:190} INFO - [2026-03-01T14:58:14.007+0530] {dag.py:3239} INFO - Sync 1 DAGs
[2026-03-01T14:58:14.019+0530] {logging_mixin.py:190} INFO - [2026-03-01T14:58:14.019+0530] {dag.py:4180} INFO - Setting next_dagrun for tutorial_taskflow_templates to 2026-02-28 00:00:00+00:00, run_after=2026-03-01 00:00:00+00:00
[2026-03-01T14:58:14.036+0530] {processor.py:208} INFO - Processing /home/jenny/.local/lib/python3.13/site-packages/airflow/example_dags/tutorial_taskflow_templates.py took 0.057 seconds
[2026-03-01T14:59:09.824+0530] {processor.py:186} INFO - Started process (PID=247336) to work on /home/jenny/.local/lib/python3.13/site-packages/airflow/example_dags/tutorial_taskflow_templates.py
[2026-03-01T14:59:09.825+0530] {processor.py:914} INFO - Processing file /home/jenny/.local/lib/python3.13/site-packages/airflow/example_dags/tutorial_taskflow_templates.py for tasks to queue
[2026-03-01T14:59:09.826+0530] {logging_mixin.py:190} INFO - [2026-03-01T14:59:09.826+0530] {dagbag.py:588} INFO - Filling up the DagBag from /home/jenny/.local/lib/python3.13/site-packages/airflow/example_dags/tutorial_taskflow_templates.py
[2026-03-01T14:59:09.835+0530] {processor.py:925} INFO - DAG(s) 'tutorial_taskflow_templates' retrieved from /home/jenny/.local/lib/python3.13/site-packages/airflow/example_dags/tutorial_taskflow_templates.py
[2026-03-01T14:59:09.846+0530] {logging_mixin.py:190} INFO - [2026-03-01T14:59:09.846+0530] {dag.py:3239} INFO - Sync 1 DAGs
[2026-03-01T14:59:09.860+0530] {logging_mixin.py:190} INFO - [2026-03-01T14:59:09.860+0530] {dag.py:4180} INFO - Setting next_dagrun for tutorial_taskflow_templates to 2026-02-28 00:00:00+00:00, run_after=2026-03-01 00:00:00+00:00
[2026-03-01T14:59:09.877+0530] {processor.py:208} INFO - Processing /home/jenny/.local/lib/python3.13/site-packages/airflow/example_dags/tutorial_taskflow_templates.py took 0.057 seconds
[2026-03-01T15:00:01.979+0530] {processor.py:186} INFO - Started process (PID=247847) to work on /home/jenny/.local/lib/python3.13/site-packages/airflow/example_dags/tutorial_taskflow_templates.py
[2026-03-01T15:00:01.980+0530] {processor.py:914} INFO - Processing file /home/jenny/.local/lib/python3.13/site-packages/airflow/example_dags/tutorial_taskflow_templates.py for tasks to queue
[2026-03-01T15:00:01.982+0530] {logging_mixin.py:190} INFO - [2026-03-01T15:00:01.981+0530] {dagbag.py:588} INFO - Filling up the DagBag from /home/jenny/.local/lib/python3.13/site-packages/airflow/example_dags/tutorial_taskflow_templates.py
[2026-03-01T15:00:01.994+0530] {processor.py:925} INFO - DAG(s) 'tutorial_taskflow_templates' retrieved from /home/jenny/.local/lib/python3.13/site-packages/airflow/example_dags/tutorial_taskflow_templates.py
[2026-03-01T15:00:02.008+0530] {logging_mixin.py:190} INFO - [2026-03-01T15:00:02.008+0530] {dag.py:3239} INFO - Sync 1 DAGs
[2026-03-01T15:00:02.035+0530] {logging_mixin.py:190} INFO - [2026-03-01T15:00:02.035+0530] {dag.py:4180} INFO - Setting next_dagrun for tutorial_taskflow_templates to 2026-02-28 00:00:00+00:00, run_after=2026-03-01 00:00:00+00:00
[2026-03-01T15:00:02.063+0530] {processor.py:208} INFO - Processing /home/jenny/.local/lib/python3.13/site-packages/airflow/example_dags/tutorial_taskflow_templates.py took 0.087 seconds
[2026-03-01T15:00:57.853+0530] {processor.py:186} INFO - Started process (PID=248112) to work on /home/jenny/.local/lib/python3.13/site-packages/airflow/example_dags/tutorial_taskflow_templates.py
[2026-03-01T15:00:57.855+0530] {processor.py:914} INFO - Processing file /home/jenny/.local/lib/python3.13/site-packages/airflow/example_dags/tutorial_taskflow_templates.py for tasks to queue
[2026-03-01T15:00:57.857+0530] {logging_mixin.py:190} INFO - [2026-03-01T15:00:57.857+0530] {dagbag.py:588} INFO - Filling up the DagBag from /home/jenny/.local/lib/python3.13/site-packages/airflow/example_dags/tutorial_taskflow_templates.py
[2026-03-01T15:00:57.866+0530] {processor.py:925} INFO - DAG(s) 'tutorial_taskflow_templates' retrieved from /home/jenny/.local/lib/python3.13/site-packages/airflow/example_dags/tutorial_taskflow_templates.py
[2026-03-01T15:00:57.876+0530] {logging_mixin.py:190} INFO - [2026-03-01T15:00:57.876+0530] {dag.py:3239} INFO - Sync 1 DAGs
[2026-03-01T15:00:57.890+0530] {logging_mixin.py:190} INFO - [2026-03-01T15:00:57.890+0530] {dag.py:4180} INFO - Setting next_dagrun for tutorial_taskflow_templates to 2026-02-28 00:00:00+00:00, run_after=2026-03-01 00:00:00+00:00
[2026-03-01T15:00:57.906+0530] {processor.py:208} INFO - Processing /home/jenny/.local/lib/python3.13/site-packages/airflow/example_dags/tutorial_taskflow_templates.py took 0.057 seconds
[2026-03-01T15:01:53.371+0530] {processor.py:186} INFO - Started process (PID=248262) to work on /home/jenny/.local/lib/python3.13/site-packages/airflow/example_dags/tutorial_taskflow_templates.py
[2026-03-01T15:01:53.372+0530] {processor.py:914} INFO - Processing file /home/jenny/.local/lib/python3.13/site-packages/airflow/example_dags/tutorial_taskflow_templates.py for tasks to queue
[2026-03-01T15:01:53.375+0530] {logging_mixin.py:190} INFO - [2026-03-01T15:01:53.375+0530] {dagbag.py:588} INFO - Filling up the DagBag from /home/jenny/.local/lib/python3.13/site-packages/airflow/example_dags/tutorial_taskflow_templates.py
[2026-03-01T15:01:53.385+0530] {processor.py:925} INFO - DAG(s) 'tutorial_taskflow_templates' retrieved from /home/jenny/.local/lib/python3.13/site-packages/airflow/example_dags/tutorial_taskflow_templates.py
[2026-03-01T15:01:53.394+0530] {logging_mixin.py:190} INFO - [2026-03-01T15:01:53.394+0530] {dag.py:3239} INFO - Sync 1 DAGs
[2026-03-01T15:01:53.409+0530] {logging_mixin.py:190} INFO - [2026-03-01T15:01:53.409+0530] {dag.py:4180} INFO - Setting next_dagrun for tutorial_taskflow_templates to 2026-02-28 00:00:00+00:00, run_after=2026-03-01 00:00:00+00:00
[2026-03-01T15:01:53.426+0530] {processor.py:208} INFO - Processing /home/jenny/.local/lib/python3.13/site-packages/airflow/example_dags/tutorial_taskflow_templates.py took 0.060 seconds
[2026-03-01T15:02:47.564+0530] {processor.py:186} INFO - Started process (PID=248486) to work on /home/jenny/.local/lib/python3.13/site-packages/airflow/example_dags/tutorial_taskflow_templates.py
[2026-03-01T15:02:47.565+0530] {processor.py:914} INFO - Processing file /home/jenny/.local/lib/python3.13/site-packages/airflow/example_dags/tutorial_taskflow_templates.py for tasks to queue
[2026-03-01T15:02:47.567+0530] {logging_mixin.py:190} INFO - [2026-03-01T15:02:47.566+0530] {dagbag.py:588} INFO - Filling up the DagBag from /home/jenny/.local/lib/python3.13/site-packages/airflow/example_dags/tutorial_taskflow_templates.py
[2026-03-01T15:02:47.576+0530] {processor.py:925} INFO - DAG(s) 'tutorial_taskflow_templates' retrieved from /home/jenny/.local/lib/python3.13/site-packages/airflow/example_dags/tutorial_taskflow_templates.py
[2026-03-01T15:02:47.585+0530] {logging_mixin.py:190} INFO - [2026-03-01T15:02:47.585+0530] {dag.py:3239} INFO - Sync 1 DAGs
[2026-03-01T15:02:47.597+0530] {logging_mixin.py:190} INFO - [2026-03-01T15:02:47.597+0530] {dag.py:4180} INFO - Setting next_dagrun for tutorial_taskflow_templates to 2026-02-28 00:00:00+00:00, run_after=2026-03-01 00:00:00+00:00
[2026-03-01T15:02:47.640+0530] {processor.py:208} INFO - Processing /home/jenny/.local/lib/python3.13/site-packages/airflow/example_dags/tutorial_taskflow_templates.py took 0.079 seconds
[2026-03-01T15:03:43.912+0530] {processor.py:186} INFO - Started process (PID=248809) to work on /home/jenny/.local/lib/python3.13/site-packages/airflow/example_dags/tutorial_taskflow_templates.py
[2026-03-01T15:03:43.913+0530] {processor.py:914} INFO - Processing file /home/jenny/.local/lib/python3.13/site-packages/airflow/example_dags/tutorial_taskflow_templates.py for tasks to queue
[2026-03-01T15:03:43.916+0530] {logging_mixin.py:190} INFO - [2026-03-01T15:03:43.915+0530] {dagbag.py:588} INFO - Filling up the DagBag from /home/jenny/.local/lib/python3.13/site-packages/airflow/example_dags/tutorial_taskflow_templates.py
[2026-03-01T15:03:43.924+0530] {processor.py:925} INFO - DAG(s) 'tutorial_taskflow_templates' retrieved from /home/jenny/.local/lib/python3.13/site-packages/airflow/example_dags/tutorial_taskflow_templates.py
[2026-03-01T15:03:43.934+0530] {logging_mixin.py:190} INFO - [2026-03-01T15:03:43.934+0530] {dag.py:3239} INFO - Sync 1 DAGs
[2026-03-01T15:03:43.947+0530] {logging_mixin.py:190} INFO - [2026-03-01T15:03:43.947+0530] {dag.py:4180} INFO - Setting next_dagrun for tutorial_taskflow_templates to 2026-02-28 00:00:00+00:00, run_after=2026-03-01 00:00:00+00:00
[2026-03-01T15:03:43.962+0530] {processor.py:208} INFO - Processing /home/jenny/.local/lib/python3.13/site-packages/airflow/example_dags/tutorial_taskflow_templates.py took 0.056 seconds
[2026-03-01T15:04:37.034+0530] {processor.py:186} INFO - Started process (PID=249160) to work on /home/jenny/.local/lib/python3.13/site-packages/airflow/example_dags/tutorial_taskflow_templates.py
[2026-03-01T15:04:37.035+0530] {processor.py:914} INFO - Processing file /home/jenny/.local/lib/python3.13/site-packages/airflow/example_dags/tutorial_taskflow_templates.py for tasks to queue
[2026-03-01T15:04:37.038+0530] {logging_mixin.py:190} INFO - [2026-03-01T15:04:37.038+0530] {dagbag.py:588} INFO - Filling up the DagBag from /home/jenny/.local/lib/python3.13/site-packages/airflow/example_dags/tutorial_taskflow_templates.py
[2026-03-01T15:04:37.047+0530] {processor.py:925} INFO - DAG(s) 'tutorial_taskflow_templates' retrieved from /home/jenny/.local/lib/python3.13/site-packages/airflow/example_dags/tutorial_taskflow_templates.py
[2026-03-01T15:04:37.059+0530] {logging_mixin.py:190} INFO - [2026-03-01T15:04:37.059+0530] {dag.py:3239} INFO - Sync 1 DAGs
[2026-03-01T15:04:37.073+0530] {logging_mixin.py:190} INFO - [2026-03-01T15:04:37.073+0530] {dag.py:4180} INFO - Setting next_dagrun for tutorial_taskflow_templates to 2026-02-28 00:00:00+00:00, run_after=2026-03-01 00:00:00+00:00
[2026-03-01T15:04:37.090+0530] {processor.py:208} INFO - Processing /home/jenny/.local/lib/python3.13/site-packages/airflow/example_dags/tutorial_taskflow_templates.py took 0.061 seconds
[2026-03-01T15:05:29.893+0530] {processor.py:186} INFO - Started process (PID=249545) to work on /home/jenny/.local/lib/python3.13/site-packages/airflow/example_dags/tutorial_taskflow_templates.py
[2026-03-01T15:05:29.894+0530] {processor.py:914} INFO - Processing file /home/jenny/.local/lib/python3.13/site-packages/airflow/example_dags/tutorial_taskflow_templates.py for tasks to queue
[2026-03-01T15:05:29.897+0530] {logging_mixin.py:190} INFO - [2026-03-01T15:05:29.897+0530] {dagbag.py:588} INFO - Filling up the DagBag from /home/jenny/.local/lib/python3.13/site-packages/airflow/example_dags/tutorial_taskflow_templates.py
[2026-03-01T15:05:29.906+0530] {processor.py:925} INFO - DAG(s) 'tutorial_taskflow_templates' retrieved from /home/jenny/.local/lib/python3.13/site-packages/airflow/example_dags/tutorial_taskflow_templates.py
[2026-03-01T15:05:29.917+0530] {logging_mixin.py:190} INFO - [2026-03-01T15:05:29.916+0530] {dag.py:3239} INFO - Sync 1 DAGs
[2026-03-01T15:05:29.930+0530] {logging_mixin.py:190} INFO - [2026-03-01T15:05:29.930+0530] {dag.py:4180} INFO - Setting next_dagrun for tutorial_taskflow_templates to 2026-02-28 00:00:00+00:00, run_after=2026-03-01 00:00:00+00:00
[2026-03-01T15:05:29.946+0530] {processor.py:208} INFO - Processing /home/jenny/.local/lib/python3.13/site-packages/airflow/example_dags/tutorial_taskflow_templates.py took 0.058 seconds
[2026-03-01T15:06:23.042+0530] {processor.py:186} INFO - Started process (PID=249705) to work on /home/jenny/.local/lib/python3.13/site-packages/airflow/example_dags/tutorial_taskflow_templates.py
[2026-03-01T15:06:23.043+0530] {processor.py:914} INFO - Processing file /home/jenny/.local/lib/python3.13/site-packages/airflow/example_dags/tutorial_taskflow_templates.py for tasks to queue
[2026-03-01T15:06:23.045+0530] {logging_mixin.py:190} INFO - [2026-03-01T15:06:23.044+0530] {dagbag.py:588} INFO - Filling up the DagBag from /home/jenny/.local/lib/python3.13/site-packages/airflow/example_dags/tutorial_taskflow_templates.py
[2026-03-01T15:06:23.055+0530] {processor.py:925} INFO - DAG(s) 'tutorial_taskflow_templates' retrieved from /home/jenny/.local/lib/python3.13/site-packages/airflow/example_dags/tutorial_taskflow_templates.py
[2026-03-01T15:06:23.070+0530] {logging_mixin.py:190} INFO - [2026-03-01T15:06:23.069+0530] {dag.py:3239} INFO - Sync 1 DAGs
[2026-03-01T15:06:23.088+0530] {logging_mixin.py:190} INFO - [2026-03-01T15:06:23.088+0530] {dag.py:4180} INFO - Setting next_dagrun for tutorial_taskflow_templates to 2026-02-28 00:00:00+00:00, run_after=2026-03-01 00:00:00+00:00
[2026-03-01T15:06:23.109+0530] {processor.py:208} INFO - Processing /home/jenny/.local/lib/python3.13/site-packages/airflow/example_dags/tutorial_taskflow_templates.py took 0.072 seconds
[2026-03-01T15:07:16.901+0530] {processor.py:186} INFO - Started process (PID=250108) to work on /home/jenny/.local/lib/python3.13/site-packages/airflow/example_dags/tutorial_taskflow_templates.py
[2026-03-01T15:07:16.902+0530] {processor.py:914} INFO - Processing file /home/jenny/.local/lib/python3.13/site-packages/airflow/example_dags/tutorial_taskflow_templates.py for tasks to queue
[2026-03-01T15:07:16.904+0530] {logging_mixin.py:190} INFO - [2026-03-01T15:07:16.904+0530] {dagbag.py:588} INFO - Filling up the DagBag from /home/jenny/.local/lib/python3.13/site-packages/airflow/example_dags/tutorial_taskflow_templates.py
[2026-03-01T15:07:16.914+0530] {processor.py:925} INFO - DAG(s) 'tutorial_taskflow_templates' retrieved from /home/jenny/.local/lib/python3.13/site-packages/airflow/example_dags/tutorial_taskflow_templates.py
[2026-03-01T15:07:16.925+0530] {logging_mixin.py:190} INFO - [2026-03-01T15:07:16.924+0530] {dag.py:3239} INFO - Sync 1 DAGs
[2026-03-01T15:07:16.940+0530] {logging_mixin.py:190} INFO - [2026-03-01T15:07:16.940+0530] {dag.py:4180} INFO - Setting next_dagrun for tutorial_taskflow_templates to 2026-02-28 00:00:00+00:00, run_after=2026-03-01 00:00:00+00:00
[2026-03-01T15:07:16.958+0530] {processor.py:208} INFO - Processing /home/jenny/.local/lib/python3.13/site-packages/airflow/example_dags/tutorial_taskflow_templates.py took 0.061 seconds
[2026-03-01T15:08:08.388+0530] {processor.py:186} INFO - Started process (PID=250392) to work on /home/jenny/.local/lib/python3.13/site-packages/airflow/example_dags/tutorial_taskflow_templates.py
[2026-03-01T15:08:08.389+0530] {processor.py:914} INFO - Processing file /home/jenny/.local/lib/python3.13/site-packages/airflow/example_dags/tutorial_taskflow_templates.py for tasks to queue
[2026-03-01T15:08:08.391+0530] {logging_mixin.py:190} INFO - [2026-03-01T15:08:08.391+0530] {dagbag.py:588} INFO - Filling up the DagBag from /home/jenny/.local/lib/python3.13/site-packages/airflow/example_dags/tutorial_taskflow_templates.py
[2026-03-01T15:08:08.400+0530] {processor.py:925} INFO - DAG(s) 'tutorial_taskflow_templates' retrieved from /home/jenny/.local/lib/python3.13/site-packages/airflow/example_dags/tutorial_taskflow_templates.py
[2026-03-01T15:08:08.413+0530] {logging_mixin.py:190} INFO - [2026-03-01T15:08:08.413+0530] {dag.py:3239} INFO - Sync 1 DAGs
[2026-03-01T15:08:08.430+0530] {logging_mixin.py:190} INFO - [2026-03-01T15:08:08.430+0530] {dag.py:4180} INFO - Setting next_dagrun for tutorial_taskflow_templates to 2026-02-28 00:00:00+00:00, run_after=2026-03-01 00:00:00+00:00
[2026-03-01T15:08:08.448+0530] {processor.py:208} INFO - Processing /home/jenny/.local/lib/python3.13/site-packages/airflow/example_dags/tutorial_taskflow_templates.py took 0.064 seconds
[2026-03-01T15:09:00.902+0530] {processor.py:186} INFO - Started process (PID=250660) to work on /home/jenny/.local/lib/python3.13/site-packages/airflow/example_dags/tutorial_taskflow_templates.py
[2026-03-01T15:09:00.903+0530] {processor.py:914} INFO - Processing file /home/jenny/.local/lib/python3.13/site-packages/airflow/example_dags/tutorial_taskflow_templates.py for tasks to queue
[2026-03-01T15:09:00.906+0530] {logging_mixin.py:190} INFO - [2026-03-01T15:09:00.905+0530] {dagbag.py:588} INFO - Filling up the DagBag from /home/jenny/.local/lib/python3.13/site-packages/airflow/example_dags/tutorial_taskflow_templates.py
[2026-03-01T15:09:00.915+0530] {processor.py:925} INFO - DAG(s) 'tutorial_taskflow_templates' retrieved from /home/jenny/.local/lib/python3.13/site-packages/airflow/example_dags/tutorial_taskflow_templates.py
[2026-03-01T15:09:00.925+0530] {logging_mixin.py:190} INFO - [2026-03-01T15:09:00.925+0530] {dag.py:3239} INFO - Sync 1 DAGs
[2026-03-01T15:09:00.939+0530] {logging_mixin.py:190} INFO - [2026-03-01T15:09:00.939+0530] {dag.py:4180} INFO - Setting next_dagrun for tutorial_taskflow_templates to 2026-02-28 00:00:00+00:00, run_after=2026-03-01 00:00:00+00:00
[2026-03-01T15:09:00.956+0530] {processor.py:208} INFO - Processing /home/jenny/.local/lib/python3.13/site-packages/airflow/example_dags/tutorial_taskflow_templates.py took 0.059 seconds
[2026-03-01T15:09:53.951+0530] {processor.py:186} INFO - Started process (PID=250908) to work on /home/jenny/.local/lib/python3.13/site-packages/airflow/example_dags/tutorial_taskflow_templates.py
[2026-03-01T15:09:53.952+0530] {processor.py:914} INFO - Processing file /home/jenny/.local/lib/python3.13/site-packages/airflow/example_dags/tutorial_taskflow_templates.py for tasks to queue
[2026-03-01T15:09:53.954+0530] {logging_mixin.py:190} INFO - [2026-03-01T15:09:53.954+0530] {dagbag.py:588} INFO - Filling up the DagBag from /home/jenny/.local/lib/python3.13/site-packages/airflow/example_dags/tutorial_taskflow_templates.py
[2026-03-01T15:09:53.962+0530] {processor.py:925} INFO - DAG(s) 'tutorial_taskflow_templates' retrieved from /home/jenny/.local/lib/python3.13/site-packages/airflow/example_dags/tutorial_taskflow_templates.py
[2026-03-01T15:09:53.973+0530] {logging_mixin.py:190} INFO - [2026-03-01T15:09:53.973+0530] {dag.py:3239} INFO - Sync 1 DAGs
[2026-03-01T15:09:53.987+0530] {logging_mixin.py:190} INFO - [2026-03-01T15:09:53.987+0530] {dag.py:4180} INFO - Setting next_dagrun for tutorial_taskflow_templates to 2026-02-28 00:00:00+00:00, run_after=2026-03-01 00:00:00+00:00
[2026-03-01T15:09:54.006+0530] {processor.py:208} INFO - Processing /home/jenny/.local/lib/python3.13/site-packages/airflow/example_dags/tutorial_taskflow_templates.py took 0.058 seconds
[2026-03-01T19:41:11.475+0530] {processor.py:186} INFO - Started process (PID=255289) to work on /home/jenny/.local/lib/python3.13/site-packages/airflow/example_dags/tutorial_taskflow_templates.py
[2026-03-01T19:41:11.476+0530] {processor.py:914} INFO - Processing file /home/jenny/.local/lib/python3.13/site-packages/airflow/example_dags/tutorial_taskflow_templates.py for tasks to queue
[2026-03-01T19:41:11.477+0530] {logging_mixin.py:190} INFO - [2026-03-01T19:41:11.476+0530] {dagbag.py:588} INFO - Filling up the DagBag from /home/jenny/.local/lib/python3.13/site-packages/airflow/example_dags/tutorial_taskflow_templates.py
[2026-03-01T19:41:11.488+0530] {processor.py:925} INFO - DAG(s) 'tutorial_taskflow_templates' retrieved from /home/jenny/.local/lib/python3.13/site-packages/airflow/example_dags/tutorial_taskflow_templates.py
[2026-03-01T19:41:11.503+0530] {logging_mixin.py:190} INFO - [2026-03-01T19:41:11.503+0530] {dag.py:3239} INFO - Sync 1 DAGs
[2026-03-01T19:41:11.523+0530] {logging_mixin.py:190} INFO - [2026-03-01T19:41:11.523+0530] {dag.py:4180} INFO - Setting next_dagrun for tutorial_taskflow_templates to 2026-02-28 00:00:00+00:00, run_after=2026-03-01 00:00:00+00:00
[2026-03-01T19:41:11.544+0530] {processor.py:208} INFO - Processing /home/jenny/.local/lib/python3.13/site-packages/airflow/example_dags/tutorial_taskflow_templates.py took 0.073 seconds
[2026-03-01T19:41:55.882+0530] {processor.py:186} INFO - Started process (PID=255684) to work on /home/jenny/.local/lib/python3.13/site-packages/airflow/example_dags/tutorial_taskflow_templates.py
[2026-03-01T19:41:55.883+0530] {processor.py:914} INFO - Processing file /home/jenny/.local/lib/python3.13/site-packages/airflow/example_dags/tutorial_taskflow_templates.py for tasks to queue
[2026-03-01T19:41:55.884+0530] {logging_mixin.py:190} INFO - [2026-03-01T19:41:55.883+0530] {dagbag.py:588} INFO - Filling up the DagBag from /home/jenny/.local/lib/python3.13/site-packages/airflow/example_dags/tutorial_taskflow_templates.py
[2026-03-01T19:41:55.893+0530] {processor.py:925} INFO - DAG(s) 'tutorial_taskflow_templates' retrieved from /home/jenny/.local/lib/python3.13/site-packages/airflow/example_dags/tutorial_taskflow_templates.py
[2026-03-01T19:41:55.903+0530] {logging_mixin.py:190} INFO - [2026-03-01T19:41:55.902+0530] {dag.py:3239} INFO - Sync 1 DAGs
[2026-03-01T19:41:55.916+0530] {logging_mixin.py:190} INFO - [2026-03-01T19:41:55.916+0530] {dag.py:4180} INFO - Setting next_dagrun for tutorial_taskflow_templates to 2026-02-28 00:00:00+00:00, run_after=2026-03-01 00:00:00+00:00
[2026-03-01T19:41:55.932+0530] {processor.py:208} INFO - Processing /home/jenny/.local/lib/python3.13/site-packages/airflow/example_dags/tutorial_taskflow_templates.py took 0.053 seconds
[2026-03-01T19:42:51.856+0530] {processor.py:186} INFO - Started process (PID=256067) to work on /home/jenny/.local/lib/python3.13/site-packages/airflow/example_dags/tutorial_taskflow_templates.py
[2026-03-01T19:42:51.857+0530] {processor.py:914} INFO - Processing file /home/jenny/.local/lib/python3.13/site-packages/airflow/example_dags/tutorial_taskflow_templates.py for tasks to queue
[2026-03-01T19:42:51.857+0530] {logging_mixin.py:190} INFO - [2026-03-01T19:42:51.857+0530] {dagbag.py:588} INFO - Filling up the DagBag from /home/jenny/.local/lib/python3.13/site-packages/airflow/example_dags/tutorial_taskflow_templates.py
[2026-03-01T19:42:51.866+0530] {processor.py:925} INFO - DAG(s) 'tutorial_taskflow_templates' retrieved from /home/jenny/.local/lib/python3.13/site-packages/airflow/example_dags/tutorial_taskflow_templates.py
[2026-03-01T19:42:51.876+0530] {logging_mixin.py:190} INFO - [2026-03-01T19:42:51.876+0530] {dag.py:3239} INFO - Sync 1 DAGs
[2026-03-01T19:42:51.892+0530] {logging_mixin.py:190} INFO - [2026-03-01T19:42:51.892+0530] {dag.py:4180} INFO - Setting next_dagrun for tutorial_taskflow_templates to 2026-02-28 00:00:00+00:00, run_after=2026-03-01 00:00:00+00:00
[2026-03-01T19:42:51.930+0530] {processor.py:208} INFO - Processing /home/jenny/.local/lib/python3.13/site-packages/airflow/example_dags/tutorial_taskflow_templates.py took 0.078 seconds
[2026-03-01T19:43:45.714+0530] {processor.py:186} INFO - Started process (PID=256226) to work on /home/jenny/.local/lib/python3.13/site-packages/airflow/example_dags/tutorial_taskflow_templates.py
[2026-03-01T19:43:45.715+0530] {processor.py:914} INFO - Processing file /home/jenny/.local/lib/python3.13/site-packages/airflow/example_dags/tutorial_taskflow_templates.py for tasks to queue
[2026-03-01T19:43:45.716+0530] {logging_mixin.py:190} INFO - [2026-03-01T19:43:45.716+0530] {dagbag.py:588} INFO - Filling up the DagBag from /home/jenny/.local/lib/python3.13/site-packages/airflow/example_dags/tutorial_taskflow_templates.py
[2026-03-01T19:43:45.725+0530] {processor.py:925} INFO - DAG(s) 'tutorial_taskflow_templates' retrieved from /home/jenny/.local/lib/python3.13/site-packages/airflow/example_dags/tutorial_taskflow_templates.py
[2026-03-01T19:43:45.737+0530] {logging_mixin.py:190} INFO - [2026-03-01T19:43:45.736+0530] {dag.py:3239} INFO - Sync 1 DAGs
[2026-03-01T19:43:45.756+0530] {logging_mixin.py:190} INFO - [2026-03-01T19:43:45.755+0530] {dag.py:4180} INFO - Setting next_dagrun for tutorial_taskflow_templates to 2026-02-28 00:00:00+00:00, run_after=2026-03-01 00:00:00+00:00
[2026-03-01T19:43:45.772+0530] {processor.py:208} INFO - Processing /home/jenny/.local/lib/python3.13/site-packages/airflow/example_dags/tutorial_taskflow_templates.py took 0.062 seconds
[2026-03-01T19:44:38.186+0530] {processor.py:186} INFO - Started process (PID=256394) to work on /home/jenny/.local/lib/python3.13/site-packages/airflow/example_dags/tutorial_taskflow_templates.py
[2026-03-01T19:44:38.187+0530] {processor.py:914} INFO - Processing file /home/jenny/.local/lib/python3.13/site-packages/airflow/example_dags/tutorial_taskflow_templates.py for tasks to queue
[2026-03-01T19:44:38.189+0530] {logging_mixin.py:190} INFO - [2026-03-01T19:44:38.188+0530] {dagbag.py:588} INFO - Filling up the DagBag from /home/jenny/.local/lib/python3.13/site-packages/airflow/example_dags/tutorial_taskflow_templates.py
[2026-03-01T19:44:38.198+0530] {processor.py:925} INFO - DAG(s) 'tutorial_taskflow_templates' retrieved from /home/jenny/.local/lib/python3.13/site-packages/airflow/example_dags/tutorial_taskflow_templates.py
[2026-03-01T19:44:38.208+0530] {logging_mixin.py:190} INFO - [2026-03-01T19:44:38.208+0530] {dag.py:3239} INFO - Sync 1 DAGs
[2026-03-01T19:44:38.221+0530] {logging_mixin.py:190} INFO - [2026-03-01T19:44:38.220+0530] {dag.py:4180} INFO - Setting next_dagrun for tutorial_taskflow_templates to 2026-02-28 00:00:00+00:00, run_after=2026-03-01 00:00:00+00:00
[2026-03-01T19:44:38.237+0530] {processor.py:208} INFO - Processing /home/jenny/.local/lib/python3.13/site-packages/airflow/example_dags/tutorial_taskflow_templates.py took 0.057 seconds
[2026-03-01T19:45:30.239+0530] {processor.py:186} INFO - Started process (PID=256961) to work on /home/jenny/.local/lib/python3.13/site-packages/airflow/example_dags/tutorial_taskflow_templates.py
[2026-03-01T19:45:30.240+0530] {processor.py:914} INFO - Processing file /home/jenny/.local/lib/python3.13/site-packages/airflow/example_dags/tutorial_taskflow_templates.py for tasks to queue
[2026-03-01T19:45:30.241+0530] {logging_mixin.py:190} INFO - [2026-03-01T19:45:30.241+0530] {dagbag.py:588} INFO - Filling up the DagBag from /home/jenny/.local/lib/python3.13/site-packages/airflow/example_dags/tutorial_taskflow_templates.py
[2026-03-01T19:45:30.251+0530] {processor.py:925} INFO - DAG(s) 'tutorial_taskflow_templates' retrieved from /home/jenny/.local/lib/python3.13/site-packages/airflow/example_dags/tutorial_taskflow_templates.py
[2026-03-01T19:45:30.261+0530] {logging_mixin.py:190} INFO - [2026-03-01T19:45:30.261+0530] {dag.py:3239} INFO - Sync 1 DAGs
[2026-03-01T19:45:30.275+0530] {logging_mixin.py:190} INFO - [2026-03-01T19:45:30.274+0530] {dag.py:4180} INFO - Setting next_dagrun for tutorial_taskflow_templates to 2026-02-28 00:00:00+00:00, run_after=2026-03-01 00:00:00+00:00
[2026-03-01T19:45:30.290+0530] {processor.py:208} INFO - Processing /home/jenny/.local/lib/python3.13/site-packages/airflow/example_dags/tutorial_taskflow_templates.py took 0.054 seconds
[2026-03-01T19:46:21.999+0530] {processor.py:186} INFO - Started process (PID=257549) to work on /home/jenny/.local/lib/python3.13/site-packages/airflow/example_dags/tutorial_taskflow_templates.py
[2026-03-01T19:46:22.000+0530] {processor.py:914} INFO - Processing file /home/jenny/.local/lib/python3.13/site-packages/airflow/example_dags/tutorial_taskflow_templates.py for tasks to queue
[2026-03-01T19:46:22.001+0530] {logging_mixin.py:190} INFO - [2026-03-01T19:46:22.001+0530] {dagbag.py:588} INFO - Filling up the DagBag from /home/jenny/.local/lib/python3.13/site-packages/airflow/example_dags/tutorial_taskflow_templates.py
[2026-03-01T19:46:22.009+0530] {processor.py:925} INFO - DAG(s) 'tutorial_taskflow_templates' retrieved from /home/jenny/.local/lib/python3.13/site-packages/airflow/example_dags/tutorial_taskflow_templates.py
[2026-03-01T19:46:22.019+0530] {logging_mixin.py:190} INFO - [2026-03-01T19:46:22.019+0530] {dag.py:3239} INFO - Sync 1 DAGs
[2026-03-01T19:46:22.031+0530] {logging_mixin.py:190} INFO - [2026-03-01T19:46:22.031+0530] {dag.py:4180} INFO - Setting next_dagrun for tutorial_taskflow_templates to 2026-02-28 00:00:00+00:00, run_after=2026-03-01 00:00:00+00:00
[2026-03-01T19:46:22.049+0530] {processor.py:208} INFO - Processing /home/jenny/.local/lib/python3.13/site-packages/airflow/example_dags/tutorial_taskflow_templates.py took 0.057 seconds
[2026-03-01T19:47:14.619+0530] {processor.py:186} INFO - Started process (PID=259053) to work on /home/jenny/.local/lib/python3.13/site-packages/airflow/example_dags/tutorial_taskflow_templates.py
[2026-03-01T19:47:14.620+0530] {processor.py:914} INFO - Processing file /home/jenny/.local/lib/python3.13/site-packages/airflow/example_dags/tutorial_taskflow_templates.py for tasks to queue
[2026-03-01T19:47:14.620+0530] {logging_mixin.py:190} INFO - [2026-03-01T19:47:14.620+0530] {dagbag.py:588} INFO - Filling up the DagBag from /home/jenny/.local/lib/python3.13/site-packages/airflow/example_dags/tutorial_taskflow_templates.py
[2026-03-01T19:47:14.629+0530] {processor.py:925} INFO - DAG(s) 'tutorial_taskflow_templates' retrieved from /home/jenny/.local/lib/python3.13/site-packages/airflow/example_dags/tutorial_taskflow_templates.py
[2026-03-01T19:47:14.639+0530] {logging_mixin.py:190} INFO - [2026-03-01T19:47:14.639+0530] {dag.py:3239} INFO - Sync 1 DAGs
[2026-03-01T19:47:14.653+0530] {logging_mixin.py:190} INFO - [2026-03-01T19:47:14.652+0530] {dag.py:4180} INFO - Setting next_dagrun for tutorial_taskflow_templates to 2026-02-28 00:00:00+00:00, run_after=2026-03-01 00:00:00+00:00
[2026-03-01T19:47:14.669+0530] {processor.py:208} INFO - Processing /home/jenny/.local/lib/python3.13/site-packages/airflow/example_dags/tutorial_taskflow_templates.py took 0.053 seconds
[2026-03-01T19:48:06.873+0530] {processor.py:186} INFO - Started process (PID=260158) to work on /home/jenny/.local/lib/python3.13/site-packages/airflow/example_dags/tutorial_taskflow_templates.py
[2026-03-01T19:48:06.874+0530] {processor.py:914} INFO - Processing file /home/jenny/.local/lib/python3.13/site-packages/airflow/example_dags/tutorial_taskflow_templates.py for tasks to queue
[2026-03-01T19:48:06.875+0530] {logging_mixin.py:190} INFO - [2026-03-01T19:48:06.875+0530] {dagbag.py:588} INFO - Filling up the DagBag from /home/jenny/.local/lib/python3.13/site-packages/airflow/example_dags/tutorial_taskflow_templates.py
[2026-03-01T19:48:06.886+0530] {processor.py:925} INFO - DAG(s) 'tutorial_taskflow_templates' retrieved from /home/jenny/.local/lib/python3.13/site-packages/airflow/example_dags/tutorial_taskflow_templates.py
[2026-03-01T19:48:06.895+0530] {logging_mixin.py:190} INFO - [2026-03-01T19:48:06.895+0530] {dag.py:3239} INFO - Sync 1 DAGs
[2026-03-01T19:48:06.908+0530] {logging_mixin.py:190} INFO - [2026-03-01T19:48:06.908+0530] {dag.py:4180} INFO - Setting next_dagrun for tutorial_taskflow_templates to 2026-02-28 00:00:00+00:00, run_after=2026-03-01 00:00:00+00:00
[2026-03-01T19:48:06.923+0530] {processor.py:208} INFO - Processing /home/jenny/.local/lib/python3.13/site-packages/airflow/example_dags/tutorial_taskflow_templates.py took 0.053 seconds
