[2026-03-01T14:14:44.031+0530] {processor.py:186} INFO - Started process (PID=212695) to work on /home/jenny/.local/lib/python3.13/site-packages/airflow/example_dags/tutorial_taskflow_api_virtualenv.py
[2026-03-01T14:14:44.032+0530] {processor.py:914} INFO - Processing file /home/jenny/.local/lib/python3.13/site-packages/airflow/example_dags/tutorial_taskflow_api_virtualenv.py for tasks to queue
[2026-03-01T14:14:44.034+0530] {logging_mixin.py:190} INFO - [2026-03-01T14:14:44.034+0530] {dagbag.py:588} INFO - Filling up the DagBag from /home/jenny/.local/lib/python3.13/site-packages/airflow/example_dags/tutorial_taskflow_api_virtualenv.py
[2026-03-01T14:14:44.037+0530] {logging_mixin.py:190} INFO - [2026-03-01T14:14:44.037+0530] {tutorial_taskflow_api_virtualenv.py:29} WARNING - The tutorial_taskflow_api_virtualenv example DAG requires virtualenv, please install it.
[2026-03-01T14:14:44.037+0530] {processor.py:927} WARNING - No viable dags retrieved from /home/jenny/.local/lib/python3.13/site-packages/airflow/example_dags/tutorial_taskflow_api_virtualenv.py
[2026-03-01T14:14:44.043+0530] {processor.py:208} INFO - Processing /home/jenny/.local/lib/python3.13/site-packages/airflow/example_dags/tutorial_taskflow_api_virtualenv.py took 0.017 seconds
[2026-03-01T14:15:48.332+0530] {processor.py:186} INFO - Started process (PID=213366) to work on /home/jenny/.local/lib/python3.13/site-packages/airflow/example_dags/tutorial_taskflow_api_virtualenv.py
[2026-03-01T14:15:48.333+0530] {processor.py:914} INFO - Processing file /home/jenny/.local/lib/python3.13/site-packages/airflow/example_dags/tutorial_taskflow_api_virtualenv.py for tasks to queue
[2026-03-01T14:15:48.335+0530] {logging_mixin.py:190} INFO - [2026-03-01T14:15:48.335+0530] {dagbag.py:588} INFO - Filling up the DagBag from /home/jenny/.local/lib/python3.13/site-packages/airflow/example_dags/tutorial_taskflow_api_virtualenv.py
[2026-03-01T14:15:48.338+0530] {logging_mixin.py:190} INFO - [2026-03-01T14:15:48.338+0530] {tutorial_taskflow_api_virtualenv.py:29} WARNING - The tutorial_taskflow_api_virtualenv example DAG requires virtualenv, please install it.
[2026-03-01T14:15:48.338+0530] {processor.py:927} WARNING - No viable dags retrieved from /home/jenny/.local/lib/python3.13/site-packages/airflow/example_dags/tutorial_taskflow_api_virtualenv.py
[2026-03-01T14:15:48.344+0530] {processor.py:208} INFO - Processing /home/jenny/.local/lib/python3.13/site-packages/airflow/example_dags/tutorial_taskflow_api_virtualenv.py took 0.017 seconds
[2026-03-01T14:16:43.893+0530] {processor.py:186} INFO - Started process (PID=214402) to work on /home/jenny/.local/lib/python3.13/site-packages/airflow/example_dags/tutorial_taskflow_api_virtualenv.py
[2026-03-01T14:16:43.894+0530] {processor.py:914} INFO - Processing file /home/jenny/.local/lib/python3.13/site-packages/airflow/example_dags/tutorial_taskflow_api_virtualenv.py for tasks to queue
[2026-03-01T14:16:43.896+0530] {logging_mixin.py:190} INFO - [2026-03-01T14:16:43.896+0530] {dagbag.py:588} INFO - Filling up the DagBag from /home/jenny/.local/lib/python3.13/site-packages/airflow/example_dags/tutorial_taskflow_api_virtualenv.py
[2026-03-01T14:16:43.899+0530] {logging_mixin.py:190} INFO - [2026-03-01T14:16:43.899+0530] {tutorial_taskflow_api_virtualenv.py:29} WARNING - The tutorial_taskflow_api_virtualenv example DAG requires virtualenv, please install it.
[2026-03-01T14:16:43.899+0530] {processor.py:927} WARNING - No viable dags retrieved from /home/jenny/.local/lib/python3.13/site-packages/airflow/example_dags/tutorial_taskflow_api_virtualenv.py
[2026-03-01T14:16:43.905+0530] {processor.py:208} INFO - Processing /home/jenny/.local/lib/python3.13/site-packages/airflow/example_dags/tutorial_taskflow_api_virtualenv.py took 0.016 seconds
[2026-03-01T14:17:37.726+0530] {processor.py:186} INFO - Started process (PID=215164) to work on /home/jenny/.local/lib/python3.13/site-packages/airflow/example_dags/tutorial_taskflow_api_virtualenv.py
[2026-03-01T14:17:37.727+0530] {processor.py:914} INFO - Processing file /home/jenny/.local/lib/python3.13/site-packages/airflow/example_dags/tutorial_taskflow_api_virtualenv.py for tasks to queue
[2026-03-01T14:17:37.730+0530] {logging_mixin.py:190} INFO - [2026-03-01T14:17:37.730+0530] {dagbag.py:588} INFO - Filling up the DagBag from /home/jenny/.local/lib/python3.13/site-packages/airflow/example_dags/tutorial_taskflow_api_virtualenv.py
[2026-03-01T14:17:37.733+0530] {logging_mixin.py:190} INFO - [2026-03-01T14:17:37.733+0530] {tutorial_taskflow_api_virtualenv.py:29} WARNING - The tutorial_taskflow_api_virtualenv example DAG requires virtualenv, please install it.
[2026-03-01T14:17:37.733+0530] {processor.py:927} WARNING - No viable dags retrieved from /home/jenny/.local/lib/python3.13/site-packages/airflow/example_dags/tutorial_taskflow_api_virtualenv.py
[2026-03-01T14:17:37.739+0530] {processor.py:208} INFO - Processing /home/jenny/.local/lib/python3.13/site-packages/airflow/example_dags/tutorial_taskflow_api_virtualenv.py took 0.018 seconds
[2026-03-01T14:18:01.898+0530] {processor.py:186} INFO - Started process (PID=215565) to work on /home/jenny/.local/lib/python3.13/site-packages/airflow/example_dags/tutorial_taskflow_api_virtualenv.py
[2026-03-01T14:18:01.900+0530] {processor.py:914} INFO - Processing file /home/jenny/.local/lib/python3.13/site-packages/airflow/example_dags/tutorial_taskflow_api_virtualenv.py for tasks to queue
[2026-03-01T14:18:01.903+0530] {logging_mixin.py:190} INFO - [2026-03-01T14:18:01.902+0530] {dagbag.py:588} INFO - Filling up the DagBag from /home/jenny/.local/lib/python3.13/site-packages/airflow/example_dags/tutorial_taskflow_api_virtualenv.py
[2026-03-01T14:18:01.905+0530] {logging_mixin.py:190} INFO - [2026-03-01T14:18:01.905+0530] {tutorial_taskflow_api_virtualenv.py:29} WARNING - The tutorial_taskflow_api_virtualenv example DAG requires virtualenv, please install it.
[2026-03-01T14:18:01.906+0530] {processor.py:927} WARNING - No viable dags retrieved from /home/jenny/.local/lib/python3.13/site-packages/airflow/example_dags/tutorial_taskflow_api_virtualenv.py
[2026-03-01T14:18:01.912+0530] {processor.py:208} INFO - Processing /home/jenny/.local/lib/python3.13/site-packages/airflow/example_dags/tutorial_taskflow_api_virtualenv.py took 0.018 seconds
[2026-03-01T14:19:04.129+0530] {processor.py:186} INFO - Started process (PID=216019) to work on /home/jenny/.local/lib/python3.13/site-packages/airflow/example_dags/tutorial_taskflow_api_virtualenv.py
[2026-03-01T14:19:04.130+0530] {processor.py:914} INFO - Processing file /home/jenny/.local/lib/python3.13/site-packages/airflow/example_dags/tutorial_taskflow_api_virtualenv.py for tasks to queue
[2026-03-01T14:19:04.133+0530] {logging_mixin.py:190} INFO - [2026-03-01T14:19:04.132+0530] {dagbag.py:588} INFO - Filling up the DagBag from /home/jenny/.local/lib/python3.13/site-packages/airflow/example_dags/tutorial_taskflow_api_virtualenv.py
[2026-03-01T14:19:04.135+0530] {logging_mixin.py:190} INFO - [2026-03-01T14:19:04.135+0530] {tutorial_taskflow_api_virtualenv.py:29} WARNING - The tutorial_taskflow_api_virtualenv example DAG requires virtualenv, please install it.
[2026-03-01T14:19:04.135+0530] {processor.py:927} WARNING - No viable dags retrieved from /home/jenny/.local/lib/python3.13/site-packages/airflow/example_dags/tutorial_taskflow_api_virtualenv.py
[2026-03-01T14:19:04.143+0530] {processor.py:208} INFO - Processing /home/jenny/.local/lib/python3.13/site-packages/airflow/example_dags/tutorial_taskflow_api_virtualenv.py took 0.017 seconds
[2026-03-01T14:20:02.046+0530] {processor.py:186} INFO - Started process (PID=216629) to work on /home/jenny/.local/lib/python3.13/site-packages/airflow/example_dags/tutorial_taskflow_api_virtualenv.py
[2026-03-01T14:20:02.047+0530] {processor.py:914} INFO - Processing file /home/jenny/.local/lib/python3.13/site-packages/airflow/example_dags/tutorial_taskflow_api_virtualenv.py for tasks to queue
[2026-03-01T14:20:02.049+0530] {logging_mixin.py:190} INFO - [2026-03-01T14:20:02.049+0530] {dagbag.py:588} INFO - Filling up the DagBag from /home/jenny/.local/lib/python3.13/site-packages/airflow/example_dags/tutorial_taskflow_api_virtualenv.py
[2026-03-01T14:20:02.052+0530] {logging_mixin.py:190} INFO - [2026-03-01T14:20:02.051+0530] {tutorial_taskflow_api_virtualenv.py:29} WARNING - The tutorial_taskflow_api_virtualenv example DAG requires virtualenv, please install it.
[2026-03-01T14:20:02.052+0530] {processor.py:927} WARNING - No viable dags retrieved from /home/jenny/.local/lib/python3.13/site-packages/airflow/example_dags/tutorial_taskflow_api_virtualenv.py
[2026-03-01T14:20:02.057+0530] {processor.py:208} INFO - Processing /home/jenny/.local/lib/python3.13/site-packages/airflow/example_dags/tutorial_taskflow_api_virtualenv.py took 0.015 seconds
[2026-03-01T14:20:58.726+0530] {processor.py:186} INFO - Started process (PID=216805) to work on /home/jenny/.local/lib/python3.13/site-packages/airflow/example_dags/tutorial_taskflow_api_virtualenv.py
[2026-03-01T14:20:58.727+0530] {processor.py:914} INFO - Processing file /home/jenny/.local/lib/python3.13/site-packages/airflow/example_dags/tutorial_taskflow_api_virtualenv.py for tasks to queue
[2026-03-01T14:20:58.729+0530] {logging_mixin.py:190} INFO - [2026-03-01T14:20:58.728+0530] {dagbag.py:588} INFO - Filling up the DagBag from /home/jenny/.local/lib/python3.13/site-packages/airflow/example_dags/tutorial_taskflow_api_virtualenv.py
[2026-03-01T14:20:58.731+0530] {logging_mixin.py:190} INFO - [2026-03-01T14:20:58.730+0530] {tutorial_taskflow_api_virtualenv.py:29} WARNING - The tutorial_taskflow_api_virtualenv example DAG requires virtualenv, please install it.
[2026-03-01T14:20:58.731+0530] {processor.py:927} WARNING - No viable dags retrieved from /home/jenny/.local/lib/python3.13/site-packages/airflow/example_dags/tutorial_taskflow_api_virtualenv.py
[2026-03-01T14:20:58.739+0530] {processor.py:208} INFO - Processing /home/jenny/.local/lib/python3.13/site-packages/airflow/example_dags/tutorial_taskflow_api_virtualenv.py took 0.016 seconds
[2026-03-01T14:21:55.800+0530] {processor.py:186} INFO - Started process (PID=216975) to work on /home/jenny/.local/lib/python3.13/site-packages/airflow/example_dags/tutorial_taskflow_api_virtualenv.py
[2026-03-01T14:21:55.802+0530] {processor.py:914} INFO - Processing file /home/jenny/.local/lib/python3.13/site-packages/airflow/example_dags/tutorial_taskflow_api_virtualenv.py for tasks to queue
[2026-03-01T14:21:55.804+0530] {logging_mixin.py:190} INFO - [2026-03-01T14:21:55.803+0530] {dagbag.py:588} INFO - Filling up the DagBag from /home/jenny/.local/lib/python3.13/site-packages/airflow/example_dags/tutorial_taskflow_api_virtualenv.py
[2026-03-01T14:21:55.806+0530] {logging_mixin.py:190} INFO - [2026-03-01T14:21:55.806+0530] {tutorial_taskflow_api_virtualenv.py:29} WARNING - The tutorial_taskflow_api_virtualenv example DAG requires virtualenv, please install it.
[2026-03-01T14:21:55.807+0530] {processor.py:927} WARNING - No viable dags retrieved from /home/jenny/.local/lib/python3.13/site-packages/airflow/example_dags/tutorial_taskflow_api_virtualenv.py
[2026-03-01T14:21:55.812+0530] {processor.py:208} INFO - Processing /home/jenny/.local/lib/python3.13/site-packages/airflow/example_dags/tutorial_taskflow_api_virtualenv.py took 0.016 seconds
[2026-03-01T14:22:49.553+0530] {processor.py:186} INFO - Started process (PID=218798) to work on /home/jenny/.local/lib/python3.13/site-packages/airflow/example_dags/tutorial_taskflow_api_virtualenv.py
[2026-03-01T14:22:49.554+0530] {processor.py:914} INFO - Processing file /home/jenny/.local/lib/python3.13/site-packages/airflow/example_dags/tutorial_taskflow_api_virtualenv.py for tasks to queue
[2026-03-01T14:22:49.555+0530] {logging_mixin.py:190} INFO - [2026-03-01T14:22:49.555+0530] {dagbag.py:588} INFO - Filling up the DagBag from /home/jenny/.local/lib/python3.13/site-packages/airflow/example_dags/tutorial_taskflow_api_virtualenv.py
[2026-03-01T14:22:49.557+0530] {logging_mixin.py:190} INFO - [2026-03-01T14:22:49.557+0530] {tutorial_taskflow_api_virtualenv.py:29} WARNING - The tutorial_taskflow_api_virtualenv example DAG requires virtualenv, please install it.
[2026-03-01T14:22:49.557+0530] {processor.py:927} WARNING - No viable dags retrieved from /home/jenny/.local/lib/python3.13/site-packages/airflow/example_dags/tutorial_taskflow_api_virtualenv.py
[2026-03-01T14:22:49.563+0530] {processor.py:208} INFO - Processing /home/jenny/.local/lib/python3.13/site-packages/airflow/example_dags/tutorial_taskflow_api_virtualenv.py took 0.013 seconds
[2026-03-01T14:23:45.497+0530] {processor.py:186} INFO - Started process (PID=219957) to work on /home/jenny/.local/lib/python3.13/site-packages/airflow/example_dags/tutorial_taskflow_api_virtualenv.py
[2026-03-01T14:23:45.498+0530] {processor.py:914} INFO - Processing file /home/jenny/.local/lib/python3.13/site-packages/airflow/example_dags/tutorial_taskflow_api_virtualenv.py for tasks to queue
[2026-03-01T14:23:45.500+0530] {logging_mixin.py:190} INFO - [2026-03-01T14:23:45.500+0530] {dagbag.py:588} INFO - Filling up the DagBag from /home/jenny/.local/lib/python3.13/site-packages/airflow/example_dags/tutorial_taskflow_api_virtualenv.py
[2026-03-01T14:23:45.503+0530] {logging_mixin.py:190} INFO - [2026-03-01T14:23:45.503+0530] {tutorial_taskflow_api_virtualenv.py:29} WARNING - The tutorial_taskflow_api_virtualenv example DAG requires virtualenv, please install it.
[2026-03-01T14:23:45.503+0530] {processor.py:927} WARNING - No viable dags retrieved from /home/jenny/.local/lib/python3.13/site-packages/airflow/example_dags/tutorial_taskflow_api_virtualenv.py
[2026-03-01T14:23:45.509+0530] {processor.py:208} INFO - Processing /home/jenny/.local/lib/python3.13/site-packages/airflow/example_dags/tutorial_taskflow_api_virtualenv.py took 0.015 seconds
[2026-03-01T14:24:46.274+0530] {processor.py:186} INFO - Started process (PID=220835) to work on /home/jenny/.local/lib/python3.13/site-packages/airflow/example_dags/tutorial_taskflow_api_virtualenv.py
[2026-03-01T14:24:46.275+0530] {processor.py:914} INFO - Processing file /home/jenny/.local/lib/python3.13/site-packages/airflow/example_dags/tutorial_taskflow_api_virtualenv.py for tasks to queue
[2026-03-01T14:24:46.277+0530] {logging_mixin.py:190} INFO - [2026-03-01T14:24:46.277+0530] {dagbag.py:588} INFO - Filling up the DagBag from /home/jenny/.local/lib/python3.13/site-packages/airflow/example_dags/tutorial_taskflow_api_virtualenv.py
[2026-03-01T14:24:46.280+0530] {logging_mixin.py:190} INFO - [2026-03-01T14:24:46.280+0530] {tutorial_taskflow_api_virtualenv.py:29} WARNING - The tutorial_taskflow_api_virtualenv example DAG requires virtualenv, please install it.
[2026-03-01T14:24:46.280+0530] {processor.py:927} WARNING - No viable dags retrieved from /home/jenny/.local/lib/python3.13/site-packages/airflow/example_dags/tutorial_taskflow_api_virtualenv.py
[2026-03-01T14:24:46.286+0530] {processor.py:208} INFO - Processing /home/jenny/.local/lib/python3.13/site-packages/airflow/example_dags/tutorial_taskflow_api_virtualenv.py took 0.018 seconds
[2026-03-01T14:26:02.061+0530] {processor.py:186} INFO - Started process (PID=225526) to work on /home/jenny/.local/lib/python3.13/site-packages/airflow/example_dags/tutorial_taskflow_api_virtualenv.py
[2026-03-01T14:26:02.062+0530] {processor.py:914} INFO - Processing file /home/jenny/.local/lib/python3.13/site-packages/airflow/example_dags/tutorial_taskflow_api_virtualenv.py for tasks to queue
[2026-03-01T14:26:02.065+0530] {logging_mixin.py:190} INFO - [2026-03-01T14:26:02.064+0530] {dagbag.py:588} INFO - Filling up the DagBag from /home/jenny/.local/lib/python3.13/site-packages/airflow/example_dags/tutorial_taskflow_api_virtualenv.py
[2026-03-01T14:26:02.067+0530] {logging_mixin.py:190} INFO - [2026-03-01T14:26:02.067+0530] {tutorial_taskflow_api_virtualenv.py:29} WARNING - The tutorial_taskflow_api_virtualenv example DAG requires virtualenv, please install it.
[2026-03-01T14:26:02.067+0530] {processor.py:927} WARNING - No viable dags retrieved from /home/jenny/.local/lib/python3.13/site-packages/airflow/example_dags/tutorial_taskflow_api_virtualenv.py
[2026-03-01T14:26:02.073+0530] {processor.py:208} INFO - Processing /home/jenny/.local/lib/python3.13/site-packages/airflow/example_dags/tutorial_taskflow_api_virtualenv.py took 0.017 seconds
[2026-03-01T14:26:58.821+0530] {processor.py:186} INFO - Started process (PID=226536) to work on /home/jenny/.local/lib/python3.13/site-packages/airflow/example_dags/tutorial_taskflow_api_virtualenv.py
[2026-03-01T14:26:58.822+0530] {processor.py:914} INFO - Processing file /home/jenny/.local/lib/python3.13/site-packages/airflow/example_dags/tutorial_taskflow_api_virtualenv.py for tasks to queue
[2026-03-01T14:26:58.825+0530] {logging_mixin.py:190} INFO - [2026-03-01T14:26:58.824+0530] {dagbag.py:588} INFO - Filling up the DagBag from /home/jenny/.local/lib/python3.13/site-packages/airflow/example_dags/tutorial_taskflow_api_virtualenv.py
[2026-03-01T14:26:58.827+0530] {logging_mixin.py:190} INFO - [2026-03-01T14:26:58.827+0530] {tutorial_taskflow_api_virtualenv.py:29} WARNING - The tutorial_taskflow_api_virtualenv example DAG requires virtualenv, please install it.
[2026-03-01T14:26:58.827+0530] {processor.py:927} WARNING - No viable dags retrieved from /home/jenny/.local/lib/python3.13/site-packages/airflow/example_dags/tutorial_taskflow_api_virtualenv.py
[2026-03-01T14:26:58.834+0530] {processor.py:208} INFO - Processing /home/jenny/.local/lib/python3.13/site-packages/airflow/example_dags/tutorial_taskflow_api_virtualenv.py took 0.018 seconds
