[2026-03-01T14:14:48.033+0530] {processor.py:186} INFO - Started process (PID=212731) to work on /home/jenny/.local/lib/python3.13/site-packages/airflow/example_dags/tutorial.py
[2026-03-01T14:14:48.034+0530] {processor.py:914} INFO - Processing file /home/jenny/.local/lib/python3.13/site-packages/airflow/example_dags/tutorial.py for tasks to queue
[2026-03-01T14:14:48.037+0530] {logging_mixin.py:190} INFO - [2026-03-01T14:14:48.036+0530] {dagbag.py:588} INFO - Filling up the DagBag from /home/jenny/.local/lib/python3.13/site-packages/airflow/example_dags/tutorial.py
[2026-03-01T14:14:48.044+0530] {processor.py:925} INFO - DAG(s) 'tutorial' retrieved from /home/jenny/.local/lib/python3.13/site-packages/airflow/example_dags/tutorial.py
[2026-03-01T14:14:48.116+0530] {logging_mixin.py:190} INFO - [2026-03-01T14:14:48.115+0530] {override.py:1932} INFO - Created Permission View: can read on DAG:tutorial
[2026-03-01T14:14:48.127+0530] {logging_mixin.py:190} INFO - [2026-03-01T14:14:48.127+0530] {override.py:1932} INFO - Created Permission View: can delete on DAG:tutorial
[2026-03-01T14:14:48.136+0530] {logging_mixin.py:190} INFO - [2026-03-01T14:14:48.135+0530] {override.py:1932} INFO - Created Permission View: can edit on DAG:tutorial
[2026-03-01T14:14:48.153+0530] {logging_mixin.py:190} INFO - [2026-03-01T14:14:48.152+0530] {override.py:1932} INFO - Created Permission View: can read on DAG Run:tutorial
[2026-03-01T14:14:48.162+0530] {logging_mixin.py:190} INFO - [2026-03-01T14:14:48.162+0530] {override.py:1932} INFO - Created Permission View: menu access on DAG Run:tutorial
[2026-03-01T14:14:48.172+0530] {logging_mixin.py:190} INFO - [2026-03-01T14:14:48.171+0530] {override.py:1932} INFO - Created Permission View: can create on DAG Run:tutorial
[2026-03-01T14:14:48.182+0530] {logging_mixin.py:190} INFO - [2026-03-01T14:14:48.182+0530] {override.py:1932} INFO - Created Permission View: can delete on DAG Run:tutorial
[2026-03-01T14:14:48.182+0530] {logging_mixin.py:190} INFO - [2026-03-01T14:14:48.182+0530] {dag.py:3239} INFO - Sync 1 DAGs
[2026-03-01T14:14:48.191+0530] {logging_mixin.py:190} INFO - [2026-03-01T14:14:48.191+0530] {dag.py:3262} INFO - Creating ORM DAG for tutorial
[2026-03-01T14:14:48.196+0530] {logging_mixin.py:190} INFO - [2026-03-01T14:14:48.195+0530] {dag.py:4180} INFO - Setting next_dagrun for tutorial to 2026-02-28 00:00:00+00:00, run_after=2026-03-01 00:00:00+00:00
[2026-03-01T14:14:48.210+0530] {processor.py:208} INFO - Processing /home/jenny/.local/lib/python3.13/site-packages/airflow/example_dags/tutorial.py took 0.182 seconds
[2026-03-01T14:15:52.279+0530] {processor.py:186} INFO - Started process (PID=213373) to work on /home/jenny/.local/lib/python3.13/site-packages/airflow/example_dags/tutorial.py
[2026-03-01T14:15:52.280+0530] {processor.py:914} INFO - Processing file /home/jenny/.local/lib/python3.13/site-packages/airflow/example_dags/tutorial.py for tasks to queue
[2026-03-01T14:15:52.282+0530] {logging_mixin.py:190} INFO - [2026-03-01T14:15:52.282+0530] {dagbag.py:588} INFO - Filling up the DagBag from /home/jenny/.local/lib/python3.13/site-packages/airflow/example_dags/tutorial.py
[2026-03-01T14:15:52.287+0530] {processor.py:925} INFO - DAG(s) 'tutorial' retrieved from /home/jenny/.local/lib/python3.13/site-packages/airflow/example_dags/tutorial.py
[2026-03-01T14:15:52.296+0530] {logging_mixin.py:190} INFO - [2026-03-01T14:15:52.296+0530] {dag.py:3239} INFO - Sync 1 DAGs
[2026-03-01T14:15:52.308+0530] {logging_mixin.py:190} INFO - [2026-03-01T14:15:52.308+0530] {dag.py:4180} INFO - Setting next_dagrun for tutorial to 2026-02-28 00:00:00+00:00, run_after=2026-03-01 00:00:00+00:00
[2026-03-01T14:15:52.326+0530] {processor.py:208} INFO - Processing /home/jenny/.local/lib/python3.13/site-packages/airflow/example_dags/tutorial.py took 0.051 seconds
[2026-03-01T14:16:48.495+0530] {processor.py:186} INFO - Started process (PID=214636) to work on /home/jenny/.local/lib/python3.13/site-packages/airflow/example_dags/tutorial.py
[2026-03-01T14:16:48.496+0530] {processor.py:914} INFO - Processing file /home/jenny/.local/lib/python3.13/site-packages/airflow/example_dags/tutorial.py for tasks to queue
[2026-03-01T14:16:48.497+0530] {logging_mixin.py:190} INFO - [2026-03-01T14:16:48.497+0530] {dagbag.py:588} INFO - Filling up the DagBag from /home/jenny/.local/lib/python3.13/site-packages/airflow/example_dags/tutorial.py
[2026-03-01T14:16:48.503+0530] {processor.py:925} INFO - DAG(s) 'tutorial' retrieved from /home/jenny/.local/lib/python3.13/site-packages/airflow/example_dags/tutorial.py
[2026-03-01T14:16:48.512+0530] {logging_mixin.py:190} INFO - [2026-03-01T14:16:48.512+0530] {dag.py:3239} INFO - Sync 1 DAGs
[2026-03-01T14:16:48.529+0530] {logging_mixin.py:190} INFO - [2026-03-01T14:16:48.529+0530] {dag.py:4180} INFO - Setting next_dagrun for tutorial to 2026-02-28 00:00:00+00:00, run_after=2026-03-01 00:00:00+00:00
[2026-03-01T14:16:48.545+0530] {processor.py:208} INFO - Processing /home/jenny/.local/lib/python3.13/site-packages/airflow/example_dags/tutorial.py took 0.053 seconds
[2026-03-01T14:17:40.585+0530] {processor.py:186} INFO - Started process (PID=215168) to work on /home/jenny/.local/lib/python3.13/site-packages/airflow/example_dags/tutorial.py
[2026-03-01T14:17:40.587+0530] {processor.py:914} INFO - Processing file /home/jenny/.local/lib/python3.13/site-packages/airflow/example_dags/tutorial.py for tasks to queue
[2026-03-01T14:17:40.590+0530] {logging_mixin.py:190} INFO - [2026-03-01T14:17:40.589+0530] {dagbag.py:588} INFO - Filling up the DagBag from /home/jenny/.local/lib/python3.13/site-packages/airflow/example_dags/tutorial.py
[2026-03-01T14:17:40.597+0530] {processor.py:925} INFO - DAG(s) 'tutorial' retrieved from /home/jenny/.local/lib/python3.13/site-packages/airflow/example_dags/tutorial.py
[2026-03-01T14:17:40.606+0530] {logging_mixin.py:190} INFO - [2026-03-01T14:17:40.606+0530] {dag.py:3239} INFO - Sync 1 DAGs
[2026-03-01T14:17:40.619+0530] {logging_mixin.py:190} INFO - [2026-03-01T14:17:40.619+0530] {dag.py:4180} INFO - Setting next_dagrun for tutorial to 2026-02-28 00:00:00+00:00, run_after=2026-03-01 00:00:00+00:00
[2026-03-01T14:17:40.635+0530] {processor.py:208} INFO - Processing /home/jenny/.local/lib/python3.13/site-packages/airflow/example_dags/tutorial.py took 0.055 seconds
[2026-03-01T14:18:05.899+0530] {processor.py:186} INFO - Started process (PID=215571) to work on /home/jenny/.local/lib/python3.13/site-packages/airflow/example_dags/tutorial.py
[2026-03-01T14:18:05.900+0530] {processor.py:914} INFO - Processing file /home/jenny/.local/lib/python3.13/site-packages/airflow/example_dags/tutorial.py for tasks to queue
[2026-03-01T14:18:05.903+0530] {logging_mixin.py:190} INFO - [2026-03-01T14:18:05.903+0530] {dagbag.py:588} INFO - Filling up the DagBag from /home/jenny/.local/lib/python3.13/site-packages/airflow/example_dags/tutorial.py
[2026-03-01T14:18:05.910+0530] {processor.py:925} INFO - DAG(s) 'tutorial' retrieved from /home/jenny/.local/lib/python3.13/site-packages/airflow/example_dags/tutorial.py
[2026-03-01T14:18:05.973+0530] {logging_mixin.py:190} INFO - [2026-03-01T14:18:05.973+0530] {dag.py:3239} INFO - Sync 1 DAGs
[2026-03-01T14:18:05.984+0530] {logging_mixin.py:190} INFO - [2026-03-01T14:18:05.984+0530] {dag.py:4180} INFO - Setting next_dagrun for tutorial to 2026-02-28 00:00:00+00:00, run_after=2026-03-01 00:00:00+00:00
[2026-03-01T14:18:05.999+0530] {processor.py:208} INFO - Processing /home/jenny/.local/lib/python3.13/site-packages/airflow/example_dags/tutorial.py took 0.106 seconds
[2026-03-01T14:19:07.941+0530] {processor.py:186} INFO - Started process (PID=216186) to work on /home/jenny/.local/lib/python3.13/site-packages/airflow/example_dags/tutorial.py
[2026-03-01T14:19:07.942+0530] {processor.py:914} INFO - Processing file /home/jenny/.local/lib/python3.13/site-packages/airflow/example_dags/tutorial.py for tasks to queue
[2026-03-01T14:19:07.945+0530] {logging_mixin.py:190} INFO - [2026-03-01T14:19:07.945+0530] {dagbag.py:588} INFO - Filling up the DagBag from /home/jenny/.local/lib/python3.13/site-packages/airflow/example_dags/tutorial.py
[2026-03-01T14:19:07.952+0530] {processor.py:925} INFO - DAG(s) 'tutorial' retrieved from /home/jenny/.local/lib/python3.13/site-packages/airflow/example_dags/tutorial.py
[2026-03-01T14:19:07.960+0530] {logging_mixin.py:190} INFO - [2026-03-01T14:19:07.960+0530] {dag.py:3239} INFO - Sync 1 DAGs
[2026-03-01T14:19:07.972+0530] {logging_mixin.py:190} INFO - [2026-03-01T14:19:07.972+0530] {dag.py:4180} INFO - Setting next_dagrun for tutorial to 2026-02-28 00:00:00+00:00, run_after=2026-03-01 00:00:00+00:00
[2026-03-01T14:19:07.991+0530] {processor.py:208} INFO - Processing /home/jenny/.local/lib/python3.13/site-packages/airflow/example_dags/tutorial.py took 0.055 seconds
[2026-03-01T14:20:06.720+0530] {processor.py:186} INFO - Started process (PID=216634) to work on /home/jenny/.local/lib/python3.13/site-packages/airflow/example_dags/tutorial.py
[2026-03-01T14:20:06.722+0530] {processor.py:914} INFO - Processing file /home/jenny/.local/lib/python3.13/site-packages/airflow/example_dags/tutorial.py for tasks to queue
[2026-03-01T14:20:06.725+0530] {logging_mixin.py:190} INFO - [2026-03-01T14:20:06.724+0530] {dagbag.py:588} INFO - Filling up the DagBag from /home/jenny/.local/lib/python3.13/site-packages/airflow/example_dags/tutorial.py
[2026-03-01T14:20:06.731+0530] {processor.py:925} INFO - DAG(s) 'tutorial' retrieved from /home/jenny/.local/lib/python3.13/site-packages/airflow/example_dags/tutorial.py
[2026-03-01T14:20:06.740+0530] {logging_mixin.py:190} INFO - [2026-03-01T14:20:06.740+0530] {dag.py:3239} INFO - Sync 1 DAGs
[2026-03-01T14:20:06.756+0530] {logging_mixin.py:190} INFO - [2026-03-01T14:20:06.756+0530] {dag.py:4180} INFO - Setting next_dagrun for tutorial to 2026-02-28 00:00:00+00:00, run_after=2026-03-01 00:00:00+00:00
[2026-03-01T14:20:06.772+0530] {processor.py:208} INFO - Processing /home/jenny/.local/lib/python3.13/site-packages/airflow/example_dags/tutorial.py took 0.057 seconds
[2026-03-01T14:21:03.399+0530] {processor.py:186} INFO - Started process (PID=216810) to work on /home/jenny/.local/lib/python3.13/site-packages/airflow/example_dags/tutorial.py
[2026-03-01T14:21:03.400+0530] {processor.py:914} INFO - Processing file /home/jenny/.local/lib/python3.13/site-packages/airflow/example_dags/tutorial.py for tasks to queue
[2026-03-01T14:21:03.402+0530] {logging_mixin.py:190} INFO - [2026-03-01T14:21:03.402+0530] {dagbag.py:588} INFO - Filling up the DagBag from /home/jenny/.local/lib/python3.13/site-packages/airflow/example_dags/tutorial.py
[2026-03-01T14:21:03.407+0530] {processor.py:925} INFO - DAG(s) 'tutorial' retrieved from /home/jenny/.local/lib/python3.13/site-packages/airflow/example_dags/tutorial.py
[2026-03-01T14:21:03.416+0530] {logging_mixin.py:190} INFO - [2026-03-01T14:21:03.416+0530] {dag.py:3239} INFO - Sync 1 DAGs
[2026-03-01T14:21:03.430+0530] {logging_mixin.py:190} INFO - [2026-03-01T14:21:03.430+0530] {dag.py:4180} INFO - Setting next_dagrun for tutorial to 2026-02-28 00:00:00+00:00, run_after=2026-03-01 00:00:00+00:00
[2026-03-01T14:21:03.446+0530] {processor.py:208} INFO - Processing /home/jenny/.local/lib/python3.13/site-packages/airflow/example_dags/tutorial.py took 0.054 seconds
[2026-03-01T14:21:59.049+0530] {processor.py:186} INFO - Started process (PID=217050) to work on /home/jenny/.local/lib/python3.13/site-packages/airflow/example_dags/tutorial.py
[2026-03-01T14:21:59.050+0530] {processor.py:914} INFO - Processing file /home/jenny/.local/lib/python3.13/site-packages/airflow/example_dags/tutorial.py for tasks to queue
[2026-03-01T14:21:59.052+0530] {logging_mixin.py:190} INFO - [2026-03-01T14:21:59.051+0530] {dagbag.py:588} INFO - Filling up the DagBag from /home/jenny/.local/lib/python3.13/site-packages/airflow/example_dags/tutorial.py
[2026-03-01T14:21:59.062+0530] {processor.py:925} INFO - DAG(s) 'tutorial' retrieved from /home/jenny/.local/lib/python3.13/site-packages/airflow/example_dags/tutorial.py
[2026-03-01T14:21:59.070+0530] {logging_mixin.py:190} INFO - [2026-03-01T14:21:59.070+0530] {dag.py:3239} INFO - Sync 1 DAGs
[2026-03-01T14:21:59.081+0530] {logging_mixin.py:190} INFO - [2026-03-01T14:21:59.081+0530] {dag.py:4180} INFO - Setting next_dagrun for tutorial to 2026-02-28 00:00:00+00:00, run_after=2026-03-01 00:00:00+00:00
[2026-03-01T14:21:59.107+0530] {processor.py:208} INFO - Processing /home/jenny/.local/lib/python3.13/site-packages/airflow/example_dags/tutorial.py took 0.062 seconds
[2026-03-01T14:22:52.537+0530] {processor.py:186} INFO - Started process (PID=218871) to work on /home/jenny/.local/lib/python3.13/site-packages/airflow/example_dags/tutorial.py
[2026-03-01T14:22:52.538+0530] {processor.py:914} INFO - Processing file /home/jenny/.local/lib/python3.13/site-packages/airflow/example_dags/tutorial.py for tasks to queue
[2026-03-01T14:22:52.541+0530] {logging_mixin.py:190} INFO - [2026-03-01T14:22:52.540+0530] {dagbag.py:588} INFO - Filling up the DagBag from /home/jenny/.local/lib/python3.13/site-packages/airflow/example_dags/tutorial.py
[2026-03-01T14:22:52.547+0530] {processor.py:925} INFO - DAG(s) 'tutorial' retrieved from /home/jenny/.local/lib/python3.13/site-packages/airflow/example_dags/tutorial.py
[2026-03-01T14:22:52.555+0530] {logging_mixin.py:190} INFO - [2026-03-01T14:22:52.555+0530] {dag.py:3239} INFO - Sync 1 DAGs
[2026-03-01T14:22:52.567+0530] {logging_mixin.py:190} INFO - [2026-03-01T14:22:52.567+0530] {dag.py:4180} INFO - Setting next_dagrun for tutorial to 2026-02-28 00:00:00+00:00, run_after=2026-03-01 00:00:00+00:00
[2026-03-01T14:22:52.599+0530] {processor.py:208} INFO - Processing /home/jenny/.local/lib/python3.13/site-packages/airflow/example_dags/tutorial.py took 0.068 seconds
