[2026-03-01T14:28:49.760+0530] {local_task_job_runner.py:123} INFO - ::group::Pre task execution logs
[2026-03-01T14:28:49.769+0530] {taskinstance.py:2631} INFO - Dependencies all met for dep_context=non-requeueable deps ti=<TaskInstance: ecommerce_sales_pipeline.run_etl manual__2026-03-01T08:58:39.474854+00:00 [queued]>
[2026-03-01T14:28:49.773+0530] {taskinstance.py:2631} INFO - Dependencies all met for dep_context=requeueable deps ti=<TaskInstance: ecommerce_sales_pipeline.run_etl manual__2026-03-01T08:58:39.474854+00:00 [queued]>
[2026-03-01T14:28:49.774+0530] {taskinstance.py:2884} INFO - Starting attempt 1 of 2
[2026-03-01T14:28:49.785+0530] {taskinstance.py:2907} INFO - Executing <Task(BashOperator): run_etl> on 2026-03-01 08:58:39.474854+00:00
[2026-03-01T14:28:49.791+0530] {logging_mixin.py:190} WARNING - /home/jenny/.local/lib/python3.13/site-packages/airflow/task/task_runner/standard_task_runner.py:70 DeprecationWarning: This process (pid=228757) is multi-threaded, use of fork() may lead to deadlocks in the child.
[2026-03-01T14:28:49.791+0530] {standard_task_runner.py:72} INFO - Started process 228773 to run task
[2026-03-01T14:28:49.791+0530] {standard_task_runner.py:104} INFO - Running: ['airflow', 'tasks', 'run', 'ecommerce_sales_pipeline', 'run_etl', 'manual__2026-03-01T08:58:39.474854+00:00', '--job-id', '14', '--raw', '--subdir', 'DAGS_FOLDER/ecommerce_pipeline_dag.py', '--cfg-path', '/tmp/tmp_ir9a2rw']
[2026-03-01T14:28:49.792+0530] {standard_task_runner.py:105} INFO - Job 14: Subtask run_etl
[2026-03-01T14:28:49.847+0530] {task_command.py:467} INFO - Running <TaskInstance: ecommerce_sales_pipeline.run_etl manual__2026-03-01T08:58:39.474854+00:00 [running]> on host fedora
[2026-03-01T14:28:49.923+0530] {taskinstance.py:3157} INFO - Exporting env vars: AIRFLOW_CTX_DAG_OWNER='data_engineering' AIRFLOW_CTX_DAG_ID='ecommerce_sales_pipeline' AIRFLOW_CTX_TASK_ID='run_etl' AIRFLOW_CTX_EXECUTION_DATE='2026-03-01T08:58:39.474854+00:00' AIRFLOW_CTX_TRY_NUMBER='1' AIRFLOW_CTX_DAG_RUN_ID='manual__2026-03-01T08:58:39.474854+00:00'
[2026-03-01T14:28:49.924+0530] {logging_mixin.py:190} INFO - Task instance is in running state
[2026-03-01T14:28:49.925+0530] {logging_mixin.py:190} INFO -  Previous state of the Task instance: queued
[2026-03-01T14:28:49.925+0530] {logging_mixin.py:190} INFO - Current task name:run_etl state:running start_date:2026-03-01 08:58:49.769751+00:00
[2026-03-01T14:28:49.925+0530] {logging_mixin.py:190} INFO - Dag name:ecommerce_sales_pipeline and current dag run status:running
[2026-03-01T14:28:49.926+0530] {taskinstance.py:740} INFO - ::endgroup::
[2026-03-01T14:28:49.927+0530] {subprocess.py:78} INFO - Tmp dir root location: /tmp
[2026-03-01T14:28:49.928+0530] {subprocess.py:88} INFO - Running command: ['/usr/bin/bash', '-c', 'spark-submit --jars /home/jenny/Documents/2nd-sem/data-engineering/ecommerce-pipeline/jars/postgresql-42.7.3.jar /home/jenny/Documents/2nd-sem/data-engineering/ecommerce-pipeline/scripts/etl_spark.py']
[2026-03-01T14:28:49.944+0530] {subprocess.py:99} INFO - Output:
[2026-03-01T14:28:51.453+0530] {subprocess.py:106} INFO - 26/03/01 14:28:51 WARN NativeCodeLoader: Unable to load native-hadoop library for your platform... using builtin-java classes where applicable
[2026-03-01T14:28:52.215+0530] {subprocess.py:106} INFO - 26/03/01 14:28:52 INFO SparkContext: Running Spark version 3.5.0
[2026-03-01T14:28:52.216+0530] {subprocess.py:106} INFO - 26/03/01 14:28:52 INFO SparkContext: OS info Linux, 6.13.11-200.fc41.x86_64, amd64
[2026-03-01T14:28:52.216+0530] {subprocess.py:106} INFO - 26/03/01 14:28:52 INFO SparkContext: Java version 21.0.8
[2026-03-01T14:28:52.237+0530] {subprocess.py:106} INFO - 26/03/01 14:28:52 INFO ResourceUtils: ==============================================================
[2026-03-01T14:28:52.237+0530] {subprocess.py:106} INFO - 26/03/01 14:28:52 INFO ResourceUtils: No custom resources configured for spark.driver.
[2026-03-01T14:28:52.237+0530] {subprocess.py:106} INFO - 26/03/01 14:28:52 INFO ResourceUtils: ==============================================================
[2026-03-01T14:28:52.238+0530] {subprocess.py:106} INFO - 26/03/01 14:28:52 INFO SparkContext: Submitted application: EcommercePipeline
[2026-03-01T14:28:52.255+0530] {subprocess.py:106} INFO - 26/03/01 14:28:52 INFO ResourceProfile: Default ResourceProfile created, executor resources: Map(cores -> name: cores, amount: 1, script: , vendor: , memory -> name: memory, amount: 1024, script: , vendor: , offHeap -> name: offHeap, amount: 0, script: , vendor: ), task resources: Map(cpus -> name: cpus, amount: 1.0)
[2026-03-01T14:28:52.263+0530] {subprocess.py:106} INFO - 26/03/01 14:28:52 INFO ResourceProfile: Limiting resource is cpu
[2026-03-01T14:28:52.263+0530] {subprocess.py:106} INFO - 26/03/01 14:28:52 INFO ResourceProfileManager: Added ResourceProfile id: 0
[2026-03-01T14:28:52.301+0530] {subprocess.py:106} INFO - 26/03/01 14:28:52 INFO SecurityManager: Changing view acls to: jenny
[2026-03-01T14:28:52.301+0530] {subprocess.py:106} INFO - 26/03/01 14:28:52 INFO SecurityManager: Changing modify acls to: jenny
[2026-03-01T14:28:52.301+0530] {subprocess.py:106} INFO - 26/03/01 14:28:52 INFO SecurityManager: Changing view acls groups to:
[2026-03-01T14:28:52.302+0530] {subprocess.py:106} INFO - 26/03/01 14:28:52 INFO SecurityManager: Changing modify acls groups to:
[2026-03-01T14:28:52.302+0530] {subprocess.py:106} INFO - 26/03/01 14:28:52 INFO SecurityManager: SecurityManager: authentication disabled; ui acls disabled; users with view permissions: jenny; groups with view permissions: EMPTY; users with modify permissions: jenny; groups with modify permissions: EMPTY
[2026-03-01T14:28:52.461+0530] {subprocess.py:106} INFO - 26/03/01 14:28:52 INFO Utils: Successfully started service 'sparkDriver' on port 40755.
[2026-03-01T14:28:52.480+0530] {subprocess.py:106} INFO - 26/03/01 14:28:52 INFO SparkEnv: Registering MapOutputTracker
[2026-03-01T14:28:52.515+0530] {subprocess.py:106} INFO - 26/03/01 14:28:52 INFO SparkEnv: Registering BlockManagerMaster
[2026-03-01T14:28:52.535+0530] {subprocess.py:106} INFO - 26/03/01 14:28:52 INFO BlockManagerMasterEndpoint: Using org.apache.spark.storage.DefaultTopologyMapper for getting topology information
[2026-03-01T14:28:52.535+0530] {subprocess.py:106} INFO - 26/03/01 14:28:52 INFO BlockManagerMasterEndpoint: BlockManagerMasterEndpoint up
[2026-03-01T14:28:52.539+0530] {subprocess.py:106} INFO - 26/03/01 14:28:52 INFO SparkEnv: Registering BlockManagerMasterHeartbeat
[2026-03-01T14:28:52.558+0530] {subprocess.py:106} INFO - 26/03/01 14:28:52 INFO DiskBlockManager: Created local directory at /tmp/blockmgr-f3ec6972-b5c9-4db1-8437-44bbd4a1ad42
[2026-03-01T14:28:52.570+0530] {subprocess.py:106} INFO - 26/03/01 14:28:52 INFO MemoryStore: MemoryStore started with capacity 434.4 MiB
[2026-03-01T14:28:52.586+0530] {subprocess.py:106} INFO - 26/03/01 14:28:52 INFO SparkEnv: Registering OutputCommitCoordinator
[2026-03-01T14:28:52.714+0530] {subprocess.py:106} INFO - 26/03/01 14:28:52 INFO JettyUtils: Start Jetty 0.0.0.0:4040 for SparkUI
[2026-03-01T14:28:52.786+0530] {subprocess.py:106} INFO - 26/03/01 14:28:52 INFO Utils: Successfully started service 'SparkUI' on port 4040.
[2026-03-01T14:28:52.817+0530] {subprocess.py:106} INFO - 26/03/01 14:28:52 INFO SparkContext: Added JAR file:///home/jenny/Documents/2nd-sem/data-engineering/ecommerce-pipeline/jars/postgresql-42.7.3.jar at spark://fedora:40755/jars/postgresql-42.7.3.jar with timestamp 1772355532210
[2026-03-01T14:28:52.868+0530] {subprocess.py:106} INFO - 26/03/01 14:28:52 INFO Executor: Starting executor ID driver on host fedora
[2026-03-01T14:28:52.869+0530] {subprocess.py:106} INFO - 26/03/01 14:28:52 INFO Executor: OS info Linux, 6.13.11-200.fc41.x86_64, amd64
[2026-03-01T14:28:52.869+0530] {subprocess.py:106} INFO - 26/03/01 14:28:52 INFO Executor: Java version 21.0.8
[2026-03-01T14:28:52.874+0530] {subprocess.py:106} INFO - 26/03/01 14:28:52 INFO Executor: Starting executor with user classpath (userClassPathFirst = false): ''
[2026-03-01T14:28:52.875+0530] {subprocess.py:106} INFO - 26/03/01 14:28:52 INFO Executor: Created or updated repl class loader org.apache.spark.util.MutableURLClassLoader@fda2e8e for default.
[2026-03-01T14:28:52.883+0530] {subprocess.py:106} INFO - 26/03/01 14:28:52 INFO Executor: Fetching spark://fedora:40755/jars/postgresql-42.7.3.jar with timestamp 1772355532210
[2026-03-01T14:28:52.918+0530] {subprocess.py:106} INFO - 26/03/01 14:28:52 INFO TransportClientFactory: Successfully created connection to fedora/192.168.1.6:40755 after 17 ms (0 ms spent in bootstraps)
[2026-03-01T14:28:52.924+0530] {subprocess.py:106} INFO - 26/03/01 14:28:52 INFO Utils: Fetching spark://fedora:40755/jars/postgresql-42.7.3.jar to /tmp/spark-3c469079-587e-4eb2-bc5f-ae4ed78922bf/userFiles-8eb1e3b6-d836-4fab-933f-ece3aaebf360/fetchFileTemp3298282769124918274.tmp
[2026-03-01T14:28:52.950+0530] {subprocess.py:106} INFO - 26/03/01 14:28:52 INFO Executor: Adding file:/tmp/spark-3c469079-587e-4eb2-bc5f-ae4ed78922bf/userFiles-8eb1e3b6-d836-4fab-933f-ece3aaebf360/postgresql-42.7.3.jar to class loader default
[2026-03-01T14:28:52.958+0530] {subprocess.py:106} INFO - 26/03/01 14:28:52 INFO Utils: Successfully started service 'org.apache.spark.network.netty.NettyBlockTransferService' on port 42515.
[2026-03-01T14:28:52.958+0530] {subprocess.py:106} INFO - 26/03/01 14:28:52 INFO NettyBlockTransferService: Server created on fedora:42515
[2026-03-01T14:28:52.959+0530] {subprocess.py:106} INFO - 26/03/01 14:28:52 INFO BlockManager: Using org.apache.spark.storage.RandomBlockReplicationPolicy for block replication policy
[2026-03-01T14:28:52.964+0530] {subprocess.py:106} INFO - 26/03/01 14:28:52 INFO BlockManagerMaster: Registering BlockManager BlockManagerId(driver, fedora, 42515, None)
[2026-03-01T14:28:52.968+0530] {subprocess.py:106} INFO - 26/03/01 14:28:52 INFO BlockManagerMasterEndpoint: Registering block manager fedora:42515 with 434.4 MiB RAM, BlockManagerId(driver, fedora, 42515, None)
[2026-03-01T14:28:52.970+0530] {subprocess.py:106} INFO - 26/03/01 14:28:52 INFO BlockManagerMaster: Registered BlockManager BlockManagerId(driver, fedora, 42515, None)
[2026-03-01T14:28:52.972+0530] {subprocess.py:106} INFO - 26/03/01 14:28:52 INFO BlockManager: Initialized BlockManager: BlockManagerId(driver, fedora, 42515, None)
[2026-03-01T14:28:53.276+0530] {subprocess.py:106} INFO - === Reading bronze layer ===
[2026-03-01T14:28:56.178+0530] {subprocess.py:106} INFO - 
[2026-03-01T14:28:56.179+0530] {subprocess.py:106} INFO - === Silver layer: cleaning ===
[2026-03-01T14:29:00.569+0530] {subprocess.py:106} INFO - 26/03/01 14:29:00 WARN MemoryManager: Total allocation exceeds 95.00% (1,020,054,720 bytes) of heap memory
[2026-03-01T14:29:00.569+0530] {subprocess.py:106} INFO - Scaling row group sizes to 95.00% for 8 writers
[2026-03-01T14:29:02.092+0530] {subprocess.py:106} INFO -   Silver written: /home/jenny/Documents/2nd-sem/data-engineering/ecommerce-pipeline/data_lake/silver/customers  (99441 rows)
[2026-03-01T14:29:03.340+0530] {subprocess.py:106} INFO - 26/03/01 14:29:03 WARN MemoryManager: Total allocation exceeds 95.00% (1,020,054,720 bytes) of heap memory
[2026-03-01T14:29:03.341+0530] {subprocess.py:106} INFO - Scaling row group sizes to 95.00% for 8 writers
[2026-03-01T14:29:04.350+0530] {subprocess.py:106} INFO - 26/03/01 14:29:04 WARN GarbageCollectionMetrics: To enable non-built-in garbage collector(s) List(G1 Concurrent GC), users should configure it(them) to spark.eventLog.gcMetrics.youngGenerationGarbageCollectors or spark.eventLog.gcMetrics.oldGenerationGarbageCollectors
[2026-03-01T14:29:05.215+0530] {subprocess.py:106} INFO -   Silver written: /home/jenny/Documents/2nd-sem/data-engineering/ecommerce-pipeline/data_lake/silver/orders  (99441 rows)
[2026-03-01T14:29:06.323+0530] {subprocess.py:106} INFO - 26/03/01 14:29:06 WARN MemoryManager: Total allocation exceeds 95.00% (1,020,054,720 bytes) of heap memory
[2026-03-01T14:29:06.323+0530] {subprocess.py:106} INFO - Scaling row group sizes to 95.00% for 8 writers
[2026-03-01T14:29:07.334+0530] {subprocess.py:106} INFO -   Silver written: /home/jenny/Documents/2nd-sem/data-engineering/ecommerce-pipeline/data_lake/silver/order_items  (112650 rows)
[2026-03-01T14:29:08.786+0530] {subprocess.py:106} INFO -   Silver written: /home/jenny/Documents/2nd-sem/data-engineering/ecommerce-pipeline/data_lake/silver/payments  (103886 rows)
[2026-03-01T14:29:09.697+0530] {subprocess.py:106} INFO - 26/03/01 14:29:09 WARN MemoryManager: Total allocation exceeds 95.00% (1,020,054,720 bytes) of heap memory
[2026-03-01T14:29:09.698+0530] {subprocess.py:106} INFO - Scaling row group sizes to 95.00% for 8 writers
[2026-03-01T14:29:10.377+0530] {subprocess.py:106} INFO -   Silver written: /home/jenny/Documents/2nd-sem/data-engineering/ecommerce-pipeline/data_lake/silver/reviews  (98410 rows)
[2026-03-01T14:29:11.692+0530] {subprocess.py:106} INFO -   Silver written: /home/jenny/Documents/2nd-sem/data-engineering/ecommerce-pipeline/data_lake/silver/products  (32951 rows)
[2026-03-01T14:29:12.177+0530] {subprocess.py:106} INFO -   Silver written: /home/jenny/Documents/2nd-sem/data-engineering/ecommerce-pipeline/data_lake/silver/sellers  (3095 rows)
[2026-03-01T14:29:12.178+0530] {subprocess.py:106} INFO - 
[2026-03-01T14:29:12.178+0530] {subprocess.py:106} INFO - === Gold layer: loading dimensions ===
[2026-03-01T14:29:13.557+0530] {subprocess.py:106} INFO -   Dimension upserted: dim_date
[2026-03-01T14:29:16.997+0530] {subprocess.py:106} INFO -   Dimension upserted: dim_customer
[2026-03-01T14:29:18.065+0530] {subprocess.py:106} INFO -   Dimension upserted: dim_product
[2026-03-01T14:29:18.353+0530] {subprocess.py:106} INFO -   Dimension upserted: dim_seller
[2026-03-01T14:29:18.354+0530] {subprocess.py:106} INFO - 
[2026-03-01T14:29:18.355+0530] {subprocess.py:106} INFO - === Gold layer: loading fact table ===
[2026-03-01T14:29:26.756+0530] {subprocess.py:106} INFO -   Fact table loaded: fact_sales
[2026-03-01T14:29:27.173+0530] {subprocess.py:106} INFO - 
[2026-03-01T14:29:27.174+0530] {subprocess.py:106} INFO - ETL complete.
[2026-03-01T14:29:27.324+0530] {subprocess.py:110} INFO - Command exited with return code 0
[2026-03-01T14:29:27.343+0530] {taskinstance.py:349} INFO - ::group::Post task execution logs
[2026-03-01T14:29:27.343+0530] {taskinstance.py:361} INFO - Marking task as SUCCESS. dag_id=ecommerce_sales_pipeline, task_id=run_etl, run_id=manual__2026-03-01T08:58:39.474854+00:00, execution_date=20260301T085839, start_date=20260301T085849, end_date=20260301T085927
[2026-03-01T14:29:27.369+0530] {logging_mixin.py:190} INFO - Task instance in success state
[2026-03-01T14:29:27.370+0530] {logging_mixin.py:190} INFO -  Previous state of the Task instance: running
[2026-03-01T14:29:27.370+0530] {logging_mixin.py:190} INFO - Dag name:ecommerce_sales_pipeline queued_at:2026-03-01 08:58:39.489305+00:00
[2026-03-01T14:29:27.371+0530] {logging_mixin.py:190} INFO - Task hostname:fedora operator:BashOperator
[2026-03-01T14:29:27.420+0530] {local_task_job_runner.py:266} INFO - Task exited with return code 0
[2026-03-01T14:29:27.435+0530] {taskinstance.py:3924} INFO - 0 downstream tasks scheduled from follow-on schedule check
[2026-03-01T14:29:27.436+0530] {local_task_job_runner.py:245} INFO - ::endgroup::
